Query:
performedDatetime: 2014-06-24 11:43:01  0000
action: get_text

=====
Response:
{"action":"get_text","code":0,"data":"","performedDatetime":"2014-06-24T11:43:01Z","authStatus":"10"}
=====


q2: 
 auth: 0 
=====
Query:
performedDatetime: 2014-06-24 11:43:07  0000
action: get_goods_data
sklad_user: Гость
appleId: 2B642029-FCE5-4CF9-BF68-FAD554A0899C
sklad_hash: 3148926315ffef9ebcb4b26faab6f4d3
searchTerm: Ввг
resultsFrom: 0
sort: 0
cityFilter: 

=====
Response:
{"action":"get_goods_data","searchTerm":"\u0412\u0432\u0433","resultsFrom":0,"sort":0,"cityFilter":"","code":0,"resultsCount":"10735","lastPage":0,"data":[{"name":"NYCWY 0,6\/1\u043a\u0412 3\u044510RE10 - \u0412\u0412\u0413\u042d 3\u044510\/10","amount":"0,246","amount_parts":"","unit":"\u043a\u043c","city":"\u0415\u043a\u0430\u0442\u0435\u0440\u0438\u043d\u0431\u0443\u0440\u0433","company_id":"8500","company_name":"\u041e\u041e\u041e \u041c\u0435\u0436\u0440\u0435\u0433\u0438\u043e\u043d\u0430\u043b\u044c\u043d\u0430\u044f \u043a\u0430\u0431\u0435\u043b\u044c\u043d\u0430\u044f \u043a\u043e\u043c\u043f\u0430\u043d\u0438\u044f"},{"name":"\u0412\u0412\u0413 - 0,66 2\u04451,5 \u043f\u043b.","amount":"0,515","amount_parts":"0,1; 0,415; ","unit":"\u043a\u043c","city":"\u041d\u0438\u0436\u043d\u0438\u0439 \u041d\u043e\u0432\u0433\u043e\u0440\u043e\u0434","company_id":"22212","company_name":"\u041e\u041e\u041e \u042d\u0422\u041a \"\u0422\u043e\u043b\u0435\u0434\u043e\""},{"name":"\u0412\u0412\u0413 - 0,66 2\u04452,5 \u043f\u043b.","amount":"28,624","amount_parts":"26,736; 1,888; ","unit":"\u043a\u043c","city":"\u041d\u0438\u0436\u043d\u0438\u0439 \u041d\u043e\u0432\u0433\u043e\u0440\u043e\u0434","company_id":"22212","company_name":"\u041e\u041e\u041e \u042d\u0422\u041a \"\u0422\u043e\u043b\u0435\u0434\u043e\""},{"name":"\u0412\u0412\u0413 - 0,66 2\u04454 \u043f\u043b.","amount":"0,097","amount_parts":"","unit":"\u043a\u043c","city":"\u041d\u0438\u0436\u043d\u0438\u0439 \u041d\u043e\u0432\u0433\u043e\u0440\u043e\u0434","company_id":"22212","company_name":"\u041e\u041e\u041e \u042d\u0422\u041a \"\u0422\u043e\u043b\u0435\u0434\u043e\""},{"name":"\u0412\u0412\u0413 - 0,66 2\u04456 \u043f\u043b.","amount":"1,703","amount_parts":"","unit":"\u043a\u043c","city":"\u041d\u0438\u0436\u043d\u0438\u0439 \u041d\u043e\u0432\u0433\u043e\u0440\u043e\u0434","company_id":"22212","company_name":"\u041e\u041e\u041e \u042d\u0422\u041a \"\u0422\u043e\u043b\u0435\u0434\u043e\""},{"name":"\u0412\u0412\u0413 - 0,66 3\u04451,5 \u0431\u0435\u043b\u044b\u0439 \u043f\u043b.","amount":"15,142","amount_parts":"","unit":"\u043a\u043c","city":"\u041d\u0438\u0436\u043d\u0438\u0439 \u041d\u043e\u0432\u0433\u043e\u0440\u043e\u0434","company_id":"22212","company_name":"\u041e\u041e\u041e \u042d\u0422\u041a \"\u0422\u043e\u043b\u0435\u0434\u043e\""},{"name":"\u0412\u0412\u0413 - 0,66 3\u04451,5 \u043f\u043b.","amount":"25,726","amount_parts":"10,117; 15,609; ","unit":"\u043a\u043c","city":"\u041d\u0438\u0436\u043d\u0438\u0439 \u041d\u043e\u0432\u0433\u043e\u0440\u043e\u0434","company_id":"22212","company_name":"\u041e\u041e\u041e \u042d\u0422\u041a \"\u0422\u043e\u043b\u0435\u0434\u043e\""},{"name":"\u0412\u0412\u0413 - 0,66 3\u04452,5 \u043f\u043b.","amount":"73,847","amount_parts":"50,897; 22,95; ","unit":"\u043a\u043c","city":"\u041d\u0438\u0436\u043d\u0438\u0439 \u041d\u043e\u0432\u0433\u043e\u0440\u043e\u0434","company_id":"22212","company_name":"\u041e\u041e\u041e \u042d\u0422\u041a \"\u0422\u043e\u043b\u0435\u0434\u043e\""},{"name":"\u0412\u0412\u0413 - 0,66 3\u04454 \u043f\u043b.","amount":"7,2","amount_parts":"5,309; 1,891; ","unit":"\u043a\u043c","city":"\u041d\u0438\u0436\u043d\u0438\u0439 \u041d\u043e\u0432\u0433\u043e\u0440\u043e\u0434","company_id":"22212","company_name":"\u041e\u041e\u041e \u042d\u0422\u041a \"\u0422\u043e\u043b\u0435\u0434\u043e\""},{"name":"\u0412\u0412\u0413 - 0,66 3\u04456 \u043f\u043b.","amount":"12,434","amount_parts":"5,163; 7,271; ","unit":"\u043a\u043c","city":"\u041d\u0438\u0436\u043d\u0438\u0439 \u041d\u043e\u0432\u0433\u043e\u0440\u043e\u0434","company_id":"22212","company_name":"\u041e\u041e\u041e \u042d\u0422\u041a \"\u0422\u043e\u043b\u0435\u0434\u043e\""},{"name":"\u0412\u0412\u0413 - 0,66 4\u04451,5","amount":"2,049","amount_parts":"","unit":"\u043a\u043c","city":"\u041d\u0438\u0436\u043d\u0438\u0439 \u041d\u043e\u0432\u0433\u043e\u0440\u043e\u0434","company_id":"22212","company_name":"\u041e\u041e\u041e \u042d\u0422\u041a \"\u0422\u043e\u043b\u0435\u0434\u043e\""},{"name":"\u0412\u0412\u0413 - 0,66 4\u04452,5","amount":"5,291","amount_parts":"4,299; 0,992; ","unit":"\u043a\u043c","city":"\u041d\u0438\u0436\u043d\u0438\u0439 \u041d\u043e\u0432\u0433\u043e\u0440\u043e\u0434","company_id":"22212","company_name":"\u041e\u041e\u041e \u042d\u0422\u041a \"\u0422\u043e\u043b\u0435\u0434\u043e\""},{"name":"\u0412\u0412\u0413 - 0,66 4\u04454","amount":"7,273","amount_parts":"6,321; 0,952; ","unit":"\u043a\u043c","city":"\u041d\u0438\u0436\u043d\u0438\u0439 \u041d\u043e\u0432\u0433\u043e\u0440\u043e\u0434","company_id":"22212","company_name":"\u041e\u041e\u041e \u042d\u0422\u041a \"\u0422\u043e\u043b\u0435\u0434\u043e\""},{"name":"\u0412\u0412\u0413 - 0,66 4\u04456","amount":"6,163","amount_parts":"4,92; 1,243; ","unit":"\u043a\u043c","city":"\u041d\u0438\u0436\u043d\u0438\u0439 \u041d\u043e\u0432\u0433\u043e\u0440\u043e\u0434","company_id":"22212","company_name":"\u041e\u041e\u041e \u042d\u0422\u041a \"\u0422\u043e\u043b\u0435\u0434\u043e\""},{"name":"\u0412\u0412\u0413 - 0,66 5\u04451,5","amount":"0,504","amount_parts":"0,14; 0,364; ","unit":"\u043a\u043c","city":"\u041d\u0438\u0436\u043d\u0438\u0439 \u041d\u043e\u0432\u0433\u043e\u0440\u043e\u0434","company_id":"22212","company_name":"\u041e\u041e\u041e \u042d\u0422\u041a \"\u0422\u043e\u043b\u0435\u0434\u043e\""},{"name":"\u0412\u0412\u0413 - 0,66 5\u04452,5","amount":"2,084","amount_parts":"0,134; 1,95; ","unit":"\u043a\u043c","city":"\u041d\u0438\u0436\u043d\u0438\u0439 \u041d\u043e\u0432\u0433\u043e\u0440\u043e\u0434","company_id":"22212","company_name":"\u041e\u041e\u041e \u042d\u0422\u041a \"\u0422\u043e\u043b\u0435\u0434\u043e\""},{"name":"\u0412\u0412\u0413 - 0,66 5\u04454","amount":"3,313","amount_parts":"2,524; 0,789; ","unit":"\u043a\u043c","city":"\u041d\u0438\u0436\u043d\u0438\u0439 \u041d\u043e\u0432\u0433\u043e\u0440\u043e\u0434","company_id":"22212","company_name":"\u041e\u041e\u041e \u042d\u0422\u041a \"\u0422\u043e\u043b\u0435\u0434\u043e\""},{"name":"\u0412\u0412\u0413 - 0,66 5\u04456","amount":"3,312","amount_parts":"3,028; 0,284; ","unit":"\u043a\u043c","city":"\u041d\u0438\u0436\u043d\u0438\u0439 \u041d\u043e\u0432\u0433\u043e\u0440\u043e\u0434","company_id":"22212","company_name":"\u041e\u041e\u041e \u042d\u0422\u041a \"\u0422\u043e\u043b\u0435\u0434\u043e\""},{"name":"\u0412\u0412\u0413 -1\u043a\u0432 2\u04452,5 1\u043a\u0432","amount":"3,71","amount_parts":"","unit":"\u043a\u043c","city":"\u041c\u043e\u0441\u043a\u0432\u0430","company_id":"15976","company_name":"\u041e\u041e\u041e \u041a\u0430\u0431\u0435\u043b\u044c\u043d\u0430\u044f \u043a\u043e\u043c\u043f\u0430\u043d\u0438\u044f \u042d\u0420\u041c\u0410\u041d\u041e"},{"name":"\u0412\u0412\u0413 0,66\u043a\u0412 3\u04452,5","amount":"0,01","amount_parts":"","unit":"\u043a\u043c","city":"\u0427\u0435\u0431\u043e\u043a\u0441\u0430\u0440\u044b","company_id":"18400","company_name":"\u041e\u041e\u041e \u0414\u0438\u0430\u0434\u0430"}],"performedDatetime":"2014-06-24T11:43:06Z","authStatus":"0","accessDateEnd":""}
=====

select s.id, s.comp_id, s.title, s.quant, s.unit_id, s.comments, s.city from
		sklad_tovar s where visible=1 and (title like 'Ввг%' or title like '% Ввг%') order by  s.title LIMIT 0, 20
q2: select count(id) from sklad_tovar s where visible=1 and (title like 'Ввг%' or title like '% Ввг%')
 auth: 100 
=====
Query:
performedDatetime: 2014-06-24 11:43:09  0000
action: get_company_data
sklad_user: Гость
appleId: 2B642029-FCE5-4CF9-BF68-FAD554A0899C
sklad_hash: 3148926315ffef9ebcb4b26faab6f4d3
company_id: 22212

=====
Response:
{"action":"get_company_data","code":0,"data":{"company_id":22212,"title":"\u041e\u041e\u041e \u042d\u0422\u041a \"\u0422\u043e\u043b\u0435\u0434\u043e\"","city":"\u041d\u0438\u0436\u043d\u0438\u0439 \u041d\u043e\u0432\u0433\u043e\u0440\u043e\u0434","address":"\u041d.\u041d\u043e\u0432\u0433\u043e\u0440\u043e\u0434, \u0421\u043e\u0440\u043c\u043e\u0432\u0441\u043a\u043e\u0435 \u0448\u043e\u0441\u0441\u0435, \u0434.24, \u043a\u043e\u0440\u043f. 23","phone":"9050130037","email":"andrey367182@mail.ru","url":"http:\/\/www.toledo-nn.com\/","contact":"\u041a\u0443\u0441\u043a\u043e\u0432 \u0410\u043d\u0434\u0440\u0435\u0439 \u041f\u0430\u0432\u043b\u043e\u0432\u0438\u0447","goods_count":"674","last_update":"16.06.2014"},"performedDatetime":"2014-06-24T11:43:08Z","authStatus":"0","accessDateEnd":""}
=====

select distinct city from sklad_tovar where comp_id= and city!='' order by city
q2: 
 auth: 100 
=====
