Query:
sklad_user: pda
appleId: pda
action: check_user_rights

=====
Response:
{"action":"check_user_rights","code":0,"performedDatetime":"2014-11-24T21:02:35Z","authStatus":"10"}
=====


q2: 
 auth: 0 
=====
Query:
sklad_user: 
appleId: 123456
action: check_user_rights

=====
Response:
{"action":"check_user_rights","code":0,"performedDatetime":"2014-11-24T21:16:46Z","authStatus":"10"}
=====


q2: 
 auth: 0 
=====
Query:
sklad_user: com 
appleId: gja
action: check_user_rights

=====
Response:
{"action":"check_user_rights","code":0,"performedDatetime":"2014-11-24T21:22:01Z","authStatus":"10"}
=====


q2: 
 auth: 0 
=====
Query:
sklad_user: com 
appleId: 
action: get_goods_data
searchTerm: nym

=====
Response:
{"action":"get_goods_data","searchTerm":"nym","resultsFrom":0,"sort":0,"cityFilter":null,"code":0,"resultsCount":"665","lastPage":0,"data":[{"name":"NYM 1 16","amount":"0,615","amount_parts":"","unit":"\u043a\u043c","city":"\u041a\u0440\u0430\u0441\u043d\u043e\u044f\u0440\u0441\u043a","company_id":"","company_name":""},{"name":"NYM 1 25","amount":"0,12","amount_parts":"","unit":"\u043a\u043c","city":"\u041a\u0440\u0430\u0441\u043d\u043e\u044f\u0440\u0441\u043a","company_id":"","company_name":""},{"name":"NYM 2 1.5","amount":"0,4","amount_parts":"","unit":"\u043a\u043c","city":"\u0415\u043a\u0430\u0442\u0435\u0440\u0438\u043d\u0431\u0443\u0440\u0433","company_id":"","company_name":""},{"name":"NYM 2 1.5","amount":"0,595","amount_parts":"0,53; 0,065; ","unit":"\u043a\u043c","city":"\u041c\u043e\u0441\u043a\u0432\u0430","company_id":"","company_name":""},{"name":"NYM 2 16","amount":"0,102","amount_parts":"0,07; 0,032; ","unit":"\u043a\u043c","city":"\u041a\u0440\u0430\u0441\u043d\u043e\u044f\u0440\u0441\u043a","company_id":"","company_name":""},{"name":"NYM 2 2 0,66\u043a\u0412","amount":"0,065","amount_parts":"","unit":"\u043a\u043c","city":"\u041d\u043e\u0432\u043e\u0441\u0438\u0431\u0438\u0440\u0441\u043a","company_id":"","company_name":""},{"name":"NYM 2 2.5","amount":"0,475","amount_parts":"0,44; 0,035; ","unit":"\u043a\u043c","city":"\u041c\u043e\u0441\u043a\u0432\u0430","company_id":"","company_name":""},{"name":"NYM 2 25","amount":"0,31","amount_parts":"","unit":"\u043a\u043c","city":"\u041a\u0440\u0430\u0441\u043d\u043e\u044f\u0440\u0441\u043a","company_id":"","company_name":""},{"name":"NYM 2 6","amount":"0,35","amount_parts":"","unit":"\u043a\u043c","city":"\u041a\u0440\u0430\u0441\u043d\u043e\u044f\u0440\u0441\u043a","company_id":"","company_name":""},{"name":"NYM 2\u0445 1,5","amount":"0,188","amount_parts":"","unit":"\u043a\u043c","city":"\u0433. \u041a\u0438\u0440\u043e\u0432","company_id":"","company_name":""},{"name":"NYM 2\u0445 1,5, \u043a\u043c","amount":"0,9","amount_parts":"","unit":"\u043a\u043c","city":"\u041c\u043e\u0441\u043a\u0432\u0430","company_id":"","company_name":""},{"name":"NYM 2\u0445 2,5","amount":"0,5","amount_parts":"","unit":"\u043a\u043c","city":"\u041c\u043e\u0441\u043a\u0432\u0430","company_id":"","company_name":""},{"name":"NYM 2\u04451,5","amount":"1,81","amount_parts":"","unit":"\u043a\u043c","city":"\u0421\u0430\u043d\u043a\u0442-\u041f\u0435\u0442\u0435\u0440\u0431\u0443\u0440\u0433","company_id":"","company_name":""},{"name":"NYM 2\u04451,5","amount":"5,1","amount_parts":"0,3; 4,8; ","unit":"\u043a\u043c","city":"\u0421\u0430\u043d\u043a\u0442-\u041f\u0435\u0442\u0435\u0440\u0431\u0443\u0440\u0433","company_id":"","company_name":""},{"name":"NYM 2\u04451,5","amount":"9,6","amount_parts":"","unit":"\u043a\u043c","city":"\u0423\u0444\u0430","company_id":"","company_name":""},{"name":"NYM 2\u04251,5","amount":"1,8","amount_parts":"0,8; 0,7; 0,3; ","unit":"\u043a\u043c","city":"\u041c\u043e\u0441\u043a\u0432\u0430","company_id":"","company_name":""},{"name":"NYM 2\u04451,5","amount":"0,05","amount_parts":"","unit":"\u043a\u043c","city":"\u041c\u043e\u0441\u043a\u0432\u0430","company_id":"","company_name":""},{"name":"NYM 2\u04451,5","amount":"0,068","amount_parts":"","unit":"\u043a\u043c","city":"\u0427\u0435\u043b\u044f\u0431\u0438\u043d\u0441\u043a","company_id":"","company_name":""},{"name":"NYM 2\u04451,5","amount":"0,15","amount_parts":"","unit":"\u043a\u043c","city":"\u041f\u0430\u0432\u043b\u043e\u0434\u0430\u0440","company_id":"","company_name":""},{"name":"NYM 2\u04451,5","amount":"0,02","amount_parts":"","unit":"\u043a\u043c","city":"\u041c\u043e\u0441\u043a\u0432\u0430","company_id":"","company_name":""}],"performedDatetime":"2014-11-24T21:22:25Z","authStatus":"10"}
=====

select s.id, s.comp_id, s.title, s.quant, s.unit_id, s.comments, s.city from
		sklad_tovar s where visible=1 and (title like 'nym%' or title like '% nym%') order by  s.title LIMIT 0, 20
q2: select count(id) from sklad_tovar s where visible=1 and (title like 'nym%' or title like '% nym%')
 auth: 0 
=====
