Query:
performedDatetime: 2014-08-25 10:10:02  0000
action: get_text

=====
Response:
{"action":"get_text","code":0,"data":"","performedDatetime":"2014-08-25T10:10:03Z","authStatus":"10"}
=====


q2: 
 auth: 0 
=====
Query:
performedDatetime: 2014-08-25 10:10:08  0000
action: get_goods_data
sklad_user: Гость
appleId: 6A6DCF62-97B9-4E73-8562-0DC314B4BB07
sklad_hash: ca0aa0cc6635969d522b881a6162d9ee
searchTerm: Ввг
resultsFrom: 0
sort: 0
cityFilter: 

=====
Response:
{"action":"get_goods_data","searchTerm":"\u0412\u0432\u0433","resultsFrom":0,"sort":0,"cityFilter":"","code":0,"resultsCount":"11042","lastPage":0,"data":[{"name":"NYCWY 0,6\/1\u043a\u0412 3\u044510RE10 - \u0412\u0412\u0413\u042d 3\u044510\/10","amount":"0,246","amount_parts":"","unit":"\u043a\u043c","city":"\u0415\u043a\u0430\u0442\u0435\u0440\u0438\u043d\u0431\u0443\u0440\u0433","company_id":"6765","company_name":"\u0410\u043d\u0434\u0440\u0435\u0439 \u0415\u043a\u0430\u0442\u0435\u0440\u0438\u043d\u0431\u0443\u0440\u0433"},{"name":"\u0412\u0412\u0413 (\u041a\u0430\u0431\u0435\u043b\u044c \u0441\u0438\u043b\u043e\u0432\u043e\u0439),","amount":"5,235","amount_parts":"","unit":"\u043a\u043c","city":"\u041c\u043e\u0441\u043a\u0432\u0430","company_id":"7655","company_name":"\u041e\u041e\u041e \u042d\u043b\u0442\u0435\u043a\u043e\u043c \u0422\u041a"},{"name":"\u0412\u0412\u0413 - 2\u04452,5 1\u043a\u0432","amount":"1,105","amount_parts":"","unit":"\u043a\u043c","city":"\u041c\u043e\u0441\u043a\u0432\u0430","company_id":"15976","company_name":"\u041e\u041e\u041e \u041a\u0430\u0431\u0435\u043b\u044c\u043d\u0430\u044f \u043a\u043e\u043c\u043f\u0430\u043d\u0438\u044f \u042d\u0420\u041c\u0410\u041d\u041e"},{"name":"\u0412\u0412\u0413 - \u041f 2\u04451,5","amount":"6,4","amount_parts":"","unit":"\u043a\u043c","city":"\u041a\u043e\u043b\u044c\u0447\u0443\u0433\u0438\u043d\u043e","company_id":"4131","company_name":"\u041e\u041e\u041e \"\u041c\u0435\u0442\u041a\u0430\u0431\u0421\u043e\u044e\u0437\""},{"name":"\u0412\u0412\u0413 - \u041f 3\u04451,5","amount":"0,6","amount_parts":"","unit":"\u043a\u043c","city":"\u041a\u043e\u043b\u044c\u0447\u0443\u0433\u0438\u043d\u043e","company_id":"4131","company_name":"\u041e\u041e\u041e \"\u041c\u0435\u0442\u041a\u0430\u0431\u0421\u043e\u044e\u0437\""},{"name":"\u0412\u0412\u0413 -0,66 2\u04451,5","amount":"19,45","amount_parts":"12,13; 7,32; ","unit":"\u043a\u043c","city":"\u041d\u0438\u0436\u043d\u0438\u0439 \u041d\u043e\u0432\u0433\u043e\u0440\u043e\u0434","company_id":"22212","company_name":"\u041e\u041e\u041e \"\u042d\u043b\u0435\u043a\u0442\u0440\u043e\u0442\u0435\u0445\u043d\u0438\u0447\u0435\u0441\u043a\u0430\u044f \u043a\u043e\u043c\u043f\u0430\u043d\u0438\u044f \"\u0422\u043e\u043b\u0435\u0434\u043e\""},{"name":"\u0412\u0412\u0413 -0,66 2\u04452,5","amount":"1,981","amount_parts":"1,441; 0,54; ","unit":"\u043a\u043c","city":"\u041d\u0438\u0436\u043d\u0438\u0439 \u041d\u043e\u0432\u0433\u043e\u0440\u043e\u0434","company_id":"22212","company_name":"\u041e\u041e\u041e \"\u042d\u043b\u0435\u043a\u0442\u0440\u043e\u0442\u0435\u0445\u043d\u0438\u0447\u0435\u0441\u043a\u0430\u044f \u043a\u043e\u043c\u043f\u0430\u043d\u0438\u044f \"\u0422\u043e\u043b\u0435\u0434\u043e\""},{"name":"\u0412\u0412\u0413 -0,66 2\u04454","amount":"1,16","amount_parts":"","unit":"\u043a\u043c","city":"\u041d\u0438\u0436\u043d\u0438\u0439 \u041d\u043e\u0432\u0433\u043e\u0440\u043e\u0434","company_id":"22212","company_name":"\u041e\u041e\u041e \"\u042d\u043b\u0435\u043a\u0442\u0440\u043e\u0442\u0435\u0445\u043d\u0438\u0447\u0435\u0441\u043a\u0430\u044f \u043a\u043e\u043c\u043f\u0430\u043d\u0438\u044f \"\u0422\u043e\u043b\u0435\u0434\u043e\""},{"name":"\u0412\u0412\u0413 -0,66 2\u04456","amount":"1,405","amount_parts":"","unit":"\u043a\u043c","city":"\u041d\u0438\u0436\u043d\u0438\u0439 \u041d\u043e\u0432\u0433\u043e\u0440\u043e\u0434","company_id":"22212","company_name":"\u041e\u041e\u041e \"\u042d\u043b\u0435\u043a\u0442\u0440\u043e\u0442\u0435\u0445\u043d\u0438\u0447\u0435\u0441\u043a\u0430\u044f \u043a\u043e\u043c\u043f\u0430\u043d\u0438\u044f \"\u0422\u043e\u043b\u0435\u0434\u043e\""},{"name":"\u0412\u0412\u0413 -0,66 3\u04451,5","amount":"28,131","amount_parts":"10,327; 17,804; ","unit":"\u043a\u043c","city":"\u041d\u0438\u0436\u043d\u0438\u0439 \u041d\u043e\u0432\u0433\u043e\u0440\u043e\u0434","company_id":"22212","company_name":"\u041e\u041e\u041e \"\u042d\u043b\u0435\u043a\u0442\u0440\u043e\u0442\u0435\u0445\u043d\u0438\u0447\u0435\u0441\u043a\u0430\u044f \u043a\u043e\u043c\u043f\u0430\u043d\u0438\u044f \"\u0422\u043e\u043b\u0435\u0434\u043e\""},{"name":"\u0412\u0412\u0413 -0,66 3\u04452,5","amount":"37,458","amount_parts":"20,58; 16,878; ","unit":"\u043a\u043c","city":"\u041d\u0438\u0436\u043d\u0438\u0439 \u041d\u043e\u0432\u0433\u043e\u0440\u043e\u0434","company_id":"22212","company_name":"\u041e\u041e\u041e \"\u042d\u043b\u0435\u043a\u0442\u0440\u043e\u0442\u0435\u0445\u043d\u0438\u0447\u0435\u0441\u043a\u0430\u044f \u043a\u043e\u043c\u043f\u0430\u043d\u0438\u044f \"\u0422\u043e\u043b\u0435\u0434\u043e\""},{"name":"\u0412\u0412\u0413 -0,66 3\u04454","amount":"2,256","amount_parts":"2,208; 0,048; ","unit":"\u043a\u043c","city":"\u041d\u0438\u0436\u043d\u0438\u0439 \u041d\u043e\u0432\u0433\u043e\u0440\u043e\u0434","company_id":"22212","company_name":"\u041e\u041e\u041e \"\u042d\u043b\u0435\u043a\u0442\u0440\u043e\u0442\u0435\u0445\u043d\u0438\u0447\u0435\u0441\u043a\u0430\u044f \u043a\u043e\u043c\u043f\u0430\u043d\u0438\u044f \"\u0422\u043e\u043b\u0435\u0434\u043e\""},{"name":"\u0412\u0412\u0413 -0,66 3\u04456","amount":"14,948","amount_parts":"8,237; 6,711; ","unit":"\u043a\u043c","city":"\u041d\u0438\u0436\u043d\u0438\u0439 \u041d\u043e\u0432\u0433\u043e\u0440\u043e\u0434","company_id":"22212","company_name":"\u041e\u041e\u041e \"\u042d\u043b\u0435\u043a\u0442\u0440\u043e\u0442\u0435\u0445\u043d\u0438\u0447\u0435\u0441\u043a\u0430\u044f \u043a\u043e\u043c\u043f\u0430\u043d\u0438\u044f \"\u0422\u043e\u043b\u0435\u0434\u043e\""},{"name":"\u0412\u0412\u0413 -0,66 4\u04451,5","amount":"6,988","amount_parts":"3,629; 3,359; ","unit":"\u043a\u043c","city":"\u041d\u0438\u0436\u043d\u0438\u0439 \u041d\u043e\u0432\u0433\u043e\u0440\u043e\u0434","company_id":"22212","company_name":"\u041e\u041e\u041e \"\u042d\u043b\u0435\u043a\u0442\u0440\u043e\u0442\u0435\u0445\u043d\u0438\u0447\u0435\u0441\u043a\u0430\u044f \u043a\u043e\u043c\u043f\u0430\u043d\u0438\u044f \"\u0422\u043e\u043b\u0435\u0434\u043e\""},{"name":"\u0412\u0412\u0413 -0,66 4\u04452,5","amount":"1,56","amount_parts":"1,213; 0,347; ","unit":"\u043a\u043c","city":"\u041d\u0438\u0436\u043d\u0438\u0439 \u041d\u043e\u0432\u0433\u043e\u0440\u043e\u0434","company_id":"22212","company_name":"\u041e\u041e\u041e \"\u042d\u043b\u0435\u043a\u0442\u0440\u043e\u0442\u0435\u0445\u043d\u0438\u0447\u0435\u0441\u043a\u0430\u044f \u043a\u043e\u043c\u043f\u0430\u043d\u0438\u044f \"\u0422\u043e\u043b\u0435\u0434\u043e\""},{"name":"\u0412\u0412\u0413 -0,66 4\u04454","amount":"5,541","amount_parts":"3,501; 2,04; ","unit":"\u043a\u043c","city":"\u041d\u0438\u0436\u043d\u0438\u0439 \u041d\u043e\u0432\u0433\u043e\u0440\u043e\u0434","company_id":"22212","company_name":"\u041e\u041e\u041e \"\u042d\u043b\u0435\u043a\u0442\u0440\u043e\u0442\u0435\u0445\u043d\u0438\u0447\u0435\u0441\u043a\u0430\u044f \u043a\u043e\u043c\u043f\u0430\u043d\u0438\u044f \"\u0422\u043e\u043b\u0435\u0434\u043e\""},{"name":"\u0412\u0412\u0413 -0,66 4\u04456","amount":"5,969","amount_parts":"4,701; 1,268; ","unit":"\u043a\u043c","city":"\u041d\u0438\u0436\u043d\u0438\u0439 \u041d\u043e\u0432\u0433\u043e\u0440\u043e\u0434","company_id":"22212","company_name":"\u041e\u041e\u041e \"\u042d\u043b\u0435\u043a\u0442\u0440\u043e\u0442\u0435\u0445\u043d\u0438\u0447\u0435\u0441\u043a\u0430\u044f \u043a\u043e\u043c\u043f\u0430\u043d\u0438\u044f \"\u0422\u043e\u043b\u0435\u0434\u043e\""},{"name":"\u0412\u0412\u0413 -0,66 5\u04451,5","amount":"8,263","amount_parts":"5,215; 3,048; ","unit":"\u043a\u043c","city":"\u041d\u0438\u0436\u043d\u0438\u0439 \u041d\u043e\u0432\u0433\u043e\u0440\u043e\u0434","company_id":"22212","company_name":"\u041e\u041e\u041e \"\u042d\u043b\u0435\u043a\u0442\u0440\u043e\u0442\u0435\u0445\u043d\u0438\u0447\u0435\u0441\u043a\u0430\u044f \u043a\u043e\u043c\u043f\u0430\u043d\u0438\u044f \"\u0422\u043e\u043b\u0435\u0434\u043e\""},{"name":"\u0412\u0412\u0413 -0,66 5\u04452,5","amount":"0,8","amount_parts":"0,057; 0,743; ","unit":"\u043a\u043c","city":"\u041d\u0438\u0436\u043d\u0438\u0439 \u041d\u043e\u0432\u0433\u043e\u0440\u043e\u0434","company_id":"22212","company_name":"\u041e\u041e\u041e \"\u042d\u043b\u0435\u043a\u0442\u0440\u043e\u0442\u0435\u0445\u043d\u0438\u0447\u0435\u0441\u043a\u0430\u044f \u043a\u043e\u043c\u043f\u0430\u043d\u0438\u044f \"\u0422\u043e\u043b\u0435\u0434\u043e\""},{"name":"\u0412\u0412\u0413 -0,66 5\u04454","amount":"4,781","amount_parts":"3,576; 1,205; ","unit":"\u043a\u043c","city":"\u041d\u0438\u0436\u043d\u0438\u0439 \u041d\u043e\u0432\u0433\u043e\u0440\u043e\u0434","company_id":"22212","company_name":"\u041e\u041e\u041e \"\u042d\u043b\u0435\u043a\u0442\u0440\u043e\u0442\u0435\u0445\u043d\u0438\u0447\u0435\u0441\u043a\u0430\u044f \u043a\u043e\u043c\u043f\u0430\u043d\u0438\u044f \"\u0422\u043e\u043b\u0435\u0434\u043e\""}],"performedDatetime":"2014-08-25T10:10:09Z","authStatus":"0","accessDateEnd":""}
=====

select s.id, s.comp_id, s.title, s.quant, s.unit_id, s.comments, s.city from
		sklad_tovar s where visible=1 and (title like 'Ввг%' or title like '% Ввг%') order by  s.title LIMIT 0, 20
q2: select count(id) from sklad_tovar s where visible=1 and (title like 'Ввг%' or title like '% Ввг%')
 auth: 100 
=====
Query:
performedDatetime: 2014-08-25 10:10:11  0000
action: get_company_data
sklad_user: Гость
appleId: 6A6DCF62-97B9-4E73-8562-0DC314B4BB07
sklad_hash: ca0aa0cc6635969d522b881a6162d9ee
company_id: 15976

=====
Response:
{"action":"get_company_data","code":0,"data":{"company_id":15976,"title":"\u041e\u041e\u041e \u041a\u0430\u0431\u0435\u043b\u044c\u043d\u0430\u044f \u043a\u043e\u043c\u043f\u0430\u043d\u0438\u044f \u042d\u0420\u041c\u0410\u041d\u041e","city":"\u041c\u043e\u0441\u043a\u0432\u0430","address":"115088, \u0420\u043e\u0441\u0441\u0438\u044f, \u041c\u043e\u0441\u043a\u0432\u0430, \u0443\u043b. \u0423\u0433\u0440\u0435\u0448\u0441\u043a\u0430\u044f, \u0434. 3\u0411, \u0441\u0442\u0440. 4","phone":"8-915-465-99-84...84955448422","email":"vemir@mail.ru","url":"http:\/\/www.ermano.ru","contact":"\u0412\u0435\u043c\u0438\u0440 \u0410\u0441\u0430\u0442\u0440\u044f\u043d","goods_count":"471","last_update":"15.07.2014"},"performedDatetime":"2014-08-25T10:10:12Z","authStatus":"0","accessDateEnd":""}
=====

select distinct city from sklad_tovar where comp_id= and city!='' order by city
q2: 
 auth: 100 
=====
Query:
performedDatetime: 2014-08-25 18:00:08  0000
action: get_text

=====
Response:
{"action":"get_text","code":0,"data":"","performedDatetime":"2014-08-25T18:00:07Z","authStatus":"10"}
=====


q2: 
 auth: 0 
=====
Query:
performedDatetime: 2014-08-25 18:00:34  0000
action: get_goods_data
sklad_user: Гость
appleId: 33D2EDB6-C747-4AD4-AFE6-442EE361C013
sklad_hash: c8947d6072d54abd03910d32928e1d42
searchTerm: 3x2,5
resultsFrom: 0
sort: 2
cityFilter: 

=====
Response:
{"action":"get_goods_data","searchTerm":"3x2,5","resultsFrom":0,"sort":"2","cityFilter":"","code":0,"resultsCount":"1525","lastPage":0,"data":[{"name":"NUM 3\u04452,5","amount":"2000","amount_parts":"","unit":"\u043a\u043c","city":"\u041c\u043e\u0441\u043a\u0432\u0430","company_id":"17265","company_name":"\u041e\u041e\u041e \"\u0421\u0420\u0421-\u042d\u043b\u0435\u043a\u0442\u0440\u043e\""},{"name":"\u0410\u0412\u0412\u0413 3\u04452,5 \u043e\u043a-0,66","amount":"200","amount_parts":"","unit":"\u043a\u043c","city":"\u041c\u043e\u0441\u043a\u0432\u0430","company_id":"17265","company_name":"\u041e\u041e\u041e \"\u0421\u0420\u0421-\u042d\u043b\u0435\u043a\u0442\u0440\u043e\""},{"name":"\u0412\u0411\u0428\u0432\u043d\u0433(\u0410)-LS 3\u04452,5 \u043e\u043a-0,66","amount":"2473","amount_parts":"","unit":"\u043a\u043c","city":"\u041c\u043e\u0441\u043a\u0432\u0430","company_id":"17265","company_name":"\u041e\u041e\u041e \"\u0421\u0420\u0421-\u042d\u043b\u0435\u043a\u0442\u0440\u043e\""},{"name":"\u0412\u0412\u0413\u043d\u0433(\u0410) 3\u04452,5 \u043e\u043a-0,66","amount":"5034","amount_parts":"","unit":"\u043a\u043c","city":"\u041c\u043e\u0441\u043a\u0432\u0430","company_id":"17265","company_name":"\u041e\u041e\u041e \"\u0421\u0420\u0421-\u042d\u043b\u0435\u043a\u0442\u0440\u043e\""},{"name":"\u0412\u0412\u0413\u043d\u0433(\u0410) 3\u04452,5 \u043f\u043b. \u043e\u043a-0,66","amount":"16670","amount_parts":"","unit":"\u043a\u043c","city":"\u041c\u043e\u0441\u043a\u0432\u0430","company_id":"17265","company_name":"\u041e\u041e\u041e \"\u0421\u0420\u0421-\u042d\u043b\u0435\u043a\u0442\u0440\u043e\""},{"name":"\u0412\u0412\u0413\u043d\u0433(\u0410)-FRLS 3\u04452,5 \u043e\u043a-0,66","amount":"14870","amount_parts":"","unit":"\u043a\u043c","city":"\u041c\u043e\u0441\u043a\u0432\u0430","company_id":"17265","company_name":"\u041e\u041e\u041e \"\u0421\u0420\u0421-\u042d\u043b\u0435\u043a\u0442\u0440\u043e\""},{"name":"\u0412\u0412\u0413\u043d\u0433(\u0410)-FRLS 3\u04452,5 \u043e\u043a-1","amount":"7300","amount_parts":"","unit":"\u043a\u043c","city":"\u041c\u043e\u0441\u043a\u0432\u0430","company_id":"17265","company_name":"\u041e\u041e\u041e \"\u0421\u0420\u0421-\u042d\u043b\u0435\u043a\u0442\u0440\u043e\""},{"name":"\u0412\u0412\u0413\u043d\u0433(\u0410)-LS 3\u04452,5 \u043e\u043a-0,66","amount":"60448","amount_parts":"","unit":"\u043a\u043c","city":"\u041c\u043e\u0441\u043a\u0432\u0430","company_id":"17265","company_name":"\u041e\u041e\u041e \"\u0421\u0420\u0421-\u042d\u043b\u0435\u043a\u0442\u0440\u043e\""},{"name":"\u0412\u0412\u0413\u043d\u0433(\u0410)-LS 3\u04452,5 \u043e\u043a-0,66","amount":"8000","amount_parts":"","unit":"\u043a\u043c","city":"\u041c\u043e\u0441\u043a\u0432\u0430","company_id":"17265","company_name":"\u041e\u041e\u041e \"\u0421\u0420\u0421-\u042d\u043b\u0435\u043a\u0442\u0440\u043e\""},{"name":"\u0412\u0412\u0413\u043d\u0433(\u0410)-LSLTx 3\u04452,5 \u043e\u043a-0,66","amount":"20045","amount_parts":"","unit":"\u043a\u043c","city":"\u041c\u043e\u0441\u043a\u0432\u0430","company_id":"17265","company_name":"\u041e\u041e\u041e \"\u0421\u0420\u0421-\u042d\u043b\u0435\u043a\u0442\u0440\u043e\""},{"name":"\u041a\u0413 3\u04452,5","amount":"3145","amount_parts":"","unit":"\u043a\u043c","city":"\u041c\u043e\u0441\u043a\u0432\u0430","company_id":"17265","company_name":"\u041e\u041e\u041e \"\u0421\u0420\u0421-\u042d\u043b\u0435\u043a\u0442\u0440\u043e\""},{"name":"\u041a\u0413 3\u04452,5+1\u04451,5","amount":"5602","amount_parts":"","unit":"\u043a\u043c","city":"\u041c\u043e\u0441\u043a\u0432\u0430","company_id":"17265","company_name":"\u041e\u041e\u041e \"\u0421\u0420\u0421-\u042d\u043b\u0435\u043a\u0442\u0440\u043e\""},{"name":"\u041f\u0412\u0421 3\u04452,50 (\u0431\u0435\u043b\u044b\u0439)","amount":"200","amount_parts":"","unit":"\u043a\u043c","city":"\u041c\u043e\u0441\u043a\u0432\u0430","company_id":"17265","company_name":"\u041e\u041e\u041e \"\u0421\u0420\u0421-\u042d\u043b\u0435\u043a\u0442\u0440\u043e\""},{"name":"\u041f\u0412\u0421 3\u04452,50 (\u0447\u0435\u0440\u043d\u044b\u0439)","amount":"200","amount_parts":"","unit":"\u043a\u043c","city":"\u041c\u043e\u0441\u043a\u0432\u0430","company_id":"17265","company_name":"\u041e\u041e\u041e \"\u0421\u0420\u0421-\u042d\u043b\u0435\u043a\u0442\u0440\u043e\""},{"name":"\u041f\u041f\u0413\u043d\u0433(\u0410)-FRHF 3\u04452,5 \u043e\u043a-0,66","amount":"2673","amount_parts":"","unit":"\u043a\u043c","city":"\u041c\u043e\u0441\u043a\u0432\u0430","company_id":"17265","company_name":"\u041e\u041e\u041e \"\u0421\u0420\u0421-\u042d\u043b\u0435\u043a\u0442\u0440\u043e\""},{"name":"\u041f\u041f\u0413\u043d\u0433(\u0410)-FRHF 3\u04452,5 \u043e\u043a-1","amount":"1040","amount_parts":"","unit":"\u043a\u043c","city":"\u041c\u043e\u0441\u043a\u0432\u0430","company_id":"17265","company_name":"\u041e\u041e\u041e \"\u0421\u0420\u0421-\u042d\u043b\u0435\u043a\u0442\u0440\u043e\""},{"name":"\u041f\u0412\u0421 3\u04452,5","amount":"0,001","amount_parts":"","unit":"\u043a\u043c","city":"\u041a\u0440\u0430\u0441\u043d\u043e\u0434\u0430\u0440","company_id":"20781","company_name":"\u041e\u041e\u041e  OptimLAN"},{"name":"\u041f\u0412\u0421 3\u04452,5 .","amount":"0,001","amount_parts":"","unit":"\u043a\u043c","city":"\u041d\u0438\u0436\u043d\u0438\u0439 \u041d\u043e\u0432\u0433\u043e\u0440\u043e\u0434","company_id":"22212","company_name":"\u041e\u041e\u041e \"\u042d\u043b\u0435\u043a\u0442\u0440\u043e\u0442\u0435\u0445\u043d\u0438\u0447\u0435\u0441\u043a\u0430\u044f \u043a\u043e\u043c\u043f\u0430\u043d\u0438\u044f \"\u0422\u043e\u043b\u0435\u0434\u043e\""},{"name":"\u041a\u0413 3\u04452,5+1\u04451,5","amount":"0,004","amount_parts":"","unit":"\u043a\u043c","city":"\u041a\u0440\u0430\u0441\u043d\u043e\u044f\u0440\u0441\u043a","company_id":"12240","company_name":"\u041e\u041e\u041e \u042d\u043d\u0435\u0440\u0433\u043e\u0441\u0438\u0441\u0442\u0435\u043c\u0441"},{"name":"\u0412\u0412\u0413 3\u04452,5","amount":"0,005","amount_parts":"","unit":"\u043a\u043c","city":"\u041d\u0438\u0436\u043d\u0438\u0439 \u041d\u043e\u0432\u0433\u043e\u0440\u043e\u0434","company_id":"22212","company_name":"\u041e\u041e\u041e \"\u042d\u043b\u0435\u043a\u0442\u0440\u043e\u0442\u0435\u0445\u043d\u0438\u0447\u0435\u0441\u043a\u0430\u044f \u043a\u043e\u043c\u043f\u0430\u043d\u0438\u044f \"\u0422\u043e\u043b\u0435\u0434\u043e\""}],"performedDatetime":"2014-08-25T18:00:33Z","authStatus":"0","accessDateEnd":""}
=====

select s.id, s.comp_id, s.title, s.quant, s.unit_id, s.comments, s.city from
		sklad_tovar s where visible=1 and (title like '%3х2,5%' or title like '%3х2.5%' or title like '%3x2,5%' or title like '%3x2,5%') order by s.q2 asc, s.title LIMIT 0, 20
q2: select count(id) from sklad_tovar s where visible=1 and (title like '%3х2,5%' or title like '%3х2.5%' or title like '%3x2,5%' or title like '%3x2,5%')
 auth: 100 
=====
Query:
performedDatetime: 2014-08-25 18:00:45  0000
action: get_company_data
sklad_user: Гость
appleId: 33D2EDB6-C747-4AD4-AFE6-442EE361C013
sklad_hash: c8947d6072d54abd03910d32928e1d42
company_id: 17265

=====
Response:
{"action":"get_company_data","code":0,"data":{"company_id":17265,"title":"\u041e\u041e\u041e \"\u0421\u0420\u0421-\u042d\u043b\u0435\u043a\u0442\u0440\u043e\"","city":"\u041c\u043e\u0441\u043a\u0432\u0430","address":"141031, \u0420\u0424, \u041c\u043e\u0441\u043a\u043e\u0432\u0441\u043a\u0430\u044f \u043e\u0431\u043b., \u041c\u044b\u0442\u0438\u0449\u0438\u043d\u0441\u043a\u0438\u0439 \u0440-\u043d, \u043f. \u0412\u0435\u0448\u043a\u0438,  \u0434. 24\u0430","phone":"+7(495)743-92-54","email":"zakaz@srs-el.ru","url":"http:\/\/srs-el.ru","contact":"\u0421\u0420\u0421-\u042d\u043b\u0435\u043a\u0442\u0440\u043e","goods_count":"582","last_update":"29.07.2014"},"performedDatetime":"2014-08-25T18:00:44Z","authStatus":"0","accessDateEnd":""}
=====

select distinct city from sklad_tovar where comp_id= and city!='' order by city
q2: 
 auth: 100 
=====
Query:
performedDatetime: 2014-08-25 18:01:03  0000
action: get_company_data
sklad_user: Гость
appleId: 33D2EDB6-C747-4AD4-AFE6-442EE361C013
sklad_hash: c8947d6072d54abd03910d32928e1d42
company_id: 17265

=====
Response:
{"action":"get_company_data","code":0,"data":{"company_id":17265,"title":"\u041e\u041e\u041e \"\u0421\u0420\u0421-\u042d\u043b\u0435\u043a\u0442\u0440\u043e\"","city":"\u041c\u043e\u0441\u043a\u0432\u0430","address":"141031, \u0420\u0424, \u041c\u043e\u0441\u043a\u043e\u0432\u0441\u043a\u0430\u044f \u043e\u0431\u043b., \u041c\u044b\u0442\u0438\u0449\u0438\u043d\u0441\u043a\u0438\u0439 \u0440-\u043d, \u043f. \u0412\u0435\u0448\u043a\u0438,  \u0434. 24\u0430","phone":"+7(495)743-92-54","email":"zakaz@srs-el.ru","url":"http:\/\/srs-el.ru","contact":"\u0421\u0420\u0421-\u042d\u043b\u0435\u043a\u0442\u0440\u043e","goods_count":"582","last_update":"29.07.2014"},"performedDatetime":"2014-08-25T18:01:02Z","authStatus":"0","accessDateEnd":""}
=====

select distinct city from sklad_tovar where comp_id= and city!='' order by city
q2: 
 auth: 100 
=====
