Query:
performedDatetime: 2014-07-23 00:18:04  0000
action: get_text

=====
Response:
{"action":"get_text","code":0,"data":"","performedDatetime":"2014-07-23T00:18:03Z","authStatus":"10"}
=====


q2: 
 auth: 0 
=====
Query:
performedDatetime: 2014-07-23 00:18:23  0000
action: get_goods_data
sklad_user: Гость
appleId: BDF4A76C-CDC5-40C5-8057-9A073FCACF1F
sklad_hash: 91647606a112cd553f8326adf6e44237
searchTerm: Тпо
resultsFrom: 0
sort: 0
cityFilter: 

=====
Response:
{"action":"get_goods_data","searchTerm":"\u0422\u043f\u043e","resultsFrom":0,"sort":0,"cityFilter":"","code":0,"resultsCount":"12","lastPage":1,"data":[{"name":"\u0422\u041f\u041e 12\u04456,\/1,0","amount":"0,441","amount_parts":"0.315; 0.126; ","unit":"\u043a\u043c","city":"\u041f\u043e\u0434\u043e\u043b\u044c\u0441\u043a","company_id":"19603","company_name":"\u042d\u043a\u0441\u043f\u043e\u043a\u0430\u0431\u0435\u043b\u044c"},{"name":"\u0422\u041f\u041e 12\u04456\/1,0","amount":"1,2","amount_parts":"","unit":"\u043a\u043c","city":"\u041c\u043e\u0441\u043a\u0432\u0430","company_id":"18820","company_name":"\u041e\u041e\u041e \u041a\u0430\u0431\u0435\u043b\u044c\u043d\u044b\u0439 \u0410\u0443\u043a\u0446\u0438\u043e\u043d"},{"name":"\u0422\u041f\u041e 12\u04458\/1,6","amount":"0,5","amount_parts":"","unit":"\u043a\u043c","city":"\u041c\u043e\u0441\u043a\u0432\u0430","company_id":"18820","company_name":"\u041e\u041e\u041e \u041a\u0430\u0431\u0435\u043b\u044c\u043d\u044b\u0439 \u0410\u0443\u043a\u0446\u0438\u043e\u043d"},{"name":"\u0422\u041f\u041e 7\u04456\/1,0","amount":"0,5","amount_parts":"","unit":"\u043a\u043c","city":"\u041c\u043e\u0441\u043a\u0432\u0430","company_id":"18820","company_name":"\u041e\u041e\u041e \u041a\u0430\u0431\u0435\u043b\u044c\u043d\u044b\u0439 \u0410\u0443\u043a\u0446\u0438\u043e\u043d"},{"name":"\u0422\u041f\u041e 7\u04458,\/1,6","amount":"0,183","amount_parts":"","unit":"\u043a\u043c","city":"\u041f\u043e\u0434\u043e\u043b\u044c\u0441\u043a","company_id":"19603","company_name":"\u042d\u043a\u0441\u043f\u043e\u043a\u0430\u0431\u0435\u043b\u044c"},{"name":"\u0422\u041f\u041e 7\u04458\/1,6","amount":"5","amount_parts":"","unit":"\u043a\u043c","city":"\u041c\u043e\u0441\u043a\u0432\u0430","company_id":"18820","company_name":"\u041e\u041e\u041e \u041a\u0430\u0431\u0435\u043b\u044c\u043d\u044b\u0439 \u0410\u0443\u043a\u0446\u0438\u043e\u043d"},{"name":"\u0422\u041f\u041e\u0412\u0411\u0431\u0428\u0432 12\u04458\u04451,6","amount":"0,5","amount_parts":"","unit":"\u043a\u043c","city":"\u041c\u043e\u0441\u043a\u0432\u0430","company_id":"18820","company_name":"\u041e\u041e\u041e \u041a\u0430\u0431\u0435\u043b\u044c\u043d\u044b\u0439 \u0410\u0443\u043a\u0446\u0438\u043e\u043d"},{"name":"\u0422\u041f\u041e\u0412\u0411\u0431\u0428\u0432 7\u04458\u04451,6","amount":"0,5","amount_parts":"","unit":"\u043a\u043c","city":"\u041c\u043e\u0441\u043a\u0432\u0430","company_id":"18820","company_name":"\u041e\u041e\u041e \u041a\u0430\u0431\u0435\u043b\u044c\u043d\u044b\u0439 \u0410\u0443\u043a\u0446\u0438\u043e\u043d"},{"name":"\u0422\u041f\u041e\u043c-\u041f-08\u0410-6\u043a\u041d","amount":"9,35","amount_parts":"","unit":"\u043a\u043c","city":"\u041a\u0440\u0430\u0441\u043d\u043e\u0434\u0430\u0440","company_id":"8246","company_name":"\u041e\u041e\u041e \u041f\u041a\u0424 \"\u042e\u0433\u0442\u0435\u043b\u0435\u043a\u0430\u0431\u0435\u043b\u044c\""},{"name":"\u0422\u041f\u041e\u043c-\u041f-16\u0410-6\u043a\u041d","amount":"4","amount_parts":"","unit":"\u043a\u043c","city":"\u041a\u0440\u0430\u0441\u043d\u043e\u0434\u0430\u0440","company_id":"8246","company_name":"\u041e\u041e\u041e \u041f\u041a\u0424 \"\u042e\u0433\u0442\u0435\u043b\u0435\u043a\u0430\u0431\u0435\u043b\u044c\""},{"name":"\u0422\u041f\u041e\u043c-\u041f-24\u0410-4\u043a\u041d","amount":"3,6","amount_parts":"","unit":"\u043a\u043c","city":"\u041a\u0440\u0430\u0441\u043d\u043e\u044f\u0440\u0441\u043a","company_id":"8363","company_name":"\u041e\u041e\u041e \u0421\u0438\u0431\u0421\u0442\u0440\u043e\u0439\u0420\u0435\u0441\u0443\u0440\u0441 2000"},{"name":"\u0422\u041f\u041e\u043c-\u041f-24\u0410-6\u043a\u041d","amount":"7,75","amount_parts":"","unit":"\u043a\u043c","city":"\u041a\u0440\u0430\u0441\u043d\u043e\u0434\u0430\u0440","company_id":"8246","company_name":"\u041e\u041e\u041e \u041f\u041a\u0424 \"\u042e\u0433\u0442\u0435\u043b\u0435\u043a\u0430\u0431\u0435\u043b\u044c\""}],"performedDatetime":"2014-07-23T00:18:21Z","authStatus":"0","accessDateEnd":""}
=====

select s.id, s.comp_id, s.title, s.quant, s.unit_id, s.comments, s.city from
		sklad_tovar s where visible=1 and (title like 'Тпо%' or title like '% Тпо%') order by  s.title LIMIT 0, 20
q2: select count(id) from sklad_tovar s where visible=1 and (title like 'Тпо%' or title like '% Тпо%')
 auth: 100 
=====
Query:
performedDatetime: 2014-07-23 00:19:04  0000
action: get_company_data
sklad_user: Гость
appleId: BDF4A76C-CDC5-40C5-8057-9A073FCACF1F
sklad_hash: 91647606a112cd553f8326adf6e44237
company_id: 8246

=====
Response:
{"action":"get_company_data","code":0,"data":{"company_id":8246,"title":"\u041e\u041e\u041e \u041f\u041a\u0424 \"\u042e\u0433\u0442\u0435\u043b\u0435\u043a\u0430\u0431\u0435\u043b\u044c\"","city":"\u041a\u0440\u0430\u0441\u043d\u043e\u0434\u0430\u0440","address":"350051, \u0433. \u041a\u0440\u0430\u0441\u043d\u043e\u0434\u0430\u0440, \u0443\u043b. \u0428\u043e\u0441\u0441\u0435 \u041d\u0435\u0444\u0442\u044f\u043d\u0438\u043a\u043e\u0432, 37\/3.","phone":"(965)463-39-96","email":"kovalev@yugtelekabel.ru, kovalev-ugtk@yandex.ru","url":"http:\/\/www.yugtelekabel.ru","contact":"\u041a\u043e\u0432\u0430\u043b\u0435\u0432 \u041f\u0430\u0432\u0435\u043b \u041d\u0438\u043a\u043e\u043b\u0430\u0435\u0432\u0438\u0447","goods_count":"296","last_update":"09.07.2014"},"performedDatetime":"2014-07-23T00:19:01Z","authStatus":"0","accessDateEnd":""}
=====

select distinct city from sklad_tovar where comp_id= and city!='' order by city
q2: 
 auth: 100 
=====
Query:
performedDatetime: 2014-07-23 00:19:18  0000
action: get_company_data
sklad_user: Гость
appleId: BDF4A76C-CDC5-40C5-8057-9A073FCACF1F
sklad_hash: 91647606a112cd553f8326adf6e44237
company_id: 18820

=====
Response:
{"action":"get_company_data","code":0,"data":{"company_id":18820,"title":"\u041e\u041e\u041e \u041a\u0430\u0431\u0435\u043b\u044c\u043d\u044b\u0439 \u0410\u0443\u043a\u0446\u0438\u043e\u043d","city":"\u041c\u043e\u0441\u043a\u0432\u0430","address":"\u041c\u043e\u0441\u043a\u0432\u0430","phone":"+79629994522","email":"9629994522@mail.ru","url":"http:\/\/-","contact":"\u0425\u0440\u043e\u043c\u043e\u0432 \u0415\u0432\u0433\u0435\u043d\u0438\u0439 \u0415\u0432\u0433\u0435\u043d\u044c\u0435\u0432\u0438\u0447","goods_count":"648","last_update":"15.07.2014"},"performedDatetime":"2014-07-23T00:19:16Z","authStatus":"0","accessDateEnd":""}
=====

select distinct city from sklad_tovar where comp_id= and city!='' order by city
q2: 
 auth: 100 
=====
Query:
performedDatetime: 2014-07-23 00:19:32  0000
action: get_company_data
sklad_user: Гость
appleId: BDF4A76C-CDC5-40C5-8057-9A073FCACF1F
sklad_hash: 91647606a112cd553f8326adf6e44237
company_id: 8363

=====
Response:
{"action":"get_company_data","code":0,"data":{"company_id":8363,"title":"\u041e\u041e\u041e \u0421\u0438\u0431\u0421\u0442\u0440\u043e\u0439\u0420\u0435\u0441\u0443\u0440\u0441 2000","city":"\u041a\u0440\u0430\u0441\u043d\u043e\u044f\u0440\u0441\u043a","address":"660062 \u0433. \u041a\u0440\u0430\u0441\u043d\u043e\u044f\u0440\u0441\u043a \u0443\u043b. \u0412\u0438\u043b\u044c\u0441\u043a\u043e\u0433\u043e 22 \u043e\u0444. 215 ","phone":"(391)202-40-31, \u043c\u043e\u0431. 282-88-74","email":"sibstroi_2000@inbox.ru","url":"http:\/\/www.ssr2000.ru","contact":"\u0411\u043e\u0433\u0430\u0435\u0432\u0430 \u0410\u043d\u0430\u0441\u0442\u0430\u0441\u0438\u044f \u0418\u0432\u0430\u043d\u043e\u0432\u043d\u0430","goods_count":"632","last_update":"21.07.2014"},"performedDatetime":"2014-07-23T00:19:30Z","authStatus":"0","accessDateEnd":""}
=====

select distinct city from sklad_tovar where comp_id= and city!='' order by city
q2: 
 auth: 100 
=====
Query:
performedDatetime: 2014-07-23 00:19:50  0000
action: get_goods_data
sklad_user: Гость
appleId: BDF4A76C-CDC5-40C5-8057-9A073FCACF1F
sklad_hash: 91647606a112cd553f8326adf6e44237
searchTerm: Апв
resultsFrom: 0
sort: 0
cityFilter: 

=====
Response:
{"action":"get_goods_data","searchTerm":"\u0410\u043f\u0432","resultsFrom":0,"sort":0,"cityFilter":"","code":0,"resultsCount":"1829","lastPage":0,"data":[{"name":"\u0410\u0412\u0412\u0413\/\u0410\u041f\u0412\u0413 3\u044550+1\u044525","amount":"0,192","amount_parts":"","unit":"\u043a\u043c","city":"\u041c\u043e\u0441\u043a\u0432\u0430","company_id":"4864","company_name":"\u041e\u041e\u041e \u0423\u043d\u0438\u0432\u0435\u0440\u0441\u0438\u0442\u0435\u0442  \u0441\u0435\u0440\u0432\u0438\u0441"},{"name":"\u0410\u041f\u0412 10 - 450\/750 \u0412","amount":"0,07","amount_parts":"","unit":"\u043a\u043c","city":"\u0422\u043e\u043c\u0441\u043a","company_id":"23632","company_name":"\u041e\u041e\u041e \u00ab\u0422\u043e\u043c\u0441\u043a\u043a\u0430\u0431\u0435\u043b\u044c\u00bb"},{"name":"\u0410\u041f\u0412 120 - 450\/750 \u0412","amount":"0,25","amount_parts":"","unit":"\u043a\u043c","city":"\u0422\u043e\u043c\u0441\u043a","company_id":"23632","company_name":"\u041e\u041e\u041e \u00ab\u0422\u043e\u043c\u0441\u043a\u043a\u0430\u0431\u0435\u043b\u044c\u00bb"},{"name":"\u0410\u041f\u0412 16 - 450\/750 \u0412","amount":"0,05","amount_parts":"","unit":"\u043a\u043c","city":"\u0422\u043e\u043c\u0441\u043a","company_id":"23632","company_name":"\u041e\u041e\u041e \u00ab\u0422\u043e\u043c\u0441\u043a\u043a\u0430\u0431\u0435\u043b\u044c\u00bb"},{"name":"\u0410\u041f\u0412 16 - 450\/750 \u0412","amount":"0,05","amount_parts":"","unit":"\u043a\u043c","city":"\u0422\u043e\u043c\u0441\u043a","company_id":"23632","company_name":"\u041e\u041e\u041e \u00ab\u0422\u043e\u043c\u0441\u043a\u043a\u0430\u0431\u0435\u043b\u044c\u00bb"},{"name":"\u0410\u041f\u0412 16 - 450\/750 \u0412","amount":"0,07","amount_parts":"","unit":"\u043a\u043c","city":"\u0422\u043e\u043c\u0441\u043a","company_id":"23632","company_name":"\u041e\u041e\u041e \u00ab\u0422\u043e\u043c\u0441\u043a\u043a\u0430\u0431\u0435\u043b\u044c\u00bb"},{"name":"\u0410\u041f\u0412 25 - 450\/750 \u0412","amount":"1,68","amount_parts":"","unit":"\u043a\u043c","city":"\u0422\u043e\u043c\u0441\u043a","company_id":"23632","company_name":"\u041e\u041e\u041e \u00ab\u0422\u043e\u043c\u0441\u043a\u043a\u0430\u0431\u0435\u043b\u044c\u00bb"},{"name":"\u0410\u041f\u0412 25 - 450\/750 \u0412","amount":"0,52","amount_parts":"","unit":"\u043a\u043c","city":"\u0422\u043e\u043c\u0441\u043a","company_id":"23632","company_name":"\u041e\u041e\u041e \u00ab\u0422\u043e\u043c\u0441\u043a\u043a\u0430\u0431\u0435\u043b\u044c\u00bb"},{"name":"\u0410\u041f\u0412 35 - 450\/750 \u0412","amount":"0,45","amount_parts":"","unit":"\u043a\u043c","city":"\u0422\u043e\u043c\u0441\u043a","company_id":"23632","company_name":"\u041e\u041e\u041e \u00ab\u0422\u043e\u043c\u0441\u043a\u043a\u0430\u0431\u0435\u043b\u044c\u00bb"},{"name":"\u0410\u041f\u0412 35 - 450\/750 \u0412","amount":"0,05","amount_parts":"","unit":"\u043a\u043c","city":"\u0422\u043e\u043c\u0441\u043a","company_id":"23632","company_name":"\u041e\u041e\u041e \u00ab\u0422\u043e\u043c\u0441\u043a\u043a\u0430\u0431\u0435\u043b\u044c\u00bb"},{"name":"\u0410\u041f\u0412 50 - 450\/750 \u0412","amount":"1,85","amount_parts":"","unit":"\u043a\u043c","city":"\u0422\u043e\u043c\u0441\u043a","company_id":"23632","company_name":"\u041e\u041e\u041e \u00ab\u0422\u043e\u043c\u0441\u043a\u043a\u0430\u0431\u0435\u043b\u044c\u00bb"},{"name":"\u0410\u041f\u0412 70","amount":"0,126","amount_parts":"","unit":"\u043a\u043c","city":"\u041f\u0435\u0440\u043c\u044c","company_id":"17570","company_name":"\u041e\u041e\u041e \u042d\u043b\u0435\u043a\u0442\u0440\u043e\u0422\u0435\u0445\u041a\u0430\u0431\u0435\u043b\u044c"},{"name":"\u0410\u041f\u0412 70","amount":"10,975","amount_parts":"","unit":"\u043a\u043c","city":"\u041f\u0435\u0440\u043c\u044c","company_id":"10417","company_name":"\u0424\u041f\u0413 \u041d\u0435\u0444\u0442\u0435\u0445\u0438\u043c\u043f\u0440\u043e\u043c"},{"name":"\u0410\u041f\u0412 70","amount":"2,015","amount_parts":"","unit":"\u043a\u043c","city":"\u0415\u043a\u0430\u0442\u0435\u0440\u0438\u043d\u0431\u0443\u0440\u0433","company_id":"19089","company_name":"\u041e\u041e\u041e \u041a\u0430\u0431\u0435\u043b\u044c\u043d\u044b\u0439 \u0446\u0435\u043d\u0442\u0440-\u0415\u043a\u0430\u0442\u0435\u0440\u0438\u043d\u0431\u0443\u0440\u0433"},{"name":"\u0410\u041f\u0412 70","amount":"2,015","amount_parts":"","unit":"\u043a\u043c","city":"\u0415\u043a\u0430\u0442\u0435\u0440\u0438\u043d\u0431\u0443\u0440\u0433","company_id":"16985","company_name":"\u041e\u041e\u041e \"\u041d\u043e\u0432\u0440\u0435\u043c\u0434\u043e\u0440\u043c\u0430\u0448\""},{"name":"\u0410\u041f\u0412 70","amount":"0,1","amount_parts":"","unit":"\u043a\u043c","city":"\u041a\u0440\u0430\u0441\u043d\u043e\u044f\u0440\u0441\u043a","company_id":"8363","company_name":"\u041e\u041e\u041e \u0421\u0438\u0431\u0421\u0442\u0440\u043e\u0439\u0420\u0435\u0441\u0443\u0440\u0441 2000"},{"name":"\u0410\u041f\u0412 70","amount":"10,875","amount_parts":"2.455; 2.455; 1.266; 3.499; 1.2; ","unit":"\u043a\u043c","city":"\u041f\u0435\u0440\u043c\u044c","company_id":"16985","company_name":"\u041e\u041e\u041e \"\u041d\u043e\u0432\u0440\u0435\u043c\u0434\u043e\u0440\u043c\u0430\u0448\""},{"name":"\u0410\u041f\u0412 70 (\u043c\u0436) \u0431\u0435\u043b\u044b\u0439","amount":"0,565","amount_parts":"","unit":"\u043a\u043c","city":"\u041d\u0438\u0436\u043d\u0438\u0439 \u041d\u043e\u0432\u0433\u043e\u0440\u043e\u0434","company_id":"22212","company_name":"\u041e\u041e\u041e \"\u042d\u043b\u0435\u043a\u0442\u0440\u043e\u0442\u0435\u0445\u043d\u0438\u0447\u0435\u0441\u043a\u0430\u044f \u043a\u043e\u043c\u043f\u0430\u043d\u0438\u044f \"\u0422\u043e\u043b\u0435\u0434\u043e\""},{"name":"\u0410\u041f\u0412 70 \u0431\u0435\u043b","amount":"0,006","amount_parts":"","unit":"\u043a\u043c","city":"\u041a\u0438\u0440\u043e\u0432","company_id":"19098","company_name":"\u041e\u041e\u041e \u0413\u0440\u043e\u0441\u0441-\u042d\u043b\u0435\u043a\u0442\u0440\u043e"},{"name":"\u0410\u041f\u0412 70 \u0431\u0435\u043b\u044b\u0439","amount":"0,035","amount_parts":"","unit":"\u043a\u043c","city":"\u0415\u043a\u0430\u0442\u0435\u0440\u0438\u043d\u0431\u0443\u0440\u0433","company_id":"6765","company_name":"\u0410\u043d\u0434\u0440\u0435\u0439 \u0415\u043a\u0430\u0442\u0435\u0440\u0438\u043d\u0431\u0443\u0440\u0433"}],"performedDatetime":"2014-07-23T00:19:47Z","authStatus":"0","accessDateEnd":""}
=====

select s.id, s.comp_id, s.title, s.quant, s.unit_id, s.comments, s.city from
		sklad_tovar s where visible=1 and (title like 'Апв%' or title like '% Апв%' or title like '%Апв%' or title like '%Апв%') order by  s.title LIMIT 0, 20
q2: select count(id) from sklad_tovar s where visible=1 and (title like 'Апв%' or title like '% Апв%' or title like '%Апв%' or title like '%Апв%')
 auth: 100 
=====
Query:
performedDatetime: 2014-07-23 00:20:22  0000
action: get_goods_data
sklad_user: Гость
appleId: BDF4A76C-CDC5-40C5-8057-9A073FCACF1F
sklad_hash: 91647606a112cd553f8326adf6e44237
searchTerm: Апв 6х1
resultsFrom: 0
sort: 0
cityFilter: 

=====
Response:
{"action":"get_goods_data","searchTerm":"\u0410\u043f\u0432 6\u04451","resultsFrom":0,"code":0,"resultsCount":"0","data":[],"performedDatetime":"2014-07-23T00:20:20Z","authStatus":"0","accessDateEnd":""}
=====

select s.id, s.comp_id, s.title, s.quant, s.unit_id, s.comments, s.city from
		sklad_tovar s where visible=1 and (title like 'Апв%' or title like '% Апв%' or title like '%Апв%' or title like '%Апв%') and (title like '6х1%' or title like '% 6х1%' or title like '%6x1%') order by  s.title LIMIT 0, 20
q2: select count(id) from sklad_tovar s where visible=1 and (title like 'Апв%' or title like '% Апв%' or title like '%Апв%' or title like '%Апв%') and (title like '6х1%' or title like '% 6х1%' or title like '%6x1%')
 auth: 100 
=====
Query:
performedDatetime: 2014-07-23 00:20:38  0000
action: get_goods_data
sklad_user: Гость
appleId: BDF4A76C-CDC5-40C5-8057-9A073FCACF1F
sklad_hash: 91647606a112cd553f8326adf6e44237
searchTerm: Апв 0,6х
resultsFrom: 0
sort: 0
cityFilter: 

=====
Response:
{"action":"get_goods_data","searchTerm":"\u0410\u043f\u0432 0,6\u0445","resultsFrom":0,"code":0,"resultsCount":"0","data":[],"performedDatetime":"2014-07-23T00:20:36Z","authStatus":"0","accessDateEnd":""}
=====

select s.id, s.comp_id, s.title, s.quant, s.unit_id, s.comments, s.city from
		sklad_tovar s where visible=1 and (title like 'Апв%' or title like '% Апв%' or title like '%Апв%' or title like '%Апв%') and (title like '%0,6х%' or title like '%0.6х%' or title like '%0,6x%' or title like '%0,6x%') order by  s.title LIMIT 0, 20
q2: select count(id) from sklad_tovar s where visible=1 and (title like 'Апв%' or title like '% Апв%' or title like '%Апв%' or title like '%Апв%') and (title like '%0,6х%' or title like '%0.6х%' or title like '%0,6x%' or title like '%0,6x%')
 auth: 100 
=====
Query:
performedDatetime: 2014-07-23 06:35:16  0000
action: get_goods_data
sklad_user: Гость
appleId: BDF4A76C-CDC5-40C5-8057-9A073FCACF1F
sklad_hash: 91647606a112cd553f8326adf6e44237
searchTerm: Апв
resultsFrom: 0
sort: 0
cityFilter: 

=====
Response:
{"action":"get_goods_data","searchTerm":"\u0410\u043f\u0432","resultsFrom":0,"sort":0,"cityFilter":"","code":0,"resultsCount":"1840","lastPage":0,"data":[{"name":"\u0410\u0412\u0412\u0413\/\u0410\u041f\u0412\u0413 3\u044550+1\u044525","amount":"0,192","amount_parts":"","unit":"\u043a\u043c","city":"\u041c\u043e\u0441\u043a\u0432\u0430","company_id":"4864","company_name":"\u041e\u041e\u041e \u0423\u043d\u0438\u0432\u0435\u0440\u0441\u0438\u0442\u0435\u0442  \u0441\u0435\u0440\u0432\u0438\u0441"},{"name":"\u0410\u041f\u0412 10 - 450\/750 \u0412","amount":"0,07","amount_parts":"","unit":"\u043a\u043c","city":"\u0422\u043e\u043c\u0441\u043a","company_id":"23632","company_name":"\u041e\u041e\u041e \u00ab\u0422\u043e\u043c\u0441\u043a\u043a\u0430\u0431\u0435\u043b\u044c\u00bb"},{"name":"\u0410\u041f\u0412 120 - 450\/750 \u0412","amount":"0,25","amount_parts":"","unit":"\u043a\u043c","city":"\u0422\u043e\u043c\u0441\u043a","company_id":"23632","company_name":"\u041e\u041e\u041e \u00ab\u0422\u043e\u043c\u0441\u043a\u043a\u0430\u0431\u0435\u043b\u044c\u00bb"},{"name":"\u0410\u041f\u0412 16 - 450\/750 \u0412","amount":"0,05","amount_parts":"","unit":"\u043a\u043c","city":"\u0422\u043e\u043c\u0441\u043a","company_id":"23632","company_name":"\u041e\u041e\u041e \u00ab\u0422\u043e\u043c\u0441\u043a\u043a\u0430\u0431\u0435\u043b\u044c\u00bb"},{"name":"\u0410\u041f\u0412 16 - 450\/750 \u0412","amount":"0,05","amount_parts":"","unit":"\u043a\u043c","city":"\u0422\u043e\u043c\u0441\u043a","company_id":"23632","company_name":"\u041e\u041e\u041e \u00ab\u0422\u043e\u043c\u0441\u043a\u043a\u0430\u0431\u0435\u043b\u044c\u00bb"},{"name":"\u0410\u041f\u0412 16 - 450\/750 \u0412","amount":"0,07","amount_parts":"","unit":"\u043a\u043c","city":"\u0422\u043e\u043c\u0441\u043a","company_id":"23632","company_name":"\u041e\u041e\u041e \u00ab\u0422\u043e\u043c\u0441\u043a\u043a\u0430\u0431\u0435\u043b\u044c\u00bb"},{"name":"\u0410\u041f\u0412 25 - 450\/750 \u0412","amount":"1,68","amount_parts":"","unit":"\u043a\u043c","city":"\u0422\u043e\u043c\u0441\u043a","company_id":"23632","company_name":"\u041e\u041e\u041e \u00ab\u0422\u043e\u043c\u0441\u043a\u043a\u0430\u0431\u0435\u043b\u044c\u00bb"},{"name":"\u0410\u041f\u0412 25 - 450\/750 \u0412","amount":"0,52","amount_parts":"","unit":"\u043a\u043c","city":"\u0422\u043e\u043c\u0441\u043a","company_id":"23632","company_name":"\u041e\u041e\u041e \u00ab\u0422\u043e\u043c\u0441\u043a\u043a\u0430\u0431\u0435\u043b\u044c\u00bb"},{"name":"\u0410\u041f\u0412 35 - 450\/750 \u0412","amount":"0,45","amount_parts":"","unit":"\u043a\u043c","city":"\u0422\u043e\u043c\u0441\u043a","company_id":"23632","company_name":"\u041e\u041e\u041e \u00ab\u0422\u043e\u043c\u0441\u043a\u043a\u0430\u0431\u0435\u043b\u044c\u00bb"},{"name":"\u0410\u041f\u0412 35 - 450\/750 \u0412","amount":"0,05","amount_parts":"","unit":"\u043a\u043c","city":"\u0422\u043e\u043c\u0441\u043a","company_id":"23632","company_name":"\u041e\u041e\u041e \u00ab\u0422\u043e\u043c\u0441\u043a\u043a\u0430\u0431\u0435\u043b\u044c\u00bb"},{"name":"\u0410\u041f\u0412 50 - 450\/750 \u0412","amount":"1,85","amount_parts":"","unit":"\u043a\u043c","city":"\u0422\u043e\u043c\u0441\u043a","company_id":"23632","company_name":"\u041e\u041e\u041e \u00ab\u0422\u043e\u043c\u0441\u043a\u043a\u0430\u0431\u0435\u043b\u044c\u00bb"},{"name":"\u0410\u041f\u0412 70","amount":"0,126","amount_parts":"","unit":"\u043a\u043c","city":"\u041f\u0435\u0440\u043c\u044c","company_id":"17570","company_name":"\u041e\u041e\u041e \u042d\u043b\u0435\u043a\u0442\u0440\u043e\u0422\u0435\u0445\u041a\u0430\u0431\u0435\u043b\u044c"},{"name":"\u0410\u041f\u0412 70","amount":"10,975","amount_parts":"","unit":"\u043a\u043c","city":"\u041f\u0435\u0440\u043c\u044c","company_id":"10417","company_name":"\u0424\u041f\u0413 \u041d\u0435\u0444\u0442\u0435\u0445\u0438\u043c\u043f\u0440\u043e\u043c"},{"name":"\u0410\u041f\u0412 70","amount":"2,015","amount_parts":"","unit":"\u043a\u043c","city":"\u0415\u043a\u0430\u0442\u0435\u0440\u0438\u043d\u0431\u0443\u0440\u0433","company_id":"19089","company_name":"\u041e\u041e\u041e \u041a\u0430\u0431\u0435\u043b\u044c\u043d\u044b\u0439 \u0446\u0435\u043d\u0442\u0440-\u0415\u043a\u0430\u0442\u0435\u0440\u0438\u043d\u0431\u0443\u0440\u0433"},{"name":"\u0410\u041f\u0412 70","amount":"2,015","amount_parts":"","unit":"\u043a\u043c","city":"\u0415\u043a\u0430\u0442\u0435\u0440\u0438\u043d\u0431\u0443\u0440\u0433","company_id":"16985","company_name":"\u041e\u041e\u041e \"\u041d\u043e\u0432\u0440\u0435\u043c\u0434\u043e\u0440\u043c\u0430\u0448\""},{"name":"\u0410\u041f\u0412 70","amount":"0,1","amount_parts":"","unit":"\u043a\u043c","city":"\u041a\u0440\u0430\u0441\u043d\u043e\u044f\u0440\u0441\u043a","company_id":"8363","company_name":"\u041e\u041e\u041e \u0421\u0438\u0431\u0421\u0442\u0440\u043e\u0439\u0420\u0435\u0441\u0443\u0440\u0441 2000"},{"name":"\u0410\u041f\u0412 70","amount":"10,875","amount_parts":"2.455; 2.455; 1.266; 3.499; 1.2; ","unit":"\u043a\u043c","city":"\u041f\u0435\u0440\u043c\u044c","company_id":"16985","company_name":"\u041e\u041e\u041e \"\u041d\u043e\u0432\u0440\u0435\u043c\u0434\u043e\u0440\u043c\u0430\u0448\""},{"name":"\u0410\u041f\u0412 70 (\u043c\u0436) \u0431\u0435\u043b\u044b\u0439","amount":"0,565","amount_parts":"","unit":"\u043a\u043c","city":"\u041d\u0438\u0436\u043d\u0438\u0439 \u041d\u043e\u0432\u0433\u043e\u0440\u043e\u0434","company_id":"22212","company_name":"\u041e\u041e\u041e \"\u042d\u043b\u0435\u043a\u0442\u0440\u043e\u0442\u0435\u0445\u043d\u0438\u0447\u0435\u0441\u043a\u0430\u044f \u043a\u043e\u043c\u043f\u0430\u043d\u0438\u044f \"\u0422\u043e\u043b\u0435\u0434\u043e\""},{"name":"\u0410\u041f\u0412 70 \u0431\u0435\u043b","amount":"0,006","amount_parts":"","unit":"\u043a\u043c","city":"\u041a\u0438\u0440\u043e\u0432","company_id":"19098","company_name":"\u041e\u041e\u041e \u0413\u0440\u043e\u0441\u0441-\u042d\u043b\u0435\u043a\u0442\u0440\u043e"},{"name":"\u0410\u041f\u0412 70 \u0431\u0435\u043b\u044b\u0439","amount":"0,035","amount_parts":"","unit":"\u043a\u043c","city":"\u0415\u043a\u0430\u0442\u0435\u0440\u0438\u043d\u0431\u0443\u0440\u0433","company_id":"6765","company_name":"\u0410\u043d\u0434\u0440\u0435\u0439 \u0415\u043a\u0430\u0442\u0435\u0440\u0438\u043d\u0431\u0443\u0440\u0433"}],"performedDatetime":"2014-07-23T06:35:17Z","authStatus":"0","accessDateEnd":""}
=====

select s.id, s.comp_id, s.title, s.quant, s.unit_id, s.comments, s.city from
		sklad_tovar s where visible=1 and (title like 'Апв%' or title like '% Апв%' or title like '%Апв%' or title like '%Апв%') order by  s.title LIMIT 0, 20
q2: select count(id) from sklad_tovar s where visible=1 and (title like 'Апв%' or title like '% Апв%' or title like '%Апв%' or title like '%Апв%')
 auth: 100 
=====
Query:
performedDatetime: 2014-07-23 06:35:24  0000
action: get_company_data
sklad_user: Гость
appleId: BDF4A76C-CDC5-40C5-8057-9A073FCACF1F
sklad_hash: 91647606a112cd553f8326adf6e44237
company_id: 4864

=====
Response:
{"action":"get_company_data","code":0,"data":{"company_id":4864,"title":"\u041e\u041e\u041e \u0423\u043d\u0438\u0432\u0435\u0440\u0441\u0438\u0442\u0435\u0442  \u0441\u0435\u0440\u0432\u0438\u0441","city":"\u041c\u043e\u0441\u043a\u0432\u0430","address":"117234,\u041c\u043e\u0441\u043a\u0432\u0430, \u0421\u043f\u0430\u0440\u0442\u0430\u043a\u043e\u0432\u0441\u043a\u0430\u044f \u043f\u043b\u043e\u0449\u0430\u0434\u044c \u0434.1","phone":"8-926-905-94-60,\u043c\u043e\u0431.","email":"imperial_60@mail.ru","url":"http:\/\/www.cable.3dn.ru","contact":"\u041d\u0430\u0442\u0430\u043b\u044c\u044f,\u0420\u043e\u043c\u0430\u043d","goods_count":"805","last_update":"15.07.2014"},"performedDatetime":"2014-07-23T06:35:26Z","authStatus":"0","accessDateEnd":""}
=====

select distinct city from sklad_tovar where comp_id= and city!='' order by city
q2: 
 auth: 100 
=====
Query:
performedDatetime: 2014-07-23 06:35:41  0000
action: get_company_data
sklad_user: Гость
appleId: BDF4A76C-CDC5-40C5-8057-9A073FCACF1F
sklad_hash: 91647606a112cd553f8326adf6e44237
company_id: 23632

=====
Response:
{"action":"get_company_data","code":0,"data":{"company_id":23632,"title":"\u041e\u041e\u041e \u00ab\u0422\u043e\u043c\u0441\u043a\u043a\u0430\u0431\u0435\u043b\u044c\u00bb","city":"","address":"\u0420\u043e\u0441\u0441\u0438\u044f, 634059, \u0433. \u0422\u043e\u043c\u0441\u043a, \u0443\u043b. \u0421\u043c\u0438\u0440\u043d\u043e\u0432\u0430, 3","phone":"1000000000","email":"batia@tomskcable.ru","url":"http:\/\/www.tomskcable.ru","contact":"\u0411\u0430\u0442\u0443\u0440\u0430 \u0418\u0440\u0438\u043d\u0430 \u0410\u043b\u0435\u043a\u0441\u0430\u043d\u0434\u0440\u043e\u0432\u043d\u0430","goods_count":"359","last_update":"23.07.2014"},"performedDatetime":"2014-07-23T06:35:43Z","authStatus":"0","accessDateEnd":""}
=====

select distinct city from sklad_tovar where comp_id= and city!='' order by city
q2: 
 auth: 100 
=====
Query:
performedDatetime: 2014-07-23 06:36:04  0000
action: get_goods_data
sklad_user: Гость
appleId: BDF4A76C-CDC5-40C5-8057-9A073FCACF1F
sklad_hash: 91647606a112cd553f8326adf6e44237
searchTerm: Нак
resultsFrom: 0
sort: 0
cityFilter: 

=====
Response:
{"action":"get_goods_data","searchTerm":"\u041d\u0430\u043a","resultsFrom":0,"code":0,"resultsCount":"0","data":[],"performedDatetime":"2014-07-23T06:36:06Z","authStatus":"0","accessDateEnd":""}
=====

select s.id, s.comp_id, s.title, s.quant, s.unit_id, s.comments, s.city from
		sklad_tovar s where visible=1 and (title like 'Нак%' or title like '% Нак%') order by  s.title LIMIT 0, 20
q2: select count(id) from sklad_tovar s where visible=1 and (title like 'Нак%' or title like '% Нак%')
 auth: 100 
=====
Query:
performedDatetime: 2014-07-23 06:36:22  0000
action: get_goods_data
sklad_user: Гость
appleId: BDF4A76C-CDC5-40C5-8057-9A073FCACF1F
sklad_hash: 91647606a112cd553f8326adf6e44237
searchTerm: Нсг
resultsFrom: 0
sort: 0
cityFilter: 

=====
Response:
{"action":"get_goods_data","searchTerm":"\u041d\u0441\u0433","resultsFrom":0,"code":0,"resultsCount":"0","data":[],"performedDatetime":"2014-07-23T06:36:24Z","authStatus":"0","accessDateEnd":""}
=====

select s.id, s.comp_id, s.title, s.quant, s.unit_id, s.comments, s.city from
		sklad_tovar s where visible=1 and (title like 'Нсг%' or title like '% Нсг%') order by  s.title LIMIT 0, 20
q2: select count(id) from sklad_tovar s where visible=1 and (title like 'Нсг%' or title like '% Нсг%')
 auth: 100 
=====
Query:
performedDatetime: 2014-07-23 06:36:39  0000
action: get_goods_data
sklad_user: Гость
appleId: BDF4A76C-CDC5-40C5-8057-9A073FCACF1F
sklad_hash: 91647606a112cd553f8326adf6e44237
searchTerm: Nsr
resultsFrom: 0
sort: 0
cityFilter: 

=====
Response:
{"action":"get_goods_data","searchTerm":"Nsr","resultsFrom":0,"code":0,"resultsCount":"0","data":[],"performedDatetime":"2014-07-23T06:36:41Z","authStatus":"0","accessDateEnd":""}
=====

select s.id, s.comp_id, s.title, s.quant, s.unit_id, s.comments, s.city from
		sklad_tovar s where visible=1 and (title like 'Nsr%' or title like '% Nsr%') order by  s.title LIMIT 0, 20
q2: select count(id) from sklad_tovar s where visible=1 and (title like 'Nsr%' or title like '% Nsr%')
 auth: 100 
=====
Query:
performedDatetime: 2014-07-23 06:36:50  0000
action: get_goods_data
sklad_user: Гость
appleId: BDF4A76C-CDC5-40C5-8057-9A073FCACF1F
sklad_hash: 91647606a112cd553f8326adf6e44237
searchTerm: Nag
resultsFrom: 0
sort: 0
cityFilter: 

=====
Response:
{"action":"get_goods_data","searchTerm":"Nag","resultsFrom":0,"code":0,"resultsCount":"0","data":[],"performedDatetime":"2014-07-23T06:36:52Z","authStatus":"0","accessDateEnd":""}
=====

select s.id, s.comp_id, s.title, s.quant, s.unit_id, s.comments, s.city from
		sklad_tovar s where visible=1 and (title like 'Nag%' or title like '% Nag%') order by  s.title LIMIT 0, 20
q2: select count(id) from sklad_tovar s where visible=1 and (title like 'Nag%' or title like '% Nag%')
 auth: 100 
=====
Query:
performedDatetime: 2014-07-23 06:37:02  0000
action: get_goods_data
sklad_user: Гость
appleId: BDF4A76C-CDC5-40C5-8057-9A073FCACF1F
sklad_hash: 91647606a112cd553f8326adf6e44237
searchTerm: Nak
resultsFrom: 0
sort: 0
cityFilter: 

=====
Response:
{"action":"get_goods_data","searchTerm":"Nak","resultsFrom":0,"code":0,"resultsCount":"0","data":[],"performedDatetime":"2014-07-23T06:37:07Z","authStatus":"0","accessDateEnd":""}
=====

select s.id, s.comp_id, s.title, s.quant, s.unit_id, s.comments, s.city from
		sklad_tovar s where visible=1 and (title like 'Nak%' or title like '% Nak%') order by  s.title LIMIT 0, 20
q2: select count(id) from sklad_tovar s where visible=1 and (title like 'Nak%' or title like '% Nak%')
 auth: 100 
=====
Query:
performedDatetime: 2014-07-23 06:37:17  0000
action: get_goods_data
sklad_user: Гость
appleId: BDF4A76C-CDC5-40C5-8057-9A073FCACF1F
sklad_hash: 91647606a112cd553f8326adf6e44237
searchTerm: Nsk
resultsFrom: 0
sort: 0
cityFilter: 

=====
Response:
{"action":"get_goods_data","searchTerm":"Nsk","resultsFrom":0,"code":0,"resultsCount":"0","data":[],"performedDatetime":"2014-07-23T06:37:19Z","authStatus":"0","accessDateEnd":""}
=====

select s.id, s.comp_id, s.title, s.quant, s.unit_id, s.comments, s.city from
		sklad_tovar s where visible=1 and (title like 'Nsk%' or title like '% Nsk%') order by  s.title LIMIT 0, 20
q2: select count(id) from sklad_tovar s where visible=1 and (title like 'Nsk%' or title like '% Nsk%')
 auth: 100 
=====
Query:
performedDatetime: 2014-07-23 07:07:37  0000
action: get_text

=====
Response:
{"action":"get_text","code":0,"data":"","performedDatetime":"2014-07-23T07:07:39Z","authStatus":"10"}
=====


q2: 
 auth: 0 
=====
Query:
performedDatetime: 2014-07-23 07:11:12  0000
action: get_goods_data
sklad_user: Гость
appleId: FC4D5CDA-47A8-4098-8901-869CF421D08F
sklad_hash: eb872eaf1b3999852c734fd1e35bdde6
searchTerm: АВВГ 4х25
resultsFrom: 0
sort: 0
cityFilter: 

=====
Response:
{"action":"get_goods_data","searchTerm":"\u0410\u0412\u0412\u0413 4\u044525","resultsFrom":0,"sort":0,"cityFilter":"","code":0,"resultsCount":"66","lastPage":0,"data":[{"name":"\u0410\u0412\u0412\u0413 4\u044525","amount":"0,2","amount_parts":"","unit":"\u043a\u043c","city":"\u041c\u043e\u0441\u043a\u0432\u0430","company_id":"7655","company_name":"\u041e\u041e\u041e \u042d\u043b\u0442\u0435\u043a\u043e\u043c \u0422\u041a"},{"name":"\u0410\u0412\u0412\u0413 4\u044525","amount":"0,032","amount_parts":"","unit":"\u043a\u043c","city":"\u041d\u043e\u0432\u043e\u0441\u0438\u0431\u0438\u0440\u0441\u043a","company_id":"8749","company_name":"\u0417\u0430\u043f\u0441\u0438\u0431\u043a\u0430\u0431\u0435\u043b\u044c"},{"name":"\u0410\u0412\u0412\u0413 4\u044525","amount":"0,084","amount_parts":"","unit":"\u043a\u043c","city":"\u041c\u043e\u0441\u043a\u0432\u0430","company_id":"4864","company_name":"\u041e\u041e\u041e \u0423\u043d\u0438\u0432\u0435\u0440\u0441\u0438\u0442\u0435\u0442  \u0441\u0435\u0440\u0432\u0438\u0441"},{"name":"\u0410\u0412\u0412\u0413 4\u044525","amount":"0,06","amount_parts":"","unit":"\u043a\u043c","city":"\u041e\u0431\u043d\u0438\u043d\u0441\u043a","company_id":"18536","company_name":"\u041e\u041e\u041e \u041f\u041a\u0424 \"\u042d\u043b\u0435\u043a\u0442\u0440\u043e-\u041c\u0438\u0440\""},{"name":"\u0410\u0412\u0412\u0413 4\u044525","amount":"1,07","amount_parts":"","unit":"\u043a\u043c","city":"\u041c\u043e\u0441\u043a\u0432\u0430","company_id":"22412","company_name":"\u041e\u041e\u041e \u041a\u041e\u0420\u041f\u041e\u0420\u0410\u0426\u0418\u042f \u0411\u0430\u043b\u0442\u041f\u0440\u043e\u043c\u041a\u043e\u043c\u043f\u043b\u0435\u043a\u0442"},{"name":"\u0410\u0412\u0412\u0413 4\u044525","amount":"1,45","amount_parts":"","unit":"\u043a\u043c","city":"\u041f\u0435\u0440\u043c\u044c","company_id":"17570","company_name":"\u041e\u041e\u041e \u042d\u043b\u0435\u043a\u0442\u0440\u043e\u0422\u0435\u0445\u041a\u0430\u0431\u0435\u043b\u044c"},{"name":"\u0410\u0412\u0412\u0413 4\u044525","amount":"0,73","amount_parts":"","unit":"\u043a\u043c","city":"\u0427\u0435\u043b\u044f\u0431\u0438\u043d\u0441\u043a","company_id":"12455","company_name":"\u041e\u041e\u041e \u042e\u0436\u0443\u0440\u0430\u043b\u043a\u0430\u0431\u0435\u043b\u044c"},{"name":"\u0410\u0412\u0412\u0413 4\u044525","amount":"1,07","amount_parts":"","unit":"\u043a\u043c","city":"\u0421\u0430\u043d\u043a\u0442-\u041f\u0435\u0442\u0435\u0440\u0431\u0443\u0440\u0433","company_id":"16940","company_name":"\u041e\u041e\u041e \"\u041e\u043f\u0442\u0413\u0440\u0443\u043f\u043f\""},{"name":"\u0410\u0412\u0412\u0413 4\u044525","amount":"0,06","amount_parts":"","unit":"\u043a\u043c","city":"\u0427\u0435\u043b\u044f\u0431\u0438\u043d\u0441\u043a","company_id":"12417","company_name":"\u041e\u041e\u041e \u042e\u0436\u0423\u0440\u0430\u043b\u042d\u043b\u0435\u043a\u0442\u0440\u043e\u041a\u0430\u0431\u0435\u043b\u044c"},{"name":"\u0410\u0412\u0412\u0413 4\u044525","amount":"6,466","amount_parts":"","unit":"\u043a\u043c","city":"\u041a\u043e\u043b\u044c\u0447\u0443\u0433\u0438\u043d\u043e","company_id":"4131","company_name":"\u041e\u041e\u041e \"\u041c\u0435\u0442\u041a\u0430\u0431\u0421\u043e\u044e\u0437\""},{"name":"\u0410\u0412\u0412\u0413 4\u044525","amount":"0,1","amount_parts":"","unit":"\u043a\u043c","city":"\u0421\u0430\u043c\u0430\u0440\u0430","company_id":"15502","company_name":"\u041e\u041e\u041e \u041f\u0430\u0440\u0438\u0442\u0435\u0442"},{"name":"\u0410\u0412\u0412\u0413 4\u044525","amount":"0,013","amount_parts":"","unit":"\u043a\u043c","city":"\u041a\u0440\u0430\u0441\u043d\u043e\u0434\u0430\u0440","company_id":"13148","company_name":"\u041e\u041e\u041e \u0418\u043d\u0442\u0435\u0440\u043a\u043e\u043c"},{"name":"\u0410\u0412\u0412\u0413 4\u044525","amount":"0,105","amount_parts":"","unit":"\u043a\u043c","city":"\u0410\u0440\u0445\u0430\u043d\u0433\u0435\u043b\u044c\u0441\u043a","company_id":"20371","company_name":"\u041e\u041e\u041e \u042d\u043d\u0435\u0440\u0433\u043e\u0440\u0435\u0441\u0443\u0440\u0441"},{"name":"\u0410\u0412\u0412\u0413 4\u044525","amount":"0,024","amount_parts":"","unit":"\u043a\u043c","city":"\u0423\u0444\u0430","company_id":"8479","company_name":"\u0427\u0430\u0441\u0442\u043d\u0430\u044f \u0421\u041a-\u0423\u0420\u0410\u041b"},{"name":"\u0410\u0412\u0412\u0413 4\u044525","amount":"0,09","amount_parts":"0,018; 0,072; ","unit":"\u043a\u043c","city":"\u041f\u0435\u0440\u043c\u044c","company_id":"19481","company_name":"\u041e\u041e\u041e \u041f\u0440\u043e\u043c\u042d\u043b\u0435\u043a\u0442\u0440\u043e\u041a\u043e\u043c\u043f\u043b\u0435\u043a\u0442"},{"name":"\u0410\u0412\u0412\u0413 4\u044525","amount":"0,07","amount_parts":"","unit":"\u043a\u043c","city":"\u041c\u043e\u0441\u043a\u0432\u0430","company_id":"140","company_name":"\u041e\u041e\u041e \u042d\u0422\u041c\u0421"},{"name":"\u0410\u0412\u0412\u0413 4\u044525","amount":"2,198","amount_parts":"1230; 920; 48","unit":"\u043a\u043c","city":"\u041c\u043e\u0441\u043a\u0432\u0430","company_id":"1032","company_name":"\u041e\u041e\u041e \u0413\u041a \"\u041a\u0430\u0431\u0435\u043b\u044c\u0441\u0442\u0440\u043e\u0439\u0441\u0435\u0440\u0432\u0438\u0441\""},{"name":"\u0410\u0412\u0412\u0413 4\u044525","amount":"0,0765","amount_parts":"","unit":"\u043a\u043c","city":"\u041c\u043e\u0441\u043a\u0432\u0430","company_id":"7923","company_name":"\u0417\u0410\u041e \u041e\u0412\u041b-\u042d\u043d\u0435\u0440\u0433\u043e"},{"name":"\u0410\u0412\u0412\u0413 4\u044525","amount":"0,048","amount_parts":"","unit":"\u043a\u043c","city":"\u041f\u0435\u0440\u043c\u044c","company_id":"3601","company_name":"\u041e\u041e\u041e \"\u0422\u041c\u041a-\u042d\u041d\u0415\u0420\u0413\u041e\""},{"name":"\u0410\u0412\u0412\u0413 4\u044525","amount":"0,03","amount_parts":"","unit":"\u043a\u043c","city":"\u042f\u0440\u043e\u0441\u043b\u0430\u0432\u043b\u044c","company_id":"9501","company_name":"\u041e\u041e\u041e \u0410\u043b\u044c\u0444\u0430\u0442\u0435\u0445"}],"performedDatetime":"2014-07-23T07:11:16Z","authStatus":"0","accessDateEnd":""}
=====

select s.id, s.comp_id, s.title, s.quant, s.unit_id, s.comments, s.city from
		sklad_tovar s where visible=1 and (title like 'АВВГ%' or title like '% АВВГ%' or title like '%АВВГ%' or title like '%АВВГ%') and (title like '4х25%' or title like '% 4х25%' or title like '%4x25%') order by  s.title LIMIT 0, 20
q2: select count(id) from sklad_tovar s where visible=1 and (title like 'АВВГ%' or title like '% АВВГ%' or title like '%АВВГ%' or title like '%АВВГ%') and (title like '4х25%' or title like '% 4х25%' or title like '%4x25%')
 auth: 100 
=====
Query:
performedDatetime: 2014-07-23 07:11:36  0000
action: get_goods_data
sklad_user: Гость
appleId: FC4D5CDA-47A8-4098-8901-869CF421D08F
sklad_hash: eb872eaf1b3999852c734fd1e35bdde6
searchTerm: АВВГ 4х25
resultsFrom: 1
sort: 0
cityFilter: 

=====
Response:
{"action":"get_goods_data","searchTerm":"\u0410\u0412\u0412\u0413 4\u044525","resultsFrom":1,"sort":0,"cityFilter":"","code":0,"resultsCount":"66","lastPage":0,"data":[{"name":"\u0410\u0412\u0412\u0413 4\u044525","amount":"15,0248","amount_parts":"","unit":"\u043a\u043c","city":"\u0427\u0435\u0431\u043e\u043a\u0441\u0430\u0440\u044b","company_id":"12137","company_name":"\u041e\u041e\u041e \u041e\u043c\u0435\u0433\u0430"},{"name":"\u0410\u0412\u0412\u0413 4\u044525","amount":"0,16","amount_parts":"0,15; 0,01; ","unit":"\u043a\u043c","city":"\u0420\u0435\u0443\u0442\u043e\u0432","company_id":"372","company_name":"\u041f\u0420\u0415\u0421\u0421\u041a\u041e"},{"name":"\u0410\u0412\u0412\u0413 4\u044525","amount":"0,6","amount_parts":"","unit":"\u043a\u043c","city":"\u041a\u0440\u0430\u0441\u043d\u043e\u044f\u0440\u0441\u043a","company_id":"8363","company_name":"\u041e\u041e\u041e \u0421\u0438\u0431\u0421\u0442\u0440\u043e\u0439\u0420\u0435\u0441\u0443\u0440\u0441 2000"},{"name":"\u0410\u0412\u0412\u0413 4\u044525","amount":"0,09","amount_parts":"0,018; 0,072; ","unit":"\u043a\u043c","city":"\u041f\u0435\u0440\u043c\u044c","company_id":"18149","company_name":"\u041e\u041e\u041e \u041f\u0440\u043e\u043c\u0422\u042d\u041a"},{"name":"\u0410\u0412\u0412\u0413 4\u044525","amount":"1,05","amount_parts":"","unit":"\u043a\u043c","city":"\u041c\u043e\u0441\u043a\u0432\u0430","company_id":"15976","company_name":"\u041e\u041e\u041e \u041a\u0430\u0431\u0435\u043b\u044c\u043d\u0430\u044f \u043a\u043e\u043c\u043f\u0430\u043d\u0438\u044f \u042d\u0420\u041c\u0410\u041d\u041e"},{"name":"\u0410\u0412\u0412\u0413 4\u044525 (\u041c\u041d)","amount":"0,1833","amount_parts":"","unit":"\u043a\u043c","city":"\u041a\u0438\u0440\u043e\u0432","company_id":"4493","company_name":"\u041c\u0430\u0440\u0442\u044b\u043d\u043e\u0432\u0430 \u041b\u0438\u0430\u043d\u0430 \u0410\u043b\u0435\u043a\u0441\u0430\u043d\u0434\u0440\u043e\u0432\u043d\u0430"},{"name":"\u0410\u0412\u0412\u0413 4\u044525 (\u041e\u0416)","amount":"1,0145","amount_parts":"","unit":"\u043a\u043c","city":"\u041a\u0438\u0440\u043e\u0432","company_id":"4493","company_name":"\u041c\u0430\u0440\u0442\u044b\u043d\u043e\u0432\u0430 \u041b\u0438\u0430\u043d\u0430 \u0410\u043b\u0435\u043a\u0441\u0430\u043d\u0434\u0440\u043e\u0432\u043d\u0430"},{"name":"\u0410\u0412\u0412\u0413 4\u044525 (\u043e\u0436)","amount":"1,505","amount_parts":"","unit":"\u043a\u043c","city":"\u041c\u043e\u0441\u043a\u0432\u0430","company_id":"4290","company_name":"\u041e\u041e\u041e \u0413\u0430\u043b\u043b\u0430-\u041a\u0430\u0431\u0435\u043b\u044c"},{"name":"\u0410\u0412\u0412\u0413 4\u044525 \u041e\u0416","amount":"0,03","amount_parts":"","unit":"\u043a\u043c","city":"\u0415\u043a\u0430\u0442\u0435\u0440\u0438\u043d\u0431\u0443\u0440\u0433","company_id":"8456","company_name":"\u041e\u041e\u041e \"\u041f\u0440\u043e\u043c\u042d\u043b\u0435\u043a\u0442\u0440\u043e\u041a\u0430\u0431\u0435\u043b\u044c\""},{"name":"\u0410\u0412\u0412\u0413 4\u044525 \u043e\u043a-0,66","amount":"3,056","amount_parts":"","unit":"\u043a\u043c","city":"\u041c\u043e\u0441\u043a\u0432\u0430","company_id":"17486","company_name":"\u041e\u041e\u041e \u042d\u043b\u043a\u043e\u043c-\u042d\u043b\u0435\u043a\u0442\u0440\u043e"},{"name":"\u0410\u0412\u0412\u0413 4\u044525 \u0447\u0451\u0440\u043d\u044b\u0439","amount":"0,022","amount_parts":"","unit":"\u043a\u043c","city":"\u0421\u0430\u043d\u043a\u0442-\u041f\u0435\u0442\u0435\u0440\u0431\u0443\u0440\u0433","company_id":"21499","company_name":"\u042d\u043b\u0435\u043a\u0442\u0440\u043e\u043e\u0431\u043e\u0440\u0443\u0434\u043e\u0432\u0430\u043d\u0438\u0435"},{"name":"\u0410\u0412\u0412\u0413 4\u044525(\u043e\u0436)-0.66","amount":"1,594","amount_parts":"","unit":"\u043a\u043c","city":"\u0421\u0430\u043d\u043a\u0442-\u041f\u0435\u0442\u0435\u0440\u0431\u0443\u0440\u0433","company_id":"9328","company_name":"\u041e\u041e\u041e \u041a\u0430\u0431\u0435\u043b\u044c-\u0418\u041c\u041f\u042d\u041a\u0421"},{"name":"\u0410\u0412\u0412\u0413 4\u042525,0","amount":"0,7","amount_parts":"","unit":"\u043a\u043c","city":"\u041c\u043e\u0441\u043a\u0432\u0430","company_id":"65","company_name":"\u041e\u041e\u041e \u0424\u041e\u0420\u0415\u0421 \u0422\u041f\u041a"},{"name":"\u0410\u0412\u0412\u0413 4\u044525-0,66","amount":"0,65","amount_parts":"","unit":"\u043a\u043c","city":"\u041a\u0440\u0430\u0441\u043d\u043e\u0434\u0430\u0440","company_id":"8246","company_name":"\u041e\u041e\u041e \u041f\u041a\u0424 \"\u042e\u0433\u0442\u0435\u043b\u0435\u043a\u0430\u0431\u0435\u043b\u044c\""},{"name":"\u0410\u0412\u0412\u0413 4\u044525-0,66 \u0422\u0423 3500-076-21059747-2010","amount":"0,65","amount_parts":"","unit":"\u043a\u043c","city":"\u041a\u043e\u043b\u044c\u0447\u0443\u0433\u0438\u043d\u043e","company_id":"22088","company_name":"\u0425\u043e\u043b\u0434\u0438\u043d\u0433 \u041a\u0430\u0431\u0435\u043b\u044c\u043d\u044b\u0439 \u0410\u043b\u044c\u044f\u043d\u0441"},{"name":"\u0410\u0412\u0412\u0413 4\u044525-1","amount":"2,399","amount_parts":"","unit":"\u043a\u043c","city":"\u0427\u0435\u0431\u043e\u043a\u0441\u0430\u0440\u044b","company_id":"5563","company_name":"\u0425\u0430\u0440\u0438\u0442\u043e\u043d\u043e\u0432 \u041c\u0438\u0445\u0430\u0438\u043b \u0415\u0432\u0433\u0435\u043d\u044c\u0435\u0432\u0438\u0447"},{"name":"\u0410\u0412\u0412\u0413 4\u044525\u043c\u043a(N)-1","amount":"1,817","amount_parts":"","unit":"\u043a\u043c","city":"\u0422\u0432\u0435\u0440\u044c","company_id":"22749","company_name":"\u041e\u0410\u041e \u0422\u0432\u0435\u0440\u044c\u044d\u043d\u0435\u0440\u0433\u043e\u043a\u0430\u0431\u0435\u043b\u044c"},{"name":"\u0410\u0412\u0412\u0413 4\u044525\u043e\u0436 0.66 \u043a\u0412.","amount":"1,771","amount_parts":"","unit":"\u043a\u043c","city":"\u041d\u043e\u0432\u043e\u0441\u0438\u0431\u0438\u0440\u0441\u043a","company_id":"15992","company_name":"\u041e\u041e\u041e \u042d\u0422\u0421-\u042d\u043b\u0441\u0438\u0441"},{"name":"\u0410\u0412\u0412\u0413 4\u044525\u043e\u043a(N)-0,66","amount":"0,145","amount_parts":"","unit":"\u043a\u043c","city":"\u041a\u0440\u0430\u0441\u043d\u043e\u0434\u0430\u0440","company_id":"19805","company_name":"\u041e\u041e\u041e \u0422\u0414 \"\u042e\u0436\u043d\u0430\u044f \u043a\u0430\u0431\u0435\u043b\u044c\u043d\u0430\u044f \u043a\u043e\u043c\u043f\u0430\u043d\u0438\u044f\""},{"name":"\u0410\u0412\u0412\u0413 4\u044525\u043e\u043a(N)-0,66 \u0422\u0423 16-705.499-2010 (\u0413\u041e\u0421\u0422 \u0420 53769-2010)","amount":"2,967","amount_parts":"0.493; 0.606; 0.298; 1.07; 0.5; ","unit":"\u043a\u043c","city":"\u0422\u043e\u043c\u0441\u043a","company_id":"22088","company_name":"\u0425\u043e\u043b\u0434\u0438\u043d\u0433 \u041a\u0430\u0431\u0435\u043b\u044c\u043d\u044b\u0439 \u0410\u043b\u044c\u044f\u043d\u0441"}],"performedDatetime":"2014-07-23T07:11:38Z","authStatus":"0","accessDateEnd":""}
=====

select s.id, s.comp_id, s.title, s.quant, s.unit_id, s.comments, s.city from
		sklad_tovar s where visible=1 and (title like 'АВВГ%' or title like '% АВВГ%' or title like '%АВВГ%' or title like '%АВВГ%') and (title like '4х25%' or title like '% 4х25%' or title like '%4x25%') order by  s.title LIMIT 20, 20
q2: select count(id) from sklad_tovar s where visible=1 and (title like 'АВВГ%' or title like '% АВВГ%' or title like '%АВВГ%' or title like '%АВВГ%') and (title like '4х25%' or title like '% 4х25%' or title like '%4x25%')
 auth: 100 
=====
Query:
performedDatetime: 2014-07-23 07:11:54  0000
action: get_company_data
sklad_user: Гость
appleId: FC4D5CDA-47A8-4098-8901-869CF421D08F
sklad_hash: eb872eaf1b3999852c734fd1e35bdde6
company_id: 22088

=====
Response:
{"action":"get_company_data","code":0,"data":{"company_id":22088,"title":"\u0425\u043e\u043b\u0434\u0438\u043d\u0433 \u041a\u0430\u0431\u0435\u043b\u044c\u043d\u044b\u0439 \u0410\u043b\u044c\u044f\u043d\u0441","city":"\u0415\u043a\u0430\u0442\u0435\u0440\u0438\u043d\u0431\u0443\u0440\u0433","phone":"3432833333","email":"beldina_i@holdcable.com","url":"http:\/\/holdcable.com\/","contact":"\u0418\u0440\u0438\u043d\u0430","goods_count":"4591","last_update":"14.07.2014"},"performedDatetime":"2014-07-23T07:11:56Z","authStatus":"0","accessDateEnd":""}
=====

select distinct city from sklad_tovar where comp_id= and city!='' order by city
q2: 
 auth: 100 
=====
Query:
performedDatetime: 2014-07-23 07:12:46  0000
action: get_goods_data
sklad_user: Гость
appleId: FC4D5CDA-47A8-4098-8901-869CF421D08F
sklad_hash: eb872eaf1b3999852c734fd1e35bdde6
searchTerm: ВВГ 3х4
resultsFrom: 0
sort: 0
cityFilter: 

=====
Response:
{"action":"get_goods_data","searchTerm":"\u0412\u0412\u0413 3\u04454","resultsFrom":0,"sort":0,"cityFilter":"","code":0,"resultsCount":"421","lastPage":0,"data":[{"name":"\u0412\u0412\u0413 (\u0410)-\u041f 3\u04454,0","amount":"0,518","amount_parts":"","unit":"\u043a\u043c","city":"\u0410\u0440\u0445\u0430\u043d\u0433\u0435\u043b\u044c\u0441\u043a","company_id":"20371","company_name":"\u041e\u041e\u041e \u042d\u043d\u0435\u0440\u0433\u043e\u0440\u0435\u0441\u0443\u0440\u0441"},{"name":"\u0412\u0412\u0413 0,66\u043a\u0412 3\u04454","amount":"0,08","amount_parts":"","unit":"\u043a\u043c","city":"\u041c\u043e\u0441\u043a\u0432\u0430","company_id":"18400","company_name":"\u041e\u041e\u041e \u0414\u0438\u0430\u0434\u0430"},{"name":"\u0412\u0412\u0413 3x4-0,66 \u043a\u0412","amount":"0,07","amount_parts":"","unit":"\u043a\u043c","city":"\u041a\u0440\u0430\u0441\u043d\u043e\u0434\u0430\u0440","company_id":"4151","company_name":"\u041e\u041e\u041e \u042d\u043b\u0435\u043a\u0442\u0440\u043e\u0442\u0435\u0445\u043d\u0438\u0447\u0435\u0441\u043a\u0430\u044f \u043a\u043e\u043c\u043f\u0430\u043d\u0438\u044f"},{"name":"\u0412\u0412\u0413 3\u04454","amount":"0,118","amount_parts":"","unit":"\u043a\u043c","city":"\u041c\u043e\u0441\u043a\u0432\u0430","company_id":"6306","company_name":"\u0417\u0410\u041e \"\u041a\u0430\u0431\u0435\u043b\u044c\u0441\u043d\u0430\u0431\""},{"name":"\u0412\u0412\u0413 3\u04454","amount":"0,9","amount_parts":"","unit":"\u043a\u043c","city":"\u041c\u043e\u0441\u043a\u0432\u0430","company_id":"23649","company_name":"\u041e\u041e\u041e \"\u0421\u0410\u041d\u0412\u0418\""},{"name":"\u0412\u0412\u0413 3\u04454","amount":"0,07","amount_parts":"","unit":"\u043a\u043c","city":"\u041c\u043e\u0441\u043a\u0432\u0430","company_id":"18820","company_name":"\u041e\u041e\u041e \u041a\u0430\u0431\u0435\u043b\u044c\u043d\u044b\u0439 \u0410\u0443\u043a\u0446\u0438\u043e\u043d"},{"name":"\u0412\u0412\u0413 3\u04454","amount":"2,872","amount_parts":"2,645; 0,043; 0,074; 0,11; ","unit":"\u043a\u043c","city":"\u041f\u0435\u0440\u043c\u044c","company_id":"17640","company_name":"\u041e\u041e\u041e \"\u0415\u0432\u0440\u043e\u0441\u0442\u0440\u043e\u0439\""},{"name":"\u0412\u0412\u0413 3\u04454","amount":"0,1","amount_parts":"","unit":"\u043a\u043c","city":"\u0415\u043a\u0430\u0442\u0435\u0440\u0438\u043d\u0431\u0443\u0440\u0433","company_id":"22345","company_name":"\u041e\u041e\u041e \u042d\u043d\u0435\u0440\u0433\u043e\u0446\u0435\u043d\u0442\u0440-\u0415\u041a"},{"name":"\u0412\u0412\u0413 3\u04454","amount":"1","amount_parts":"","unit":"\u043a\u043c","city":"\u0423\u0444\u0430","company_id":"8479","company_name":"\u0427\u0430\u0441\u0442\u043d\u0430\u044f \u0421\u041a-\u0423\u0420\u0410\u041b"},{"name":"\u0412\u0412\u0413 3\u04454","amount":"0,437","amount_parts":"0,113; 0,324; ","unit":"\u043a\u043c","city":"\u0421\u0430\u043c\u0430\u0440\u0430","company_id":"15173","company_name":"\u041e\u041e\u041e \u0414\u0435\u0439\u0442\u0435\u0440\u0438\u0439 \u043f\u043b\u044e\u0441 \u042d\u043d\u0435\u0440\u0433\u043e\u0441\u043d\u0430\u0431"},{"name":"\u0412\u0412\u0413 3\u04454","amount":"0,9","amount_parts":"","unit":"\u043a\u043c","city":"\u041a\u0440\u0430\u0441\u043d\u043e\u044f\u0440\u0441\u043a","company_id":"8363","company_name":"\u041e\u041e\u041e \u0421\u0438\u0431\u0421\u0442\u0440\u043e\u0439\u0420\u0435\u0441\u0443\u0440\u0441 2000"},{"name":"\u0412\u0412\u0413 3\u04454","amount":"0,146","amount_parts":"","unit":"\u043a\u043c","city":"\u0421\u0430\u043d\u043a\u0442-\u041f\u0435\u0442\u0435\u0440\u0431\u0443\u0440\u0433","company_id":"16940","company_name":"\u041e\u041e\u041e \"\u041e\u043f\u0442\u0413\u0440\u0443\u043f\u043f\""},{"name":"\u0412\u0412\u0413 3\u04454","amount":"0,146","amount_parts":"","unit":"\u043a\u043c","city":"\u041c\u043e\u0441\u043a\u0432\u0430","company_id":"22412","company_name":"\u041e\u041e\u041e \u041a\u041e\u0420\u041f\u041e\u0420\u0410\u0426\u0418\u042f \u0411\u0430\u043b\u0442\u041f\u0440\u043e\u043c\u041a\u043e\u043c\u043f\u043b\u0435\u043a\u0442"},{"name":"\u0412\u0412\u0413 3\u04454","amount":"0,03","amount_parts":"","unit":"\u043a\u043c","city":"\u041c\u043e\u0441\u043a\u0432\u0430","company_id":"8783","company_name":"\u041e\u041e\u041e \u0424\u0430\u0432\u043e\u0440\u0438\u0442-\u042d\u043b\u0435\u043a\u0442\u0440\u043e"},{"name":"\u0412\u0412\u0413 3\u04454","amount":"3,993","amount_parts":"0,098; 3,833; 0,062; ","unit":"\u043a\u043c","city":"\u041f\u0435\u0440\u043c\u044c","company_id":"10969","company_name":"\u041e\u041e\u041e \u0410\u0428\u0422\u0420\u0415\u0412\u0415\u041b"},{"name":"\u0412\u0412\u0413 3\u04454","amount":"2,872","amount_parts":"0.043; 0.11; 0.074; 2.645; ","unit":"\u043a\u043c","city":"\u041f\u0435\u0440\u043c\u044c","company_id":"3601","company_name":"\u041e\u041e\u041e \"\u0422\u041c\u041a-\u042d\u041d\u0415\u0420\u0413\u041e\""},{"name":"\u0412\u0412\u0413 3\u04454","amount":"3,4273","amount_parts":"","unit":"\u043a\u043c","city":"\u0427\u0435\u0431\u043e\u043a\u0441\u0430\u0440\u044b","company_id":"12137","company_name":"\u041e\u041e\u041e \u041e\u043c\u0435\u0433\u0430"},{"name":"\u0412\u0412\u0413 3\u04454","amount":"0,955","amount_parts":"","unit":"\u043a\u043c","city":"\u0415\u043a\u0430\u0442\u0435\u0440\u0438\u043d\u0431\u0443\u0440\u0433","company_id":"8456","company_name":"\u041e\u041e\u041e \"\u041f\u0440\u043e\u043c\u042d\u043b\u0435\u043a\u0442\u0440\u043e\u041a\u0430\u0431\u0435\u043b\u044c\""},{"name":"\u0412\u0412\u0413 3\u04454","amount":"0,307","amount_parts":"","unit":"\u043a\u043c","city":"\u041b\u044e\u0431\u0435\u0440\u0446\u044b","company_id":"21212","company_name":"\u041e\u041e\u041e \"\u042d\u0421\u041a-\u041a\u0410\u0411\u0415\u041b\u042c\""},{"name":"\u0412\u0412\u0413 3\u04454 (\u041f\u0423\u041d\u041f)","amount":"0,96","amount_parts":"","unit":"\u043a\u043c","city":"\u041f\u0435\u0440\u043c\u044c","company_id":"17640","company_name":"\u041e\u041e\u041e \"\u0415\u0432\u0440\u043e\u0441\u0442\u0440\u043e\u0439\""}],"performedDatetime":"2014-07-23T07:12:51Z","authStatus":"0","accessDateEnd":""}
=====

select s.id, s.comp_id, s.title, s.quant, s.unit_id, s.comments, s.city from
		sklad_tovar s where visible=1 and (title like 'ВВГ%' or title like '% ВВГ%') and (title like '3х4%' or title like '% 3х4%' or title like '%3x4%') order by  s.title LIMIT 0, 20
q2: select count(id) from sklad_tovar s where visible=1 and (title like 'ВВГ%' or title like '% ВВГ%') and (title like '3х4%' or title like '% 3х4%' or title like '%3x4%')
 auth: 100 
=====
Query:
performedDatetime: 2014-07-23 07:13:05  0000
action: get_goods_data
sklad_user: Гость
appleId: FC4D5CDA-47A8-4098-8901-869CF421D08F
sklad_hash: eb872eaf1b3999852c734fd1e35bdde6
searchTerm: ВВГ 3х4
resultsFrom: 1
sort: 0
cityFilter: 

=====
Response:
{"action":"get_goods_data","searchTerm":"\u0412\u0412\u0413 3\u04454","resultsFrom":1,"sort":0,"cityFilter":"","code":0,"resultsCount":"421","lastPage":0,"data":[{"name":"\u0412\u0412\u0413 3\u04454 (\u041f\u0423\u041d\u041f)","amount":"0,96","amount_parts":"","unit":"\u043a\u043c","city":"\u041f\u0435\u0440\u043c\u044c","company_id":"3601","company_name":"\u041e\u041e\u041e \"\u0422\u041c\u041a-\u042d\u041d\u0415\u0420\u0413\u041e\""},{"name":"\u0412\u0412\u0413 3\u04454 FRLS \u043d\u0433","amount":"0,2","amount_parts":"","unit":"\u043a\u043c","city":"\u0415\u043a\u0430\u0442\u0435\u0440\u0438\u043d\u0431\u0443\u0440\u0433","company_id":"22345","company_name":"\u041e\u041e\u041e \u042d\u043d\u0435\u0440\u0433\u043e\u0446\u0435\u043d\u0442\u0440-\u0415\u041a"},{"name":"\u0412\u0412\u0413 3\u04454 LS \u043d\u0433","amount":"0,7","amount_parts":"","unit":"\u043a\u043c","city":"\u0415\u043a\u0430\u0442\u0435\u0440\u0438\u043d\u0431\u0443\u0440\u0433","company_id":"22345","company_name":"\u041e\u041e\u041e \u042d\u043d\u0435\u0440\u0433\u043e\u0446\u0435\u043d\u0442\u0440-\u0415\u041a"},{"name":"\u0412\u0412\u0413 3\u04454 \u043a\u0440.","amount":"0,15","amount_parts":"","unit":"\u043a\u043c","city":"\u041a\u043e\u043b\u044c\u0447\u0443\u0433\u0438\u043d\u043e","company_id":"4131","company_name":"\u041e\u041e\u041e \"\u041c\u0435\u0442\u041a\u0430\u0431\u0421\u043e\u044e\u0437\""},{"name":"\u0412\u0412\u0413 3\u04454 \u043a\u0440\u0443\u0433","amount":"1,702","amount_parts":"0,315; 0,035; 0,09; 0,073; 1,059; 0,13; ","unit":"\u043a\u043c","city":"\u041f\u0435\u0440\u043c\u044c","company_id":"17640","company_name":"\u041e\u041e\u041e \"\u0415\u0432\u0440\u043e\u0441\u0442\u0440\u043e\u0439\""},{"name":"\u0412\u0412\u0413 3\u04454 \u043a\u0440\u0443\u0433","amount":"1,702","amount_parts":"0.315; 1.059; 0.035; 0.073; 0.09; 0.13; ","unit":"\u043a\u043c","city":"\u041f\u0435\u0440\u043c\u044c","company_id":"3601","company_name":"\u041e\u041e\u041e \"\u0422\u041c\u041a-\u042d\u041d\u0415\u0420\u0413\u041e\""},{"name":"\u0412\u0412\u0413 3\u04454 \u043a\u0440\u0443\u0433\u043b","amount":"0,015","amount_parts":"","unit":"\u043a\u043c","city":"\u041d\u043e\u0432\u043e\u0441\u0438\u0431\u0438\u0440\u0441\u043a","company_id":"8749","company_name":"\u0417\u0430\u043f\u0441\u0438\u0431\u043a\u0430\u0431\u0435\u043b\u044c"},{"name":"\u0412\u0412\u0413 3\u04454 \u043d\u0433","amount":"0,825","amount_parts":"","unit":"\u043a\u043c","city":"\u0415\u043a\u0430\u0442\u0435\u0440\u0438\u043d\u0431\u0443\u0440\u0433","company_id":"22345","company_name":"\u041e\u041e\u041e \u042d\u043d\u0435\u0440\u0433\u043e\u0446\u0435\u043d\u0442\u0440-\u0415\u041a"},{"name":"\u0412\u0412\u0413 3\u04454 \u043f\u043b\u043e\u0441\u043a\u0438\u0439","amount":"3,186","amount_parts":"","unit":"\u043a\u043c","city":"\u0427\u0435\u0431\u043e\u043a\u0441\u0430\u0440\u044b","company_id":"12137","company_name":"\u041e\u041e\u041e \u041e\u043c\u0435\u0433\u0430"},{"name":"\u0412\u0412\u0413 3\u04454(N,PE)-0,66","amount":"1,08","amount_parts":"","unit":"\u043a\u043c","city":"\u041f\u0435\u0440\u043c\u044c","company_id":"19357","company_name":"\u041e\u041e\u041e \u0422\u0414 \"\u0423\u0440\u0430\u043b \u041f\u0430\u043a"},{"name":"\u0412\u0412\u0413 3\u04454(\u043e\u0436)","amount":"0,02","amount_parts":"","unit":"\u043a\u043c","city":"\u041a\u0430\u0437\u0430\u043d\u044c","company_id":"4993","company_name":"\u041e\u041e\u041e \"\u042d\u043b\u0435\u043a\u0442\u0440\u043e\u043a\u043e\u043c\u043f\u043b\u0435\u043a\u0442\""},{"name":"\u0412\u0412\u0413 3\u04454(\u043e\u0436)+1\u04452,5(\u043e\u0436)-0,66 \u0413\u041e\u0421\u0422 16442-80","amount":"0,01","amount_parts":"","unit":"\u043a\u043c","city":"\u0422\u043e\u043c\u0441\u043a","company_id":"22088","company_name":"\u0425\u043e\u043b\u0434\u0438\u043d\u0433 \u041a\u0430\u0431\u0435\u043b\u044c\u043d\u044b\u0439 \u0410\u043b\u044c\u044f\u043d\u0441"},{"name":"\u0412\u0412\u0413 3\u04454(\u043e\u0436)+1\u04452,5(\u043e\u0436)-1 \u043d\u0443\u043b.\u0436. \u0413\u041e\u0421\u0422 16442-80","amount":"1,609","amount_parts":"","unit":"\u043a\u043c","city":"\u041a\u043e\u043b\u044c\u0447\u0443\u0433\u0438\u043d\u043e","company_id":"22088","company_name":"\u0425\u043e\u043b\u0434\u0438\u043d\u0433 \u041a\u0430\u0431\u0435\u043b\u044c\u043d\u044b\u0439 \u0410\u043b\u044c\u044f\u043d\u0441"},{"name":"\u0412\u0412\u0413 3\u04454+1\u04452,5","amount":"0,165","amount_parts":"","unit":"\u043a\u043c","city":"\u041f\u0435\u0440\u043c\u044c","company_id":"19481","company_name":"\u041e\u041e\u041e \u041f\u0440\u043e\u043c\u042d\u043b\u0435\u043a\u0442\u0440\u043e\u041a\u043e\u043c\u043f\u043b\u0435\u043a\u0442"},{"name":"\u0412\u0412\u0413 3\u04454+1\u04452,5","amount":"0,165","amount_parts":"","unit":"\u043a\u043c","city":"\u041f\u0435\u0440\u043c\u044c","company_id":"18149","company_name":"\u041e\u041e\u041e \u041f\u0440\u043e\u043c\u0422\u042d\u041a"},{"name":"\u0412\u0412\u0413 3\u04454+1\u04452,5","amount":"1","amount_parts":"","unit":"\u043a\u043c","city":"\u041c\u043e\u0441\u043a\u0432\u0430","company_id":"22412","company_name":"\u041e\u041e\u041e \u041a\u041e\u0420\u041f\u041e\u0420\u0410\u0426\u0418\u042f \u0411\u0430\u043b\u0442\u041f\u0440\u043e\u043c\u041a\u043e\u043c\u043f\u043b\u0435\u043a\u0442"},{"name":"\u0412\u0412\u0413 3\u04454+1\u04452,5 (0,66)","amount":"0,75","amount_parts":"0,25; 0,5; ","unit":"\u043a\u043c","city":"\u041f\u0430\u0432\u043b\u043e\u0434\u0430\u0440","company_id":"7464","company_name":"\u0410\u041e \"\u041a\u0430\u0437\u044d\u043d\u0435\u0440\u0433\u043e\u043a\u0430\u0431\u0435\u043b\u044c\""},{"name":"\u0412\u0412\u0413 3\u04454+1\u04452,5 \u043e\u043a-0,66","amount":"2063","amount_parts":"","unit":"\u043a\u043c","city":"\u041c\u043e\u0441\u043a\u0432\u0430","company_id":"17265","company_name":"\u041e\u041e\u041e \"\u0421\u0420\u0421-\u042d\u043b\u0435\u043a\u0442\u0440\u043e\""},{"name":"\u0412\u0412\u0413 3\u04454+1\u04452,5-0,66 \u0422\u0423 16.\u041a56.022-98","amount":"0,087","amount_parts":"","unit":"\u043a\u043c","city":"\u0422\u043e\u043c\u0441\u043a","company_id":"22088","company_name":"\u0425\u043e\u043b\u0434\u0438\u043d\u0433 \u041a\u0430\u0431\u0435\u043b\u044c\u043d\u044b\u0439 \u0410\u043b\u044c\u044f\u043d\u0441"},{"name":"\u0412\u0412\u0413 3\u04454,0","amount":"0,202","amount_parts":"","unit":"\u043a\u043c","city":"\u041c\u043e\u0441\u043a\u0432\u0430","company_id":"4225","company_name":"\u041e\u041e\u041e \u0422\u043e\u0440\u0433\u043e\u0432\u044b\u0439 \u0414\u043e\u043c  \u0412\u041e\u041a\u0417"}],"performedDatetime":"2014-07-23T07:13:07Z","authStatus":"0","accessDateEnd":""}
=====

select s.id, s.comp_id, s.title, s.quant, s.unit_id, s.comments, s.city from
		sklad_tovar s where visible=1 and (title like 'ВВГ%' or title like '% ВВГ%') and (title like '3х4%' or title like '% 3х4%' or title like '%3x4%') order by  s.title LIMIT 20, 20
q2: select count(id) from sklad_tovar s where visible=1 and (title like 'ВВГ%' or title like '% ВВГ%') and (title like '3х4%' or title like '% 3х4%' or title like '%3x4%')
 auth: 100 
=====
Query:
performedDatetime: 2014-07-23 07:13:18  0000
action: get_goods_data
sklad_user: Гость
appleId: FC4D5CDA-47A8-4098-8901-869CF421D08F
sklad_hash: eb872eaf1b3999852c734fd1e35bdde6
searchTerm: ВВГ 3х4
resultsFrom: 2
sort: 0
cityFilter: 

=====
Response:
{"action":"get_goods_data","searchTerm":"\u0412\u0412\u0413 3\u04454","resultsFrom":2,"sort":0,"cityFilter":"","code":0,"resultsCount":"421","lastPage":0,"data":[{"name":"\u0412\u0412\u0413 3\u04454,0\u043e\u043a(N,PE)-0,66","amount":"0,78","amount_parts":"","unit":"\u043a\u043c","city":"\u041c\u043e\u0441\u043a\u0432\u0430","company_id":"20640","company_name":"\u041e\u041e\u041e \u041a\u0430\u0431\u0435\u043b\u044c\u0421\u0442\u0430\u0440"},{"name":"\u0412\u0412\u0413 3\u04454-0,66","amount":"0,007","amount_parts":"","unit":"\u043a\u043c","city":"\u041f\u0435\u0440\u043c\u044c","company_id":"19357","company_name":"\u041e\u041e\u041e \u0422\u0414 \"\u0423\u0440\u0430\u043b \u041f\u0430\u043a"},{"name":"\u0412\u0412\u0413 3\u04454-0,66 \u0422\u0423 16.\u041a56.022-98","amount":"0,665","amount_parts":"0.255; 0.41; ","unit":"\u043a\u043c","city":"\u0422\u043e\u043c\u0441\u043a","company_id":"22088","company_name":"\u0425\u043e\u043b\u0434\u0438\u043d\u0433 \u041a\u0430\u0431\u0435\u043b\u044c\u043d\u044b\u0439 \u0410\u043b\u044c\u044f\u043d\u0441"},{"name":"\u0412\u0412\u0413 3\u04454\u043e\u043a(N,PE)-0,66","amount":"1,08","amount_parts":"","unit":"\u043a\u043c","city":"\u041b\u044b\u0441\u044c\u0432\u0430","company_id":"19357","company_name":"\u041e\u041e\u041e \u0422\u0414 \"\u0423\u0440\u0430\u043b \u041f\u0430\u043a"},{"name":"\u0412\u0412\u0413 3\u04454\u043e\u043a(N,PE)-0.66","amount":"0,45","amount_parts":"0,2; 0,25; ","unit":"\u043a\u043c","city":"\u041f\u0435\u0440\u043c\u044c","company_id":"2021","company_name":"\u043b\u0435\u0449\u0435\u043d\u043a\u043e \u043c\u0438\u0445\u0430\u0438\u043b \u0430\u043b\u0435\u043a\u0441\u0430\u043d\u0434\u0440\u043e\u0432\u0438\u0447"},{"name":"\u0412\u0412\u0413 3\u04454\u043e\u043a-0,66","amount":"0,007","amount_parts":"","unit":"\u043a\u043c","city":"\u041b\u044b\u0441\u044c\u0432\u0430","company_id":"19357","company_name":"\u041e\u041e\u041e \u0422\u0414 \"\u0423\u0440\u0430\u043b \u041f\u0430\u043a"},{"name":"\u0412\u0412\u0413 3\u04454\u043e\u043a-0,66","amount":"0,198","amount_parts":"0,014; 0,184","unit":"\u043a\u043c","city":"\u041f\u0435\u0440\u043c\u044c","company_id":"18682","company_name":"\u041e\u041e\u041e \"\u041a\u0430\u043c\u0441\u043a\u0438\u0439 \u043a\u0430\u0431\u0435\u043b\u044c\""},{"name":"\u0412\u0412\u0413 660\u0432 3\u04454,0+1\u04452,5","amount":"0,5","amount_parts":"","unit":"\u043a\u043c","city":"\u041c\u043e\u0441\u043a\u0432\u0430","company_id":"3524","company_name":"\u041e\u041e\u041e \"\u041f\u041a\u0424 \"\u0421\u043e\u0431\u0431\u0438\u0442\""},{"name":"\u0432\u0432\u0433 \u0437\u043d\u0433 3\u04454","amount":"760","amount_parts":"","unit":"\u043a\u043c","city":"\u041d\u043e\u0432\u043e\u0441\u0438\u0431\u0438\u0440\u0441\u043a","company_id":"11170","company_name":"\u041e\u041e\u041e \u0422\u0421\u041b"},{"name":"\u0412\u0412\u0413(\u0410\u041c)-\u041f 3\u04454-0,66 \u041e\u043f\u044b\u0442\u043d\u044b\u0439 \u043e\u0440\u0434\u0435\u0440","amount":"6,415","amount_parts":"0.937; 1.07; 1; 1; 0.405; 1; 0.8; 0.203; ","unit":"\u043a\u043c","city":"\u0422\u043e\u043c\u0441\u043a","company_id":"22088","company_name":"\u0425\u043e\u043b\u0434\u0438\u043d\u0433 \u041a\u0430\u0431\u0435\u043b\u044c\u043d\u044b\u0439 \u0410\u043b\u044c\u044f\u043d\u0441"},{"name":"\u0412\u0412\u0413-\u041f 3x4-0,66 \u043a\u0412","amount":"4,245","amount_parts":"0.05; 0.05; 0.05; 0.05; 0.05; 0.05; 0.05; 3.895; ","unit":"\u043a\u043c","city":"\u041a\u0440\u0430\u0441\u043d\u043e\u0434\u0430\u0440","company_id":"4151","company_name":"\u041e\u041e\u041e \u042d\u043b\u0435\u043a\u0442\u0440\u043e\u0442\u0435\u0445\u043d\u0438\u0447\u0435\u0441\u043a\u0430\u044f \u043a\u043e\u043c\u043f\u0430\u043d\u0438\u044f"},{"name":"\u0412\u0412\u0413-\u041f 3\u04454","amount":"0,354","amount_parts":"0,125; 0,175; 0,054; ","unit":"\u043a\u043c","city":"\u041d\u043e\u0432\u043e\u0441\u0438\u0431\u0438\u0440\u0441\u043a","company_id":"8749","company_name":"\u0417\u0430\u043f\u0441\u0438\u0431\u043a\u0430\u0431\u0435\u043b\u044c"},{"name":"\u0412\u0412\u0413-\u041f 3\u04454","amount":"0,05","amount_parts":"","unit":"\u043a\u043c","city":"\u041e\u0431\u043d\u0438\u043d\u0441\u043a","company_id":"18536","company_name":"\u041e\u041e\u041e \u041f\u041a\u0424 \"\u042d\u043b\u0435\u043a\u0442\u0440\u043e-\u041c\u0438\u0440\""},{"name":"\u0412\u0412\u0413-\u041f 3\u04454","amount":"0,15","amount_parts":"0,06; 0,09; ","unit":"\u043a\u043c","city":"\u041c\u043e\u0441\u043a\u043e\u0432\u0441\u043a\u0430\u044f \u043e\u0431\u043b\u0430\u0441\u0442\u044c, \u043f. \u041d\u0430\u0445\u0430\u0431\u0438\u043d\u043e","company_id":"16018","company_name":"\u041e\u041e\u041e \u0422\u0414 \u0411\u0435\u043b\u043a\u0430\u0431"},{"name":"\u0412\u0412\u0413-\u043f 3\u04454","amount":"0,024","amount_parts":"","unit":"\u043a\u043c","city":"\u041f\u0435\u0440\u043c\u044c","company_id":"19481","company_name":"\u041e\u041e\u041e \u041f\u0440\u043e\u043c\u042d\u043b\u0435\u043a\u0442\u0440\u043e\u041a\u043e\u043c\u043f\u043b\u0435\u043a\u0442"},{"name":"\u0412\u0412\u0413-\u041f 3\u04454","amount":"0,227","amount_parts":"","unit":"\u043a\u043c","city":"\u0415\u043a\u0430\u0442\u0435\u0440\u0438\u043d\u0431\u0443\u0440\u0433","company_id":"8456","company_name":"\u041e\u041e\u041e \"\u041f\u0440\u043e\u043c\u042d\u043b\u0435\u043a\u0442\u0440\u043e\u041a\u0430\u0431\u0435\u043b\u044c\""},{"name":"\u0412\u0412\u0413-\u041f 3\u04454","amount":"2,066","amount_parts":"","unit":"\u043a\u043c","city":"\u041c\u043e\u0441\u043a\u0432\u0430","company_id":"4290","company_name":"\u041e\u041e\u041e \u0413\u0430\u043b\u043b\u0430-\u041a\u0430\u0431\u0435\u043b\u044c"},{"name":"\u0412\u0412\u0413-\u041f 3\u04454 (\u043e\u0436)--0,66","amount":"0,083","amount_parts":"0,038; 0,045; ","unit":"\u043a\u043c","city":"\u041f\u0430\u0432\u043b\u043e\u0434\u0430\u0440","company_id":"7464","company_name":"\u0410\u041e \"\u041a\u0430\u0437\u044d\u043d\u0435\u0440\u0433\u043e\u043a\u0430\u0431\u0435\u043b\u044c\""},{"name":"\u0412\u0412\u0413-\u041f 3\u04454 \u041a\u0443\u0431\u0430\u043d\u044c","amount":"0,7","amount_parts":"","unit":"\u043a\u043c","city":"\u041d\u043e\u0432\u043e\u0441\u0438\u0431\u0438\u0440\u0441\u043a","company_id":"15992","company_name":"\u041e\u041e\u041e \u042d\u0422\u0421-\u042d\u043b\u0441\u0438\u0441"},{"name":"\u0412\u0412\u0413-\u041f 3\u04454 \u043e\u043a-0,66","amount":"8","amount_parts":"","unit":"\u043a\u043c","city":"\u041c\u043e\u0441\u043a\u0432\u0430","company_id":"17486","company_name":"\u041e\u041e\u041e \u042d\u043b\u043a\u043e\u043c-\u042d\u043b\u0435\u043a\u0442\u0440\u043e"}],"performedDatetime":"2014-07-23T07:13:18Z","authStatus":"0","accessDateEnd":""}
=====

select s.id, s.comp_id, s.title, s.quant, s.unit_id, s.comments, s.city from
		sklad_tovar s where visible=1 and (title like 'ВВГ%' or title like '% ВВГ%') and (title like '3х4%' or title like '% 3х4%' or title like '%3x4%') order by  s.title LIMIT 40, 20
q2: select count(id) from sklad_tovar s where visible=1 and (title like 'ВВГ%' or title like '% ВВГ%') and (title like '3х4%' or title like '% 3х4%' or title like '%3x4%')
 auth: 100 
=====
Query:
performedDatetime: 2014-07-23 07:13:27  0000
action: get_goods_data
sklad_user: Гость
appleId: FC4D5CDA-47A8-4098-8901-869CF421D08F
sklad_hash: eb872eaf1b3999852c734fd1e35bdde6
searchTerm: ВВГ 3х4
resultsFrom: 3
sort: 0
cityFilter: 

=====
Response:
{"action":"get_goods_data","searchTerm":"\u0412\u0412\u0413 3\u04454","resultsFrom":3,"sort":0,"cityFilter":"","code":0,"resultsCount":"421","lastPage":0,"data":[{"name":"\u0412\u0412\u0413-\u041f 3\u04454 \u0447\u0435\u0440\u043d\u044b\u0439","amount":"2,122","amount_parts":"","unit":"\u043a\u043c","city":"\u041b\u044e\u0431\u0435\u0440\u0446\u044b","company_id":"6093","company_name":"\u041e\u041e\u041e \u0420\u044b\u0431\u0438\u043d\u0441\u043a\u043a\u0430\u0431\u0435\u043b\u044c"},{"name":"\u0412\u0412\u0413-\u041f 3\u04454(N,PE)-0,66","amount":"5,884","amount_parts":"1.025; 0.059; 4.8; ","unit":"\u043a\u043c","city":"\u041f\u0435\u0440\u043c\u044c","company_id":"19357","company_name":"\u041e\u041e\u041e \u0422\u0414 \"\u0423\u0440\u0430\u043b \u041f\u0430\u043a"},{"name":"\u0412\u0412\u0413-\u041f 3\u04454(\u043e\u0436)-0,66","amount":"1,154","amount_parts":"","unit":"\u043a\u043c","city":"\u041a\u043e\u043b\u044c\u0447\u0443\u0433\u0438\u043d\u043e","company_id":"7162","company_name":"\u041e\u041e\u041e \"\u041a\u043e\u043c\u043f\u0430\u043d\u0438\u044f \u042d\u043b\u0435\u043a\u0442\u0440\u043e\u043c\u0435\u0442\""},{"name":"\u0412\u0412\u0413-\u041f 3\u04454(\u043e\u0436)-0,66","amount":"1,154","amount_parts":"","unit":"\u043a\u043c","city":"\u041a\u043e\u043b\u044c\u0447\u0443\u0433\u0438\u043d\u043e","company_id":"4826","company_name":"\u041e\u041e\u041e \u041c\u041a\u0421"},{"name":"\u0412\u0412\u0413-\u041f 3\u04454(\u043e\u0436)-0,66","amount":"0,81","amount_parts":"","unit":"\u043a\u043c","city":"\u041d\u0438\u0436\u043d\u0438\u0439 \u041d\u043e\u0432\u0433\u043e\u0440\u043e\u0434","company_id":"5948","company_name":"\u041e\u041e\u041e \u041a\u0430\u0431\u0435\u043b\u044c \u041f\u041a"},{"name":"\u0412\u0412\u0413-\u041f 3\u04454(\u043e\u0436)-0,66 \u0413\u041e\u0421\u0422 16442-80","amount":"1,154","amount_parts":"0.29; 0.751; 0.113; ","unit":"\u043a\u043c","city":"\u041a\u043e\u043b\u044c\u0447\u0443\u0433\u0438\u043d\u043e","company_id":"22088","company_name":"\u0425\u043e\u043b\u0434\u0438\u043d\u0433 \u041a\u0430\u0431\u0435\u043b\u044c\u043d\u044b\u0439 \u0410\u043b\u044c\u044f\u043d\u0441"},{"name":"\u0412\u0412\u0413-\u041f 3\u04254,0","amount":"0,9","amount_parts":"","unit":"\u043a\u043c","city":"\u041c\u043e\u0441\u043a\u0432\u0430","company_id":"65","company_name":"\u041e\u041e\u041e \u0424\u041e\u0420\u0415\u0421 \u0422\u041f\u041a"},{"name":"\u0412\u0412\u0413-\u041f 3\u04454,0","amount":"0,17","amount_parts":"","unit":"\u043a\u043c","city":"\u041c\u043e\u0441\u043a\u0432\u0430","company_id":"4225","company_name":"\u041e\u041e\u041e \u0422\u043e\u0440\u0433\u043e\u0432\u044b\u0439 \u0414\u043e\u043c  \u0412\u041e\u041a\u0417"},{"name":"\u0412\u0412\u0413-\u041f 3\u04454,0 0.66 \u043a\u0412.","amount":"3,83","amount_parts":"","unit":"\u043a\u043c","city":"\u041d\u043e\u0432\u043e\u0441\u0438\u0431\u0438\u0440\u0441\u043a","company_id":"15992","company_name":"\u041e\u041e\u041e \u042d\u0422\u0421-\u042d\u043b\u0441\u0438\u0441"},{"name":"\u0412\u0412\u0413-\u041f 3\u04454,0\u043e\u043a(N,PE)-0,66","amount":"0,48","amount_parts":"","unit":"\u043a\u043c","city":"\u041c\u043e\u0441\u043a\u0432\u0430","company_id":"20640","company_name":"\u041e\u041e\u041e \u041a\u0430\u0431\u0435\u043b\u044c\u0421\u0442\u0430\u0440"},{"name":"\u0412\u0412\u0413-\u041f 3\u04454-0,66","amount":"6,08","amount_parts":"","unit":"\u043a\u043c","city":"\u041b\u044e\u0431\u0435\u0440\u0446\u044b","company_id":"6093","company_name":"\u041e\u041e\u041e \u0420\u044b\u0431\u0438\u043d\u0441\u043a\u043a\u0430\u0431\u0435\u043b\u044c"},{"name":"\u0412\u0412\u0413-\u041f 3\u04454-0,66 \u0447\u0435\u0440\u043d\u044b\u0439","amount":"0,938","amount_parts":"","unit":"\u043a\u043c","city":"\u041b\u044e\u0431\u0435\u0440\u0446\u044b","company_id":"6093","company_name":"\u041e\u041e\u041e \u0420\u044b\u0431\u0438\u043d\u0441\u043a\u043a\u0430\u0431\u0435\u043b\u044c"},{"name":"\u0412\u0412\u0413-\u041f 3\u04454-0.66","amount":"0,02","amount_parts":"","unit":"\u043a\u043c","city":"\u041c\u043e\u0441\u043a\u043e\u0432\u0441\u043a\u0430\u044f \u043e\u0431\u043b., \u0433. \u0425\u0438\u043c\u043a\u0438","company_id":"13849","company_name":"\u041e\u041e\u041e \u041f\u0440\u043e\u0432\u043e\u0434\u043d\u0438\u043a"},{"name":"\u0412\u0412\u0413-\u043f 3\u04454.0","amount":"2,244","amount_parts":"","unit":"\u043a\u043c","city":"\u041a\u0430\u0437\u0430\u043d\u044c","company_id":"4993","company_name":"\u041e\u041e\u041e \"\u042d\u043b\u0435\u043a\u0442\u0440\u043e\u043a\u043e\u043c\u043f\u043b\u0435\u043a\u0442\""},{"name":"\u0412\u0412\u0413-\u041f 3\u04454.0 \u0447\u0451\u0440\u043d\u044b\u0439","amount":"0,035","amount_parts":"","unit":"\u043a\u043c","city":"\u0421\u0430\u043d\u043a\u0442-\u041f\u0435\u0442\u0435\u0440\u0431\u0443\u0440\u0433","company_id":"21499","company_name":"\u042d\u043b\u0435\u043a\u0442\u0440\u043e\u043e\u0431\u043e\u0440\u0443\u0434\u043e\u0432\u0430\u043d\u0438\u0435"},{"name":"\u0412\u0412\u0413-\u041f 3\u04454\u043e\u043a(N,PE)-0,66","amount":"4,859","amount_parts":"0,059; 4,8; ","unit":"\u043a\u043c","city":"\u041b\u044b\u0441\u044c\u0432\u0430","company_id":"19357","company_name":"\u041e\u041e\u041e \u0422\u0414 \"\u0423\u0440\u0430\u043b \u041f\u0430\u043a"},{"name":"\u0412\u0412\u0413-\u041f 3\u04454\u043e\u043a(N,PE)-0,66 \u0436\u0438\u043b\u0430","amount":"1,025","amount_parts":"","unit":"\u043a\u043c","city":"\u041b\u044b\u0441\u044c\u0432\u0430","company_id":"19357","company_name":"\u041e\u041e\u041e \u0422\u0414 \"\u0423\u0440\u0430\u043b \u041f\u0430\u043a"},{"name":"\u0412\u0412\u0413-\u041f 3\u04454\u043e\u043a(N,PE)-0,66 \u0422\u0423 16-705.499-2010 (\u0413\u041e\u0421\u0422 \u0420 53769-2010","amount":"1,25","amount_parts":"","unit":"\u043a\u043c","city":"\u0422\u043e\u043c\u0441\u043a","company_id":"22088","company_name":"\u0425\u043e\u043b\u0434\u0438\u043d\u0433 \u041a\u0430\u0431\u0435\u043b\u044c\u043d\u044b\u0439 \u0410\u043b\u044c\u044f\u043d\u0441"},{"name":"\u0412\u0412\u0413-\u041f 3\u04454\u043e\u043a-0,66","amount":"0,428","amount_parts":"0,27; 0,158; ","unit":"\u043a\u043c","city":"\u041a\u0440\u0430\u0441\u043d\u043e\u0434\u0430\u0440","company_id":"19805","company_name":"\u041e\u041e\u041e \u0422\u0414 \"\u042e\u0436\u043d\u0430\u044f \u043a\u0430\u0431\u0435\u043b\u044c\u043d\u0430\u044f \u043a\u043e\u043c\u043f\u0430\u043d\u0438\u044f\""},{"name":"\u0412\u0412\u0413-\u041f \u043d\u0433 3\u04254,0","amount":"0,9","amount_parts":"","unit":"\u043a\u043c","city":"\u041c\u043e\u0441\u043a\u0432\u0430","company_id":"65","company_name":"\u041e\u041e\u041e \u0424\u041e\u0420\u0415\u0421 \u0422\u041f\u041a"}],"performedDatetime":"2014-07-23T07:13:27Z","authStatus":"0","accessDateEnd":""}
=====

select s.id, s.comp_id, s.title, s.quant, s.unit_id, s.comments, s.city from
		sklad_tovar s where visible=1 and (title like 'ВВГ%' or title like '% ВВГ%') and (title like '3х4%' or title like '% 3х4%' or title like '%3x4%') order by  s.title LIMIT 60, 20
q2: select count(id) from sklad_tovar s where visible=1 and (title like 'ВВГ%' or title like '% ВВГ%') and (title like '3х4%' or title like '% 3х4%' or title like '%3x4%')
 auth: 100 
=====
Query:
performedDatetime: 2014-07-23 07:13:45  0000
action: get_company_data
sklad_user: Гость
appleId: FC4D5CDA-47A8-4098-8901-869CF421D08F
sklad_hash: eb872eaf1b3999852c734fd1e35bdde6
company_id: 65

=====
Response:
{"action":"get_company_data","code":0,"data":{"company_id":65,"title":"\u041e\u041e\u041e \u0424\u041e\u0420\u0415\u0421 \u0422\u041f\u041a","city":"\u041c\u043e\u0441\u043a\u0432\u0430","address":"142000, \u041c\u043e\u0441\u043a\u043e\u0432\u0441\u043a\u0430\u044f \u043e\u0431\u043b\u0430\u0441\u0442\u044c, \u0433. \u0414\u043e\u043c\u043e\u0434\u0435\u0434\u043e\u0432\u043e, \u0443\u043b. \u0421\u043e\u0432\u0435\u0442\u0441\u043a\u0430\u044f, \u0434.17\u0430","phone":"495 9722979","email":"fes64@yandex.ru","url":"http:\/\/www.tpk-fores.ru\/","contact":"\u0424\u0435\u0440\u0430\u0444\u043e\u043d\u0442\u043e\u0432 \u0415\u0432\u0433\u0435\u043d\u0438\u0439 \u0421\u0435\u0440\u0433\u0435\u0435\u0432\u0438\u0447","goods_count":"273","last_update":"21.07.2014"},"performedDatetime":"2014-07-23T07:13:47Z","authStatus":"0","accessDateEnd":""}
=====

select distinct city from sklad_tovar where comp_id= and city!='' order by city
q2: 
 auth: 100 
=====
Query:
performedDatetime: 2014-07-23 07:15:00  0000
action: get_city_list

=====
Response:
{"action":"get_city_list","code":0,"data":["\u0410\u0440\u0445\u0430\u043d\u0433\u0435\u043b\u044c\u0441\u043a","\u0410\u0441\u0442\u0430\u043d\u0430","\u0412\u043e\u043b\u0433\u043e\u0433\u0440\u0430\u0434","\u0412\u043e\u0440\u043e\u043d\u0435\u0436","\u0412\u043e\u0441\u043a\u0440\u0435\u0441\u0435\u043d\u0441\u043a","\u0415\u043a\u0430\u0442\u0435\u0440\u0438\u043d\u0431\u0443\u0440\u0433","\u041a\u0430\u0437\u0430\u043d\u044c","\u041a\u0430\u043b\u0438\u043d\u0438\u043d\u0433\u0440\u0430\u0434","\u041a\u0430\u043b\u0438\u043d\u043d\u0433\u0440\u0430\u0434","\u041a\u0438\u0440\u043e\u0432","\u041a\u043e\u043b\u044c\u0447\u0443\u0433\u0438\u043d\u043e","\u041a\u0440\u0430\u0441\u043d\u043e\u0434\u0430\u0440","\u041a\u0440\u0430\u0441\u043d\u043e\u044f\u0440\u0441\u043a","\u041a\u0443\u0440\u0441\u043a","\u041b\u044b\u0441\u044c\u0432\u0430","\u041b\u044e\u0431\u0435\u0440\u0446\u044b","\u041b\u044e\u0434\u0438\u043d\u043e\u0432\u043e","\u041c\u043e\u0441\u043a\u0432\u0430","\u041c\u043e\u0441\u043a\u043e\u0432\u0441\u043a\u0430\u044f \u043e\u0431\u043b., \u0433. \u0425\u0438\u043c\u043a\u0438","\u041c\u043e\u0441\u043a\u043e\u0432\u0441\u043a\u0430\u044f \u043e\u0431\u043b\u0430\u0441\u0442\u044c, \u043f. \u041d\u0430\u0445\u0430\u0431\u0438\u043d\u043e","\u041d\u0438\u0436\u043d\u0438\u0439 \u041d\u043e\u0432\u0433\u043e\u0440\u043e\u0434","\u041d\u043e\u0432\u043e\u043c\u043e\u0441\u043a\u043e\u0432\u0441\u043a","\u041d\u043e\u0432\u043e\u0441\u0438\u0431\u0438\u0440\u0441\u043a","\u041d\u043e\u0433\u0438\u043d\u0441\u043a","\u041e\u0431\u043d\u0438\u043d\u0441\u043a","\u041e\u043c\u0441\u043a","\u041f\u0430\u0432\u043b\u043e\u0434\u0430\u0440","\u041f\u0435\u0440\u043c\u044c","\u041f\u043e\u0434\u043e\u043b\u044c\u0441\u043a","\u0420\u0435\u0443\u0442\u043e\u0432","\u0420\u043e\u0441\u0442\u043e\u0432-\u043d\u0430-\u0414\u043e\u043d\u0443","\u0421\u0430\u043c\u0430\u0440\u0430","\u0421\u0430\u043d\u043a\u0442-\u041f\u0435\u0442\u0435\u0440\u0431\u0443\u0440\u0433","\u0421\u0430\u0440\u0430\u043d\u0441\u043a","\u0422\u0432\u0435\u0440\u044c","\u0422\u043e\u043c\u0441\u043a","\u0423\u0444\u0430","\u0425\u0430\u0431\u0430\u0440\u043e\u0432\u0441\u043a","\u0427\u0435\u0431\u043e\u043a\u0441\u0430\u0440\u044b","\u0427\u0435\u043b\u044f\u0431\u0438\u043d\u0441\u043a","\u042f\u0440\u043e\u0441\u043b\u0430\u0432\u043b\u044c"],"performedDatetime":"2014-07-23T07:15:02Z","authStatus":"10"}
=====

select distinct city from sklad_tovar where city != '' order by city
q2: 
 auth: 0 
=====
Query:
performedDatetime: 2014-07-23 07:15:08  0000
action: get_goods_data
sklad_user: Гость
appleId: FC4D5CDA-47A8-4098-8901-869CF421D08F
sklad_hash: eb872eaf1b3999852c734fd1e35bdde6
searchTerm: ВВГ 3х4
resultsFrom: 0
sort: 0
cityFilter: Москва

=====
Response:
{"action":"get_goods_data","searchTerm":"\u0412\u0412\u0413 3\u04454","resultsFrom":0,"sort":0,"cityFilter":"\u041c\u043e\u0441\u043a\u0432\u0430","code":0,"resultsCount":"85","lastPage":0,"data":[{"name":"\u0412\u0412\u0413 0,66\u043a\u0412 3\u04454","amount":"0,08","amount_parts":"","unit":"\u043a\u043c","city":"\u041c\u043e\u0441\u043a\u0432\u0430","company_id":"18400","company_name":"\u041e\u041e\u041e \u0414\u0438\u0430\u0434\u0430"},{"name":"\u0412\u0412\u0413 3\u04454","amount":"0,118","amount_parts":"","unit":"\u043a\u043c","city":"\u041c\u043e\u0441\u043a\u0432\u0430","company_id":"6306","company_name":"\u0417\u0410\u041e \"\u041a\u0430\u0431\u0435\u043b\u044c\u0441\u043d\u0430\u0431\""},{"name":"\u0412\u0412\u0413 3\u04454","amount":"0,9","amount_parts":"","unit":"\u043a\u043c","city":"\u041c\u043e\u0441\u043a\u0432\u0430","company_id":"23649","company_name":"\u041e\u041e\u041e \"\u0421\u0410\u041d\u0412\u0418\""},{"name":"\u0412\u0412\u0413 3\u04454","amount":"0,07","amount_parts":"","unit":"\u043a\u043c","city":"\u041c\u043e\u0441\u043a\u0432\u0430","company_id":"18820","company_name":"\u041e\u041e\u041e \u041a\u0430\u0431\u0435\u043b\u044c\u043d\u044b\u0439 \u0410\u0443\u043a\u0446\u0438\u043e\u043d"},{"name":"\u0412\u0412\u0413 3\u04454","amount":"0,146","amount_parts":"","unit":"\u043a\u043c","city":"\u041c\u043e\u0441\u043a\u0432\u0430","company_id":"22412","company_name":"\u041e\u041e\u041e \u041a\u041e\u0420\u041f\u041e\u0420\u0410\u0426\u0418\u042f \u0411\u0430\u043b\u0442\u041f\u0440\u043e\u043c\u041a\u043e\u043c\u043f\u043b\u0435\u043a\u0442"},{"name":"\u0412\u0412\u0413 3\u04454","amount":"0,03","amount_parts":"","unit":"\u043a\u043c","city":"\u041c\u043e\u0441\u043a\u0432\u0430","company_id":"8783","company_name":"\u041e\u041e\u041e \u0424\u0430\u0432\u043e\u0440\u0438\u0442-\u042d\u043b\u0435\u043a\u0442\u0440\u043e"},{"name":"\u0412\u0412\u0413 3\u04454+1\u04452,5","amount":"1","amount_parts":"","unit":"\u043a\u043c","city":"\u041c\u043e\u0441\u043a\u0432\u0430","company_id":"22412","company_name":"\u041e\u041e\u041e \u041a\u041e\u0420\u041f\u041e\u0420\u0410\u0426\u0418\u042f \u0411\u0430\u043b\u0442\u041f\u0440\u043e\u043c\u041a\u043e\u043c\u043f\u043b\u0435\u043a\u0442"},{"name":"\u0412\u0412\u0413 3\u04454+1\u04452,5 \u043e\u043a-0,66","amount":"2063","amount_parts":"","unit":"\u043a\u043c","city":"\u041c\u043e\u0441\u043a\u0432\u0430","company_id":"17265","company_name":"\u041e\u041e\u041e \"\u0421\u0420\u0421-\u042d\u043b\u0435\u043a\u0442\u0440\u043e\""},{"name":"\u0412\u0412\u0413 3\u04454,0","amount":"0,202","amount_parts":"","unit":"\u043a\u043c","city":"\u041c\u043e\u0441\u043a\u0432\u0430","company_id":"4225","company_name":"\u041e\u041e\u041e \u0422\u043e\u0440\u0433\u043e\u0432\u044b\u0439 \u0414\u043e\u043c  \u0412\u041e\u041a\u0417"},{"name":"\u0412\u0412\u0413 3\u04454,0\u043e\u043a(N,PE)-0,66","amount":"0,78","amount_parts":"","unit":"\u043a\u043c","city":"\u041c\u043e\u0441\u043a\u0432\u0430","company_id":"20640","company_name":"\u041e\u041e\u041e \u041a\u0430\u0431\u0435\u043b\u044c\u0421\u0442\u0430\u0440"},{"name":"\u0412\u0412\u0413 660\u0432 3\u04454,0+1\u04452,5","amount":"0,5","amount_parts":"","unit":"\u043a\u043c","city":"\u041c\u043e\u0441\u043a\u0432\u0430","company_id":"3524","company_name":"\u041e\u041e\u041e \"\u041f\u041a\u0424 \"\u0421\u043e\u0431\u0431\u0438\u0442\""},{"name":"\u0412\u0412\u0413-\u041f 3\u04454","amount":"2,066","amount_parts":"","unit":"\u043a\u043c","city":"\u041c\u043e\u0441\u043a\u0432\u0430","company_id":"4290","company_name":"\u041e\u041e\u041e \u0413\u0430\u043b\u043b\u0430-\u041a\u0430\u0431\u0435\u043b\u044c"},{"name":"\u0412\u0412\u0413-\u041f 3\u04454 \u043e\u043a-0,66","amount":"8","amount_parts":"","unit":"\u043a\u043c","city":"\u041c\u043e\u0441\u043a\u0432\u0430","company_id":"17486","company_name":"\u041e\u041e\u041e \u042d\u043b\u043a\u043e\u043c-\u042d\u043b\u0435\u043a\u0442\u0440\u043e"},{"name":"\u0412\u0412\u0413-\u041f 3\u04254,0","amount":"0,9","amount_parts":"","unit":"\u043a\u043c","city":"\u041c\u043e\u0441\u043a\u0432\u0430","company_id":"65","company_name":"\u041e\u041e\u041e \u0424\u041e\u0420\u0415\u0421 \u0422\u041f\u041a"},{"name":"\u0412\u0412\u0413-\u041f 3\u04454,0","amount":"0,17","amount_parts":"","unit":"\u043a\u043c","city":"\u041c\u043e\u0441\u043a\u0432\u0430","company_id":"4225","company_name":"\u041e\u041e\u041e \u0422\u043e\u0440\u0433\u043e\u0432\u044b\u0439 \u0414\u043e\u043c  \u0412\u041e\u041a\u0417"},{"name":"\u0412\u0412\u0413-\u041f 3\u04454,0\u043e\u043a(N,PE)-0,66","amount":"0,48","amount_parts":"","unit":"\u043a\u043c","city":"\u041c\u043e\u0441\u043a\u0432\u0430","company_id":"20640","company_name":"\u041e\u041e\u041e \u041a\u0430\u0431\u0435\u043b\u044c\u0421\u0442\u0430\u0440"},{"name":"\u0412\u0412\u0413-\u041f \u043d\u0433 3\u04254,0","amount":"0,9","amount_parts":"","unit":"\u043a\u043c","city":"\u041c\u043e\u0441\u043a\u0432\u0430","company_id":"65","company_name":"\u041e\u041e\u041e \u0424\u041e\u0420\u0415\u0421 \u0422\u041f\u041a"},{"name":"\u0412\u0412\u0413-\u041f \u043d\u0433(\u0410) 3\u04454","amount":"2,64","amount_parts":"","unit":"\u043a\u043c","city":"\u041c\u043e\u0441\u043a\u0432\u0430","company_id":"4290","company_name":"\u041e\u041e\u041e \u0413\u0430\u043b\u043b\u0430-\u041a\u0430\u0431\u0435\u043b\u044c"},{"name":"\u0412\u0412\u0413-\u041f \u043d\u0433(\u0410) 3\u04454 \u043e\u043a-0,66 -\u0420","amount":"2","amount_parts":"","unit":"\u043a\u043c","city":"\u041c\u043e\u0441\u043a\u0432\u0430","company_id":"4290","company_name":"\u041e\u041e\u041e \u0413\u0430\u043b\u043b\u0430-\u041a\u0430\u0431\u0435\u043b\u044c"},{"name":"\u0412\u0412\u0413-\u041f \u043d\u0433(\u0410)-LS 3\u04454","amount":"2,835","amount_parts":"","unit":"\u043a\u043c","city":"\u041c\u043e\u0441\u043a\u0432\u0430","company_id":"4290","company_name":"\u041e\u041e\u041e \u0413\u0430\u043b\u043b\u0430-\u041a\u0430\u0431\u0435\u043b\u044c"}],"performedDatetime":"2014-07-23T07:15:09Z","authStatus":"0","accessDateEnd":""}
=====

select s.id, s.comp_id, s.title, s.quant, s.unit_id, s.comments, s.city from
		sklad_tovar s where city='Москва' and s.visible=1 and (title like 'ВВГ%' or title like '% ВВГ%') and (title like '3х4%' or title like '% 3х4%' or title like '%3x4%') order by  s.title LIMIT 0, 20
q2: select count(s.id) from sklad_tovar s where city='Москва' and s.visible=1 and (title like 'ВВГ%' or title like '% ВВГ%') and (title like '3х4%' or title like '% 3х4%' or title like '%3x4%')
 auth: 100 
=====
Query:
performedDatetime: 2014-07-23 15:38:10  0000
action: get_text

=====
Response:
{"action":"get_text","code":0,"data":"","performedDatetime":"2014-07-23T15:38:13Z","authStatus":"10"}
=====


q2: 
 auth: 0 
=====
Query:
performedDatetime: 2014-07-23 15:38:24  0000
action: get_goods_data
sklad_user: Гость
appleId: D073332D-F766-49F4-AAF2-A39995404998
sklad_hash: 5e1dd24c14801650b64cc1080a5e9845
searchTerm: Вббшвнг
resultsFrom: 0
sort: 0
cityFilter: 

=====
Response:
{"action":"get_goods_data","searchTerm":false,"resultsFrom":0,"code":0,"resultsCount":null,"data":[],"performedDatetime":"2014-07-23T15:38:27Z","authStatus":"10"}
=====

select s.id, s.comp_id, s.title, s.quant, s.unit_id, s.comments, s.city from
		sklad_tovar s where visible=1 and (title like '%' or title like '% %') order by  s.title LIMIT 0, 20
q2: select count(id) from sklad_tovar s where visible=1 and (title like '%' or title like '% %')
 auth: 0 
=====
Query:
performedDatetime: 2014-07-23 15:38:43  0000
action: get_goods_data
sklad_user: Гость
appleId: D073332D-F766-49F4-AAF2-A39995404998
sklad_hash: 5e1dd24c14801650b64cc1080a5e9845
searchTerm: ВБбШвнг
resultsFrom: 0
sort: 0
cityFilter: 

=====
Response:
{"action":"get_goods_data","searchTerm":false,"resultsFrom":0,"code":0,"resultsCount":null,"data":[],"performedDatetime":"2014-07-23T15:38:46Z","authStatus":"10"}
=====

select s.id, s.comp_id, s.title, s.quant, s.unit_id, s.comments, s.city from
		sklad_tovar s where visible=1 and (title like '%' or title like '% %') order by  s.title LIMIT 0, 20
q2: select count(id) from sklad_tovar s where visible=1 and (title like '%' or title like '% %')
 auth: 0 
=====
Query:
performedDatetime: 2014-07-23 15:38:50  0000
action: check_user_rights
sklad_user: 
appleId: D073332D-F766-49F4-AAF2-A39995404998
sklad_hash: 5e1dd24c14801650b64cc1080a5e9845

=====
Response:
{"action":"check_user_rights","code":0,"performedDatetime":"2014-07-23T15:38:53Z","authStatus":"10"}
=====


q2: 
 auth: 0 
=====
Query:
performedDatetime: 2014-07-23 15:38:53  0000
action: get_text

=====
Response:
{"action":"get_text","code":0,"data":"","performedDatetime":"2014-07-23T15:38:56Z","authStatus":"10"}
=====


q2: 
 auth: 0 
=====
Query:
performedDatetime: 2014-07-23 15:39:06  0000
action: get_goods_data
sklad_user: Гость
appleId: D073332D-F766-49F4-AAF2-A39995404998
sklad_hash: 5e1dd24c14801650b64cc1080a5e9845
searchTerm: 2х10
resultsFrom: 0
sort: 0
cityFilter: 

=====
Response:
{"action":"get_goods_data","searchTerm":false,"resultsFrom":0,"code":0,"resultsCount":null,"data":[],"performedDatetime":"2014-07-23T15:39:08Z","authStatus":"10"}
=====

select s.id, s.comp_id, s.title, s.quant, s.unit_id, s.comments, s.city from
		sklad_tovar s where visible=1 and (title like '%' or title like '% %') order by  s.title LIMIT 0, 20
q2: select count(id) from sklad_tovar s where visible=1 and (title like '%' or title like '% %')
 auth: 0 
=====
Query:
performedDatetime: 2014-07-23 15:39:40  0000
action: get_city_list

=====
Response:
{"action":"get_city_list","code":0,"data":["\u0410\u0440\u0445\u0430\u043d\u0433\u0435\u043b\u044c\u0441\u043a","\u0410\u0441\u0442\u0430\u043d\u0430","\u0412\u043e\u043b\u0433\u043e\u0433\u0440\u0430\u0434","\u0412\u043e\u0440\u043e\u043d\u0435\u0436","\u0412\u043e\u0441\u043a\u0440\u0435\u0441\u0435\u043d\u0441\u043a","\u0415\u043a\u0430\u0442\u0435\u0440\u0438\u043d\u0431\u0443\u0440\u0433","\u041a\u0430\u0437\u0430\u043d\u044c","\u041a\u0430\u043b\u0438\u043d\u0438\u043d\u0433\u0440\u0430\u0434","\u041a\u0430\u043b\u0438\u043d\u043d\u0433\u0440\u0430\u0434","\u041a\u0438\u0440\u043e\u0432","\u041a\u043e\u043b\u044c\u0447\u0443\u0433\u0438\u043d\u043e","\u041a\u0440\u0430\u0441\u043d\u043e\u0434\u0430\u0440","\u041a\u0440\u0430\u0441\u043d\u043e\u044f\u0440\u0441\u043a","\u041a\u0443\u0440\u0441\u043a","\u041b\u044b\u0441\u044c\u0432\u0430","\u041b\u044e\u0431\u0435\u0440\u0446\u044b","\u041b\u044e\u0434\u0438\u043d\u043e\u0432\u043e","\u041c\u043e\u0441\u043a\u0432\u0430","\u041c\u043e\u0441\u043a\u043e\u0432\u0441\u043a\u0430\u044f \u043e\u0431\u043b., \u0433. \u0425\u0438\u043c\u043a\u0438","\u041c\u043e\u0441\u043a\u043e\u0432\u0441\u043a\u0430\u044f \u043e\u0431\u043b\u0430\u0441\u0442\u044c, \u043f. \u041d\u0430\u0445\u0430\u0431\u0438\u043d\u043e","\u041d\u0438\u0436\u043d\u0438\u0439 \u041d\u043e\u0432\u0433\u043e\u0440\u043e\u0434","\u041d\u043e\u0432\u043e\u043c\u043e\u0441\u043a\u043e\u0432\u0441\u043a","\u041d\u043e\u0432\u043e\u0441\u0438\u0431\u0438\u0440\u0441\u043a","\u041d\u043e\u0433\u0438\u043d\u0441\u043a","\u041e\u0431\u043d\u0438\u043d\u0441\u043a","\u041e\u043c\u0441\u043a","\u041f\u0430\u0432\u043b\u043e\u0434\u0430\u0440","\u041f\u0435\u0440\u043c\u044c","\u041f\u043e\u0434\u043e\u043b\u044c\u0441\u043a","\u0420\u0435\u0443\u0442\u043e\u0432","\u0420\u043e\u0441\u0442\u043e\u0432-\u043d\u0430-\u0414\u043e\u043d\u0443","\u0421\u0430\u043c\u0430\u0440\u0430","\u0421\u0430\u043d\u043a\u0442-\u041f\u0435\u0442\u0435\u0440\u0431\u0443\u0440\u0433","\u0421\u0430\u0440\u0430\u043d\u0441\u043a","\u0422\u0432\u0435\u0440\u044c","\u0422\u043e\u043c\u0441\u043a","\u0423\u0444\u0430","\u0425\u0430\u0431\u0430\u0440\u043e\u0432\u0441\u043a","\u0427\u0435\u0431\u043e\u043a\u0441\u0430\u0440\u044b","\u0427\u0435\u043b\u044f\u0431\u0438\u043d\u0441\u043a","\u042f\u0440\u043e\u0441\u043b\u0430\u0432\u043b\u044c"],"performedDatetime":"2014-07-23T15:39:44Z","authStatus":"10"}
=====

select distinct city from sklad_tovar where city != '' order by city
q2: 
 auth: 0 
=====
