Query:
performedDatetime: 2014-09-03 16:54:09  0000
action: get_text

=====
Response:
{"action":"get_text","code":0,"data":"","performedDatetime":"2014-09-03T16:46:34Z","authStatus":"10"}
=====


q2: 
 auth: 0 
=====
Query:
performedDatetime: 2014-09-03 16:54:22  0000
action: get_goods_data
sklad_user: Гость
appleId: E77784B8-CA96-49A6-9A23-3B8ABCF46DB5
sklad_hash: 2dbd433d41b612e4cb77624841c8c2c0
searchTerm: Крем
resultsFrom: 0
sort: 0
cityFilter: 

=====
Response:
{"action":"get_goods_data","searchTerm":"\u041a\u0440\u0435\u043c","resultsFrom":0,"code":0,"resultsCount":"0","data":[],"performedDatetime":"2014-09-03T16:46:42Z","authStatus":"0","accessDateEnd":""}
=====

select s.id, s.comp_id, s.title, s.quant, s.unit_id, s.comments, s.city from
		sklad_tovar s where visible=1 and (title like 'Крем%' or title like '% Крем%') order by  s.title LIMIT 0, 20
q2: select count(id) from sklad_tovar s where visible=1 and (title like 'Крем%' or title like '% Крем%')
 auth: 100 
=====
Query:
performedDatetime: 2014-09-03 16:54:36  0000
action: check_user_rights
sklad_user: 
appleId: E77784B8-CA96-49A6-9A23-3B8ABCF46DB5
sklad_hash: 2dbd433d41b612e4cb77624841c8c2c0

=====
Response:
{"action":"check_user_rights","code":0,"performedDatetime":"2014-09-03T16:46:56Z","authStatus":"10"}
=====


q2: 
 auth: 0 
=====
Query:
performedDatetime: 2014-09-03 16:54:38  0000
action: get_text

=====
Response:
{"action":"get_text","code":0,"data":"","performedDatetime":"2014-09-03T16:46:58Z","authStatus":"10"}
=====


q2: 
 auth: 0 
=====
Query:
performedDatetime: 2014-09-03 16:54:43  0000
action: check_user_rights
sklad_user: 
appleId: E77784B8-CA96-49A6-9A23-3B8ABCF46DB5
sklad_hash: 2dbd433d41b612e4cb77624841c8c2c0

=====
Response:
{"action":"check_user_rights","code":0,"performedDatetime":"2014-09-03T16:47:02Z","authStatus":"10"}
=====


q2: 
 auth: 0 
=====
Query:
performedDatetime: 2014-09-03 16:55:49  0000
action: check_user_rights
sklad_user: olja_d1@mail.ru
appleId: E77784B8-CA96-49A6-9A23-3B8ABCF46DB5
sklad_hash: b8e8e5698f15f29553fda90433219a5c

=====
Response:
{"action":"check_user_rights","code":0,"performedDatetime":"2014-09-03T16:48:09Z","authStatus":"10"}
=====


q2: 
 auth: 0 
=====
Query:
performedDatetime: 2014-09-03 16:55:54  0000
action: get_text

=====
Response:
{"action":"get_text","code":0,"data":"","performedDatetime":"2014-09-03T16:48:13Z","authStatus":"10"}
=====


q2: 
 auth: 0 
=====
Query:
performedDatetime: 2014-09-03 16:56:03  0000
action: get_city_list

=====
Response:
{"action":"get_city_list","code":0,"data":["\u0410\u043d\u0433\u0430\u0440\u0441\u043a","\u0410\u0440\u0445\u0430\u043d\u0433\u0435\u043b\u044c\u0441\u043a","\u0410\u0441\u0442\u0430\u043d\u0430","\u0412\u043e\u043b\u0433\u043e\u0433\u0440\u0430\u0434","\u0412\u043e\u043b\u043e\u0433\u0434\u0430","\u0412\u043e\u0440\u043e\u043d\u0435\u0436","\u0412\u043e\u0441\u043a\u0440\u0435\u0441\u0435\u043d\u0441\u043a","\u0433. \u041a\u0438\u0440\u043e\u0432","\u0415\u043a\u0430\u0442\u0435\u0440\u0438\u043d\u0431\u0443\u0440\u0433","\u0418\u0432\u0430\u043d\u043e\u0432\u043e","\u041a\u0430\u0437\u0430\u043d\u044c","\u041a\u0430\u043b\u0438\u043d\u0438\u043d\u0433\u0440\u0430\u0434","\u041a\u0430\u043b\u0438\u043d\u043d\u0433\u0440\u0430\u0434","\u041a\u0438\u0440\u043e\u0432","\u041a\u043e\u043b\u044c\u0447\u0443\u0433\u0438\u043d\u043e","\u041a\u0440\u0430\u0441\u043d\u043e\u0434\u0430\u0440","\u041a\u0440\u0430\u0441\u043d\u043e\u044f\u0440\u0441\u043a","\u041a\u0443\u0440\u0441\u043a","\u041b\u0435\u043d\u0438\u043d\u0441\u043a-\u041a\u0443\u0437\u043d\u0435\u0446\u043a\u0438\u0439","\u041b\u0438\u043f\u0435\u0446\u043a","\u041b\u044b\u0441\u044c\u0432\u0430","\u041b\u044e\u0431\u0435\u0440\u0446\u044b","\u041c\u0430\u0433\u0430\u0434\u0430\u043d","\u041c\u043e\u0441\u043a\u0432\u0430","\u041c\u043e\u0441\u043a\u043e\u0432\u0441\u043a\u0430\u044f \u043e\u0431\u043b., \u0433. \u0425\u0438\u043c\u043a\u0438","\u041d\u0430\u0445\u0430\u0431\u0438\u043d\u043e","\u041d\u0438\u0436\u043d\u0438\u0439 \u041d\u043e\u0432\u0433\u043e\u0440\u043e\u0434","\u041d\u043e\u0432\u043e\u043c\u043e\u0441\u043a\u043e\u0432\u0441\u043a","\u041d\u043e\u0432\u043e\u0441\u0438\u0431\u0438\u0440\u0441\u043a","\u041d\u043e\u0433\u0438\u043d\u0441\u043a","\u041e\u043c\u0441\u043a","\u041e\u0441\u043a\u043e\u043b","\u041f\u0430\u0432\u043b\u043e\u0434\u0430\u0440","\u041f\u0435\u0440\u043c\u044c","\u041f\u043e\u0434\u043e\u043b\u044c\u0441\u043a","\u0420\u0435\u0443\u0442\u043e\u0432","\u0420\u043e\u0441\u0442\u043e\u0432","\u0420\u043e\u0441\u0442\u043e\u0432-\u043d\u0430-\u0414\u043e\u043d\u0443","\u0421\u0430\u043c\u0430\u0440\u0430","\u0421\u0430\u043d\u043a\u0442-\u041f\u0435\u0442\u0435\u0440\u0431\u0443\u0440\u0433","\u0421\u0430\u0440\u0430\u043d\u0441\u043a","\u0422\u0432\u0435\u0440\u044c","\u0422\u043e\u043c\u0441\u043a","\u0423\u0433\u043b\u0438\u0447","\u0423\u0444\u0430","\u0425\u0430\u0431\u0430\u0440\u043e\u0432\u0441\u043a","\u0447\u0435\u0431\u043e\u043a\u0441\u0430\u0440\u044b","\u0427\u0435\u043b\u044f\u0431\u0438\u043d\u0441\u043a","\u0427\u0438\u0442\u0430","\u042f\u0440\u043e\u0441\u043b\u0430\u0432\u043b\u044c"],"performedDatetime":"2014-09-03T16:48:23Z","authStatus":"10"}
=====

select distinct city from sklad_tovar where city != '' order by city
q2: 
 auth: 0 
=====
Query:
performedDatetime: 2014-09-03 16:56:15  0000
action: get_goods_data
sklad_user: Гость
appleId: E77784B8-CA96-49A6-9A23-3B8ABCF46DB5
sklad_hash: 2dbd433d41b612e4cb77624841c8c2c0
searchTerm: Ка
resultsFrom: 0
sort: 0
cityFilter: Лысьва

=====
Response:
{"action":"get_goods_data","searchTerm":"\u041a\u0430","resultsFrom":0,"code":0,"resultsCount":"0","data":[],"performedDatetime":"2014-09-03T16:48:36Z","authStatus":"0","accessDateEnd":""}
=====

select s.id, s.comp_id, s.title, s.quant, s.unit_id, s.comments, s.city from
		sklad_tovar s where city='Лысьва' and s.visible=1 and (title like 'Ка%' or title like '% Ка%') order by  s.title LIMIT 0, 20
q2: select count(s.id) from sklad_tovar s where city='Лысьва' and s.visible=1 and (title like 'Ка%' or title like '% Ка%')
 auth: 100 
=====
Query:
performedDatetime: 2014-09-03 16:56:33  0000
action: get_goods_data
sklad_user: Гость
appleId: E77784B8-CA96-49A6-9A23-3B8ABCF46DB5
sklad_hash: 2dbd433d41b612e4cb77624841c8c2c0
searchTerm: 1
resultsFrom: 0
sort: 0
cityFilter: Лысьва

=====
Response:
{"action":"get_goods_data","searchTerm":"1","resultsFrom":0,"sort":0,"cityFilter":"\u041b\u044b\u0441\u044c\u0432\u0430","code":0,"resultsCount":"10","lastPage":1,"data":[{"name":"\u0410\u041f\u0432\u041f\u04432\u0433\u0436 1\u0445240\/70-10","amount":"0,738","amount_parts":"","unit":"\u043a\u043c","city":"\u041b\u044b\u0441\u044c\u0432\u0430","company_id":"19357","company_name":"\u041e\u041e\u041e \u0422\u0414 \"\u0423\u0440\u0430\u043b \u041f\u0430\u043a"},{"name":"\u0410\u041f\u0432\u041f\u0443\u0433 1\u0445240\/50-10","amount":"0,414","amount_parts":"","unit":"\u043a\u043c","city":"\u041b\u044b\u0441\u044c\u0432\u0430","company_id":"19357","company_name":"\u041e\u041e\u041e \u0422\u0414 \"\u0423\u0440\u0430\u043b \u041f\u0430\u043a"},{"name":"\u041a\u0412\u0412\u0413 10\u04251,5","amount":"0,55","amount_parts":"","unit":"\u043a\u043c","city":"\u041b\u044b\u0441\u044c\u0432\u0430","company_id":"19357","company_name":"\u041e\u041e\u041e \u0422\u0414 \"\u0423\u0440\u0430\u043b \u041f\u0430\u043a"},{"name":"\u041a\u0412\u0412\u0413 10\u04252,5","amount":"2,37","amount_parts":"","unit":"\u043a\u043c","city":"\u041b\u044b\u0441\u044c\u0432\u0430","company_id":"19357","company_name":"\u041e\u041e\u041e \u0422\u0414 \"\u0423\u0440\u0430\u043b \u041f\u0430\u043a"},{"name":"\u041a\u0412\u0412\u0413 14\u04251,5","amount":"2,38","amount_parts":"0,63; 1,75; ","unit":"\u043a\u043c","city":"\u041b\u044b\u0441\u044c\u0432\u0430","company_id":"19357","company_name":"\u041e\u041e\u041e \u0422\u0414 \"\u0423\u0440\u0430\u043b \u041f\u0430\u043a"},{"name":"\u041a\u0412\u0412\u0413 14\u04252,5","amount":"1,95","amount_parts":"","unit":"\u043a\u043c","city":"\u041b\u044b\u0441\u044c\u0432\u0430","company_id":"19357","company_name":"\u041e\u041e\u041e \u0422\u0414 \"\u0423\u0440\u0430\u043b \u041f\u0430\u043a"},{"name":"\u041a\u0412\u0412\u0413 19\u04252,5","amount":"0,229","amount_parts":"","unit":"\u043a\u043c","city":"\u041b\u044b\u0441\u044c\u0432\u0430","company_id":"19357","company_name":"\u041e\u041e\u041e \u0422\u0414 \"\u0423\u0440\u0430\u043b \u041f\u0430\u043a"},{"name":"\u041a\u0412\u0412\u0413\u043d\u0433(\u0410) 10\u04252,5","amount":"0,302","amount_parts":"","unit":"\u043a\u043c","city":"\u041b\u044b\u0441\u044c\u0432\u0430","company_id":"19357","company_name":"\u041e\u041e\u041e \u0422\u0414 \"\u0423\u0440\u0430\u043b \u041f\u0430\u043a"},{"name":"\u041a\u0412\u0412\u0413\u042d\u043d\u0433(\u0410)-LS 14\u04251,5","amount":"1,396","amount_parts":"","unit":"\u043a\u043c","city":"\u041b\u044b\u0441\u044c\u0432\u0430","company_id":"19357","company_name":"\u041e\u041e\u041e \u0422\u0414 \"\u0423\u0440\u0430\u043b \u041f\u0430\u043a"},{"name":"\u041f\u0443\u0412 1\u04454 \u0411","amount":"1,3","amount_parts":"","unit":"\u043a\u043c","city":"\u041b\u044b\u0441\u044c\u0432\u0430","company_id":"19357","company_name":"\u041e\u041e\u041e \u0422\u0414 \"\u0423\u0440\u0430\u043b \u041f\u0430\u043a"}],"performedDatetime":"2014-09-03T16:48:57Z","authStatus":"0","accessDateEnd":""}
=====

select s.id, s.comp_id, s.title, s.quant, s.unit_id, s.comments, s.city from
		sklad_tovar s where city='Лысьва' and s.visible=1 and (title like '1%' or title like '% 1%') order by  s.title LIMIT 0, 20
q2: select count(s.id) from sklad_tovar s where city='Лысьва' and s.visible=1 and (title like '1%' or title like '% 1%')
 auth: 100 
=====
Query:
performedDatetime: 2014-09-03 16:56:44  0000
action: get_company_data
sklad_user: Гость
appleId: E77784B8-CA96-49A6-9A23-3B8ABCF46DB5
sklad_hash: 2dbd433d41b612e4cb77624841c8c2c0
company_id: 19357

=====
Response:
{"action":"get_company_data","code":0,"data":{"company_id":19357,"title":"\u041e\u041e\u041e \u0422\u0414 \"\u0423\u0440\u0430\u043b \u041f\u0430\u043a","city":"\u041b\u044b\u0441\u044c\u0432\u0430","address":"618962, \u041f\u0435\u0440\u043c\u0441\u043a\u0438\u0439 \u043a\u0440\u0430\u0439, \u041b\u044b\u0441\u044c\u0432\u0435\u043d\u0441\u043a\u0438\u0439 \u0440\u0430\u0439\u043e\u043d, \u0434. \u0417\u0430\u0438\u043c\u043a\u0430","phone":"8 (34249) 5\u201361\u201371,+79027904499","email":"market139@ural-pak.ru, ICQ.638-781-042","url":"http:\/\/www.ural-pak.ru","contact":"\u0420\u0443\u0441\u0441\u043a\u0438\u0445 \u0421\u0435\u0440\u0433\u0435\u0439 \u0410\u043d\u0430\u0442\u043e\u043b\u044c\u0435\u0432\u0438\u0447","goods_count":"1119","last_update":"12.08.2014"},"performedDatetime":"2014-09-03T16:49:04Z","authStatus":"0","accessDateEnd":""}
=====

select distinct city from sklad_tovar where comp_id= and city!='' order by city
q2: 
 auth: 100 
=====
Query:
performedDatetime: 2014-09-03 16:56:50  0000
action: get_company_data
sklad_user: Гость
appleId: E77784B8-CA96-49A6-9A23-3B8ABCF46DB5
sklad_hash: 2dbd433d41b612e4cb77624841c8c2c0
company_id: 19357

=====
Response:
{"action":"get_company_data","code":0,"data":{"company_id":19357,"title":"\u041e\u041e\u041e \u0422\u0414 \"\u0423\u0440\u0430\u043b \u041f\u0430\u043a","city":"\u041b\u044b\u0441\u044c\u0432\u0430","address":"618962, \u041f\u0435\u0440\u043c\u0441\u043a\u0438\u0439 \u043a\u0440\u0430\u0439, \u041b\u044b\u0441\u044c\u0432\u0435\u043d\u0441\u043a\u0438\u0439 \u0440\u0430\u0439\u043e\u043d, \u0434. \u0417\u0430\u0438\u043c\u043a\u0430","phone":"8 (34249) 5\u201361\u201371,+79027904499","email":"market139@ural-pak.ru, ICQ.638-781-042","url":"http:\/\/www.ural-pak.ru","contact":"\u0420\u0443\u0441\u0441\u043a\u0438\u0445 \u0421\u0435\u0440\u0433\u0435\u0439 \u0410\u043d\u0430\u0442\u043e\u043b\u044c\u0435\u0432\u0438\u0447","goods_count":"1119","last_update":"12.08.2014"},"performedDatetime":"2014-09-03T16:49:10Z","authStatus":"0","accessDateEnd":""}
=====

select distinct city from sklad_tovar where comp_id= and city!='' order by city
q2: 
 auth: 100 
=====
Query:
performedDatetime: 2014-09-03 16:56:56  0000
action: get_company_data
sklad_user: Гость
appleId: E77784B8-CA96-49A6-9A23-3B8ABCF46DB5
sklad_hash: 2dbd433d41b612e4cb77624841c8c2c0
company_id: 19357

=====
Response:
{"action":"get_company_data","code":0,"data":{"company_id":19357,"title":"\u041e\u041e\u041e \u0422\u0414 \"\u0423\u0440\u0430\u043b \u041f\u0430\u043a","city":"\u041b\u044b\u0441\u044c\u0432\u0430","address":"618962, \u041f\u0435\u0440\u043c\u0441\u043a\u0438\u0439 \u043a\u0440\u0430\u0439, \u041b\u044b\u0441\u044c\u0432\u0435\u043d\u0441\u043a\u0438\u0439 \u0440\u0430\u0439\u043e\u043d, \u0434. \u0417\u0430\u0438\u043c\u043a\u0430","phone":"8 (34249) 5\u201361\u201371,+79027904499","email":"market139@ural-pak.ru, ICQ.638-781-042","url":"http:\/\/www.ural-pak.ru","contact":"\u0420\u0443\u0441\u0441\u043a\u0438\u0445 \u0421\u0435\u0440\u0433\u0435\u0439 \u0410\u043d\u0430\u0442\u043e\u043b\u044c\u0435\u0432\u0438\u0447","goods_count":"1119","last_update":"12.08.2014"},"performedDatetime":"2014-09-03T16:49:16Z","authStatus":"0","accessDateEnd":""}
=====

select distinct city from sklad_tovar where comp_id= and city!='' order by city
q2: 
 auth: 100 
=====
Query:
performedDatetime: 2014-09-03 16:57:03  0000
action: get_company_data
sklad_user: Гость
appleId: E77784B8-CA96-49A6-9A23-3B8ABCF46DB5
sklad_hash: 2dbd433d41b612e4cb77624841c8c2c0
company_id: 19357

=====
Response:
{"action":"get_company_data","code":0,"data":{"company_id":19357,"title":"\u041e\u041e\u041e \u0422\u0414 \"\u0423\u0440\u0430\u043b \u041f\u0430\u043a","city":"\u041b\u044b\u0441\u044c\u0432\u0430","address":"618962, \u041f\u0435\u0440\u043c\u0441\u043a\u0438\u0439 \u043a\u0440\u0430\u0439, \u041b\u044b\u0441\u044c\u0432\u0435\u043d\u0441\u043a\u0438\u0439 \u0440\u0430\u0439\u043e\u043d, \u0434. \u0417\u0430\u0438\u043c\u043a\u0430","phone":"8 (34249) 5\u201361\u201371,+79027904499","email":"market139@ural-pak.ru, ICQ.638-781-042","url":"http:\/\/www.ural-pak.ru","contact":"\u0420\u0443\u0441\u0441\u043a\u0438\u0445 \u0421\u0435\u0440\u0433\u0435\u0439 \u0410\u043d\u0430\u0442\u043e\u043b\u044c\u0435\u0432\u0438\u0447","goods_count":"1119","last_update":"12.08.2014"},"performedDatetime":"2014-09-03T16:49:23Z","authStatus":"0","accessDateEnd":""}
=====

select distinct city from sklad_tovar where comp_id= and city!='' order by city
q2: 
 auth: 100 
=====
Query:
performedDatetime: 2014-09-03 16:57:10  0000
action: get_company_data
sklad_user: Гость
appleId: E77784B8-CA96-49A6-9A23-3B8ABCF46DB5
sklad_hash: 2dbd433d41b612e4cb77624841c8c2c0
company_id: 19357

=====
Response:
{"action":"get_company_data","code":0,"data":{"company_id":19357,"title":"\u041e\u041e\u041e \u0422\u0414 \"\u0423\u0440\u0430\u043b \u041f\u0430\u043a","city":"\u041b\u044b\u0441\u044c\u0432\u0430","address":"618962, \u041f\u0435\u0440\u043c\u0441\u043a\u0438\u0439 \u043a\u0440\u0430\u0439, \u041b\u044b\u0441\u044c\u0432\u0435\u043d\u0441\u043a\u0438\u0439 \u0440\u0430\u0439\u043e\u043d, \u0434. \u0417\u0430\u0438\u043c\u043a\u0430","phone":"8 (34249) 5\u201361\u201371,+79027904499","email":"market139@ural-pak.ru, ICQ.638-781-042","url":"http:\/\/www.ural-pak.ru","contact":"\u0420\u0443\u0441\u0441\u043a\u0438\u0445 \u0421\u0435\u0440\u0433\u0435\u0439 \u0410\u043d\u0430\u0442\u043e\u043b\u044c\u0435\u0432\u0438\u0447","goods_count":"1119","last_update":"12.08.2014"},"performedDatetime":"2014-09-03T16:49:30Z","authStatus":"0","accessDateEnd":""}
=====

select distinct city from sklad_tovar where comp_id= and city!='' order by city
q2: 
 auth: 100 
=====
Query:
performedDatetime: 2014-09-03 16:57:21  0000
action: get_company_data
sklad_user: Гость
appleId: E77784B8-CA96-49A6-9A23-3B8ABCF46DB5
sklad_hash: 2dbd433d41b612e4cb77624841c8c2c0
company_id: 19357

=====
Response:
{"action":"get_company_data","code":0,"data":{"company_id":19357,"title":"\u041e\u041e\u041e \u0422\u0414 \"\u0423\u0440\u0430\u043b \u041f\u0430\u043a","city":"\u041b\u044b\u0441\u044c\u0432\u0430","address":"618962, \u041f\u0435\u0440\u043c\u0441\u043a\u0438\u0439 \u043a\u0440\u0430\u0439, \u041b\u044b\u0441\u044c\u0432\u0435\u043d\u0441\u043a\u0438\u0439 \u0440\u0430\u0439\u043e\u043d, \u0434. \u0417\u0430\u0438\u043c\u043a\u0430","phone":"8 (34249) 5\u201361\u201371,+79027904499","email":"market139@ural-pak.ru, ICQ.638-781-042","url":"http:\/\/www.ural-pak.ru","contact":"\u0420\u0443\u0441\u0441\u043a\u0438\u0445 \u0421\u0435\u0440\u0433\u0435\u0439 \u0410\u043d\u0430\u0442\u043e\u043b\u044c\u0435\u0432\u0438\u0447","goods_count":"1119","last_update":"12.08.2014"},"performedDatetime":"2014-09-03T16:49:40Z","authStatus":"0","accessDateEnd":""}
=====

select distinct city from sklad_tovar where comp_id= and city!='' order by city
q2: 
 auth: 100 
=====
Query:
performedDatetime: 2014-09-03 17:00:05  0000
action: get_goods_data
sklad_user: Гость
appleId: E77784B8-CA96-49A6-9A23-3B8ABCF46DB5
sklad_hash: 2dbd433d41b612e4cb77624841c8c2c0
searchTerm: Кввг5
resultsFrom: 0
sort: 0
cityFilter: Лысьва

=====
Response:
{"action":"get_goods_data","searchTerm":"\u041a\u0432\u0432\u04335","resultsFrom":0,"code":0,"resultsCount":"0","data":[],"performedDatetime":"2014-09-03T16:52:50Z","authStatus":"0","accessDateEnd":""}
=====

select s.id, s.comp_id, s.title, s.quant, s.unit_id, s.comments, s.city from
		sklad_tovar s where city='Лысьва' and s.visible=1 and (title like 'Кввг5%' or title like '% Кввг5%') order by  s.title LIMIT 0, 20
q2: select count(s.id) from sklad_tovar s where city='Лысьва' and s.visible=1 and (title like 'Кввг5%' or title like '% Кввг5%')
 auth: 100 
=====
Query:
performedDatetime: 2014-09-03 17:00:34  0000
action: get_goods_data
sklad_user: Гость
appleId: E77784B8-CA96-49A6-9A23-3B8ABCF46DB5
sklad_hash: 2dbd433d41b612e4cb77624841c8c2c0
searchTerm: Кввг
resultsFrom: 0
sort: 0
cityFilter: Лысьва

=====
Response:
{"action":"get_goods_data","searchTerm":"\u041a\u0432\u0432\u0433","resultsFrom":0,"sort":0,"cityFilter":"\u041b\u044b\u0441\u044c\u0432\u0430","code":0,"resultsCount":"18","lastPage":1,"data":[{"name":"\u041a\u0412\u0412\u0413 10\u04251,5","amount":"0,55","amount_parts":"","unit":"\u043a\u043c","city":"\u041b\u044b\u0441\u044c\u0432\u0430","company_id":"19357","company_name":"\u041e\u041e\u041e \u0422\u0414 \"\u0423\u0440\u0430\u043b \u041f\u0430\u043a"},{"name":"\u041a\u0412\u0412\u0413 10\u04252,5","amount":"2,37","amount_parts":"","unit":"\u043a\u043c","city":"\u041b\u044b\u0441\u044c\u0432\u0430","company_id":"19357","company_name":"\u041e\u041e\u041e \u0422\u0414 \"\u0423\u0440\u0430\u043b \u041f\u0430\u043a"},{"name":"\u041a\u0412\u0412\u0413 14\u04251,5","amount":"2,38","amount_parts":"0,63; 1,75; ","unit":"\u043a\u043c","city":"\u041b\u044b\u0441\u044c\u0432\u0430","company_id":"19357","company_name":"\u041e\u041e\u041e \u0422\u0414 \"\u0423\u0440\u0430\u043b \u041f\u0430\u043a"},{"name":"\u041a\u0412\u0412\u0413 14\u04252,5","amount":"1,95","amount_parts":"","unit":"\u043a\u043c","city":"\u041b\u044b\u0441\u044c\u0432\u0430","company_id":"19357","company_name":"\u041e\u041e\u041e \u0422\u0414 \"\u0423\u0440\u0430\u043b \u041f\u0430\u043a"},{"name":"\u041a\u0412\u0412\u0413 19\u04252,5","amount":"0,229","amount_parts":"","unit":"\u043a\u043c","city":"\u041b\u044b\u0441\u044c\u0432\u0430","company_id":"19357","company_name":"\u041e\u041e\u041e \u0422\u0414 \"\u0423\u0440\u0430\u043b \u041f\u0430\u043a"},{"name":"\u041a\u0412\u0412\u0413 4\u04251,5","amount":"0,25","amount_parts":"","unit":"\u043a\u043c","city":"\u041b\u044b\u0441\u044c\u0432\u0430","company_id":"19357","company_name":"\u041e\u041e\u041e \u0422\u0414 \"\u0423\u0440\u0430\u043b \u041f\u0430\u043a"},{"name":"\u041a\u0412\u0412\u0413 4\u04252,5","amount":"0,755","amount_parts":"","unit":"\u043a\u043c","city":"\u041b\u044b\u0441\u044c\u0432\u0430","company_id":"19357","company_name":"\u041e\u041e\u041e \u0422\u0414 \"\u0423\u0440\u0430\u043b \u041f\u0430\u043a"},{"name":"\u041a\u0412\u0412\u0413 4\u04254,0","amount":"1,18","amount_parts":"","unit":"\u043a\u043c","city":"\u041b\u044b\u0441\u044c\u0432\u0430","company_id":"19357","company_name":"\u041e\u041e\u041e \u0422\u0414 \"\u0423\u0440\u0430\u043b \u041f\u0430\u043a"},{"name":"\u041a\u0412\u0412\u0413 5\u04252,5","amount":"1,5","amount_parts":"","unit":"\u043a\u043c","city":"\u041b\u044b\u0441\u044c\u0432\u0430","company_id":"19357","company_name":"\u041e\u041e\u041e \u0422\u0414 \"\u0423\u0440\u0430\u043b \u041f\u0430\u043a"},{"name":"\u041a\u0412\u0412\u0413 7\u04251,5","amount":"0,624","amount_parts":"","unit":"\u043a\u043c","city":"\u041b\u044b\u0441\u044c\u0432\u0430","company_id":"19357","company_name":"\u041e\u041e\u041e \u0422\u0414 \"\u0423\u0440\u0430\u043b \u041f\u0430\u043a"},{"name":"\u041a\u0412\u0412\u0413\u043d\u0433 7\u04252,5","amount":"0,98","amount_parts":"","unit":"\u043a\u043c","city":"\u041b\u044b\u0441\u044c\u0432\u0430","company_id":"19357","company_name":"\u041e\u041e\u041e \u0422\u0414 \"\u0423\u0440\u0430\u043b \u041f\u0430\u043a"},{"name":"\u041a\u0412\u0412\u0413\u043d\u0433(\u0410) 10\u04252,5","amount":"0,302","amount_parts":"","unit":"\u043a\u043c","city":"\u041b\u044b\u0441\u044c\u0432\u0430","company_id":"19357","company_name":"\u041e\u041e\u041e \u0422\u0414 \"\u0423\u0440\u0430\u043b \u041f\u0430\u043a"},{"name":"\u041a\u0412\u0412\u0413\u043d\u0433(\u0410) 4\u04254,0","amount":"0,3","amount_parts":"","unit":"\u043a\u043c","city":"\u041b\u044b\u0441\u044c\u0432\u0430","company_id":"19357","company_name":"\u041e\u041e\u041e \u0422\u0414 \"\u0423\u0440\u0430\u043b \u041f\u0430\u043a"},{"name":"\u041a\u0412\u0412\u0413\u043d\u0433(\u0410) 5\u04251,5","amount":"1,5","amount_parts":"","unit":"\u043a\u043c","city":"\u041b\u044b\u0441\u044c\u0432\u0430","company_id":"19357","company_name":"\u041e\u041e\u041e \u0422\u0414 \"\u0423\u0440\u0430\u043b \u041f\u0430\u043a"},{"name":"\u041a\u0412\u0412\u0413\u042d 4\u04252,5","amount":"0,7","amount_parts":"","unit":"\u043a\u043c","city":"\u041b\u044b\u0441\u044c\u0432\u0430","company_id":"19357","company_name":"\u041e\u041e\u041e \u0422\u0414 \"\u0423\u0440\u0430\u043b \u041f\u0430\u043a"},{"name":"\u041a\u0412\u0412\u0413\u042d 7\u04252,5","amount":"1,51","amount_parts":"","unit":"\u043a\u043c","city":"\u041b\u044b\u0441\u044c\u0432\u0430","company_id":"19357","company_name":"\u041e\u041e\u041e \u0422\u0414 \"\u0423\u0440\u0430\u043b \u041f\u0430\u043a"},{"name":"\u041a\u0412\u0412\u0413\u042d\u043d\u0433(\u0410)-LS 14\u04251,5","amount":"1,396","amount_parts":"","unit":"\u043a\u043c","city":"\u041b\u044b\u0441\u044c\u0432\u0430","company_id":"19357","company_name":"\u041e\u041e\u041e \u0422\u0414 \"\u0423\u0440\u0430\u043b \u041f\u0430\u043a"},{"name":"\u041a\u0412\u0412\u0413\u042d\u043d\u0433(\u0410)-LS 7\u04251,5","amount":"0,278","amount_parts":"","unit":"\u043a\u043c","city":"\u041b\u044b\u0441\u044c\u0432\u0430","company_id":"19357","company_name":"\u041e\u041e\u041e \u0422\u0414 \"\u0423\u0440\u0430\u043b \u041f\u0430\u043a"}],"performedDatetime":"2014-09-03T16:52:54Z","authStatus":"0","accessDateEnd":""}
=====

select s.id, s.comp_id, s.title, s.quant, s.unit_id, s.comments, s.city from
		sklad_tovar s where city='Лысьва' and s.visible=1 and (title like 'Кввг%' or title like '% Кввг%') order by  s.title LIMIT 0, 20
q2: select count(s.id) from sklad_tovar s where city='Лысьва' and s.visible=1 and (title like 'Кввг%' or title like '% Кввг%')
 auth: 100 
=====
Query:
performedDatetime: 2014-09-03 17:00:42  0000
action: get_company_data
sklad_user: Гость
appleId: E77784B8-CA96-49A6-9A23-3B8ABCF46DB5
sklad_hash: 2dbd433d41b612e4cb77624841c8c2c0
company_id: 19357

=====
Response:
{"action":"get_company_data","code":0,"data":{"company_id":19357,"title":"\u041e\u041e\u041e \u0422\u0414 \"\u0423\u0440\u0430\u043b \u041f\u0430\u043a","city":"\u041b\u044b\u0441\u044c\u0432\u0430","address":"618962, \u041f\u0435\u0440\u043c\u0441\u043a\u0438\u0439 \u043a\u0440\u0430\u0439, \u041b\u044b\u0441\u044c\u0432\u0435\u043d\u0441\u043a\u0438\u0439 \u0440\u0430\u0439\u043e\u043d, \u0434. \u0417\u0430\u0438\u043c\u043a\u0430","phone":"8 (34249) 5\u201361\u201371,+79027904499","email":"market139@ural-pak.ru, ICQ.638-781-042","url":"http:\/\/www.ural-pak.ru","contact":"\u0420\u0443\u0441\u0441\u043a\u0438\u0445 \u0421\u0435\u0440\u0433\u0435\u0439 \u0410\u043d\u0430\u0442\u043e\u043b\u044c\u0435\u0432\u0438\u0447","goods_count":"1119","last_update":"12.08.2014"},"performedDatetime":"2014-09-03T16:53:02Z","authStatus":"0","accessDateEnd":""}
=====

select distinct city from sklad_tovar where comp_id= and city!='' order by city
q2: 
 auth: 100 
=====
