Query:
performedDatetime: 2014-09-05 05:11:32  0000
action: get_text

=====
Response:
{"action":"get_text","code":0,"data":"","performedDatetime":"2014-09-05T05:11:34Z","authStatus":"10"}
=====


q2: 
 auth: 0 
=====
Query:
performedDatetime: 2014-09-05 05:11:51  0000
action: get_goods_data
sklad_user: Гость
appleId: 6BCEC083-87BD-44FB-9F45-68D53E09BABF
sklad_hash: 4840db4e6d5a5ca1198e6f724a8e9515
searchTerm: Кввгэ 4х2,5
resultsFrom: 0
sort: 0
cityFilter: 

=====
Response:
{"action":"get_goods_data","searchTerm":"\u041a\u0432\u0432\u0433\u044d 4\u04452,5","resultsFrom":0,"sort":0,"cityFilter":"","code":0,"resultsCount":"201","lastPage":0,"data":[{"name":"\u041a\u0412\u0412\u0413\u042d (\u043c\u0435\u0434\u043d\u044b\u0439 \u044d\u043a\u0440\u0430\u043d) 14\u04452,5","amount":"0,12","amount_parts":"","unit":"\u043a\u043c","city":"\u041f\u0430\u0432\u043b\u043e\u0434\u0430\u0440","company_id":"7464","company_name":"\u0410\u041e \"\u041a\u0430\u0437\u044d\u043d\u0435\u0440\u0433\u043e\u043a\u0430\u0431\u0435\u043b\u044c\""},{"name":"\u041a\u0412\u0412\u0413\u042d 14\u04452,5","amount":"1,09","amount_parts":"0,303; 0,48; 0,207; 0,1; ","unit":"\u043a\u043c","city":"\u041f\u0435\u0440\u043c\u044c","company_id":"16985","company_name":"\u041e\u041e\u041e \"\u041d\u043e\u0432\u0440\u0435\u043c\u0434\u043e\u0440\u043c\u0430\u0448\""},{"name":"\u041a\u0412\u0412\u0413\u042d 14\u04452,5","amount":"0,297","amount_parts":"0,065; 0,125; 0,107; ","unit":"\u043a\u043c","city":"\u041f\u0435\u0440\u043c\u044c","company_id":"17640","company_name":"\u041e\u041e\u041e \"\u0415\u0432\u0440\u043e\u0441\u0442\u0440\u043e\u0439\""},{"name":"\u041a\u0412\u0412\u0413\u042d 14\u04452,5","amount":"0,297","amount_parts":"0,107; 0,065; 0,125; ","unit":"\u043a\u043c","city":"\u041f\u0435\u0440\u043c\u044c","company_id":"3601","company_name":"\u041e\u041e\u041e \"\u0422\u041c\u041a-\u042d\u041d\u0415\u0420\u0413\u041e\""},{"name":"\u041a\u0412\u0412\u0413\u042d 14\u04452,5","amount":"0,697","amount_parts":"200; 497;","unit":"\u043a\u043c","city":"\u0415\u043a\u0430\u0442\u0435\u0440\u0438\u043d\u0431\u0443\u0440\u0433","company_id":"6765","company_name":"\u0410\u043d\u0434\u0440\u0435\u0439 "},{"name":"\u041a\u0412\u0412\u0413\u042d 14\u04452,5","amount":"0,085","amount_parts":"","unit":"\u043a\u043c","city":"\u0421\u0430\u043d\u043a\u0442-\u041f\u0435\u0442\u0435\u0440\u0431\u0443\u0440\u0433","company_id":"3660","company_name":"\u041e\u041e\u041e \u041a\u0430\u0431\u0435\u043b\u044c\u0413\u0440\u0443\u043f\u043f"},{"name":"\u041a\u0412\u0412\u0413\u042d 14\u04452,5","amount":"0,234","amount_parts":"0,104; 0,086; 0,044; ","unit":"\u043a\u043c","city":"\u041f\u0435\u0440\u043c\u044c","company_id":"10969","company_name":"\u041e\u041e\u041e \u0410\u0428\u0422\u0420\u0415\u0412\u0415\u041b"},{"name":"\u041a\u0412\u0412\u0413\u042d 14\u04452,5","amount":"0,085","amount_parts":"","unit":"\u043a\u043c","city":"\u041c\u043e\u0441\u043a\u0432\u0430","company_id":"22412","company_name":"\u041e\u041e\u041e \u041a\u041e\u0420\u041f\u041e\u0420\u0410\u0426\u0418\u042f \u0411\u0430\u043b\u0442\u041f\u0440\u043e\u043c\u041a\u043e\u043c\u043f\u043b\u0435\u043a\u0442"},{"name":"\u041a\u0412\u0412\u0413\u042d 14\u04452,5","amount":"0,297","amount_parts":"0,065; 0,125; 0,107; ","unit":"\u043a\u043c","city":"\u041f\u0435\u0440\u043c\u044c","company_id":"11082","company_name":"\u041e\u041e\u041e \u0421\u0442\u0440\u043e\u0439\u043a\u0430\u0431\u0435\u043b\u044c"},{"name":"\u041a\u0412\u0412\u0413\u042d 14\u04452,5","amount":"0,125","amount_parts":"","unit":"\u043a\u043c","city":"\u0415\u043a\u0430\u0442\u0435\u0440\u0438\u043d\u0431\u0443\u0440\u0433","company_id":"8456","company_name":"\u041e\u041e\u041e \"\u041f\u0440\u043e\u043c\u042d\u043b\u0435\u043a\u0442\u0440\u043e\u041a\u0430\u0431\u0435\u043b\u044c\""},{"name":"\u041a\u0412\u0412\u0413\u042d 14\u04452,5","amount":"0,085","amount_parts":"","unit":"\u043a\u043c","city":"\u0421\u0430\u043d\u043a\u0442-\u041f\u0435\u0442\u0435\u0440\u0431\u0443\u0440\u0433","company_id":"381","company_name":"\u041e\u041e\u041e \u0420\u041a\u0411"},{"name":"\u041a\u0412\u0412\u0413\u042d 14\u04452,5","amount":"0,085","amount_parts":"","unit":"\u043a\u043c","city":"\u0421\u0430\u043d\u043a\u0442-\u041f\u0435\u0442\u0435\u0440\u0431\u0443\u0440\u0433","company_id":"16940","company_name":"\u041e\u041e\u041e \"\u041e\u043f\u0442\u0413\u0440\u0443\u043f\u043f\""},{"name":"\u041a\u0412\u0412\u0413\u042d 14\u04452,5 0.66 \u043a\u0412.","amount":"1,382","amount_parts":"","unit":"\u043a\u043c","city":"\u041d\u043e\u0432\u043e\u0441\u0438\u0431\u0438\u0440\u0441\u043a","company_id":"15992","company_name":"\u041e\u041e\u041e \u042d\u0422\u0421-\u042d\u043b\u0441\u0438\u0441"},{"name":"\u041a\u0412\u0412\u0413\u042d 14\u04452,5 \u0413\u041e\u0421\u0422 1508-78 (\u0413\u041e\u0421\u0422 26411-85)","amount":"0,498","amount_parts":"0,055; 0,443; ","unit":"\u043a\u043c","city":"\u0415\u043a\u0430\u0442\u0435\u0440\u0438\u043d\u0431\u0443\u0440\u0433","company_id":"22088","company_name":"\u0425\u043e\u043b\u0434\u0438\u043d\u0433 \u041a\u0430\u0431\u0435\u043b\u044c\u043d\u044b\u0439 \u0410\u043b\u044c\u044f\u043d\u0441"},{"name":"\u041a\u0412\u0412\u0413\u042d 14\u04452.5","amount":"0,956","amount_parts":"","unit":"\u043a\u043c","city":"\u041f\u0435\u0440\u043c\u044c","company_id":"258","company_name":"\u0417\u0410\u041e \"\u042d\u043b\u0435\u043a\u0442\u0440\u043e\u0442\u0435\u0445\u043f\u0440\u043e\u043c\""},{"name":"\u041a\u0412\u0412\u0413\u042d 14\u04452.5","amount":"0,097","amount_parts":"","unit":"\u043a\u043c","city":"\u041c\u043e\u0441\u043a\u0432\u0430","company_id":"8256","company_name":"\u041e\u041e\u041e \u0410\u0432\u0430\u043b\u043e\u043d-\u041a\u0430\u0431\u0435\u043b\u044c"},{"name":"\u041a\u0412\u0412\u0413\u042d 4\u04452,5","amount":"19,475","amount_parts":"0,326; 0,14; 0,142; 0,545; 4,888; 4,845; 5,035; 0,204; 3,35; ","unit":"\u043a\u043c","city":"\u041f\u0435\u0440\u043c\u044c","company_id":"16985","company_name":"\u041e\u041e\u041e \"\u041d\u043e\u0432\u0440\u0435\u043c\u0434\u043e\u0440\u043c\u0430\u0448\""},{"name":"\u041a\u0412\u0412\u0413\u042d 4\u04452,5","amount":"0,039","amount_parts":"","unit":"\u043a\u043c","city":"\u041f\u0435\u0440\u043c\u044c","company_id":"8434","company_name":"\u041e\u041e\u041e \u042d\u041b-\u0441\u0435\u0440\u0432\u0438\u0441"},{"name":"\u041a\u0412\u0412\u0413\u042d 4\u04452,5","amount":"0,039","amount_parts":"","unit":"\u043a\u043c","city":"\u041f\u0435\u0440\u043c\u044c","company_id":"5319","company_name":"\u041e\u041e\u041e \"\u0421\u0442\u0440\u043e\u0439\u0441\u043d\u0430\u0431-1\""},{"name":"\u041a\u0412\u0412\u0413\u042d 4\u04452,5","amount":"0,321","amount_parts":"0,154; 0,022; 0,08; 0,065; ","unit":"\u043a\u043c","city":"\u041f\u0435\u0440\u043c\u044c","company_id":"17640","company_name":"\u041e\u041e\u041e \"\u0415\u0432\u0440\u043e\u0441\u0442\u0440\u043e\u0439\""}],"performedDatetime":"2014-09-05T05:11:52Z","authStatus":"0","accessDateEnd":""}
=====

select s.id, s.comp_id, s.title, s.quant, s.unit_id, s.comments, s.city from
		sklad_tovar s where visible=1 and (title like 'Кввгэ%' or title like '% Кввгэ%') and (title like '%4х2,5%' or title like '%4х2.5%' or title like '%4x2,5%' or title like '%4x2,5%') order by  s.title LIMIT 0, 20
q2: select count(id) from sklad_tovar s where visible=1 and (title like 'Кввгэ%' or title like '% Кввгэ%') and (title like '%4х2,5%' or title like '%4х2.5%' or title like '%4x2,5%' or title like '%4x2,5%')
 auth: 100 
=====
Query:
performedDatetime: 2014-09-05 05:12:16  0000
action: get_company_data
sklad_user: Гость
appleId: 6BCEC083-87BD-44FB-9F45-68D53E09BABF
sklad_hash: 4840db4e6d5a5ca1198e6f724a8e9515
company_id: 16985

=====
Response:
{"action":"get_company_data","code":0,"data":{"company_id":16985,"title":"\u041e\u041e\u041e \"\u041d\u043e\u0432\u0440\u0435\u043c\u0434\u043e\u0440\u043c\u0430\u0448\"","city":"\u041d\u043e\u0432\u043e\u043c\u043e\u0441\u043a\u043e\u0432\u0441\u043a","address":"301650, \u0422\u0443\u043b\u044c\u0441\u043a\u0430\u044f \u043e\u0431\u043b., \u0433. \u041d\u043e\u0432\u043e\u043c\u043e\u0441\u043a\u043e\u0432\u0441\u043a, \u0443\u043b.\u0422\u0435\u0445\u043d\u0438\u0447\u0435\u0441\u043a\u0430\u044f, 8","phone":"8-953-427-1067, 8-48762-3-72-93","email":"yuliya.cabsnab@mail.ru","url":"http:\/\/cabsnab.ru","contact":"\u041f\u0440\u0438\u0441\u044f\u0436\u043d\u0435\u043d\u043a\u043e \u042e\u043b\u0438\u044f \u0413\u0435\u043d\u043d\u0430\u0434\u044c\u0435\u0432\u043d\u0430","goods_count":"2296","last_update":"29.08.2014"},"performedDatetime":"2014-09-05T05:12:17Z","authStatus":"0","accessDateEnd":""}
=====

select distinct city from sklad_tovar where comp_id= and city!='' order by city
q2: 
 auth: 100 
=====
Query:
performedDatetime: 2014-09-05 05:12:19  0000
action: get_company_data
sklad_user: Гость
appleId: 6BCEC083-87BD-44FB-9F45-68D53E09BABF
sklad_hash: 4840db4e6d5a5ca1198e6f724a8e9515
company_id: 17640

=====
Response:
{"action":"get_company_data","code":0,"data":{"company_id":17640,"title":"\u041e\u041e\u041e \"\u0415\u0432\u0440\u043e\u0441\u0442\u0440\u043e\u0439\"","city":"\u041f\u0435\u0440\u043c\u044c","address":"614000, \u0433. \u041f\u0435\u0440\u043c\u044c, \u0443\u043b. \u041b\u0443\u043d\u0430\u0447\u0430\u0440\u0441\u043a\u043e\u0433\u043e, 3\/2, \u043e\u0444 403\u0411","phone":"(342) 207-10-20 \u0434\u043e\u0431 102, 8 922 641-75-50","email":"marat.t@evrostroy.pro, marat_chus@bk.ru","contact":"\u0422\u044e\u0442\u0438\u043d \u041c\u0430\u0440\u0430\u0442","goods_count":"1118","last_update":"19.08.2014"},"performedDatetime":"2014-09-05T05:12:20Z","authStatus":"0","accessDateEnd":""}
=====

select distinct city from sklad_tovar where comp_id= and city!='' order by city
q2: 
 auth: 100 
=====
Query:
performedDatetime: 2014-09-05 05:12:29  0000
action: get_company_data
sklad_user: Гость
appleId: 6BCEC083-87BD-44FB-9F45-68D53E09BABF
sklad_hash: 4840db4e6d5a5ca1198e6f724a8e9515
company_id: 5319

=====
Response:
{"action":"get_company_data","code":0,"data":{"company_id":5319,"title":"\u041e\u041e\u041e \"\u0421\u0442\u0440\u043e\u0439\u0441\u043d\u0430\u0431-1\"","city":"\u041f\u0435\u0440\u043c\u044c","address":"614064, \u0420\u043e\u0441\u0441\u0438\u0439\u0441\u043a\u0430\u044f \u0424\u0435\u0434\u0435\u0440\u0430\u0446\u0438\u044f, \u041f\u0435\u0440\u043c\u0441\u043a\u0438\u0439 \u043a\u0440\u0430\u0439,  \u0433. \u041f\u0435\u0440\u043c\u044c, \u0443\u043b. \u0423\u0441\u043e\u043b\u044c\u0441\u043a\u0430\u044f 15","phone":"89128889090","email":"kam61@strsnab1.ru,kams_08@mail.ru","contact":" \u0435\u043b\u0435\u043d\u0430 ","goods_count":"117","last_update":"03.09.2014"},"performedDatetime":"2014-09-05T05:12:30Z","authStatus":"0","accessDateEnd":""}
=====

select distinct city from sklad_tovar where comp_id= and city!='' order by city
q2: 
 auth: 100 
=====
Query:
performedDatetime: 2014-09-05 05:12:46  0000
action: get_goods_data
sklad_user: Гость
appleId: 6BCEC083-87BD-44FB-9F45-68D53E09BABF
sklad_hash: 4840db4e6d5a5ca1198e6f724a8e9515
searchTerm: Кввгэ 4х2,5
resultsFrom: 1
sort: 0
cityFilter: 

=====
Response:
{"action":"get_goods_data","searchTerm":"\u041a\u0432\u0432\u0433\u044d 4\u04452,5","resultsFrom":1,"sort":0,"cityFilter":"","code":0,"resultsCount":"201","lastPage":0,"data":[{"name":"\u041a\u0412\u0412\u0413\u042d 4\u04452,5","amount":"0,321","amount_parts":"0,022; 0,08; 0,154; 0,065; ","unit":"\u043a\u043c","city":"\u041f\u0435\u0440\u043c\u044c","company_id":"3601","company_name":"\u041e\u041e\u041e \"\u0422\u041c\u041a-\u042d\u041d\u0415\u0420\u0413\u041e\""},{"name":"\u041a\u0412\u0412\u0413\u042d 4\u04452,5","amount":"0,071","amount_parts":"","unit":"\u043a\u043c","city":"\u0415\u043a\u0430\u0442\u0435\u0440\u0438\u043d\u0431\u0443\u0440\u0433","company_id":"6765","company_name":"\u0410\u043d\u0434\u0440\u0435\u0439 "},{"name":"\u041a\u0412\u0412\u0413\u042d 4\u04452,5","amount":"0,236","amount_parts":"0,133; 0,059; 0,044; ","unit":"\u043a\u043c","city":"\u041f\u0435\u0440\u043c\u044c","company_id":"10969","company_name":"\u041e\u041e\u041e \u0410\u0428\u0422\u0420\u0415\u0412\u0415\u041b"},{"name":"\u041a\u0412\u0412\u0413\u042d 4\u04452,5","amount":"0,93","amount_parts":"0,700; 0,230","unit":"\u043a\u043c","city":"\u041f\u0435\u0440\u043c\u044c","company_id":"18682","company_name":"\u041e\u041e\u041e \"\u041a\u0430\u043c\u0441\u043a\u0438\u0439 \u043a\u0430\u0431\u0435\u043b\u044c\""},{"name":"\u041a\u0412\u0412\u0413\u042d 4\u04452,5","amount":"0,099","amount_parts":"","unit":"\u043a\u043c","city":"\u0427\u0435\u043b\u044f\u0431\u0438\u043d\u0441\u043a","company_id":"17324","company_name":"\u042e\u0423\u042d\u041a"},{"name":"\u041a\u0412\u0412\u0413\u042d 4\u04452,5","amount":"0,242","amount_parts":"","unit":"\u043a\u043c","city":"\u041f\u0430\u0432\u043b\u043e\u0434\u0430\u0440","company_id":"7464","company_name":"\u0410\u041e \"\u041a\u0430\u0437\u044d\u043d\u0435\u0440\u0433\u043e\u043a\u0430\u0431\u0435\u043b\u044c\""},{"name":"\u041a\u0412\u0412\u0413\u042d 4\u04452,5","amount":"0,321","amount_parts":"0,154; 0,022; 0,08; 0,065; ","unit":"\u043a\u043c","city":"\u041f\u0435\u0440\u043c\u044c","company_id":"11082","company_name":"\u041e\u041e\u041e \u0421\u0442\u0440\u043e\u0439\u043a\u0430\u0431\u0435\u043b\u044c"},{"name":"\u041a\u0412\u0412\u0413\u042d 4\u04252,5","amount":"0,7","amount_parts":"","unit":"\u043a\u043c","city":"\u041b\u044b\u0441\u044c\u0432\u0430","company_id":"19357","company_name":"\u041e\u041e\u041e \u0422\u0414 \"\u0423\u0440\u0430\u043b \u041f\u0430\u043a\""},{"name":"\u041a\u0412\u0412\u0413\u042d 4\u04452,5","amount":"0,099","amount_parts":"","unit":"\u043a\u043c","city":"\u0427\u0435\u043b\u044f\u0431\u0438\u043d\u0441\u043a","company_id":"12417","company_name":"\u041e\u041e\u041e \u042e\u0436\u0423\u0440\u0430\u043b\u042d\u043b\u0435\u043a\u0442\u0440\u043e\u041a\u0430\u0431\u0435\u043b\u044c"},{"name":"\u041a\u0412\u0412\u0413\u042d 4\u04452,5 (\u043c)","amount":"0,35","amount_parts":"","unit":"\u043a\u043c","city":"\u0418\u0432\u0430\u043d\u043e\u0432\u043e","company_id":"15173","company_name":"\u041e\u041e\u041e \u0414\u0435\u0439\u0442\u0435\u0440\u0438\u0439 \u043f\u043b\u044e\u0441 \u042d\u043d\u0435\u0440\u0433\u043e\u0441\u043d\u0430\u0431"},{"name":"\u041a\u0412\u0412\u0413\u042d 4\u04452,5 0.66 \u043a\u0412.","amount":"0,09","amount_parts":"","unit":"\u043a\u043c","city":"\u041d\u043e\u0432\u043e\u0441\u0438\u0431\u0438\u0440\u0441\u043a","company_id":"15992","company_name":"\u041e\u041e\u041e \u042d\u0422\u0421-\u042d\u043b\u0441\u0438\u0441"},{"name":"\u041a\u0412\u0412\u0413\u042d 4\u04452,5 \u0413\u041e\u0421\u0422 1508-78","amount":"5,7","amount_parts":"","unit":"\u043a\u043c","city":"\u0422\u0432\u0435\u0440\u044c","company_id":"22749","company_name":"\u041e\u0410\u041e \u0422\u0432\u0435\u0440\u044c\u044d\u043d\u0435\u0440\u0433\u043e\u043a\u0430\u0431\u0435\u043b\u044c"},{"name":"\u041a\u0412\u0412\u0413\u042d 4\u04252,5 \u0413\u041e\u0421\u0422 1508-78","amount":"0,815","amount_parts":"0,115; 0,7; ","unit":"\u043a\u043c","city":"\u041f\u0435\u0440\u043c\u044c","company_id":"19357","company_name":"\u041e\u041e\u041e \u0422\u0414 \"\u0423\u0440\u0430\u043b \u041f\u0430\u043a\""},{"name":"\u041a\u0412\u0412\u0413\u042d 4\u04452,5 \u0413\u041e\u0421\u0422 1508-78 (\u0413\u041e\u0421\u0422 26411-85)","amount":"0,183","amount_parts":"0,03; 0,153; ","unit":"\u043a\u043c","city":"\u0422\u043e\u043c\u0441\u043a","company_id":"22088","company_name":"\u0425\u043e\u043b\u0434\u0438\u043d\u0433 \u041a\u0430\u0431\u0435\u043b\u044c\u043d\u044b\u0439 \u0410\u043b\u044c\u044f\u043d\u0441"},{"name":"\u041a\u0412\u0412\u0413\u042d 4\u04452.5","amount":"2,022","amount_parts":"2,803;0,6871,65; ","unit":"\u043a\u043c","city":"\u041f\u0435\u0440\u043c\u044c","company_id":"258","company_name":"\u0417\u0410\u041e \"\u042d\u043b\u0435\u043a\u0442\u0440\u043e\u0442\u0435\u0445\u043f\u0440\u043e\u043c\""},{"name":"\u041a\u0412\u0412\u0413\u042d 4\u04452.5","amount":"0,021","amount_parts":"","unit":"\u043a\u043c","city":"\u041d\u0438\u0436\u043d\u0438\u0439 \u041d\u043e\u0432\u0433\u043e\u0440\u043e\u0434","company_id":"23644","company_name":"\u0413\u0440\u0443\u043f\u043f\u0430 \u043a\u043e\u043c\u043f\u0430\u043d\u0438\u0439 \u0422\u0420\u0418\u0417"},{"name":"\u041a\u0412\u0412\u0413\u042d 4\u04452.5","amount":"0,007","amount_parts":"","unit":"\u043a\u043c","city":"\u041f\u0435\u0440\u043c\u044c","company_id":"16265","company_name":"\u041e\u041e\u041e \u0423\u0440\u0430\u043b\u043f\u0440\u043e\u043c\u043a\u0430\u0431\u0435\u043b\u044c"},{"name":"\u041a\u0412\u0412\u0413\u042d \u043d\u0433 4\u04452,5","amount":"0,392","amount_parts":"","unit":"\u043a\u043c","city":"\u041c\u043e\u0441\u043a\u0432\u0430","company_id":"12960","company_name":"\u041e\u041e\u041e \u041a\u0432\u0435\u043d\u0442"},{"name":"\u041a\u0412\u0412\u0413\u042d-\u043d\u0433 14\u04452,5","amount":"0,222","amount_parts":"","unit":"\u043a\u043c","city":"\u0415\u043a\u0430\u0442\u0435\u0440\u0438\u043d\u0431\u0443\u0440\u0433","company_id":"8456","company_name":"\u041e\u041e\u041e \"\u041f\u0440\u043e\u043c\u042d\u043b\u0435\u043a\u0442\u0440\u043e\u041a\u0430\u0431\u0435\u043b\u044c\""},{"name":"\u041a\u0412\u0412\u0413\u042d-\u043d\u0433 FRLS 4\u04452,5","amount":"0,205","amount_parts":"","unit":"\u043a\u043c","city":"\u0415\u043a\u0430\u0442\u0435\u0440\u0438\u043d\u0431\u0443\u0440\u0433","company_id":"8456","company_name":"\u041e\u041e\u041e \"\u041f\u0440\u043e\u043c\u042d\u043b\u0435\u043a\u0442\u0440\u043e\u041a\u0430\u0431\u0435\u043b\u044c\""}],"performedDatetime":"2014-09-05T05:12:46Z","authStatus":"0","accessDateEnd":""}
=====

select s.id, s.comp_id, s.title, s.quant, s.unit_id, s.comments, s.city from
		sklad_tovar s where visible=1 and (title like 'Кввгэ%' or title like '% Кввгэ%') and (title like '%4х2,5%' or title like '%4х2.5%' or title like '%4x2,5%' or title like '%4x2,5%') order by  s.title LIMIT 20, 20
q2: select count(id) from sklad_tovar s where visible=1 and (title like 'Кввгэ%' or title like '% Кввгэ%') and (title like '%4х2,5%' or title like '%4х2.5%' or title like '%4x2,5%' or title like '%4x2,5%')
 auth: 100 
=====
Query:
performedDatetime: 2014-09-05 05:12:57  0000
action: get_goods_data
sklad_user: Гость
appleId: 6BCEC083-87BD-44FB-9F45-68D53E09BABF
sklad_hash: 4840db4e6d5a5ca1198e6f724a8e9515
searchTerm: Кввгэ 4х2,5
resultsFrom: 0
sort: 3
cityFilter: 

=====
Response:
{"action":"get_goods_data","searchTerm":"\u041a\u0432\u0432\u0433\u044d 4\u04452,5","resultsFrom":0,"sort":"3","cityFilter":"","code":0,"resultsCount":"201","lastPage":0,"data":[{"name":"\u041a\u0412\u0412\u0413\u042d\u043d\u0433 4\u04452,5","amount":"24,805","amount_parts":"","unit":"\u043a\u043c","city":"\u041d\u0438\u0436\u043d\u0438\u0439 \u041d\u043e\u0432\u0433\u043e\u0440\u043e\u0434","company_id":"22212","company_name":"\u041e\u041e\u041e \"\u042d\u043b\u0435\u043a\u0442\u0440\u043e\u0442\u0435\u0445\u043d\u0438\u0447\u0435\u0441\u043a\u0430\u044f \u043a\u043e\u043c\u043f\u0430\u043d\u0438\u044f \"\u0422\u043e\u043b\u0435\u0434\u043e\""},{"name":"\u041a\u0412\u0412\u0413\u042d\u043d\u0433-LS 4\u04452,5","amount":"20,477","amount_parts":"0,014; 1,34; 1,31; 1,46; 0,85; 0,101; 0,151; 7,606; 0,105; 0,098; 7,442; ","unit":"\u043a\u043c","city":"\u041f\u0435\u0440\u043c\u044c","company_id":"16985","company_name":"\u041e\u041e\u041e \"\u041d\u043e\u0432\u0440\u0435\u043c\u0434\u043e\u0440\u043c\u0430\u0448\""},{"name":"\u041a\u0412\u0412\u0413\u042d\u043d\u0433(\u0410)-LS 4\u04452,5","amount":"20,255","amount_parts":"","unit":"\u043a\u043c","city":"\u041c\u043e\u0441\u043a\u0432\u0430","company_id":"17486","company_name":"\u041e\u041e\u041e \u042d\u043b\u043a\u043e\u043c-\u042d\u043b\u0435\u043a\u0442\u0440\u043e"},{"name":"\u041a\u0412\u0412\u0413\u042d\u041d\u0413 4\u04252,5","amount":"20,057","amount_parts":"","unit":"\u043a\u043c","city":"\u041f\u0435\u0440\u043c\u044c","company_id":"13338","company_name":"\u041e\u041e\u041e \u042d\u0422\u041a \u042d\u043d\u0435\u0440\u0433\u043e\u043a\u043e\u043c\u043f\u043b\u0435\u043a\u0441"},{"name":"\u041a\u0412\u0412\u0413\u042d 4\u04452,5","amount":"19,475","amount_parts":"0,326; 0,14; 0,142; 0,545; 4,888; 4,845; 5,035; 0,204; 3,35; ","unit":"\u043a\u043c","city":"\u041f\u0435\u0440\u043c\u044c","company_id":"16985","company_name":"\u041e\u041e\u041e \"\u041d\u043e\u0432\u0440\u0435\u043c\u0434\u043e\u0440\u043c\u0430\u0448\""},{"name":"\u041a\u0412\u0412\u0413\u042d\u043d\u0433-LS 4\u04452,5 (\u0410)","amount":"16,14","amount_parts":"0,17; 0,574; 0,9; 1; 0,175; 1,6; 1,68; 1,6; 1,41; 0,751; 1; 1; 1,13; 1,15; 1; 1; ","unit":"\u043a\u043c","city":"\u041f\u0435\u0440\u043c\u044c","company_id":"8434","company_name":"\u041e\u041e\u041e \u042d\u041b-\u0441\u0435\u0440\u0432\u0438\u0441"},{"name":"\u041a\u0412\u0412\u0413\u042d\u043d\u0433-LS 14\u04452,5","amount":"11,995","amount_parts":"0,249; 2,893; 2,531; 2,46; 2,607; 0,141; 0,13; 0,826; 0,158; ","unit":"\u043a\u043c","city":"\u041f\u0435\u0440\u043c\u044c","company_id":"16985","company_name":"\u041e\u041e\u041e \"\u041d\u043e\u0432\u0440\u0435\u043c\u0434\u043e\u0440\u043c\u0430\u0448\""},{"name":"\u041a\u0412\u0412\u0413\u042d\u043d\u0433 4\u04452,5","amount":"10,014","amount_parts":"0,716; 0,149; 0,155; 0,214; 3,73; 5,05; ","unit":"\u043a\u043c","city":"\u041f\u0435\u0440\u043c\u044c","company_id":"16985","company_name":"\u041e\u041e\u041e \"\u041d\u043e\u0432\u0440\u0435\u043c\u0434\u043e\u0440\u043c\u0430\u0448\""},{"name":"\u041a\u0412\u0412\u0413\u042d\u043d\u0433(\u0410)-LS 4\u04452,5","amount":"9,622","amount_parts":"9,471; 0,151; ","unit":"\u043a\u043c","city":"\u041c\u043e\u0441\u043a\u0432\u0430","company_id":"6306","company_name":"\u0417\u0410\u041e \"\u041a\u0430\u0431\u0435\u043b\u044c\u0441\u043d\u0430\u0431\""},{"name":"\u041a\u0412\u0412\u0413\u042d\u043d\u0433-LS 4\u04452,5 (\u0410)","amount":"9,021","amount_parts":"1,41; 0,431; 1; 1; 1,13; 1,15; 1; 1; 0,9; ","unit":"\u043a\u043c","city":"\u041f\u0435\u0440\u043c\u044c","company_id":"5319","company_name":"\u041e\u041e\u041e \"\u0421\u0442\u0440\u043e\u0439\u0441\u043d\u0430\u0431-1\""},{"name":"\u041a\u0412\u0412\u0413\u042d\u043d\u0433-FR-ls 4\u04452,5","amount":"8,25","amount_parts":"1,053; 0,143; 1,565; 1,01; 0,94; 3,539; ","unit":"\u043a\u043c","city":"\u041f\u0435\u0440\u043c\u044c","company_id":"16985","company_name":"\u041e\u041e\u041e \"\u041d\u043e\u0432\u0440\u0435\u043c\u0434\u043e\u0440\u043c\u0430\u0448\""},{"name":"\u041a\u0412\u0412\u0413\u042d\u043d\u0433(\u0410)-LS 4\u04452.5","amount":"6,696","amount_parts":"0,105; 0,125; 0,131; 0,132; 0,133; 0,14; 0,23; 0,299; 0,4; 0,624; 1; 3,377; ","unit":"\u043a\u043c","city":"\u041f\u0435\u0440\u043c\u044c","company_id":"258","company_name":"\u0417\u0410\u041e \"\u042d\u043b\u0435\u043a\u0442\u0440\u043e\u0442\u0435\u0445\u043f\u0440\u043e\u043c\""},{"name":"\u041a\u0412\u0412\u0413\u042d\u043d\u0433(\u0410)-LS 14\u04452.5","amount":"6,61","amount_parts":"3000;3610","unit":"\u043a\u043c","city":"\u041c\u043e\u0441\u043a\u0432\u0430","company_id":"17087","company_name":"\u043e\u043e\u043e \u041b\u042d\u041f \u041f\u043e\u0441\u0442\u0430\u0432\u043a\u0430"},{"name":"\u041a\u0412\u0412\u0413\u042d 4\u04452,5 \u0413\u041e\u0421\u0422 1508-78","amount":"5,7","amount_parts":"","unit":"\u043a\u043c","city":"\u0422\u0432\u0435\u0440\u044c","company_id":"22749","company_name":"\u041e\u0410\u041e \u0422\u0432\u0435\u0440\u044c\u044d\u043d\u0435\u0440\u0433\u043e\u043a\u0430\u0431\u0435\u043b\u044c"},{"name":"\u041a\u0412\u0412\u0413\u042d\u043d\u0433(\u0410)-LS 14\u04452,5","amount":"4,9","amount_parts":"","unit":"\u043a\u043c","city":"\u041c\u043e\u0441\u043a\u0432\u0430","company_id":"17486","company_name":"\u041e\u041e\u041e \u042d\u043b\u043a\u043e\u043c-\u042d\u043b\u0435\u043a\u0442\u0440\u043e"},{"name":"\u041a\u0412\u0412\u0413\u042d\u043d\u0433(\u0410)-LS 4\u04452.5 \u0422\u0423 16.\u041a71-310-2001","amount":"4,5","amount_parts":"","unit":"\u043a\u043c","city":"\u0422\u0432\u0435\u0440\u044c","company_id":"22749","company_name":"\u041e\u0410\u041e \u0422\u0432\u0435\u0440\u044c\u044d\u043d\u0435\u0440\u0433\u043e\u043a\u0430\u0431\u0435\u043b\u044c"},{"name":"\u041a\u0412\u0412\u0413\u042d\u043d\u0433(\u0410)-LS 4\u04452,5","amount":"3,935","amount_parts":"","unit":"\u043a\u043c","city":"\u041c\u043e\u0441\u043a\u0432\u0430","company_id":"16301","company_name":"\u041e\u041e\u041e \u0418\u043d\u0442\u0435\u043b\u043b\u042d\u043b\u0435\u043a\u0442\u0440\u043e\u041a\u043e\u043c\u043f\u043b\u0435\u043a\u0442"},{"name":"\u041a\u0412\u0412\u0413\u042d\u043d\u0433 14\u04452,5","amount":"3,815","amount_parts":"0,14; 0,288; 0,137; 0,25; 1,5; 1,5; ","unit":"\u043a\u043c","city":"\u041f\u0435\u0440\u043c\u044c","company_id":"16985","company_name":"\u041e\u041e\u041e \"\u041d\u043e\u0432\u0440\u0435\u043c\u0434\u043e\u0440\u043c\u0430\u0448\""},{"name":"\u041a\u0412\u0412\u0413\u042d\u043d\u0433-LS 4\u04452,5","amount":"3,502","amount_parts":"","unit":"\u043a\u043c","city":"\u041d\u043e\u0432\u043e\u0441\u0438\u0431\u0438\u0440\u0441\u043a","company_id":"15992","company_name":"\u041e\u041e\u041e \u042d\u0422\u0421-\u042d\u043b\u0441\u0438\u0441"},{"name":"\u041a\u0412\u0412\u0413\u042d\u043d\u0433-LS 4\u04452,5","amount":"3,203","amount_parts":"1,573; 1,63; ","unit":"\u043a\u043c","city":"\u0415\u043a\u0430\u0442\u0435\u0440\u0438\u043d\u0431\u0443\u0440\u0433","company_id":"16985","company_name":"\u041e\u041e\u041e \"\u041d\u043e\u0432\u0440\u0435\u043c\u0434\u043e\u0440\u043c\u0430\u0448\""}],"performedDatetime":"2014-09-05T05:12:58Z","authStatus":"0","accessDateEnd":""}
=====

select s.id, s.comp_id, s.title, s.quant, s.unit_id, s.comments, s.city from
		sklad_tovar s where visible=1 and (title like 'Кввгэ%' or title like '% Кввгэ%') and (title like '%4х2,5%' or title like '%4х2.5%' or title like '%4x2,5%' or title like '%4x2,5%') order by s.q2 desc, s.title LIMIT 0, 20
q2: select count(id) from sklad_tovar s where visible=1 and (title like 'Кввгэ%' or title like '% Кввгэ%') and (title like '%4х2,5%' or title like '%4х2.5%' or title like '%4x2,5%' or title like '%4x2,5%')
 auth: 100 
=====
Query:
performedDatetime: 2014-09-05 05:13:04  0000
action: get_city_list

=====
Response:
{"action":"get_city_list","code":0,"data":["\u0410\u043d\u0433\u0430\u0440\u0441\u043a","\u0410\u0440\u0445\u0430\u043d\u0433\u0435\u043b\u044c\u0441\u043a","\u0410\u0441\u0442\u0430\u043d\u0430","\u0412\u043e\u043b\u0433\u043e\u0433\u0440\u0430\u0434","\u0412\u043e\u043b\u043e\u0433\u0434\u0430","\u0412\u043e\u0440\u043e\u043d\u0435\u0436","\u0412\u043e\u0441\u043a\u0440\u0435\u0441\u0435\u043d\u0441\u043a","\u0433. \u041a\u0438\u0440\u043e\u0432","\u0415\u043a\u0430\u0442\u0435\u0440\u0438\u043d\u0431\u0443\u0440\u0433","\u0418\u0432\u0430\u043d\u043e\u0432\u043e","\u041a\u0430\u0437\u0430\u043d\u044c","\u041a\u0430\u043b\u0438\u043d\u0438\u043d\u0433\u0440\u0430\u0434","\u041a\u0430\u043b\u0438\u043d\u043d\u0433\u0440\u0430\u0434","\u041a\u0438\u0440\u043e\u0432","\u041a\u043e\u043b\u044c\u0447\u0443\u0433\u0438\u043d\u043e","\u041a\u0440\u0430\u0441\u043d\u043e\u0434\u0430\u0440","\u041a\u0440\u0430\u0441\u043d\u043e\u044f\u0440\u0441\u043a","\u041a\u0443\u0440\u0441\u043a","\u041b\u0435\u043d\u0438\u043d\u0441\u043a-\u041a\u0443\u0437\u043d\u0435\u0446\u043a\u0438\u0439","\u041b\u0438\u043f\u0435\u0446\u043a","\u041b\u044b\u0441\u044c\u0432\u0430","\u041b\u044e\u0431\u0435\u0440\u0446\u044b","\u041b\u044e\u0434\u0438\u043d\u043e\u0432\u043e","\u041c\u0430\u0433\u0430\u0434\u0430\u043d","\u041c\u043e\u0441\u043a\u0432\u0430","\u041c\u043e\u0441\u043a\u043e\u0432\u0441\u043a\u0430\u044f \u043e\u0431\u043b., \u0433. \u0425\u0438\u043c\u043a\u0438","\u041d\u0430\u0445\u0430\u0431\u0438\u043d\u043e","\u041d\u0438\u0436\u043d\u0438\u0439 \u041d\u043e\u0432\u0433\u043e\u0440\u043e\u0434","\u041d\u043e\u0432\u043e\u043c\u043e\u0441\u043a\u043e\u0432\u0441\u043a","\u041d\u043e\u0432\u043e\u0441\u0438\u0431\u0438\u0440\u0441\u043a","\u041d\u043e\u0433\u0438\u043d\u0441\u043a","\u041e\u043c\u0441\u043a","\u041e\u0441\u043a\u043e\u043b","\u041f\u0430\u0432\u043b\u043e\u0434\u0430\u0440","\u041f\u0435\u0440\u043c\u044c","\u041f\u043e\u0434\u043e\u043b\u044c\u0441\u043a","\u0420\u0435\u0443\u0442\u043e\u0432","\u0420\u043e\u0441\u0442\u043e\u0432","\u0420\u043e\u0441\u0442\u043e\u0432-\u043d\u0430-\u0414\u043e\u043d\u0443","\u0421\u0430\u043c\u0430\u0440\u0430","\u0421\u0430\u043d\u043a\u0442-\u041f\u0435\u0442\u0435\u0440\u0431\u0443\u0440\u0433","\u0421\u0430\u0440\u0430\u043d\u0441\u043a","\u0422\u0432\u0435\u0440\u044c","\u0422\u043e\u043c\u0441\u043a","\u0423\u0433\u043b\u0438\u0447","\u0423\u0444\u0430","\u0425\u0430\u0431\u0430\u0440\u043e\u0432\u0441\u043a","\u0447\u0435\u0431\u043e\u043a\u0441\u0430\u0440\u044b","\u0427\u0435\u043b\u044f\u0431\u0438\u043d\u0441\u043a","\u0427\u0438\u0442\u0430","\u042f\u0440\u043e\u0441\u043b\u0430\u0432\u043b\u044c"],"performedDatetime":"2014-09-05T05:13:05Z","authStatus":"10"}
=====

select distinct city from sklad_tovar where city != '' order by city
q2: 
 auth: 0 
=====
Query:
performedDatetime: 2014-09-05 05:13:08  0000
action: get_goods_data
sklad_user: Гость
appleId: 6BCEC083-87BD-44FB-9F45-68D53E09BABF
sklad_hash: 4840db4e6d5a5ca1198e6f724a8e9515
searchTerm: Кввгэ 4х2,5
resultsFrom: 0
sort: 3
cityFilter: Екатеринбург

=====
Response:
{"action":"get_goods_data","searchTerm":"\u041a\u0432\u0432\u0433\u044d 4\u04452,5","resultsFrom":0,"sort":"3","cityFilter":"\u0415\u043a\u0430\u0442\u0435\u0440\u0438\u043d\u0431\u0443\u0440\u0433","code":0,"resultsCount":"22","lastPage":0,"data":[{"name":"\u041a\u0412\u0412\u0413\u042d\u043d\u0433-LS 4\u04452,5","amount":"3,203","amount_parts":"1,573; 1,63; ","unit":"\u043a\u043c","city":"\u0415\u043a\u0430\u0442\u0435\u0440\u0438\u043d\u0431\u0443\u0440\u0433","company_id":"16985","company_name":"\u041e\u041e\u041e \"\u041d\u043e\u0432\u0440\u0435\u043c\u0434\u043e\u0440\u043c\u0430\u0448\""},{"name":"\u041a\u0412\u0412\u0413\u042d-\u043d\u0433 LS 4\u04452,5","amount":"2,825","amount_parts":"","unit":"\u043a\u043c","city":"\u0415\u043a\u0430\u0442\u0435\u0440\u0438\u043d\u0431\u0443\u0440\u0433","company_id":"8456","company_name":"\u041e\u041e\u041e \"\u041f\u0440\u043e\u043c\u042d\u043b\u0435\u043a\u0442\u0440\u043e\u041a\u0430\u0431\u0435\u043b\u044c\""},{"name":"\u041a\u0412\u0412\u0413\u042d\u043d\u0433-LS 4\u04452,5","amount":"2,703","amount_parts":"1,073; 1,63; ","unit":"\u043a\u043c","city":"\u0415\u043a\u0430\u0442\u0435\u0440\u0438\u043d\u0431\u0443\u0440\u0433","company_id":"19089","company_name":"\u041e\u041e\u041e \u041a\u0430\u0431\u0435\u043b\u044c\u043d\u044b\u0439 \u0446\u0435\u043d\u0442\u0440-\u0415\u043a\u0430\u0442\u0435\u0440\u0438\u043d\u0431\u0443\u0440\u0433"},{"name":"\u041a\u0412\u0412\u0413\u042d\u043d\u0433 4\u04452,5","amount":"2,37","amount_parts":"1,65; 0,58; 0,14; ","unit":"\u043a\u043c","city":"\u0415\u043a\u0430\u0442\u0435\u0440\u0438\u043d\u0431\u0443\u0440\u0433","company_id":"16985","company_name":"\u041e\u041e\u041e \"\u041d\u043e\u0432\u0440\u0435\u043c\u0434\u043e\u0440\u043c\u0430\u0448\""},{"name":"\u041a\u0412\u0412\u0413\u042d\u043d\u0433 4\u04452,5","amount":"2,37","amount_parts":"1,65; 0,58; 0,14; ","unit":"\u043a\u043c","city":"\u0415\u043a\u0430\u0442\u0435\u0440\u0438\u043d\u0431\u0443\u0440\u0433","company_id":"19089","company_name":"\u041e\u041e\u041e \u041a\u0430\u0431\u0435\u043b\u044c\u043d\u044b\u0439 \u0446\u0435\u043d\u0442\u0440-\u0415\u043a\u0430\u0442\u0435\u0440\u0438\u043d\u0431\u0443\u0440\u0433"},{"name":"\u041a\u0412\u0412\u0413\u042d\u043d\u0433-LS 14\u04452,5","amount":"2","amount_parts":"","unit":"\u043a\u043c","city":"\u0415\u043a\u0430\u0442\u0435\u0440\u0438\u043d\u0431\u0443\u0440\u0433","company_id":"16985","company_name":"\u041e\u041e\u041e \"\u041d\u043e\u0432\u0440\u0435\u043c\u0434\u043e\u0440\u043c\u0430\u0448\""},{"name":"\u041a\u0412\u0412\u0413\u042d\u043d\u0433-LS 14\u04452,5","amount":"2","amount_parts":"","unit":"\u043a\u043c","city":"\u0415\u043a\u0430\u0442\u0435\u0440\u0438\u043d\u0431\u0443\u0440\u0433","company_id":"19089","company_name":"\u041e\u041e\u041e \u041a\u0430\u0431\u0435\u043b\u044c\u043d\u044b\u0439 \u0446\u0435\u043d\u0442\u0440-\u0415\u043a\u0430\u0442\u0435\u0440\u0438\u043d\u0431\u0443\u0440\u0433"},{"name":"\u041a\u0412\u0412\u0413\u042d\u043d\u0433(\u0410)-FRLS 4\u04452,5 \u0422\u0423 16.\u041a71-337-2004 (\u0413\u041e\u0421\u0422 26411-85)","amount":"1,53","amount_parts":"0,82; 0,187; 0,132; 0,086; 0,054; 0,005; 0,246; ","unit":"\u043a\u043c","city":"\u0415\u043a\u0430\u0442\u0435\u0440\u0438\u043d\u0431\u0443\u0440\u0433","company_id":"22088","company_name":"\u0425\u043e\u043b\u0434\u0438\u043d\u0433 \u041a\u0430\u0431\u0435\u043b\u044c\u043d\u044b\u0439 \u0410\u043b\u044c\u044f\u043d\u0441"},{"name":"\u041a\u0412\u0412\u0413\u042d-\u043d\u0433(\u0410) LS 4\u04452,5","amount":"0,81","amount_parts":"","unit":"\u043a\u043c","city":"\u0415\u043a\u0430\u0442\u0435\u0440\u0438\u043d\u0431\u0443\u0440\u0433","company_id":"8456","company_name":"\u041e\u041e\u041e \"\u041f\u0440\u043e\u043c\u042d\u043b\u0435\u043a\u0442\u0440\u043e\u041a\u0430\u0431\u0435\u043b\u044c\""},{"name":"\u041a\u0412\u0412\u0413\u042d-\u043d\u0433 LS 14\u04452,5","amount":"0,705","amount_parts":"","unit":"\u043a\u043c","city":"\u0415\u043a\u0430\u0442\u0435\u0440\u0438\u043d\u0431\u0443\u0440\u0433","company_id":"8456","company_name":"\u041e\u041e\u041e \"\u041f\u0440\u043e\u043c\u042d\u043b\u0435\u043a\u0442\u0440\u043e\u041a\u0430\u0431\u0435\u043b\u044c\""},{"name":"\u041a\u0412\u0412\u0413\u042d 14\u04452,5","amount":"0,697","amount_parts":"200; 497;","unit":"\u043a\u043c","city":"\u0415\u043a\u0430\u0442\u0435\u0440\u0438\u043d\u0431\u0443\u0440\u0433","company_id":"6765","company_name":"\u0410\u043d\u0434\u0440\u0435\u0439 "},{"name":"\u041a\u0412\u0412\u0413\u042d\u043d\u0433 4\u04452,5","amount":"0,587","amount_parts":"","unit":"\u043a\u043c","city":"\u0415\u043a\u0430\u0442\u0435\u0440\u0438\u043d\u0431\u0443\u0440\u0433","company_id":"6765","company_name":"\u0410\u043d\u0434\u0440\u0435\u0439 "},{"name":"\u041a\u0412\u0412\u0413\u042d 14\u04452,5 \u0413\u041e\u0421\u0422 1508-78 (\u0413\u041e\u0421\u0422 26411-85)","amount":"0,498","amount_parts":"0,055; 0,443; ","unit":"\u043a\u043c","city":"\u0415\u043a\u0430\u0442\u0435\u0440\u0438\u043d\u0431\u0443\u0440\u0433","company_id":"22088","company_name":"\u0425\u043e\u043b\u0434\u0438\u043d\u0433 \u041a\u0430\u0431\u0435\u043b\u044c\u043d\u044b\u0439 \u0410\u043b\u044c\u044f\u043d\u0441"},{"name":"\u041a\u0412\u0412\u0413\u042d\u043d\u0433-LS 4\u04452,5","amount":"0,295","amount_parts":"40; 255;","unit":"\u043a\u043c","city":"\u0415\u043a\u0430\u0442\u0435\u0440\u0438\u043d\u0431\u0443\u0440\u0433","company_id":"6765","company_name":"\u0410\u043d\u0434\u0440\u0435\u0439 "},{"name":"\u041a\u0412\u0412\u0413\u042d\u043d\u0433(\u0410)-LS 4\u04452,5 \u0422\u0423 16.\u041a71-310-2001 (\u0413\u041e\u0421\u0422 26411-85)","amount":"0,245","amount_parts":"0,139; 0,106; ","unit":"\u043a\u043c","city":"\u0415\u043a\u0430\u0442\u0435\u0440\u0438\u043d\u0431\u0443\u0440\u0433","company_id":"22088","company_name":"\u0425\u043e\u043b\u0434\u0438\u043d\u0433 \u041a\u0430\u0431\u0435\u043b\u044c\u043d\u044b\u0439 \u0410\u043b\u044c\u044f\u043d\u0441"},{"name":"\u041a\u0412\u0412\u0413\u042d-\u043d\u0433 14\u04452,5","amount":"0,222","amount_parts":"","unit":"\u043a\u043c","city":"\u0415\u043a\u0430\u0442\u0435\u0440\u0438\u043d\u0431\u0443\u0440\u0433","company_id":"8456","company_name":"\u041e\u041e\u041e \"\u041f\u0440\u043e\u043c\u042d\u043b\u0435\u043a\u0442\u0440\u043e\u041a\u0430\u0431\u0435\u043b\u044c\""},{"name":"\u041a\u0412\u0412\u0413\u042d-\u043d\u0433(\u0410) LS 14\u04452,5","amount":"0,22","amount_parts":"","unit":"\u043a\u043c","city":"\u0415\u043a\u0430\u0442\u0435\u0440\u0438\u043d\u0431\u0443\u0440\u0433","company_id":"8456","company_name":"\u041e\u041e\u041e \"\u041f\u0440\u043e\u043c\u042d\u043b\u0435\u043a\u0442\u0440\u043e\u041a\u0430\u0431\u0435\u043b\u044c\""},{"name":"\u041a\u0412\u0412\u0413\u042d-\u043d\u0433 FRLS 4\u04452,5","amount":"0,205","amount_parts":"","unit":"\u043a\u043c","city":"\u0415\u043a\u0430\u0442\u0435\u0440\u0438\u043d\u0431\u0443\u0440\u0433","company_id":"8456","company_name":"\u041e\u041e\u041e \"\u041f\u0440\u043e\u043c\u042d\u043b\u0435\u043a\u0442\u0440\u043e\u041a\u0430\u0431\u0435\u043b\u044c\""},{"name":"\u041a\u0412\u0412\u0413\u042d 14\u04452,5","amount":"0,125","amount_parts":"","unit":"\u043a\u043c","city":"\u0415\u043a\u0430\u0442\u0435\u0440\u0438\u043d\u0431\u0443\u0440\u0433","company_id":"8456","company_name":"\u041e\u041e\u041e \"\u041f\u0440\u043e\u043c\u042d\u043b\u0435\u043a\u0442\u0440\u043e\u041a\u0430\u0431\u0435\u043b\u044c\""},{"name":"\u041a\u0412\u0412\u0413\u042d\u043d\u0433-LS 14\u04452,5","amount":"0,1","amount_parts":"","unit":"\u043a\u043c","city":"\u0415\u043a\u0430\u0442\u0435\u0440\u0438\u043d\u0431\u0443\u0440\u0433","company_id":"6765","company_name":"\u0410\u043d\u0434\u0440\u0435\u0439 "}],"performedDatetime":"2014-09-05T05:13:09Z","authStatus":"0","accessDateEnd":""}
=====

select s.id, s.comp_id, s.title, s.quant, s.unit_id, s.comments, s.city from
		sklad_tovar s where city='Екатеринбург' and s.visible=1 and (title like 'Кввгэ%' or title like '% Кввгэ%') and (title like '%4х2,5%' or title like '%4х2.5%' or title like '%4x2,5%' or title like '%4x2,5%') order by s.q2 desc, s.title LIMIT 0, 20
q2: select count(s.id) from sklad_tovar s where city='Екатеринбург' and s.visible=1 and (title like 'Кввгэ%' or title like '% Кввгэ%') and (title like '%4х2,5%' or title like '%4х2.5%' or title like '%4x2,5%' or title like '%4x2,5%')
 auth: 100 
=====
Query:
performedDatetime: 2014-09-05 05:13:46  0000
action: get_goods_data
sklad_user: Гость
appleId: 6BCEC083-87BD-44FB-9F45-68D53E09BABF
sklad_hash: 4840db4e6d5a5ca1198e6f724a8e9515
searchTerm: Кввгэ 5х1
resultsFrom: 0
sort: 3
cityFilter: Екатеринбург

=====
Response:
{"action":"get_goods_data","searchTerm":"\u041a\u0432\u0432\u0433\u044d 5\u04451","resultsFrom":0,"sort":"3","cityFilter":"\u0415\u043a\u0430\u0442\u0435\u0440\u0438\u043d\u0431\u0443\u0440\u0433","code":0,"resultsCount":"24","lastPage":0,"data":[{"name":"\u041a\u0412\u0412\u0413\u042d\u043d\u0433-LS 5\u04451,5","amount":"9,744","amount_parts":"0,26; 0,37; 1,5; 1,65; 1,35; 1,444; 1,57; 1,6; ","unit":"\u043a\u043c","city":"\u0415\u043a\u0430\u0442\u0435\u0440\u0438\u043d\u0431\u0443\u0440\u0433","company_id":"16985","company_name":"\u041e\u041e\u041e \"\u041d\u043e\u0432\u0440\u0435\u043c\u0434\u043e\u0440\u043c\u0430\u0448\""},{"name":"\u041a\u0412\u0412\u0413\u042d\u043d\u0433-LS 5\u04451,5","amount":"9,744","amount_parts":"0,26; 0,37; 1,5; 1,65; 1,35; 1,444; 1,57; 1,6; ","unit":"\u043a\u043c","city":"\u0415\u043a\u0430\u0442\u0435\u0440\u0438\u043d\u0431\u0443\u0440\u0433","company_id":"19089","company_name":"\u041e\u041e\u041e \u041a\u0430\u0431\u0435\u043b\u044c\u043d\u044b\u0439 \u0446\u0435\u043d\u0442\u0440-\u0415\u043a\u0430\u0442\u0435\u0440\u0438\u043d\u0431\u0443\u0440\u0433"},{"name":"\u041a\u0412\u0412\u0413\u042d-\u043d\u0433 LS 5\u04451,5","amount":"4,054","amount_parts":"","unit":"\u043a\u043c","city":"\u0415\u043a\u0430\u0442\u0435\u0440\u0438\u043d\u0431\u0443\u0440\u0433","company_id":"8456","company_name":"\u041e\u041e\u041e \"\u041f\u0440\u043e\u043c\u042d\u043b\u0435\u043a\u0442\u0440\u043e\u041a\u0430\u0431\u0435\u043b\u044c\""},{"name":"\u041a\u0412\u0412\u0413\u042d\u043d\u0433-LS 5\u04451","amount":"3,433","amount_parts":"","unit":"\u043a\u043c","city":"\u0415\u043a\u0430\u0442\u0435\u0440\u0438\u043d\u0431\u0443\u0440\u0433","company_id":"16985","company_name":"\u041e\u041e\u041e \"\u041d\u043e\u0432\u0440\u0435\u043c\u0434\u043e\u0440\u043c\u0430\u0448\""},{"name":"\u041a\u0412\u0412\u0413\u042d\u043d\u0433-LS 5\u04451","amount":"3,433","amount_parts":"","unit":"\u043a\u043c","city":"\u0415\u043a\u0430\u0442\u0435\u0440\u0438\u043d\u0431\u0443\u0440\u0433","company_id":"19089","company_name":"\u041e\u041e\u041e \u041a\u0430\u0431\u0435\u043b\u044c\u043d\u044b\u0439 \u0446\u0435\u043d\u0442\u0440-\u0415\u043a\u0430\u0442\u0435\u0440\u0438\u043d\u0431\u0443\u0440\u0433"},{"name":"\u041a\u0412\u0412\u0413\u042d\u043d\u0433-LS 5\u04451,0","amount":"2,907","amount_parts":"","unit":"\u043a\u043c","city":"\u0415\u043a\u0430\u0442\u0435\u0440\u0438\u043d\u0431\u0443\u0440\u0433","company_id":"6765","company_name":"\u0410\u043d\u0434\u0440\u0435\u0439 "},{"name":"\u041a\u0412\u0412\u0413\u042d 5\u04451,5","amount":"2,54","amount_parts":"","unit":"\u043a\u043c","city":"\u0415\u043a\u0430\u0442\u0435\u0440\u0438\u043d\u0431\u0443\u0440\u0433","company_id":"16985","company_name":"\u041e\u041e\u041e \"\u041d\u043e\u0432\u0440\u0435\u043c\u0434\u043e\u0440\u043c\u0430\u0448\""},{"name":"\u041a\u0412\u0412\u0413\u042d 5\u04451,5","amount":"2,54","amount_parts":"","unit":"\u043a\u043c","city":"\u0415\u043a\u0430\u0442\u0435\u0440\u0438\u043d\u0431\u0443\u0440\u0433","company_id":"19089","company_name":"\u041e\u041e\u041e \u041a\u0430\u0431\u0435\u043b\u044c\u043d\u044b\u0439 \u0446\u0435\u043d\u0442\u0440-\u0415\u043a\u0430\u0442\u0435\u0440\u0438\u043d\u0431\u0443\u0440\u0433"},{"name":"\u041a\u0412\u0412\u0413\u042d\u043d\u0433 5\u04451,0","amount":"2,525","amount_parts":"1,83; 0,695; ","unit":"\u043a\u043c","city":"\u0415\u043a\u0430\u0442\u0435\u0440\u0438\u043d\u0431\u0443\u0440\u0433","company_id":"16985","company_name":"\u041e\u041e\u041e \"\u041d\u043e\u0432\u0440\u0435\u043c\u0434\u043e\u0440\u043c\u0430\u0448\""},{"name":"\u041a\u0412\u0412\u0413\u042d\u043d\u0433 5\u04451,0","amount":"2,525","amount_parts":"1,83; 0,695; ","unit":"\u043a\u043c","city":"\u0415\u043a\u0430\u0442\u0435\u0440\u0438\u043d\u0431\u0443\u0440\u0433","company_id":"19089","company_name":"\u041e\u041e\u041e \u041a\u0430\u0431\u0435\u043b\u044c\u043d\u044b\u0439 \u0446\u0435\u043d\u0442\u0440-\u0415\u043a\u0430\u0442\u0435\u0440\u0438\u043d\u0431\u0443\u0440\u0433"},{"name":"\u041a\u0412\u0412\u0413\u042d\u043d\u0433 5\u04451,5","amount":"2,015","amount_parts":"0,65; 1,365; ","unit":"\u043a\u043c","city":"\u0415\u043a\u0430\u0442\u0435\u0440\u0438\u043d\u0431\u0443\u0440\u0433","company_id":"16985","company_name":"\u041e\u041e\u041e \"\u041d\u043e\u0432\u0440\u0435\u043c\u0434\u043e\u0440\u043c\u0430\u0448\""},{"name":"\u041a\u0412\u0412\u0413\u042d\u043d\u0433 5\u04451,5","amount":"2,015","amount_parts":"0,65; 1,365; ","unit":"\u043a\u043c","city":"\u0415\u043a\u0430\u0442\u0435\u0440\u0438\u043d\u0431\u0443\u0440\u0433","company_id":"19089","company_name":"\u041e\u041e\u041e \u041a\u0430\u0431\u0435\u043b\u044c\u043d\u044b\u0439 \u0446\u0435\u043d\u0442\u0440-\u0415\u043a\u0430\u0442\u0435\u0440\u0438\u043d\u0431\u0443\u0440\u0433"},{"name":"\u041a\u0412\u0412\u0413\u042d-\u043d\u0433-\u0425\u041b 5\u04451","amount":"1,34","amount_parts":"","unit":"\u043a\u043c","city":"\u0415\u043a\u0430\u0442\u0435\u0440\u0438\u043d\u0431\u0443\u0440\u0433","company_id":"8456","company_name":"\u041e\u041e\u041e \"\u041f\u0440\u043e\u043c\u042d\u043b\u0435\u043a\u0442\u0440\u043e\u041a\u0430\u0431\u0435\u043b\u044c\""},{"name":"\u041a\u0412\u0412\u0413\u042d-\u043d\u0433(\u0410) LS 5\u04451,5","amount":"1,264","amount_parts":"","unit":"\u043a\u043c","city":"\u0415\u043a\u0430\u0442\u0435\u0440\u0438\u043d\u0431\u0443\u0440\u0433","company_id":"8456","company_name":"\u041e\u041e\u041e \"\u041f\u0440\u043e\u043c\u042d\u043b\u0435\u043a\u0442\u0440\u043e\u041a\u0430\u0431\u0435\u043b\u044c\""},{"name":"\u041a\u0412\u0412\u0413\u042d\u043d\u0433-LS 5\u04451,5","amount":"0,862","amount_parts":"0,124; 0,738; ","unit":"\u043a\u043c","city":"\u0415\u043a\u0430\u0442\u0435\u0440\u0438\u043d\u0431\u0443\u0440\u0433","company_id":"6765","company_name":"\u0410\u043d\u0434\u0440\u0435\u0439 "},{"name":"\u041a\u0412\u0412\u0413\u042d 5\u04451,0","amount":"0,335","amount_parts":"","unit":"\u043a\u043c","city":"\u0415\u043a\u0430\u0442\u0435\u0440\u0438\u043d\u0431\u0443\u0440\u0433","company_id":"8456","company_name":"\u041e\u041e\u041e \"\u041f\u0440\u043e\u043c\u042d\u043b\u0435\u043a\u0442\u0440\u043e\u041a\u0430\u0431\u0435\u043b\u044c\""},{"name":"\u041a\u0412\u0412\u0413\u042d-\u043d\u0433 FRLS 5\u04451,5","amount":"0,314","amount_parts":"","unit":"\u043a\u043c","city":"\u0415\u043a\u0430\u0442\u0435\u0440\u0438\u043d\u0431\u0443\u0440\u0433","company_id":"8456","company_name":"\u041e\u041e\u041e \"\u041f\u0440\u043e\u043c\u042d\u043b\u0435\u043a\u0442\u0440\u043e\u041a\u0430\u0431\u0435\u043b\u044c\""},{"name":"\u041a\u0412\u0412\u0413\u042d\u043d\u0433(\u0410)-LS 5\u04451,5 \u0422\u0423 16.\u041a71-310-2001 (\u0413\u041e\u0421\u0422 26411-85)","amount":"0,261","amount_parts":"","unit":"\u043a\u043c","city":"\u0415\u043a\u0430\u0442\u0435\u0440\u0438\u043d\u0431\u0443\u0440\u0433","company_id":"22088","company_name":"\u0425\u043e\u043b\u0434\u0438\u043d\u0433 \u041a\u0430\u0431\u0435\u043b\u044c\u043d\u044b\u0439 \u0410\u043b\u044c\u044f\u043d\u0441"},{"name":"\u041a\u0412\u0412\u0413\u042d\u043d\u0433(\u0410)-FRLS 5\u04451 \u0422\u0423 16.\u041a71-337-2004 (\u0413\u041e\u0421\u0422 26411-85)","amount":"0,185","amount_parts":"","unit":"\u043a\u043c","city":"\u0415\u043a\u0430\u0442\u0435\u0440\u0438\u043d\u0431\u0443\u0440\u0433","company_id":"22088","company_name":"\u0425\u043e\u043b\u0434\u0438\u043d\u0433 \u041a\u0430\u0431\u0435\u043b\u044c\u043d\u044b\u0439 \u0410\u043b\u044c\u044f\u043d\u0441"},{"name":"\u041a\u0412\u0412\u0413\u042d-\u043d\u0433 5\u04451,0","amount":"0,166","amount_parts":"","unit":"\u043a\u043c","city":"\u0415\u043a\u0430\u0442\u0435\u0440\u0438\u043d\u0431\u0443\u0440\u0433","company_id":"8456","company_name":"\u041e\u041e\u041e \"\u041f\u0440\u043e\u043c\u042d\u043b\u0435\u043a\u0442\u0440\u043e\u041a\u0430\u0431\u0435\u043b\u044c\""}],"performedDatetime":"2014-09-05T05:13:47Z","authStatus":"0","accessDateEnd":""}
=====

select s.id, s.comp_id, s.title, s.quant, s.unit_id, s.comments, s.city from
		sklad_tovar s where city='Екатеринбург' and s.visible=1 and (title like 'Кввгэ%' or title like '% Кввгэ%') and (title like '5х1%' or title like '% 5х1%' or title like '%5x1%') order by s.q2 desc, s.title LIMIT 0, 20
q2: select count(s.id) from sklad_tovar s where city='Екатеринбург' and s.visible=1 and (title like 'Кввгэ%' or title like '% Кввгэ%') and (title like '5х1%' or title like '% 5х1%' or title like '%5x1%')
 auth: 100 
=====
Query:
performedDatetime: 2014-09-05 05:14:17  0000
action: get_goods_data
sklad_user: Гость
appleId: 6BCEC083-87BD-44FB-9F45-68D53E09BABF
sklad_hash: 4840db4e6d5a5ca1198e6f724a8e9515
searchTerm: Кввгэ 7х1
resultsFrom: 0
sort: 3
cityFilter: Екатеринбург

=====
Response:
{"action":"get_goods_data","searchTerm":"\u041a\u0432\u0432\u0433\u044d 7\u04451","resultsFrom":0,"sort":"3","cityFilter":"\u0415\u043a\u0430\u0442\u0435\u0440\u0438\u043d\u0431\u0443\u0440\u0433","code":0,"resultsCount":"31","lastPage":0,"data":[{"name":"\u041a\u0412\u0412\u0413\u042d\u043d\u0433-LS 7\u04451,5","amount":"7,074","amount_parts":"2139; 175; 4760;","unit":"\u043a\u043c","city":"\u0415\u043a\u0430\u0442\u0435\u0440\u0438\u043d\u0431\u0443\u0440\u0433","company_id":"6765","company_name":"\u0410\u043d\u0434\u0440\u0435\u0439 "},{"name":"\u041a\u0412\u0412\u0413\u042d\u043d\u0433 7\u04451,0","amount":"3,642","amount_parts":"","unit":"\u043a\u043c","city":"\u0415\u043a\u0430\u0442\u0435\u0440\u0438\u043d\u0431\u0443\u0440\u0433","company_id":"16985","company_name":"\u041e\u041e\u041e \"\u041d\u043e\u0432\u0440\u0435\u043c\u0434\u043e\u0440\u043c\u0430\u0448\""},{"name":"\u041a\u0412\u0412\u0413\u042d\u043d\u0433 7\u04451,0","amount":"3,642","amount_parts":"","unit":"\u043a\u043c","city":"\u0415\u043a\u0430\u0442\u0435\u0440\u0438\u043d\u0431\u0443\u0440\u0433","company_id":"19089","company_name":"\u041e\u041e\u041e \u041a\u0430\u0431\u0435\u043b\u044c\u043d\u044b\u0439 \u0446\u0435\u043d\u0442\u0440-\u0415\u043a\u0430\u0442\u0435\u0440\u0438\u043d\u0431\u0443\u0440\u0433"},{"name":"\u041a\u0412\u0412\u0413\u042d\u043d\u0433 7\u04451,5","amount":"3,445","amount_parts":"0,965; 1,48; 1; ","unit":"\u043a\u043c","city":"\u0415\u043a\u0430\u0442\u0435\u0440\u0438\u043d\u0431\u0443\u0440\u0433","company_id":"16985","company_name":"\u041e\u041e\u041e \"\u041d\u043e\u0432\u0440\u0435\u043c\u0434\u043e\u0440\u043c\u0430\u0448\""},{"name":"\u041a\u0412\u0412\u0413\u042d\u043d\u0433 7\u04451,5","amount":"3,445","amount_parts":"0,965; 1,48; 1; ","unit":"\u043a\u043c","city":"\u0415\u043a\u0430\u0442\u0435\u0440\u0438\u043d\u0431\u0443\u0440\u0433","company_id":"19089","company_name":"\u041e\u041e\u041e \u041a\u0430\u0431\u0435\u043b\u044c\u043d\u044b\u0439 \u0446\u0435\u043d\u0442\u0440-\u0415\u043a\u0430\u0442\u0435\u0440\u0438\u043d\u0431\u0443\u0440\u0433"},{"name":"\u041a\u0412\u0412\u0413\u042d\u043d\u0433-LS 7\u04451,0","amount":"3,141","amount_parts":"","unit":"\u043a\u043c","city":"\u0415\u043a\u0430\u0442\u0435\u0440\u0438\u043d\u0431\u0443\u0440\u0433","company_id":"6765","company_name":"\u0410\u043d\u0434\u0440\u0435\u0439 "},{"name":"\u041a\u0412\u0412\u0413\u042d 7\u04451,5","amount":"2,93","amount_parts":"1,35; 1,58; ","unit":"\u043a\u043c","city":"\u0415\u043a\u0430\u0442\u0435\u0440\u0438\u043d\u0431\u0443\u0440\u0433","company_id":"16985","company_name":"\u041e\u041e\u041e \"\u041d\u043e\u0432\u0440\u0435\u043c\u0434\u043e\u0440\u043c\u0430\u0448\""},{"name":"\u041a\u0412\u0412\u0413\u042d 7\u04451,5","amount":"2,93","amount_parts":"1,35; 1,58; ","unit":"\u043a\u043c","city":"\u0415\u043a\u0430\u0442\u0435\u0440\u0438\u043d\u0431\u0443\u0440\u0433","company_id":"19089","company_name":"\u041e\u041e\u041e \u041a\u0430\u0431\u0435\u043b\u044c\u043d\u044b\u0439 \u0446\u0435\u043d\u0442\u0440-\u0415\u043a\u0430\u0442\u0435\u0440\u0438\u043d\u0431\u0443\u0440\u0433"},{"name":"\u041a\u0412\u0412\u0413\u042d-\u043d\u0433 7\u04451,5","amount":"2,5","amount_parts":"","unit":"\u043a\u043c","city":"\u0415\u043a\u0430\u0442\u0435\u0440\u0438\u043d\u0431\u0443\u0440\u0433","company_id":"8456","company_name":"\u041e\u041e\u041e \"\u041f\u0440\u043e\u043c\u042d\u043b\u0435\u043a\u0442\u0440\u043e\u041a\u0430\u0431\u0435\u043b\u044c\""},{"name":"\u041a\u0412\u0412\u0413\u042d-\u043d\u0433 LS 7\u04451,5","amount":"2,451","amount_parts":"","unit":"\u043a\u043c","city":"\u0415\u043a\u0430\u0442\u0435\u0440\u0438\u043d\u0431\u0443\u0440\u0433","company_id":"8456","company_name":"\u041e\u041e\u041e \"\u041f\u0440\u043e\u043c\u042d\u043b\u0435\u043a\u0442\u0440\u043e\u041a\u0430\u0431\u0435\u043b\u044c\""},{"name":"\u041a\u0412\u0412\u0413\u042d\u043d\u0433(\u0410)-LS 7\u04451 \u0422\u0423 16.\u041a71-310-2001 (\u0413\u041e\u0421\u0422 26411-85)","amount":"1,575","amount_parts":"1,198; 0,377; ","unit":"\u043a\u043c","city":"\u0415\u043a\u0430\u0442\u0435\u0440\u0438\u043d\u0431\u0443\u0440\u0433","company_id":"22088","company_name":"\u0425\u043e\u043b\u0434\u0438\u043d\u0433 \u041a\u0430\u0431\u0435\u043b\u044c\u043d\u044b\u0439 \u0410\u043b\u044c\u044f\u043d\u0441"},{"name":"\u041a\u0412\u0412\u0413\u042d-\u043d\u0433(\u0410)\u0425\u041b 7\u04451,5","amount":"1,211","amount_parts":"","unit":"\u043a\u043c","city":"\u0415\u043a\u0430\u0442\u0435\u0440\u0438\u043d\u0431\u0443\u0440\u0433","company_id":"8456","company_name":"\u041e\u041e\u041e \"\u041f\u0440\u043e\u043c\u042d\u043b\u0435\u043a\u0442\u0440\u043e\u041a\u0430\u0431\u0435\u043b\u044c\""},{"name":"\u041a\u0412\u0412\u0413\u042d-\u043d\u0433 7\u04451,0","amount":"1,02","amount_parts":"","unit":"\u043a\u043c","city":"\u0415\u043a\u0430\u0442\u0435\u0440\u0438\u043d\u0431\u0443\u0440\u0433","company_id":"8456","company_name":"\u041e\u041e\u041e \"\u041f\u0440\u043e\u043c\u042d\u043b\u0435\u043a\u0442\u0440\u043e\u041a\u0430\u0431\u0435\u043b\u044c\""},{"name":"\u041a\u0412\u0412\u0413\u042d\u043d\u0433(\u0410)-LS 7\u04451,5 \u0422\u0423 16.\u041a71-310-2001 (\u0413\u041e\u0421\u0422 26411-85)","amount":"0,689","amount_parts":"0,397; 0,292; ","unit":"\u043a\u043c","city":"\u0415\u043a\u0430\u0442\u0435\u0440\u0438\u043d\u0431\u0443\u0440\u0433","company_id":"22088","company_name":"\u0425\u043e\u043b\u0434\u0438\u043d\u0433 \u041a\u0430\u0431\u0435\u043b\u044c\u043d\u044b\u0439 \u0410\u043b\u044c\u044f\u043d\u0441"},{"name":"\u041a\u0412\u0412\u0413\u042d\u043d\u0433-LS 7\u04451","amount":"0,67","amount_parts":"","unit":"\u043a\u043c","city":"\u0415\u043a\u0430\u0442\u0435\u0440\u0438\u043d\u0431\u0443\u0440\u0433","company_id":"16985","company_name":"\u041e\u041e\u041e \"\u041d\u043e\u0432\u0440\u0435\u043c\u0434\u043e\u0440\u043c\u0430\u0448\""},{"name":"\u041a\u0412\u0412\u0413\u042d\u043d\u0433-LS 7\u04451","amount":"0,67","amount_parts":"","unit":"\u043a\u043c","city":"\u0415\u043a\u0430\u0442\u0435\u0440\u0438\u043d\u0431\u0443\u0440\u0433","company_id":"19089","company_name":"\u041e\u041e\u041e \u041a\u0430\u0431\u0435\u043b\u044c\u043d\u044b\u0439 \u0446\u0435\u043d\u0442\u0440-\u0415\u043a\u0430\u0442\u0435\u0440\u0438\u043d\u0431\u0443\u0440\u0433"},{"name":"\u041a\u0412\u0412\u0413\u042d-\u0425\u041b 7\u04451,5 \u0422\u0423 16.\u041a56.029-2001","amount":"0,643","amount_parts":"0,325; 0,318; ","unit":"\u043a\u043c","city":"\u0415\u043a\u0430\u0442\u0435\u0440\u0438\u043d\u0431\u0443\u0440\u0433","company_id":"22088","company_name":"\u0425\u043e\u043b\u0434\u0438\u043d\u0433 \u041a\u0430\u0431\u0435\u043b\u044c\u043d\u044b\u0439 \u0410\u043b\u044c\u044f\u043d\u0441"},{"name":"\u041a\u0412\u0412\u0413\u042d 7\u04451,5","amount":"0,509","amount_parts":"128; 381;","unit":"\u043a\u043c","city":"\u0415\u043a\u0430\u0442\u0435\u0440\u0438\u043d\u0431\u0443\u0440\u0433","company_id":"6765","company_name":"\u0410\u043d\u0434\u0440\u0435\u0439 "},{"name":"\u041a\u0412\u0412\u0413\u042d 7\u04451 \u0413\u041e\u0421\u0422 1508-78 (\u0413\u041e\u0421\u0422 26411-85)","amount":"0,508","amount_parts":"","unit":"\u043a\u043c","city":"\u0415\u043a\u0430\u0442\u0435\u0440\u0438\u043d\u0431\u0443\u0440\u0433","company_id":"22088","company_name":"\u0425\u043e\u043b\u0434\u0438\u043d\u0433 \u041a\u0430\u0431\u0435\u043b\u044c\u043d\u044b\u0439 \u0410\u043b\u044c\u044f\u043d\u0441"},{"name":"\u041a\u0412\u0412\u0413\u042d-\u0425\u041b 7\u04451,5","amount":"0,385","amount_parts":"95;290","unit":"\u043a\u043c","city":"\u0415\u043a\u0430\u0442\u0435\u0440\u0438\u043d\u0431\u0443\u0440\u0433","company_id":"22169","company_name":"\u041e\u041e\u041e \"\u0423\u0420\u0410\u041b\u0424\u0418\u041c\""}],"performedDatetime":"2014-09-05T05:14:18Z","authStatus":"0","accessDateEnd":""}
=====

select s.id, s.comp_id, s.title, s.quant, s.unit_id, s.comments, s.city from
		sklad_tovar s where city='Екатеринбург' and s.visible=1 and (title like 'Кввгэ%' or title like '% Кввгэ%') and (title like '7х1%' or title like '% 7х1%' or title like '%7x1%') order by s.q2 desc, s.title LIMIT 0, 20
q2: select count(s.id) from sklad_tovar s where city='Екатеринбург' and s.visible=1 and (title like 'Кввгэ%' or title like '% Кввгэ%') and (title like '7х1%' or title like '% 7х1%' or title like '%7x1%')
 auth: 100 
=====
Query:
performedDatetime: 2014-09-05 05:14:39  0000
action: get_goods_data
sklad_user: Гость
appleId: 6BCEC083-87BD-44FB-9F45-68D53E09BABF
sklad_hash: 4840db4e6d5a5ca1198e6f724a8e9515
searchTerm: Кввгэ 7х1
resultsFrom: 1
sort: 3
cityFilter: Екатеринбург

=====
Response:
{"action":"get_goods_data","searchTerm":"\u041a\u0432\u0432\u0433\u044d 7\u04451","resultsFrom":1,"sort":"3","cityFilter":"\u0415\u043a\u0430\u0442\u0435\u0440\u0438\u043d\u0431\u0443\u0440\u0433","code":0,"resultsCount":"31","lastPage":1,"data":[{"name":"\u041a\u0412\u0412\u0413\u042d\u043d\u0433(A)-LS 7\u04451,5","amount":"0,25","amount_parts":"","unit":"\u043a\u043c","city":"\u0415\u043a\u0430\u0442\u0435\u0440\u0438\u043d\u0431\u0443\u0440\u0433","company_id":"8056","company_name":"\u041e\u041e\u041e \u042d\u043b\u0430\u0439\u043d"},{"name":"\u041a\u0412\u0412\u0413\u042d 7\u04451,5 \u0413\u041e\u0421\u0422 1508-78 (\u0413\u041e\u0421\u0422 26411-85)","amount":"0,2","amount_parts":"","unit":"\u043a\u043c","city":"\u0415\u043a\u0430\u0442\u0435\u0440\u0438\u043d\u0431\u0443\u0440\u0433","company_id":"22088","company_name":"\u0425\u043e\u043b\u0434\u0438\u043d\u0433 \u041a\u0430\u0431\u0435\u043b\u044c\u043d\u044b\u0439 \u0410\u043b\u044c\u044f\u043d\u0441"},{"name":"\u041a\u0412\u0412\u0413\u042d\u043d\u0433-LS 7\u04451,5","amount":"0,159","amount_parts":"","unit":"\u043a\u043c","city":"\u0415\u043a\u0430\u0442\u0435\u0440\u0438\u043d\u0431\u0443\u0440\u0433","company_id":"16985","company_name":"\u041e\u041e\u041e \"\u041d\u043e\u0432\u0440\u0435\u043c\u0434\u043e\u0440\u043c\u0430\u0448\""},{"name":"\u041a\u0412\u0412\u0413\u042d\u043d\u0433-LS 7\u04451,5","amount":"0,159","amount_parts":"","unit":"\u043a\u043c","city":"\u0415\u043a\u0430\u0442\u0435\u0440\u0438\u043d\u0431\u0443\u0440\u0433","company_id":"19089","company_name":"\u041e\u041e\u041e \u041a\u0430\u0431\u0435\u043b\u044c\u043d\u044b\u0439 \u0446\u0435\u043d\u0442\u0440-\u0415\u043a\u0430\u0442\u0435\u0440\u0438\u043d\u0431\u0443\u0440\u0433"},{"name":"\u041a\u0412\u0412\u0413\u042d 7\u04451,0","amount":"0,145","amount_parts":"","unit":"\u043a\u043c","city":"\u0415\u043a\u0430\u0442\u0435\u0440\u0438\u043d\u0431\u0443\u0440\u0433","company_id":"8456","company_name":"\u041e\u041e\u041e \"\u041f\u0440\u043e\u043c\u042d\u043b\u0435\u043a\u0442\u0440\u043e\u041a\u0430\u0431\u0435\u043b\u044c\""},{"name":"\u041a\u0412\u0412\u0413\u042d\u043d\u0433-LS 7\u04451,5 \u0413\u041e\u0421\u0422","amount":"0,137","amount_parts":"","unit":"\u043a\u043c","city":"\u0415\u043a\u0430\u0442\u0435\u0440\u0438\u043d\u0431\u0443\u0440\u0433","company_id":"8053","company_name":"\u041e\u041e\u041e \"\u041a\u0430\u0431\u0435\u043b\u044c\u043d\u0430\u044f \u041a\u043e\u043c\u043f\u0430\u043d\u0438\u044f \"\u0410\u043c\u043f\u0435\u0440-\u0421\u0435\u0440\u0432\u0438\u0441\""},{"name":"\u041a\u0412\u0412\u0413\u042d\u043d\u0433 7\u04451 \u0422\u0423 16.\u041a73.062-2002","amount":"0,112","amount_parts":"","unit":"\u043a\u043c","city":"\u0415\u043a\u0430\u0442\u0435\u0440\u0438\u043d\u0431\u0443\u0440\u0433","company_id":"22088","company_name":"\u0425\u043e\u043b\u0434\u0438\u043d\u0433 \u041a\u0430\u0431\u0435\u043b\u044c\u043d\u044b\u0439 \u0410\u043b\u044c\u044f\u043d\u0441"},{"name":"\u041a\u0412\u0412\u0413\u042d\u043d\u0433-FR-ls 7\u04451","amount":"0,103","amount_parts":"","unit":"\u043a\u043c","city":"\u0415\u043a\u0430\u0442\u0435\u0440\u0438\u043d\u0431\u0443\u0440\u0433","company_id":"16985","company_name":"\u041e\u041e\u041e \"\u041d\u043e\u0432\u0440\u0435\u043c\u0434\u043e\u0440\u043c\u0430\u0448\""},{"name":"\u041a\u0412\u0412\u0413\u042d\u043d\u0433-FR-ls 7\u04451","amount":"0,103","amount_parts":"","unit":"\u043a\u043c","city":"\u0415\u043a\u0430\u0442\u0435\u0440\u0438\u043d\u0431\u0443\u0440\u0433","company_id":"19089","company_name":"\u041e\u041e\u041e \u041a\u0430\u0431\u0435\u043b\u044c\u043d\u044b\u0439 \u0446\u0435\u043d\u0442\u0440-\u0415\u043a\u0430\u0442\u0435\u0440\u0438\u043d\u0431\u0443\u0440\u0433"},{"name":"\u041a\u0412\u0412\u0413\u042d\u043d\u0433 7\u04451,5 \u0413\u041e\u0421\u0422","amount":"0,085","amount_parts":"","unit":"\u043a\u043c","city":"\u0415\u043a\u0430\u0442\u0435\u0440\u0438\u043d\u0431\u0443\u0440\u0433","company_id":"8053","company_name":"\u041e\u041e\u041e \"\u041a\u0430\u0431\u0435\u043b\u044c\u043d\u0430\u044f \u041a\u043e\u043c\u043f\u0430\u043d\u0438\u044f \"\u0410\u043c\u043f\u0435\u0440-\u0421\u0435\u0440\u0432\u0438\u0441\""},{"name":"\u041a\u0412\u0412\u0413\u042d 7\u04451,0","amount":"0,05","amount_parts":"","unit":"\u043a\u043c","city":"\u0415\u043a\u0430\u0442\u0435\u0440\u0438\u043d\u0431\u0443\u0440\u0433","company_id":"6765","company_name":"\u0410\u043d\u0434\u0440\u0435\u0439 "}],"performedDatetime":"2014-09-05T05:14:40Z","authStatus":"0","accessDateEnd":""}
=====

select s.id, s.comp_id, s.title, s.quant, s.unit_id, s.comments, s.city from
		sklad_tovar s where city='Екатеринбург' and s.visible=1 and (title like 'Кввгэ%' or title like '% Кввгэ%') and (title like '7х1%' or title like '% 7х1%' or title like '%7x1%') order by s.q2 desc, s.title LIMIT 20, 20
q2: select count(s.id) from sklad_tovar s where city='Екатеринбург' and s.visible=1 and (title like 'Кввгэ%' or title like '% Кввгэ%') and (title like '7х1%' or title like '% 7х1%' or title like '%7x1%')
 auth: 100 
=====
Query:
performedDatetime: 2014-09-05 05:15:12  0000
action: get_company_data
sklad_user: Гость
appleId: 6BCEC083-87BD-44FB-9F45-68D53E09BABF
sklad_hash: 4840db4e6d5a5ca1198e6f724a8e9515
company_id: 19089

=====
Response:
{"action":"get_company_data","code":0,"data":{"company_id":19089,"title":"\u041e\u041e\u041e \u041a\u0430\u0431\u0435\u043b\u044c\u043d\u044b\u0439 \u0446\u0435\u043d\u0442\u0440-\u0415\u043a\u0430\u0442\u0435\u0440\u0438\u043d\u0431\u0443\u0440\u0433","city":"\u0415\u043a\u0430\u0442\u0435\u0440\u0438\u043d\u0431\u0443\u0440\u0433","address":"620100, \u0415\u043a\u0430\u0442\u0435\u0440\u0438\u043d\u0431\u0443\u0440\u0433, \u041f\u0440\u043e\u043c\u0437\u043e\u043d\u0430 \u041d\u043e\u0432\u043e\u0441\u0432\u0435\u0440\u0434\u043b\u043e\u0432\u0441\u043a\u043e\u0439 \u0422\u042d\u0426","phone":"(922)206-51-42","email":"zaykov@cabsnab.ru","contact":"\u0417\u0430\u0439\u043a\u043e\u0432 \u0415\u0432\u0433\u0435\u043d\u0438\u0439 \u041d\u0438\u043a\u043e\u043b\u0430\u0435\u0432\u0438\u0447","goods_count":"605","last_update":"26.08.2014"},"performedDatetime":"2014-09-05T05:15:13Z","authStatus":"0","accessDateEnd":""}
=====

select distinct city from sklad_tovar where comp_id= and city!='' order by city
q2: 
 auth: 100 
=====
