Query:
performedDatetime: 2014-08-09 07:09:42  0000
action: get_text

=====
Response:
{"action":"get_text","code":0,"data":"","performedDatetime":"2014-08-09T07:09:42Z","authStatus":"10"}
=====


q2: 
 auth: 0 
=====
Query:
performedDatetime: 2014-08-09 07:09:53  0000
action: get_goods_data
sklad_user: Гость
appleId: 8CBC3429-2EFF-44DD-BB5F-79E87C85F75B
sklad_hash: 14632bbb0d414c24e154f9751d0c3b31
searchTerm: 274
resultsFrom: 0
sort: 0
cityFilter: 

=====
Response:
{"action":"get_goods_data","searchTerm":"274","resultsFrom":0,"sort":0,"cityFilter":"","code":0,"resultsCount":"7","lastPage":1,"data":[{"name":"\u041f 274","amount":"0,372","amount_parts":"","unit":"\u043a\u043c","city":"\u0421\u0430\u043d\u043a\u0442-\u041f\u0435\u0442\u0435\u0440\u0431\u0443\u0440\u0433","company_id":"16940","company_name":"\u041e\u041e\u041e \"\u041e\u043f\u0442\u0413\u0440\u0443\u043f\u043f\""},{"name":"\u041f 274","amount":"0,372","amount_parts":"","unit":"\u043a\u043c","city":"\u041c\u043e\u0441\u043a\u0432\u0430","company_id":"22412","company_name":"\u041e\u041e\u041e \u041a\u041e\u0420\u041f\u041e\u0420\u0410\u0426\u0418\u042f \u0411\u0430\u043b\u0442\u041f\u0440\u043e\u043c\u041a\u043e\u043c\u043f\u043b\u0435\u043a\u0442"},{"name":"\u041f 274","amount":"0,372","amount_parts":"","unit":"\u043a\u043c","city":"\u0421\u0430\u043d\u043a\u0442-\u041f\u0435\u0442\u0435\u0440\u0431\u0443\u0440\u0433","company_id":"3660","company_name":"\u041e\u041e\u041e \u041a\u0430\u0431\u0435\u043b\u044c\u0413\u0440\u0443\u043f\u043f"},{"name":"\u041f 274 \u041c 2\u04450,5","amount":"7,95","amount_parts":"","unit":"\u043a\u043c","city":"\u041a\u0440\u0430\u0441\u043d\u043e\u0434\u0430\u0440","company_id":"20781","company_name":"\u041e\u041e\u041e  OptimLAN"},{"name":"\u041f 274\u041c","amount":"40,298","amount_parts":"","unit":"\u043a\u043c","city":"\u0421\u0430\u043d\u043a\u0442-\u041f\u0435\u0442\u0435\u0440\u0431\u0443\u0440\u0433","company_id":"16940","company_name":"\u041e\u041e\u041e \"\u041e\u043f\u0442\u0413\u0440\u0443\u043f\u043f\""},{"name":"\u041f 274\u041c","amount":"40,298","amount_parts":"","unit":"\u043a\u043c","city":"\u041c\u043e\u0441\u043a\u0432\u0430","company_id":"22412","company_name":"\u041e\u041e\u041e \u041a\u041e\u0420\u041f\u041e\u0420\u0410\u0426\u0418\u042f \u0411\u0430\u043b\u0442\u041f\u0440\u043e\u043c\u041a\u043e\u043c\u043f\u043b\u0435\u043a\u0442"},{"name":"\u041f 274\u041c","amount":"39,798","amount_parts":"","unit":"\u043a\u043c","city":"\u0421\u0430\u043d\u043a\u0442-\u041f\u0435\u0442\u0435\u0440\u0431\u0443\u0440\u0433","company_id":"3660","company_name":"\u041e\u041e\u041e \u041a\u0430\u0431\u0435\u043b\u044c\u0413\u0440\u0443\u043f\u043f"}],"performedDatetime":"2014-08-09T07:09:53Z","authStatus":"0","accessDateEnd":""}
=====

select s.id, s.comp_id, s.title, s.quant, s.unit_id, s.comments, s.city from
		sklad_tovar s where visible=1 and (title like '274%' or title like '% 274%') order by  s.title LIMIT 0, 20
q2: select count(id) from sklad_tovar s where visible=1 and (title like '274%' or title like '% 274%')
 auth: 100 
=====
Query:
performedDatetime: 2014-08-09 07:10:09  0000
action: get_goods_data
sklad_user: Гость
appleId: 8CBC3429-2EFF-44DD-BB5F-79E87C85F75B
sklad_hash: 14632bbb0d414c24e154f9751d0c3b31
searchTerm: Балтпром
resultsFrom: 0
sort: 0
cityFilter: 

=====
Response:
{"action":"get_goods_data","searchTerm":"\u0411\u0430\u043b\u0442\u043f\u0440\u043e\u043c","resultsFrom":0,"code":0,"resultsCount":"0","data":[],"performedDatetime":"2014-08-09T07:10:09Z","authStatus":"0","accessDateEnd":""}
=====

select s.id, s.comp_id, s.title, s.quant, s.unit_id, s.comments, s.city from
		sklad_tovar s where visible=1 and (title like 'Балтпром%' or title like '% Балтпром%') order by  s.title LIMIT 0, 20
q2: select count(id) from sklad_tovar s where visible=1 and (title like 'Балтпром%' or title like '% Балтпром%')
 auth: 100 
=====
Query:
performedDatetime: 2014-08-09 07:10:17  0000
action: get_goods_data
sklad_user: Гость
appleId: 8CBC3429-2EFF-44DD-BB5F-79E87C85F75B
sklad_hash: 14632bbb0d414c24e154f9751d0c3b31
searchTerm: Кввг
resultsFrom: 0
sort: 0
cityFilter: 

=====
Response:
{"action":"get_goods_data","searchTerm":"\u041a\u0432\u0432\u0433","resultsFrom":0,"sort":0,"cityFilter":"","code":0,"resultsCount":"5963","lastPage":0,"data":[{"name":"\u041a\u0412\u0412\u0413 10 \u0445 1 (\u042d\u043d\u0433)","amount":"0,403","amount_parts":"","unit":"\u043a\u043c","city":"\u0415\u043a\u0430\u0442\u0435\u0440\u0438\u043d\u0431\u0443\u0440\u0433","company_id":"19522","company_name":"\u041e\u041e\u041e  \u0421\u043c-\u041a\u0430\u0431\u0435\u043b\u044c"},{"name":"\u041a\u0412\u0412\u0413 10 \u0445 1,5 (\u043d\u0433) (\u0410)","amount":"2,6","amount_parts":"","unit":"\u043a\u043c","city":"\u0415\u043a\u0430\u0442\u0435\u0440\u0438\u043d\u0431\u0443\u0440\u0433","company_id":"19522","company_name":"\u041e\u041e\u041e  \u0421\u043c-\u041a\u0430\u0431\u0435\u043b\u044c"},{"name":"\u041a\u0412\u0412\u0413 10 \u0445 1,5 (\u043d\u0433LS)","amount":"4,927","amount_parts":"","unit":"\u043a\u043c","city":"\u0415\u043a\u0430\u0442\u0435\u0440\u0438\u043d\u0431\u0443\u0440\u0433","company_id":"19522","company_name":"\u041e\u041e\u041e  \u0421\u043c-\u041a\u0430\u0431\u0435\u043b\u044c"},{"name":"\u041a\u0412\u0412\u0413 10 \u0445 1,5 (\u042d\u043d\u0433)","amount":"0,077","amount_parts":"","unit":"\u043a\u043c","city":"\u0415\u043a\u0430\u0442\u0435\u0440\u0438\u043d\u0431\u0443\u0440\u0433","company_id":"19522","company_name":"\u041e\u041e\u041e  \u0421\u043c-\u041a\u0430\u0431\u0435\u043b\u044c"},{"name":"\u041a\u0412\u0412\u0413 10 \u0445 1,5 (\u042d\u043d\u0433LS)","amount":"0,185","amount_parts":"","unit":"\u043a\u043c","city":"\u0415\u043a\u0430\u0442\u0435\u0440\u0438\u043d\u0431\u0443\u0440\u0433","company_id":"19522","company_name":"\u041e\u041e\u041e  \u0421\u043c-\u041a\u0430\u0431\u0435\u043b\u044c"},{"name":"\u041a\u0412\u0412\u0413 10 \u0445 2,5 (\u043d\u0433LS)","amount":"1,4","amount_parts":"","unit":"\u043a\u043c","city":"\u0415\u043a\u0430\u0442\u0435\u0440\u0438\u043d\u0431\u0443\u0440\u0433","company_id":"19522","company_name":"\u041e\u041e\u041e  \u0421\u043c-\u041a\u0430\u0431\u0435\u043b\u044c"},{"name":"\u041a\u0412\u0412\u0413 10x1,5-0,66 \u043a\u0412","amount":"0,03","amount_parts":"","unit":"\u043a\u043c","city":"\u041a\u0440\u0430\u0441\u043d\u043e\u0434\u0430\u0440","company_id":"4151","company_name":"\u041e\u041e\u041e \u042d\u043b\u0435\u043a\u0442\u0440\u043e\u0442\u0435\u0445\u043d\u0438\u0447\u0435\u0441\u043a\u0430\u044f \u043a\u043e\u043c\u043f\u0430\u043d\u0438\u044f"},{"name":"\u041a\u0412\u0412\u0413 10x4,0-0,66 \u043a\u0412","amount":"0,058","amount_parts":"","unit":"\u043a\u043c","city":"\u041a\u0440\u0430\u0441\u043d\u043e\u0434\u0430\u0440","company_id":"4151","company_name":"\u041e\u041e\u041e \u042d\u043b\u0435\u043a\u0442\u0440\u043e\u0442\u0435\u0445\u043d\u0438\u0447\u0435\u0441\u043a\u0430\u044f \u043a\u043e\u043c\u043f\u0430\u043d\u0438\u044f"},{"name":"\u041a\u0412\u0412\u0413 10\u0445 1","amount":"0,5098","amount_parts":"","unit":"\u043a\u043c","city":"\u0427\u0435\u0431\u043e\u043a\u0441\u0430\u0440\u044b","company_id":"12137","company_name":"\u041e\u041e\u041e \u041e\u043c\u0435\u0433\u0430"},{"name":"\u041a\u0412\u0412\u0413 10\u0445 1,0","amount":"0,006","amount_parts":"","unit":"\u043a\u043c","city":"\u041a\u0438\u0440\u043e\u0432","company_id":"19098","company_name":"\u041e\u041e\u041e \u0413\u0440\u043e\u0441\u0441-\u042d\u043b\u0435\u043a\u0442\u0440\u043e"},{"name":"\u041a\u0412\u0412\u0413 10\u0445 1,0","amount":"0,006","amount_parts":"","unit":"\u043a\u043c","city":"\u0433. \u041a\u0438\u0440\u043e\u0432","company_id":"19098","company_name":"\u041e\u041e\u041e \u0413\u0440\u043e\u0441\u0441-\u042d\u043b\u0435\u043a\u0442\u0440\u043e"},{"name":"\u041a\u0412\u0412\u0413 10\u0445 1,5","amount":"0,015","amount_parts":"","unit":"\u043a\u043c","city":"\u041a\u0438\u0440\u043e\u0432","company_id":"19098","company_name":"\u041e\u041e\u041e \u0413\u0440\u043e\u0441\u0441-\u042d\u043b\u0435\u043a\u0442\u0440\u043e"},{"name":"\u041a\u0412\u0412\u0413 10\u0445 1,5","amount":"0,015","amount_parts":"","unit":"\u043a\u043c","city":"\u0433. \u041a\u0438\u0440\u043e\u0432","company_id":"19098","company_name":"\u041e\u041e\u041e \u0413\u0440\u043e\u0441\u0441-\u042d\u043b\u0435\u043a\u0442\u0440\u043e"},{"name":"\u041a\u0412\u0412\u0413 10\u0445 1,5","amount":"2,1358","amount_parts":"","unit":"\u043a\u043c","city":"\u0427\u0435\u0431\u043e\u043a\u0441\u0430\u0440\u044b","company_id":"12137","company_name":"\u041e\u041e\u041e \u041e\u043c\u0435\u0433\u0430"},{"name":"\u041a\u0412\u0412\u0413 10\u04450,75","amount":"0,025","amount_parts":"","unit":"\u043a\u043c","city":"\u041f\u0435\u0440\u043c\u044c","company_id":"17570","company_name":"\u041e\u041e\u041e \u042d\u043b\u0435\u043a\u0442\u0440\u043e\u0422\u0435\u0445\u041a\u0430\u0431\u0435\u043b\u044c"},{"name":"\u041a\u0412\u0412\u0413 10\u04450,75","amount":"0,003","amount_parts":"","unit":"\u043a\u043c","city":"\u041b\u044b\u0441\u044c\u0432\u0430","company_id":"19357","company_name":"\u041e\u041e\u041e \u0422\u0414 \"\u0423\u0440\u0430\u043b \u041f\u0430\u043a"},{"name":"\u041a\u0412\u0412\u0413 10\u04450,75","amount":"0,174","amount_parts":"","unit":"\u043a\u043c","city":"\u041c\u043e\u0441\u043a\u0432\u0430","company_id":"8168","company_name":"\u041e\u041e\u041e \u00ab\u0422\u0435\u0445\u043d\u043e\u043a\u0430\u0431\u0435\u043b\u044c \u041c\u00bb \u041c\u043e\u0441\u043a\u0432\u0430"},{"name":"\u041a\u0412\u0412\u0413 10\u04450,75","amount":"0,554","amount_parts":"","unit":"\u043a\u043c","city":"\u041b\u044e\u0431\u0435\u0440\u0446\u044b","company_id":"15356","company_name":"\u041e\u041e\u041e \u042d\u043d\u0435\u0440\u0433\u043e\u0444\u043e\u0440\u0441\u0430\u0436"},{"name":"\u041a\u0412\u0412\u0413 10\u04451","amount":"0,057","amount_parts":"","unit":"\u043a\u043c","city":"\u041c\u043e\u0441\u043a\u0432\u0430","company_id":"4864","company_name":"\u041e\u041e\u041e \u0423\u043d\u0438\u0432\u0435\u0440\u0441\u0438\u0442\u0435\u0442  \u0441\u0435\u0440\u0432\u0438\u0441"},{"name":"\u041a\u0412\u0412\u0413 10\u04451","amount":"0,19","amount_parts":"0,05; 0,14; ","unit":"\u043a\u043c","city":"\u041f\u0435\u0440\u043c\u044c","company_id":"17570","company_name":"\u041e\u041e\u041e \u042d\u043b\u0435\u043a\u0442\u0440\u043e\u0422\u0435\u0445\u041a\u0430\u0431\u0435\u043b\u044c"}],"performedDatetime":"2014-08-09T07:10:16Z","authStatus":"0","accessDateEnd":""}
=====

select s.id, s.comp_id, s.title, s.quant, s.unit_id, s.comments, s.city from
		sklad_tovar s where visible=1 and (title like 'Кввг%' or title like '% Кввг%') order by  s.title LIMIT 0, 20
q2: select count(id) from sklad_tovar s where visible=1 and (title like 'Кввг%' or title like '% Кввг%')
 auth: 100 
=====
Query:
performedDatetime: 2014-08-09 07:10:30  0000
action: get_goods_data
sklad_user: Гость
appleId: 8CBC3429-2EFF-44DD-BB5F-79E87C85F75B
sklad_hash: 14632bbb0d414c24e154f9751d0c3b31
searchTerm: Асбл
resultsFrom: 0
sort: 0
cityFilter: 

=====
Response:
{"action":"get_goods_data","searchTerm":"\u0410\u0441\u0431\u043b","resultsFrom":0,"sort":0,"cityFilter":"","code":0,"resultsCount":"251","lastPage":0,"data":[{"name":"\u0410\u0421\u0411\u043b 10 \u043a\u0412 3\u0445120,0(\u043c\u043d)","amount":"0,125","amount_parts":"","unit":"\u043a\u043c","city":"\u0418\u0432\u0430\u043d\u043e\u0432\u043e","company_id":"15173","company_name":"\u041e\u041e\u041e \u0414\u0435\u0439\u0442\u0435\u0440\u0438\u0439 \u043f\u043b\u044e\u0441 \u042d\u043d\u0435\u0440\u0433\u043e\u0441\u043d\u0430\u0431"},{"name":"\u0410\u0421\u0411\u043b 10 \u043a\u0412 3\u044550","amount":"0,095","amount_parts":"","unit":"\u043a\u043c","city":"\u041c\u043e\u0441\u043a\u0432\u0430","company_id":"17087","company_name":"\u043e\u043e\u043e \u041b\u042d\u041f \u041f\u043e\u0441\u0442\u0430\u0432\u043a\u0430"},{"name":"\u0410\u0421\u0411\u043b 10\u043a\u0412 3\u0445 95,0 \u043c\u043d","amount":"0,17","amount_parts":"","unit":"\u043a\u043c","city":"\u0418\u0432\u0430\u043d\u043e\u0432\u043e","company_id":"15173","company_name":"\u041e\u041e\u041e \u0414\u0435\u0439\u0442\u0435\u0440\u0438\u0439 \u043f\u043b\u044e\u0441 \u042d\u043d\u0435\u0440\u0433\u043e\u0441\u043d\u0430\u0431"},{"name":"\u0410\u0421\u0411\u043b 10\u043a\u0412 3\u0445240,0 (\u043c\u043d)","amount":"0,564","amount_parts":"","unit":"\u043a\u043c","city":"\u0418\u0432\u0430\u043d\u043e\u0432\u043e","company_id":"15173","company_name":"\u041e\u041e\u041e \u0414\u0435\u0439\u0442\u0435\u0440\u0438\u0439 \u043f\u043b\u044e\u0441 \u042d\u043d\u0435\u0440\u0433\u043e\u0441\u043d\u0430\u0431"},{"name":"\u0410\u0421\u0411\u043b 23\u0445 95 \u043e\u0436 - 6","amount":"0,23","amount_parts":"0.12; 0.11; ","unit":"\u043a\u043c","city":"\u041f\u0435\u0440\u043c\u044c","company_id":"8434","company_name":"\u041e\u041e\u041e \u042d\u041b-\u0441\u0435\u0440\u0432\u0438\u0441"},{"name":"\u0410\u0421\u0411\u043b 23\u0445120 -10","amount":"0,14","amount_parts":"","unit":"\u043a\u043c","city":"\u041f\u0435\u0440\u043c\u044c","company_id":"8434","company_name":"\u041e\u041e\u041e \u042d\u041b-\u0441\u0435\u0440\u0432\u0438\u0441"},{"name":"\u0410\u0421\u0411\u043b 23\u0445185 -10","amount":"0,175","amount_parts":"","unit":"\u043a\u043c","city":"\u041f\u0435\u0440\u043c\u044c","company_id":"8434","company_name":"\u041e\u041e\u041e \u042d\u041b-\u0441\u0435\u0440\u0432\u0438\u0441"},{"name":"\u0410\u0421\u0411\u043b 3x120-6 \u043a\u0412","amount":"1,2","amount_parts":"0.46; 0.515; 0.225; ","unit":"\u043a\u043c","city":"\u041a\u0440\u0430\u0441\u043d\u043e\u0434\u0430\u0440","company_id":"4151","company_name":"\u041e\u041e\u041e \u042d\u043b\u0435\u043a\u0442\u0440\u043e\u0442\u0435\u0445\u043d\u0438\u0447\u0435\u0441\u043a\u0430\u044f \u043a\u043e\u043c\u043f\u0430\u043d\u0438\u044f"},{"name":"\u0410\u0421\u0411\u043b 3x150-10 \u043a\u0412","amount":"0,051","amount_parts":"","unit":"\u043a\u043c","city":"\u041a\u0440\u0430\u0441\u043d\u043e\u0434\u0430\u0440","company_id":"4151","company_name":"\u041e\u041e\u041e \u042d\u043b\u0435\u043a\u0442\u0440\u043e\u0442\u0435\u0445\u043d\u0438\u0447\u0435\u0441\u043a\u0430\u044f \u043a\u043e\u043c\u043f\u0430\u043d\u0438\u044f"},{"name":"\u0410\u0421\u0411\u043b 3x185-10 \u043a\u0412","amount":"2,743","amount_parts":"0.044; 0.065; 0.024; 0.57; 0.115; 0.19; 0.58; 0.575; 0.58; ","unit":"\u043a\u043c","city":"\u041a\u0440\u0430\u0441\u043d\u043e\u0434\u0430\u0440","company_id":"4151","company_name":"\u041e\u041e\u041e \u042d\u043b\u0435\u043a\u0442\u0440\u043e\u0442\u0435\u0445\u043d\u0438\u0447\u0435\u0441\u043a\u0430\u044f \u043a\u043e\u043c\u043f\u0430\u043d\u0438\u044f"},{"name":"\u0410\u0421\u0411\u043b 3x185-6 \u043a\u0412","amount":"0,08","amount_parts":"","unit":"\u043a\u043c","city":"\u041a\u0440\u0430\u0441\u043d\u043e\u0434\u0430\u0440","company_id":"4151","company_name":"\u041e\u041e\u041e \u042d\u043b\u0435\u043a\u0442\u0440\u043e\u0442\u0435\u0445\u043d\u0438\u0447\u0435\u0441\u043a\u0430\u044f \u043a\u043e\u043c\u043f\u0430\u043d\u0438\u044f"},{"name":"\u0410\u0421\u0411\u043b 3x240-10 \u043a\u0412","amount":"0,97","amount_parts":"0.165; 0.25; 0.1; 0.205; 0.125; 0.125; ","unit":"\u043a\u043c","city":"\u041a\u0440\u0430\u0441\u043d\u043e\u0434\u0430\u0440","company_id":"4151","company_name":"\u041e\u041e\u041e \u042d\u043b\u0435\u043a\u0442\u0440\u043e\u0442\u0435\u0445\u043d\u0438\u0447\u0435\u0441\u043a\u0430\u044f \u043a\u043e\u043c\u043f\u0430\u043d\u0438\u044f"},{"name":"\u0410\u0421\u0411\u043b 3x35-10 \u043a\u0412","amount":"0,295","amount_parts":"","unit":"\u043a\u043c","city":"\u041a\u0440\u0430\u0441\u043d\u043e\u0434\u0430\u0440","company_id":"4151","company_name":"\u041e\u041e\u041e \u042d\u043b\u0435\u043a\u0442\u0440\u043e\u0442\u0435\u0445\u043d\u0438\u0447\u0435\u0441\u043a\u0430\u044f \u043a\u043e\u043c\u043f\u0430\u043d\u0438\u044f"},{"name":"\u0410\u0421\u0411\u043b 3x50-10 \u043a\u0412","amount":"3,9","amount_parts":"0.49; 0.425; 0.08; 0.925; 0.725; 0.515; 0.74; ","unit":"\u043a\u043c","city":"\u041a\u0440\u0430\u0441\u043d\u043e\u0434\u0430\u0440","company_id":"4151","company_name":"\u041e\u041e\u041e \u042d\u043b\u0435\u043a\u0442\u0440\u043e\u0442\u0435\u0445\u043d\u0438\u0447\u0435\u0441\u043a\u0430\u044f \u043a\u043e\u043c\u043f\u0430\u043d\u0438\u044f"},{"name":"\u0410\u0421\u0411\u043b 3x70-10 \u043a\u0412","amount":"15,185","amount_parts":"0.41; 0.05; 0.57; 0.51; 0.515; 0.515; 0.605; 0.6; 0.55; 0.55; 0.6; 0.655; 0.605; 0.545; 0.6; 0.55; 0.6; 0.8; 0.605; 0.6; 0.61; 0.6; 0.545; 0.6; 0.6; 0.545; 0.65; ","unit":"\u043a\u043c","city":"\u041a\u0440\u0430\u0441\u043d\u043e\u0434\u0430\u0440","company_id":"4151","company_name":"\u041e\u041e\u041e \u042d\u043b\u0435\u043a\u0442\u0440\u043e\u0442\u0435\u0445\u043d\u0438\u0447\u0435\u0441\u043a\u0430\u044f \u043a\u043e\u043c\u043f\u0430\u043d\u0438\u044f"},{"name":"\u0410\u0421\u0411\u043b 3x95-10 \u043a\u0412","amount":"9,766","amount_parts":"0.02; 0.2; 0.71; 0.51; 0.69; 0.715; 0.715; 0.475; 0.475; 0.475; 0.475; 0.475; 0.478; 0.48; 0.478; 0.44; 0.44; 0.47; 0.47; 0.575; ","unit":"\u043a\u043c","city":"\u041a\u0440\u0430\u0441\u043d\u043e\u0434\u0430\u0440","company_id":"4151","company_name":"\u041e\u041e\u041e \u042d\u043b\u0435\u043a\u0442\u0440\u043e\u0442\u0435\u0445\u043d\u0438\u0447\u0435\u0441\u043a\u0430\u044f \u043a\u043e\u043c\u043f\u0430\u043d\u0438\u044f"},{"name":"\u0410\u0421\u0411\u043b 3x95-6 \u043a\u0412","amount":"0,12","amount_parts":"","unit":"\u043a\u043c","city":"\u041a\u0440\u0430\u0441\u043d\u043e\u0434\u0430\u0440","company_id":"4151","company_name":"\u041e\u041e\u041e \u042d\u043b\u0435\u043a\u0442\u0440\u043e\u0442\u0435\u0445\u043d\u0438\u0447\u0435\u0441\u043a\u0430\u044f \u043a\u043e\u043c\u043f\u0430\u043d\u0438\u044f"},{"name":"\u0410\u0421\u0411\u043b 3\u0445120 (\u043e\u0436)-10","amount":"0,792","amount_parts":"0,335; 0,457","unit":"\u043a\u043c","city":"\u041a\u0440\u0430\u0441\u043d\u043e\u0434\u0430\u0440","company_id":"18682","company_name":"\u041e\u041e\u041e \"\u041a\u0430\u043c\u0441\u043a\u0438\u0439 \u043a\u0430\u0431\u0435\u043b\u044c\""},{"name":"\u0410\u0421\u0411\u043b 3\u0445120 (\u043e\u0436)-10","amount":"3,045","amount_parts":"0,525; 0,580; 0,720; 0,460; 0,760","unit":"\u043a\u043c","city":"\u041f\u0435\u0440\u043c\u044c","company_id":"18682","company_name":"\u041e\u041e\u041e \"\u041a\u0430\u043c\u0441\u043a\u0438\u0439 \u043a\u0430\u0431\u0435\u043b\u044c\""},{"name":"\u0410\u0421\u0411\u043b 3\u0445120 - 10 (\u043c\u043d)","amount":"0,246","amount_parts":"","unit":"\u043a\u043c","city":"\u041d\u0438\u0436\u043d\u0438\u0439 \u041d\u043e\u0432\u0433\u043e\u0440\u043e\u0434","company_id":"5022","company_name":"\u041e\u041e\u041e \u0422\u0414 \u0423\u043d\u043a\u043e\u043c\u0442\u0435\u0445"}],"performedDatetime":"2014-08-09T07:10:29Z","authStatus":"0","accessDateEnd":""}
=====

select s.id, s.comp_id, s.title, s.quant, s.unit_id, s.comments, s.city from
		sklad_tovar s where visible=1 and (title like 'Асбл%' or title like '% Асбл%' or title like '%Асбл%' or title like '%Асбл%') order by  s.title LIMIT 0, 20
q2: select count(id) from sklad_tovar s where visible=1 and (title like 'Асбл%' or title like '% Асбл%' or title like '%Асбл%' or title like '%Асбл%')
 auth: 100 
=====
Query:
performedDatetime: 2014-08-09 07:10:43  0000
action: get_goods_data
sklad_user: Гость
appleId: 8CBC3429-2EFF-44DD-BB5F-79E87C85F75B
sklad_hash: 14632bbb0d414c24e154f9751d0c3b31
searchTerm: Асбл
resultsFrom: 1
sort: 0
cityFilter: 

=====
Response:
{"action":"get_goods_data","searchTerm":"\u0410\u0441\u0431\u043b","resultsFrom":1,"sort":0,"cityFilter":"","code":0,"resultsCount":"251","lastPage":0,"data":[{"name":"\u0410\u0421\u0411\u043b 3\u0445120 - 10 (\u043c\u043d)","amount":"28,27","amount_parts":"0,487; 0,49; 0,49; 0,49; 0,49; 0,49; 0,49; 0,49; 0,49; 0,49; 0,49; 0,49; 0,49; 0,49; 0,49; 0,49; 0,49; 0,49; 0; 0; 0; 0,495; 0; 0,49; 0,485; 0,488; 0,495; 0,49; 0,245; 0; 0,736; 0,735; 0; 0; 0; 0; 0; 0; 0; 0; 0; 0,49; 0,49; 0,49; 0; 0,49; 0,49; 0,49; 0,48; 0,49; 0,49; 0,49; 0,5; 0,5; 0,49; 0,49; 0,485; 0,75; 0,495; 0,49; 0; 0; 0; 0,309; 0,485; 0,49; 0,74; 0,485; 0,49; 0,49; 0,73; 0,495; 0,495; 0,495; 0; 0; ","unit":"\u043a\u043c","city":"\u041a\u0440\u0430\u0441\u043d\u043e\u0434\u0430\u0440","company_id":"19805","company_name":"\u041e\u041e\u041e \u0422\u0414 \"\u042e\u0436\u043d\u0430\u044f \u043a\u0430\u0431\u0435\u043b\u044c\u043d\u0430\u044f \u043a\u043e\u043c\u043f\u0430\u043d\u0438\u044f\""},{"name":"\u0410\u0421\u0411\u043b 3\u0445120 - 10 (\u041e\u0416)","amount":"1,01","amount_parts":"0.505; 0.505; ","unit":"\u043a\u043c","city":"\u041d\u0438\u0436\u043d\u0438\u0439 \u041d\u043e\u0432\u0433\u043e\u0440\u043e\u0434","company_id":"5022","company_name":"\u041e\u041e\u041e \u0422\u0414 \u0423\u043d\u043a\u043e\u043c\u0442\u0435\u0445"},{"name":"\u0410\u0421\u0411\u043b 3\u0445120 - 10 (\u041e\u0416)","amount":"0,215","amount_parts":"0,215; 0; 0; 0; 0; 0; ","unit":"\u043a\u043c","city":"\u041a\u0440\u0430\u0441\u043d\u043e\u0434\u0430\u0440","company_id":"19805","company_name":"\u041e\u041e\u041e \u0422\u0414 \"\u042e\u0436\u043d\u0430\u044f \u043a\u0430\u0431\u0435\u043b\u044c\u043d\u0430\u044f \u043a\u043e\u043c\u043f\u0430\u043d\u0438\u044f\""},{"name":"\u0410\u0421\u0411\u043b 3\u0445120(\u043e\u0436)-10","amount":"0,484","amount_parts":"0,165; 0,137; 0,121; 0,061; ","unit":"\u043a\u043c","city":"\u041a\u0440\u0430\u0441\u043d\u043e\u0434\u0430\u0440","company_id":"19805","company_name":"\u041e\u041e\u041e \u0422\u0414 \"\u042e\u0436\u043d\u0430\u044f \u043a\u0430\u0431\u0435\u043b\u044c\u043d\u0430\u044f \u043a\u043e\u043c\u043f\u0430\u043d\u0438\u044f\""},{"name":"\u0410\u0421\u0411\u043b 3\u0445120+0","amount":"0,047","amount_parts":"","unit":"\u043a\u043c","city":"\u0421\u0430\u043d\u043a\u0442-\u041f\u0435\u0442\u0435\u0440\u0431\u0443\u0440\u0433","company_id":"16940","company_name":"\u041e\u041e\u041e \"\u041e\u043f\u0442\u0413\u0440\u0443\u043f\u043f\""},{"name":"\u0410\u0421\u0411\u043b 3\u0445120+0","amount":"0,047","amount_parts":"","unit":"\u043a\u043c","city":"\u041c\u043e\u0441\u043a\u0432\u0430","company_id":"22412","company_name":"\u041e\u041e\u041e \u041a\u041e\u0420\u041f\u041e\u0420\u0410\u0426\u0418\u042f \u0411\u0430\u043b\u0442\u041f\u0440\u043e\u043c\u041a\u043e\u043c\u043f\u043b\u0435\u043a\u0442"},{"name":"\u0410\u0421\u0411\u043b 3\u0445120-10","amount":"0,883","amount_parts":"0,4; 0,06; 0,423; ","unit":"\u043a\u043c","city":"\u041a\u0440\u0430\u0441\u043d\u043e\u0434\u0430\u0440","company_id":"19805","company_name":"\u041e\u041e\u041e \u0422\u0414 \"\u042e\u0436\u043d\u0430\u044f \u043a\u0430\u0431\u0435\u043b\u044c\u043d\u0430\u044f \u043a\u043e\u043c\u043f\u0430\u043d\u0438\u044f\""},{"name":"\u0410\u0421\u0411\u043b 3\u0445120\u043c\u043d 10\u043a\u0412 \u0413\u041e\u0421\u0422","amount":"4,671","amount_parts":"","unit":"\u043a\u043c","city":"\u041c\u043e\u0441\u043a\u0432\u0430","company_id":"16301","company_name":"\u041e\u041e\u041e \u0418\u043d\u0442\u0435\u043b\u043b\u042d\u043b\u0435\u043a\u0442\u0440\u043e\u041a\u043e\u043c\u043f\u043b\u0435\u043a\u0442"},{"name":"\u0410\u0421\u0411\u043b 3\u0445150 (\u043e\u0436)-10","amount":"0,285","amount_parts":"","unit":"\u043a\u043c","city":"\u041c\u043e\u0441\u043a\u0432\u0430","company_id":"18682","company_name":"\u041e\u041e\u041e \"\u041a\u0430\u043c\u0441\u043a\u0438\u0439 \u043a\u0430\u0431\u0435\u043b\u044c\""},{"name":"\u0410\u0421\u0411\u043b 3\u0445150 (\u043e\u0436)-10","amount":"1,975","amount_parts":"0,315; 0,510; 0,630; 0,520","unit":"\u043a\u043c","city":"\u041a\u0440\u0430\u0441\u043d\u043e\u0434\u0430\u0440","company_id":"18682","company_name":"\u041e\u041e\u041e \"\u041a\u0430\u043c\u0441\u043a\u0438\u0439 \u043a\u0430\u0431\u0435\u043b\u044c\""},{"name":"\u0410\u0421\u0411\u043b 3\u0445150 (\u043e\u0436)-10","amount":"3","amount_parts":"0,670; 0,355; 0,665; 0,665; 0,645","unit":"\u043a\u043c","city":"\u041f\u0435\u0440\u043c\u044c","company_id":"18682","company_name":"\u041e\u041e\u041e \"\u041a\u0430\u043c\u0441\u043a\u0438\u0439 \u043a\u0430\u0431\u0435\u043b\u044c\""},{"name":"\u0410\u0421\u0411\u043b 3\u0445150 - 10 (\u043c\u043d)","amount":"0,925","amount_parts":"0.21; 0.265; 0.45; ","unit":"\u043a\u043c","city":"\u041d\u0438\u0436\u043d\u0438\u0439 \u041d\u043e\u0432\u0433\u043e\u0440\u043e\u0434","company_id":"5022","company_name":"\u041e\u041e\u041e \u0422\u0414 \u0423\u043d\u043a\u043e\u043c\u0442\u0435\u0445"},{"name":"\u0410\u0421\u0411\u043b 3\u0445150 - 10 (\u043c\u043d)","amount":"10,124","amount_parts":"0,33; 0,355; 0,54; 0,46; 0; 0,46; 0,45; 0,42; 0,45; 0,45; 0; 0,45; 0,52; 0,45; 0,45; 0,45; 0,445; 0,45; 0; 0,49; 0,45; 0,325; 0,4; 0,445; 0,445; 0,439; ","unit":"\u043a\u043c","city":"\u041a\u0440\u0430\u0441\u043d\u043e\u0434\u0430\u0440","company_id":"19805","company_name":"\u041e\u041e\u041e \u0422\u0414 \"\u042e\u0436\u043d\u0430\u044f \u043a\u0430\u0431\u0435\u043b\u044c\u043d\u0430\u044f \u043a\u043e\u043c\u043f\u0430\u043d\u0438\u044f\""},{"name":"\u0410\u0421\u0411\u043b 3\u0445150 - 10 (\u041e\u0416)","amount":"4,672","amount_parts":"0,235; 0,204; 0,214; 0,72; 0; 0; 0,517; 0,517; 0,51; 0,525; 0,435; 0,415; 0,38; ","unit":"\u043a\u043c","city":"\u041a\u0440\u0430\u0441\u043d\u043e\u0434\u0430\u0440","company_id":"19805","company_name":"\u041e\u041e\u041e \u0422\u0414 \"\u042e\u0436\u043d\u0430\u044f \u043a\u0430\u0431\u0435\u043b\u044c\u043d\u0430\u044f \u043a\u043e\u043c\u043f\u0430\u043d\u0438\u044f\""},{"name":"\u0410\u0421\u0411\u043b 3\u0445150 - 10 (\u041e\u0416)","amount":"0,227","amount_parts":"","unit":"\u043a\u043c","city":"\u041a\u0440\u0430\u0441\u043d\u043e\u0434\u0430\u0440","company_id":"10873","company_name":"\u0422\u0414 \u042e\u0433\u0442\u0435\u043b\u0435\u043a\u0430\u0431\u0435\u043b\u044c"},{"name":"\u0410\u0421\u0411\u043b 3\u0445150 - 6 (\u043c\u043d)","amount":"0,183","amount_parts":"0,183; 0; ","unit":"\u043a\u043c","city":"\u041a\u0440\u0430\u0441\u043d\u043e\u0434\u0430\u0440","company_id":"19805","company_name":"\u041e\u041e\u041e \u0422\u0414 \"\u042e\u0436\u043d\u0430\u044f \u043a\u0430\u0431\u0435\u043b\u044c\u043d\u0430\u044f \u043a\u043e\u043c\u043f\u0430\u043d\u0438\u044f\""},{"name":"\u0410\u0421\u0411\u043b 3\u0445150(\u043e\u0436)-10","amount":"0,25","amount_parts":"0,149; 0,101; ","unit":"\u043a\u043c","city":"\u041a\u0440\u0430\u0441\u043d\u043e\u0434\u0430\u0440","company_id":"19805","company_name":"\u041e\u041e\u041e \u0422\u0414 \"\u042e\u0436\u043d\u0430\u044f \u043a\u0430\u0431\u0435\u043b\u044c\u043d\u0430\u044f \u043a\u043e\u043c\u043f\u0430\u043d\u0438\u044f\""},{"name":"\u0410\u0421\u0411\u043b 3\u0445150-10","amount":"1,386","amount_parts":"0,45; 0,392; 0,245; 0,299; ","unit":"\u043a\u043c","city":"\u041a\u0440\u0430\u0441\u043d\u043e\u0434\u0430\u0440","company_id":"19805","company_name":"\u041e\u041e\u041e \u0422\u0414 \"\u042e\u0436\u043d\u0430\u044f \u043a\u0430\u0431\u0435\u043b\u044c\u043d\u0430\u044f \u043a\u043e\u043c\u043f\u0430\u043d\u0438\u044f\""},{"name":"\u0410\u0421\u0411\u043b 3\u0445150-10 \u043c\u043d","amount":"0,962","amount_parts":"0,457; 0,505","unit":"\u043a\u043c","city":"\u041c\u043e\u0441\u043a\u0432\u0430","company_id":"19030","company_name":"\u041e\u041e\u041e \u0413\u0440\u0443\u043f\u043f \u043a\u043e\u043c\u043f\u0430\u043d\u0438\u0439 \u041a\u0420\u0410\u041c"},{"name":"\u0410\u0421\u0411\u043b 3\u0445150\u043c\u043d 10\u043a\u0412 \u0413\u041e\u0421\u0422","amount":"2,138","amount_parts":"","unit":"\u043a\u043c","city":"\u041c\u043e\u0441\u043a\u0432\u0430","company_id":"16301","company_name":"\u041e\u041e\u041e \u0418\u043d\u0442\u0435\u043b\u043b\u042d\u043b\u0435\u043a\u0442\u0440\u043e\u041a\u043e\u043c\u043f\u043b\u0435\u043a\u0442"}],"performedDatetime":"2014-08-09T07:10:43Z","authStatus":"0","accessDateEnd":""}
=====

select s.id, s.comp_id, s.title, s.quant, s.unit_id, s.comments, s.city from
		sklad_tovar s where visible=1 and (title like 'Асбл%' or title like '% Асбл%' or title like '%Асбл%' or title like '%Асбл%') order by  s.title LIMIT 20, 20
q2: select count(id) from sklad_tovar s where visible=1 and (title like 'Асбл%' or title like '% Асбл%' or title like '%Асбл%' or title like '%Асбл%')
 auth: 100 
=====
Query:
performedDatetime: 2014-08-09 07:10:50  0000
action: get_goods_data
sklad_user: Гость
appleId: 8CBC3429-2EFF-44DD-BB5F-79E87C85F75B
sklad_hash: 14632bbb0d414c24e154f9751d0c3b31
searchTerm: Асбл
resultsFrom: 2
sort: 0
cityFilter: 

=====
Response:
{"action":"get_goods_data","searchTerm":"\u0410\u0441\u0431\u043b","resultsFrom":2,"sort":0,"cityFilter":"","code":0,"resultsCount":"251","lastPage":0,"data":[{"name":"\u0410\u0421\u0411\u043b 3\u0445185 - 10 (\u043c\u043d)","amount":"1,669","amount_parts":"0,245; 0; 0,605; 0,58; 0; 0,195; 0,044; ","unit":"\u043a\u043c","city":"\u041a\u0440\u0430\u0441\u043d\u043e\u0434\u0430\u0440","company_id":"19805","company_name":"\u041e\u041e\u041e \u0422\u0414 \"\u042e\u0436\u043d\u0430\u044f \u043a\u0430\u0431\u0435\u043b\u044c\u043d\u0430\u044f \u043a\u043e\u043c\u043f\u0430\u043d\u0438\u044f\""},{"name":"\u0410\u0421\u0411\u043b 3\u0445185 - 10 (\u041e\u0416)","amount":"3,08","amount_parts":"0; 0; 0; 0,51; 0,51; 0,515; 0,515; 0,515; 0,515; 0; 0; ","unit":"\u043a\u043c","city":"\u041a\u0440\u0430\u0441\u043d\u043e\u0434\u0430\u0440","company_id":"19805","company_name":"\u041e\u041e\u041e \u0422\u0414 \"\u042e\u0436\u043d\u0430\u044f \u043a\u0430\u0431\u0435\u043b\u044c\u043d\u0430\u044f \u043a\u043e\u043c\u043f\u0430\u043d\u0438\u044f\""},{"name":"\u0410\u0421\u0411\u043b 3\u0445185 - 6 (\u043c\u043d)","amount":"0,65","amount_parts":"0,11; 0,54; ","unit":"\u043a\u043c","city":"\u041a\u0440\u0430\u0441\u043d\u043e\u0434\u0430\u0440","company_id":"19805","company_name":"\u041e\u041e\u041e \u0422\u0414 \"\u042e\u0436\u043d\u0430\u044f \u043a\u0430\u0431\u0435\u043b\u044c\u043d\u0430\u044f \u043a\u043e\u043c\u043f\u0430\u043d\u0438\u044f\""},{"name":"\u0410\u0421\u0411\u043b 3\u0445185(\u043e\u0436)-10","amount":"2,565","amount_parts":"0,405; 0,515; 0,515; 0,515; 0,145; 0,47; ","unit":"\u043a\u043c","city":"\u041a\u0440\u0430\u0441\u043d\u043e\u0434\u0430\u0440","company_id":"19805","company_name":"\u041e\u041e\u041e \u0422\u0414 \"\u042e\u0436\u043d\u0430\u044f \u043a\u0430\u0431\u0435\u043b\u044c\u043d\u0430\u044f \u043a\u043e\u043c\u043f\u0430\u043d\u0438\u044f\""},{"name":"\u0410\u0421\u0411\u043b 3\u0445185-10","amount":"1,309","amount_parts":"0,009; 0,545; 0,275; 0,47; 0,01; ","unit":"\u043a\u043c","city":"\u041a\u0440\u0430\u0441\u043d\u043e\u0434\u0430\u0440","company_id":"19805","company_name":"\u041e\u041e\u041e \u0422\u0414 \"\u042e\u0436\u043d\u0430\u044f \u043a\u0430\u0431\u0435\u043b\u044c\u043d\u0430\u044f \u043a\u043e\u043c\u043f\u0430\u043d\u0438\u044f\""},{"name":"\u0410\u0421\u0411\u043b 3\u0445185-10 \u043c\u043d","amount":"6,025","amount_parts":"0,505; 0,505; 0,505; 0,505; 0,505; 0,505; 0,502; 0,302; 0,500","unit":"\u043a\u043c","city":"\u041c\u043e\u0441\u043a\u0432\u0430","company_id":"19030","company_name":"\u041e\u041e\u041e \u0413\u0440\u0443\u043f\u043f \u043a\u043e\u043c\u043f\u0430\u043d\u0438\u0439 \u041a\u0420\u0410\u041c"},{"name":"\u0410\u0421\u0411\u043b 3\u0445185-6","amount":"0,116","amount_parts":"","unit":"\u043a\u043c","city":"\u041a\u0440\u0430\u0441\u043d\u043e\u0434\u0430\u0440","company_id":"19805","company_name":"\u041e\u041e\u041e \u0422\u0414 \"\u042e\u0436\u043d\u0430\u044f \u043a\u0430\u0431\u0435\u043b\u044c\u043d\u0430\u044f \u043a\u043e\u043c\u043f\u0430\u043d\u0438\u044f\""},{"name":"\u0410\u0421\u0411\u043b 3\u0445240 (\u043e\u0436)-10","amount":"0,315","amount_parts":"","unit":"\u043a\u043c","city":"\u041f\u0435\u0440\u043c\u044c","company_id":"18682","company_name":"\u041e\u041e\u041e \"\u041a\u0430\u043c\u0441\u043a\u0438\u0439 \u043a\u0430\u0431\u0435\u043b\u044c\""},{"name":"\u0410\u0421\u0411\u043b 3\u0445240 - 10 (\u043c\u043d)","amount":"2,162","amount_parts":"0.205; 0.43; 0.48; 0.34; 0.37; 0.337; ","unit":"\u043a\u043c","city":"\u041d\u0438\u0436\u043d\u0438\u0439 \u041d\u043e\u0432\u0433\u043e\u0440\u043e\u0434","company_id":"5022","company_name":"\u041e\u041e\u041e \u0422\u0414 \u0423\u043d\u043a\u043e\u043c\u0442\u0435\u0445"},{"name":"\u0410\u0421\u0411\u043b 3\u0445240 - 10 (\u043c\u043d)","amount":"46,936","amount_parts":"0,21; 0,235; 0,47; 0,475; 0,365; 0,345; 0,365; 0,345; 0,475; 0,475; 0,47; 0; 0; 0; 0,445; 0,305; 0,48; 0,48; 0,475; 0; 0; 0; 0; 0; 0; 0; 0; 0; 0; 0; 0; 0; 0; 0,48; 0; 0,33; 0; 0; 0; 0; 0; 0; 0; 0; 0; 0; 0; 0; 0; 0; 0,305; 0,475; 0,475; 0,47; 0; 0; 0; 0; 0; 0; 0,475; 0,475; 0; 0,475; 0,475; 0; 0; 0; 0,465; 0; 0,475; 0,475; 0,475; 0,475; 0; 0,475; 0,47; 0,47; 0; 0,47; 0,485; 0,47; 0,47; 0,47; 0; 0,47; 0,47; 0,475; 0,475; 0,475; 0,475; 0,475; 0,475; 0,475; 0,475; 0; 0,475; 0,475; 0,475; 0,475; 0,41; 0,47; 0,475; 0,475; 0; 0; 0; 0; 0,485; 0; 0,475; 0,475; 0,43; 0,425; 0,475; 0,47; 0,475; 0,475; 0,57; 0,475; 0,475; 0,475; 0,475; 0,475; 0,48; 0,475; 0,473; 0,475; 0,475; 0,473; 0,474; 0,475; 0,475; 0,475; 0,475; 0,475; 0,475; 0,475; 0,475; 0,475; 0,48; 0,475; 0,475; 0,475; 0,475; 0,475; 0,475; 0,475; 0; 0; 0; 0; 0,365; 0,475; 0,475; 0,455; 0,475; 0,225; 0,415; 0,051; ","unit":"\u043a\u043c","city":"\u041a\u0440\u0430\u0441\u043d\u043e\u0434\u0430\u0440","company_id":"19805","company_name":"\u041e\u041e\u041e \u0422\u0414 \"\u042e\u0436\u043d\u0430\u044f \u043a\u0430\u0431\u0435\u043b\u044c\u043d\u0430\u044f \u043a\u043e\u043c\u043f\u0430\u043d\u0438\u044f\""},{"name":"\u0410\u0421\u0411\u043b 3\u0445240 - 10 (\u041e\u0416)","amount":"0,515","amount_parts":"","unit":"\u043a\u043c","city":"\u041d\u0438\u0436\u043d\u0438\u0439 \u041d\u043e\u0432\u0433\u043e\u0440\u043e\u0434","company_id":"5022","company_name":"\u041e\u041e\u041e \u0422\u0414 \u0423\u043d\u043a\u043e\u043c\u0442\u0435\u0445"},{"name":"\u0410\u0421\u0411\u043b 3\u0445240 - 10 (\u041e\u0416)","amount":"2,99","amount_parts":"0,515; 0,4; 0,04; 0; 0,51; 0,52; 0,5; 0,505; 0; 0; ","unit":"\u043a\u043c","city":"\u041a\u0440\u0430\u0441\u043d\u043e\u0434\u0430\u0440","company_id":"19805","company_name":"\u041e\u041e\u041e \u0422\u0414 \"\u042e\u0436\u043d\u0430\u044f \u043a\u0430\u0431\u0435\u043b\u044c\u043d\u0430\u044f \u043a\u043e\u043c\u043f\u0430\u043d\u0438\u044f\""},{"name":"\u0410\u0421\u0411\u043b 3\u0445240 - 10 (\u041e\u0416)","amount":"1,544","amount_parts":"","unit":"\u043a\u043c","city":"\u041a\u0440\u0430\u0441\u043d\u043e\u0434\u0430\u0440","company_id":"10873","company_name":"\u0422\u0414 \u042e\u0433\u0442\u0435\u043b\u0435\u043a\u0430\u0431\u0435\u043b\u044c"},{"name":"\u0410\u0421\u0411\u043b 3\u0445240 - 6 (\u043c\u043d)","amount":"0,425","amount_parts":"","unit":"\u043a\u043c","city":"\u041a\u0440\u0430\u0441\u043d\u043e\u0434\u0430\u0440","company_id":"19805","company_name":"\u041e\u041e\u041e \u0422\u0414 \"\u042e\u0436\u043d\u0430\u044f \u043a\u0430\u0431\u0435\u043b\u044c\u043d\u0430\u044f \u043a\u043e\u043c\u043f\u0430\u043d\u0438\u044f\""},{"name":"\u0410\u0421\u0411\u043b 3\u0445240(\u043e\u0436)-10","amount":"2,074","amount_parts":"0,2; 0,527; 0,527; 0,52; 0,3; ","unit":"\u043a\u043c","city":"\u041a\u0440\u0430\u0441\u043d\u043e\u0434\u0430\u0440","company_id":"19805","company_name":"\u041e\u041e\u041e \u0422\u0414 \"\u042e\u0436\u043d\u0430\u044f \u043a\u0430\u0431\u0435\u043b\u044c\u043d\u0430\u044f \u043a\u043e\u043c\u043f\u0430\u043d\u0438\u044f\""},{"name":"\u0410\u0421\u0411\u043b 3\u0445240-10","amount":"0,05","amount_parts":"","unit":"\u043a\u043c","city":"\u0421\u0430\u043d\u043a\u0442-\u041f\u0435\u0442\u0435\u0440\u0431\u0443\u0440\u0433","company_id":"9328","company_name":"\u041e\u041e\u041e \u041a\u0430\u0431\u0435\u043b\u044c-\u0418\u041c\u041f\u042d\u041a\u0421"},{"name":"\u0410\u0421\u0411\u043b 3\u0445240-10","amount":"3,436","amount_parts":"0,11; 0,106; 0,115; 0,207; 0,055; 0,475; 0,475; 0,47; 0,47; 0,478; 0,475; ","unit":"\u043a\u043c","city":"\u041a\u0440\u0430\u0441\u043d\u043e\u0434\u0430\u0440","company_id":"19805","company_name":"\u041e\u041e\u041e \u0422\u0414 \"\u042e\u0436\u043d\u0430\u044f \u043a\u0430\u0431\u0435\u043b\u044c\u043d\u0430\u044f \u043a\u043e\u043c\u043f\u0430\u043d\u0438\u044f\""},{"name":"\u0410\u0421\u0411\u043b 3\u0445240-10 (\u043c\u043d)","amount":"6,138","amount_parts":"3\u04450,400; 0,485; 0,494; 0,420; 0,500; 0,440; 0,422; 0,413; 0,425;0,434; 0,430; 0,475;","unit":"\u043a\u043c","city":"\u041c\u043e\u0441\u043a\u0432\u0430","company_id":"8352","company_name":"\u041e\u041e\u041e \u0411\u0438\u0437\u043d\u0435\u0441-\u041a\u043e\u043d\u0442\u0440\u0430\u043a\u0442"},{"name":"\u0410\u0421\u0411\u043b 3\u0445240\u043c\u043d 10\u043a\u0412 \u0413\u041e\u0421\u0422","amount":"3,455","amount_parts":"","unit":"\u043a\u043c","city":"\u041c\u043e\u0441\u043a\u0432\u0430","company_id":"16301","company_name":"\u041e\u041e\u041e \u0418\u043d\u0442\u0435\u043b\u043b\u042d\u043b\u0435\u043a\u0442\u0440\u043e\u041a\u043e\u043c\u043f\u043b\u0435\u043a\u0442"},{"name":"\u0410\u0421\u0411\u043b 3\u0445240\u043e\u0436 10\u043a\u0412 \u0413\u041e\u0421\u0422","amount":"4,421","amount_parts":"","unit":"\u043a\u043c","city":"\u041c\u043e\u0441\u043a\u0432\u0430","company_id":"16301","company_name":"\u041e\u041e\u041e \u0418\u043d\u0442\u0435\u043b\u043b\u042d\u043b\u0435\u043a\u0442\u0440\u043e\u041a\u043e\u043c\u043f\u043b\u0435\u043a\u0442"}],"performedDatetime":"2014-08-09T07:10:50Z","authStatus":"0","accessDateEnd":""}
=====

select s.id, s.comp_id, s.title, s.quant, s.unit_id, s.comments, s.city from
		sklad_tovar s where visible=1 and (title like 'Асбл%' or title like '% Асбл%' or title like '%Асбл%' or title like '%Асбл%') order by  s.title LIMIT 40, 20
q2: select count(id) from sklad_tovar s where visible=1 and (title like 'Асбл%' or title like '% Асбл%' or title like '%Асбл%' or title like '%Асбл%')
 auth: 100 
=====
Query:
performedDatetime: 2014-08-09 07:10:54  0000
action: get_goods_data
sklad_user: Гость
appleId: 8CBC3429-2EFF-44DD-BB5F-79E87C85F75B
sklad_hash: 14632bbb0d414c24e154f9751d0c3b31
searchTerm: Асбл
resultsFrom: 3
sort: 0
cityFilter: 

=====
Response:
{"action":"get_goods_data","searchTerm":"\u0410\u0441\u0431\u043b","resultsFrom":3,"sort":0,"cityFilter":"","code":0,"resultsCount":"251","lastPage":0,"data":[{"name":"\u0410\u0421\u0411\u043b 3\u044535(\u043e\u0436)-10","amount":"0,29","amount_parts":"","unit":"\u043a\u043c","city":"\u041a\u0440\u0430\u0441\u043d\u043e\u0434\u0430\u0440","company_id":"19805","company_name":"\u041e\u041e\u041e \u0422\u0414 \"\u042e\u0436\u043d\u0430\u044f \u043a\u0430\u0431\u0435\u043b\u044c\u043d\u0430\u044f \u043a\u043e\u043c\u043f\u0430\u043d\u0438\u044f\""},{"name":"\u0410\u0421\u0411\u043b 3\u044550 (\u043e\u0436)-10","amount":"0,755","amount_parts":"0,675; 0,080","unit":"\u043a\u043c","city":"\u041c\u043e\u0441\u043a\u0432\u0430","company_id":"18682","company_name":"\u041e\u041e\u041e \"\u041a\u0430\u043c\u0441\u043a\u0438\u0439 \u043a\u0430\u0431\u0435\u043b\u044c\""},{"name":"\u0410\u0421\u0411\u043b 3\u044550 (\u043e\u0436)-10","amount":"0,82","amount_parts":"0,260; 0,560","unit":"\u043a\u043c","city":"\u041a\u0440\u0430\u0441\u043d\u043e\u0434\u0430\u0440","company_id":"18682","company_name":"\u041e\u041e\u041e \"\u041a\u0430\u043c\u0441\u043a\u0438\u0439 \u043a\u0430\u0431\u0435\u043b\u044c\""},{"name":"\u0410\u0421\u0411\u043b 3\u044550 - 10 (\u041e\u0416)","amount":"2,083","amount_parts":"0,85; 0,34; 0,64; 0,253; ","unit":"\u043a\u043c","city":"\u041a\u0440\u0430\u0441\u043d\u043e\u0434\u0430\u0440","company_id":"19805","company_name":"\u041e\u041e\u041e \u0422\u0414 \"\u042e\u0436\u043d\u0430\u044f \u043a\u0430\u0431\u0435\u043b\u044c\u043d\u0430\u044f \u043a\u043e\u043c\u043f\u0430\u043d\u0438\u044f\""},{"name":"\u0410\u0421\u0411\u043b 3\u044550(\u043e\u0436)-10","amount":"0,635","amount_parts":"0,2; 0,435; ","unit":"\u043a\u043c","city":"\u041a\u0440\u0430\u0441\u043d\u043e\u0434\u0430\u0440","company_id":"19805","company_name":"\u041e\u041e\u041e \u0422\u0414 \"\u042e\u0436\u043d\u0430\u044f \u043a\u0430\u0431\u0435\u043b\u044c\u043d\u0430\u044f \u043a\u043e\u043c\u043f\u0430\u043d\u0438\u044f\""},{"name":"\u0410\u0421\u0411\u043b 3\u044550- 10","amount":"0,019","amount_parts":"","unit":"\u043a\u043c","city":"\u041a\u0440\u0430\u0441\u043d\u043e\u0434\u0430\u0440","company_id":"10873","company_name":"\u0422\u0414 \u042e\u0433\u0442\u0435\u043b\u0435\u043a\u0430\u0431\u0435\u043b\u044c"},{"name":"\u0410\u0421\u0411\u043b 3\u044550-10","amount":"1,93","amount_parts":"0,615; 0,575; 0,74; ","unit":"\u043a\u043c","city":"\u041a\u0440\u0430\u0441\u043d\u043e\u0434\u0430\u0440","company_id":"19805","company_name":"\u041e\u041e\u041e \u0422\u0414 \"\u042e\u0436\u043d\u0430\u044f \u043a\u0430\u0431\u0435\u043b\u044c\u043d\u0430\u044f \u043a\u043e\u043c\u043f\u0430\u043d\u0438\u044f\""},{"name":"\u0410\u0421\u0411\u043b 3\u044570 (\u043e\u0436)-10","amount":"0,325","amount_parts":"","unit":"\u043a\u043c","city":"\u041a\u0440\u0430\u0441\u043d\u043e\u0434\u0430\u0440","company_id":"18682","company_name":"\u041e\u041e\u041e \"\u041a\u0430\u043c\u0441\u043a\u0438\u0439 \u043a\u0430\u0431\u0435\u043b\u044c\""},{"name":"\u0410\u0421\u0411\u043b 3\u044570 - 10 (\u043c\u043d)","amount":"0,82","amount_parts":"","unit":"\u043a\u043c","city":"\u041a\u0440\u0430\u0441\u043d\u043e\u0434\u0430\u0440","company_id":"19805","company_name":"\u041e\u041e\u041e \u0422\u0414 \"\u042e\u0436\u043d\u0430\u044f \u043a\u0430\u0431\u0435\u043b\u044c\u043d\u0430\u044f \u043a\u043e\u043c\u043f\u0430\u043d\u0438\u044f\""},{"name":"\u0410\u0421\u0411\u043b 3\u044570 - 10 (\u041e\u0416)","amount":"3,72","amount_parts":"0; 0,6; 0; 0; 0,45; 0,585; 0,6; 0,595; 0,58; 0,31; 0; 0; ","unit":"\u043a\u043c","city":"\u041a\u0440\u0430\u0441\u043d\u043e\u0434\u0430\u0440","company_id":"19805","company_name":"\u041e\u041e\u041e \u0422\u0414 \"\u042e\u0436\u043d\u0430\u044f \u043a\u0430\u0431\u0435\u043b\u044c\u043d\u0430\u044f \u043a\u043e\u043c\u043f\u0430\u043d\u0438\u044f\""},{"name":"\u0410\u0421\u0411\u043b 3\u044570 - 6 (\u041e\u0416)","amount":"0,485","amount_parts":"","unit":"\u043a\u043c","city":"\u041a\u0440\u0430\u0441\u043d\u043e\u0434\u0430\u0440","company_id":"19805","company_name":"\u041e\u041e\u041e \u0422\u0414 \"\u042e\u0436\u043d\u0430\u044f \u043a\u0430\u0431\u0435\u043b\u044c\u043d\u0430\u044f \u043a\u043e\u043c\u043f\u0430\u043d\u0438\u044f\""},{"name":"\u0410\u0421\u0411\u043b 3\u044570(\u043e\u0436)-10","amount":"0,775","amount_parts":"0,19; 0,17; 0,415; ","unit":"\u043a\u043c","city":"\u041a\u0440\u0430\u0441\u043d\u043e\u0434\u0430\u0440","company_id":"19805","company_name":"\u041e\u041e\u041e \u0422\u0414 \"\u042e\u0436\u043d\u0430\u044f \u043a\u0430\u0431\u0435\u043b\u044c\u043d\u0430\u044f \u043a\u043e\u043c\u043f\u0430\u043d\u0438\u044f\""},{"name":"\u0410\u0421\u0411\u043b 3\u044570-10","amount":"0,871","amount_parts":"0,116; 0,755; ","unit":"\u043a\u043c","city":"\u041a\u0440\u0430\u0441\u043d\u043e\u0434\u0430\u0440","company_id":"19805","company_name":"\u041e\u041e\u041e \u0422\u0414 \"\u042e\u0436\u043d\u0430\u044f \u043a\u0430\u0431\u0435\u043b\u044c\u043d\u0430\u044f \u043a\u043e\u043c\u043f\u0430\u043d\u0438\u044f\""},{"name":"\u0410\u0421\u0411\u043b 3\u044595 - 10 (\u043c\u043d)","amount":"3,485","amount_parts":"0,5; 0; 0; 0; 0; 0,565; 0; 0,57; 0,57; 0,57; 0; 0; 0,71; 0; ","unit":"\u043a\u043c","city":"\u041a\u0440\u0430\u0441\u043d\u043e\u0434\u0430\u0440","company_id":"19805","company_name":"\u041e\u041e\u041e \u0422\u0414 \"\u042e\u0436\u043d\u0430\u044f \u043a\u0430\u0431\u0435\u043b\u044c\u043d\u0430\u044f \u043a\u043e\u043c\u043f\u0430\u043d\u0438\u044f\""},{"name":"\u0410\u0421\u0411\u043b 3\u044595 - 10 (\u041e\u0416)","amount":"4,9","amount_parts":"0,6; 0; 0,45; 0,5; 0,5; 0,5; 0,46; 0,5; 0,46; 0,425; 0,505; ","unit":"\u043a\u043c","city":"\u041a\u0440\u0430\u0441\u043d\u043e\u0434\u0430\u0440","company_id":"19805","company_name":"\u041e\u041e\u041e \u0422\u0414 \"\u042e\u0436\u043d\u0430\u044f \u043a\u0430\u0431\u0435\u043b\u044c\u043d\u0430\u044f \u043a\u043e\u043c\u043f\u0430\u043d\u0438\u044f\""},{"name":"\u0410\u0421\u0411\u043b 3\u044595 - 6 (\u043c\u043d)","amount":"0,411","amount_parts":"","unit":"\u043a\u043c","city":"\u041a\u0440\u0430\u0441\u043d\u043e\u0434\u0430\u0440","company_id":"19805","company_name":"\u041e\u041e\u041e \u0422\u0414 \"\u042e\u0436\u043d\u0430\u044f \u043a\u0430\u0431\u0435\u043b\u044c\u043d\u0430\u044f \u043a\u043e\u043c\u043f\u0430\u043d\u0438\u044f\""},{"name":"\u0410\u0421\u0411\u043b 3\u044595(\u043e\u0436)-10","amount":"0,6","amount_parts":"","unit":"\u043a\u043c","city":"\u041a\u0440\u0430\u0441\u043d\u043e\u0434\u0430\u0440","company_id":"19805","company_name":"\u041e\u041e\u041e \u0422\u0414 \"\u042e\u0436\u043d\u0430\u044f \u043a\u0430\u0431\u0435\u043b\u044c\u043d\u0430\u044f \u043a\u043e\u043c\u043f\u0430\u043d\u0438\u044f\""},{"name":"\u0410\u0421\u0411\u043b 3\u044595-10","amount":"0,211","amount_parts":"","unit":"\u043a\u043c","city":"\u041a\u0440\u0430\u0441\u043d\u043e\u0434\u0430\u0440","company_id":"19805","company_name":"\u041e\u041e\u041e \u0422\u0414 \"\u042e\u0436\u043d\u0430\u044f \u043a\u0430\u0431\u0435\u043b\u044c\u043d\u0430\u044f \u043a\u043e\u043c\u043f\u0430\u043d\u0438\u044f\""},{"name":"\u0410\u0421\u0411\u043b 4x120-1 \u043a\u0412","amount":"0,615","amount_parts":"","unit":"\u043a\u043c","city":"\u041a\u0440\u0430\u0441\u043d\u043e\u0434\u0430\u0440","company_id":"4151","company_name":"\u041e\u041e\u041e \u042d\u043b\u0435\u043a\u0442\u0440\u043e\u0442\u0435\u0445\u043d\u0438\u0447\u0435\u0441\u043a\u0430\u044f \u043a\u043e\u043c\u043f\u0430\u043d\u0438\u044f"},{"name":"\u0410\u0421\u0411\u043b 4x35-1 \u043a\u0412","amount":"0,267","amount_parts":"","unit":"\u043a\u043c","city":"\u041a\u0440\u0430\u0441\u043d\u043e\u0434\u0430\u0440","company_id":"4151","company_name":"\u041e\u041e\u041e \u042d\u043b\u0435\u043a\u0442\u0440\u043e\u0442\u0435\u0445\u043d\u0438\u0447\u0435\u0441\u043a\u0430\u044f \u043a\u043e\u043c\u043f\u0430\u043d\u0438\u044f"}],"performedDatetime":"2014-08-09T07:10:53Z","authStatus":"0","accessDateEnd":""}
=====

select s.id, s.comp_id, s.title, s.quant, s.unit_id, s.comments, s.city from
		sklad_tovar s where visible=1 and (title like 'Асбл%' or title like '% Асбл%' or title like '%Асбл%' or title like '%Асбл%') order by  s.title LIMIT 60, 20
q2: select count(id) from sklad_tovar s where visible=1 and (title like 'Асбл%' or title like '% Асбл%' or title like '%Асбл%' or title like '%Асбл%')
 auth: 100 
=====
Query:
performedDatetime: 2014-08-09 07:11:01  0000
action: get_goods_data
sklad_user: Гость
appleId: 8CBC3429-2EFF-44DD-BB5F-79E87C85F75B
sklad_hash: 14632bbb0d414c24e154f9751d0c3b31
searchTerm: Асбл
resultsFrom: 4
sort: 0
cityFilter: 

=====
Response:
{"action":"get_goods_data","searchTerm":"\u0410\u0441\u0431\u043b","resultsFrom":4,"sort":0,"cityFilter":"","code":0,"resultsCount":"251","lastPage":0,"data":[{"name":"\u0410\u0421\u0411\u043b 4x95-1 \u043a\u0412","amount":"0,02","amount_parts":"","unit":"\u043a\u043c","city":"\u041a\u0440\u0430\u0441\u043d\u043e\u0434\u0430\u0440","company_id":"4151","company_name":"\u041e\u041e\u041e \u042d\u043b\u0435\u043a\u0442\u0440\u043e\u0442\u0435\u0445\u043d\u0438\u0447\u0435\u0441\u043a\u0430\u044f \u043a\u043e\u043c\u043f\u0430\u043d\u0438\u044f"},{"name":"\u0410\u0421\u0411\u043b 4\u0445120 (\u043e\u0436)-1","amount":"0,055","amount_parts":"","unit":"\u043a\u043c","city":"\u041f\u0435\u0440\u043c\u044c","company_id":"18682","company_name":"\u041e\u041e\u041e \"\u041a\u0430\u043c\u0441\u043a\u0438\u0439 \u043a\u0430\u0431\u0435\u043b\u044c\""},{"name":"\u0410\u0421\u0411\u043b 4\u0445120 - 1 (\u043c\u043d)","amount":"0,51","amount_parts":"","unit":"\u043a\u043c","city":"\u041a\u0440\u0430\u0441\u043d\u043e\u0434\u0430\u0440","company_id":"19805","company_name":"\u041e\u041e\u041e \u0422\u0414 \"\u042e\u0436\u043d\u0430\u044f \u043a\u0430\u0431\u0435\u043b\u044c\u043d\u0430\u044f \u043a\u043e\u043c\u043f\u0430\u043d\u0438\u044f\""},{"name":"\u0410\u0421\u0411\u043b 4\u0445120 -1","amount":"1,01","amount_parts":"0,510; 0,500","unit":"\u043a\u043c","city":"\u041c\u043e\u0441\u043a\u0432\u0430","company_id":"18682","company_name":"\u041e\u041e\u041e \"\u041a\u0430\u043c\u0441\u043a\u0438\u0439 \u043a\u0430\u0431\u0435\u043b\u044c\""},{"name":"\u0410\u0421\u0411\u043b 4\u0445150","amount":"0,084","amount_parts":"","unit":"\u043a\u043c","city":"\u0421\u0430\u043d\u043a\u0442-\u041f\u0435\u0442\u0435\u0440\u0431\u0443\u0440\u0433","company_id":"16940","company_name":"\u041e\u041e\u041e \"\u041e\u043f\u0442\u0413\u0440\u0443\u043f\u043f\""},{"name":"\u0410\u0421\u0411\u043b 4\u0445150","amount":"0,084","amount_parts":"","unit":"\u043a\u043c","city":"\u041c\u043e\u0441\u043a\u0432\u0430","company_id":"22412","company_name":"\u041e\u041e\u041e \u041a\u041e\u0420\u041f\u041e\u0420\u0410\u0426\u0418\u042f \u0411\u0430\u043b\u0442\u041f\u0440\u043e\u043c\u041a\u043e\u043c\u043f\u043b\u0435\u043a\u0442"},{"name":"\u0410\u0421\u0411\u043b 4\u0445150 (\u043e\u0436)-1","amount":"0,03","amount_parts":"","unit":"\u043a\u043c","city":"\u041c\u043e\u0441\u043a\u0432\u0430","company_id":"18682","company_name":"\u041e\u041e\u041e \"\u041a\u0430\u043c\u0441\u043a\u0438\u0439 \u043a\u0430\u0431\u0435\u043b\u044c\""},{"name":"\u0410\u0421\u0411\u043b 4\u0445150 - 1 (\u043c\u043d)","amount":"0,53","amount_parts":"0,2; 0,33; ","unit":"\u043a\u043c","city":"\u041a\u0440\u0430\u0441\u043d\u043e\u0434\u0430\u0440","company_id":"19805","company_name":"\u041e\u041e\u041e \u0422\u0414 \"\u042e\u0436\u043d\u0430\u044f \u043a\u0430\u0431\u0435\u043b\u044c\u043d\u0430\u044f \u043a\u043e\u043c\u043f\u0430\u043d\u0438\u044f\""},{"name":"\u0410\u0421\u0411\u043b 4\u0445150-1","amount":"0,27","amount_parts":"","unit":"\u043a\u043c","city":"\u041a\u0440\u0430\u0441\u043d\u043e\u0434\u0430\u0440","company_id":"19805","company_name":"\u041e\u041e\u041e \u0422\u0414 \"\u042e\u0436\u043d\u0430\u044f \u043a\u0430\u0431\u0435\u043b\u044c\u043d\u0430\u044f \u043a\u043e\u043c\u043f\u0430\u043d\u0438\u044f\""},{"name":"\u0410\u0421\u0411\u043b 4\u0445185 - 1 (\u043c\u043d)","amount":"0,25","amount_parts":"","unit":"\u043a\u043c","city":"\u041a\u0440\u0430\u0441\u043d\u043e\u0434\u0430\u0440","company_id":"19805","company_name":"\u041e\u041e\u041e \u0422\u0414 \"\u042e\u0436\u043d\u0430\u044f \u043a\u0430\u0431\u0435\u043b\u044c\u043d\u0430\u044f \u043a\u043e\u043c\u043f\u0430\u043d\u0438\u044f\""},{"name":"\u0410\u0421\u0411\u043b 4\u0445240(\u043e\u0436)-1","amount":"0,019","amount_parts":"","unit":"\u043a\u043c","city":"\u0421\u0430\u043d\u043a\u0442-\u041f\u0435\u0442\u0435\u0440\u0431\u0443\u0440\u0433","company_id":"9328","company_name":"\u041e\u041e\u041e \u041a\u0430\u0431\u0435\u043b\u044c-\u0418\u041c\u041f\u042d\u041a\u0421"},{"name":"\u0410\u0421\u0411\u043b 4\u0445240-1","amount":"0,283","amount_parts":"","unit":"\u043a\u043c","city":"\u041f\u0435\u0440\u043c\u044c","company_id":"10969","company_name":"\u041e\u041e\u041e \u0410\u0428\u0422\u0420\u0415\u0412\u0415\u041b"},{"name":"\u0410\u0421\u0411\u043b 4\u0445240-1","amount":"0,18","amount_parts":"","unit":"\u043a\u043c","city":"\u041a\u0440\u0430\u0441\u043d\u043e\u0434\u0430\u0440","company_id":"19805","company_name":"\u041e\u041e\u041e \u0422\u0414 \"\u042e\u0436\u043d\u0430\u044f \u043a\u0430\u0431\u0435\u043b\u044c\u043d\u0430\u044f \u043a\u043e\u043c\u043f\u0430\u043d\u0438\u044f\""},{"name":"\u0410\u0421\u0411\u043b 4\u044570 - 1 (\u043c\u043d)","amount":"0,308","amount_parts":"","unit":"\u043a\u043c","city":"\u041a\u0440\u0430\u0441\u043d\u043e\u0434\u0430\u0440","company_id":"19805","company_name":"\u041e\u041e\u041e \u0422\u0414 \"\u042e\u0436\u043d\u0430\u044f \u043a\u0430\u0431\u0435\u043b\u044c\u043d\u0430\u044f \u043a\u043e\u043c\u043f\u0430\u043d\u0438\u044f\""},{"name":"\u0410\u0421\u0411\u043b 4\u044595 (\u043e\u0436)-1","amount":"0,146","amount_parts":"","unit":"\u043a\u043c","city":"\u041c\u043e\u0441\u043a\u0432\u0430","company_id":"18682","company_name":"\u041e\u041e\u041e \"\u041a\u0430\u043c\u0441\u043a\u0438\u0439 \u043a\u0430\u0431\u0435\u043b\u044c\""},{"name":"\u0410\u0421\u0411\u043b 4\u044595 - 1 (\u043c\u043d)","amount":"0,14","amount_parts":"","unit":"\u043a\u043c","city":"\u041a\u0440\u0430\u0441\u043d\u043e\u0434\u0430\u0440","company_id":"19805","company_name":"\u041e\u041e\u041e \u0422\u0414 \"\u042e\u0436\u043d\u0430\u044f \u043a\u0430\u0431\u0435\u043b\u044c\u043d\u0430\u044f \u043a\u043e\u043c\u043f\u0430\u043d\u0438\u044f\""},{"name":"\u0410\u0421\u0411\u043b 6\u043a\u0432 3\u044595","amount":"0,171","amount_parts":"","unit":"\u043a\u043c","city":"\u041c\u043e\u0441\u043a\u0432\u0430","company_id":"15976","company_name":"\u041e\u041e\u041e \u041a\u0430\u0431\u0435\u043b\u044c\u043d\u0430\u044f \u043a\u043e\u043c\u043f\u0430\u043d\u0438\u044f \u042d\u0420\u041c\u0410\u041d\u041e"},{"name":"\u0410\u0421\u0411\u043b- 1 4\u044595","amount":"0,32","amount_parts":"","unit":"\u043a\u043c","city":"\u0427\u0435\u043b\u044f\u0431\u0438\u043d\u0441\u043a","company_id":"12455","company_name":"\u041e\u041e\u041e \u042e\u0436\u0443\u0440\u0430\u043b\u043a\u0430\u0431\u0435\u043b\u044c"},{"name":"\u0410\u0421\u0411\u043b- 10 3\u0445120","amount":"0,63","amount_parts":"","unit":"\u043a\u043c","city":"\u041c\u043e\u0441\u043a\u0432\u0430","company_id":"7234","company_name":"\u041e\u041e\u041e SV \u041a\u0430\u0431\u0435\u043b\u044c"},{"name":"\u0410\u0421\u0411\u043b- 10 3\u0445240","amount":"1,5","amount_parts":"","unit":"\u043a\u043c","city":"\u041c\u043e\u0441\u043a\u0432\u0430","company_id":"7234","company_name":"\u041e\u041e\u041e SV \u041a\u0430\u0431\u0435\u043b\u044c"}],"performedDatetime":"2014-08-09T07:11:00Z","authStatus":"0","accessDateEnd":""}
=====

select s.id, s.comp_id, s.title, s.quant, s.unit_id, s.comments, s.city from
		sklad_tovar s where visible=1 and (title like 'Асбл%' or title like '% Асбл%' or title like '%Асбл%' or title like '%Асбл%') order by  s.title LIMIT 80, 20
q2: select count(id) from sklad_tovar s where visible=1 and (title like 'Асбл%' or title like '% Асбл%' or title like '%Асбл%' or title like '%Асбл%')
 auth: 100 
=====
Query:
performedDatetime: 2014-08-09 07:11:04  0000
action: get_goods_data
sklad_user: Гость
appleId: 8CBC3429-2EFF-44DD-BB5F-79E87C85F75B
sklad_hash: 14632bbb0d414c24e154f9751d0c3b31
searchTerm: Асбл
resultsFrom: 5
sort: 0
cityFilter: 

=====
Response:
{"action":"get_goods_data","searchTerm":"\u0410\u0441\u0431\u043b","resultsFrom":5,"sort":0,"cityFilter":"","code":0,"resultsCount":"251","lastPage":0,"data":[{"name":"\u0410\u0421\u0411\u043b-1 (\u043c\u043d) 4\u0445240","amount":"0,415","amount_parts":"","unit":"\u043a\u043c","city":"\u041c\u043e\u0441\u043a\u0432\u0430","company_id":"1032","company_name":"\u041e\u041e\u041e \u0413\u041a \"\u041a\u0430\u0431\u0435\u043b\u044c\u0441\u0442\u0440\u043e\u0439\u0441\u0435\u0440\u0432\u0438\u0441\""},{"name":"\u0410\u0421\u0411\u043b-1 1\u0445625","amount":"0,4","amount_parts":"","unit":"\u043a\u043c","city":"\u041f\u0435\u0440\u043c\u044c","company_id":"17570","company_name":"\u041e\u041e\u041e \u042d\u043b\u0435\u043a\u0442\u0440\u043e\u0422\u0435\u0445\u041a\u0430\u0431\u0435\u043b\u044c"},{"name":"\u0410\u0421\u0411\u043b-1 1\u0445625","amount":"0,457","amount_parts":"0,25; 0,207; ","unit":"\u043a\u043c","city":"\u041f\u0435\u0440\u043c\u044c","company_id":"19481","company_name":"\u041e\u041e\u041e \u041f\u0440\u043e\u043c\u042d\u043b\u0435\u043a\u0442\u0440\u043e\u041a\u043e\u043c\u043f\u043b\u0435\u043a\u0442"},{"name":"\u0410\u0421\u0411\u043b-1 1\u0445625","amount":"0,332","amount_parts":"","unit":"\u043a\u043c","city":"\u041f\u0435\u0440\u043c\u044c","company_id":"11082","company_name":"\u041e\u041e\u041e \u0421\u0442\u0440\u043e\u0439\u043a\u0430\u0431\u0435\u043b\u044c"},{"name":"\u0410\u0421\u0411\u043b-1 3\u044570","amount":"0,1","amount_parts":"","unit":"\u043a\u043c","city":"\u041f\u0435\u0440\u043c\u044c","company_id":"17570","company_name":"\u041e\u041e\u041e \u042d\u043b\u0435\u043a\u0442\u0440\u043e\u0422\u0435\u0445\u041a\u0430\u0431\u0435\u043b\u044c"},{"name":"\u0410\u0421\u0411\u043b-1 4\u0445120 \u043c\u043d","amount":"0,047","amount_parts":"","unit":"\u043a\u043c","city":"\u041c\u043e\u0441\u043a\u0432\u0430","company_id":"140","company_name":"\u041e\u041e\u041e \u042d\u0422\u041c\u0421"},{"name":"\u0410\u0421\u0411\u043b-1 4\u0445120 \u043e\u0436","amount":"0,142","amount_parts":"","unit":"\u043a\u043c","city":"\u041d\u043e\u0432\u043e\u043c\u043e\u0441\u043a\u043e\u0432\u0441\u043a","company_id":"16985","company_name":"\u041e\u041e\u041e \"\u041d\u043e\u0432\u0440\u0435\u043c\u0434\u043e\u0440\u043c\u0430\u0448\""},{"name":"\u0410\u0421\u0411\u043b-1 4\u0445120 \u043e\u0436","amount":"0,59","amount_parts":"0,35; 0,24; ","unit":"\u043a\u043c","city":"\u041c\u043e\u0441\u043a\u0432\u0430","company_id":"140","company_name":"\u041e\u041e\u041e \u042d\u0422\u041c\u0421"},{"name":"\u0410\u0421\u0411\u043b-1 4\u0445120 \u043e\u0436","amount":"0,06","amount_parts":"","unit":"\u043a\u043c","city":"\u041f\u0435\u0440\u043c\u044c","company_id":"16985","company_name":"\u041e\u041e\u041e \"\u041d\u043e\u0432\u0440\u0435\u043c\u0434\u043e\u0440\u043c\u0430\u0448\""},{"name":"\u0410\u0421\u0411\u043b-1 4\u0445120(\u043c\u043d)","amount":"0,434","amount_parts":"0,29; 0,144; ","unit":"\u043a\u043c","city":"\u041c\u043e\u0441\u043a\u0432\u0430","company_id":"6306","company_name":"\u0417\u0410\u041e \"\u041a\u0430\u0431\u0435\u043b\u044c\u0441\u043d\u0430\u0431\""},{"name":"\u0410\u0421\u0411\u043b-1 4\u0445150","amount":"0,198","amount_parts":"","unit":"\u043a\u043c","city":"\u0415\u043a\u0430\u0442\u0435\u0440\u0438\u043d\u0431\u0443\u0440\u0433","company_id":"6765","company_name":"\u0410\u043d\u0434\u0440\u0435\u0439 \u0415\u043a\u0430\u0442\u0435\u0440\u0438\u043d\u0431\u0443\u0440\u0433"},{"name":"\u0410\u0421\u0411\u043b-1 4\u0445150","amount":"0,198","amount_parts":"","unit":"\u043a\u043c","city":"\u0415\u043a\u0430\u0442\u0435\u0440\u0438\u043d\u0431\u0443\u0440\u0433","company_id":"8500","company_name":"\u041e\u041e\u041e \u041c\u0435\u0436\u0440\u0435\u0433\u0438\u043e\u043d\u0430\u043b\u044c\u043d\u0430\u044f \u043a\u0430\u0431\u0435\u043b\u044c\u043d\u0430\u044f \u043a\u043e\u043c\u043f\u0430\u043d\u0438\u044f"},{"name":"\u0410\u0421\u0411\u043b-1 4\u0445150 \u043e\u0436","amount":"0,105","amount_parts":"","unit":"\u043a\u043c","city":"\u041d\u043e\u0432\u043e\u043c\u043e\u0441\u043a\u043e\u0432\u0441\u043a","company_id":"16985","company_name":"\u041e\u041e\u041e \"\u041d\u043e\u0432\u0440\u0435\u043c\u0434\u043e\u0440\u043c\u0430\u0448\""},{"name":"\u0410\u0421\u0411\u043b-1 4\u0445150 \u043e\u0436","amount":"1,49","amount_parts":"0.755; 0.05; 0.102; 0.152; 0.431; ","unit":"\u043a\u043c","city":"\u041f\u0435\u0440\u043c\u044c","company_id":"16985","company_name":"\u041e\u041e\u041e \"\u041d\u043e\u0432\u0440\u0435\u043c\u0434\u043e\u0440\u043c\u0430\u0448\""},{"name":"\u0410\u0421\u0411\u043b-1 4\u0445185","amount":"0,095","amount_parts":"","unit":"\u043a\u043c","city":"\u0415\u043a\u0430\u0442\u0435\u0440\u0438\u043d\u0431\u0443\u0440\u0433","company_id":"6765","company_name":"\u0410\u043d\u0434\u0440\u0435\u0439 \u0415\u043a\u0430\u0442\u0435\u0440\u0438\u043d\u0431\u0443\u0440\u0433"},{"name":"\u0410\u0421\u0411\u043b-1 4\u0445185","amount":"0,02","amount_parts":"","unit":"\u043a\u043c","city":"\u041c\u043e\u0441\u043a\u0432\u0430","company_id":"8256","company_name":"\u041e\u041e\u041e \u0410\u0432\u0430\u043b\u043e\u043d-\u041a\u0430\u0431\u0435\u043b\u044c"},{"name":"\u0410\u0421\u0411\u043b-1 4\u0445185","amount":"0,095","amount_parts":"","unit":"\u043a\u043c","city":"\u0415\u043a\u0430\u0442\u0435\u0440\u0438\u043d\u0431\u0443\u0440\u0433","company_id":"8500","company_name":"\u041e\u041e\u041e \u041c\u0435\u0436\u0440\u0435\u0433\u0438\u043e\u043d\u0430\u043b\u044c\u043d\u0430\u044f \u043a\u0430\u0431\u0435\u043b\u044c\u043d\u0430\u044f \u043a\u043e\u043c\u043f\u0430\u043d\u0438\u044f"},{"name":"\u0410\u0421\u0411\u043b-1 4\u0445185 \u043c\u043d","amount":"0,185","amount_parts":"0,055; 0,055; 0,075; ","unit":"\u043a\u043c","city":"\u041c\u043e\u0441\u043a\u0432\u0430","company_id":"140","company_name":"\u041e\u041e\u041e \u042d\u0422\u041c\u0421"},{"name":"\u0410\u0421\u0411\u043b-1 4\u0445185 \u043e\u0436","amount":"0,829","amount_parts":"0,505; 0,324; ","unit":"\u043a\u043c","city":"\u041d\u043e\u0432\u043e\u043c\u043e\u0441\u043a\u043e\u0432\u0441\u043a","company_id":"16985","company_name":"\u041e\u041e\u041e \"\u041d\u043e\u0432\u0440\u0435\u043c\u0434\u043e\u0440\u043c\u0430\u0448\""},{"name":"\u0410\u0421\u0411\u043b-1 4\u0445185 \u043e\u0436","amount":"0,237","amount_parts":"0.1; 0.137; ","unit":"\u043a\u043c","city":"\u041f\u0435\u0440\u043c\u044c","company_id":"16985","company_name":"\u041e\u041e\u041e \"\u041d\u043e\u0432\u0440\u0435\u043c\u0434\u043e\u0440\u043c\u0430\u0448\""}],"performedDatetime":"2014-08-09T07:11:04Z","authStatus":"0","accessDateEnd":""}
=====

select s.id, s.comp_id, s.title, s.quant, s.unit_id, s.comments, s.city from
		sklad_tovar s where visible=1 and (title like 'Асбл%' or title like '% Асбл%' or title like '%Асбл%' or title like '%Асбл%') order by  s.title LIMIT 100, 20
q2: select count(id) from sklad_tovar s where visible=1 and (title like 'Асбл%' or title like '% Асбл%' or title like '%Асбл%' or title like '%Асбл%')
 auth: 100 
=====
