Query:
performedDatetime: 2014-07-22 07:51:54  0000
action: get_text

=====
Response:
{"action":"get_text","code":0,"data":"","performedDatetime":"2014-07-22T07:52:01Z","authStatus":"10"}
=====


q2: 
 auth: 0 
=====
Query:
performedDatetime: 2014-07-22 09:20:11  0000
action: get_text

=====
Response:
{"action":"get_text","code":0,"data":"","performedDatetime":"2014-07-22T09:20:50Z","authStatus":"10"}
=====


q2: 
 auth: 0 
=====
Query:
performedDatetime: 2014-07-22 19:50:55  0000
action: get_text

=====
Response:
{"action":"get_text","code":0,"data":"","performedDatetime":"2014-07-22T19:50:56Z","authStatus":"10"}
=====


q2: 
 auth: 0 
=====
