Query:
performedDatetime: 2014-08-17 16:34:27  0000
action: get_text

=====
Response:
{"action":"get_text","code":0,"data":"","performedDatetime":"2014-08-17T16:34:28Z","authStatus":"10"}
=====


q2: 
 auth: 0 
=====
Query:
performedDatetime: 2014-08-17 16:34:36  0000
action: get_goods_data
sklad_user: Гость
appleId: 9C512901-484B-49BE-9F61-AA6C0FC611A6
sklad_hash: ec77d16a25253b36fd23ff664fb280cb
searchTerm: Ввг
resultsFrom: 0
sort: 0
cityFilter: 

=====
Response:
{"action":"get_goods_data","searchTerm":"\u0412\u0432\u0433","resultsFrom":0,"sort":0,"cityFilter":"","code":0,"resultsCount":"11042","lastPage":0,"data":[{"name":"NYCWY 0,6\/1\u043a\u0412 3\u044510RE10 - \u0412\u0412\u0413\u042d 3\u044510\/10","amount":"0,246","amount_parts":"","unit":"\u043a\u043c","city":"\u0415\u043a\u0430\u0442\u0435\u0440\u0438\u043d\u0431\u0443\u0440\u0433","company_id":"6765","company_name":"\u0410\u043d\u0434\u0440\u0435\u0439 \u0415\u043a\u0430\u0442\u0435\u0440\u0438\u043d\u0431\u0443\u0440\u0433"},{"name":"\u0412\u0412\u0413 (\u041a\u0430\u0431\u0435\u043b\u044c \u0441\u0438\u043b\u043e\u0432\u043e\u0439),","amount":"5,235","amount_parts":"","unit":"\u043a\u043c","city":"\u041c\u043e\u0441\u043a\u0432\u0430","company_id":"7655","company_name":"\u041e\u041e\u041e \u042d\u043b\u0442\u0435\u043a\u043e\u043c \u0422\u041a"},{"name":"\u0412\u0412\u0413 - 2\u04452,5 1\u043a\u0432","amount":"1,105","amount_parts":"","unit":"\u043a\u043c","city":"\u041c\u043e\u0441\u043a\u0432\u0430","company_id":"15976","company_name":"\u041e\u041e\u041e \u041a\u0430\u0431\u0435\u043b\u044c\u043d\u0430\u044f \u043a\u043e\u043c\u043f\u0430\u043d\u0438\u044f \u042d\u0420\u041c\u0410\u041d\u041e"},{"name":"\u0412\u0412\u0413 - \u041f 2\u04451,5","amount":"6,4","amount_parts":"","unit":"\u043a\u043c","city":"\u041a\u043e\u043b\u044c\u0447\u0443\u0433\u0438\u043d\u043e","company_id":"4131","company_name":"\u041e\u041e\u041e \"\u041c\u0435\u0442\u041a\u0430\u0431\u0421\u043e\u044e\u0437\""},{"name":"\u0412\u0412\u0413 - \u041f 3\u04451,5","amount":"0,6","amount_parts":"","unit":"\u043a\u043c","city":"\u041a\u043e\u043b\u044c\u0447\u0443\u0433\u0438\u043d\u043e","company_id":"4131","company_name":"\u041e\u041e\u041e \"\u041c\u0435\u0442\u041a\u0430\u0431\u0421\u043e\u044e\u0437\""},{"name":"\u0412\u0412\u0413 -0,66 2\u04451,5","amount":"19,45","amount_parts":"12,13; 7,32; ","unit":"\u043a\u043c","city":"\u041d\u0438\u0436\u043d\u0438\u0439 \u041d\u043e\u0432\u0433\u043e\u0440\u043e\u0434","company_id":"22212","company_name":"\u041e\u041e\u041e \"\u042d\u043b\u0435\u043a\u0442\u0440\u043e\u0442\u0435\u0445\u043d\u0438\u0447\u0435\u0441\u043a\u0430\u044f \u043a\u043e\u043c\u043f\u0430\u043d\u0438\u044f \"\u0422\u043e\u043b\u0435\u0434\u043e\""},{"name":"\u0412\u0412\u0413 -0,66 2\u04452,5","amount":"1,981","amount_parts":"1,441; 0,54; ","unit":"\u043a\u043c","city":"\u041d\u0438\u0436\u043d\u0438\u0439 \u041d\u043e\u0432\u0433\u043e\u0440\u043e\u0434","company_id":"22212","company_name":"\u041e\u041e\u041e \"\u042d\u043b\u0435\u043a\u0442\u0440\u043e\u0442\u0435\u0445\u043d\u0438\u0447\u0435\u0441\u043a\u0430\u044f \u043a\u043e\u043c\u043f\u0430\u043d\u0438\u044f \"\u0422\u043e\u043b\u0435\u0434\u043e\""},{"name":"\u0412\u0412\u0413 -0,66 2\u04454","amount":"1,16","amount_parts":"","unit":"\u043a\u043c","city":"\u041d\u0438\u0436\u043d\u0438\u0439 \u041d\u043e\u0432\u0433\u043e\u0440\u043e\u0434","company_id":"22212","company_name":"\u041e\u041e\u041e \"\u042d\u043b\u0435\u043a\u0442\u0440\u043e\u0442\u0435\u0445\u043d\u0438\u0447\u0435\u0441\u043a\u0430\u044f \u043a\u043e\u043c\u043f\u0430\u043d\u0438\u044f \"\u0422\u043e\u043b\u0435\u0434\u043e\""},{"name":"\u0412\u0412\u0413 -0,66 2\u04456","amount":"1,405","amount_parts":"","unit":"\u043a\u043c","city":"\u041d\u0438\u0436\u043d\u0438\u0439 \u041d\u043e\u0432\u0433\u043e\u0440\u043e\u0434","company_id":"22212","company_name":"\u041e\u041e\u041e \"\u042d\u043b\u0435\u043a\u0442\u0440\u043e\u0442\u0435\u0445\u043d\u0438\u0447\u0435\u0441\u043a\u0430\u044f \u043a\u043e\u043c\u043f\u0430\u043d\u0438\u044f \"\u0422\u043e\u043b\u0435\u0434\u043e\""},{"name":"\u0412\u0412\u0413 -0,66 3\u04451,5","amount":"28,131","amount_parts":"10,327; 17,804; ","unit":"\u043a\u043c","city":"\u041d\u0438\u0436\u043d\u0438\u0439 \u041d\u043e\u0432\u0433\u043e\u0440\u043e\u0434","company_id":"22212","company_name":"\u041e\u041e\u041e \"\u042d\u043b\u0435\u043a\u0442\u0440\u043e\u0442\u0435\u0445\u043d\u0438\u0447\u0435\u0441\u043a\u0430\u044f \u043a\u043e\u043c\u043f\u0430\u043d\u0438\u044f \"\u0422\u043e\u043b\u0435\u0434\u043e\""},{"name":"\u0412\u0412\u0413 -0,66 3\u04452,5","amount":"37,458","amount_parts":"20,58; 16,878; ","unit":"\u043a\u043c","city":"\u041d\u0438\u0436\u043d\u0438\u0439 \u041d\u043e\u0432\u0433\u043e\u0440\u043e\u0434","company_id":"22212","company_name":"\u041e\u041e\u041e \"\u042d\u043b\u0435\u043a\u0442\u0440\u043e\u0442\u0435\u0445\u043d\u0438\u0447\u0435\u0441\u043a\u0430\u044f \u043a\u043e\u043c\u043f\u0430\u043d\u0438\u044f \"\u0422\u043e\u043b\u0435\u0434\u043e\""},{"name":"\u0412\u0412\u0413 -0,66 3\u04454","amount":"2,256","amount_parts":"2,208; 0,048; ","unit":"\u043a\u043c","city":"\u041d\u0438\u0436\u043d\u0438\u0439 \u041d\u043e\u0432\u0433\u043e\u0440\u043e\u0434","company_id":"22212","company_name":"\u041e\u041e\u041e \"\u042d\u043b\u0435\u043a\u0442\u0440\u043e\u0442\u0435\u0445\u043d\u0438\u0447\u0435\u0441\u043a\u0430\u044f \u043a\u043e\u043c\u043f\u0430\u043d\u0438\u044f \"\u0422\u043e\u043b\u0435\u0434\u043e\""},{"name":"\u0412\u0412\u0413 -0,66 3\u04456","amount":"14,948","amount_parts":"8,237; 6,711; ","unit":"\u043a\u043c","city":"\u041d\u0438\u0436\u043d\u0438\u0439 \u041d\u043e\u0432\u0433\u043e\u0440\u043e\u0434","company_id":"22212","company_name":"\u041e\u041e\u041e \"\u042d\u043b\u0435\u043a\u0442\u0440\u043e\u0442\u0435\u0445\u043d\u0438\u0447\u0435\u0441\u043a\u0430\u044f \u043a\u043e\u043c\u043f\u0430\u043d\u0438\u044f \"\u0422\u043e\u043b\u0435\u0434\u043e\""},{"name":"\u0412\u0412\u0413 -0,66 4\u04451,5","amount":"6,988","amount_parts":"3,629; 3,359; ","unit":"\u043a\u043c","city":"\u041d\u0438\u0436\u043d\u0438\u0439 \u041d\u043e\u0432\u0433\u043e\u0440\u043e\u0434","company_id":"22212","company_name":"\u041e\u041e\u041e \"\u042d\u043b\u0435\u043a\u0442\u0440\u043e\u0442\u0435\u0445\u043d\u0438\u0447\u0435\u0441\u043a\u0430\u044f \u043a\u043e\u043c\u043f\u0430\u043d\u0438\u044f \"\u0422\u043e\u043b\u0435\u0434\u043e\""},{"name":"\u0412\u0412\u0413 -0,66 4\u04452,5","amount":"1,56","amount_parts":"1,213; 0,347; ","unit":"\u043a\u043c","city":"\u041d\u0438\u0436\u043d\u0438\u0439 \u041d\u043e\u0432\u0433\u043e\u0440\u043e\u0434","company_id":"22212","company_name":"\u041e\u041e\u041e \"\u042d\u043b\u0435\u043a\u0442\u0440\u043e\u0442\u0435\u0445\u043d\u0438\u0447\u0435\u0441\u043a\u0430\u044f \u043a\u043e\u043c\u043f\u0430\u043d\u0438\u044f \"\u0422\u043e\u043b\u0435\u0434\u043e\""},{"name":"\u0412\u0412\u0413 -0,66 4\u04454","amount":"5,541","amount_parts":"3,501; 2,04; ","unit":"\u043a\u043c","city":"\u041d\u0438\u0436\u043d\u0438\u0439 \u041d\u043e\u0432\u0433\u043e\u0440\u043e\u0434","company_id":"22212","company_name":"\u041e\u041e\u041e \"\u042d\u043b\u0435\u043a\u0442\u0440\u043e\u0442\u0435\u0445\u043d\u0438\u0447\u0435\u0441\u043a\u0430\u044f \u043a\u043e\u043c\u043f\u0430\u043d\u0438\u044f \"\u0422\u043e\u043b\u0435\u0434\u043e\""},{"name":"\u0412\u0412\u0413 -0,66 4\u04456","amount":"5,969","amount_parts":"4,701; 1,268; ","unit":"\u043a\u043c","city":"\u041d\u0438\u0436\u043d\u0438\u0439 \u041d\u043e\u0432\u0433\u043e\u0440\u043e\u0434","company_id":"22212","company_name":"\u041e\u041e\u041e \"\u042d\u043b\u0435\u043a\u0442\u0440\u043e\u0442\u0435\u0445\u043d\u0438\u0447\u0435\u0441\u043a\u0430\u044f \u043a\u043e\u043c\u043f\u0430\u043d\u0438\u044f \"\u0422\u043e\u043b\u0435\u0434\u043e\""},{"name":"\u0412\u0412\u0413 -0,66 5\u04451,5","amount":"8,263","amount_parts":"5,215; 3,048; ","unit":"\u043a\u043c","city":"\u041d\u0438\u0436\u043d\u0438\u0439 \u041d\u043e\u0432\u0433\u043e\u0440\u043e\u0434","company_id":"22212","company_name":"\u041e\u041e\u041e \"\u042d\u043b\u0435\u043a\u0442\u0440\u043e\u0442\u0435\u0445\u043d\u0438\u0447\u0435\u0441\u043a\u0430\u044f \u043a\u043e\u043c\u043f\u0430\u043d\u0438\u044f \"\u0422\u043e\u043b\u0435\u0434\u043e\""},{"name":"\u0412\u0412\u0413 -0,66 5\u04452,5","amount":"0,8","amount_parts":"0,057; 0,743; ","unit":"\u043a\u043c","city":"\u041d\u0438\u0436\u043d\u0438\u0439 \u041d\u043e\u0432\u0433\u043e\u0440\u043e\u0434","company_id":"22212","company_name":"\u041e\u041e\u041e \"\u042d\u043b\u0435\u043a\u0442\u0440\u043e\u0442\u0435\u0445\u043d\u0438\u0447\u0435\u0441\u043a\u0430\u044f \u043a\u043e\u043c\u043f\u0430\u043d\u0438\u044f \"\u0422\u043e\u043b\u0435\u0434\u043e\""},{"name":"\u0412\u0412\u0413 -0,66 5\u04454","amount":"4,781","amount_parts":"3,576; 1,205; ","unit":"\u043a\u043c","city":"\u041d\u0438\u0436\u043d\u0438\u0439 \u041d\u043e\u0432\u0433\u043e\u0440\u043e\u0434","company_id":"22212","company_name":"\u041e\u041e\u041e \"\u042d\u043b\u0435\u043a\u0442\u0440\u043e\u0442\u0435\u0445\u043d\u0438\u0447\u0435\u0441\u043a\u0430\u044f \u043a\u043e\u043c\u043f\u0430\u043d\u0438\u044f \"\u0422\u043e\u043b\u0435\u0434\u043e\""}],"performedDatetime":"2014-08-17T16:34:37Z","authStatus":"0","accessDateEnd":""}
=====

select s.id, s.comp_id, s.title, s.quant, s.unit_id, s.comments, s.city from
		sklad_tovar s where visible=1 and (title like 'Ввг%' or title like '% Ввг%') order by  s.title LIMIT 0, 20
q2: select count(id) from sklad_tovar s where visible=1 and (title like 'Ввг%' or title like '% Ввг%')
 auth: 100 
=====
Query:
performedDatetime: 2014-08-17 16:34:50  0000
action: get_goods_data
sklad_user: Гость
appleId: 9C512901-484B-49BE-9F61-AA6C0FC611A6
sklad_hash: ec77d16a25253b36fd23ff664fb280cb
searchTerm: Ввг
resultsFrom: 1
sort: 0
cityFilter: 

=====
Response:
{"action":"get_goods_data","searchTerm":"\u0412\u0432\u0433","resultsFrom":1,"sort":0,"cityFilter":"","code":0,"resultsCount":"11042","lastPage":0,"data":[{"name":"\u0412\u0412\u0413 -0,66 5\u04456","amount":"3,689","amount_parts":"1,775; 1,914; ","unit":"\u043a\u043c","city":"\u041d\u0438\u0436\u043d\u0438\u0439 \u041d\u043e\u0432\u0433\u043e\u0440\u043e\u0434","company_id":"22212","company_name":"\u041e\u041e\u041e \"\u042d\u043b\u0435\u043a\u0442\u0440\u043e\u0442\u0435\u0445\u043d\u0438\u0447\u0435\u0441\u043a\u0430\u044f \u043a\u043e\u043c\u043f\u0430\u043d\u0438\u044f \"\u0422\u043e\u043b\u0435\u0434\u043e\""},{"name":"\u0412\u0412\u0413 1x150-1 \u043a\u0412","amount":"0,56","amount_parts":"","unit":"\u043a\u043c","city":"\u041a\u0440\u0430\u0441\u043d\u043e\u0434\u0430\u0440","company_id":"4151","company_name":"\u041e\u041e\u041e \u042d\u043b\u0435\u043a\u0442\u0440\u043e\u0442\u0435\u0445\u043d\u0438\u0447\u0435\u0441\u043a\u0430\u044f \u043a\u043e\u043c\u043f\u0430\u043d\u0438\u044f"},{"name":"\u0412\u0412\u0413 1\u0445 70,0 (\u043c\u043d)","amount":"0,092","amount_parts":"","unit":"\u043a\u043c","city":"\u041c\u043e\u0441\u043a\u0432\u0430","company_id":"8585","company_name":"\u0417\u0410\u041e \u0426\u0415\u041d\u0422\u0420\u041a\u0410\u0411\u0415\u041b\u042c"},{"name":"\u0412\u0412\u0413 1\u04451,5","amount":"0,005","amount_parts":"","unit":"\u043a\u043c","city":"\u0421\u0430\u043d\u043a\u0442-\u041f\u0435\u0442\u0435\u0440\u0431\u0443\u0440\u0433","company_id":"16940","company_name":"\u041e\u041e\u041e \"\u041e\u043f\u0442\u0413\u0440\u0443\u043f\u043f\""},{"name":"\u0412\u0412\u0413 1\u04451,5","amount":"0,005","amount_parts":"","unit":"\u043a\u043c","city":"\u041c\u043e\u0441\u043a\u0432\u0430","company_id":"22412","company_name":"\u041e\u041e\u041e \u041a\u041e\u0420\u041f\u041e\u0420\u0410\u0426\u0418\u042f \u0411\u0430\u043b\u0442\u041f\u0440\u043e\u043c\u041a\u043e\u043c\u043f\u043b\u0435\u043a\u0442"},{"name":"\u0412\u0412\u0413 1\u04451,5 (\u043e\u0436)--0,66","amount":"0,2","amount_parts":"","unit":"\u043a\u043c","city":"\u041f\u0430\u0432\u043b\u043e\u0434\u0430\u0440","company_id":"7464","company_name":"\u0410\u041e \"\u041a\u0430\u0437\u044d\u043d\u0435\u0440\u0433\u043e\u043a\u0430\u0431\u0435\u043b\u044c\""},{"name":"\u0412\u0412\u0413 1\u04451,5 \u0431\u0435\u043b","amount":"0,75","amount_parts":"0,2; 0,247; 0,303; ","unit":"\u043a\u043c","city":"\u041d\u043e\u0432\u043e\u0441\u0438\u0431\u0438\u0440\u0441\u043a","company_id":"14419","company_name":"\u041e\u041e\u041e \u041a\u041e\u041c\u041f\u0410\u041d\u0418\u042f \u0417\u0410\u041f\u0421\u0418\u0411\u041a\u0410\u0411\u0415\u041b\u042c"},{"name":"\u0412\u0412\u0413 1\u04451,5 \u0431\u0435\u043b","amount":"0,75","amount_parts":"0,2; 0,247; 0,303; ","unit":"\u043a\u043c","city":"\u041d\u043e\u0432\u043e\u0441\u0438\u0431\u0438\u0440\u0441\u043a","company_id":"8749","company_name":"\u0417\u0430\u043f\u0441\u0438\u0431\u043a\u0430\u0431\u0435\u043b\u044c"},{"name":"\u0412\u0412\u0413 1\u04451,5 \u043a\u0440\u0430\u0441\u043d","amount":"0,773","amount_parts":"0,27; 0,503; ","unit":"\u043a\u043c","city":"\u041d\u043e\u0432\u043e\u0441\u0438\u0431\u0438\u0440\u0441\u043a","company_id":"14419","company_name":"\u041e\u041e\u041e \u041a\u041e\u041c\u041f\u0410\u041d\u0418\u042f \u0417\u0410\u041f\u0421\u0418\u0411\u041a\u0410\u0411\u0415\u041b\u042c"},{"name":"\u0412\u0412\u0413 1\u04451,5 \u043a\u0440\u0430\u0441\u043d","amount":"0,773","amount_parts":"0,27; 0,503; ","unit":"\u043a\u043c","city":"\u041d\u043e\u0432\u043e\u0441\u0438\u0431\u0438\u0440\u0441\u043a","company_id":"8749","company_name":"\u0417\u0430\u043f\u0441\u0438\u0431\u043a\u0430\u0431\u0435\u043b\u044c"},{"name":"\u0412\u0412\u0413 1\u04451,5 \u043e\u043a-0,66","amount":"0,1","amount_parts":"","unit":"\u043a\u043c","city":"\u041c\u0430\u0440\u0438\u0438\u043d\u0441\u043a\u0438\u0439 \u041f\u043e\u0441\u0430\u0434","company_id":"13463","company_name":"\u0417\u0410\u041e \u041c\u0430\u0440\u043f\u043e\u0441\u0430\u0434\u043a\u0430\u0431\u0435\u043b\u044c"},{"name":"\u0412\u0412\u0413 1\u04451,5 \u043e\u043a-0,66 (\u0431\u0435\u043b\u044b\u0439)","amount":"740","amount_parts":"","unit":"\u043a\u043c","city":"\u041c\u043e\u0441\u043a\u0432\u0430","company_id":"17265","company_name":"\u041e\u041e\u041e \"\u0421\u0420\u0421-\u042d\u043b\u0435\u043a\u0442\u0440\u043e\""},{"name":"\u0412\u0412\u0413 1\u04451.5","amount":"0,2","amount_parts":"","unit":"\u043a\u043c","city":"\u041a\u0440\u0430\u0441\u043d\u043e\u0434\u0430\u0440","company_id":"13148","company_name":"\u041e\u041e\u041e \u0418\u043d\u0442\u0435\u0440\u043a\u043e\u043c"},{"name":"\u0412\u0412\u0413 1\u044510","amount":"0,34","amount_parts":"","unit":"\u043a\u043c","city":"\u041c\u043e\u0441\u043a\u0432\u0430","company_id":"4864","company_name":"\u041e\u041e\u041e \u0423\u043d\u0438\u0432\u0435\u0440\u0441\u0438\u0442\u0435\u0442  \u0441\u0435\u0440\u0432\u0438\u0441"},{"name":"\u0412\u0412\u0413 1\u044510","amount":"0,07","amount_parts":"","unit":"\u043a\u043c","city":"\u041c\u043e\u0441\u043a\u0432\u0430","company_id":"22412","company_name":"\u041e\u041e\u041e \u041a\u041e\u0420\u041f\u041e\u0420\u0410\u0426\u0418\u042f \u0411\u0430\u043b\u0442\u041f\u0440\u043e\u043c\u041a\u043e\u043c\u043f\u043b\u0435\u043a\u0442"},{"name":"\u0412\u0412\u0413 1\u044510","amount":"0,451","amount_parts":"","unit":"\u043a\u043c","city":"\u041a\u0440\u0430\u0441\u043d\u043e\u044f\u0440\u0441\u043a","company_id":"8363","company_name":"\u041e\u041e\u041e \u0421\u0438\u0431\u0421\u0442\u0440\u043e\u0439\u0420\u0435\u0441\u0443\u0440\u0441 2000"},{"name":"\u0412\u0412\u0413 1\u044510","amount":"0,022","amount_parts":"","unit":"\u043a\u043c","city":"\u041f\u0435\u0440\u043c\u044c","company_id":"17640","company_name":"\u041e\u041e\u041e \"\u0415\u0432\u0440\u043e\u0441\u0442\u0440\u043e\u0439\""},{"name":"\u0412\u0412\u0413 1\u044510","amount":"0,07","amount_parts":"","unit":"\u043a\u043c","city":"\u0421\u0430\u043d\u043a\u0442-\u041f\u0435\u0442\u0435\u0440\u0431\u0443\u0440\u0433","company_id":"3660","company_name":"\u041e\u041e\u041e \u041a\u0430\u0431\u0435\u043b\u044c\u0413\u0440\u0443\u043f\u043f"},{"name":"\u0412\u0412\u0413 1\u044510","amount":"0,022","amount_parts":"","unit":"\u043a\u043c","city":"\u041f\u0435\u0440\u043c\u044c","company_id":"3601","company_name":"\u041e\u041e\u041e \"\u0422\u041c\u041a-\u042d\u041d\u0415\u0420\u0413\u041e\""},{"name":"\u0412\u0412\u0413 1\u044510","amount":"0,031","amount_parts":"","unit":"\u043a\u043c","city":"\u041f\u0435\u0440\u043c\u044c","company_id":"10969","company_name":"\u041e\u041e\u041e \u0410\u0428\u0422\u0420\u0415\u0412\u0415\u041b"}],"performedDatetime":"2014-08-17T16:34:50Z","authStatus":"0","accessDateEnd":""}
=====

select s.id, s.comp_id, s.title, s.quant, s.unit_id, s.comments, s.city from
		sklad_tovar s where visible=1 and (title like 'Ввг%' or title like '% Ввг%') order by  s.title LIMIT 20, 20
q2: select count(id) from sklad_tovar s where visible=1 and (title like 'Ввг%' or title like '% Ввг%')
 auth: 100 
=====
Query:
performedDatetime: 2014-08-17 16:34:54  0000
action: get_company_data
sklad_user: Гость
appleId: 9C512901-484B-49BE-9F61-AA6C0FC611A6
sklad_hash: ec77d16a25253b36fd23ff664fb280cb
company_id: 7464

=====
Response:
{"action":"get_company_data","code":0,"data":{"company_id":7464,"title":"\u0410\u041e \"\u041a\u0430\u0437\u044d\u043d\u0435\u0440\u0433\u043e\u043a\u0430\u0431\u0435\u043b\u044c\"","city":"\u041f\u0430\u0432\u043b\u043e\u0434\u0430\u0440","address":"140 000, \u041a\u0430\u0437\u0430\u0445\u0441\u0442\u0430\u043d, \u041f\u0430\u0432\u043b\u043e\u0434\u0430\u0440, \u0421\u0435\u0432\u0435\u0440\u043d\u0430\u044f \u043f\u0440\u043e\u043c\u0437\u043e\u043d\u0430","phone":"+77774584949","email":"kazarin@kazkabel.kz","url":"http:\/\/www.kazkabel.kz\/","contact":"\u041a\u0430\u0437\u0430\u0440\u0438\u043d \u0410\u043b\u0435\u043a\u0441\u0435\u0439 \u0410\u043b\u0435\u043a\u0441\u0430\u043d\u0434\u0440\u043e\u0432\u0438\u0447","goods_count":"1595","last_update":"23.07.2014"},"performedDatetime":"2014-08-17T16:34:54Z","authStatus":"0","accessDateEnd":""}
=====

select distinct city from sklad_tovar where comp_id= and city!='' order by city
q2: 
 auth: 100 
=====
Query:
performedDatetime: 2014-08-17 16:35:08  0000
action: check_user_rights
sklad_user: 
appleId: 9C512901-484B-49BE-9F61-AA6C0FC611A6
sklad_hash: ec77d16a25253b36fd23ff664fb280cb

=====
Response:
{"action":"check_user_rights","code":0,"performedDatetime":"2014-08-17T16:35:09Z","authStatus":"10"}
=====


q2: 
 auth: 0 
=====
Query:
performedDatetime: 2014-08-17 16:35:16  0000
action: get_text

=====
Response:
{"action":"get_text","code":0,"data":"","performedDatetime":"2014-08-17T16:35:16Z","authStatus":"10"}
=====


q2: 
 auth: 0 
=====
Query:
performedDatetime: 2014-08-17 16:35:33  0000
action: get_city_list

=====
Response:
{"action":"get_city_list","code":0,"data":["\u0410\u0440\u0445\u0430\u043d\u0433\u0435\u043b\u044c\u0441\u043a","\u0410\u0441\u0442\u0430\u043d\u0430","\u0412\u043e\u043b\u0433\u043e\u0433\u0440\u0430\u0434","\u0412\u043e\u043b\u043e\u0433\u0434\u0430","\u0412\u043e\u0440\u043e\u043d\u0435\u0436","\u0412\u043e\u0441\u043a\u0440\u0435\u0441\u0435\u043d\u0441\u043a","\u0433. \u041a\u0438\u0440\u043e\u0432","\u0415\u043a\u0430\u0442\u0435\u0440\u0438\u043d\u0431\u0443\u0440\u0433","\u0418\u0432\u0430\u043d\u043e\u0432\u043e","\u041a\u0430\u0437\u0430\u043d\u044c","\u041a\u0430\u043b\u0438\u043d\u0438\u043d\u0433\u0440\u0430\u0434","\u041a\u0438\u0440\u043e\u0432","\u041a\u043e\u043b\u044c\u0447\u0443\u0433\u0438\u043d\u043e","\u041a\u0440\u0430\u0441\u043d\u043e\u0434\u0430\u0440","\u041a\u0440\u0430\u0441\u043d\u043e\u044f\u0440\u0441\u043a","\u041a\u0443\u0440\u0441\u043a","\u041b\u0438\u043f\u0435\u0446\u043a","\u041b\u044b\u0441\u044c\u0432\u0430","\u041b\u044e\u0431\u0435\u0440\u0446\u044b","\u041b\u044e\u0434\u0438\u043d\u043e\u0432\u043e","\u041c\u0430\u0440\u0438\u0438\u043d\u0441\u043a\u0438\u0439 \u041f\u043e\u0441\u0430\u0434","\u041c\u043e\u0441\u043a\u0432\u0430","\u041c\u043e\u0441\u043a\u043e\u0432\u0441\u043a\u0430\u044f \u043e\u0431\u043b., \u0433. \u0425\u0438\u043c\u043a\u0438","\u041d\u0430\u0445\u0430\u0431\u0438\u043d\u043e","\u041d\u0438\u0436\u043d\u0438\u0439 \u041d\u043e\u0432\u0433\u043e\u0440\u043e\u0434","\u041d\u043e\u0432\u043e\u043c\u043e\u0441\u043a\u043e\u0432\u0441\u043a","\u041d\u043e\u0432\u043e\u0441\u0438\u0431\u0438\u0440\u0441\u043a","\u041d\u043e\u0433\u0438\u043d\u0441\u043a","\u041e\u043c\u0441\u043a","\u041f\u0430\u0432\u043b\u043e\u0434\u0430\u0440","\u041f\u0435\u0440\u043c\u044c","\u0420\u0435\u0443\u0442\u043e\u0432","\u0420\u043e\u0441\u0442\u043e\u0432","\u0420\u043e\u0441\u0442\u043e\u0432-\u043d\u0430-\u0414\u043e\u043d\u0443","\u0421\u0430\u043c\u0430\u0440\u0430","\u0421\u0430\u043d\u043a\u0442-\u041f\u0435\u0442\u0435\u0440\u0431\u0443\u0440\u0433","\u0421\u0430\u0440\u0430\u043d\u0441\u043a","\u0422\u0432\u0435\u0440\u044c","\u0422\u043e\u043c\u0441\u043a","\u0423\u0444\u0430","\u0425\u0430\u0431\u0430\u0440\u043e\u0432\u0441\u043a","\u0427\u0435\u0431\u043e\u043a\u0441\u0430\u0440\u044b","\u0427\u0435\u043b\u044f\u0431\u0438\u043d\u0441\u043a","\u042f\u0440\u043e\u0441\u043b\u0430\u0432\u043b\u044c"],"performedDatetime":"2014-08-17T16:35:34Z","authStatus":"10"}
=====

select distinct city from sklad_tovar where city != '' order by city
q2: 
 auth: 0 
=====
