Query:
performedDatetime: 2014-09-25 19:46:08  0000
action: check_user_rights
sklad_user: 
appleId: CC80BC81-8FEE-457A-B67D-63E4D42240F1
sklad_hash: d8562a3a4eb90a7495256f549c3b028c

=====
Response:
{"action":"check_user_rights","code":0,"performedDatetime":"2014-09-25T19:46:15Z","authStatus":"10"}
=====


q2: 
 auth: 0 
=====
Query:
performedDatetime: 2014-09-25 19:46:18  0000
action: get_text

=====
Response:
{"action":"get_text","code":0,"data":"<html><head><\/head><body><p style='font-family: 'Lucida Grande';font-weight: 400;'><i style='color:rgb(212,80,64)'>03.12.\u041a\u041e\u041d\u0424\u0415\u0420\u0415\u041d\u0426\u0418\u042f:\u0418\u043c\u043f\u043e\u0440\u0442\u043e\u0437\u0430\u043c\u0435\u0449\u0435\u043d\u0438\u0435 \u0432 \u043a\u0430\u0431\u0435\u043b\u044c\u043d\u043e\u0439 \u043f\u0440\u043e\u043c\u044b\u0448\u043b\u0435\u043d\u043d\u043e\u0441\u0442\u0438. \u041f\u043e\u0434\u0440\u043e\u0431\u043d\u0435\u0435: +7 495 2293336<\/i><\/p><\/body><\/html>","performedDatetime":"2014-09-25T19:46:24Z","authStatus":"10"}
=====


q2: 
 auth: 0 
=====
