Query:
performedDatetime: 2014-08-08 10:40:10  0000
action: get_text

=====
Response:
{"action":"get_text","code":0,"data":"","performedDatetime":"2014-08-08T10:40:11Z","authStatus":"10"}
=====


q2: 
 auth: 0 
=====
Query:
performedDatetime: 2014-08-08 10:40:21  0000
action: get_goods_data
sklad_user: Гость
appleId: 8CBC3429-2EFF-44DD-BB5F-79E87C85F75B
sklad_hash: 14632bbb0d414c24e154f9751d0c3b31
searchTerm: Вбв
resultsFrom: 0
sort: 0
cityFilter: 

=====
Response:
{"action":"get_goods_data","searchTerm":"\u0412\u0431\u0432","resultsFrom":0,"sort":0,"cityFilter":"","code":0,"resultsCount":"76","lastPage":0,"data":[{"name":"\u0412\u0411\u0412 2\u04454","amount":"0,038","amount_parts":"","unit":"\u043a\u043c","city":"\u041f\u0435\u0440\u043c\u044c","company_id":"17570","company_name":"\u041e\u041e\u041e \u042d\u043b\u0435\u043a\u0442\u0440\u043e\u0422\u0435\u0445\u041a\u0430\u0431\u0435\u043b\u044c"},{"name":"\u0412\u0411\u0412 \u043d\u0433 LS 4\u0445185 (\u0441\u0436 33) 1000\u0412","amount":"0,203","amount_parts":"","unit":"\u043a\u043c","city":"\u041b\u044e\u0434\u0438\u043d\u043e\u0432\u043e","company_id":"18613","company_name":"\u041b\u044e\u0434\u0438\u043d\u043e\u0432\u043e\u043a\u0430\u0431\u0435\u043b\u044c, \u0417\u0410\u041e \u00ab\u0410\u0442\u043e\u043b\u043b\u00bb"},{"name":"\u0412\u0411\u0412-6 3\u044550","amount":"0,1","amount_parts":"","unit":"\u043a\u043c","city":"\u041f\u0430\u0432\u043b\u043e\u0434\u0430\u0440","company_id":"7464","company_name":"\u0410\u041e \"\u041a\u0430\u0437\u044d\u043d\u0435\u0440\u0433\u043e\u043a\u0430\u0431\u0435\u043b\u044c\""},{"name":"\u0412\u0411\u0412\u043d\u0433 3\u04452,5","amount":"0,009","amount_parts":"","unit":"\u043a\u043c","city":"\u041c\u043e\u0441\u043a\u0432\u0430","company_id":"22412","company_name":"\u041e\u041e\u041e \u041a\u041e\u0420\u041f\u041e\u0420\u0410\u0426\u0418\u042f \u0411\u0430\u043b\u0442\u041f\u0440\u043e\u043c\u041a\u043e\u043c\u043f\u043b\u0435\u043a\u0442"},{"name":"\u0412\u0411\u0412\u043d\u0433 3\u04452,5","amount":"0,009","amount_parts":"","unit":"\u043a\u043c","city":"\u0421\u0430\u043d\u043a\u0442-\u041f\u0435\u0442\u0435\u0440\u0431\u0443\u0440\u0433","company_id":"16940","company_name":"\u041e\u041e\u041e \"\u041e\u043f\u0442\u0413\u0440\u0443\u043f\u043f\""},{"name":"\u0412\u0411\u0412\u043d\u0433 frls 4\u044516","amount":"349","amount_parts":"","unit":"\u043a\u043c","city":"\u041d\u043e\u0432\u043e\u0441\u0438\u0431\u0438\u0440\u0441\u043a","company_id":"11170","company_name":"\u041e\u041e\u041e \u0422\u0421\u041b"},{"name":"\u0412\u0411\u0412\u043d\u0433 LS 4\u044525","amount":"560","amount_parts":"","unit":"\u043a\u043c","city":"\u041d\u043e\u0432\u043e\u0441\u0438\u0431\u0438\u0440\u0441\u043a","company_id":"11170","company_name":"\u041e\u041e\u041e \u0422\u0421\u041b"},{"name":"\u0412\u0411\u0412\u043d\u0433 LS 4\u044535","amount":"380","amount_parts":"","unit":"\u043a\u043c","city":"\u041d\u043e\u0432\u043e\u0441\u0438\u0431\u0438\u0440\u0441\u043a","company_id":"11170","company_name":"\u041e\u041e\u041e \u0422\u0421\u041b"},{"name":"\u0412\u0411\u0412\u043d\u0433 LS 4\u044550","amount":"460","amount_parts":"","unit":"\u043a\u043c","city":"\u041d\u043e\u0432\u043e\u0441\u0438\u0431\u0438\u0440\u0441\u043a","company_id":"11170","company_name":"\u041e\u041e\u041e \u0422\u0421\u041b"},{"name":"\u0412\u0411\u0412\u043d\u0433 LS 4\u044570","amount":"330","amount_parts":"","unit":"\u043a\u043c","city":"\u041d\u043e\u0432\u043e\u0441\u0438\u0431\u0438\u0440\u0441\u043a","company_id":"11170","company_name":"\u041e\u041e\u041e \u0422\u0421\u041b"},{"name":"\u0412\u0411\u0412\u043d\u0433 LS 4\u044595","amount":"132","amount_parts":"","unit":"\u043a\u043c","city":"\u041d\u043e\u0432\u043e\u0441\u0438\u0431\u0438\u0440\u0441\u043a","company_id":"11170","company_name":"\u041e\u041e\u041e \u0422\u0421\u041b"},{"name":"\u0412\u0411\u0412\u043d\u0433(\u0410)-FRLS 5\u044525\u043c\u043a(N,PE)-1","amount":"0,33","amount_parts":"","unit":"\u043a\u043c","city":"\u041f\u0435\u0440\u043c\u044c","company_id":"18682","company_name":"\u041e\u041e\u041e \"\u041a\u0430\u043c\u0441\u043a\u0438\u0439 \u043a\u0430\u0431\u0435\u043b\u044c\""},{"name":"\u0412\u0411\u0412\u043d\u0433(\u0410)-FRLS 5\u04454,0\u043e\u043a(N,PE)-1","amount":"0,058","amount_parts":"","unit":"\u043a\u043c","city":"\u041f\u0435\u0440\u043c\u044c","company_id":"18682","company_name":"\u041e\u041e\u041e \"\u041a\u0430\u043c\u0441\u043a\u0438\u0439 \u043a\u0430\u0431\u0435\u043b\u044c\""},{"name":"\u0412\u0411\u0412\u043d\u0433(\u0410)-FRLS 5\u044550","amount":"0,392","amount_parts":"0.196; 0.196; ","unit":"\u043a\u043c","city":"\u041c\u043e\u0441\u043a\u0432\u0430","company_id":"1032","company_name":"\u041e\u041e\u041e \u0413\u041a \"\u041a\u0430\u0431\u0435\u043b\u044c\u0441\u0442\u0440\u043e\u0439\u0441\u0435\u0440\u0432\u0438\u0441\""},{"name":"\u0412\u0411\u0412\u043d\u0433(\u0410)-FRLS-180 4\u044550(\u043e\u043a)","amount":"0,422","amount_parts":"","unit":"\u043a\u043c","city":"\u041c\u043e\u0441\u043a\u0432\u0430","company_id":"6306","company_name":"\u0417\u0410\u041e \"\u041a\u0430\u0431\u0435\u043b\u044c\u0441\u043d\u0430\u0431\""},{"name":"\u0412\u0411\u0412\u043d\u0433(\u0410)-LS 1\u0445400","amount":"0,518","amount_parts":"","unit":"\u043a\u043c","city":"\u0421\u0430\u043d\u043a\u0442-\u041f\u0435\u0442\u0435\u0440\u0431\u0443\u0440\u0433","company_id":"16940","company_name":"\u041e\u041e\u041e \"\u041e\u043f\u0442\u0413\u0440\u0443\u043f\u043f\""},{"name":"\u0412\u0411\u0412\u043d\u0433(\u0410)-LS 1\u0445400","amount":"0,518","amount_parts":"","unit":"\u043a\u043c","city":"\u041c\u043e\u0441\u043a\u0432\u0430","company_id":"22412","company_name":"\u041e\u041e\u041e \u041a\u041e\u0420\u041f\u041e\u0420\u0410\u0426\u0418\u042f \u0411\u0430\u043b\u0442\u041f\u0440\u043e\u043c\u041a\u043e\u043c\u043f\u043b\u0435\u043a\u0442"},{"name":"\u0412\u0411\u0412\u043d\u0433(\u0410)-LS 1\u0425500\u043c\u043a \u0431\u0435\u043b-3","amount":"0,441","amount_parts":"0,184; 0,257; ","unit":"\u043a\u043c","city":"\u041b\u044e\u0434\u0438\u043d\u043e\u0432\u043e","company_id":"18613","company_name":"\u041b\u044e\u0434\u0438\u043d\u043e\u0432\u043e\u043a\u0430\u0431\u0435\u043b\u044c, \u0417\u0410\u041e \u00ab\u0410\u0442\u043e\u043b\u043b\u00bb"},{"name":"\u0412\u0411\u0412\u043d\u0433(\u0410)-LS 1\u0445500\u043c\u043a-3","amount":"0,124","amount_parts":"","unit":"\u043a\u043c","city":"\u041a\u0440\u0430\u0441\u043d\u043e\u0434\u0430\u0440","company_id":"19805","company_name":"\u041e\u041e\u041e \u0422\u0414 \"\u042e\u0436\u043d\u0430\u044f \u043a\u0430\u0431\u0435\u043b\u044c\u043d\u0430\u044f \u043a\u043e\u043c\u043f\u0430\u043d\u0438\u044f\""},{"name":"\u0412\u0411\u0412\u043d\u0433(\u0410)-LS 3\u0445240\u043c\u0441(N,PE)-1","amount":"0,335","amount_parts":"","unit":"\u043a\u043c","city":"\u041b\u044e\u0434\u0438\u043d\u043e\u0432\u043e","company_id":"18613","company_name":"\u041b\u044e\u0434\u0438\u043d\u043e\u0432\u043e\u043a\u0430\u0431\u0435\u043b\u044c, \u0417\u0410\u041e \u00ab\u0410\u0442\u043e\u043b\u043b\u00bb"}],"performedDatetime":"2014-08-08T10:40:22Z","authStatus":"0","accessDateEnd":""}
=====

select s.id, s.comp_id, s.title, s.quant, s.unit_id, s.comments, s.city from
		sklad_tovar s where visible=1 and (title like 'Вбв%' or title like '% Вбв%') order by  s.title LIMIT 0, 20
q2: select count(id) from sklad_tovar s where visible=1 and (title like 'Вбв%' or title like '% Вбв%')
 auth: 100 
=====
Query:
performedDatetime: 2014-08-08 10:40:34  0000
action: get_company_data
sklad_user: Гость
appleId: 8CBC3429-2EFF-44DD-BB5F-79E87C85F75B
sklad_hash: 14632bbb0d414c24e154f9751d0c3b31
company_id: 18682

=====
Response:
{"action":"get_company_data","code":0,"data":{"company_id":18682,"title":"\u041e\u041e\u041e \"\u041a\u0430\u043c\u0441\u043a\u0438\u0439 \u043a\u0430\u0431\u0435\u043b\u044c\"","city":"\u041f\u0435\u0440\u043c\u044c","address":"614030, \u0420\u043e\u0441\u0441\u0438\u044f, \u0433. \u041f\u0435\u0440\u043c\u044c, \u0443\u043b. \u0413\u0430\u0439\u0432\u0438\u043d\u0441\u043a\u0430\u044f, \u0434. 105","phone":"8-800-220-5000","email":"zakaz@kamkabel.ru","url":"http:\/\/www.kamkabel.ru","contact":"\u041e\u0442\u0434\u0435\u043b \u043f\u0440\u043e\u0434\u0430\u0436","goods_count":"913","last_update":"30.07.2014"},"performedDatetime":"2014-08-08T10:40:34Z","authStatus":"0","accessDateEnd":""}
=====

select distinct city from sklad_tovar where comp_id= and city!='' order by city
q2: 
 auth: 100 
=====
Query:
performedDatetime: 2014-08-08 10:40:51  0000
action: get_company_data
sklad_user: Гость
appleId: 8CBC3429-2EFF-44DD-BB5F-79E87C85F75B
sklad_hash: 14632bbb0d414c24e154f9751d0c3b31
company_id: 22412

=====
Response:
{"action":"get_company_data","code":0,"data":{"company_id":22412,"title":"\u041e\u041e\u041e \u041a\u041e\u0420\u041f\u041e\u0420\u0410\u0426\u0418\u042f \u0411\u0430\u043b\u0442\u041f\u0440\u043e\u043c\u041a\u043e\u043c\u043f\u043b\u0435\u043a\u0442","city":"\u041c\u043e\u0441\u043a\u0432\u0430","address":"\u041c\u043e\u0441\u043a\u0432\u0430 2-\u044f \u0443\u043b \u042d\u043d\u0442\u0443\u0437\u0438\u0430\u0441\u0442\u043e\u0432 \u0434\u043e\u043c 3","phone":"4957807792","email":"alexs@bpks.ru","url":"http:\/\/bpks.ru","contact":"\u0421\u0435\u0440\u0433\u0435\u0435\u0432 \u0410\u043b\u0435\u043a\u0441\u0435\u0439 \u0410\u043b\u0435\u043a\u0441\u0430\u043d\u0434\u0440\u043e\u0432\u0438\u0447","goods_count":"3363","last_update":"16.07.2014"},"performedDatetime":"2014-08-08T10:40:53Z","authStatus":"0","accessDateEnd":""}
=====

select distinct city from sklad_tovar where comp_id= and city!='' order by city
q2: 
 auth: 100 
=====
Query:
performedDatetime: 2014-08-08 10:41:19  0000
action: get_goods_data
sklad_user: Гость
appleId: 8CBC3429-2EFF-44DD-BB5F-79E87C85F75B
sklad_hash: 14632bbb0d414c24e154f9751d0c3b31
searchTerm: Пвбпнг
resultsFrom: 0
sort: 0
cityFilter: 

=====
Response:
{"action":"get_goods_data","searchTerm":"\u041f\u0432\u0431\u043f\u043d\u0433","resultsFrom":0,"sort":0,"cityFilter":"","code":0,"resultsCount":"59","lastPage":0,"data":[{"name":"\u041f\u0432\u0411\u041f\u043d\u0433(A)- HF 3\u044510 \u043c\u043a (N,PE)-1","amount":"0,596","amount_parts":"0.216; 0.38; ","unit":"\u043a\u043c","city":"\u0421\u0430\u043d\u043a\u0442-\u041f\u0435\u0442\u0435\u0440\u0431\u0443\u0440\u0433","company_id":"16931","company_name":"\u0413\u041a \"\u041d\u043e\u0432\u044b\u0435 \u0442\u0435\u0445\u043d\u043e\u043b\u043e\u0433\u0438\u0438\""},{"name":"\u041f\u0412\u0411\u041f\u043d\u0433(\u0410)-FRHF 3\u044516","amount":"0,17","amount_parts":"","unit":"\u043a\u043c","city":"\u0421\u0430\u043d\u043a\u0442-\u041f\u0435\u0442\u0435\u0440\u0431\u0443\u0440\u0433","company_id":"16940","company_name":"\u041e\u041e\u041e \"\u041e\u043f\u0442\u0413\u0440\u0443\u043f\u043f\""},{"name":"\u041f\u0412\u0411\u041f\u043d\u0433(\u0410)-FRHF 3\u044516","amount":"0,17","amount_parts":"","unit":"\u043a\u043c","city":"\u041c\u043e\u0441\u043a\u0432\u0430","company_id":"22412","company_name":"\u041e\u041e\u041e \u041a\u041e\u0420\u041f\u041e\u0420\u0410\u0426\u0418\u042f \u0411\u0430\u043b\u0442\u041f\u0440\u043e\u043c\u041a\u043e\u043c\u043f\u043b\u0435\u043a\u0442"},{"name":"\u041f\u0432\u0411\u041f\u043d\u0433(\u0410)-FRHF 3\u04452,5\u043e\u043a-1","amount":"0,273","amount_parts":"","unit":"\u043a\u043c","city":"\u041a\u043e\u043b\u044c\u0447\u0443\u0433\u0438\u043d\u043e","company_id":"4826","company_name":"\u041e\u041e\u041e \u041c\u041a\u0421"},{"name":"\u041f\u0432\u0411\u041f\u043d\u0433(\u0410)-FRHF 3\u04452,5\u043e\u043a-1","amount":"0,273","amount_parts":"","unit":"\u043a\u043c","city":"\u041a\u043e\u043b\u044c\u0447\u0443\u0433\u0438\u043d\u043e","company_id":"7162","company_name":"\u041e\u041e\u041e \"\u041a\u043e\u043c\u043f\u0430\u043d\u0438\u044f \u042d\u043b\u0435\u043a\u0442\u0440\u043e\u043c\u0435\u0442\""},{"name":"\u041f\u0432\u0411\u041f\u043d\u0433(\u0410)-FRHF 3\u04452,5\u043e\u043a-1 \u0422\u0423 3500-066-21059747-2009 (\u0413\u041e\u0421\u0422 319","amount":"0,273","amount_parts":"","unit":"\u043a\u043c","city":"\u041a\u043e\u043b\u044c\u0447\u0443\u0433\u0438\u043d\u043e","company_id":"22088","company_name":"\u0425\u043e\u043b\u0434\u0438\u043d\u0433 \u041a\u0430\u0431\u0435\u043b\u044c\u043d\u044b\u0439 \u0410\u043b\u044c\u044f\u043d\u0441"},{"name":"\u041f\u0412\u0411\u041f\u043d\u0433(\u0410)-FRHF 3\u04454","amount":"0,125","amount_parts":"","unit":"\u043a\u043c","city":"\u0421\u0430\u043d\u043a\u0442-\u041f\u0435\u0442\u0435\u0440\u0431\u0443\u0440\u0433","company_id":"16940","company_name":"\u041e\u041e\u041e \"\u041e\u043f\u0442\u0413\u0440\u0443\u043f\u043f\""},{"name":"\u041f\u0412\u0411\u041f\u043d\u0433(\u0410)-FRHF 3\u04454","amount":"0,125","amount_parts":"","unit":"\u043a\u043c","city":"\u041c\u043e\u0441\u043a\u0432\u0430","company_id":"22412","company_name":"\u041e\u041e\u041e \u041a\u041e\u0420\u041f\u041e\u0420\u0410\u0426\u0418\u042f \u0411\u0430\u043b\u0442\u041f\u0440\u043e\u043c\u041a\u043e\u043c\u043f\u043b\u0435\u043a\u0442"},{"name":"\u041f\u0412\u0411\u041f\u043d\u0433(\u0410)-FRHF 3\u044595","amount":"0,6","amount_parts":"0.3; 0.3; ","unit":"\u043a\u043c","city":"\u041c\u043e\u0441\u043a\u0432\u0430","company_id":"1032","company_name":"\u041e\u041e\u041e \u0413\u041a \"\u041a\u0430\u0431\u0435\u043b\u044c\u0441\u0442\u0440\u043e\u0439\u0441\u0435\u0440\u0432\u0438\u0441\""},{"name":"\u041f\u0432\u0411\u041f\u043d\u0433(\u0410)-FRHF 4\u04452,5\u043e\u043a(PE)-1","amount":"0,7","amount_parts":"","unit":"\u043a\u043c","city":"\u041a\u043e\u043b\u044c\u0447\u0443\u0433\u0438\u043d\u043e","company_id":"4826","company_name":"\u041e\u041e\u041e \u041c\u041a\u0421"},{"name":"\u041f\u0432\u0411\u041f\u043d\u0433(\u0410)-FRHF 4\u04452,5\u043e\u043a(PE)-1","amount":"0,7","amount_parts":"","unit":"\u043a\u043c","city":"\u041a\u043e\u043b\u044c\u0447\u0443\u0433\u0438\u043d\u043e","company_id":"7162","company_name":"\u041e\u041e\u041e \"\u041a\u043e\u043c\u043f\u0430\u043d\u0438\u044f \u042d\u043b\u0435\u043a\u0442\u0440\u043e\u043c\u0435\u0442\""},{"name":"\u041f\u0432\u0411\u041f\u043d\u0433(\u0410)-FRHF 4\u04452,5\u043e\u043a(PE)-1 \u0422\u0423 3500-066-21059747-2009 (\u0413\u041e\u0421\u0422","amount":"0,7","amount_parts":"","unit":"\u043a\u043c","city":"\u041a\u043e\u043b\u044c\u0447\u0443\u0433\u0438\u043d\u043e","company_id":"22088","company_name":"\u0425\u043e\u043b\u0434\u0438\u043d\u0433 \u041a\u0430\u0431\u0435\u043b\u044c\u043d\u044b\u0439 \u0410\u043b\u044c\u044f\u043d\u0441"},{"name":"\u041f\u0412\u0411\u041f\u043d\u0433(\u0410)-FRHF 4\u04456","amount":"0,025","amount_parts":"","unit":"\u043a\u043c","city":"\u0421\u0430\u043d\u043a\u0442-\u041f\u0435\u0442\u0435\u0440\u0431\u0443\u0440\u0433","company_id":"16940","company_name":"\u041e\u041e\u041e \"\u041e\u043f\u0442\u0413\u0440\u0443\u043f\u043f\""},{"name":"\u041f\u0412\u0411\u041f\u043d\u0433(\u0410)-FRHF 4\u04456","amount":"0,025","amount_parts":"","unit":"\u043a\u043c","city":"\u041c\u043e\u0441\u043a\u0432\u0430","company_id":"22412","company_name":"\u041e\u041e\u041e \u041a\u041e\u0420\u041f\u041e\u0420\u0410\u0426\u0418\u042f \u0411\u0430\u043b\u0442\u041f\u0440\u043e\u043c\u041a\u043e\u043c\u043f\u043b\u0435\u043a\u0442"},{"name":"\u041f\u0432\u0411\u041f\u043d\u0433(\u0410)-FRHF 4\u04456\u043e\u043a(N)-1","amount":"0,139","amount_parts":"","unit":"\u043a\u043c","city":"\u041a\u043e\u043b\u044c\u0447\u0443\u0433\u0438\u043d\u043e","company_id":"4826","company_name":"\u041e\u041e\u041e \u041c\u041a\u0421"},{"name":"\u041f\u0432\u0411\u041f\u043d\u0433(\u0410)-FRHF 4\u04456\u043e\u043a(N)-1","amount":"0,139","amount_parts":"","unit":"\u043a\u043c","city":"\u041a\u043e\u043b\u044c\u0447\u0443\u0433\u0438\u043d\u043e","company_id":"7162","company_name":"\u041e\u041e\u041e \"\u041a\u043e\u043c\u043f\u0430\u043d\u0438\u044f \u042d\u043b\u0435\u043a\u0442\u0440\u043e\u043c\u0435\u0442\""},{"name":"\u041f\u0432\u0411\u041f\u043d\u0433(\u0410)-FRHF 4\u04456\u043e\u043a(N)-1 \u0422\u0423 3500-066-21059747-2009 (\u0413\u041e\u0421\u0422 31","amount":"0,139","amount_parts":"","unit":"\u043a\u043c","city":"\u041a\u043e\u043b\u044c\u0447\u0443\u0433\u0438\u043d\u043e","company_id":"22088","company_name":"\u0425\u043e\u043b\u0434\u0438\u043d\u0433 \u041a\u0430\u0431\u0435\u043b\u044c\u043d\u044b\u0439 \u0410\u043b\u044c\u044f\u043d\u0441"},{"name":"\u041f\u0412\u0411\u041f\u043d\u0433(\u0410)-FRHF 5\u044510","amount":"0,035","amount_parts":"","unit":"\u043a\u043c","city":"\u0421\u0430\u043d\u043a\u0442-\u041f\u0435\u0442\u0435\u0440\u0431\u0443\u0440\u0433","company_id":"16940","company_name":"\u041e\u041e\u041e \"\u041e\u043f\u0442\u0413\u0440\u0443\u043f\u043f\""},{"name":"\u041f\u0412\u0411\u041f\u043d\u0433(\u0410)-FRHF 5\u044510","amount":"0,035","amount_parts":"","unit":"\u043a\u043c","city":"\u041c\u043e\u0441\u043a\u0432\u0430","company_id":"22412","company_name":"\u041e\u041e\u041e \u041a\u041e\u0420\u041f\u041e\u0420\u0410\u0426\u0418\u042f \u0411\u0430\u043b\u0442\u041f\u0440\u043e\u043c\u041a\u043e\u043c\u043f\u043b\u0435\u043a\u0442"},{"name":"\u041f\u0412\u0411\u041f\u043d\u0433(\u0410)-FRHF 5\u044525","amount":"0,23","amount_parts":"","unit":"\u043a\u043c","city":"\u0421\u0430\u043d\u043a\u0442-\u041f\u0435\u0442\u0435\u0440\u0431\u0443\u0440\u0433","company_id":"16940","company_name":"\u041e\u041e\u041e \"\u041e\u043f\u0442\u0413\u0440\u0443\u043f\u043f\""}],"performedDatetime":"2014-08-08T10:41:22Z","authStatus":"0","accessDateEnd":""}
=====

select s.id, s.comp_id, s.title, s.quant, s.unit_id, s.comments, s.city from
		sklad_tovar s where visible=1 and (title like 'Пвбпнг%' or title like '% Пвбпнг%') order by  s.title LIMIT 0, 20
q2: select count(id) from sklad_tovar s where visible=1 and (title like 'Пвбпнг%' or title like '% Пвбпнг%')
 auth: 100 
=====
Query:
performedDatetime: 2014-08-08 10:41:49  0000
action: get_goods_data
sklad_user: Гость
appleId: 8CBC3429-2EFF-44DD-BB5F-79E87C85F75B
sklad_hash: 14632bbb0d414c24e154f9751d0c3b31
searchTerm: 5х240
resultsFrom: 0
sort: 0
cityFilter: 

=====
Response:
{"action":"get_goods_data","searchTerm":"5\u0445240","resultsFrom":0,"sort":0,"cityFilter":"","code":0,"resultsCount":"69","lastPage":0,"data":[{"name":"NAYY-J 5x240 SM 0.6\/1 kV (N)","amount":"0,5","amount_parts":"","unit":"\u043a\u043c","city":"\u0421\u0430\u043d\u043a\u0442-\u041f\u0435\u0442\u0435\u0440\u0431\u0443\u0440\u0433","company_id":"16931","company_name":"\u0413\u041a \"\u041d\u043e\u0432\u044b\u0435 \u0442\u0435\u0445\u043d\u043e\u043b\u043e\u0433\u0438\u0438\""},{"name":"\u0410\u0412\u0411\u0431\u0428\u0432 5\u0445240-1","amount":"4,293","amount_parts":"","unit":"\u043a\u043c","city":"\u0427\u0435\u0431\u043e\u043a\u0441\u0430\u0440\u044b","company_id":"266","company_name":"\u041e\u0410\u041e \"\u0417\u0430\u0432\u043e\u0434 \"\u0427\u0443\u0432\u0430\u0448\u043a\u0430\u0431\u0435\u043b\u044c\""},{"name":"\u0410\u0412\u0411\u0431\u0428\u0432 5\u0445240-1","amount":"0,154","amount_parts":"","unit":"\u043a\u043c","city":"\u0421\u0430\u043d\u043a\u0442-\u041f\u0435\u0442\u0435\u0440\u0431\u0443\u0440\u0433","company_id":"9328","company_name":"\u041e\u041e\u041e \u041a\u0430\u0431\u0435\u043b\u044c-\u0418\u041c\u041f\u042d\u041a\u0421"},{"name":"\u0410\u0412\u0411\u0431\u0428\u0432-1 5\u0445240","amount":"1,106","amount_parts":"0.2; 0.107; 0.2; 0.1; 0.2; 0.299; ","unit":"\u043a\u043c","city":"\u041f\u0435\u0440\u043c\u044c","company_id":"16985","company_name":"\u041e\u041e\u041e \"\u041d\u043e\u0432\u0440\u0435\u043c\u0434\u043e\u0440\u043c\u0430\u0448\""},{"name":"\u0410\u0412\u0411\u0431\u0428\u043d\u0433-1 5\u0445240 \u043e\u0436","amount":"0,678","amount_parts":"0.199; 0.2; 0.279; ","unit":"\u043a\u043c","city":"\u041f\u0435\u0440\u043c\u044c","company_id":"16985","company_name":"\u041e\u041e\u041e \"\u041d\u043e\u0432\u0440\u0435\u043c\u0434\u043e\u0440\u043c\u0430\u0448\""},{"name":"\u0410\u0412\u0412\u0413 5\u0445240-1","amount":"0,566","amount_parts":"","unit":"\u043a\u043c","city":"\u0427\u0435\u0431\u043e\u043a\u0441\u0430\u0440\u044b","company_id":"266","company_name":"\u041e\u0410\u041e \"\u0417\u0430\u0432\u043e\u0434 \"\u0427\u0443\u0432\u0430\u0448\u043a\u0430\u0431\u0435\u043b\u044c\""},{"name":"\u0410\u0412\u0412\u0413-1 5\u0445240","amount":"1,941","amount_parts":"0.365; 0.365; 0.365; 0.182; 0.364; 0.3; ","unit":"\u043a\u043c","city":"\u041f\u0435\u0440\u043c\u044c","company_id":"16985","company_name":"\u041e\u041e\u041e \"\u041d\u043e\u0432\u0440\u0435\u043c\u0434\u043e\u0440\u043c\u0430\u0448\""},{"name":"\u0410\u0412\u0412\u0413\u043d\u0433 5\u0445240","amount":"0,1","amount_parts":"","unit":"\u043a\u043c","city":"\u041c\u043e\u0441\u043a\u0432\u0430","company_id":"17486","company_name":"\u041e\u041e\u041e \u042d\u043b\u043a\u043e\u043c-\u042d\u043b\u0435\u043a\u0442\u0440\u043e"},{"name":"\u0410\u0412\u0412\u0413\u043d\u0433 5\u0445240-1","amount":"5,396","amount_parts":"","unit":"\u043a\u043c","city":"\u0427\u0435\u0431\u043e\u043a\u0441\u0430\u0440\u044b","company_id":"266","company_name":"\u041e\u0410\u041e \"\u0417\u0430\u0432\u043e\u0434 \"\u0427\u0443\u0432\u0430\u0448\u043a\u0430\u0431\u0435\u043b\u044c\""},{"name":"\u0410\u0412\u0412\u0413\u043d\u0433(\u0410) 5\u0445240 \u043c\u0441-1","amount":"1,133","amount_parts":"","unit":"\u043a\u043c","city":"\u041c\u043e\u0441\u043a\u0432\u0430","company_id":"17486","company_name":"\u041e\u041e\u041e \u042d\u043b\u043a\u043e\u043c-\u042d\u043b\u0435\u043a\u0442\u0440\u043e"},{"name":"\u0410\u0412\u0412\u0413\u043d\u0433(\u0410) 5\u0445240\u043c\u0441 1\u043a\u0412","amount":"0,08","amount_parts":"","unit":"\u043a\u043c","city":"\u041c\u043e\u0441\u043a\u0432\u0430","company_id":"16301","company_name":"\u041e\u041e\u041e \u0418\u043d\u0442\u0435\u043b\u043b\u042d\u043b\u0435\u043a\u0442\u0440\u043e\u041a\u043e\u043c\u043f\u043b\u0435\u043a\u0442"},{"name":"\u0410\u0412\u0412\u0413\u043d\u0433-1 5\u0445240 \u043e\u0436","amount":"0,494","amount_parts":"","unit":"\u043a\u043c","city":"\u0415\u043a\u0430\u0442\u0435\u0440\u0438\u043d\u0431\u0443\u0440\u0433","company_id":"19089","company_name":"\u041e\u041e\u041e \u041a\u0430\u0431\u0435\u043b\u044c\u043d\u044b\u0439 \u0446\u0435\u043d\u0442\u0440-\u0415\u043a\u0430\u0442\u0435\u0440\u0438\u043d\u0431\u0443\u0440\u0433"},{"name":"\u0410\u0412\u0412\u0413\u043d\u0433-1 5\u0445240 \u043e\u0436","amount":"0,33","amount_parts":"0.148; 0.182; ","unit":"\u043a\u043c","city":"\u041f\u0435\u0440\u043c\u044c","company_id":"16985","company_name":"\u041e\u041e\u041e \"\u041d\u043e\u0432\u0440\u0435\u043c\u0434\u043e\u0440\u043c\u0430\u0448\""},{"name":"\u0410\u041f\u0412\u0411\u0431\u0428\u0432-1 5\u0445240 \u043e\u0436","amount":"3,81","amount_parts":"0.505; 0.5; 0.522; 0.495; 0.426; 0.23; 0.419; 0.416; 0.297; ","unit":"\u043a\u043c","city":"\u041f\u0435\u0440\u043c\u044c","company_id":"16985","company_name":"\u041e\u041e\u041e \"\u041d\u043e\u0432\u0440\u0435\u043c\u0434\u043e\u0440\u043c\u0430\u0448\""},{"name":"\u0410\u041f\u0432\u0411\u0431\u0428\u043f 5x240-1 \u043a\u0412","amount":"0,195","amount_parts":"","unit":"\u043a\u043c","city":"\u041a\u0440\u0430\u0441\u043d\u043e\u0434\u0430\u0440","company_id":"4151","company_name":"\u041e\u041e\u041e \u042d\u043b\u0435\u043a\u0442\u0440\u043e\u0442\u0435\u0445\u043d\u0438\u0447\u0435\u0441\u043a\u0430\u044f \u043a\u043e\u043c\u043f\u0430\u043d\u0438\u044f"},{"name":"\u0410\u041f\u0432\u0411\u0428\u0432\u043d\u0433(\u0410)-LS 5\u0445240\u043c\u0441(N,PE)-1","amount":"0,249","amount_parts":"","unit":"\u043a\u043c","city":"\u0422\u0432\u0435\u0440\u044c","company_id":"22749","company_name":"\u041e\u0410\u041e \u0422\u0432\u0435\u0440\u044c\u044d\u043d\u0435\u0440\u0433\u043e\u043a\u0430\u0431\u0435\u043b\u044c"},{"name":"\u0412\u0411\u0431\u0428\u0432-1 5\u0445240","amount":"1,378","amount_parts":"0.15; 0.239; 0.239; 0.22; 0.53; ","unit":"\u043a\u043c","city":"\u041f\u0435\u0440\u043c\u044c","company_id":"16985","company_name":"\u041e\u041e\u041e \"\u041d\u043e\u0432\u0440\u0435\u043c\u0434\u043e\u0440\u043c\u0430\u0448\""},{"name":"\u0412\u0411\u0431\u0428\u0432\u043d\u0433 5\u0445240 \u043c\u043d","amount":"0,053","amount_parts":"","unit":"\u043a\u043c","city":"\u041c\u043e\u0441\u043a\u0432\u0430","company_id":"8256","company_name":"\u041e\u041e\u041e \u0410\u0432\u0430\u043b\u043e\u043d-\u041a\u0430\u0431\u0435\u043b\u044c"},{"name":"\u0412\u0411\u0431\u0428\u043d\u0433 5\u0445240","amount":"1,6","amount_parts":"","unit":"\u043a\u043c","city":"\u0421\u0430\u043c\u0430\u0440\u0430","company_id":"15502","company_name":"\u041e\u041e\u041e \u041f\u0430\u0440\u0438\u0442\u0435\u0442"},{"name":"\u0412\u0411\u0411\u0428\u043d\u0433-1 5\u0445240","amount":"0,911","amount_parts":"0.195; 0.11; 0.11; 0.2; 0.296; ","unit":"\u043a\u043c","city":"\u041f\u0435\u0440\u043c\u044c","company_id":"16985","company_name":"\u041e\u041e\u041e \"\u041d\u043e\u0432\u0440\u0435\u043c\u0434\u043e\u0440\u043c\u0430\u0448\""}],"performedDatetime":"2014-08-08T10:41:51Z","authStatus":"0","accessDateEnd":""}
=====

select s.id, s.comp_id, s.title, s.quant, s.unit_id, s.comments, s.city from
		sklad_tovar s where visible=1 and (title like '5х240%' or title like '% 5х240%' or title like '%5x240%') order by  s.title LIMIT 0, 20
q2: select count(id) from sklad_tovar s where visible=1 and (title like '5х240%' or title like '% 5х240%' or title like '%5x240%')
 auth: 100 
=====
Query:
performedDatetime: 2014-08-08 10:41:58  0000
action: get_goods_data
sklad_user: Гость
appleId: 8CBC3429-2EFF-44DD-BB5F-79E87C85F75B
sklad_hash: 14632bbb0d414c24e154f9751d0c3b31
searchTerm: 5х240
resultsFrom: 1
sort: 0
cityFilter: 

=====
Response:
{"action":"get_goods_data","searchTerm":"5\u0445240","resultsFrom":1,"sort":0,"cityFilter":"","code":0,"resultsCount":"69","lastPage":0,"data":[{"name":"\u0412\u0411\u0411\u0428\u043d\u0433-ls-1 5\u0445240","amount":"0,24","amount_parts":"0.14; 0.1; ","unit":"\u043a\u043c","city":"\u041f\u0435\u0440\u043c\u044c","company_id":"16985","company_name":"\u041e\u041e\u041e \"\u041d\u043e\u0432\u0440\u0435\u043c\u0434\u043e\u0440\u043c\u0430\u0448\""},{"name":"\u0412\u0411\u0431\u0428\u043d\u0433LS 5\u0445240-1","amount":"0,222","amount_parts":"","unit":"\u043a\u043c","city":"\u0415\u043a\u0430\u0442\u0435\u0440\u0438\u043d\u0431\u0443\u0440\u0433","company_id":"6765","company_name":"\u0410\u043d\u0434\u0440\u0435\u0439 \u0415\u043a\u0430\u0442\u0435\u0440\u0438\u043d\u0431\u0443\u0440\u0433"},{"name":"\u0412\u0411\u0431\u0428\u043d\u0433LS 5\u0445240-1","amount":"0,222","amount_parts":"","unit":"\u043a\u043c","city":"\u0415\u043a\u0430\u0442\u0435\u0440\u0438\u043d\u0431\u0443\u0440\u0433","company_id":"8500","company_name":"\u041e\u041e\u041e \u041c\u0435\u0436\u0440\u0435\u0433\u0438\u043e\u043d\u0430\u043b\u044c\u043d\u0430\u044f \u043a\u0430\u0431\u0435\u043b\u044c\u043d\u0430\u044f \u043a\u043e\u043c\u043f\u0430\u043d\u0438\u044f"},{"name":"\u0412\u0411\u0412\u043d\u0433(\u0410)-LS 5\u0445240","amount":"0,44","amount_parts":"","unit":"\u043a\u043c","city":"\u041c\u043e\u0441\u043a\u0432\u0430","company_id":"6306","company_name":"\u0417\u0410\u041e \"\u041a\u0430\u0431\u0435\u043b\u044c\u0441\u043d\u0430\u0431\""},{"name":"\u0412\u0411\u0412\u043d\u0433(\u0410)-LS 5\u0445240\u043c\u0441(N,PE)-1","amount":"0,2","amount_parts":"","unit":"\u043a\u043c","city":"\u041b\u044b\u0441\u044c\u0432\u0430","company_id":"19357","company_name":"\u041e\u041e\u041e \u0422\u0414 \"\u0423\u0440\u0430\u043b \u041f\u0430\u043a"},{"name":"\u0412\u0411\u0412\u043d\u0433(\u0410)-LS 5\u0445240\u043c\u0441(N,PE)-1","amount":"0,2","amount_parts":"","unit":"\u043a\u043c","city":"\u041f\u0435\u0440\u043c\u044c","company_id":"19357","company_name":"\u041e\u041e\u041e \u0422\u0414 \"\u0423\u0440\u0430\u043b \u041f\u0430\u043a"},{"name":"\u0412\u0411\u0412\u043d\u0433(\u0410)-LS 5\u0445240\u043c\u0441(N,PE)-1","amount":"1,744","amount_parts":"0,27; 0,28; 0,29; 0,295; 0,3; 0,309; ","unit":"\u043a\u043c","city":"\u041b\u044e\u0434\u0438\u043d\u043e\u0432\u043e","company_id":"18613","company_name":"\u041b\u044e\u0434\u0438\u043d\u043e\u0432\u043e\u043a\u0430\u0431\u0435\u043b\u044c, \u0417\u0410\u041e \u00ab\u0410\u0442\u043e\u043b\u043b\u00bb"},{"name":"\u0412\u0411\u0428\u0432\u043d\u0433(\u0410)-LS 5\u0445240\u043c\u0441(N,PE)-1","amount":"0,202","amount_parts":"","unit":"\u043a\u043c","city":"\u041a\u043e\u043b\u044c\u0447\u0443\u0433\u0438\u043d\u043e","company_id":"7162","company_name":"\u041e\u041e\u041e \"\u041a\u043e\u043c\u043f\u0430\u043d\u0438\u044f \u042d\u043b\u0435\u043a\u0442\u0440\u043e\u043c\u0435\u0442\""},{"name":"\u0412\u0411\u0428\u0432\u043d\u0433(\u0410)-LS 5\u0445240\u043c\u0441(N,PE)-1","amount":"0,202","amount_parts":"","unit":"\u043a\u043c","city":"\u041a\u043e\u043b\u044c\u0447\u0443\u0433\u0438\u043d\u043e","company_id":"4826","company_name":"\u041e\u041e\u041e \u041c\u041a\u0421"},{"name":"\u0412\u0412\u0413 5\u0445240","amount":"0,325","amount_parts":"","unit":"\u043a\u043c","city":"\u041f\u0435\u0440\u043c\u044c","company_id":"3141","company_name":"\u041e\u041e\u041e \u041a\u0430\u043c\u0430-\u041a\u0430\u0431\u0421\u043d\u0430\u0431"},{"name":"\u0412\u0412\u0413 5\u0445240","amount":"0,018","amount_parts":"","unit":"\u043a\u043c","city":"\u041c\u043e\u0441\u043a\u0432\u0430","company_id":"6306","company_name":"\u0417\u0410\u041e \"\u041a\u0430\u0431\u0435\u043b\u044c\u0441\u043d\u0430\u0431\""},{"name":"\u0412\u0412\u0413\u043d\u0433 5\u0445240","amount":"0,033","amount_parts":"","unit":"\u043a\u043c","city":"\u041c\u043e\u0441\u043a\u0432\u0430","company_id":"6306","company_name":"\u0417\u0410\u041e \"\u041a\u0430\u0431\u0435\u043b\u044c\u0441\u043d\u0430\u0431\""},{"name":"\u0412\u0412\u0413\u043d\u0433 5\u0445240","amount":"0,035","amount_parts":"","unit":"\u043a\u043c","city":"\u041a\u0440\u0430\u0441\u043d\u043e\u044f\u0440\u0441\u043a","company_id":"8363","company_name":"\u041e\u041e\u041e \u0421\u0438\u0431\u0421\u0442\u0440\u043e\u0439\u0420\u0435\u0441\u0443\u0440\u0441 2000"},{"name":"\u0412\u0412\u0413\u043d\u0433 5\u0445240","amount":"0,089","amount_parts":"","unit":"\u043a\u043c","city":"\u041c\u043e\u0441\u043a\u0432\u0430","company_id":"17486","company_name":"\u041e\u041e\u041e \u042d\u043b\u043a\u043e\u043c-\u042d\u043b\u0435\u043a\u0442\u0440\u043e"},{"name":"\u0412\u0412\u0413\u043d\u0433 LS 5\u0445240","amount":"0,013","amount_parts":"","unit":"\u043a\u043c","city":"\u0415\u043a\u0430\u0442\u0435\u0440\u0438\u043d\u0431\u0443\u0440\u0433","company_id":"6765","company_name":"\u0410\u043d\u0434\u0440\u0435\u0439 \u0415\u043a\u0430\u0442\u0435\u0440\u0438\u043d\u0431\u0443\u0440\u0433"},{"name":"\u0412\u0412\u0413\u043d\u0433 LS 5\u0445240","amount":"0,013","amount_parts":"","unit":"\u043a\u043c","city":"\u0415\u043a\u0430\u0442\u0435\u0440\u0438\u043d\u0431\u0443\u0440\u0433","company_id":"8500","company_name":"\u041e\u041e\u041e \u041c\u0435\u0436\u0440\u0435\u0433\u0438\u043e\u043d\u0430\u043b\u044c\u043d\u0430\u044f \u043a\u0430\u0431\u0435\u043b\u044c\u043d\u0430\u044f \u043a\u043e\u043c\u043f\u0430\u043d\u0438\u044f"},{"name":"\u0412\u0412\u0413\u043d\u0433(\u0410) 5\u0445240 \u043c\u0441-1","amount":"0,141","amount_parts":"","unit":"\u043a\u043c","city":"\u041c\u043e\u0441\u043a\u0432\u0430","company_id":"17486","company_name":"\u041e\u041e\u041e \u042d\u043b\u043a\u043e\u043c-\u042d\u043b\u0435\u043a\u0442\u0440\u043e"},{"name":"\u0412\u0412\u0413\u043d\u0433(\u0410)-FRLS (180) 5\u0445240 \u043c\u0441-1","amount":"0,202","amount_parts":"","unit":"\u043a\u043c","city":"\u041c\u043e\u0441\u043a\u0432\u0430","company_id":"17486","company_name":"\u041e\u041e\u041e \u042d\u043b\u043a\u043e\u043c-\u042d\u043b\u0435\u043a\u0442\u0440\u043e"},{"name":"\u0412\u0412\u0413\u043d\u0433(\u0410)-FRLS 5\u0445240","amount":"0,164","amount_parts":"","unit":"\u043a\u043c","city":"\u041c\u043e\u0441\u043a\u0432\u0430","company_id":"6306","company_name":"\u0417\u0410\u041e \"\u041a\u0430\u0431\u0435\u043b\u044c\u0441\u043d\u0430\u0431\""},{"name":"\u0412\u0412\u0413\u043d\u0433(\u0410)-FRLS 5\u0445240","amount":"0,511","amount_parts":"352; 159","unit":"\u043a\u043c","city":"\u041c\u043e\u0441\u043a\u0432\u0430","company_id":"1032","company_name":"\u041e\u041e\u041e \u0413\u041a \"\u041a\u0430\u0431\u0435\u043b\u044c\u0441\u0442\u0440\u043e\u0439\u0441\u0435\u0440\u0432\u0438\u0441\""}],"performedDatetime":"2014-08-08T10:41:59Z","authStatus":"0","accessDateEnd":""}
=====

select s.id, s.comp_id, s.title, s.quant, s.unit_id, s.comments, s.city from
		sklad_tovar s where visible=1 and (title like '5х240%' or title like '% 5х240%' or title like '%5x240%') order by  s.title LIMIT 20, 20
q2: select count(id) from sklad_tovar s where visible=1 and (title like '5х240%' or title like '% 5х240%' or title like '%5x240%')
 auth: 100 
=====
Query:
performedDatetime: 2014-08-08 10:42:10  0000
action: get_goods_data
sklad_user: Гость
appleId: 8CBC3429-2EFF-44DD-BB5F-79E87C85F75B
sklad_hash: 14632bbb0d414c24e154f9751d0c3b31
searchTerm: 5х240
resultsFrom: 2
sort: 0
cityFilter: 

=====
Response:
{"action":"get_goods_data","searchTerm":"5\u0445240","resultsFrom":2,"sort":0,"cityFilter":"","code":0,"resultsCount":"69","lastPage":0,"data":[{"name":"\u0412\u0412\u0413\u043d\u0433(\u0410)-FRLS 5\u0445240 \u043c\u0441-1","amount":"226","amount_parts":"","unit":"\u043a\u043c","city":"\u041c\u043e\u0441\u043a\u0432\u0430","company_id":"17265","company_name":"\u041e\u041e\u041e \"\u0421\u0420\u0421-\u042d\u043b\u0435\u043a\u0442\u0440\u043e\""},{"name":"\u0412\u0412\u0413\u043d\u0433(\u0410)-LS 5\u0445240","amount":"1,726","amount_parts":"0,686; 1,04; ","unit":"\u043a\u043c","city":"\u041c\u043e\u0441\u043a\u0432\u0430","company_id":"6306","company_name":"\u0417\u0410\u041e \"\u041a\u0430\u0431\u0435\u043b\u044c\u0441\u043d\u0430\u0431\""},{"name":"\u0412\u0412\u0413\u043d\u0433(\u0410)-LS 5\u0445240 \u043c\u0441-1","amount":"0,571","amount_parts":"","unit":"\u043a\u043c","city":"\u041c\u043e\u0441\u043a\u0432\u0430","company_id":"17486","company_name":"\u041e\u041e\u041e \u042d\u043b\u043a\u043e\u043c-\u042d\u043b\u0435\u043a\u0442\u0440\u043e"},{"name":"\u0412\u0412\u0413\u043d\u0433(\u0410)-LS 5\u0445240 \u043c\u0441-1","amount":"422","amount_parts":"","unit":"\u043a\u043c","city":"\u041c\u043e\u0441\u043a\u0432\u0430","company_id":"17265","company_name":"\u041e\u041e\u041e \"\u0421\u0420\u0421-\u042d\u043b\u0435\u043a\u0442\u0440\u043e\""},{"name":"\u0412\u0412\u0413\u043d\u0433(\u0410)-LS-1 5\u0445240 (\u043c\u043d)","amount":"0,238","amount_parts":"","unit":"\u043a\u043c","city":"\u041d\u0438\u0436\u043d\u0438\u0439 \u041d\u043e\u0432\u0433\u043e\u0440\u043e\u0434","company_id":"22212","company_name":"\u041e\u041e\u041e \"\u042d\u043b\u0435\u043a\u0442\u0440\u043e\u0442\u0435\u0445\u043d\u0438\u0447\u0435\u0441\u043a\u0430\u044f \u043a\u043e\u043c\u043f\u0430\u043d\u0438\u044f \"\u0422\u043e\u043b\u0435\u0434\u043e\""},{"name":"\u0412\u0412\u0413\u043d\u0433-1 5\u0445240","amount":"0,243","amount_parts":"0.14; 0.103; ","unit":"\u043a\u043c","city":"\u041f\u0435\u0440\u043c\u044c","company_id":"16985","company_name":"\u041e\u041e\u041e \"\u041d\u043e\u0432\u0440\u0435\u043c\u0434\u043e\u0440\u043c\u0430\u0448\""},{"name":"\u0412\u0412\u0413\u043d\u0433-LS 5\u0445240","amount":"0,072","amount_parts":"","unit":"\u043a\u043c","city":"\u041a\u0430\u0437\u0430\u043d\u044c","company_id":"12337","company_name":"\u041e\u041e\u041e \"\u041a\u043e\u043d\u0442\u0440\u0430\u043a\u0442\""},{"name":"\u0412\u0412\u0413\u043d\u0433-LS 5\u0445240","amount":"0,02","amount_parts":"","unit":"\u043a\u043c","city":"\u041c\u043e\u0441\u043a\u0432\u0430","company_id":"17486","company_name":"\u041e\u041e\u041e \u042d\u043b\u043a\u043e\u043c-\u042d\u043b\u0435\u043a\u0442\u0440\u043e"},{"name":"\u0412\u0412\u0413\u043d\u0433-LS 5\u0445240","amount":"0,1152","amount_parts":"","unit":"\u043a\u043c","city":"\u0427\u0435\u0431\u043e\u043a\u0441\u0430\u0440\u044b","company_id":"12137","company_name":"\u041e\u041e\u041e \u041e\u043c\u0435\u0433\u0430"},{"name":"\u0412\u0412\u0413\u043d\u0433-LS 5\u0445240 - 1","amount":"0,046","amount_parts":"0,011; 0,035; ","unit":"\u043a\u043c","city":"\u0421\u0430\u043d\u043a\u0442-\u041f\u0435\u0442\u0435\u0440\u0431\u0443\u0440\u0433","company_id":"8391","company_name":"\u041e\u041e\u041e \u0421\u041a\u041a"},{"name":"\u0412\u0412\u0413\u043d\u0433-LS 5\u0445240-1 \u043a\u0412","amount":"1,2","amount_parts":"","unit":"\u043a\u043c","city":"\u041a\u0440\u0430\u0441\u043d\u043e\u0434\u0430\u0440","company_id":"4151","company_name":"\u041e\u041e\u041e \u042d\u043b\u0435\u043a\u0442\u0440\u043e\u0442\u0435\u0445\u043d\u0438\u0447\u0435\u0441\u043a\u0430\u044f \u043a\u043e\u043c\u043f\u0430\u043d\u0438\u044f"},{"name":"\u0412\u0412\u0413\u043d\u0433-LS-1 5\u0445240","amount":"0,048","amount_parts":"","unit":"\u043a\u043c","city":"\u0421\u0430\u043d\u043a\u0442-\u041f\u0435\u0442\u0435\u0440\u0431\u0443\u0440\u0433","company_id":"16940","company_name":"\u041e\u041e\u041e \"\u041e\u043f\u0442\u0413\u0440\u0443\u043f\u043f\""},{"name":"\u0412\u0412\u0413\u043d\u0433-LS-1 5\u0445240","amount":"0,048","amount_parts":"","unit":"\u043a\u043c","city":"\u041c\u043e\u0441\u043a\u0432\u0430","company_id":"22412","company_name":"\u041e\u041e\u041e \u041a\u041e\u0420\u041f\u041e\u0420\u0410\u0426\u0418\u042f \u0411\u0430\u043b\u0442\u041f\u0440\u043e\u043c\u041a\u043e\u043c\u043f\u043b\u0435\u043a\u0442"},{"name":"\u0412\u0412\u0413\u043d\u0433FR-LS 5\u0445240","amount":"0,203","amount_parts":"","unit":"\u043a\u043c","city":"\u041f\u0435\u0440\u043c\u044c","company_id":"17640","company_name":"\u041e\u041e\u041e \"\u0415\u0432\u0440\u043e\u0441\u0442\u0440\u043e\u0439\""},{"name":"\u0412\u0412\u0413\u043d\u0433FR-LS 5\u0445240","amount":"0,34","amount_parts":"","unit":"\u043a\u043c","city":"\u041f\u0435\u0440\u043c\u044c","company_id":"10969","company_name":"\u041e\u041e\u041e \u0410\u0428\u0422\u0420\u0415\u0412\u0415\u041b"},{"name":"\u0412\u0412\u0413\u043d\u0433FR-LS 5\u0445240","amount":"0,203","amount_parts":"","unit":"\u043a\u043c","city":"\u041f\u0435\u0440\u043c\u044c","company_id":"3601","company_name":"\u041e\u041e\u041e \"\u0422\u041c\u041a-\u042d\u041d\u0415\u0420\u0413\u041e\""},{"name":"\u0412\u0412\u0413\u043d\u0433FR-LS 5\u0445240","amount":"0,203","amount_parts":"","unit":"\u043a\u043c","city":"\u041f\u0435\u0440\u043c\u044c","company_id":"11082","company_name":"\u041e\u041e\u041e \u0421\u0442\u0440\u043e\u0439\u043a\u0430\u0431\u0435\u043b\u044c"},{"name":"\u041f\u0412\u0411\u0431\u0428\u0432\u043d\u0433-LS 5\u0445240","amount":"0,073","amount_parts":"","unit":"\u043a\u043c","city":"\u041f\u0435\u0440\u043c\u044c","company_id":"17640","company_name":"\u041e\u041e\u041e \"\u0415\u0432\u0440\u043e\u0441\u0442\u0440\u043e\u0439\""},{"name":"\u041f\u0412\u0411\u0431\u0428\u0432\u043d\u0433-LS 5\u0445240","amount":"0,061","amount_parts":"","unit":"\u043a\u043c","city":"\u041f\u0435\u0440\u043c\u044c","company_id":"10969","company_name":"\u041e\u041e\u041e \u0410\u0428\u0422\u0420\u0415\u0412\u0415\u041b"},{"name":"\u041f\u0412\u0411\u0431\u0428\u0432\u043d\u0433-LS 5\u0445240","amount":"0,073","amount_parts":"","unit":"\u043a\u043c","city":"\u041f\u0435\u0440\u043c\u044c","company_id":"3601","company_name":"\u041e\u041e\u041e \"\u0422\u041c\u041a-\u042d\u041d\u0415\u0420\u0413\u041e\""}],"performedDatetime":"2014-08-08T10:42:11Z","authStatus":"0","accessDateEnd":""}
=====

select s.id, s.comp_id, s.title, s.quant, s.unit_id, s.comments, s.city from
		sklad_tovar s where visible=1 and (title like '5х240%' or title like '% 5х240%' or title like '%5x240%') order by  s.title LIMIT 40, 20
q2: select count(id) from sklad_tovar s where visible=1 and (title like '5х240%' or title like '% 5х240%' or title like '%5x240%')
 auth: 100 
=====
Query:
performedDatetime: 2014-08-08 10:42:23  0000
action: get_goods_data
sklad_user: Гость
appleId: 8CBC3429-2EFF-44DD-BB5F-79E87C85F75B
sklad_hash: 14632bbb0d414c24e154f9751d0c3b31
searchTerm: 5х240
resultsFrom: 3
sort: 0
cityFilter: 

=====
Response:
{"action":"get_goods_data","searchTerm":"5\u0445240","resultsFrom":3,"sort":0,"cityFilter":"","code":0,"resultsCount":"69","lastPage":1,"data":[{"name":"\u041f\u0412\u0411\u0431\u0428\u0432\u043d\u0433-LS 5\u0445240","amount":"0,073","amount_parts":"","unit":"\u043a\u043c","city":"\u041f\u0435\u0440\u043c\u044c","company_id":"11082","company_name":"\u041e\u041e\u041e \u0421\u0442\u0440\u043e\u0439\u043a\u0430\u0431\u0435\u043b\u044c"},{"name":"\u041f\u0432\u0411\u0428\u0432\u043d\u0433 5\u0445240","amount":"0,256","amount_parts":"","unit":"\u043a\u043c","city":"\u041c\u043e\u0441\u043a\u0432\u0430","company_id":"1032","company_name":"\u041e\u041e\u041e \u0413\u041a \"\u041a\u0430\u0431\u0435\u043b\u044c\u0441\u0442\u0440\u043e\u0439\u0441\u0435\u0440\u0432\u0438\u0441\""},{"name":"\u041f\u0432\u0412\u0413\u043d\u0433(\u0410)-LS 5\u0445240 1\u043a\u0412","amount":"0,175","amount_parts":"","unit":"\u043a\u043c","city":"\u041d\u043e\u0432\u043e\u0441\u0438\u0431\u0438\u0440\u0441\u043a","company_id":"8749","company_name":"\u0417\u0430\u043f\u0441\u0438\u0431\u043a\u0430\u0431\u0435\u043b\u044c"},{"name":"\u041f\u0432\u0412\u0413\u043d\u0433(\u0410)-LS 5\u0445240 1\u043a\u0412","amount":"0,175","amount_parts":"","unit":"\u043a\u043c","city":"\u041d\u043e\u0432\u043e\u0441\u0438\u0431\u0438\u0440\u0441\u043a","company_id":"14419","company_name":"\u041e\u041e\u041e \u041a\u041e\u041c\u041f\u0410\u041d\u0418\u042f \u0417\u0410\u041f\u0421\u0418\u0411\u041a\u0410\u0411\u0415\u041b\u042c"},{"name":"\u041f\u0432\u0412\u043d\u0433(\u0410)-LS 5\u0445240","amount":"0,302","amount_parts":"","unit":"\u043a\u043c","city":"\u041c\u043e\u0441\u043a\u0432\u0430","company_id":"1032","company_name":"\u041e\u041e\u041e \u0413\u041a \"\u041a\u0430\u0431\u0435\u043b\u044c\u0441\u0442\u0440\u043e\u0439\u0441\u0435\u0440\u0432\u0438\u0441\""},{"name":"\u041f\u0412\u0412\u043d\u0433(\u0410)-Ls 5\u0445240","amount":"0,302","amount_parts":"","unit":"\u043a\u043c","city":"\u041f\u0435\u0440\u043c\u044c","company_id":"3601","company_name":"\u041e\u041e\u041e \"\u0422\u041c\u041a-\u042d\u041d\u0415\u0420\u0413\u041e\""},{"name":"\u041f\u0412\u0412\u043d\u0433LS 5\u0445240","amount":"0,302","amount_parts":"","unit":"\u043a\u043c","city":"\u041f\u0435\u0440\u043c\u044c","company_id":"17640","company_name":"\u041e\u041e\u041e \"\u0415\u0432\u0440\u043e\u0441\u0442\u0440\u043e\u0439\""},{"name":"\u041f\u0412\u0412\u043d\u0433LS 5\u0445240","amount":"0,272","amount_parts":"","unit":"\u043a\u043c","city":"\u041f\u0435\u0440\u043c\u044c","company_id":"3601","company_name":"\u041e\u041e\u041e \"\u0422\u041c\u041a-\u042d\u041d\u0415\u0420\u0413\u041e\""},{"name":"\u041f\u0412\u0412\u043d\u0433LS 5\u0445240","amount":"0,272","amount_parts":"","unit":"\u043a\u043c","city":"\u041f\u0435\u0440\u043c\u044c","company_id":"11082","company_name":"\u041e\u041e\u041e \u0421\u0442\u0440\u043e\u0439\u043a\u0430\u0431\u0435\u043b\u044c"}],"performedDatetime":"2014-08-08T10:42:26Z","authStatus":"0","accessDateEnd":""}
=====

select s.id, s.comp_id, s.title, s.quant, s.unit_id, s.comments, s.city from
		sklad_tovar s where visible=1 and (title like '5х240%' or title like '% 5х240%' or title like '%5x240%') order by  s.title LIMIT 60, 20
q2: select count(id) from sklad_tovar s where visible=1 and (title like '5х240%' or title like '% 5х240%' or title like '%5x240%')
 auth: 100 
=====
Query:
performedDatetime: 2014-08-08 10:42:42  0000
action: get_goods_data
sklad_user: Гость
appleId: 8CBC3429-2EFF-44DD-BB5F-79E87C85F75B
sklad_hash: 14632bbb0d414c24e154f9751d0c3b31
searchTerm: Герда
resultsFrom: 0
sort: 0
cityFilter: 

=====
Response:
{"action":"get_goods_data","searchTerm":"\u0413\u0435\u0440\u0434\u0430","resultsFrom":0,"sort":0,"cityFilter":"","code":0,"resultsCount":"130","lastPage":0,"data":[{"name":"\u0413\u0435\u0440\u0434\u0430 \u041a\u0412 2\u04452\u04451,5","amount":"0,08","amount_parts":"","unit":"\u043a\u043c","city":"\u041c\u043e\u0441\u043a\u0432\u0430","company_id":"7923","company_name":"\u0417\u0410\u041e \u041e\u0412\u041b-\u042d\u043d\u0435\u0440\u0433\u043e"},{"name":"\u0413\u0435\u0440\u0434\u0430 \u041a\u0412\u041a\u043d\u0433 2\u04452\u04451,0","amount":"0,014","amount_parts":"","unit":"\u043a\u043c","city":"\u041c\u043e\u0441\u043a\u0432\u0430","company_id":"7923","company_name":"\u0417\u0410\u041e \u041e\u0412\u041b-\u042d\u043d\u0435\u0440\u0433\u043e"},{"name":"\u0413\u0435\u0440\u0434\u0430 \u041a\u0412\u041a\u043d\u0433 4\u04452\u04451,0","amount":"0,027","amount_parts":"","unit":"\u043a\u043c","city":"\u041c\u043e\u0441\u043a\u0432\u0430","company_id":"7923","company_name":"\u0417\u0410\u041e \u041e\u0412\u041b-\u042d\u043d\u0435\u0440\u0433\u043e"},{"name":"\u0413\u0435\u0440\u0434\u0430 \u041a\u0412\u041a\u043d\u0433 7\u04452\u04451,5","amount":"0,175","amount_parts":"","unit":"\u043a\u043c","city":"\u041c\u043e\u0441\u043a\u0432\u0430","company_id":"7923","company_name":"\u0417\u0410\u041e \u041e\u0412\u041b-\u042d\u043d\u0435\u0440\u0433\u043e"},{"name":"\u0413\u0435\u0440\u0434\u0430 \u041a\u0412\u041a\u043d\u0433(\u0410) 10\u04452\u04451,0","amount":"0,023","amount_parts":"","unit":"\u043a\u043c","city":"\u041c\u043e\u0441\u043a\u0432\u0430","company_id":"7923","company_name":"\u0417\u0410\u041e \u041e\u0412\u041b-\u042d\u043d\u0435\u0440\u0433\u043e"},{"name":"\u0413\u0435\u0440\u0434\u0430 \u041a\u0412\u041a\u043d\u0433(\u0410) 16\u04452\u04451,0","amount":"0,034","amount_parts":"","unit":"\u043a\u043c","city":"\u041c\u043e\u0441\u043a\u0432\u0430","company_id":"7923","company_name":"\u0417\u0410\u041e \u041e\u0412\u041b-\u042d\u043d\u0435\u0440\u0433\u043e"},{"name":"\u0413\u0435\u0440\u0434\u0430 \u041a\u0412\u041a\u043d\u0433(\u0410) 2\u04452\u04451,0","amount":"8,752","amount_parts":"","unit":"\u043a\u043c","city":"\u041c\u043e\u0441\u043a\u0432\u0430","company_id":"7923","company_name":"\u0417\u0410\u041e \u041e\u0412\u041b-\u042d\u043d\u0435\u0440\u0433\u043e"},{"name":"\u0413\u0435\u0440\u0434\u0430 \u041a\u0412\u041a\u043d\u0433(\u0410) 5\u04452\u04451,0","amount":"0,115","amount_parts":"","unit":"\u043a\u043c","city":"\u041c\u043e\u0441\u043a\u0432\u0430","company_id":"310","company_name":"\u0411\u043e\u043b\u044c\u0448\u043e\u0439 \u0423\u0440\u0430\u043b"},{"name":"\u0413\u0435\u0440\u0434\u0430 \u041a\u0412\u041a\u043d\u0433(\u0410) 7\u04452\u04451,0","amount":"0,029","amount_parts":"","unit":"\u043a\u043c","city":"\u041c\u043e\u0441\u043a\u0432\u0430","company_id":"7923","company_name":"\u0417\u0410\u041e \u041e\u0412\u041b-\u042d\u043d\u0435\u0440\u0433\u043e"},{"name":"\u0413\u0435\u0440\u0434\u0430 \u041a\u0412\u041a\u043d\u0433(\u0410) 8\u04452\u04451,0","amount":"0,018","amount_parts":"","unit":"\u043a\u043c","city":"\u041c\u043e\u0441\u043a\u0432\u0430","company_id":"7923","company_name":"\u0417\u0410\u041e \u041e\u0412\u041b-\u042d\u043d\u0435\u0440\u0433\u043e"},{"name":"\u0413\u0435\u0440\u0434\u0430 \u041a\u0412\u041a\u043d\u0433(\u0410)-LS 10\u04452\u04451,0","amount":"0,07","amount_parts":"","unit":"\u043a\u043c","city":"\u041c\u043e\u0441\u043a\u0432\u0430","company_id":"310","company_name":"\u0411\u043e\u043b\u044c\u0448\u043e\u0439 \u0423\u0440\u0430\u043b"},{"name":"\u0413\u0435\u0440\u0434\u0430 \u041a\u0412\u041a\u043d\u0433(\u0410)-LS 4\u0445(2\u04451,0)\u044d","amount":"1,878","amount_parts":"","unit":"\u043a\u043c","city":"\u041c\u043e\u0441\u043a\u0432\u0430","company_id":"7923","company_name":"\u0417\u0410\u041e \u041e\u0412\u041b-\u042d\u043d\u0435\u0440\u0433\u043e"},{"name":"\u0413\u0435\u0440\u0434\u0430 \u041a\u0412\u041a\u043d\u0433(\u0410)-LS 5\u0445(2\u04451,0)\u044d","amount":"0,075","amount_parts":"","unit":"\u043a\u043c","city":"\u041c\u043e\u0441\u043a\u0432\u0430","company_id":"7923","company_name":"\u0417\u0410\u041e \u041e\u0412\u041b-\u042d\u043d\u0435\u0440\u0433\u043e"},{"name":"\u0413\u0435\u0440\u0434\u0430 \u041a\u0412\u041a\u043d\u0433(\u0410)-LS 7\u0445(2\u04451,0)\u044d","amount":"0,355","amount_parts":"","unit":"\u043a\u043c","city":"\u041c\u043e\u0441\u043a\u0432\u0430","company_id":"7923","company_name":"\u0417\u0410\u041e \u041e\u0412\u041b-\u042d\u043d\u0435\u0440\u0433\u043e"},{"name":"\u0413\u0435\u0440\u0434\u0430 \u041a\u0412\u041a\u043d\u0433(\u0410)-\u0425\u041b 2\u0445(2\u04451,0)\u044d","amount":"0,2","amount_parts":"","unit":"\u043a\u043c","city":"\u041c\u043e\u0441\u043a\u0432\u0430","company_id":"310","company_name":"\u0411\u043e\u043b\u044c\u0448\u043e\u0439 \u0423\u0440\u0430\u043b"},{"name":"\u0413\u0435\u0440\u0434\u0430 \u041a\u0412\u041a\u043d\u0433(\u0410)-\u0425\u041b 2\u04452\u04451,5","amount":"0,015","amount_parts":"","unit":"\u043a\u043c","city":"\u041c\u043e\u0441\u043a\u0432\u0430","company_id":"7923","company_name":"\u0417\u0410\u041e \u041e\u0412\u041b-\u042d\u043d\u0435\u0440\u0433\u043e"},{"name":"\u0413\u0435\u0440\u0434\u0430 \u041a\u0412\u041a\u043d\u0433-\u0425\u041b 5\u04452\u04451,0","amount":"0,05","amount_parts":"","unit":"\u043a\u043c","city":"\u041c\u043e\u0441\u043a\u0432\u0430","company_id":"7923","company_name":"\u0417\u0410\u041e \u041e\u0412\u041b-\u042d\u043d\u0435\u0440\u0433\u043e"},{"name":"\u0413\u0435\u0440\u0434\u0430 \u041a\u0412\u041a\u043d\u0433-\u0425\u041b 7\u04452\u04451,0","amount":"0,23","amount_parts":"","unit":"\u043a\u043c","city":"\u041c\u043e\u0441\u043a\u0432\u0430","company_id":"7923","company_name":"\u0417\u0410\u041e \u041e\u0412\u041b-\u042d\u043d\u0435\u0440\u0433\u043e"},{"name":"\u0413\u0435\u0440\u0434\u0430 \u041a\u0412\u043d\u0433 1\u04452\u04451","amount":"1","amount_parts":"","unit":"\u043a\u043c","city":"\u041c\u043e\u0441\u043a\u0432\u0430","company_id":"8168","company_name":"\u041e\u041e\u041e \u00ab\u0422\u0435\u0445\u043d\u043e\u043a\u0430\u0431\u0435\u043b\u044c \u041c\u00bb \u041c\u043e\u0441\u043a\u0432\u0430"},{"name":"\u0413\u0435\u0440\u0434\u0430 \u041a\u0412\u041d\u0413 5\u0445(2\u04451,5)\u044d","amount":"0,122","amount_parts":"","unit":"\u043a\u043c","city":"\u0421\u0430\u043c\u0430\u0440\u0430","company_id":"20842","company_name":"\u041e\u041e\u041e \u0422\u0410\u041d\u0422\u0410\u041b"}],"performedDatetime":"2014-08-08T10:42:45Z","authStatus":"0","accessDateEnd":""}
=====

select s.id, s.comp_id, s.title, s.quant, s.unit_id, s.comments, s.city from
		sklad_tovar s where visible=1 and (title like 'Герда%' or title like '% Герда%') order by  s.title LIMIT 0, 20
q2: select count(id) from sklad_tovar s where visible=1 and (title like 'Герда%' or title like '% Герда%')
 auth: 100 
=====
Query:
performedDatetime: 2014-08-08 10:42:48  0000
action: get_goods_data
sklad_user: Гость
appleId: 8CBC3429-2EFF-44DD-BB5F-79E87C85F75B
sklad_hash: 14632bbb0d414c24e154f9751d0c3b31
searchTerm: Герда
resultsFrom: 1
sort: 0
cityFilter: 

=====
Response:
{"action":"get_goods_data","searchTerm":"\u0413\u0435\u0440\u0434\u0430","resultsFrom":1,"sort":0,"cityFilter":"","code":0,"resultsCount":"130","lastPage":0,"data":[{"name":"\u0413\u0435\u0440\u0434\u0430 \u041a\u0412\u043d\u0433 7\u04452\u04451,5","amount":"0,2","amount_parts":"","unit":"\u043a\u043c","city":"\u041c\u043e\u0441\u043a\u0432\u0430","company_id":"7923","company_name":"\u0417\u0410\u041e \u041e\u0412\u041b-\u042d\u043d\u0435\u0440\u0433\u043e"},{"name":"\u0413\u0435\u0440\u0434\u0430 \u041a\u0412\u043d\u0433(\u0410) 2\u04452\u04451,0","amount":"0,24","amount_parts":"","unit":"\u043a\u043c","city":"\u041c\u043e\u0441\u043a\u0432\u0430","company_id":"310","company_name":"\u0411\u043e\u043b\u044c\u0448\u043e\u0439 \u0423\u0440\u0430\u043b"},{"name":"\u0413\u0435\u0440\u0434\u0430 \u041a\u0412\u043d\u0433(\u0410)-LS 2\u04452\u04451,0","amount":"0,105","amount_parts":"","unit":"\u043a\u043c","city":"\u041c\u043e\u0441\u043a\u0432\u0430","company_id":"7923","company_name":"\u0417\u0410\u041e \u041e\u0412\u041b-\u042d\u043d\u0435\u0440\u0433\u043e"},{"name":"\u0413\u0435\u0440\u0434\u0430 \u041a\u0412\u043d\u0433(\u0410)-LS 2\u04452\u04451,0","amount":"0,195","amount_parts":"","unit":"\u043a\u043c","city":"\u041c\u043e\u0441\u043a\u0432\u0430","company_id":"310","company_name":"\u0411\u043e\u043b\u044c\u0448\u043e\u0439 \u0423\u0440\u0430\u043b"},{"name":"\u0413\u0435\u0440\u0434\u0430 \u041a\u0412\u043d\u0433(\u0410)-\u0425\u041b 10\u04452\u04451,0","amount":"0,1","amount_parts":"","unit":"\u043a\u043c","city":"\u041c\u043e\u0441\u043a\u0432\u0430","company_id":"7923","company_name":"\u0417\u0410\u041e \u041e\u0412\u041b-\u042d\u043d\u0435\u0440\u0433\u043e"},{"name":"\u0413\u0435\u0440\u0434\u0430 \u041a\u0412\u043d\u0433-\u0425\u041b 2\u04452\u04450,75","amount":"0,109","amount_parts":"","unit":"\u043a\u043c","city":"\u041c\u043e\u0441\u043a\u0432\u0430","company_id":"7923","company_name":"\u0417\u0410\u041e \u041e\u0412\u041b-\u042d\u043d\u0435\u0440\u0433\u043e"},{"name":"\u0413\u0435\u0440\u0434\u0430 \u041a\u0412\u043d\u0433-\u0425\u041b 4\u04452\u04450,75","amount":"0,165","amount_parts":"","unit":"\u043a\u043c","city":"\u041c\u043e\u0441\u043a\u0432\u0430","company_id":"7923","company_name":"\u0417\u0410\u041e \u041e\u0412\u041b-\u042d\u043d\u0435\u0440\u0433\u043e"},{"name":"\u0413\u0435\u0440\u0434\u0430 \u041a\u041f\u043d\u0433(\u0410)-HF 3\u0445(2\u04451)\u044d","amount":"0,085","amount_parts":"","unit":"\u043a\u043c","city":"\u041c\u043e\u0441\u043a\u0432\u0430","company_id":"310","company_name":"\u0411\u043e\u043b\u044c\u0448\u043e\u0439 \u0423\u0440\u0430\u043b"},{"name":"\u0413\u0435\u0440\u0434\u0430 \u041a\u041f\u043d\u0433(\u0410)-HF 4\u0445(2\u04451)\u044d","amount":"0,085","amount_parts":"","unit":"\u043a\u043c","city":"\u041c\u043e\u0441\u043a\u0432\u0430","company_id":"310","company_name":"\u0411\u043e\u043b\u044c\u0448\u043e\u0439 \u0423\u0440\u0430\u043b"},{"name":"\u0413\u0435\u0440\u0434\u0430 \u041a\u041f\u043d\u0433(\u0410)-HF 5\u0445(2\u04451)\u044d","amount":"0,086","amount_parts":"","unit":"\u043a\u043c","city":"\u041c\u043e\u0441\u043a\u0432\u0430","company_id":"310","company_name":"\u0411\u043e\u043b\u044c\u0448\u043e\u0439 \u0423\u0440\u0430\u043b"},{"name":"\u0413\u0435\u0440\u0434\u0430- \u041a\u0412\u041d\u0413 12\u04452\u04451,0","amount":"0,124","amount_parts":"","unit":"\u043a\u043c","city":"\u041a\u0440\u0430\u0441\u043d\u043e\u0434\u0430\u0440","company_id":"10873","company_name":"\u0422\u0414 \u042e\u0433\u0442\u0435\u043b\u0435\u043a\u0430\u0431\u0435\u043b\u044c"},{"name":"\u0413\u0435\u0440\u0434\u0430- \u041a\u0412\u041d\u0413 14\u04452\u04451,0","amount":"0,169","amount_parts":"","unit":"\u043a\u043c","city":"\u041a\u0440\u0430\u0441\u043d\u043e\u0434\u0430\u0440","company_id":"10873","company_name":"\u0422\u0414 \u042e\u0433\u0442\u0435\u043b\u0435\u043a\u0430\u0431\u0435\u043b\u044c"},{"name":"\u0413\u0435\u0440\u0434\u0430- \u041a\u0412\u041d\u0413 14\u04452\u04451\u041b","amount":"1,628","amount_parts":"","unit":"\u043a\u043c","city":"\u041a\u0440\u0430\u0441\u043d\u043e\u0434\u0430\u0440","company_id":"10873","company_name":"\u0422\u0414 \u042e\u0433\u0442\u0435\u043b\u0435\u043a\u0430\u0431\u0435\u043b\u044c"},{"name":"\u0413\u0435\u0440\u0434\u0430- \u041a\u0412\u041d\u0413 19\u04452\u04451","amount":"0,155","amount_parts":"","unit":"\u043a\u043c","city":"\u041a\u0440\u0430\u0441\u043d\u043e\u0434\u0430\u0440","company_id":"10873","company_name":"\u0422\u0414 \u042e\u0433\u0442\u0435\u043b\u0435\u043a\u0430\u0431\u0435\u043b\u044c"},{"name":"\u0413\u0435\u0440\u0434\u0430- \u041a\u0412\u041d\u0413 19\u04452\u04451\u041b","amount":"3,079","amount_parts":"","unit":"\u043a\u043c","city":"\u041a\u0440\u0430\u0441\u043d\u043e\u0434\u0430\u0440","company_id":"10873","company_name":"\u0422\u0414 \u042e\u0433\u0442\u0435\u043b\u0435\u043a\u0430\u0431\u0435\u043b\u044c"},{"name":"\u0413\u0435\u0440\u0434\u0430-\u041a\u0412 10\u0425(2\u04251,0)\u042d","amount":"0,319","amount_parts":"","unit":"\u043a\u043c","city":"\u041f\u0435\u0440\u043c\u044c","company_id":"13338","company_name":"\u041e\u041e\u041e \u042d\u0422\u041a \u042d\u043d\u0435\u0440\u0433\u043e\u043a\u043e\u043c\u043f\u043b\u0435\u043a\u0441"},{"name":"\u0413\u0435\u0440\u0434\u0430-\u041a\u0412 12\u0425(2\u04251,0)\u042d","amount":"0,085","amount_parts":"","unit":"\u043a\u043c","city":"\u041f\u0435\u0440\u043c\u044c","company_id":"13338","company_name":"\u041e\u041e\u041e \u042d\u0422\u041a \u042d\u043d\u0435\u0440\u0433\u043e\u043a\u043e\u043c\u043f\u043b\u0435\u043a\u0441"},{"name":"\u0413\u0435\u0440\u0434\u0430-\u041a\u0412 14\u0425(2\u04251,0)\u042d","amount":"0,275","amount_parts":"","unit":"\u043a\u043c","city":"\u041f\u0435\u0440\u043c\u044c","company_id":"13338","company_name":"\u041e\u041e\u041e \u042d\u0422\u041a \u042d\u043d\u0435\u0440\u0433\u043e\u043a\u043e\u043c\u043f\u043b\u0435\u043a\u0441"},{"name":"\u0413\u0435\u0440\u0434\u0430-\u041a\u0412 19\u0425(2\u04251,0)\u042d","amount":"0,15","amount_parts":"","unit":"\u043a\u043c","city":"\u041f\u0435\u0440\u043c\u044c","company_id":"13338","company_name":"\u041e\u041e\u041e \u042d\u0422\u041a \u042d\u043d\u0435\u0440\u0433\u043e\u043a\u043e\u043c\u043f\u043b\u0435\u043a\u0441"},{"name":"\u0413\u0435\u0440\u0434\u0430-\u041a\u0412 1\u04452\u04451,5","amount":"1,738","amount_parts":"","unit":"\u043a\u043c","city":"\u0421\u0430\u043d\u043a\u0442-\u041f\u0435\u0442\u0435\u0440\u0431\u0443\u0440\u0433","company_id":"16940","company_name":"\u041e\u041e\u041e \"\u041e\u043f\u0442\u0413\u0440\u0443\u043f\u043f\""}],"performedDatetime":"2014-08-08T10:42:48Z","authStatus":"0","accessDateEnd":""}
=====

select s.id, s.comp_id, s.title, s.quant, s.unit_id, s.comments, s.city from
		sklad_tovar s where visible=1 and (title like 'Герда%' or title like '% Герда%') order by  s.title LIMIT 20, 20
q2: select count(id) from sklad_tovar s where visible=1 and (title like 'Герда%' or title like '% Герда%')
 auth: 100 
=====
Query:
performedDatetime: 2014-08-08 10:42:51  0000
action: get_goods_data
sklad_user: Гость
appleId: 8CBC3429-2EFF-44DD-BB5F-79E87C85F75B
sklad_hash: 14632bbb0d414c24e154f9751d0c3b31
searchTerm: Герда
resultsFrom: 2
sort: 0
cityFilter: 

=====
Response:
{"action":"get_goods_data","searchTerm":"\u0413\u0435\u0440\u0434\u0430","resultsFrom":2,"sort":0,"cityFilter":"","code":0,"resultsCount":"130","lastPage":0,"data":[{"name":"\u0413\u0435\u0440\u0434\u0430-\u041a\u0412 1\u04452\u04451,5","amount":"1,738","amount_parts":"","unit":"\u043a\u043c","city":"\u0421\u0430\u043d\u043a\u0442-\u041f\u0435\u0442\u0435\u0440\u0431\u0443\u0440\u0433","company_id":"3660","company_name":"\u041e\u041e\u041e \u041a\u0430\u0431\u0435\u043b\u044c\u0413\u0440\u0443\u043f\u043f"},{"name":"\u0413\u0435\u0440\u0434\u0430-\u041a\u0412 1\u04452\u04451,5","amount":"1,738","amount_parts":"","unit":"\u043a\u043c","city":"\u041c\u043e\u0441\u043a\u0432\u0430","company_id":"22412","company_name":"\u041e\u041e\u041e \u041a\u041e\u0420\u041f\u041e\u0420\u0410\u0426\u0418\u042f \u0411\u0430\u043b\u0442\u041f\u0440\u043e\u043c\u041a\u043e\u043c\u043f\u043b\u0435\u043a\u0442"},{"name":"\u0413\u0435\u0440\u0434\u0430-\u041a\u0412 2\u04452\u04450,5","amount":"0,26","amount_parts":"","unit":"\u043a\u043c","city":"\u0421\u0430\u043d\u043a\u0442-\u041f\u0435\u0442\u0435\u0440\u0431\u0443\u0440\u0433","company_id":"16940","company_name":"\u041e\u041e\u041e \"\u041e\u043f\u0442\u0413\u0440\u0443\u043f\u043f\""},{"name":"\u0413\u0435\u0440\u0434\u0430-\u041a\u0412 2\u04452\u04450,5","amount":"0,26","amount_parts":"","unit":"\u043a\u043c","city":"\u041c\u043e\u0441\u043a\u0432\u0430","company_id":"22412","company_name":"\u041e\u041e\u041e \u041a\u041e\u0420\u041f\u041e\u0420\u0410\u0426\u0418\u042f \u0411\u0430\u043b\u0442\u041f\u0440\u043e\u043c\u041a\u043e\u043c\u043f\u043b\u0435\u043a\u0442"},{"name":"\u0413\u0435\u0440\u0434\u0430-\u041a\u0412 2\u04452\u04451","amount":"0,15","amount_parts":"","unit":"\u043a\u043c","city":"\u0421\u0430\u043d\u043a\u0442-\u041f\u0435\u0442\u0435\u0440\u0431\u0443\u0440\u0433","company_id":"16940","company_name":"\u041e\u041e\u041e \"\u041e\u043f\u0442\u0413\u0440\u0443\u043f\u043f\""},{"name":"\u0413\u0435\u0440\u0434\u0430-\u041a\u0412 2\u04452\u04451","amount":"0,15","amount_parts":"","unit":"\u043a\u043c","city":"\u041c\u043e\u0441\u043a\u0432\u0430","company_id":"22412","company_name":"\u041e\u041e\u041e \u041a\u041e\u0420\u041f\u041e\u0420\u0410\u0426\u0418\u042f \u0411\u0430\u043b\u0442\u041f\u0440\u043e\u043c\u041a\u043e\u043c\u043f\u043b\u0435\u043a\u0442"},{"name":"\u0413\u0435\u0440\u0434\u0430-\u041a\u0412 2\u04452\u04451,5","amount":"0,267","amount_parts":"","unit":"\u043a\u043c","city":"\u0421\u0430\u043d\u043a\u0442-\u041f\u0435\u0442\u0435\u0440\u0431\u0443\u0440\u0433","company_id":"16940","company_name":"\u041e\u041e\u041e \"\u041e\u043f\u0442\u0413\u0440\u0443\u043f\u043f\""},{"name":"\u0413\u0435\u0440\u0434\u0430-\u041a\u0412 2\u04452\u04451,5","amount":"0,267","amount_parts":"","unit":"\u043a\u043c","city":"\u0421\u0430\u043d\u043a\u0442-\u041f\u0435\u0442\u0435\u0440\u0431\u0443\u0440\u0433","company_id":"3660","company_name":"\u041e\u041e\u041e \u041a\u0430\u0431\u0435\u043b\u044c\u0413\u0440\u0443\u043f\u043f"},{"name":"\u0413\u0435\u0440\u0434\u0430-\u041a\u0412 2\u04452\u04451,5","amount":"0,267","amount_parts":"","unit":"\u043a\u043c","city":"\u041c\u043e\u0441\u043a\u0432\u0430","company_id":"22412","company_name":"\u041e\u041e\u041e \u041a\u041e\u0420\u041f\u041e\u0420\u0410\u0426\u0418\u042f \u0411\u0430\u043b\u0442\u041f\u0440\u043e\u043c\u041a\u043e\u043c\u043f\u043b\u0435\u043a\u0442"},{"name":"\u0413\u0435\u0440\u0434\u0430-\u041a\u0412 4\u0445(2\u04451)\u044d","amount":"0,098","amount_parts":"","unit":"\u043a\u043c","city":"\u0421\u0430\u043d\u043a\u0442-\u041f\u0435\u0442\u0435\u0440\u0431\u0443\u0440\u0433","company_id":"3660","company_name":"\u041e\u041e\u041e \u041a\u0430\u0431\u0435\u043b\u044c\u0413\u0440\u0443\u043f\u043f"},{"name":"\u0413\u0435\u0440\u0434\u0430-\u041a\u0412 4\u0445(2\u04451)\u044d","amount":"0,098","amount_parts":"","unit":"\u043a\u043c","city":"\u041c\u043e\u0441\u043a\u0432\u0430","company_id":"22412","company_name":"\u041e\u041e\u041e \u041a\u041e\u0420\u041f\u041e\u0420\u0410\u0426\u0418\u042f \u0411\u0430\u043b\u0442\u041f\u0440\u043e\u043c\u041a\u043e\u043c\u043f\u043b\u0435\u043a\u0442"},{"name":"\u0413\u0435\u0440\u0434\u0430-\u041a\u0412 4\u04452\u04450,5","amount":"0,243","amount_parts":"","unit":"\u043a\u043c","city":"\u0421\u0430\u043d\u043a\u0442-\u041f\u0435\u0442\u0435\u0440\u0431\u0443\u0440\u0433","company_id":"16940","company_name":"\u041e\u041e\u041e \"\u041e\u043f\u0442\u0413\u0440\u0443\u043f\u043f\""},{"name":"\u0413\u0435\u0440\u0434\u0430-\u041a\u0412 4\u04452\u04450,5","amount":"0,243","amount_parts":"","unit":"\u043a\u043c","city":"\u0421\u0430\u043d\u043a\u0442-\u041f\u0435\u0442\u0435\u0440\u0431\u0443\u0440\u0433","company_id":"3660","company_name":"\u041e\u041e\u041e \u041a\u0430\u0431\u0435\u043b\u044c\u0413\u0440\u0443\u043f\u043f"},{"name":"\u0413\u0435\u0440\u0434\u0430-\u041a\u0412 4\u04452\u04450,5","amount":"0,243","amount_parts":"","unit":"\u043a\u043c","city":"\u041c\u043e\u0441\u043a\u0432\u0430","company_id":"22412","company_name":"\u041e\u041e\u041e \u041a\u041e\u0420\u041f\u041e\u0420\u0410\u0426\u0418\u042f \u0411\u0430\u043b\u0442\u041f\u0440\u043e\u043c\u041a\u043e\u043c\u043f\u043b\u0435\u043a\u0442"},{"name":"\u0413\u0415\u0420\u0414\u0410-\u041a\u0412 4\u04452\u04451,5","amount":"0,334","amount_parts":"","unit":"\u043a\u043c","city":"\u041a\u043e\u043b\u044c\u0447\u0443\u0433\u0438\u043d\u043e","company_id":"7162","company_name":"\u041e\u041e\u041e \"\u041a\u043e\u043c\u043f\u0430\u043d\u0438\u044f \u042d\u043b\u0435\u043a\u0442\u0440\u043e\u043c\u0435\u0442\""},{"name":"\u0413\u0415\u0420\u0414\u0410-\u041a\u0412 4\u04452\u04451,5","amount":"0,334","amount_parts":"","unit":"\u043a\u043c","city":"\u041a\u043e\u043b\u044c\u0447\u0443\u0433\u0438\u043d\u043e","company_id":"4826","company_name":"\u041e\u041e\u041e \u041c\u041a\u0421"},{"name":"\u0413\u0415\u0420\u0414\u0410-\u041a\u0412 4\u04452\u04451,5 \u0422\u0423 3581-019-76960731-2010","amount":"0,334","amount_parts":"","unit":"\u043a\u043c","city":"\u041a\u043e\u043b\u044c\u0447\u0443\u0433\u0438\u043d\u043e","company_id":"22088","company_name":"\u0425\u043e\u043b\u0434\u0438\u043d\u0433 \u041a\u0430\u0431\u0435\u043b\u044c\u043d\u044b\u0439 \u0410\u043b\u044c\u044f\u043d\u0441"},{"name":"\u0413\u0435\u0440\u0434\u0430-\u041a\u0412 5x-0,5 \u043a\u0412","amount":"0,145","amount_parts":"","unit":"\u043a\u043c","city":"\u041a\u0440\u0430\u0441\u043d\u043e\u0434\u0430\u0440","company_id":"4151","company_name":"\u041e\u041e\u041e \u042d\u043b\u0435\u043a\u0442\u0440\u043e\u0442\u0435\u0445\u043d\u0438\u0447\u0435\u0441\u043a\u0430\u044f \u043a\u043e\u043c\u043f\u0430\u043d\u0438\u044f"},{"name":"\u0413\u0435\u0440\u0434\u0430-\u041a\u0412\u041a 16\u04452\u04451,0 (\u0422\u0423 16.\u041a13-033-2005)","amount":"0,057","amount_parts":"","unit":"\u043a\u043c","city":"\u041a\u0440\u0430\u0441\u043d\u043e\u0434\u0430\u0440","company_id":"19805","company_name":"\u041e\u041e\u041e \u0422\u0414 \"\u042e\u0436\u043d\u0430\u044f \u043a\u0430\u0431\u0435\u043b\u044c\u043d\u0430\u044f \u043a\u043e\u043c\u043f\u0430\u043d\u0438\u044f\""},{"name":"\u0413\u0435\u0440\u0434\u0430-\u041a\u0412\u041a\u043d\u0433 14\u0425(2\u04250,5)\u042d","amount":"0,184","amount_parts":"","unit":"\u043a\u043c","city":"\u0421\u0430\u043d\u043a\u0442-\u041f\u0435\u0442\u0435\u0440\u0431\u0443\u0440\u0433","company_id":"16940","company_name":"\u041e\u041e\u041e \"\u041e\u043f\u0442\u0413\u0440\u0443\u043f\u043f\""}],"performedDatetime":"2014-08-08T10:42:52Z","authStatus":"0","accessDateEnd":""}
=====

select s.id, s.comp_id, s.title, s.quant, s.unit_id, s.comments, s.city from
		sklad_tovar s where visible=1 and (title like 'Герда%' or title like '% Герда%') order by  s.title LIMIT 40, 20
q2: select count(id) from sklad_tovar s where visible=1 and (title like 'Герда%' or title like '% Герда%')
 auth: 100 
=====
Query:
performedDatetime: 2014-08-08 10:42:59  0000
action: get_goods_data
sklad_user: Гость
appleId: 8CBC3429-2EFF-44DD-BB5F-79E87C85F75B
sklad_hash: 14632bbb0d414c24e154f9751d0c3b31
searchTerm: Ккз 
resultsFrom: 0
sort: 0
cityFilter: 

=====
Response:
{"action":"get_goods_data","searchTerm":"\u041a\u043a\u0437","resultsFrom":0,"code":0,"resultsCount":"0","data":[],"performedDatetime":"2014-08-08T10:43:00Z","authStatus":"0","accessDateEnd":""}
=====

select s.id, s.comp_id, s.title, s.quant, s.unit_id, s.comments, s.city from
		sklad_tovar s where visible=1 and (title like 'Ккз%' or title like '% Ккз%') order by  s.title LIMIT 0, 20
q2: select count(id) from sklad_tovar s where visible=1 and (title like 'Ккз%' or title like '% Ккз%')
 auth: 100 
=====
Query:
performedDatetime: 2014-08-08 10:43:09  0000
action: get_goods_data
sklad_user: Гость
appleId: 8CBC3429-2EFF-44DD-BB5F-79E87C85F75B
sklad_hash: 14632bbb0d414c24e154f9751d0c3b31
searchTerm: Кпэти
resultsFrom: 0
sort: 0
cityFilter: 

=====
Response:
{"action":"get_goods_data","searchTerm":"\u041a\u043f\u044d\u0442\u0438","resultsFrom":0,"sort":0,"cityFilter":"","code":0,"resultsCount":"9","lastPage":1,"data":[{"name":"\u041a\u041f\u042d\u0422\u0418\u043d\u0433-FRHF 14\u04452\u04450,35","amount":"1,305","amount_parts":"","unit":"\u043a\u043c","city":"\u041a\u0438\u0440\u043e\u0432","company_id":"4493","company_name":"\u041c\u0430\u0440\u0442\u044b\u043d\u043e\u0432\u0430 \u041b\u0438\u0430\u043d\u0430 \u0410\u043b\u0435\u043a\u0441\u0430\u043d\u0434\u0440\u043e\u0432\u043d\u0430"},{"name":"\u041a\u041f\u042d\u0422\u0418\u043d\u0433-FRHF 14\u04452\u04450,35","amount":"1,305","amount_parts":"","unit":"\u043a\u043c","city":"\u041a\u0438\u0440\u043e\u0432","company_id":"8163","company_name":"\u0417\u0410\u041e \u041a\u0440\u0438\u0441\u0442\u0430\u043b\u043b"},{"name":"\u041a\u041f\u042d\u0422\u0418\u043d\u0433-FRHF 1\u04452\u04450,7 \u0425\u0410","amount":"2,6875","amount_parts":"","unit":"\u043a\u043c","city":"\u041a\u0438\u0440\u043e\u0432","company_id":"4493","company_name":"\u041c\u0430\u0440\u0442\u044b\u043d\u043e\u0432\u0430 \u041b\u0438\u0430\u043d\u0430 \u0410\u043b\u0435\u043a\u0441\u0430\u043d\u0434\u0440\u043e\u0432\u043d\u0430"},{"name":"\u041a\u041f\u042d\u0422\u0418\u043d\u0433-FRHF 1\u04452\u04450,7 \u0425\u0410","amount":"2,6875","amount_parts":"","unit":"\u043a\u043c","city":"\u041a\u0438\u0440\u043e\u0432","company_id":"8163","company_name":"\u0417\u0410\u041e \u041a\u0440\u0438\u0441\u0442\u0430\u043b\u043b"},{"name":"\u041a\u041f\u042d\u0422\u0418\u043d\u0433-FRHF 1\u04452\u04450,7 \u0425\u041a","amount":"0,292","amount_parts":"","unit":"\u043a\u043c","city":"\u041a\u0438\u0440\u043e\u0432","company_id":"4493","company_name":"\u041c\u0430\u0440\u0442\u044b\u043d\u043e\u0432\u0430 \u041b\u0438\u0430\u043d\u0430 \u0410\u043b\u0435\u043a\u0441\u0430\u043d\u0434\u0440\u043e\u0432\u043d\u0430"},{"name":"\u041a\u041f\u042d\u0422\u0418\u043d\u0433-FRHF 1\u04452\u04450,7 \u0425\u041a","amount":"0,292","amount_parts":"","unit":"\u043a\u043c","city":"\u041a\u0438\u0440\u043e\u0432","company_id":"8163","company_name":"\u0417\u0410\u041e \u041a\u0440\u0438\u0441\u0442\u0430\u043b\u043b"},{"name":"\u041a\u041f\u042d\u0422\u0418\u043d\u0433-FRHF 2\u04452\u04450,7\u0445\u0410","amount":"0,438","amount_parts":"","unit":"\u043a\u043c","city":"\u0427\u0435\u043b\u044f\u0431\u0438\u043d\u0441\u043a","company_id":"12455","company_name":"\u041e\u041e\u041e \u042e\u0436\u0443\u0440\u0430\u043b\u043a\u0430\u0431\u0435\u043b\u044c"},{"name":"\u041a\u041f\u042d\u0422\u0418\u043d\u0433-FRHF 7\u04452\u04450,35","amount":"0,236","amount_parts":"","unit":"\u043a\u043c","city":"\u041f\u0435\u0440\u043c\u044c","company_id":"11082","company_name":"\u041e\u041e\u041e \u0421\u0442\u0440\u043e\u0439\u043a\u0430\u0431\u0435\u043b\u044c"},{"name":"\u041a\u041f\u042d\u0422\u0418\u043d\u0433-HF 1\u04452\u04450.7","amount":"0,41","amount_parts":"","unit":"\u043a\u043c","city":"\u041c\u043e\u0441\u043a\u0432\u0430","company_id":"8256","company_name":"\u041e\u041e\u041e \u0410\u0432\u0430\u043b\u043e\u043d-\u041a\u0430\u0431\u0435\u043b\u044c"}],"performedDatetime":"2014-08-08T10:43:13Z","authStatus":"0","accessDateEnd":""}
=====

select s.id, s.comp_id, s.title, s.quant, s.unit_id, s.comments, s.city from
		sklad_tovar s where visible=1 and (title like 'Кпэти%' or title like '% Кпэти%') order by  s.title LIMIT 0, 20
q2: select count(id) from sklad_tovar s where visible=1 and (title like 'Кпэти%' or title like '% Кпэти%')
 auth: 100 
=====
Query:
performedDatetime: 2014-08-08 10:43:18  0000
action: get_company_data
sklad_user: Гость
appleId: 8CBC3429-2EFF-44DD-BB5F-79E87C85F75B
sklad_hash: 14632bbb0d414c24e154f9751d0c3b31
company_id: 4493

=====
Response:
{"action":"get_company_data","code":0,"data":{"company_id":4493,"title":"","city":"","phone":"89166432817","email":"lianam1@yandex.ru","contact":"\u041c\u0430\u0440\u0442\u044b\u043d\u043e\u0432\u0430 \u041b\u0438\u0430\u043d\u0430 \u0410\u043b\u0435\u043a\u0441\u0430\u043d\u0434\u0440\u043e\u0432\u043d\u0430","goods_count":"456","last_update":"21.07.2014"},"performedDatetime":"2014-08-08T10:43:19Z","authStatus":"0","accessDateEnd":""}
=====

select distinct city from sklad_tovar where comp_id= and city!='' order by city
q2: 
 auth: 100 
=====
Query:
performedDatetime: 2014-08-08 10:43:52  0000
action: get_goods_data
sklad_user: Гость
appleId: 8CBC3429-2EFF-44DD-BB5F-79E87C85F75B
sklad_hash: 14632bbb0d414c24e154f9751d0c3b31
searchTerm: Кугпэпнг
resultsFrom: 0
sort: 0
cityFilter: 

=====
Response:
{"action":"get_goods_data","searchTerm":"\u041a\u0443\u0433\u043f\u044d\u043f\u043d\u0433","resultsFrom":0,"sort":0,"cityFilter":"","code":0,"resultsCount":"28","lastPage":0,"data":[{"name":"\u041a\u0423\u0413\u041f\u042d\u041f\u043d\u0433(A)-HF 2\u04450.75","amount":"0,025","amount_parts":"","unit":"\u043a\u043c","city":"\u041c\u043e\u0441\u043a\u043e\u0432\u0441\u043a\u0430\u044f \u043e\u0431\u043b., \u0433. \u0425\u0438\u043c\u043a\u0438","company_id":"13849","company_name":"\u041e\u041e\u041e \u041f\u0440\u043e\u0432\u043e\u0434\u043d\u0438\u043a"},{"name":"\u041a\u0423\u0413\u041f\u042d\u041f\u043d\u0433(A)-HF 2\u04450.75","amount":"0,025","amount_parts":"","unit":"\u043a\u043c","city":"\u041c\u043e\u0441\u043a\u0432\u0430","company_id":"13909","company_name":"\u041e\u041e\u041e \"\u041f\u0440\u043e\u0432\u043e\u0434\u043d\u0438\u043a\""},{"name":"\u041a\u0423\u0413\u041f\u042d\u041f\u043d\u0433(A)-HF 3\u04450.75","amount":"0,056","amount_parts":"","unit":"\u043a\u043c","city":"\u041c\u043e\u0441\u043a\u043e\u0432\u0441\u043a\u0430\u044f \u043e\u0431\u043b., \u0433. \u0425\u0438\u043c\u043a\u0438","company_id":"13849","company_name":"\u041e\u041e\u041e \u041f\u0440\u043e\u0432\u043e\u0434\u043d\u0438\u043a"},{"name":"\u041a\u0423\u0413\u041f\u042d\u041f\u043d\u0433(A)-HF 3\u04450.75","amount":"0,056","amount_parts":"","unit":"\u043a\u043c","city":"\u041c\u043e\u0441\u043a\u0432\u0430","company_id":"13909","company_name":"\u041e\u041e\u041e \"\u041f\u0440\u043e\u0432\u043e\u0434\u043d\u0438\u043a\""},{"name":"\u041a\u0423\u0413\u041f\u042d\u041f\u043d\u0433(A)-HF 4\u04450.75","amount":"0,109","amount_parts":"","unit":"\u043a\u043c","city":"\u041c\u043e\u0441\u043a\u043e\u0432\u0441\u043a\u0430\u044f \u043e\u0431\u043b., \u0433. \u0425\u0438\u043c\u043a\u0438","company_id":"13849","company_name":"\u041e\u041e\u041e \u041f\u0440\u043e\u0432\u043e\u0434\u043d\u0438\u043a"},{"name":"\u041a\u0423\u0413\u041f\u042d\u041f\u043d\u0433(A)-HF 4\u04450.75","amount":"0,109","amount_parts":"","unit":"\u043a\u043c","city":"\u041c\u043e\u0441\u043a\u0432\u0430","company_id":"13909","company_name":"\u041e\u041e\u041e \"\u041f\u0440\u043e\u0432\u043e\u0434\u043d\u0438\u043a\""},{"name":"\u041a\u0423\u0413\u041f\u042d\u041f\u043d\u0433(\u0410)-HF 10\u04452\u04450,5-380","amount":"0,125","amount_parts":"","unit":"\u043a\u043c","city":"\u041a\u043e\u043b\u044c\u0447\u0443\u0433\u0438\u043d\u043e","company_id":"4826","company_name":"\u041e\u041e\u041e \u041c\u041a\u0421"},{"name":"\u041a\u0423\u0413\u041f\u042d\u041f\u043d\u0433(\u0410)-HF 10\u04452\u04450,5-380","amount":"0,125","amount_parts":"","unit":"\u043a\u043c","city":"\u041a\u043e\u043b\u044c\u0447\u0443\u0433\u0438\u043d\u043e","company_id":"7162","company_name":"\u041e\u041e\u041e \"\u041a\u043e\u043c\u043f\u0430\u043d\u0438\u044f \u042d\u043b\u0435\u043a\u0442\u0440\u043e\u043c\u0435\u0442\""},{"name":"\u041a\u0423\u0413\u041f\u042d\u041f\u043d\u0433(\u0410)-HF 10\u04452\u04450,5-380 \u0422\u0423 16.\u041a71-338-2004","amount":"0,125","amount_parts":"","unit":"\u043a\u043c","city":"\u041a\u043e\u043b\u044c\u0447\u0443\u0433\u0438\u043d\u043e","company_id":"22088","company_name":"\u0425\u043e\u043b\u0434\u0438\u043d\u0433 \u041a\u0430\u0431\u0435\u043b\u044c\u043d\u044b\u0439 \u0410\u043b\u044c\u044f\u043d\u0441"},{"name":"\u041a\u0423\u0413\u041f\u042d\u041f\u043d\u0433(\u0410)-HF 1\u04452\u04450,5-1000","amount":"0,265","amount_parts":"","unit":"\u043a\u043c","city":"\u041a\u043e\u043b\u044c\u0447\u0443\u0433\u0438\u043d\u043e","company_id":"4826","company_name":"\u041e\u041e\u041e \u041c\u041a\u0421"},{"name":"\u041a\u0423\u0413\u041f\u042d\u041f\u043d\u0433(\u0410)-HF 1\u04452\u04450,5-1000","amount":"0,265","amount_parts":"","unit":"\u043a\u043c","city":"\u041a\u043e\u043b\u044c\u0447\u0443\u0433\u0438\u043d\u043e","company_id":"7162","company_name":"\u041e\u041e\u041e \"\u041a\u043e\u043c\u043f\u0430\u043d\u0438\u044f \u042d\u043b\u0435\u043a\u0442\u0440\u043e\u043c\u0435\u0442\""},{"name":"\u041a\u0423\u0413\u041f\u042d\u041f\u043d\u0433(\u0410)-HF 1\u04452\u04450,5-1000 \u0422\u0423 16.\u041a71-338-2004","amount":"0,265","amount_parts":"","unit":"\u043a\u043c","city":"\u041a\u043e\u043b\u044c\u0447\u0443\u0433\u0438\u043d\u043e","company_id":"22088","company_name":"\u0425\u043e\u043b\u0434\u0438\u043d\u0433 \u041a\u0430\u0431\u0435\u043b\u044c\u043d\u044b\u0439 \u0410\u043b\u044c\u044f\u043d\u0441"},{"name":"\u041a\u0423\u0413\u041f\u042d\u041f\u043d\u0433(\u0410)-HF 1\u04452\u04450,5-380","amount":"0,166","amount_parts":"","unit":"\u043a\u043c","city":"\u041a\u043e\u043b\u044c\u0447\u0443\u0433\u0438\u043d\u043e","company_id":"4826","company_name":"\u041e\u041e\u041e \u041c\u041a\u0421"},{"name":"\u041a\u0423\u0413\u041f\u042d\u041f\u043d\u0433(\u0410)-HF 1\u04452\u04450,5-380","amount":"0,166","amount_parts":"","unit":"\u043a\u043c","city":"\u041a\u043e\u043b\u044c\u0447\u0443\u0433\u0438\u043d\u043e","company_id":"7162","company_name":"\u041e\u041e\u041e \"\u041a\u043e\u043c\u043f\u0430\u043d\u0438\u044f \u042d\u043b\u0435\u043a\u0442\u0440\u043e\u043c\u0435\u0442\""},{"name":"\u041a\u0423\u0413\u041f\u042d\u041f\u043d\u0433(\u0410)-HF 1\u04452\u04450,5-380 \u0422\u0423 16.\u041a71-338-2004","amount":"0,166","amount_parts":"","unit":"\u043a\u043c","city":"\u041a\u043e\u043b\u044c\u0447\u0443\u0433\u0438\u043d\u043e","company_id":"22088","company_name":"\u0425\u043e\u043b\u0434\u0438\u043d\u0433 \u041a\u0430\u0431\u0435\u043b\u044c\u043d\u044b\u0439 \u0410\u043b\u044c\u044f\u043d\u0441"},{"name":"\u041a\u0423\u0413\u041f\u042d\u041f\u043d\u0433(\u0410)-HF 2\u04452\u04450,5-1000","amount":"0,149","amount_parts":"","unit":"\u043a\u043c","city":"\u041a\u043e\u043b\u044c\u0447\u0443\u0433\u0438\u043d\u043e","company_id":"4826","company_name":"\u041e\u041e\u041e \u041c\u041a\u0421"},{"name":"\u041a\u0423\u0413\u041f\u042d\u041f\u043d\u0433(\u0410)-HF 2\u04452\u04450,5-1000","amount":"0,149","amount_parts":"","unit":"\u043a\u043c","city":"\u041a\u043e\u043b\u044c\u0447\u0443\u0433\u0438\u043d\u043e","company_id":"7162","company_name":"\u041e\u041e\u041e \"\u041a\u043e\u043c\u043f\u0430\u043d\u0438\u044f \u042d\u043b\u0435\u043a\u0442\u0440\u043e\u043c\u0435\u0442\""},{"name":"\u041a\u0423\u0413\u041f\u042d\u041f\u043d\u0433(\u0410)-HF 2\u04452\u04450,5-1000 \u0422\u0423 16.\u041a71-338-2004","amount":"0,149","amount_parts":"","unit":"\u043a\u043c","city":"\u041a\u043e\u043b\u044c\u0447\u0443\u0433\u0438\u043d\u043e","company_id":"22088","company_name":"\u0425\u043e\u043b\u0434\u0438\u043d\u0433 \u041a\u0430\u0431\u0435\u043b\u044c\u043d\u044b\u0439 \u0410\u043b\u044c\u044f\u043d\u0441"},{"name":"\u041a\u0423\u0413\u041f\u042d\u041f\u043d\u0433(\u0410)-HF 4\u04452\u04450,5-380","amount":"0,159","amount_parts":"","unit":"\u043a\u043c","city":"\u041a\u043e\u043b\u044c\u0447\u0443\u0433\u0438\u043d\u043e","company_id":"4826","company_name":"\u041e\u041e\u041e \u041c\u041a\u0421"},{"name":"\u041a\u0423\u0413\u041f\u042d\u041f\u043d\u0433(\u0410)-HF 4\u04452\u04450,5-380","amount":"0,159","amount_parts":"","unit":"\u043a\u043c","city":"\u041a\u043e\u043b\u044c\u0447\u0443\u0433\u0438\u043d\u043e","company_id":"7162","company_name":"\u041e\u041e\u041e \"\u041a\u043e\u043c\u043f\u0430\u043d\u0438\u044f \u042d\u043b\u0435\u043a\u0442\u0440\u043e\u043c\u0435\u0442\""}],"performedDatetime":"2014-08-08T10:43:55Z","authStatus":"0","accessDateEnd":""}
=====

select s.id, s.comp_id, s.title, s.quant, s.unit_id, s.comments, s.city from
		sklad_tovar s where visible=1 and (title like 'Кугпэпнг%' or title like '% Кугпэпнг%') order by  s.title LIMIT 0, 20
q2: select count(id) from sklad_tovar s where visible=1 and (title like 'Кугпэпнг%' or title like '% Кугпэпнг%')
 auth: 100 
=====
Query:
performedDatetime: 2014-08-08 10:44:07  0000
action: get_company_data
sklad_user: Гость
appleId: 8CBC3429-2EFF-44DD-BB5F-79E87C85F75B
sklad_hash: 14632bbb0d414c24e154f9751d0c3b31
company_id: 22088

=====
Response:
{"action":"get_company_data","code":0,"data":{"company_id":22088,"title":"\u0425\u043e\u043b\u0434\u0438\u043d\u0433 \u041a\u0430\u0431\u0435\u043b\u044c\u043d\u044b\u0439 \u0410\u043b\u044c\u044f\u043d\u0441","city":"\u0415\u043a\u0430\u0442\u0435\u0440\u0438\u043d\u0431\u0443\u0440\u0433","phone":"3432833333","email":"beldina_i@holdcable.com","url":"http:\/\/holdcable.com\/","contact":"\u0418\u0440\u0438\u043d\u0430","goods_count":"4591","last_update":"14.07.2014"},"performedDatetime":"2014-08-08T10:44:08Z","authStatus":"0","accessDateEnd":""}
=====

select distinct city from sklad_tovar where comp_id= and city!='' order by city
q2: 
 auth: 100 
=====
Query:
performedDatetime: 2014-08-08 10:44:12  0000
action: get_company_data
sklad_user: Гость
appleId: 8CBC3429-2EFF-44DD-BB5F-79E87C85F75B
sklad_hash: 14632bbb0d414c24e154f9751d0c3b31
company_id: 7162

=====
Response:
{"action":"get_company_data","code":0,"data":{"company_id":7162,"title":"\u041e\u041e\u041e \"\u041a\u043e\u043c\u043f\u0430\u043d\u0438\u044f \u042d\u043b\u0435\u043a\u0442\u0440\u043e\u043c\u0435\u0442\"","city":"\u041a\u043e\u043b\u044c\u0447\u0443\u0433\u0438\u043d\u043e","address":"601785, \u0412\u043b\u0430\u0434\u0438\u043c\u0438\u0440\u0441\u043a\u0430\u044f \u043e\u0431\u043b, \u0433.\u041a\u043e\u043b\u044c\u0447\u0443\u0433\u0438\u043d\u043e,  \u0443\u043b. 50 \u041b\u0435\u0442 \u041e\u043a\u0442\u044f\u0431\u0440\u044f, \u0434.5","phone":"8-9807506402","email":"strelcova33@mail.ru","url":"http:\/\/WWW.ELMET33.RU","contact":" \u041e\u043b\u044c\u0433\u0430 ","goods_count":"1663","last_update":"28.07.2014"},"performedDatetime":"2014-08-08T10:44:12Z","authStatus":"0","accessDateEnd":""}
=====

select distinct city from sklad_tovar where comp_id= and city!='' order by city
q2: 
 auth: 100 
=====
