Query:
performedDatetime: 2014-09-18 03:52:22  0000
action: get_text

=====
Response:
{"action":"get_text","code":0,"data":"","performedDatetime":"2014-09-18T03:52:26Z","authStatus":"10"}
=====


q2: 
 auth: 0 
=====
Query:
performedDatetime: 2014-09-18 05:21:21  0000
action: get_text

=====
Response:
{"action":"get_text","code":0,"data":"","performedDatetime":"2014-09-18T05:21:25Z","authStatus":"10"}
=====


q2: 
 auth: 0 
=====
Query:
performedDatetime: 2014-09-18 05:21:45  0000
action: get_goods_data
sklad_user: Гость
appleId: 6BCEC083-87BD-44FB-9F45-68D53E09BABF
sklad_hash: 4840db4e6d5a5ca1198e6f724a8e9515
searchTerm: Аввг 3х35 1
resultsFrom: 0
sort: 0
cityFilter: 

=====
Response:
{"action":"get_goods_data","searchTerm":"\u0410\u0432\u0432\u0433 3\u044535 1","resultsFrom":0,"code":0,"resultsCount":"0","data":[],"performedDatetime":"2014-09-18T05:21:49Z","authStatus":"0","accessDateEnd":""}
=====

select s.id, s.comp_id, s.title, s.quant, s.unit_id, s.comments, s.city from
		sklad_tovar s where visible=1 and (title like 'Аввг%' or title like '% Аввг%' or title like '%Аввг%' or title like '%Аввг%') and (title like '3х35%' or title like '% 3х35%' or title like '%3x35%') and (title like '1%' or title like '% 1%') order by  s.title LIMIT 0, 20
q2: select count(id) from sklad_tovar s where visible=1 and (title like 'Аввг%' or title like '% Аввг%' or title like '%Аввг%' or title like '%Аввг%') and (title like '3х35%' or title like '% 3х35%' or title like '%3x35%') and (title like '1%' or title like '% 1%')
 auth: 100 
=====
Query:
performedDatetime: 2014-09-18 05:21:50  0000
action: get_goods_data
sklad_user: Гость
appleId: 6BCEC083-87BD-44FB-9F45-68D53E09BABF
sklad_hash: 4840db4e6d5a5ca1198e6f724a8e9515
searchTerm: Аввг 3х35 1х16
resultsFrom: 0
sort: 0
cityFilter: 

=====
Response:
{"action":"get_goods_data","searchTerm":"\u0410\u0432\u0432\u0433 3\u044535 1\u044516","resultsFrom":0,"code":0,"resultsCount":"0","data":[],"performedDatetime":"2014-09-18T05:21:54Z","authStatus":"0","accessDateEnd":""}
=====

select s.id, s.comp_id, s.title, s.quant, s.unit_id, s.comments, s.city from
		sklad_tovar s where visible=1 and (title like 'Аввг%' or title like '% Аввг%' or title like '%Аввг%' or title like '%Аввг%') and (title like '3х35%' or title like '% 3х35%' or title like '%3x35%') and (title like '1х16%' or title like '% 1х16%' or title like '%1x16%') order by  s.title LIMIT 0, 20
q2: select count(id) from sklad_tovar s where visible=1 and (title like 'Аввг%' or title like '% Аввг%' or title like '%Аввг%' or title like '%Аввг%') and (title like '3х35%' or title like '% 3х35%' or title like '%3x35%') and (title like '1х16%' or title like '% 1х16%' or title like '%1x16%')
 auth: 100 
=====
Query:
performedDatetime: 2014-09-18 05:21:56  0000
action: get_goods_data
sklad_user: Гость
appleId: 6BCEC083-87BD-44FB-9F45-68D53E09BABF
sklad_hash: 4840db4e6d5a5ca1198e6f724a8e9515
searchTerm: Аввг 3х35
resultsFrom: 0
sort: 0
cityFilter: 

=====
Response:
{"action":"get_goods_data","searchTerm":"\u0410\u0432\u0432\u0433 3\u044535","resultsFrom":0,"sort":0,"cityFilter":"","code":0,"resultsCount":"21","lastPage":0,"data":[{"name":"\u0410\u0412\u0412\u0413 3x35 (\u043e\u0436)","amount":"0,043","amount_parts":"","unit":"\u043a\u043c","city":"\u041a\u0430\u0437\u0430\u043d\u044c","company_id":"17376","company_name":"\u041e\u041e\u041e \"\u0420\u0438\u0441\u0430\u0440\""},{"name":"\u0410\u0412\u0412\u0413 3\u044535 (\u043e\u0436)--0,66","amount":"0,05","amount_parts":"","unit":"\u043a\u043c","city":"\u041f\u0430\u0432\u043b\u043e\u0434\u0430\u0440","company_id":"7464","company_name":"\u0410\u041e \"\u041a\u0430\u0437\u044d\u043d\u0435\u0440\u0433\u043e\u043a\u0430\u0431\u0435\u043b\u044c\""},{"name":"\u0410\u0412\u0412\u0413 3\u044535+","amount":"0,02","amount_parts":"","unit":"\u043a\u043c","city":"\u041f\u0435\u0440\u043c\u044c","company_id":"3601","company_name":"\u041e\u041e\u041e \"\u0422\u041c\u041a-\u042d\u041d\u0415\u0420\u0413\u041e\""},{"name":"\u0410\u0412\u0412\u0413 3\u044535+1\u044516","amount":"0,084","amount_parts":"","unit":"\u043a\u043c","city":"\u0410\u0440\u0445\u0430\u043d\u0433\u0435\u043b\u044c\u0441\u043a","company_id":"20371","company_name":"\u041e\u041e\u041e \u042d\u043d\u0435\u0440\u0433\u043e\u0440\u0435\u0441\u0443\u0440\u0441"},{"name":"\u0410\u0412\u0412\u0413 3\u044535+1\u044516","amount":"0,395","amount_parts":"","unit":"\u043a\u043c","city":"\u041c\u043e\u0441\u043a\u0432\u0430","company_id":"22412","company_name":"\u041e\u041e\u041e \u041a\u041e\u0420\u041f\u041e\u0420\u0410\u0426\u0418\u042f \u0411\u0430\u043b\u0442\u041f\u0440\u043e\u043c\u041a\u043e\u043c\u043f\u043b\u0435\u043a\u0442"},{"name":"\u0410\u0412\u0412\u0413 3\u044535+1\u044516","amount":"0,02","amount_parts":"","unit":"\u043a\u043c","city":"\u041f\u0435\u0440\u043c\u044c","company_id":"25001","company_name":"\u041e\u041e\u041e \u0421\u041f\u041a \"\u041f\u0440\u043e\u043c\u0418\u043d\u0432\u0435\u0441\u0442\u041a\u0430\u0431\u0435\u043b\u044c\""},{"name":"\u0410\u0412\u0412\u0413 3\u044535+1\u044516","amount":"0,395","amount_parts":"","unit":"\u043a\u043c","city":"\u0421\u0430\u043d\u043a\u0442-\u041f\u0435\u0442\u0435\u0440\u0431\u0443\u0440\u0433","company_id":"3660","company_name":"\u041e\u041e\u041e \u041a\u0430\u0431\u0435\u043b\u044c\u0413\u0440\u0443\u043f\u043f"},{"name":"\u0410\u0412\u0412\u0413 3\u044535+1\u044516","amount":"0,136","amount_parts":"","unit":"\u043a\u043c","city":"\u041c\u043e\u0441\u043a\u0432\u0430","company_id":"12960","company_name":"\u041e\u041e\u041e \u041a\u0432\u0435\u043d\u0442"},{"name":"\u0410\u0412\u0412\u0413 3\u044535+1\u044516","amount":"0,395","amount_parts":"","unit":"\u043a\u043c","city":"\u0421\u0430\u043d\u043a\u0442-\u041f\u0435\u0442\u0435\u0440\u0431\u0443\u0440\u0433","company_id":"16940","company_name":"\u041e\u041e\u041e \"\u041e\u043f\u0442\u0413\u0440\u0443\u043f\u043f\""},{"name":"\u0410\u0412\u0412\u0413 3\u044535+1\u044516 (\u043e\u0436)--0,66","amount":"0,077","amount_parts":"","unit":"\u043a\u043c","city":"\u041f\u0430\u0432\u043b\u043e\u0434\u0430\u0440","company_id":"7464","company_name":"\u0410\u041e \"\u041a\u0430\u0437\u044d\u043d\u0435\u0440\u0433\u043e\u043a\u0430\u0431\u0435\u043b\u044c\""},{"name":"\u0410\u0412\u0412\u0413 3\u044535+1\u044516-1","amount":"0,206","amount_parts":"","unit":"\u043a\u043c","city":"\u041a\u0440\u0430\u0441\u043d\u043e\u0434\u0430\u0440","company_id":"20781","company_name":"\u041e\u041e\u041e  OptimLAN"},{"name":"\u0410\u0412\u0412\u0413 3\u044535+1\u044525","amount":"0,277","amount_parts":"","unit":"\u043a\u043c","city":"\u041c\u043e\u0441\u043a\u0432\u0430","company_id":"22412","company_name":"\u041e\u041e\u041e \u041a\u041e\u0420\u041f\u041e\u0420\u0410\u0426\u0418\u042f \u0411\u0430\u043b\u0442\u041f\u0440\u043e\u043c\u041a\u043e\u043c\u043f\u043b\u0435\u043a\u0442"},{"name":"\u0410\u0412\u0412\u0413 3\u044535+1\u044525","amount":"0,277","amount_parts":"","unit":"\u043a\u043c","city":"\u0421\u0430\u043d\u043a\u0442-\u041f\u0435\u0442\u0435\u0440\u0431\u0443\u0440\u0433","company_id":"3660","company_name":"\u041e\u041e\u041e \u041a\u0430\u0431\u0435\u043b\u044c\u0413\u0440\u0443\u043f\u043f"},{"name":"\u0410\u0412\u0412\u0413 3\u044535+1\u044525","amount":"0,277","amount_parts":"","unit":"\u043a\u043c","city":"\u0421\u0430\u043d\u043a\u0442-\u041f\u0435\u0442\u0435\u0440\u0431\u0443\u0440\u0433","company_id":"16940","company_name":"\u041e\u041e\u041e \"\u041e\u043f\u0442\u0413\u0440\u0443\u043f\u043f\""},{"name":"\u0410\u0412\u0412\u0413-0,66 3\u044535 \u043e\u0436","amount":"2,215","amount_parts":"0,785; 0,437; 0,757; 0,11; 0,126; ","unit":"\u043a\u043c","city":"\u041f\u0435\u0440\u043c\u044c","company_id":"16985","company_name":"\u041e\u041e\u041e \"\u041d\u043e\u0432\u0440\u0435\u043c\u0434\u043e\u0440\u043c\u0430\u0448\""},{"name":"\u0410\u0412\u0412\u0413\u0437 3\u044535","amount":"0,292","amount_parts":"","unit":"\u043a\u043c","city":"\u041f\u0435\u0440\u043c\u044c","company_id":"3601","company_name":"\u041e\u041e\u041e \"\u0422\u041c\u041a-\u042d\u041d\u0415\u0420\u0413\u041e\""},{"name":"\u0410\u0412\u0412\u0413\u0437 3\u044535","amount":"0,292","amount_parts":"","unit":"\u043a\u043c","city":"\u041f\u0435\u0440\u043c\u044c","company_id":"25001","company_name":"\u041e\u041e\u041e \u0421\u041f\u041a \"\u041f\u0440\u043e\u043c\u0418\u043d\u0432\u0435\u0441\u0442\u041a\u0430\u0431\u0435\u043b\u044c\""},{"name":"\u0410\u0412\u0412\u0413\u0437 3\u044535","amount":"0,27","amount_parts":"","unit":"\u043a\u043c","city":"\u041f\u0435\u0440\u043c\u044c","company_id":"10969","company_name":"\u041e\u041e\u041e \u0410\u0428\u0422\u0420\u0415\u0412\u0415\u041b"},{"name":"\u0410\u0412\u0412\u0413\u043d\u0433 3\u044535 (\u043e\u0436)--0,66","amount":"0,1","amount_parts":"","unit":"\u043a\u043c","city":"\u041f\u0430\u0432\u043b\u043e\u0434\u0430\u0440","company_id":"7464","company_name":"\u0410\u041e \"\u041a\u0430\u0437\u044d\u043d\u0435\u0440\u0433\u043e\u043a\u0430\u0431\u0435\u043b\u044c\""},{"name":"\u0410\u0412\u0412\u0413\u043d\u0433 3\u044535 (\u043e\u0436)--1","amount":"0,265","amount_parts":"0,108; 0,157; ","unit":"\u043a\u043c","city":"\u041f\u0430\u0432\u043b\u043e\u0434\u0430\u0440","company_id":"7464","company_name":"\u0410\u041e \"\u041a\u0430\u0437\u044d\u043d\u0435\u0440\u0433\u043e\u043a\u0430\u0431\u0435\u043b\u044c\""}],"performedDatetime":"2014-09-18T05:22:00Z","authStatus":"0","accessDateEnd":""}
=====

select s.id, s.comp_id, s.title, s.quant, s.unit_id, s.comments, s.city from
		sklad_tovar s where visible=1 and (title like 'Аввг%' or title like '% Аввг%' or title like '%Аввг%' or title like '%Аввг%') and (title like '3х35%' or title like '% 3х35%' or title like '%3x35%') order by  s.title LIMIT 0, 20
q2: select count(id) from sklad_tovar s where visible=1 and (title like 'Аввг%' or title like '% Аввг%' or title like '%Аввг%' or title like '%Аввг%') and (title like '3х35%' or title like '% 3х35%' or title like '%3x35%')
 auth: 100 
=====
Query:
performedDatetime: 2014-09-18 05:21:59  0000
action: get_city_list

=====
Response:
{"action":"get_city_list","code":0,"data":["\u0410\u0440\u0445\u0430\u043d\u0433\u0435\u043b\u044c\u0441\u043a","\u0410\u0441\u0442\u0430\u043d\u0430","\u0412\u043e\u043b\u0433\u043e\u0433\u0440\u0430\u0434","\u0412\u043e\u043b\u043e\u0433\u0434\u0430","\u0412\u043e\u0440\u043e\u043d\u0435\u0436","\u0412\u043e\u0441\u043a\u0440\u0435\u0441\u0435\u043d\u0441\u043a","\u0433. \u041a\u0438\u0440\u043e\u0432","\u0415\u043a\u0430\u0442\u0435\u0440\u0438\u043d\u0431\u0443\u0440\u0433","\u0418\u0432\u0430\u043d\u043e\u0432\u043e","\u0418\u0436\u0435\u0432\u0441\u043a","\u041a\u0430\u0437\u0430\u043d\u044c","\u041a\u0430\u043b\u0438\u043d\u0438\u043d\u0433\u0440\u0430\u0434","\u041a\u0430\u043b\u0443\u0433\u0430","\u041a\u0438\u0440\u043e\u0432","\u041a\u043e\u043b\u044c\u0447\u0443\u0433\u0438\u043d\u043e","\u041a\u0440\u0430\u0441\u043d\u043e\u0434\u0430\u0440","\u041a\u0440\u0430\u0441\u043d\u043e\u044f\u0440\u0441\u043a","\u041a\u0443\u0440\u0441\u043a","\u041b\u044b\u0441\u044c\u0432\u0430","\u041b\u044e\u0431\u0435\u0440\u0446\u044b","\u041b\u044e\u0434\u0438\u043d\u043e\u0432\u043e","\u041c\u043e\u0441\u043a\u0432\u0430","\u041c\u043e\u0441\u043a\u043e\u0432\u0441\u043a\u0430\u044f \u043e\u0431\u043b., \u0433. \u0425\u0438\u043c\u043a\u0438","\u041c\u043e\u0441\u043a\u043e\u0432\u0441\u043a\u0430\u044f \u043e\u0431\u043b\u0430\u0441\u0442\u044c, \u0433.\u0425\u0438\u043c\u043a\u0438","\u041d\u0430\u0445\u0430\u0431\u0438\u043d\u043e","\u041d\u0438\u0436\u043d\u0438\u0439 \u041d\u043e\u0432\u0433\u043e\u0440\u043e\u0434","\u041d\u043e\u0432\u043e\u043c\u043e\u0441\u043a\u043e\u0432\u0441\u043a","\u041d\u043e\u0432\u043e\u0441\u0438\u0431\u0438\u0440\u0441\u043a","\u041d\u043e\u0433\u0438\u043d\u0441\u043a","\u041e\u0431\u043d\u0438\u043d\u0441\u043a","\u041e\u0441\u043a\u043e\u043b","\u041f\u0430\u0432\u043b\u043e\u0434\u0430\u0440","\u041f\u0435\u0440\u043c\u044c","\u041f\u043e\u0434\u043e\u043b\u044c\u0441\u043a","\u0420\u043e\u0441\u0442\u043e\u0432","\u0420\u043e\u0441\u0442\u043e\u0432-\u043d\u0430-\u0414\u043e\u043d\u0443","\u0421\u0430\u043c\u0430\u0440\u0430","\u0421\u0430\u043d\u043a\u0442-\u041f\u0435\u0442\u0435\u0440\u0431\u0443\u0440\u0433","\u0421\u0430\u0440\u0430\u043d\u0441\u043a","\u0421\u043e\u0447\u0438","\u0422\u043e\u043c\u0441\u043a","\u0423\u0444\u0430","\u0425\u0430\u0431\u0430\u0440\u043e\u0432\u0441\u043a","\u0425\u0438\u043c\u043a\u0438","\u0447\u0435\u0431\u043e\u043a\u0441\u0430\u0440\u044b","\u0427\u0435\u043b\u044f\u0431\u0438\u043d\u0441\u043a","\u042f\u0440\u043e\u0441\u043b\u0430\u0432\u043b\u044c"],"performedDatetime":"2014-09-18T05:22:03Z","authStatus":"10"}
=====

select distinct city from sklad_tovar where city != '' order by city
q2: 
 auth: 0 
=====
Query:
performedDatetime: 2014-09-18 05:22:01  0000
action: get_goods_data
sklad_user: Гость
appleId: 6BCEC083-87BD-44FB-9F45-68D53E09BABF
sklad_hash: 4840db4e6d5a5ca1198e6f724a8e9515
searchTerm: Аввг 3х35
resultsFrom: 0
sort: 0
cityFilter: Екатеринбург

=====
Response:
{"action":"get_goods_data","searchTerm":"\u0410\u0432\u0432\u0433 3\u044535","resultsFrom":0,"code":0,"resultsCount":"0","data":[],"performedDatetime":"2014-09-18T05:22:05Z","authStatus":"0","accessDateEnd":""}
=====

select s.id, s.comp_id, s.title, s.quant, s.unit_id, s.comments, s.city from
		sklad_tovar s where city='Екатеринбург' and s.visible=1 and (title like 'Аввг%' or title like '% Аввг%' or title like '%Аввг%' or title like '%Аввг%') and (title like '3х35%' or title like '% 3х35%' or title like '%3x35%') order by  s.title LIMIT 0, 20
q2: select count(s.id) from sklad_tovar s where city='Екатеринбург' and s.visible=1 and (title like 'Аввг%' or title like '% Аввг%' or title like '%Аввг%' or title like '%Аввг%') and (title like '3х35%' or title like '% 3х35%' or title like '%3x35%')
 auth: 100 
=====
Query:
performedDatetime: 2014-09-18 05:22:10  0000
action: get_goods_data
sklad_user: Гость
appleId: 6BCEC083-87BD-44FB-9F45-68D53E09BABF
sklad_hash: 4840db4e6d5a5ca1198e6f724a8e9515
searchTerm: Аввг 3х35
resultsFrom: 0
sort: 0
cityFilter: Екатеринбург

=====
Response:
{"action":"get_goods_data","searchTerm":"\u0410\u0432\u0432\u0433 3\u044535","resultsFrom":0,"code":0,"resultsCount":"0","data":[],"performedDatetime":"2014-09-18T05:22:13Z","authStatus":"0","accessDateEnd":""}
=====

select s.id, s.comp_id, s.title, s.quant, s.unit_id, s.comments, s.city from
		sklad_tovar s where city='Екатеринбург' and s.visible=1 and (title like 'Аввг%' or title like '% Аввг%' or title like '%Аввг%' or title like '%Аввг%') and (title like '3х35%' or title like '% 3х35%' or title like '%3x35%') order by  s.title LIMIT 0, 20
q2: select count(s.id) from sklad_tovar s where city='Екатеринбург' and s.visible=1 and (title like 'Аввг%' or title like '% Аввг%' or title like '%Аввг%' or title like '%Аввг%') and (title like '3х35%' or title like '% 3х35%' or title like '%3x35%')
 auth: 100 
=====
Query:
performedDatetime: 2014-09-18 05:22:12  0000
action: get_goods_data
sklad_user: Гость
appleId: 6BCEC083-87BD-44FB-9F45-68D53E09BABF
sklad_hash: 4840db4e6d5a5ca1198e6f724a8e9515
searchTerm: Аввг 3х35
resultsFrom: 0
sort: 0
cityFilter: 

=====
Response:
{"action":"get_goods_data","searchTerm":"\u0410\u0432\u0432\u0433 3\u044535","resultsFrom":0,"sort":0,"cityFilter":"","code":0,"resultsCount":"21","lastPage":0,"data":[{"name":"\u0410\u0412\u0412\u0413 3x35 (\u043e\u0436)","amount":"0,043","amount_parts":"","unit":"\u043a\u043c","city":"\u041a\u0430\u0437\u0430\u043d\u044c","company_id":"17376","company_name":"\u041e\u041e\u041e \"\u0420\u0438\u0441\u0430\u0440\""},{"name":"\u0410\u0412\u0412\u0413 3\u044535 (\u043e\u0436)--0,66","amount":"0,05","amount_parts":"","unit":"\u043a\u043c","city":"\u041f\u0430\u0432\u043b\u043e\u0434\u0430\u0440","company_id":"7464","company_name":"\u0410\u041e \"\u041a\u0430\u0437\u044d\u043d\u0435\u0440\u0433\u043e\u043a\u0430\u0431\u0435\u043b\u044c\""},{"name":"\u0410\u0412\u0412\u0413 3\u044535+","amount":"0,02","amount_parts":"","unit":"\u043a\u043c","city":"\u041f\u0435\u0440\u043c\u044c","company_id":"3601","company_name":"\u041e\u041e\u041e \"\u0422\u041c\u041a-\u042d\u041d\u0415\u0420\u0413\u041e\""},{"name":"\u0410\u0412\u0412\u0413 3\u044535+1\u044516","amount":"0,084","amount_parts":"","unit":"\u043a\u043c","city":"\u0410\u0440\u0445\u0430\u043d\u0433\u0435\u043b\u044c\u0441\u043a","company_id":"20371","company_name":"\u041e\u041e\u041e \u042d\u043d\u0435\u0440\u0433\u043e\u0440\u0435\u0441\u0443\u0440\u0441"},{"name":"\u0410\u0412\u0412\u0413 3\u044535+1\u044516","amount":"0,395","amount_parts":"","unit":"\u043a\u043c","city":"\u041c\u043e\u0441\u043a\u0432\u0430","company_id":"22412","company_name":"\u041e\u041e\u041e \u041a\u041e\u0420\u041f\u041e\u0420\u0410\u0426\u0418\u042f \u0411\u0430\u043b\u0442\u041f\u0440\u043e\u043c\u041a\u043e\u043c\u043f\u043b\u0435\u043a\u0442"},{"name":"\u0410\u0412\u0412\u0413 3\u044535+1\u044516","amount":"0,02","amount_parts":"","unit":"\u043a\u043c","city":"\u041f\u0435\u0440\u043c\u044c","company_id":"25001","company_name":"\u041e\u041e\u041e \u0421\u041f\u041a \"\u041f\u0440\u043e\u043c\u0418\u043d\u0432\u0435\u0441\u0442\u041a\u0430\u0431\u0435\u043b\u044c\""},{"name":"\u0410\u0412\u0412\u0413 3\u044535+1\u044516","amount":"0,395","amount_parts":"","unit":"\u043a\u043c","city":"\u0421\u0430\u043d\u043a\u0442-\u041f\u0435\u0442\u0435\u0440\u0431\u0443\u0440\u0433","company_id":"3660","company_name":"\u041e\u041e\u041e \u041a\u0430\u0431\u0435\u043b\u044c\u0413\u0440\u0443\u043f\u043f"},{"name":"\u0410\u0412\u0412\u0413 3\u044535+1\u044516","amount":"0,136","amount_parts":"","unit":"\u043a\u043c","city":"\u041c\u043e\u0441\u043a\u0432\u0430","company_id":"12960","company_name":"\u041e\u041e\u041e \u041a\u0432\u0435\u043d\u0442"},{"name":"\u0410\u0412\u0412\u0413 3\u044535+1\u044516","amount":"0,395","amount_parts":"","unit":"\u043a\u043c","city":"\u0421\u0430\u043d\u043a\u0442-\u041f\u0435\u0442\u0435\u0440\u0431\u0443\u0440\u0433","company_id":"16940","company_name":"\u041e\u041e\u041e \"\u041e\u043f\u0442\u0413\u0440\u0443\u043f\u043f\""},{"name":"\u0410\u0412\u0412\u0413 3\u044535+1\u044516 (\u043e\u0436)--0,66","amount":"0,077","amount_parts":"","unit":"\u043a\u043c","city":"\u041f\u0430\u0432\u043b\u043e\u0434\u0430\u0440","company_id":"7464","company_name":"\u0410\u041e \"\u041a\u0430\u0437\u044d\u043d\u0435\u0440\u0433\u043e\u043a\u0430\u0431\u0435\u043b\u044c\""},{"name":"\u0410\u0412\u0412\u0413 3\u044535+1\u044516-1","amount":"0,206","amount_parts":"","unit":"\u043a\u043c","city":"\u041a\u0440\u0430\u0441\u043d\u043e\u0434\u0430\u0440","company_id":"20781","company_name":"\u041e\u041e\u041e  OptimLAN"},{"name":"\u0410\u0412\u0412\u0413 3\u044535+1\u044525","amount":"0,277","amount_parts":"","unit":"\u043a\u043c","city":"\u041c\u043e\u0441\u043a\u0432\u0430","company_id":"22412","company_name":"\u041e\u041e\u041e \u041a\u041e\u0420\u041f\u041e\u0420\u0410\u0426\u0418\u042f \u0411\u0430\u043b\u0442\u041f\u0440\u043e\u043c\u041a\u043e\u043c\u043f\u043b\u0435\u043a\u0442"},{"name":"\u0410\u0412\u0412\u0413 3\u044535+1\u044525","amount":"0,277","amount_parts":"","unit":"\u043a\u043c","city":"\u0421\u0430\u043d\u043a\u0442-\u041f\u0435\u0442\u0435\u0440\u0431\u0443\u0440\u0433","company_id":"3660","company_name":"\u041e\u041e\u041e \u041a\u0430\u0431\u0435\u043b\u044c\u0413\u0440\u0443\u043f\u043f"},{"name":"\u0410\u0412\u0412\u0413 3\u044535+1\u044525","amount":"0,277","amount_parts":"","unit":"\u043a\u043c","city":"\u0421\u0430\u043d\u043a\u0442-\u041f\u0435\u0442\u0435\u0440\u0431\u0443\u0440\u0433","company_id":"16940","company_name":"\u041e\u041e\u041e \"\u041e\u043f\u0442\u0413\u0440\u0443\u043f\u043f\""},{"name":"\u0410\u0412\u0412\u0413-0,66 3\u044535 \u043e\u0436","amount":"2,215","amount_parts":"0,785; 0,437; 0,757; 0,11; 0,126; ","unit":"\u043a\u043c","city":"\u041f\u0435\u0440\u043c\u044c","company_id":"16985","company_name":"\u041e\u041e\u041e \"\u041d\u043e\u0432\u0440\u0435\u043c\u0434\u043e\u0440\u043c\u0430\u0448\""},{"name":"\u0410\u0412\u0412\u0413\u0437 3\u044535","amount":"0,292","amount_parts":"","unit":"\u043a\u043c","city":"\u041f\u0435\u0440\u043c\u044c","company_id":"3601","company_name":"\u041e\u041e\u041e \"\u0422\u041c\u041a-\u042d\u041d\u0415\u0420\u0413\u041e\""},{"name":"\u0410\u0412\u0412\u0413\u0437 3\u044535","amount":"0,292","amount_parts":"","unit":"\u043a\u043c","city":"\u041f\u0435\u0440\u043c\u044c","company_id":"25001","company_name":"\u041e\u041e\u041e \u0421\u041f\u041a \"\u041f\u0440\u043e\u043c\u0418\u043d\u0432\u0435\u0441\u0442\u041a\u0430\u0431\u0435\u043b\u044c\""},{"name":"\u0410\u0412\u0412\u0413\u0437 3\u044535","amount":"0,27","amount_parts":"","unit":"\u043a\u043c","city":"\u041f\u0435\u0440\u043c\u044c","company_id":"10969","company_name":"\u041e\u041e\u041e \u0410\u0428\u0422\u0420\u0415\u0412\u0415\u041b"},{"name":"\u0410\u0412\u0412\u0413\u043d\u0433 3\u044535 (\u043e\u0436)--0,66","amount":"0,1","amount_parts":"","unit":"\u043a\u043c","city":"\u041f\u0430\u0432\u043b\u043e\u0434\u0430\u0440","company_id":"7464","company_name":"\u0410\u041e \"\u041a\u0430\u0437\u044d\u043d\u0435\u0440\u0433\u043e\u043a\u0430\u0431\u0435\u043b\u044c\""},{"name":"\u0410\u0412\u0412\u0413\u043d\u0433 3\u044535 (\u043e\u0436)--1","amount":"0,265","amount_parts":"0,108; 0,157; ","unit":"\u043a\u043c","city":"\u041f\u0430\u0432\u043b\u043e\u0434\u0430\u0440","company_id":"7464","company_name":"\u0410\u041e \"\u041a\u0430\u0437\u044d\u043d\u0435\u0440\u0433\u043e\u043a\u0430\u0431\u0435\u043b\u044c\""}],"performedDatetime":"2014-09-18T05:22:15Z","authStatus":"0","accessDateEnd":""}
=====

select s.id, s.comp_id, s.title, s.quant, s.unit_id, s.comments, s.city from
		sklad_tovar s where visible=1 and (title like 'Аввг%' or title like '% Аввг%' or title like '%Аввг%' or title like '%Аввг%') and (title like '3х35%' or title like '% 3х35%' or title like '%3x35%') order by  s.title LIMIT 0, 20
q2: select count(id) from sklad_tovar s where visible=1 and (title like 'Аввг%' or title like '% Аввг%' or title like '%Аввг%' or title like '%Аввг%') and (title like '3х35%' or title like '% 3х35%' or title like '%3x35%')
 auth: 100 
=====
Query:
performedDatetime: 2014-09-18 05:22:19  0000
action: get_company_data
sklad_user: Гость
appleId: 6BCEC083-87BD-44FB-9F45-68D53E09BABF
sklad_hash: 4840db4e6d5a5ca1198e6f724a8e9515
company_id: 25001

=====
Response:
{"action":"get_company_data","code":0,"data":{"company_id":25001,"title":"\u041e\u041e\u041e \u0421\u041f\u041a \"\u041f\u0440\u043e\u043c\u0418\u043d\u0432\u0435\u0441\u0442\u041a\u0430\u0431\u0435\u043b\u044c\"","city":"\u041f\u0435\u0440\u043c\u044c","address":"614104, \u0433. \u041f\u0435\u0440\u043c\u044c, \u0430\/\u044f 5071","phone":"9048423333","email":"79048423333@yandex.ru","contact":"\u041c\u0443\u0441\u0438\u0445\u0438\u043d \u041d\u0438\u043a\u0438\u0442\u0430 \u0410\u043b\u0435\u043a\u0441\u0430\u043d\u0434\u0440\u043e\u0432\u0438\u0447","goods_count":"1265","last_update":"17.09.2014"},"performedDatetime":"2014-09-18T05:22:22Z","authStatus":"0","accessDateEnd":""}
=====

select distinct city from sklad_tovar where comp_id= and city!='' order by city
q2: 
 auth: 100 
=====
Query:
performedDatetime: 2014-09-18 05:22:27  0000
action: get_company_data
sklad_user: Гость
appleId: 6BCEC083-87BD-44FB-9F45-68D53E09BABF
sklad_hash: 4840db4e6d5a5ca1198e6f724a8e9515
company_id: 3660

=====
Response:
{"action":"get_company_data","code":0,"data":{"company_id":3660,"title":"\u041e\u041e\u041e \u041a\u0430\u0431\u0435\u043b\u044c\u0413\u0440\u0443\u043f\u043f","city":"\u0421\u0430\u043d\u043a\u0442-\u041f\u0435\u0442\u0435\u0440\u0431\u0443\u0440\u0433","address":"\u0433.\u0421\u0430\u043d\u043a\u0442-\u041f\u0435\u0442\u0435\u0440\u0431\u0443\u0440\u0433  \u0443\u043b. \u041a\u043e\u0440\u043e\u043b\u0435\u043d\u043a\u043e 7\u0430","phone":"(812)5790087","email":"magazin@bpks.ru","url":"http:\/\/www.bpks.ru","contact":"\u0422\u0440\u0438\u0448\u043a\u0438\u043d \u0410\u043b\u0435\u043a\u0441\u0435\u0439 \u0413\u0435\u043d\u043d\u0430\u0434\u044c\u0435\u0432\u0438\u0447","goods_count":"1181","last_update":"16.09.2014"},"performedDatetime":"2014-09-18T05:22:31Z","authStatus":"0","accessDateEnd":""}
=====

select distinct city from sklad_tovar where comp_id= and city!='' order by city
q2: 
 auth: 100 
=====
Query:
performedDatetime: 2014-09-18 05:47:12  0000
action: get_goods_data
sklad_user: Гость
appleId: 6BCEC083-87BD-44FB-9F45-68D53E09BABF
sklad_hash: 4840db4e6d5a5ca1198e6f724a8e9515
searchTerm: Аввг 1х800
resultsFrom: 0
sort: 0
cityFilter: 

=====
Response:
{"action":"get_goods_data","searchTerm":"\u0410\u0432\u0432\u0433 1\u0445800","resultsFrom":0,"sort":0,"cityFilter":"","code":0,"resultsCount":"2","lastPage":1,"data":[{"name":"\u0410\u0412\u0412\u0413 1\u0445800","amount":"0,3","amount_parts":"","unit":"\u043a\u043c","city":"\u0415\u043a\u0430\u0442\u0435\u0440\u0438\u043d\u0431\u0443\u0440\u0433","company_id":"8500","company_name":"\u041e\u041e\u041e \u041c\u0435\u0436\u0440\u0435\u0433\u0438\u043e\u043d\u0430\u043b\u044c\u043d\u0430\u044f \u043a\u0430\u0431\u0435\u043b\u044c\u043d\u0430\u044f \u043a\u043e\u043c\u043f\u0430\u043d\u0438\u044f"},{"name":"\u0410\u0425\u041c\u041a 1\u0445800 - \u0410\u0412\u0412\u0413 1\u0445800 \u043f\u0440\u043e\u043c.","amount":"0,3","amount_parts":"","unit":"\u043a\u043c","city":"\u0415\u043a\u0430\u0442\u0435\u0440\u0438\u043d\u0431\u0443\u0440\u0433","company_id":"8500","company_name":"\u041e\u041e\u041e \u041c\u0435\u0436\u0440\u0435\u0433\u0438\u043e\u043d\u0430\u043b\u044c\u043d\u0430\u044f \u043a\u0430\u0431\u0435\u043b\u044c\u043d\u0430\u044f \u043a\u043e\u043c\u043f\u0430\u043d\u0438\u044f"}],"performedDatetime":"2014-09-18T05:47:16Z","authStatus":"0","accessDateEnd":""}
=====

select s.id, s.comp_id, s.title, s.quant, s.unit_id, s.comments, s.city from
		sklad_tovar s where visible=1 and (title like 'Аввг%' or title like '% Аввг%' or title like '%Аввг%' or title like '%Аввг%') and (title like '1х800%' or title like '% 1х800%' or title like '%1x800%') order by  s.title LIMIT 0, 20
q2: select count(id) from sklad_tovar s where visible=1 and (title like 'Аввг%' or title like '% Аввг%' or title like '%Аввг%' or title like '%Аввг%') and (title like '1х800%' or title like '% 1х800%' or title like '%1x800%')
 auth: 100 
=====
Query:
performedDatetime: 2014-09-18 05:47:14  0000
action: get_company_data
sklad_user: Гость
appleId: 6BCEC083-87BD-44FB-9F45-68D53E09BABF
sklad_hash: 4840db4e6d5a5ca1198e6f724a8e9515
company_id: 8500

=====
Response:
{"action":"get_company_data","code":0,"data":{"company_id":8500,"title":"\u041e\u041e\u041e \u041c\u0435\u0436\u0440\u0435\u0433\u0438\u043e\u043d\u0430\u043b\u044c\u043d\u0430\u044f \u043a\u0430\u0431\u0435\u043b\u044c\u043d\u0430\u044f \u043a\u043e\u043c\u043f\u0430\u043d\u0438\u044f","city":"\u0415\u043a\u0430\u0442\u0435\u0440\u0438\u043d\u0431\u0443\u0440\u0433","address":"620137, \u0443\u043b.\u0414\u0430\u043d\u0438\u043b\u044b \u0417\u0432\u0435\u0440\u0435\u0432\u0430, 31, \u043b\u0438\u0442\u0435\u0440 \u0420","phone":"8-800-7777-340","email":"vipcom@mail.ru","url":"http:\/\/www.1mkk.ru","contact":"\u041f\u0435\u0442\u0443\u0445\u043e\u0432 \u0410\u043d\u0434\u0440\u0435\u0439","goods_count":"642","last_update":"05.09.2014"},"performedDatetime":"2014-09-18T05:47:18Z","authStatus":"0","accessDateEnd":""}
=====

select distinct city from sklad_tovar where comp_id= and city!='' order by city
q2: 
 auth: 100 
=====
Query:
performedDatetime: 2014-09-18 06:13:59  0000
action: get_goods_data
sklad_user: Гость
appleId: 6BCEC083-87BD-44FB-9F45-68D53E09BABF
sklad_hash: 4840db4e6d5a5ca1198e6f724a8e9515
searchTerm: Аввг 3х35 1
resultsFrom: 0
sort: 0
cityFilter: 

=====
Response:
{"action":"get_goods_data","searchTerm":"\u0410\u0432\u0432\u0433 3\u044535 1","resultsFrom":0,"code":0,"resultsCount":"0","data":[],"performedDatetime":"2014-09-18T06:14:03Z","authStatus":"0","accessDateEnd":""}
=====

select s.id, s.comp_id, s.title, s.quant, s.unit_id, s.comments, s.city from
		sklad_tovar s where visible=1 and (title like 'Аввг%' or title like '% Аввг%' or title like '%Аввг%' or title like '%Аввг%') and (title like '3х35%' or title like '% 3х35%' or title like '%3x35%') and (title like '1%' or title like '% 1%') order by  s.title LIMIT 0, 20
q2: select count(id) from sklad_tovar s where visible=1 and (title like 'Аввг%' or title like '% Аввг%' or title like '%Аввг%' or title like '%Аввг%') and (title like '3х35%' or title like '% 3х35%' or title like '%3x35%') and (title like '1%' or title like '% 1%')
 auth: 100 
=====
Query:
performedDatetime: 2014-09-18 06:14:05  0000
action: get_goods_data
sklad_user: Гость
appleId: 6BCEC083-87BD-44FB-9F45-68D53E09BABF
sklad_hash: 4840db4e6d5a5ca1198e6f724a8e9515
searchTerm: Аввг 3х35
resultsFrom: 0
sort: 0
cityFilter: 

=====
Response:
{"action":"get_goods_data","searchTerm":"\u0410\u0432\u0432\u0433 3\u044535","resultsFrom":0,"sort":0,"cityFilter":"","code":0,"resultsCount":"21","lastPage":0,"data":[{"name":"\u0410\u0412\u0412\u0413 3x35 (\u043e\u0436)","amount":"0,043","amount_parts":"","unit":"\u043a\u043c","city":"\u041a\u0430\u0437\u0430\u043d\u044c","company_id":"17376","company_name":"\u041e\u041e\u041e \"\u0420\u0438\u0441\u0430\u0440\""},{"name":"\u0410\u0412\u0412\u0413 3\u044535 (\u043e\u0436)--0,66","amount":"0,05","amount_parts":"","unit":"\u043a\u043c","city":"\u041f\u0430\u0432\u043b\u043e\u0434\u0430\u0440","company_id":"7464","company_name":"\u0410\u041e \"\u041a\u0430\u0437\u044d\u043d\u0435\u0440\u0433\u043e\u043a\u0430\u0431\u0435\u043b\u044c\""},{"name":"\u0410\u0412\u0412\u0413 3\u044535+","amount":"0,02","amount_parts":"","unit":"\u043a\u043c","city":"\u041f\u0435\u0440\u043c\u044c","company_id":"3601","company_name":"\u041e\u041e\u041e \"\u0422\u041c\u041a-\u042d\u041d\u0415\u0420\u0413\u041e\""},{"name":"\u0410\u0412\u0412\u0413 3\u044535+1\u044516","amount":"0,084","amount_parts":"","unit":"\u043a\u043c","city":"\u0410\u0440\u0445\u0430\u043d\u0433\u0435\u043b\u044c\u0441\u043a","company_id":"20371","company_name":"\u041e\u041e\u041e \u042d\u043d\u0435\u0440\u0433\u043e\u0440\u0435\u0441\u0443\u0440\u0441"},{"name":"\u0410\u0412\u0412\u0413 3\u044535+1\u044516","amount":"0,395","amount_parts":"","unit":"\u043a\u043c","city":"\u041c\u043e\u0441\u043a\u0432\u0430","company_id":"22412","company_name":"\u041e\u041e\u041e \u041a\u041e\u0420\u041f\u041e\u0420\u0410\u0426\u0418\u042f \u0411\u0430\u043b\u0442\u041f\u0440\u043e\u043c\u041a\u043e\u043c\u043f\u043b\u0435\u043a\u0442"},{"name":"\u0410\u0412\u0412\u0413 3\u044535+1\u044516","amount":"0,02","amount_parts":"","unit":"\u043a\u043c","city":"\u041f\u0435\u0440\u043c\u044c","company_id":"25001","company_name":"\u041e\u041e\u041e \u0421\u041f\u041a \"\u041f\u0440\u043e\u043c\u0418\u043d\u0432\u0435\u0441\u0442\u041a\u0430\u0431\u0435\u043b\u044c\""},{"name":"\u0410\u0412\u0412\u0413 3\u044535+1\u044516","amount":"0,395","amount_parts":"","unit":"\u043a\u043c","city":"\u0421\u0430\u043d\u043a\u0442-\u041f\u0435\u0442\u0435\u0440\u0431\u0443\u0440\u0433","company_id":"3660","company_name":"\u041e\u041e\u041e \u041a\u0430\u0431\u0435\u043b\u044c\u0413\u0440\u0443\u043f\u043f"},{"name":"\u0410\u0412\u0412\u0413 3\u044535+1\u044516","amount":"0,136","amount_parts":"","unit":"\u043a\u043c","city":"\u041c\u043e\u0441\u043a\u0432\u0430","company_id":"12960","company_name":"\u041e\u041e\u041e \u041a\u0432\u0435\u043d\u0442"},{"name":"\u0410\u0412\u0412\u0413 3\u044535+1\u044516","amount":"0,395","amount_parts":"","unit":"\u043a\u043c","city":"\u0421\u0430\u043d\u043a\u0442-\u041f\u0435\u0442\u0435\u0440\u0431\u0443\u0440\u0433","company_id":"16940","company_name":"\u041e\u041e\u041e \"\u041e\u043f\u0442\u0413\u0440\u0443\u043f\u043f\""},{"name":"\u0410\u0412\u0412\u0413 3\u044535+1\u044516 (\u043e\u0436)--0,66","amount":"0,077","amount_parts":"","unit":"\u043a\u043c","city":"\u041f\u0430\u0432\u043b\u043e\u0434\u0430\u0440","company_id":"7464","company_name":"\u0410\u041e \"\u041a\u0430\u0437\u044d\u043d\u0435\u0440\u0433\u043e\u043a\u0430\u0431\u0435\u043b\u044c\""},{"name":"\u0410\u0412\u0412\u0413 3\u044535+1\u044516-1","amount":"0,206","amount_parts":"","unit":"\u043a\u043c","city":"\u041a\u0440\u0430\u0441\u043d\u043e\u0434\u0430\u0440","company_id":"20781","company_name":"\u041e\u041e\u041e  OptimLAN"},{"name":"\u0410\u0412\u0412\u0413 3\u044535+1\u044525","amount":"0,277","amount_parts":"","unit":"\u043a\u043c","city":"\u041c\u043e\u0441\u043a\u0432\u0430","company_id":"22412","company_name":"\u041e\u041e\u041e \u041a\u041e\u0420\u041f\u041e\u0420\u0410\u0426\u0418\u042f \u0411\u0430\u043b\u0442\u041f\u0440\u043e\u043c\u041a\u043e\u043c\u043f\u043b\u0435\u043a\u0442"},{"name":"\u0410\u0412\u0412\u0413 3\u044535+1\u044525","amount":"0,277","amount_parts":"","unit":"\u043a\u043c","city":"\u0421\u0430\u043d\u043a\u0442-\u041f\u0435\u0442\u0435\u0440\u0431\u0443\u0440\u0433","company_id":"3660","company_name":"\u041e\u041e\u041e \u041a\u0430\u0431\u0435\u043b\u044c\u0413\u0440\u0443\u043f\u043f"},{"name":"\u0410\u0412\u0412\u0413 3\u044535+1\u044525","amount":"0,277","amount_parts":"","unit":"\u043a\u043c","city":"\u0421\u0430\u043d\u043a\u0442-\u041f\u0435\u0442\u0435\u0440\u0431\u0443\u0440\u0433","company_id":"16940","company_name":"\u041e\u041e\u041e \"\u041e\u043f\u0442\u0413\u0440\u0443\u043f\u043f\""},{"name":"\u0410\u0412\u0412\u0413-0,66 3\u044535 \u043e\u0436","amount":"2,215","amount_parts":"0,785; 0,437; 0,757; 0,11; 0,126; ","unit":"\u043a\u043c","city":"\u041f\u0435\u0440\u043c\u044c","company_id":"16985","company_name":"\u041e\u041e\u041e \"\u041d\u043e\u0432\u0440\u0435\u043c\u0434\u043e\u0440\u043c\u0430\u0448\""},{"name":"\u0410\u0412\u0412\u0413\u0437 3\u044535","amount":"0,292","amount_parts":"","unit":"\u043a\u043c","city":"\u041f\u0435\u0440\u043c\u044c","company_id":"3601","company_name":"\u041e\u041e\u041e \"\u0422\u041c\u041a-\u042d\u041d\u0415\u0420\u0413\u041e\""},{"name":"\u0410\u0412\u0412\u0413\u0437 3\u044535","amount":"0,292","amount_parts":"","unit":"\u043a\u043c","city":"\u041f\u0435\u0440\u043c\u044c","company_id":"25001","company_name":"\u041e\u041e\u041e \u0421\u041f\u041a \"\u041f\u0440\u043e\u043c\u0418\u043d\u0432\u0435\u0441\u0442\u041a\u0430\u0431\u0435\u043b\u044c\""},{"name":"\u0410\u0412\u0412\u0413\u0437 3\u044535","amount":"0,27","amount_parts":"","unit":"\u043a\u043c","city":"\u041f\u0435\u0440\u043c\u044c","company_id":"10969","company_name":"\u041e\u041e\u041e \u0410\u0428\u0422\u0420\u0415\u0412\u0415\u041b"},{"name":"\u0410\u0412\u0412\u0413\u043d\u0433 3\u044535 (\u043e\u0436)--0,66","amount":"0,1","amount_parts":"","unit":"\u043a\u043c","city":"\u041f\u0430\u0432\u043b\u043e\u0434\u0430\u0440","company_id":"7464","company_name":"\u0410\u041e \"\u041a\u0430\u0437\u044d\u043d\u0435\u0440\u0433\u043e\u043a\u0430\u0431\u0435\u043b\u044c\""},{"name":"\u0410\u0412\u0412\u0413\u043d\u0433 3\u044535 (\u043e\u0436)--1","amount":"0,265","amount_parts":"0,108; 0,157; ","unit":"\u043a\u043c","city":"\u041f\u0430\u0432\u043b\u043e\u0434\u0430\u0440","company_id":"7464","company_name":"\u0410\u041e \"\u041a\u0430\u0437\u044d\u043d\u0435\u0440\u0433\u043e\u043a\u0430\u0431\u0435\u043b\u044c\""}],"performedDatetime":"2014-09-18T06:14:08Z","authStatus":"0","accessDateEnd":""}
=====

select s.id, s.comp_id, s.title, s.quant, s.unit_id, s.comments, s.city from
		sklad_tovar s where visible=1 and (title like 'Аввг%' or title like '% Аввг%' or title like '%Аввг%' or title like '%Аввг%') and (title like '3х35%' or title like '% 3х35%' or title like '%3x35%') order by  s.title LIMIT 0, 20
q2: select count(id) from sklad_tovar s where visible=1 and (title like 'Аввг%' or title like '% Аввг%' or title like '%Аввг%' or title like '%Аввг%') and (title like '3х35%' or title like '% 3х35%' or title like '%3x35%')
 auth: 100 
=====
Query:
performedDatetime: 2014-09-18 06:14:19  0000
action: get_goods_data
sklad_user: Гость
appleId: 6BCEC083-87BD-44FB-9F45-68D53E09BABF
sklad_hash: 4840db4e6d5a5ca1198e6f724a8e9515
searchTerm: Аввг 3х35
resultsFrom: 0
sort: 3
cityFilter: 

=====
Response:
{"action":"get_goods_data","searchTerm":"\u0410\u0432\u0432\u0433 3\u044535","resultsFrom":0,"sort":"3","cityFilter":"","code":0,"resultsCount":"21","lastPage":0,"data":[{"name":"\u0410\u0412\u0412\u0413-0,66 3\u044535 \u043e\u0436","amount":"2,215","amount_parts":"0,785; 0,437; 0,757; 0,11; 0,126; ","unit":"\u043a\u043c","city":"\u041f\u0435\u0440\u043c\u044c","company_id":"16985","company_name":"\u041e\u041e\u041e \"\u041d\u043e\u0432\u0440\u0435\u043c\u0434\u043e\u0440\u043c\u0430\u0448\""},{"name":"\u0410\u0412\u0412\u0413\u043d\u0433-LS 3\u044535+1\u044516 (\u043e\u0436)--0,66","amount":"0,848","amount_parts":"0,143; 0,705; ","unit":"\u043a\u043c","city":"\u041f\u0430\u0432\u043b\u043e\u0434\u0430\u0440","company_id":"7464","company_name":"\u0410\u041e \"\u041a\u0430\u0437\u044d\u043d\u0435\u0440\u0433\u043e\u043a\u0430\u0431\u0435\u043b\u044c\""},{"name":"\u0410\u0412\u0412\u0413 3\u044535+1\u044516","amount":"0,395","amount_parts":"","unit":"\u043a\u043c","city":"\u041c\u043e\u0441\u043a\u0432\u0430","company_id":"22412","company_name":"\u041e\u041e\u041e \u041a\u041e\u0420\u041f\u041e\u0420\u0410\u0426\u0418\u042f \u0411\u0430\u043b\u0442\u041f\u0440\u043e\u043c\u041a\u043e\u043c\u043f\u043b\u0435\u043a\u0442"},{"name":"\u0410\u0412\u0412\u0413 3\u044535+1\u044516","amount":"0,395","amount_parts":"","unit":"\u043a\u043c","city":"\u0421\u0430\u043d\u043a\u0442-\u041f\u0435\u0442\u0435\u0440\u0431\u0443\u0440\u0433","company_id":"3660","company_name":"\u041e\u041e\u041e \u041a\u0430\u0431\u0435\u043b\u044c\u0413\u0440\u0443\u043f\u043f"},{"name":"\u0410\u0412\u0412\u0413 3\u044535+1\u044516","amount":"0,395","amount_parts":"","unit":"\u043a\u043c","city":"\u0421\u0430\u043d\u043a\u0442-\u041f\u0435\u0442\u0435\u0440\u0431\u0443\u0440\u0433","company_id":"16940","company_name":"\u041e\u041e\u041e \"\u041e\u043f\u0442\u0413\u0440\u0443\u043f\u043f\""},{"name":"\u0410\u0412\u0412\u0413\u0437 3\u044535","amount":"0,292","amount_parts":"","unit":"\u043a\u043c","city":"\u041f\u0435\u0440\u043c\u044c","company_id":"3601","company_name":"\u041e\u041e\u041e \"\u0422\u041c\u041a-\u042d\u041d\u0415\u0420\u0413\u041e\""},{"name":"\u0410\u0412\u0412\u0413\u0437 3\u044535","amount":"0,292","amount_parts":"","unit":"\u043a\u043c","city":"\u041f\u0435\u0440\u043c\u044c","company_id":"25001","company_name":"\u041e\u041e\u041e \u0421\u041f\u041a \"\u041f\u0440\u043e\u043c\u0418\u043d\u0432\u0435\u0441\u0442\u041a\u0430\u0431\u0435\u043b\u044c\""},{"name":"\u0410\u0412\u0412\u0413 3\u044535+1\u044525","amount":"0,277","amount_parts":"","unit":"\u043a\u043c","city":"\u041c\u043e\u0441\u043a\u0432\u0430","company_id":"22412","company_name":"\u041e\u041e\u041e \u041a\u041e\u0420\u041f\u041e\u0420\u0410\u0426\u0418\u042f \u0411\u0430\u043b\u0442\u041f\u0440\u043e\u043c\u041a\u043e\u043c\u043f\u043b\u0435\u043a\u0442"},{"name":"\u0410\u0412\u0412\u0413 3\u044535+1\u044525","amount":"0,277","amount_parts":"","unit":"\u043a\u043c","city":"\u0421\u0430\u043d\u043a\u0442-\u041f\u0435\u0442\u0435\u0440\u0431\u0443\u0440\u0433","company_id":"3660","company_name":"\u041e\u041e\u041e \u041a\u0430\u0431\u0435\u043b\u044c\u0413\u0440\u0443\u043f\u043f"},{"name":"\u0410\u0412\u0412\u0413 3\u044535+1\u044525","amount":"0,277","amount_parts":"","unit":"\u043a\u043c","city":"\u0421\u0430\u043d\u043a\u0442-\u041f\u0435\u0442\u0435\u0440\u0431\u0443\u0440\u0433","company_id":"16940","company_name":"\u041e\u041e\u041e \"\u041e\u043f\u0442\u0413\u0440\u0443\u043f\u043f\""},{"name":"\u0410\u0412\u0412\u0413\u0437 3\u044535","amount":"0,27","amount_parts":"","unit":"\u043a\u043c","city":"\u041f\u0435\u0440\u043c\u044c","company_id":"10969","company_name":"\u041e\u041e\u041e \u0410\u0428\u0422\u0420\u0415\u0412\u0415\u041b"},{"name":"\u0410\u0412\u0412\u0413\u043d\u0433 3\u044535 (\u043e\u0436)--1","amount":"0,265","amount_parts":"0,108; 0,157; ","unit":"\u043a\u043c","city":"\u041f\u0430\u0432\u043b\u043e\u0434\u0430\u0440","company_id":"7464","company_name":"\u0410\u041e \"\u041a\u0430\u0437\u044d\u043d\u0435\u0440\u0433\u043e\u043a\u0430\u0431\u0435\u043b\u044c\""},{"name":"\u0410\u0412\u0412\u0413 3\u044535+1\u044516-1","amount":"0,206","amount_parts":"","unit":"\u043a\u043c","city":"\u041a\u0440\u0430\u0441\u043d\u043e\u0434\u0430\u0440","company_id":"20781","company_name":"\u041e\u041e\u041e  OptimLAN"},{"name":"\u0410\u0412\u0412\u0413 3\u044535+1\u044516","amount":"0,136","amount_parts":"","unit":"\u043a\u043c","city":"\u041c\u043e\u0441\u043a\u0432\u0430","company_id":"12960","company_name":"\u041e\u041e\u041e \u041a\u0432\u0435\u043d\u0442"},{"name":"\u0410\u0412\u0412\u0413\u043d\u0433 3\u044535 (\u043e\u0436)--0,66","amount":"0,1","amount_parts":"","unit":"\u043a\u043c","city":"\u041f\u0430\u0432\u043b\u043e\u0434\u0430\u0440","company_id":"7464","company_name":"\u0410\u041e \"\u041a\u0430\u0437\u044d\u043d\u0435\u0440\u0433\u043e\u043a\u0430\u0431\u0435\u043b\u044c\""},{"name":"\u0410\u0412\u0412\u0413 3\u044535+1\u044516","amount":"0,084","amount_parts":"","unit":"\u043a\u043c","city":"\u0410\u0440\u0445\u0430\u043d\u0433\u0435\u043b\u044c\u0441\u043a","company_id":"20371","company_name":"\u041e\u041e\u041e \u042d\u043d\u0435\u0440\u0433\u043e\u0440\u0435\u0441\u0443\u0440\u0441"},{"name":"\u0410\u0412\u0412\u0413 3\u044535+1\u044516 (\u043e\u0436)--0,66","amount":"0,077","amount_parts":"","unit":"\u043a\u043c","city":"\u041f\u0430\u0432\u043b\u043e\u0434\u0430\u0440","company_id":"7464","company_name":"\u0410\u041e \"\u041a\u0430\u0437\u044d\u043d\u0435\u0440\u0433\u043e\u043a\u0430\u0431\u0435\u043b\u044c\""},{"name":"\u0410\u0412\u0412\u0413 3\u044535 (\u043e\u0436)--0,66","amount":"0,05","amount_parts":"","unit":"\u043a\u043c","city":"\u041f\u0430\u0432\u043b\u043e\u0434\u0430\u0440","company_id":"7464","company_name":"\u0410\u041e \"\u041a\u0430\u0437\u044d\u043d\u0435\u0440\u0433\u043e\u043a\u0430\u0431\u0435\u043b\u044c\""},{"name":"\u0410\u0412\u0412\u0413 3x35 (\u043e\u0436)","amount":"0,043","amount_parts":"","unit":"\u043a\u043c","city":"\u041a\u0430\u0437\u0430\u043d\u044c","company_id":"17376","company_name":"\u041e\u041e\u041e \"\u0420\u0438\u0441\u0430\u0440\""},{"name":"\u0410\u0412\u0412\u0413 3\u044535+","amount":"0,02","amount_parts":"","unit":"\u043a\u043c","city":"\u041f\u0435\u0440\u043c\u044c","company_id":"3601","company_name":"\u041e\u041e\u041e \"\u0422\u041c\u041a-\u042d\u041d\u0415\u0420\u0413\u041e\""}],"performedDatetime":"2014-09-18T06:14:22Z","authStatus":"0","accessDateEnd":""}
=====

select s.id, s.comp_id, s.title, s.quant, s.unit_id, s.comments, s.city from
		sklad_tovar s where visible=1 and (title like 'Аввг%' or title like '% Аввг%' or title like '%Аввг%' or title like '%Аввг%') and (title like '3х35%' or title like '% 3х35%' or title like '%3x35%') order by s.q2 desc, s.title LIMIT 0, 20
q2: select count(id) from sklad_tovar s where visible=1 and (title like 'Аввг%' or title like '% Аввг%' or title like '%Аввг%' or title like '%Аввг%') and (title like '3х35%' or title like '% 3х35%' or title like '%3x35%')
 auth: 100 
=====
Query:
performedDatetime: 2014-09-18 06:14:24  0000
action: get_company_data
sklad_user: Гость
appleId: 6BCEC083-87BD-44FB-9F45-68D53E09BABF
sklad_hash: 4840db4e6d5a5ca1198e6f724a8e9515
company_id: 7464

=====
Response:
{"action":"get_company_data","code":0,"data":{"company_id":7464,"title":"\u0410\u041e \"\u041a\u0430\u0437\u044d\u043d\u0435\u0440\u0433\u043e\u043a\u0430\u0431\u0435\u043b\u044c\"","city":"\u041f\u0430\u0432\u043b\u043e\u0434\u0430\u0440","address":"140 000, \u041a\u0430\u0437\u0430\u0445\u0441\u0442\u0430\u043d, \u041f\u0430\u0432\u043b\u043e\u0434\u0430\u0440, \u0421\u0435\u0432\u0435\u0440\u043d\u0430\u044f \u043f\u0440\u043e\u043c\u0437\u043e\u043d\u0430","phone":"+77774584949","email":"kazarin@kazkabel.kz","url":"http:\/\/www.kazkabel.kz\/","contact":"\u041a\u0430\u0437\u0430\u0440\u0438\u043d \u0410\u043b\u0435\u043a\u0441\u0435\u0439 \u0410\u043b\u0435\u043a\u0441\u0430\u043d\u0434\u0440\u043e\u0432\u0438\u0447","goods_count":"1654","last_update":"10.09.2014"},"performedDatetime":"2014-09-18T06:14:26Z","authStatus":"0","accessDateEnd":""}
=====

select distinct city from sklad_tovar where comp_id= and city!='' order by city
q2: 
 auth: 100 
=====
Query:
performedDatetime: 2014-09-18 06:14:48  0000
action: get_company_data
sklad_user: Гость
appleId: 6BCEC083-87BD-44FB-9F45-68D53E09BABF
sklad_hash: 4840db4e6d5a5ca1198e6f724a8e9515
company_id: 3660

=====
Response:
{"action":"get_company_data","code":0,"data":{"company_id":3660,"title":"\u041e\u041e\u041e \u041a\u0430\u0431\u0435\u043b\u044c\u0413\u0440\u0443\u043f\u043f","city":"\u0421\u0430\u043d\u043a\u0442-\u041f\u0435\u0442\u0435\u0440\u0431\u0443\u0440\u0433","address":"\u0433.\u0421\u0430\u043d\u043a\u0442-\u041f\u0435\u0442\u0435\u0440\u0431\u0443\u0440\u0433  \u0443\u043b. \u041a\u043e\u0440\u043e\u043b\u0435\u043d\u043a\u043e 7\u0430","phone":"(812)5790087","email":"magazin@bpks.ru","url":"http:\/\/www.bpks.ru","contact":"\u0422\u0440\u0438\u0448\u043a\u0438\u043d \u0410\u043b\u0435\u043a\u0441\u0435\u0439 \u0413\u0435\u043d\u043d\u0430\u0434\u044c\u0435\u0432\u0438\u0447","goods_count":"1181","last_update":"16.09.2014"},"performedDatetime":"2014-09-18T06:14:51Z","authStatus":"0","accessDateEnd":""}
=====

select distinct city from sklad_tovar where comp_id= and city!='' order by city
q2: 
 auth: 100 
=====
Query:
performedDatetime: 2014-09-18 06:14:50  0000
action: get_company_data
sklad_user: Гость
appleId: 6BCEC083-87BD-44FB-9F45-68D53E09BABF
sklad_hash: 4840db4e6d5a5ca1198e6f724a8e9515
company_id: 22412

=====
Response:
{"action":"get_company_data","code":0,"data":{"company_id":22412,"title":"\u041e\u041e\u041e \u041a\u041e\u0420\u041f\u041e\u0420\u0410\u0426\u0418\u042f \u0411\u0430\u043b\u0442\u041f\u0440\u043e\u043c\u041a\u043e\u043c\u043f\u043b\u0435\u043a\u0442","city":"\u041c\u043e\u0441\u043a\u0432\u0430","address":"\u041c\u043e\u0441\u043a\u0432\u0430 2-\u044f \u0443\u043b \u042d\u043d\u0442\u0443\u0437\u0438\u0430\u0441\u0442\u043e\u0432 \u0434\u043e\u043c 3","phone":"4957807792","email":"alexs@bpks.ru","url":"http:\/\/bpks.ru","contact":"\u0421\u0435\u0440\u0433\u0435\u0435\u0432 \u0410\u043b\u0435\u043a\u0441\u0435\u0439 \u0410\u043b\u0435\u043a\u0441\u0430\u043d\u0434\u0440\u043e\u0432\u0438\u0447","goods_count":"3512","last_update":"15.09.2014"},"performedDatetime":"2014-09-18T06:14:52Z","authStatus":"0","accessDateEnd":""}
=====

select distinct city from sklad_tovar where comp_id= and city!='' order by city
q2: 
 auth: 100 
=====
Query:
performedDatetime: 2014-09-18 06:14:52  0000
action: get_company_data
sklad_user: Гость
appleId: 6BCEC083-87BD-44FB-9F45-68D53E09BABF
sklad_hash: 4840db4e6d5a5ca1198e6f724a8e9515
company_id: 7464

=====
Response:
{"action":"get_company_data","code":0,"data":{"company_id":7464,"title":"\u0410\u041e \"\u041a\u0430\u0437\u044d\u043d\u0435\u0440\u0433\u043e\u043a\u0430\u0431\u0435\u043b\u044c\"","city":"\u041f\u0430\u0432\u043b\u043e\u0434\u0430\u0440","address":"140 000, \u041a\u0430\u0437\u0430\u0445\u0441\u0442\u0430\u043d, \u041f\u0430\u0432\u043b\u043e\u0434\u0430\u0440, \u0421\u0435\u0432\u0435\u0440\u043d\u0430\u044f \u043f\u0440\u043e\u043c\u0437\u043e\u043d\u0430","phone":"+77774584949","email":"kazarin@kazkabel.kz","url":"http:\/\/www.kazkabel.kz\/","contact":"\u041a\u0430\u0437\u0430\u0440\u0438\u043d \u0410\u043b\u0435\u043a\u0441\u0435\u0439 \u0410\u043b\u0435\u043a\u0441\u0430\u043d\u0434\u0440\u043e\u0432\u0438\u0447","goods_count":"1654","last_update":"10.09.2014"},"performedDatetime":"2014-09-18T06:14:54Z","authStatus":"0","accessDateEnd":""}
=====

select distinct city from sklad_tovar where comp_id= and city!='' order by city
q2: 
 auth: 100 
=====
Query:
performedDatetime: 2014-09-18 08:33:48  0000
action: get_text

=====
Response:
{"action":"get_text","code":0,"data":"","performedDatetime":"2014-09-18T08:33:47Z","authStatus":"10"}
=====


q2: 
 auth: 0 
=====
Query:
performedDatetime: 2014-09-18 12:30:46  0000
action: get_goods_data
sklad_user: Гость
appleId: 08603689-9356-4FCB-9120-E548BCD3B86F
sklad_hash: 0bd02ce0b1343a3301cfd2830a7c6d80
searchTerm: Ввг
resultsFrom: 0
sort: 0
cityFilter: 

=====
Response:
{"action":"get_goods_data","searchTerm":"\u0412\u0432\u0433","resultsFrom":0,"sort":0,"cityFilter":"","code":0,"resultsCount":"9428","lastPage":0,"data":[{"name":"NYCWY 0,6\/1\u043a\u0412 3\u044510RE10 - \u0412\u0412\u0413\u042d 3\u044510\/10","amount":"0,246","amount_parts":"","unit":"\u043a\u043c","city":"\u0415\u043a\u0430\u0442\u0435\u0440\u0438\u043d\u0431\u0443\u0440\u0433","company_id":"8500","company_name":"\u041e\u041e\u041e \u041c\u0435\u0436\u0440\u0435\u0433\u0438\u043e\u043d\u0430\u043b\u044c\u043d\u0430\u044f \u043a\u0430\u0431\u0435\u043b\u044c\u043d\u0430\u044f \u043a\u043e\u043c\u043f\u0430\u043d\u0438\u044f"},{"name":"\u0412\u0412\u0413 0,66\u043a\u0412 3\u04452,5","amount":"0,01","amount_parts":"","unit":"\u043a\u043c","city":"\u0447\u0435\u0431\u043e\u043a\u0441\u0430\u0440\u044b","company_id":"18400","company_name":"\u041e\u041e\u041e \u0414\u0438\u0430\u0434\u0430"},{"name":"\u0412\u0412\u0413 0,66\u043a\u0412 3\u04454","amount":"0,08","amount_parts":"","unit":"\u043a\u043c","city":"\u041c\u043e\u0441\u043a\u0432\u0430","company_id":"18400","company_name":"\u041e\u041e\u041e \u0414\u0438\u0430\u0434\u0430"},{"name":"\u0412\u0412\u0413 0,66\u043a\u0412 4\u04451,5","amount":"0,029","amount_parts":"","unit":"\u043a\u043c","city":"\u041c\u043e\u0441\u043a\u0432\u0430","company_id":"18400","company_name":"\u041e\u041e\u041e \u0414\u0438\u0430\u0434\u0430"},{"name":"\u0412\u0412\u0413 0,66\u043a\u0412 4\u04454","amount":"0,01","amount_parts":"","unit":"\u043a\u043c","city":"\u041d\u0438\u0436\u043d\u0438\u0439 \u041d\u043e\u0432\u0433\u043e\u0440\u043e\u0434","company_id":"18400","company_name":"\u041e\u041e\u041e \u0414\u0438\u0430\u0434\u0430"},{"name":"\u0412\u0412\u0413 0,66\u043a\u0412 5\u044510","amount":"0,088","amount_parts":"","unit":"\u043a\u043c","city":"\u041c\u043e\u0441\u043a\u0432\u0430","company_id":"18400","company_name":"\u041e\u041e\u041e \u0414\u0438\u0430\u0434\u0430"},{"name":"\u0412\u0412\u0413 0,66\u043a\u0412 5\u04452,5","amount":"0,2","amount_parts":"","unit":"\u043a\u043c","city":"\u0447\u0435\u0431\u043e\u043a\u0441\u0430\u0440\u044b","company_id":"18400","company_name":"\u041e\u041e\u041e \u0414\u0438\u0430\u0434\u0430"},{"name":"\u0412\u0412\u0413 1x 1.5 1\u043a\u0412","amount":"0,05","amount_parts":"","unit":"\u043a\u043c","city":"\u041a\u0430\u0437\u0430\u043d\u044c","company_id":"17376","company_name":"\u041e\u041e\u041e \"\u0420\u0438\u0441\u0430\u0440\""},{"name":"\u0412\u0412\u0413 1x 6","amount":"0,01","amount_parts":"","unit":"\u043a\u043c","city":"\u041a\u0430\u0437\u0430\u043d\u044c","company_id":"17376","company_name":"\u041e\u041e\u041e \"\u0420\u0438\u0441\u0430\u0440\""},{"name":"\u0412\u0412\u0413 1x150-1 \u043a\u0412","amount":"0,56","amount_parts":"","unit":"\u043a\u043c","city":"\u041a\u0440\u0430\u0441\u043d\u043e\u0434\u0430\u0440","company_id":"4151","company_name":"\u041e\u041e\u041e \u042d\u043b\u0435\u043a\u0442\u0440\u043e\u0442\u0435\u0445\u043d\u0438\u0447\u0435\u0441\u043a\u0430\u044f \u043a\u043e\u043c\u043f\u0430\u043d\u0438\u044f"},{"name":"\u0412\u0412\u0413 1x16 (\u043e\u0436)","amount":"0,08","amount_parts":"","unit":"\u043a\u043c","city":"\u041a\u0430\u0437\u0430\u043d\u044c","company_id":"17376","company_name":"\u041e\u041e\u041e \"\u0420\u0438\u0441\u0430\u0440\""},{"name":"\u0412\u0412\u0413 1\u04451,5","amount":"0,005","amount_parts":"","unit":"\u043a\u043c","city":"\u041c\u043e\u0441\u043a\u0432\u0430","company_id":"22412","company_name":"\u041e\u041e\u041e \u041a\u041e\u0420\u041f\u041e\u0420\u0410\u0426\u0418\u042f \u0411\u0430\u043b\u0442\u041f\u0440\u043e\u043c\u041a\u043e\u043c\u043f\u043b\u0435\u043a\u0442"},{"name":"\u0412\u0412\u0413 1\u04451,5","amount":"0,4","amount_parts":"","unit":"\u043a\u043c","city":"\u0415\u043a\u0430\u0442\u0435\u0440\u0438\u043d\u0431\u0443\u0440\u0433","company_id":"22345","company_name":"\u041e\u041e\u041e \u042d\u043d\u0435\u0440\u0433\u043e\u0446\u0435\u043d\u0442\u0440-\u0415\u041a"},{"name":"\u0412\u0412\u0413 1\u04451,5","amount":"0,746","amount_parts":"","unit":"\u043a\u043c","city":"\u041f\u0435\u0440\u043c\u044c","company_id":"10969","company_name":"\u041e\u041e\u041e \u0410\u0428\u0422\u0420\u0415\u0412\u0415\u041b"},{"name":"\u0412\u0412\u0413 1\u04451,5","amount":"0,005","amount_parts":"","unit":"\u043a\u043c","city":"\u0421\u0430\u043d\u043a\u0442-\u041f\u0435\u0442\u0435\u0440\u0431\u0443\u0440\u0433","company_id":"16940","company_name":"\u041e\u041e\u041e \"\u041e\u043f\u0442\u0413\u0440\u0443\u043f\u043f\""},{"name":"\u0412\u0412\u0413 1\u04451,5 (\u043e\u0436)--0,66","amount":"0,1","amount_parts":"","unit":"\u043a\u043c","city":"\u041f\u0430\u0432\u043b\u043e\u0434\u0430\u0440","company_id":"7464","company_name":"\u0410\u041e \"\u041a\u0430\u0437\u044d\u043d\u0435\u0440\u0433\u043e\u043a\u0430\u0431\u0435\u043b\u044c\""},{"name":"\u0412\u0412\u0413 1\u04451,5 \u0431\u0435\u043b 200","amount":"0,2","amount_parts":"","unit":"\u043a\u043c","city":"\u041d\u043e\u0432\u043e\u0441\u0438\u0431\u0438\u0440\u0441\u043a","company_id":"14419","company_name":"\u041e\u041e\u041e \u041a\u041e\u041c\u041f\u0410\u041d\u0418\u042f \u0417\u0410\u041f\u0421\u0418\u0411\u041a\u0410\u0411\u0415\u041b\u042c"},{"name":"\u0412\u0412\u0413 1\u04451,5 \u0431\u0435\u043b 200","amount":"0,2","amount_parts":"","unit":"\u043a\u043c","city":"\u041d\u043e\u0432\u043e\u0441\u0438\u0431\u0438\u0440\u0441\u043a","company_id":"8749","company_name":"\u0417\u0430\u043f\u0441\u0438\u0431\u043a\u0430\u0431\u0435\u043b\u044c"},{"name":"\u0412\u0412\u0413 1\u04451,5 \u0431\u0435\u043b 247","amount":"0,247","amount_parts":"","unit":"\u043a\u043c","city":"\u041d\u043e\u0432\u043e\u0441\u0438\u0431\u0438\u0440\u0441\u043a","company_id":"14419","company_name":"\u041e\u041e\u041e \u041a\u041e\u041c\u041f\u0410\u041d\u0418\u042f \u0417\u0410\u041f\u0421\u0418\u0411\u041a\u0410\u0411\u0415\u041b\u042c"},{"name":"\u0412\u0412\u0413 1\u04451,5 \u0431\u0435\u043b 247","amount":"0,247","amount_parts":"","unit":"\u043a\u043c","city":"\u041d\u043e\u0432\u043e\u0441\u0438\u0431\u0438\u0440\u0441\u043a","company_id":"8749","company_name":"\u0417\u0430\u043f\u0441\u0438\u0431\u043a\u0430\u0431\u0435\u043b\u044c"}],"performedDatetime":"2014-09-18T12:30:45Z","authStatus":"0","accessDateEnd":""}
=====

select s.id, s.comp_id, s.title, s.quant, s.unit_id, s.comments, s.city from
		sklad_tovar s where visible=1 and (title like 'Ввг%' or title like '% Ввг%') order by  s.title LIMIT 0, 20
q2: select count(id) from sklad_tovar s where visible=1 and (title like 'Ввг%' or title like '% Ввг%')
 auth: 100 
=====
Query:
performedDatetime: 2014-09-18 12:31:05  0000
action: get_company_data
sklad_user: Гость
appleId: 08603689-9356-4FCB-9120-E548BCD3B86F
sklad_hash: 0bd02ce0b1343a3301cfd2830a7c6d80
company_id: 18400

=====
Response:
{"action":"get_company_data","code":0,"data":{"company_id":18400,"title":"\u041e\u041e\u041e \u0414\u0438\u0430\u0434\u0430","city":"\u041c\u043e\u0441\u043a\u0432\u0430","address":"109428","phone":"+7 (985) 1943294","email":"buliga@diada.su","url":"http:\/\/diada-elektro.ru\/","contact":"\u0411\u0443\u043b\u0438\u0433\u0430 \u0410\u043b\u0435\u043a\u0441\u0435\u0439","goods_count":"947","last_update":"11.09.2014"},"performedDatetime":"2014-09-18T12:31:03Z","authStatus":"0","accessDateEnd":""}
=====

select distinct city from sklad_tovar where comp_id= and city!='' order by city
q2: 
 auth: 100 
=====
Query:
performedDatetime: 2014-09-18 13:19:16  0000
action: get_text

=====
Response:
{"action":"get_text","code":0,"data":"","performedDatetime":"2014-09-18T13:19:16Z","authStatus":"10"}
=====


q2: 
 auth: 0 
=====
Query:
performedDatetime: 2014-09-18 13:19:21  0000
action: get_goods_data
sklad_user: Гость
appleId: 73E7ACD0-FFBB-4F2F-9C76-2BB10CF364E4
sklad_hash: 8b8d5224cc6304794251c010474a42d0
searchTerm: Ввш
resultsFrom: 0
sort: 0
cityFilter: 

=====
Response:
{"action":"get_goods_data","searchTerm":"\u0412\u0432\u0448","resultsFrom":0,"code":0,"resultsCount":"0","data":[],"performedDatetime":"2014-09-18T13:19:21Z","authStatus":"0","accessDateEnd":""}
=====

select s.id, s.comp_id, s.title, s.quant, s.unit_id, s.comments, s.city from
		sklad_tovar s where visible=1 and (title like 'Ввш%' or title like '% Ввш%') order by  s.title LIMIT 0, 20
q2: select count(id) from sklad_tovar s where visible=1 and (title like 'Ввш%' or title like '% Ввш%')
 auth: 100 
=====
Query:
performedDatetime: 2014-09-18 13:19:25  0000
action: get_goods_data
sklad_user: Гость
appleId: 73E7ACD0-FFBB-4F2F-9C76-2BB10CF364E4
sklad_hash: 8b8d5224cc6304794251c010474a42d0
searchTerm: Ввг
resultsFrom: 0
sort: 0
cityFilter: 

=====
Response:
{"action":"get_goods_data","searchTerm":"\u0412\u0432\u0433","resultsFrom":0,"sort":0,"cityFilter":"","code":0,"resultsCount":"9444","lastPage":0,"data":[{"name":"NYCWY 0,6\/1\u043a\u0412 3\u044510RE10 - \u0412\u0412\u0413\u042d 3\u044510\/10","amount":"0,246","amount_parts":"","unit":"\u043a\u043c","city":"\u0415\u043a\u0430\u0442\u0435\u0440\u0438\u043d\u0431\u0443\u0440\u0433","company_id":"8500","company_name":"\u041e\u041e\u041e \u041c\u0435\u0436\u0440\u0435\u0433\u0438\u043e\u043d\u0430\u043b\u044c\u043d\u0430\u044f \u043a\u0430\u0431\u0435\u043b\u044c\u043d\u0430\u044f \u043a\u043e\u043c\u043f\u0430\u043d\u0438\u044f"},{"name":"\u0412\u0412\u0413 0,66\u043a\u0412 3\u04452,5","amount":"0,01","amount_parts":"","unit":"\u043a\u043c","city":"\u0447\u0435\u0431\u043e\u043a\u0441\u0430\u0440\u044b","company_id":"18400","company_name":"\u041e\u041e\u041e \u0414\u0438\u0430\u0434\u0430"},{"name":"\u0412\u0412\u0413 0,66\u043a\u0412 3\u04454","amount":"0,08","amount_parts":"","unit":"\u043a\u043c","city":"\u041c\u043e\u0441\u043a\u0432\u0430","company_id":"18400","company_name":"\u041e\u041e\u041e \u0414\u0438\u0430\u0434\u0430"},{"name":"\u0412\u0412\u0413 0,66\u043a\u0412 4\u04451,5","amount":"0,029","amount_parts":"","unit":"\u043a\u043c","city":"\u041c\u043e\u0441\u043a\u0432\u0430","company_id":"18400","company_name":"\u041e\u041e\u041e \u0414\u0438\u0430\u0434\u0430"},{"name":"\u0412\u0412\u0413 0,66\u043a\u0412 4\u04454","amount":"0,01","amount_parts":"","unit":"\u043a\u043c","city":"\u041d\u0438\u0436\u043d\u0438\u0439 \u041d\u043e\u0432\u0433\u043e\u0440\u043e\u0434","company_id":"18400","company_name":"\u041e\u041e\u041e \u0414\u0438\u0430\u0434\u0430"},{"name":"\u0412\u0412\u0413 0,66\u043a\u0412 5\u044510","amount":"0,088","amount_parts":"","unit":"\u043a\u043c","city":"\u041c\u043e\u0441\u043a\u0432\u0430","company_id":"18400","company_name":"\u041e\u041e\u041e \u0414\u0438\u0430\u0434\u0430"},{"name":"\u0412\u0412\u0413 0,66\u043a\u0412 5\u04452,5","amount":"0,2","amount_parts":"","unit":"\u043a\u043c","city":"\u0447\u0435\u0431\u043e\u043a\u0441\u0430\u0440\u044b","company_id":"18400","company_name":"\u041e\u041e\u041e \u0414\u0438\u0430\u0434\u0430"},{"name":"\u0412\u0412\u0413 1x 1.5 1\u043a\u0412","amount":"0,05","amount_parts":"","unit":"\u043a\u043c","city":"\u041a\u0430\u0437\u0430\u043d\u044c","company_id":"17376","company_name":"\u041e\u041e\u041e \"\u0420\u0438\u0441\u0430\u0440\""},{"name":"\u0412\u0412\u0413 1x 6","amount":"0,01","amount_parts":"","unit":"\u043a\u043c","city":"\u041a\u0430\u0437\u0430\u043d\u044c","company_id":"17376","company_name":"\u041e\u041e\u041e \"\u0420\u0438\u0441\u0430\u0440\""},{"name":"\u0412\u0412\u0413 1x150-1 \u043a\u0412","amount":"0,56","amount_parts":"","unit":"\u043a\u043c","city":"\u041a\u0440\u0430\u0441\u043d\u043e\u0434\u0430\u0440","company_id":"4151","company_name":"\u041e\u041e\u041e \u042d\u043b\u0435\u043a\u0442\u0440\u043e\u0442\u0435\u0445\u043d\u0438\u0447\u0435\u0441\u043a\u0430\u044f \u043a\u043e\u043c\u043f\u0430\u043d\u0438\u044f"},{"name":"\u0412\u0412\u0413 1x16 (\u043e\u0436)","amount":"0,08","amount_parts":"","unit":"\u043a\u043c","city":"\u041a\u0430\u0437\u0430\u043d\u044c","company_id":"17376","company_name":"\u041e\u041e\u041e \"\u0420\u0438\u0441\u0430\u0440\""},{"name":"\u0412\u0412\u0413 1\u04451,5","amount":"0,005","amount_parts":"","unit":"\u043a\u043c","city":"\u041c\u043e\u0441\u043a\u0432\u0430","company_id":"22412","company_name":"\u041e\u041e\u041e \u041a\u041e\u0420\u041f\u041e\u0420\u0410\u0426\u0418\u042f \u0411\u0430\u043b\u0442\u041f\u0440\u043e\u043c\u041a\u043e\u043c\u043f\u043b\u0435\u043a\u0442"},{"name":"\u0412\u0412\u0413 1\u04451,5","amount":"0,4","amount_parts":"","unit":"\u043a\u043c","city":"\u0415\u043a\u0430\u0442\u0435\u0440\u0438\u043d\u0431\u0443\u0440\u0433","company_id":"22345","company_name":"\u041e\u041e\u041e \u042d\u043d\u0435\u0440\u0433\u043e\u0446\u0435\u043d\u0442\u0440-\u0415\u041a"},{"name":"\u0412\u0412\u0413 1\u04451,5","amount":"0,746","amount_parts":"","unit":"\u043a\u043c","city":"\u041f\u0435\u0440\u043c\u044c","company_id":"10969","company_name":"\u041e\u041e\u041e \u0410\u0428\u0422\u0420\u0415\u0412\u0415\u041b"},{"name":"\u0412\u0412\u0413 1\u04451,5","amount":"0,005","amount_parts":"","unit":"\u043a\u043c","city":"\u0421\u0430\u043d\u043a\u0442-\u041f\u0435\u0442\u0435\u0440\u0431\u0443\u0440\u0433","company_id":"16940","company_name":"\u041e\u041e\u041e \"\u041e\u043f\u0442\u0413\u0440\u0443\u043f\u043f\""},{"name":"\u0412\u0412\u0413 1\u04451,5 (\u043e\u0436)--0,66","amount":"0,1","amount_parts":"","unit":"\u043a\u043c","city":"\u041f\u0430\u0432\u043b\u043e\u0434\u0430\u0440","company_id":"7464","company_name":"\u0410\u041e \"\u041a\u0430\u0437\u044d\u043d\u0435\u0440\u0433\u043e\u043a\u0430\u0431\u0435\u043b\u044c\""},{"name":"\u0412\u0412\u0413 1\u04451,5 \u0431\u0435\u043b 200","amount":"0,2","amount_parts":"","unit":"\u043a\u043c","city":"\u041d\u043e\u0432\u043e\u0441\u0438\u0431\u0438\u0440\u0441\u043a","company_id":"14419","company_name":"\u041e\u041e\u041e \u041a\u041e\u041c\u041f\u0410\u041d\u0418\u042f \u0417\u0410\u041f\u0421\u0418\u0411\u041a\u0410\u0411\u0415\u041b\u042c"},{"name":"\u0412\u0412\u0413 1\u04451,5 \u0431\u0435\u043b 200","amount":"0,2","amount_parts":"","unit":"\u043a\u043c","city":"\u041d\u043e\u0432\u043e\u0441\u0438\u0431\u0438\u0440\u0441\u043a","company_id":"8749","company_name":"\u0417\u0430\u043f\u0441\u0438\u0431\u043a\u0430\u0431\u0435\u043b\u044c"},{"name":"\u0412\u0412\u0413 1\u04451,5 \u0431\u0435\u043b 247","amount":"0,247","amount_parts":"","unit":"\u043a\u043c","city":"\u041d\u043e\u0432\u043e\u0441\u0438\u0431\u0438\u0440\u0441\u043a","company_id":"14419","company_name":"\u041e\u041e\u041e \u041a\u041e\u041c\u041f\u0410\u041d\u0418\u042f \u0417\u0410\u041f\u0421\u0418\u0411\u041a\u0410\u0411\u0415\u041b\u042c"},{"name":"\u0412\u0412\u0413 1\u04451,5 \u0431\u0435\u043b 247","amount":"0,247","amount_parts":"","unit":"\u043a\u043c","city":"\u041d\u043e\u0432\u043e\u0441\u0438\u0431\u0438\u0440\u0441\u043a","company_id":"8749","company_name":"\u0417\u0430\u043f\u0441\u0438\u0431\u043a\u0430\u0431\u0435\u043b\u044c"}],"performedDatetime":"2014-09-18T13:19:25Z","authStatus":"0","accessDateEnd":""}
=====

select s.id, s.comp_id, s.title, s.quant, s.unit_id, s.comments, s.city from
		sklad_tovar s where visible=1 and (title like 'Ввг%' or title like '% Ввг%') order by  s.title LIMIT 0, 20
q2: select count(id) from sklad_tovar s where visible=1 and (title like 'Ввг%' or title like '% Ввг%')
 auth: 100 
=====
Query:
performedDatetime: 2014-09-18 13:19:31  0000
action: get_company_data
sklad_user: Гость
appleId: 73E7ACD0-FFBB-4F2F-9C76-2BB10CF364E4
sklad_hash: 8b8d5224cc6304794251c010474a42d0
company_id: 18400

=====
Response:
{"action":"get_company_data","code":0,"data":{"company_id":18400,"title":"\u041e\u041e\u041e \u0414\u0438\u0430\u0434\u0430","city":"\u041c\u043e\u0441\u043a\u0432\u0430","address":"109428","phone":"+7 (985) 1943294","email":"buliga@diada.su","url":"http:\/\/diada-elektro.ru\/","contact":"\u0411\u0443\u043b\u0438\u0433\u0430 \u0410\u043b\u0435\u043a\u0441\u0435\u0439","goods_count":"947","last_update":"11.09.2014"},"performedDatetime":"2014-09-18T13:19:30Z","authStatus":"0","accessDateEnd":""}
=====

select distinct city from sklad_tovar where comp_id= and city!='' order by city
q2: 
 auth: 100 
=====
Query:
performedDatetime: 2014-09-18 13:47:24  0000
action: get_goods_data
sklad_user: Гость
appleId: 08603689-9356-4FCB-9120-E548BCD3B86F
sklad_hash: 0bd02ce0b1343a3301cfd2830a7c6d80
searchTerm: Ввг
resultsFrom: 0
sort: 2
cityFilter: 

=====
Response:
{"action":"get_goods_data","searchTerm":"\u0412\u0432\u0433","resultsFrom":0,"sort":"2","cityFilter":"","code":0,"resultsCount":"9444","lastPage":0,"data":[{"name":"\u0412\u0412\u0413 1\u04451,5 \u043e\u043a-0,66 (\u0431\u0435\u043b\u044b\u0439)","amount":"740","amount_parts":"","unit":"\u043a\u043c","city":"\u041c\u043e\u0441\u043a\u0432\u0430","company_id":"17265","company_name":"\u041e\u041e\u041e \"\u0421\u0420\u0421-\u042d\u043b\u0435\u043a\u0442\u0440\u043e\""},{"name":"\u0412\u0412\u0413 3\u0445120+1\u044550 \u043c\u0441-1","amount":"11","amount_parts":"","unit":"\u043a\u043c","city":"\u041c\u043e\u0441\u043a\u0432\u0430","company_id":"17265","company_name":"\u041e\u041e\u041e \"\u0421\u0420\u0421-\u042d\u043b\u0435\u043a\u0442\u0440\u043e\""},{"name":"\u0412\u0412\u0413 3\u044535+1\u044516 \u043c\u043a-0,66","amount":"33","amount_parts":"","unit":"\u043a\u043c","city":"\u041c\u043e\u0441\u043a\u0432\u0430","company_id":"17265","company_name":"\u041e\u041e\u041e \"\u0421\u0420\u0421-\u042d\u043b\u0435\u043a\u0442\u0440\u043e\""},{"name":"\u0412\u0412\u0413 3\u04454+1\u04452,5 \u043e\u043a-0,66","amount":"2063","amount_parts":"","unit":"\u043a\u043c","city":"\u041c\u043e\u0441\u043a\u0432\u0430","company_id":"17265","company_name":"\u041e\u041e\u041e \"\u0421\u0420\u0421-\u042d\u043b\u0435\u043a\u0442\u0440\u043e\""},{"name":"\u0412\u0412\u0413\u043d\u0433(\u0410) 1\u04451,5 \u043e\u043a-0,66 (\u0447\u0435\u0440\u043d\u044b\u0439)","amount":"300","amount_parts":"","unit":"\u043a\u043c","city":"\u041c\u043e\u0441\u043a\u0432\u0430","company_id":"17265","company_name":"\u041e\u041e\u041e \"\u0421\u0420\u0421-\u042d\u043b\u0435\u043a\u0442\u0440\u043e\""},{"name":"\u0412\u0412\u0413\u043d\u0433(\u0410) 1\u044510 \u043e\u043a-0,66 (\u0431\u0435\u043b\u044b\u0439)","amount":"1555","amount_parts":"","unit":"\u043a\u043c","city":"\u041c\u043e\u0441\u043a\u0432\u0430","company_id":"17265","company_name":"\u041e\u041e\u041e \"\u0421\u0420\u0421-\u042d\u043b\u0435\u043a\u0442\u0440\u043e\""},{"name":"\u0412\u0412\u0413\u043d\u0433(\u0410) 1\u044510 \u043e\u043a-0,66 (\u0441\u0438\u043d\u0438\u0439)","amount":"169","amount_parts":"","unit":"\u043a\u043c","city":"\u041c\u043e\u0441\u043a\u0432\u0430","company_id":"17265","company_name":"\u041e\u041e\u041e \"\u0421\u0420\u0421-\u042d\u043b\u0435\u043a\u0442\u0440\u043e\""},{"name":"\u0412\u0412\u0413\u043d\u0433(\u0410) 1\u0445120 \u043c\u043a-1 (\u0431\u0435\u043b\u044b\u0439)","amount":"3855","amount_parts":"","unit":"\u043a\u043c","city":"\u041c\u043e\u0441\u043a\u0432\u0430","company_id":"17265","company_name":"\u041e\u041e\u041e \"\u0421\u0420\u0421-\u042d\u043b\u0435\u043a\u0442\u0440\u043e\""},{"name":"\u0412\u0412\u0413\u043d\u0433(\u0410) 1\u0445150 \u043c\u043a-1 (\u0431\u0435\u043b\u044b\u0439)","amount":"1490","amount_parts":"","unit":"\u043a\u043c","city":"\u041c\u043e\u0441\u043a\u0432\u0430","company_id":"17265","company_name":"\u041e\u041e\u041e \"\u0421\u0420\u0421-\u042d\u043b\u0435\u043a\u0442\u0440\u043e\""},{"name":"\u0412\u0412\u0413\u043d\u0433(\u0410) 1\u044516 \u043c\u043a-0,66 (\u0431\u0435\u043b\u044b\u0439)","amount":"3617","amount_parts":"","unit":"\u043a\u043c","city":"\u041c\u043e\u0441\u043a\u0432\u0430","company_id":"17265","company_name":"\u041e\u041e\u041e \"\u0421\u0420\u0421-\u042d\u043b\u0435\u043a\u0442\u0440\u043e\""},{"name":"\u0412\u0412\u0413\u043d\u0433(\u0410) 1\u044516 \u043e\u043a-0,66 (\u0436\/\u0437)","amount":"535","amount_parts":"","unit":"\u043a\u043c","city":"\u041c\u043e\u0441\u043a\u0432\u0430","company_id":"17265","company_name":"\u041e\u041e\u041e \"\u0421\u0420\u0421-\u042d\u043b\u0435\u043a\u0442\u0440\u043e\""},{"name":"\u0412\u0412\u0413\u043d\u0433(\u0410) 1\u0445185 \u043c\u043a-1 (\u0431\u0435\u043b\u044b\u0439)","amount":"1139","amount_parts":"","unit":"\u043a\u043c","city":"\u041c\u043e\u0441\u043a\u0432\u0430","company_id":"17265","company_name":"\u041e\u041e\u041e \"\u0421\u0420\u0421-\u042d\u043b\u0435\u043a\u0442\u0440\u043e\""},{"name":"\u0412\u0412\u0413\u043d\u0433(\u0410) 1\u0445240 \u043c\u043a-1 (\u0431\u0435\u043b\u044b\u0439)","amount":"340","amount_parts":"","unit":"\u043a\u043c","city":"\u041c\u043e\u0441\u043a\u0432\u0430","company_id":"17265","company_name":"\u041e\u041e\u041e \"\u0421\u0420\u0421-\u042d\u043b\u0435\u043a\u0442\u0440\u043e\""},{"name":"\u0412\u0412\u0413\u043d\u0433(\u0410) 1\u0445240 \u043c\u043a-1 (\u0436\/\u0436)","amount":"504","amount_parts":"","unit":"\u043a\u043c","city":"\u041c\u043e\u0441\u043a\u0432\u0430","company_id":"17265","company_name":"\u041e\u041e\u041e \"\u0421\u0420\u0421-\u042d\u043b\u0435\u043a\u0442\u0440\u043e\""},{"name":"\u0412\u0412\u0413\u043d\u0433(\u0410) 1\u044525 \u043c\u043a-0,66 (\u0431\u0435\u043b\u044b\u0439)","amount":"7","amount_parts":"","unit":"\u043a\u043c","city":"\u041c\u043e\u0441\u043a\u0432\u0430","company_id":"17265","company_name":"\u041e\u041e\u041e \"\u0421\u0420\u0421-\u042d\u043b\u0435\u043a\u0442\u0440\u043e\""},{"name":"\u0412\u0412\u0413\u043d\u0433(\u0410) 1\u044525 \u043c\u043a-0,66 (\u0441\u0438\u043d\u0438\u0439)","amount":"18","amount_parts":"","unit":"\u043a\u043c","city":"\u041c\u043e\u0441\u043a\u0432\u0430","company_id":"17265","company_name":"\u041e\u041e\u041e \"\u0421\u0420\u0421-\u042d\u043b\u0435\u043a\u0442\u0440\u043e\""},{"name":"\u0412\u0412\u0413\u043d\u0433(\u0410) 1\u044525 \u043e\u043a-0,66 (\u0431\u0435\u043b\u044b\u0439)","amount":"842","amount_parts":"","unit":"\u043a\u043c","city":"\u041c\u043e\u0441\u043a\u0432\u0430","company_id":"17265","company_name":"\u041e\u041e\u041e \"\u0421\u0420\u0421-\u042d\u043b\u0435\u043a\u0442\u0440\u043e\""},{"name":"\u0412\u0412\u0413\u043d\u0433(\u0410) 1\u044525 \u043e\u043a-0,66 (\u0441\u0438\u043d\u0438\u0439)","amount":"870","amount_parts":"","unit":"\u043a\u043c","city":"\u041c\u043e\u0441\u043a\u0432\u0430","company_id":"17265","company_name":"\u041e\u041e\u041e \"\u0421\u0420\u0421-\u042d\u043b\u0435\u043a\u0442\u0440\u043e\""},{"name":"\u0412\u0412\u0413\u043d\u0433(\u0410) 1\u0445300 \u043c\u043a-1 (\u0431\u0435\u043b\u044b\u0439)","amount":"1232","amount_parts":"","unit":"\u043a\u043c","city":"\u041c\u043e\u0441\u043a\u0432\u0430","company_id":"17265","company_name":"\u041e\u041e\u041e \"\u0421\u0420\u0421-\u042d\u043b\u0435\u043a\u0442\u0440\u043e\""},{"name":"\u0412\u0412\u0413\u043d\u0433(\u0410) 1\u044535 \u043e\u043a-0,66 (\u0431\u0435\u043b\u044b\u0439)","amount":"1590","amount_parts":"","unit":"\u043a\u043c","city":"\u041c\u043e\u0441\u043a\u0432\u0430","company_id":"17265","company_name":"\u041e\u041e\u041e \"\u0421\u0420\u0421-\u042d\u043b\u0435\u043a\u0442\u0440\u043e\""}],"performedDatetime":"2014-09-18T13:47:24Z","authStatus":"0","accessDateEnd":""}
=====

select s.id, s.comp_id, s.title, s.quant, s.unit_id, s.comments, s.city from
		sklad_tovar s where visible=1 and (title like 'Ввг%' or title like '% Ввг%') order by s.q2 asc, s.title LIMIT 0, 20
q2: select count(id) from sklad_tovar s where visible=1 and (title like 'Ввг%' or title like '% Ввг%')
 auth: 100 
=====
Query:
performedDatetime: 2014-09-18 14:00:44  0000
action: check_user_rights
sklad_user: Scand
appleId: 08603689-9356-4FCB-9120-E548BCD3B86F
sklad_hash: 6983c66ee21b3eca5e1e1d53ce188f94

=====
Response:
{"action":"check_user_rights","code":0,"performedDatetime":"2014-09-18T14:00:43Z","authStatus":"10"}
=====


q2: 
 auth: 0 
=====
Query:
performedDatetime: 2014-09-18 14:00:48  0000
action: get_text

=====
Response:
{"action":"get_text","code":0,"data":"","performedDatetime":"2014-09-18T14:00:47Z","authStatus":"10"}
=====


q2: 
 auth: 0 
=====
Query:
performedDatetime: 2014-09-18 14:02:07  0000
action: get_goods_data
sklad_user: Гость
appleId: 08603689-9356-4FCB-9120-E548BCD3B86F
sklad_hash: 0bd02ce0b1343a3301cfd2830a7c6d80
searchTerm: Ввг
resultsFrom: 0
sort: 0
cityFilter: 

=====
Response:
{"action":"get_goods_data","searchTerm":"\u0412\u0432\u0433","resultsFrom":0,"sort":0,"cityFilter":"","code":0,"resultsCount":"9444","lastPage":0,"data":[{"name":"NYCWY 0,6\/1\u043a\u0412 3\u044510RE10 - \u0412\u0412\u0413\u042d 3\u044510\/10","amount":"0,246","amount_parts":"","unit":"\u043a\u043c","city":"\u0415\u043a\u0430\u0442\u0435\u0440\u0438\u043d\u0431\u0443\u0440\u0433","company_id":"8500","company_name":"\u041e\u041e\u041e \u041c\u0435\u0436\u0440\u0435\u0433\u0438\u043e\u043d\u0430\u043b\u044c\u043d\u0430\u044f \u043a\u0430\u0431\u0435\u043b\u044c\u043d\u0430\u044f \u043a\u043e\u043c\u043f\u0430\u043d\u0438\u044f"},{"name":"\u0412\u0412\u0413 0,66\u043a\u0412 3\u04452,5","amount":"0,01","amount_parts":"","unit":"\u043a\u043c","city":"\u0447\u0435\u0431\u043e\u043a\u0441\u0430\u0440\u044b","company_id":"18400","company_name":"\u041e\u041e\u041e \u0414\u0438\u0430\u0434\u0430"},{"name":"\u0412\u0412\u0413 0,66\u043a\u0412 3\u04454","amount":"0,08","amount_parts":"","unit":"\u043a\u043c","city":"\u041c\u043e\u0441\u043a\u0432\u0430","company_id":"18400","company_name":"\u041e\u041e\u041e \u0414\u0438\u0430\u0434\u0430"},{"name":"\u0412\u0412\u0413 0,66\u043a\u0412 4\u04451,5","amount":"0,029","amount_parts":"","unit":"\u043a\u043c","city":"\u041c\u043e\u0441\u043a\u0432\u0430","company_id":"18400","company_name":"\u041e\u041e\u041e \u0414\u0438\u0430\u0434\u0430"},{"name":"\u0412\u0412\u0413 0,66\u043a\u0412 4\u04454","amount":"0,01","amount_parts":"","unit":"\u043a\u043c","city":"\u041d\u0438\u0436\u043d\u0438\u0439 \u041d\u043e\u0432\u0433\u043e\u0440\u043e\u0434","company_id":"18400","company_name":"\u041e\u041e\u041e \u0414\u0438\u0430\u0434\u0430"},{"name":"\u0412\u0412\u0413 0,66\u043a\u0412 5\u044510","amount":"0,088","amount_parts":"","unit":"\u043a\u043c","city":"\u041c\u043e\u0441\u043a\u0432\u0430","company_id":"18400","company_name":"\u041e\u041e\u041e \u0414\u0438\u0430\u0434\u0430"},{"name":"\u0412\u0412\u0413 0,66\u043a\u0412 5\u04452,5","amount":"0,2","amount_parts":"","unit":"\u043a\u043c","city":"\u0447\u0435\u0431\u043e\u043a\u0441\u0430\u0440\u044b","company_id":"18400","company_name":"\u041e\u041e\u041e \u0414\u0438\u0430\u0434\u0430"},{"name":"\u0412\u0412\u0413 1x 1.5 1\u043a\u0412","amount":"0,05","amount_parts":"","unit":"\u043a\u043c","city":"\u041a\u0430\u0437\u0430\u043d\u044c","company_id":"17376","company_name":"\u041e\u041e\u041e \"\u0420\u0438\u0441\u0430\u0440\""},{"name":"\u0412\u0412\u0413 1x 6","amount":"0,01","amount_parts":"","unit":"\u043a\u043c","city":"\u041a\u0430\u0437\u0430\u043d\u044c","company_id":"17376","company_name":"\u041e\u041e\u041e \"\u0420\u0438\u0441\u0430\u0440\""},{"name":"\u0412\u0412\u0413 1x150-1 \u043a\u0412","amount":"0,56","amount_parts":"","unit":"\u043a\u043c","city":"\u041a\u0440\u0430\u0441\u043d\u043e\u0434\u0430\u0440","company_id":"4151","company_name":"\u041e\u041e\u041e \u042d\u043b\u0435\u043a\u0442\u0440\u043e\u0442\u0435\u0445\u043d\u0438\u0447\u0435\u0441\u043a\u0430\u044f \u043a\u043e\u043c\u043f\u0430\u043d\u0438\u044f"},{"name":"\u0412\u0412\u0413 1x16 (\u043e\u0436)","amount":"0,08","amount_parts":"","unit":"\u043a\u043c","city":"\u041a\u0430\u0437\u0430\u043d\u044c","company_id":"17376","company_name":"\u041e\u041e\u041e \"\u0420\u0438\u0441\u0430\u0440\""},{"name":"\u0412\u0412\u0413 1\u04451,5","amount":"0,005","amount_parts":"","unit":"\u043a\u043c","city":"\u041c\u043e\u0441\u043a\u0432\u0430","company_id":"22412","company_name":"\u041e\u041e\u041e \u041a\u041e\u0420\u041f\u041e\u0420\u0410\u0426\u0418\u042f \u0411\u0430\u043b\u0442\u041f\u0440\u043e\u043c\u041a\u043e\u043c\u043f\u043b\u0435\u043a\u0442"},{"name":"\u0412\u0412\u0413 1\u04451,5","amount":"0,4","amount_parts":"","unit":"\u043a\u043c","city":"\u0415\u043a\u0430\u0442\u0435\u0440\u0438\u043d\u0431\u0443\u0440\u0433","company_id":"22345","company_name":"\u041e\u041e\u041e \u042d\u043d\u0435\u0440\u0433\u043e\u0446\u0435\u043d\u0442\u0440-\u0415\u041a"},{"name":"\u0412\u0412\u0413 1\u04451,5","amount":"0,746","amount_parts":"","unit":"\u043a\u043c","city":"\u041f\u0435\u0440\u043c\u044c","company_id":"10969","company_name":"\u041e\u041e\u041e \u0410\u0428\u0422\u0420\u0415\u0412\u0415\u041b"},{"name":"\u0412\u0412\u0413 1\u04451,5","amount":"0,005","amount_parts":"","unit":"\u043a\u043c","city":"\u0421\u0430\u043d\u043a\u0442-\u041f\u0435\u0442\u0435\u0440\u0431\u0443\u0440\u0433","company_id":"16940","company_name":"\u041e\u041e\u041e \"\u041e\u043f\u0442\u0413\u0440\u0443\u043f\u043f\""},{"name":"\u0412\u0412\u0413 1\u04451,5 (\u043e\u0436)--0,66","amount":"0,1","amount_parts":"","unit":"\u043a\u043c","city":"\u041f\u0430\u0432\u043b\u043e\u0434\u0430\u0440","company_id":"7464","company_name":"\u0410\u041e \"\u041a\u0430\u0437\u044d\u043d\u0435\u0440\u0433\u043e\u043a\u0430\u0431\u0435\u043b\u044c\""},{"name":"\u0412\u0412\u0413 1\u04451,5 \u0431\u0435\u043b 200","amount":"0,2","amount_parts":"","unit":"\u043a\u043c","city":"\u041d\u043e\u0432\u043e\u0441\u0438\u0431\u0438\u0440\u0441\u043a","company_id":"14419","company_name":"\u041e\u041e\u041e \u041a\u041e\u041c\u041f\u0410\u041d\u0418\u042f \u0417\u0410\u041f\u0421\u0418\u0411\u041a\u0410\u0411\u0415\u041b\u042c"},{"name":"\u0412\u0412\u0413 1\u04451,5 \u0431\u0435\u043b 200","amount":"0,2","amount_parts":"","unit":"\u043a\u043c","city":"\u041d\u043e\u0432\u043e\u0441\u0438\u0431\u0438\u0440\u0441\u043a","company_id":"8749","company_name":"\u0417\u0430\u043f\u0441\u0438\u0431\u043a\u0430\u0431\u0435\u043b\u044c"},{"name":"\u0412\u0412\u0413 1\u04451,5 \u0431\u0435\u043b 247","amount":"0,247","amount_parts":"","unit":"\u043a\u043c","city":"\u041d\u043e\u0432\u043e\u0441\u0438\u0431\u0438\u0440\u0441\u043a","company_id":"14419","company_name":"\u041e\u041e\u041e \u041a\u041e\u041c\u041f\u0410\u041d\u0418\u042f \u0417\u0410\u041f\u0421\u0418\u0411\u041a\u0410\u0411\u0415\u041b\u042c"},{"name":"\u0412\u0412\u0413 1\u04451,5 \u0431\u0435\u043b 247","amount":"0,247","amount_parts":"","unit":"\u043a\u043c","city":"\u041d\u043e\u0432\u043e\u0441\u0438\u0431\u0438\u0440\u0441\u043a","company_id":"8749","company_name":"\u0417\u0430\u043f\u0441\u0438\u0431\u043a\u0430\u0431\u0435\u043b\u044c"}],"performedDatetime":"2014-09-18T14:02:05Z","authStatus":"0","accessDateEnd":""}
=====

select s.id, s.comp_id, s.title, s.quant, s.unit_id, s.comments, s.city from
		sklad_tovar s where visible=1 and (title like 'Ввг%' or title like '% Ввг%') order by  s.title LIMIT 0, 20
q2: select count(id) from sklad_tovar s where visible=1 and (title like 'Ввг%' or title like '% Ввг%')
 auth: 100 
=====
Query:
performedDatetime: 2014-09-18 14:02:08  0000
action: get_company_data
sklad_user: Гость
appleId: 08603689-9356-4FCB-9120-E548BCD3B86F
sklad_hash: 0bd02ce0b1343a3301cfd2830a7c6d80
company_id: 18400

=====
Response:
{"action":"get_company_data","code":0,"data":{"company_id":18400,"title":"\u041e\u041e\u041e \u0414\u0438\u0430\u0434\u0430","city":"\u041c\u043e\u0441\u043a\u0432\u0430","address":"109428","phone":"+7 (985) 1943294","email":"buliga@diada.su","url":"http:\/\/diada-elektro.ru\/","contact":"\u0411\u0443\u043b\u0438\u0433\u0430 \u0410\u043b\u0435\u043a\u0441\u0435\u0439","goods_count":"947","last_update":"11.09.2014"},"performedDatetime":"2014-09-18T14:02:07Z","authStatus":"0","accessDateEnd":""}
=====

select distinct city from sklad_tovar where comp_id= and city!='' order by city
q2: 
 auth: 100 
=====
Query:
performedDatetime: 2014-09-18 14:07:54  0000
action: get_city_list

=====
Response:
{"action":"get_city_list","code":0,"data":["\u0410\u0440\u0445\u0430\u043d\u0433\u0435\u043b\u044c\u0441\u043a","\u0410\u0441\u0442\u0430\u043d\u0430","\u0412\u043e\u043b\u0433\u043e\u0433\u0440\u0430\u0434","\u0412\u043e\u043b\u043e\u0433\u0434\u0430","\u0412\u043e\u0440\u043e\u043d\u0435\u0436","\u0412\u043e\u0441\u043a\u0440\u0435\u0441\u0435\u043d\u0441\u043a","\u0433. \u041a\u0438\u0440\u043e\u0432","\u0415\u043a\u0430\u0442\u0435\u0440\u0438\u043d\u0431\u0443\u0440\u0433","\u0418\u0432\u0430\u043d\u043e\u0432\u043e","\u0418\u0436\u0435\u0432\u0441\u043a","\u041a\u0430\u0437\u0430\u043d\u044c","\u041a\u0430\u043b\u0438\u043d\u0438\u043d\u0433\u0440\u0430\u0434","\u041a\u0430\u043b\u0443\u0433\u0430","\u041a\u0438\u0440\u043e\u0432","\u041a\u043e\u043b\u044c\u0447\u0443\u0433\u0438\u043d\u043e","\u041a\u0440\u0430\u0441\u043d\u043e\u0434\u0430\u0440","\u041a\u0440\u0430\u0441\u043d\u043e\u044f\u0440\u0441\u043a","\u041a\u0443\u0440\u0441\u043a","\u041b\u044b\u0441\u044c\u0432\u0430","\u041b\u044e\u0431\u0435\u0440\u0446\u044b","\u041b\u044e\u0434\u0438\u043d\u043e\u0432\u043e","\u041c\u043e\u0441\u043a\u0432\u0430","\u041c\u043e\u0441\u043a\u043e\u0432\u0441\u043a\u0430\u044f \u043e\u0431\u043b., \u0433. \u0425\u0438\u043c\u043a\u0438","\u041c\u043e\u0441\u043a\u043e\u0432\u0441\u043a\u0430\u044f \u043e\u0431\u043b\u0430\u0441\u0442\u044c, \u0433.\u0425\u0438\u043c\u043a\u0438","\u041d\u0430\u0445\u0430\u0431\u0438\u043d\u043e","\u041d\u0438\u0436\u043d\u0438\u0439 \u041d\u043e\u0432\u0433\u043e\u0440\u043e\u0434","\u041d\u043e\u0432\u043e\u043c\u043e\u0441\u043a\u043e\u0432\u0441\u043a","\u041d\u043e\u0432\u043e\u0441\u0438\u0431\u0438\u0440\u0441\u043a","\u041d\u043e\u0433\u0438\u043d\u0441\u043a","\u041e\u0431\u043d\u0438\u043d\u0441\u043a","\u041e\u0441\u043a\u043e\u043b","\u041f\u0430\u0432\u043b\u043e\u0434\u0430\u0440","\u041f\u0435\u0440\u043c\u044c","\u041f\u043e\u0434\u043e\u043b\u044c\u0441\u043a","\u0420\u0435\u0443\u0442\u043e\u0432","\u0420\u043e\u0441\u0442\u043e\u0432","\u0420\u043e\u0441\u0442\u043e\u0432-\u043d\u0430-\u0414\u043e\u043d\u0443","\u0421\u0430\u043c\u0430\u0440\u0430","\u0421\u0430\u043d\u043a\u0442-\u041f\u0435\u0442\u0435\u0440\u0431\u0443\u0440\u0433","\u0421\u0430\u0440\u0430\u043d\u0441\u043a","\u0421\u043e\u0447\u0438","\u0422\u043e\u043c\u0441\u043a","\u0423\u0444\u0430","\u0425\u0430\u0431\u0430\u0440\u043e\u0432\u0441\u043a","\u0425\u0438\u043c\u043a\u0438","\u0447\u0435\u0431\u043e\u043a\u0441\u0430\u0440\u044b","\u0427\u0435\u043b\u044f\u0431\u0438\u043d\u0441\u043a","\u042f\u0440\u043e\u0441\u043b\u0430\u0432\u043b\u044c"],"performedDatetime":"2014-09-18T14:07:53Z","authStatus":"10"}
=====

select distinct city from sklad_tovar where city != '' order by city
q2: 
 auth: 0 
=====
