Query:
performedDatetime: 2014-07-27 12:52:45  0000
action: get_text

=====
Response:
{"action":"get_text","code":0,"data":"","performedDatetime":"2014-07-27T12:53:16Z","authStatus":"10"}
=====


q2: 
 auth: 0 
=====
Query:
performedDatetime: 2014-07-27 13:33:36  0000
action: get_text

=====
Response:
{"action":"get_text","code":0,"data":"","performedDatetime":"2014-07-27T13:33:37Z","authStatus":"10"}
=====


q2: 
 auth: 0 
=====
Query:
performedDatetime: 2014-07-27 13:33:55  0000
action: get_goods_data
sklad_user: Гость
appleId: FB7EECF2-D1B5-4DD5-9DDD-C328D783A235
sklad_hash: 4c985ba7d82374f438144e88d2f99edb
searchTerm: Ввг 4x240
resultsFrom: 0
sort: 0
cityFilter: 

=====
Response:
{"action":"get_goods_data","searchTerm":"\u0412\u0432\u0433 4x240","resultsFrom":0,"sort":0,"cityFilter":"","code":0,"resultsCount":"39","lastPage":0,"data":[{"name":"\u0412\u0412\u0413 4\u0445240","amount":"0,03","amount_parts":"","unit":"\u043a\u043c","city":"\u041a\u043e\u043b\u044c\u0447\u0443\u0433\u0438\u043d\u043e","company_id":"4131","company_name":"\u041e\u041e\u041e \"\u041c\u0435\u0442\u041a\u0430\u0431\u0421\u043e\u044e\u0437\""},{"name":"\u0412\u0412\u0413 4\u0445240","amount":"0,025","amount_parts":"","unit":"\u043a\u043c","city":"\u041c\u043e\u0441\u043a\u0432\u0430","company_id":"1032","company_name":"\u041e\u041e\u041e \u0413\u041a \"\u041a\u0430\u0431\u0435\u043b\u044c\u0441\u0442\u0440\u043e\u0439\u0441\u0435\u0440\u0432\u0438\u0441\""},{"name":"\u0412\u0412\u0413 4\u0445240","amount":"205","amount_parts":"","unit":"\u043a\u043c","city":"\u041d\u043e\u0432\u043e\u0441\u0438\u0431\u0438\u0440\u0441\u043a","company_id":"11170","company_name":"\u041e\u041e\u041e \u0422\u0421\u041b"},{"name":"\u0412\u0412\u0413 4\u0445240-1 \u0422\u0423 16.\u041a56.022-98","amount":"0,774","amount_parts":"0.217; 0.347; 0.21; ","unit":"\u043a\u043c","city":"\u0422\u043e\u043c\u0441\u043a","company_id":"22088","company_name":"\u0425\u043e\u043b\u0434\u0438\u043d\u0433 \u041a\u0430\u0431\u0435\u043b\u044c\u043d\u044b\u0439 \u0410\u043b\u044c\u044f\u043d\u0441"},{"name":"\u0412\u0412\u0413 4\u0445240\u043c\u0441-1","amount":"0,205","amount_parts":"","unit":"\u043a\u043c","city":"\u041f\u0435\u0440\u043c\u044c","company_id":"19357","company_name":"\u041e\u041e\u041e \u0422\u0414 \"\u0423\u0440\u0430\u043b \u041f\u0430\u043a"},{"name":"\u0412\u0412\u0413 4\u0445240\u043c\u0441-1","amount":"0,205","amount_parts":"","unit":"\u043a\u043c","city":"\u041b\u044b\u0441\u044c\u0432\u0430","company_id":"19357","company_name":"\u041e\u041e\u041e \u0422\u0414 \"\u0423\u0440\u0430\u043b \u041f\u0430\u043a"},{"name":"\u0412\u0412\u0413-1 4\u0445240","amount":"0,076","amount_parts":"0.028; 0.048; ","unit":"\u043a\u043c","city":"\u041f\u0435\u0440\u043c\u044c","company_id":"16985","company_name":"\u041e\u041e\u041e \"\u041d\u043e\u0432\u0440\u0435\u043c\u0434\u043e\u0440\u043c\u0430\u0448\""},{"name":"\u0412\u0412\u0413\u0417 4\u0445240","amount":"0,051","amount_parts":"","unit":"\u043a\u043c","city":"\u041c\u043e\u0441\u043a\u0432\u0430","company_id":"22412","company_name":"\u041e\u041e\u041e \u041a\u041e\u0420\u041f\u041e\u0420\u0410\u0426\u0418\u042f \u0411\u0430\u043b\u0442\u041f\u0440\u043e\u043c\u041a\u043e\u043c\u043f\u043b\u0435\u043a\u0442"},{"name":"\u0412\u0412\u0413\u0417 4\u0445240","amount":"0,051","amount_parts":"","unit":"\u043a\u043c","city":"\u0421\u0430\u043d\u043a\u0442-\u041f\u0435\u0442\u0435\u0440\u0431\u0443\u0440\u0433","company_id":"16940","company_name":"\u041e\u041e\u041e \"\u041e\u043f\u0442\u0413\u0440\u0443\u043f\u043f\""},{"name":"\u0412\u0412\u0413\u0417 4\u0445240","amount":"0,051","amount_parts":"","unit":"\u043a\u043c","city":"\u0421\u0430\u043d\u043a\u0442-\u041f\u0435\u0442\u0435\u0440\u0431\u0443\u0440\u0433","company_id":"3660","company_name":"\u041e\u041e\u041e \u041a\u0430\u0431\u0435\u043b\u044c\u0413\u0440\u0443\u043f\u043f"},{"name":"\u0412\u0412\u0413\u043d\u0433 4\u0445240","amount":"0,08","amount_parts":"","unit":"\u043a\u043c","city":"\u041c\u043e\u0441\u043a\u0432\u0430","company_id":"22412","company_name":"\u041e\u041e\u041e \u041a\u041e\u0420\u041f\u041e\u0420\u0410\u0426\u0418\u042f \u0411\u0430\u043b\u0442\u041f\u0440\u043e\u043c\u041a\u043e\u043c\u043f\u043b\u0435\u043a\u0442"},{"name":"\u0412\u0412\u0413\u043d\u0433 4\u0445240","amount":"0,041","amount_parts":"","unit":"\u043a\u043c","city":"\u041f\u0435\u0440\u043c\u044c","company_id":"3601","company_name":"\u041e\u041e\u041e \"\u0422\u041c\u041a-\u042d\u041d\u0415\u0420\u0413\u041e\""},{"name":"\u0412\u0412\u0413\u043d\u0433 4\u0445240","amount":"0,029","amount_parts":"","unit":"\u043a\u043c","city":"\u041f\u0435\u0440\u043c\u044c","company_id":"10969","company_name":"\u041e\u041e\u041e \u0410\u0428\u0422\u0420\u0415\u0412\u0415\u041b"},{"name":"\u0412\u0412\u0413\u043d\u0433 4\u0445240","amount":"0,106","amount_parts":"","unit":"\u043a\u043c","city":"\u041c\u043e\u0441\u043a\u0432\u0430","company_id":"6306","company_name":"\u0417\u0410\u041e \"\u041a\u0430\u0431\u0435\u043b\u044c\u0441\u043d\u0430\u0431\""},{"name":"\u0412\u0412\u0413\u043d\u0433 4\u0445240","amount":"0,041","amount_parts":"","unit":"\u043a\u043c","city":"\u041f\u0435\u0440\u043c\u044c","company_id":"17640","company_name":"\u041e\u041e\u041e \"\u0415\u0432\u0440\u043e\u0441\u0442\u0440\u043e\u0439\""},{"name":"\u0412\u0412\u0413\u043d\u0433 4\u0445240","amount":"0,08","amount_parts":"","unit":"\u043a\u043c","city":"\u0421\u0430\u043d\u043a\u0442-\u041f\u0435\u0442\u0435\u0440\u0431\u0443\u0440\u0433","company_id":"16940","company_name":"\u041e\u041e\u041e \"\u041e\u043f\u0442\u0413\u0440\u0443\u043f\u043f\""},{"name":"\u0412\u0412\u0413\u043d\u0433 4\u0445240","amount":"1,9988","amount_parts":"","unit":"\u043a\u043c","city":"\u0427\u0435\u0431\u043e\u043a\u0441\u0430\u0440\u044b","company_id":"12137","company_name":"\u041e\u041e\u041e \u041e\u043c\u0435\u0433\u0430"},{"name":"\u0412\u0412\u0413\u043d\u0433(\u0410) 4\u0445240 \u041c\u0416","amount":"21,5782","amount_parts":"","unit":"\u043a\u043c","city":"\u041b\u044b\u0441\u044c\u0432\u0430","company_id":"19357","company_name":"\u041e\u041e\u041e \u0422\u0414 \"\u0423\u0440\u0430\u043b \u041f\u0430\u043a"},{"name":"\u0412\u0412\u0413\u043d\u0433(\u0410) 4\u0445240 \u043c\u0441-1","amount":"1,045","amount_parts":"","unit":"\u043a\u043c","city":"\u041c\u043e\u0441\u043a\u0432\u0430","company_id":"17486","company_name":"\u041e\u041e\u041e \u042d\u043b\u043a\u043e\u043c-\u042d\u043b\u0435\u043a\u0442\u0440\u043e"},{"name":"\u0412\u0412\u0413\u043d\u0433(\u0410) 4\u0445240 \u043c\u0441-1","amount":"266","amount_parts":"","unit":"\u043a\u043c","city":"\u041c\u043e\u0441\u043a\u0432\u0430","company_id":"17265","company_name":"\u041e\u041e\u041e \"\u0421\u0420\u0421-\u042d\u043b\u0435\u043a\u0442\u0440\u043e\""}],"performedDatetime":"2014-07-27T13:33:56Z","authStatus":"0","accessDateEnd":""}
=====

select s.id, s.comp_id, s.title, s.quant, s.unit_id, s.comments, s.city from
		sklad_tovar s where visible=1 and (title like 'Ввг%' or title like '% Ввг%') and (title like '4х240%' or title like '% 4х240%' or title like '%4x240%') order by  s.title LIMIT 0, 20
q2: select count(id) from sklad_tovar s where visible=1 and (title like 'Ввг%' or title like '% Ввг%') and (title like '4х240%' or title like '% 4х240%' or title like '%4x240%')
 auth: 100 
=====
Query:
performedDatetime: 2014-07-27 13:34:39  0000
action: get_company_data
sklad_user: Гость
appleId: FB7EECF2-D1B5-4DD5-9DDD-C328D783A235
sklad_hash: 4c985ba7d82374f438144e88d2f99edb
company_id: 6306

=====
Response:
{"action":"get_company_data","code":0,"data":{"company_id":6306,"title":"\u0417\u0410\u041e \"\u041a\u0430\u0431\u0435\u043b\u044c\u0441\u043d\u0430\u0431\"","city":"\u041c\u043e\u0441\u043a\u0432\u0430","address":"\u0433. \u041c\u043e\u0441\u043a\u0432\u0430, \u0443\u043b. \u0421\u0442\u0430\u0445\u0430\u043d\u043e\u0432\u0441\u043a\u0430\u044f, \u0434. 18","phone":"(915)239-0488, (495)580-3012, 972-8213, 979-2505","email":"vd@kabelsnab.com","url":"http:\/\/kabelsnab.com\/","contact":"\u041a\u0430\u0431\u0435\u043b\u044c\u0441\u043d\u0430\u0431","goods_count":"459","last_update":"21.07.2014"},"performedDatetime":"2014-07-27T13:34:40Z","authStatus":"0","accessDateEnd":""}
=====

select distinct city from sklad_tovar where comp_id= and city!='' order by city
q2: 
 auth: 100 
=====
Query:
performedDatetime: 2014-07-27 13:35:01  0000
action: get_company_data
sklad_user: Гость
appleId: FB7EECF2-D1B5-4DD5-9DDD-C328D783A235
sklad_hash: 4c985ba7d82374f438144e88d2f99edb
company_id: 19357

=====
Response:
{"action":"get_company_data","code":0,"data":{"company_id":19357,"title":"\u041e\u041e\u041e \u0422\u0414 \"\u0423\u0440\u0430\u043b \u041f\u0430\u043a","city":"\u041b\u044b\u0441\u044c\u0432\u0430","address":"618962, \u041f\u0435\u0440\u043c\u0441\u043a\u0438\u0439 \u043a\u0440\u0430\u0439, \u041b\u044b\u0441\u044c\u0432\u0435\u043d\u0441\u043a\u0438\u0439 \u0440\u0430\u0439\u043e\u043d, \u0434. \u0417\u0430\u0438\u043c\u043a\u0430","phone":"8 (34249) 5\u201361\u201371,+79027904499","email":"market139@ural-pak.ru, ICQ.638-781-042","url":"http:\/\/www.ural-pak.ru","contact":"\u0420\u0443\u0441\u0441\u043a\u0438\u0445 \u0421\u0435\u0440\u0433\u0435\u0439 \u0410\u043d\u0430\u0442\u043e\u043b\u044c\u0435\u0432\u0438\u0447","goods_count":"1371","last_update":"14.07.2014"},"performedDatetime":"2014-07-27T13:35:01Z","authStatus":"0","accessDateEnd":""}
=====

select distinct city from sklad_tovar where comp_id= and city!='' order by city
q2: 
 auth: 100 
=====
Query:
performedDatetime: 2014-07-27 13:39:49  0000
action: get_company_data
sklad_user: Гость
appleId: FB7EECF2-D1B5-4DD5-9DDD-C328D783A235
sklad_hash: 4c985ba7d82374f438144e88d2f99edb
company_id: 17265

=====
Response:
{"action":"get_company_data","code":0,"data":{"company_id":17265,"title":"\u041e\u041e\u041e \"\u0421\u0420\u0421-\u042d\u043b\u0435\u043a\u0442\u0440\u043e\"","city":"\u041c\u043e\u0441\u043a\u0432\u0430","address":"141031, \u0420\u0424, \u041c\u043e\u0441\u043a\u043e\u0432\u0441\u043a\u0430\u044f \u043e\u0431\u043b., \u041c\u044b\u0442\u0438\u0449\u0438\u043d\u0441\u043a\u0438\u0439 \u0440-\u043d, \u043f. \u0412\u0435\u0448\u043a\u0438,  \u0434. 24\u0430","phone":"+7(495)743-92-54","email":"zakaz@srs-el.ru","url":"http:\/\/srs-el.ru","contact":"\u0421\u0420\u0421-\u042d\u043b\u0435\u043a\u0442\u0440\u043e","goods_count":"575","last_update":"25.07.2014"},"performedDatetime":"2014-07-27T13:39:50Z","authStatus":"0","accessDateEnd":""}
=====

select distinct city from sklad_tovar where comp_id= and city!='' order by city
q2: 
 auth: 100 
=====
Query:
performedDatetime: 2014-07-27 13:40:22  0000
action: get_company_data
sklad_user: Гость
appleId: FB7EECF2-D1B5-4DD5-9DDD-C328D783A235
sklad_hash: 4c985ba7d82374f438144e88d2f99edb
company_id: 3601

=====
Response:
{"action":"get_company_data","code":0,"data":{"company_id":3601,"title":"\u041e\u041e\u041e \"\u0422\u041c\u041a-\u042d\u041d\u0415\u0420\u0413\u041e\"","city":"\u041f\u0435\u0440\u043c\u044c","address":"614030, \u0433. \u041f\u0435\u0440\u043c\u044c, \u0443\u043b. \u041f\u0438\u0441\u0430\u0440\u0435\u0432\u0430, 2\u0410, \u043e\u0444\u0438\u0441 \u2116 5","phone":"+7(342) 2700-889 \u0434\u043e\u0431.102, 8-922-640-60-39, 8-925-388-8885","email":"l-kabel2013@yandex.ru","contact":"\u0415\u043b\u0435\u043d\u0430 \u0411\u0430\u0442\u0443\u0445\u0442\u0438\u043d\u0430","goods_count":"1132","last_update":"14.07.2014"},"performedDatetime":"2014-07-27T13:40:23Z","authStatus":"0","accessDateEnd":""}
=====

select distinct city from sklad_tovar where comp_id= and city!='' order by city
q2: 
 auth: 100 
=====
Query:
performedDatetime: 2014-07-27 13:40:35  0000
action: get_company_data
sklad_user: Гость
appleId: FB7EECF2-D1B5-4DD5-9DDD-C328D783A235
sklad_hash: 4c985ba7d82374f438144e88d2f99edb
company_id: 3601

=====
Response:
{"action":"get_company_data","code":0,"data":{"company_id":3601,"title":"\u041e\u041e\u041e \"\u0422\u041c\u041a-\u042d\u041d\u0415\u0420\u0413\u041e\"","city":"\u041f\u0435\u0440\u043c\u044c","address":"614030, \u0433. \u041f\u0435\u0440\u043c\u044c, \u0443\u043b. \u041f\u0438\u0441\u0430\u0440\u0435\u0432\u0430, 2\u0410, \u043e\u0444\u0438\u0441 \u2116 5","phone":"+7(342) 2700-889 \u0434\u043e\u0431.102, 8-922-640-60-39, 8-925-388-8885","email":"l-kabel2013@yandex.ru","contact":"\u0415\u043b\u0435\u043d\u0430 \u0411\u0430\u0442\u0443\u0445\u0442\u0438\u043d\u0430","goods_count":"1132","last_update":"14.07.2014"},"performedDatetime":"2014-07-27T13:40:36Z","authStatus":"0","accessDateEnd":""}
=====

select distinct city from sklad_tovar where comp_id= and city!='' order by city
q2: 
 auth: 100 
=====
Query:
performedDatetime: 2014-07-27 13:40:39  0000
action: get_company_data
sklad_user: Гость
appleId: FB7EECF2-D1B5-4DD5-9DDD-C328D783A235
sklad_hash: 4c985ba7d82374f438144e88d2f99edb
company_id: 10969

=====
Response:
{"action":"get_company_data","code":0,"data":{"company_id":10969,"title":"\u041e\u041e\u041e \u0410\u0428\u0422\u0420\u0415\u0412\u0415\u041b","city":"\u041f\u0435\u0440\u043c\u044c","address":"614038 ","phone":"79097307648","email":"info@ashtrevel.ru","url":"http:\/\/ashtrevel.ru\/","contact":"\u0410\u043d\u0434\u0440\u0435\u0439","goods_count":"994","last_update":"15.07.2014"},"performedDatetime":"2014-07-27T13:40:40Z","authStatus":"0","accessDateEnd":""}
=====

select distinct city from sklad_tovar where comp_id= and city!='' order by city
q2: 
 auth: 100 
=====
Query:
performedDatetime: 2014-07-27 13:41:35  0000
action: get_company_data
sklad_user: Гость
appleId: FB7EECF2-D1B5-4DD5-9DDD-C328D783A235
sklad_hash: 4c985ba7d82374f438144e88d2f99edb
company_id: 6306

=====
Response:
{"action":"get_company_data","code":0,"data":{"company_id":6306,"title":"\u0417\u0410\u041e \"\u041a\u0430\u0431\u0435\u043b\u044c\u0441\u043d\u0430\u0431\"","city":"\u041c\u043e\u0441\u043a\u0432\u0430","address":"\u0433. \u041c\u043e\u0441\u043a\u0432\u0430, \u0443\u043b. \u0421\u0442\u0430\u0445\u0430\u043d\u043e\u0432\u0441\u043a\u0430\u044f, \u0434. 18","phone":"(915)239-0488, (495)580-3012, 972-8213, 979-2505","email":"vd@kabelsnab.com","url":"http:\/\/kabelsnab.com\/","contact":"\u041a\u0430\u0431\u0435\u043b\u044c\u0441\u043d\u0430\u0431","goods_count":"459","last_update":"21.07.2014"},"performedDatetime":"2014-07-27T13:41:36Z","authStatus":"0","accessDateEnd":""}
=====

select distinct city from sklad_tovar where comp_id= and city!='' order by city
q2: 
 auth: 100 
=====
Query:
performedDatetime: 2014-07-27 13:42:00  0000
action: get_company_data
sklad_user: Гость
appleId: FB7EECF2-D1B5-4DD5-9DDD-C328D783A235
sklad_hash: 4c985ba7d82374f438144e88d2f99edb
company_id: 4131

=====
Response:
{"action":"get_company_data","code":0,"data":{"company_id":4131,"title":"\u041e\u041e\u041e \"\u041c\u0435\u0442\u041a\u0430\u0431\u0421\u043e\u044e\u0437\"","city":"\u041a\u043e\u043b\u044c\u0447\u0443\u0433\u0438\u043d\u043e","address":"601784, \u0412\u043b\u0430\u0434\u0438\u043c\u0438\u0440\u0441\u043a\u0430\u044f \u043e\u0431\u043b. \u0433.\u041a\u043e\u043b\u044c\u0447\u0443\u0433\u0438\u043d\u043e \u0443\u043b.\u041b\u0443\u0433\u043e\u0432\u0430\u044f \u0434.2 \u043f\u043e\u043c.4","phone":"(495) 778-63-12","email":"9038330145@mail.ru","url":"http:\/\/www.mksouz.ru\/ \u043c\u043a\u0441\u043e\u044e\u0437.\u0440\u0444","contact":"\u0410\u043b\u0435\u043a\u0442\u043e\u0440\u0441\u043a\u0438\u0439 \u0418\u0433\u043e\u0440\u044c \u0421\u0435\u0440\u0433\u0435\u0435\u0432\u0438\u0447","goods_count":"241","last_update":"21.07.2014"},"performedDatetime":"2014-07-27T13:42:00Z","authStatus":"0","accessDateEnd":""}
=====

select distinct city from sklad_tovar where comp_id= and city!='' order by city
q2: 
 auth: 100 
=====
