Query:
performedDatetime: 2014-07-28 16:01:25  0000
action: get_text

=====
Response:
{"action":"get_text","code":0,"data":"","performedDatetime":"2014-07-28T16:01:24Z","authStatus":"10"}
=====


q2: 
 auth: 0 
=====
Query:
performedDatetime: 2014-07-28 16:01:32  0000
action: get_goods_data
sklad_user: Гость
appleId: A2BA0B09-B6DE-4411-8D53-850651FDEA22
sklad_hash: ccc2ddbdf6a328a9b0c4878f6a04e091
searchTerm: Апвпг
resultsFrom: 0
sort: 0
cityFilter: 

=====
Response:
{"action":"get_goods_data","searchTerm":"\u0410\u043f\u0432\u043f\u0433","resultsFrom":0,"sort":0,"cityFilter":"","code":0,"resultsCount":"86","lastPage":0,"data":[{"name":"\u0410\u041f\u0432\u041f\u0433 10 1\u0445120\/50-10","amount":"0,803","amount_parts":"","unit":"\u043a\u043c","city":"\u041c\u043e\u0441\u043a\u0432\u0430","company_id":"15976","company_name":"\u041e\u041e\u041e \u041a\u0430\u0431\u0435\u043b\u044c\u043d\u0430\u044f \u043a\u043e\u043c\u043f\u0430\u043d\u0438\u044f \u042d\u0420\u041c\u0410\u041d\u041e"},{"name":"\u0410\u041f\u0432\u041f\u0433 1x185-10 \u043a\u0412","amount":"0,45","amount_parts":"","unit":"\u043a\u043c","city":"\u041a\u0440\u0430\u0441\u043d\u043e\u0434\u0430\u0440","company_id":"4151","company_name":"\u041e\u041e\u041e \u042d\u043b\u0435\u043a\u0442\u0440\u043e\u0442\u0435\u0445\u043d\u0438\u0447\u0435\u0441\u043a\u0430\u044f \u043a\u043e\u043c\u043f\u0430\u043d\u0438\u044f"},{"name":"\u0410\u041f\u0432\u041f\u0433 1x240-10 \u043a\u0412","amount":"1,738","amount_parts":"0.6; 1.138; ","unit":"\u043a\u043c","city":"\u041a\u0440\u0430\u0441\u043d\u043e\u0434\u0430\u0440","company_id":"4151","company_name":"\u041e\u041e\u041e \u042d\u043b\u0435\u043a\u0442\u0440\u043e\u0442\u0435\u0445\u043d\u0438\u0447\u0435\u0441\u043a\u0430\u044f \u043a\u043e\u043c\u043f\u0430\u043d\u0438\u044f"},{"name":"\u0410\u041f\u0432\u041f\u0433 1x400-10 \u043a\u0412","amount":"0,6","amount_parts":"","unit":"\u043a\u043c","city":"\u041a\u0440\u0430\u0441\u043d\u043e\u0434\u0430\u0440","company_id":"4151","company_name":"\u041e\u041e\u041e \u042d\u043b\u0435\u043a\u0442\u0440\u043e\u0442\u0435\u0445\u043d\u0438\u0447\u0435\u0441\u043a\u0430\u044f \u043a\u043e\u043c\u043f\u0430\u043d\u0438\u044f"},{"name":"\u0410\u041f\u0432\u041f\u0433 1x500-35 \u043a\u0412","amount":"0,774","amount_parts":"0.403; 0.371; ","unit":"\u043a\u043c","city":"\u041a\u0440\u0430\u0441\u043d\u043e\u0434\u0430\u0440","company_id":"4151","company_name":"\u041e\u041e\u041e \u042d\u043b\u0435\u043a\u0442\u0440\u043e\u0442\u0435\u0445\u043d\u0438\u0447\u0435\u0441\u043a\u0430\u044f \u043a\u043e\u043c\u043f\u0430\u043d\u0438\u044f"},{"name":"\u0410\u041f\u0432\u041f\u0433 1x500-6 \u043a\u0412","amount":"1,943","amount_parts":"0.953; 0.99; ","unit":"\u043a\u043c","city":"\u041a\u0440\u0430\u0441\u043d\u043e\u0434\u0430\u0440","company_id":"4151","company_name":"\u041e\u041e\u041e \u042d\u043b\u0435\u043a\u0442\u0440\u043e\u0442\u0435\u0445\u043d\u0438\u0447\u0435\u0441\u043a\u0430\u044f \u043a\u043e\u043c\u043f\u0430\u043d\u0438\u044f"},{"name":"\u0410\u041f\u0432\u041f\u0433 1x800-20 \u043a\u0412","amount":"0,645","amount_parts":"0.305; 0.34; ","unit":"\u043a\u043c","city":"\u041a\u0440\u0430\u0441\u043d\u043e\u0434\u0430\u0440","company_id":"4151","company_name":"\u041e\u041e\u041e \u042d\u043b\u0435\u043a\u0442\u0440\u043e\u0442\u0435\u0445\u043d\u0438\u0447\u0435\u0441\u043a\u0430\u044f \u043a\u043e\u043c\u043f\u0430\u043d\u0438\u044f"},{"name":"\u0410\u041f\u0432\u041f\u0433 1x800-6 \u043a\u0412","amount":"1,488","amount_parts":"0.703; 0.785; ","unit":"\u043a\u043c","city":"\u041a\u0440\u0430\u0441\u043d\u043e\u0434\u0430\u0440","company_id":"4151","company_name":"\u041e\u041e\u041e \u042d\u043b\u0435\u043a\u0442\u0440\u043e\u0442\u0435\u0445\u043d\u0438\u0447\u0435\u0441\u043a\u0430\u044f \u043a\u043e\u043c\u043f\u0430\u043d\u0438\u044f"},{"name":"\u0410\u041f\u0432\u041f\u0433 1x95-10 \u043a\u0412","amount":"0,875","amount_parts":"","unit":"\u043a\u043c","city":"\u041a\u0440\u0430\u0441\u043d\u043e\u0434\u0430\u0440","company_id":"4151","company_name":"\u041e\u041e\u041e \u042d\u043b\u0435\u043a\u0442\u0440\u043e\u0442\u0435\u0445\u043d\u0438\u0447\u0435\u0441\u043a\u0430\u044f \u043a\u043e\u043c\u043f\u0430\u043d\u0438\u044f"},{"name":"\u0410\u041f\u0412\u041f\u0433 1\u0445120\/35-10","amount":"0,214","amount_parts":"","unit":"\u043a\u043c","city":"\u041f\u0435\u0440\u043c\u044c","company_id":"17640","company_name":"\u041e\u041e\u041e \"\u0415\u0432\u0440\u043e\u0441\u0442\u0440\u043e\u0439\""},{"name":"\u0410\u041f\u0412\u041f\u0433 1\u0445120\/35-10","amount":"0,588","amount_parts":"","unit":"\u043a\u043c","city":"\u041f\u0435\u0440\u043c\u044c","company_id":"10969","company_name":"\u041e\u041e\u041e \u0410\u0428\u0422\u0420\u0415\u0412\u0415\u041b"},{"name":"\u0410\u041f\u0412\u041f\u0433 1\u0445120\/35-10","amount":"0,214","amount_parts":"","unit":"\u043a\u043c","city":"\u041f\u0435\u0440\u043c\u044c","company_id":"3601","company_name":"\u041e\u041e\u041e \"\u0422\u041c\u041a-\u042d\u041d\u0415\u0420\u0413\u041e\""},{"name":"\u0410\u041f\u0412\u041f\u0433 1\u0445150\/35-35","amount":"0,436","amount_parts":"","unit":"\u043a\u043c","city":"\u041f\u0435\u0440\u043c\u044c","company_id":"17640","company_name":"\u041e\u041e\u041e \"\u0415\u0432\u0440\u043e\u0441\u0442\u0440\u043e\u0439\""},{"name":"\u0410\u041f\u0412\u041f\u0433 1\u0445150\/35-35","amount":"0,514","amount_parts":"","unit":"\u043a\u043c","city":"\u041f\u0435\u0440\u043c\u044c","company_id":"10969","company_name":"\u041e\u041e\u041e \u0410\u0428\u0422\u0420\u0415\u0412\u0415\u041b"},{"name":"\u0410\u041f\u0412\u041f\u0433 1\u0445150\/35-35","amount":"0,436","amount_parts":"","unit":"\u043a\u043c","city":"\u041f\u0435\u0440\u043c\u044c","company_id":"3601","company_name":"\u041e\u041e\u041e \"\u0422\u041c\u041a-\u042d\u041d\u0415\u0420\u0413\u041e\""},{"name":"\u0410\u041f\u0432\u041f\u0433 1\u0445185\/50-10","amount":"0,155","amount_parts":"","unit":"\u043a\u043c","city":"\u0420\u043e\u0441\u0442\u043e\u0432-\u043d\u0430-\u0414\u043e\u043d\u0443","company_id":"16095","company_name":"\u043e\u043e\u043e \u0421\u0435\u0432\u043a\u0430\u0432\u043a\u0430\u0431\u0435\u043b\u044c"},{"name":"\u0410\u041f\u0432\u041f\u0433 1\u0445240\/35-10","amount":"0,895","amount_parts":"","unit":"\u043a\u043c","city":"\u041f\u0435\u0440\u043c\u044c","company_id":"19357","company_name":"\u041e\u041e\u041e \u0422\u0414 \"\u0423\u0440\u0430\u043b \u041f\u0430\u043a"},{"name":"\u0410\u041f\u0432\u041f\u0433 1\u0445240\/35-10","amount":"0,895","amount_parts":"","unit":"\u043a\u043c","city":"\u041b\u044b\u0441\u044c\u0432\u0430","company_id":"19357","company_name":"\u041e\u041e\u041e \u0422\u0414 \"\u0423\u0440\u0430\u043b \u041f\u0430\u043a"},{"name":"\u0410\u041f\u0432\u041f\u0433 1\u0445240\/35-10","amount":"2,099","amount_parts":"","unit":"\u043a\u043c","city":"\u0422\u0432\u0435\u0440\u044c","company_id":"22749","company_name":"\u041e\u0410\u041e \u0422\u0432\u0435\u0440\u044c\u044d\u043d\u0435\u0440\u0433\u043e\u043a\u0430\u0431\u0435\u043b\u044c"},{"name":"\u0410\u041f\u0432\u041f\u0433 1\u0445240\/50-10","amount":"2,306","amount_parts":"","unit":"\u043a\u043c","city":"\u0422\u0432\u0435\u0440\u044c","company_id":"22749","company_name":"\u041e\u0410\u041e \u0422\u0432\u0435\u0440\u044c\u044d\u043d\u0435\u0440\u0433\u043e\u043a\u0430\u0431\u0435\u043b\u044c"}],"performedDatetime":"2014-07-28T16:01:31Z","authStatus":"0","accessDateEnd":""}
=====

select s.id, s.comp_id, s.title, s.quant, s.unit_id, s.comments, s.city from
		sklad_tovar s where visible=1 and (title like 'Апвпг%' or title like '% Апвпг%' or title like '%Апвпг%' or title like '%Апвпг%') order by  s.title LIMIT 0, 20
q2: select count(id) from sklad_tovar s where visible=1 and (title like 'Апвпг%' or title like '% Апвпг%' or title like '%Апвпг%' or title like '%Апвпг%')
 auth: 100 
=====
Query:
performedDatetime: 2014-07-28 16:01:43  0000
action: get_goods_data
sklad_user: Гость
appleId: A2BA0B09-B6DE-4411-8D53-850651FDEA22
sklad_hash: ccc2ddbdf6a328a9b0c4878f6a04e091
searchTerm: Апвпг 110 кВ
resultsFrom: 0
sort: 0
cityFilter: 

=====
Response:
{"action":"get_goods_data","searchTerm":"\u0410\u043f\u0432\u043f\u0433 110 \u043a\u0412","resultsFrom":0,"code":0,"resultsCount":"0","data":[],"performedDatetime":"2014-07-28T16:01:42Z","authStatus":"0","accessDateEnd":""}
=====

select s.id, s.comp_id, s.title, s.quant, s.unit_id, s.comments, s.city from
		sklad_tovar s where visible=1 and (title like 'Апвпг%' or title like '% Апвпг%' or title like '%Апвпг%' or title like '%Апвпг%') and (title like '110%' or title like '% 110%') and (title like 'кВ%' or title like '% кВ%') order by  s.title LIMIT 0, 20
q2: select count(id) from sklad_tovar s where visible=1 and (title like 'Апвпг%' or title like '% Апвпг%' or title like '%Апвпг%' or title like '%Апвпг%') and (title like '110%' or title like '% 110%') and (title like 'кВ%' or title like '% кВ%')
 auth: 100 
=====
Query:
performedDatetime: 2014-07-28 16:01:48  0000
action: get_goods_data
sklad_user: Гость
appleId: A2BA0B09-B6DE-4411-8D53-850651FDEA22
sklad_hash: ccc2ddbdf6a328a9b0c4878f6a04e091
searchTerm: 110
resultsFrom: 0
sort: 0
cityFilter: 

=====
Response:
{"action":"get_goods_data","searchTerm":"110","resultsFrom":0,"sort":0,"cityFilter":"","code":0,"resultsCount":"99","lastPage":0,"data":[{"name":"OLFLEX CLASSIC 110 10G0,5","amount":"0,1","amount_parts":"","unit":"\u043a\u043c","city":"\u0421\u0430\u043d\u043a\u0442-\u041f\u0435\u0442\u0435\u0440\u0431\u0443\u0440\u0433","company_id":"16940","company_name":"\u041e\u041e\u041e \"\u041e\u043f\u0442\u0413\u0440\u0443\u043f\u043f\""},{"name":"OLFLEX CLASSIC 110 10G0,5","amount":"0,1","amount_parts":"","unit":"\u043a\u043c","city":"\u041c\u043e\u0441\u043a\u0432\u0430","company_id":"22412","company_name":"\u041e\u041e\u041e \u041a\u041e\u0420\u041f\u041e\u0420\u0410\u0426\u0418\u042f \u0411\u0430\u043b\u0442\u041f\u0440\u043e\u043c\u041a\u043e\u043c\u043f\u043b\u0435\u043a\u0442"},{"name":"OLFLEX CLASSIC 110 10G0,75","amount":"0,17","amount_parts":"","unit":"\u043a\u043c","city":"\u0412\u043e\u043b\u0433\u043e\u0433\u0440\u0430\u0434","company_id":"18138","company_name":"\u041e\u041e\u041e \u0413\u041a \u0420\u0435\u043c\u043e\u043d\u0442\u043d\u044b\u0435 \u0442\u0435\u0445\u043d\u043e\u043b\u043e\u0433\u0438\u0438"},{"name":"OLFLEX CLASSIC 110 10\u04451","amount":"0,15","amount_parts":"","unit":"\u043a\u043c","city":"\u0422\u043e\u043c\u0441\u043a","company_id":"6396","company_name":"\u041c\u043e\u043d\u0442\u0430\u0436\u0441\u0442\u0440\u043e\u0439\u044d\u043b\u0435\u043a\u0442\u0440\u043e"},{"name":"Olflex Classic 110 12G0.5","amount":"0,12","amount_parts":"","unit":"\u043a\u043c","city":"\u041f\u0435\u0440\u043c\u044c","company_id":"17640","company_name":"\u041e\u041e\u041e \"\u0415\u0432\u0440\u043e\u0441\u0442\u0440\u043e\u0439\""},{"name":"Olflex Classic 110 12G0.5","amount":"0,12","amount_parts":"","unit":"\u043a\u043c","city":"\u041f\u0435\u0440\u043c\u044c","company_id":"3601","company_name":"\u041e\u041e\u041e \"\u0422\u041c\u041a-\u042d\u041d\u0415\u0420\u0413\u041e\""},{"name":"OLFLEX CLASSIC 110 12G0.75","amount":"0,295","amount_parts":"","unit":"\u043a\u043c","city":"\u0412\u043e\u043b\u0433\u043e\u0433\u0440\u0430\u0434","company_id":"18138","company_name":"\u041e\u041e\u041e \u0413\u041a \u0420\u0435\u043c\u043e\u043d\u0442\u043d\u044b\u0435 \u0442\u0435\u0445\u043d\u043e\u043b\u043e\u0433\u0438\u0438"},{"name":"OLFLEX CLASSIC 110 12G1","amount":"0,252","amount_parts":"","unit":"\u043a\u043c","city":"\u0412\u043e\u043b\u0433\u043e\u0433\u0440\u0430\u0434","company_id":"18138","company_name":"\u041e\u041e\u041e \u0413\u041a \u0420\u0435\u043c\u043e\u043d\u0442\u043d\u044b\u0435 \u0442\u0435\u0445\u043d\u043e\u043b\u043e\u0433\u0438\u0438"},{"name":"OLFLEX CLASSIC 110 12G1,5","amount":"0,11","amount_parts":"","unit":"\u043a\u043c","city":"\u0412\u043e\u043b\u0433\u043e\u0433\u0440\u0430\u0434","company_id":"18138","company_name":"\u041e\u041e\u041e \u0413\u041a \u0420\u0435\u043c\u043e\u043d\u0442\u043d\u044b\u0435 \u0442\u0435\u0445\u043d\u043e\u043b\u043e\u0433\u0438\u0438"},{"name":"OLFLEX CLASSIC 110 16\u04451","amount":"0,1","amount_parts":"","unit":"\u043a\u043c","city":"\u0422\u043e\u043c\u0441\u043a","company_id":"6396","company_name":"\u041c\u043e\u043d\u0442\u0430\u0436\u0441\u0442\u0440\u043e\u0439\u044d\u043b\u0435\u043a\u0442\u0440\u043e"},{"name":"OLFLEX CLASSIC 110 18G0,75","amount":"0,2","amount_parts":"","unit":"\u043a\u043c","city":"\u0412\u043e\u043b\u0433\u043e\u0433\u0440\u0430\u0434","company_id":"18138","company_name":"\u041e\u041e\u041e \u0413\u041a \u0420\u0435\u043c\u043e\u043d\u0442\u043d\u044b\u0435 \u0442\u0435\u0445\u043d\u043e\u043b\u043e\u0433\u0438\u0438"},{"name":"Olflex Classic 110 18G0.5","amount":"0,045","amount_parts":"","unit":"\u043a\u043c","city":"\u041f\u0435\u0440\u043c\u044c","company_id":"17640","company_name":"\u041e\u041e\u041e \"\u0415\u0432\u0440\u043e\u0441\u0442\u0440\u043e\u0439\""},{"name":"Olflex Classic 110 18G0.5","amount":"0,045","amount_parts":"","unit":"\u043a\u043c","city":"\u041f\u0435\u0440\u043c\u044c","company_id":"3601","company_name":"\u041e\u041e\u041e \"\u0422\u041c\u041a-\u042d\u041d\u0415\u0420\u0413\u041e\""},{"name":"Olflex Classic 110 25G0.5","amount":"0,13","amount_parts":"","unit":"\u043a\u043c","city":"\u041f\u0435\u0440\u043c\u044c","company_id":"17640","company_name":"\u041e\u041e\u041e \"\u0415\u0432\u0440\u043e\u0441\u0442\u0440\u043e\u0439\""},{"name":"Olflex Classic 110 25G0.5","amount":"0,13","amount_parts":"","unit":"\u043a\u043c","city":"\u041f\u0435\u0440\u043c\u044c","company_id":"3601","company_name":"\u041e\u041e\u041e \"\u0422\u041c\u041a-\u042d\u041d\u0415\u0420\u0413\u041e\""},{"name":"OLFLEX CLASSIC 110 25G1","amount":"0,1","amount_parts":"","unit":"\u043a\u043c","city":"\u0421\u0430\u043d\u043a\u0442-\u041f\u0435\u0442\u0435\u0440\u0431\u0443\u0440\u0433","company_id":"16940","company_name":"\u041e\u041e\u041e \"\u041e\u043f\u0442\u0413\u0440\u0443\u043f\u043f\""},{"name":"OLFLEX CLASSIC 110 25G1","amount":"0,1","amount_parts":"","unit":"\u043a\u043c","city":"\u041c\u043e\u0441\u043a\u0432\u0430","company_id":"22412","company_name":"\u041e\u041e\u041e \u041a\u041e\u0420\u041f\u041e\u0420\u0410\u0426\u0418\u042f \u0411\u0430\u043b\u0442\u041f\u0440\u043e\u043c\u041a\u043e\u043c\u043f\u043b\u0435\u043a\u0442"},{"name":"OLFLEX CLASSIC 110 25G1,5","amount":"0,337","amount_parts":"","unit":"\u043a\u043c","city":"\u0412\u043e\u043b\u0433\u043e\u0433\u0440\u0430\u0434","company_id":"18138","company_name":"\u041e\u041e\u041e \u0413\u041a \u0420\u0435\u043c\u043e\u043d\u0442\u043d\u044b\u0435 \u0442\u0435\u0445\u043d\u043e\u043b\u043e\u0433\u0438\u0438"},{"name":"OLFLEX CLASSIC 110 2X0,75","amount":"1,22","amount_parts":"","unit":"\u043a\u043c","city":"\u0412\u043e\u043b\u0433\u043e\u0433\u0440\u0430\u0434","company_id":"18138","company_name":"\u041e\u041e\u041e \u0413\u041a \u0420\u0435\u043c\u043e\u043d\u0442\u043d\u044b\u0435 \u0442\u0435\u0445\u043d\u043e\u043b\u043e\u0433\u0438\u0438"},{"name":"OLFLEX CLASSIC 110 2x1,0","amount":"1,413","amount_parts":"","unit":"\u043a\u043c","city":"\u0412\u043e\u043b\u0433\u043e\u0433\u0440\u0430\u0434","company_id":"18138","company_name":"\u041e\u041e\u041e \u0413\u041a \u0420\u0435\u043c\u043e\u043d\u0442\u043d\u044b\u0435 \u0442\u0435\u0445\u043d\u043e\u043b\u043e\u0433\u0438\u0438"}],"performedDatetime":"2014-07-28T16:01:46Z","authStatus":"0","accessDateEnd":""}
=====

select s.id, s.comp_id, s.title, s.quant, s.unit_id, s.comments, s.city from
		sklad_tovar s where visible=1 and (title like '110%' or title like '% 110%') order by  s.title LIMIT 0, 20
q2: select count(id) from sklad_tovar s where visible=1 and (title like '110%' or title like '% 110%')
 auth: 100 
=====
Query:
performedDatetime: 2014-07-28 16:01:58  0000
action: get_goods_data
sklad_user: Гость
appleId: A2BA0B09-B6DE-4411-8D53-850651FDEA22
sklad_hash: ccc2ddbdf6a328a9b0c4878f6a04e091
searchTerm: 110 кВ
resultsFrom: 0
sort: 0
cityFilter: 

=====
Response:
{"action":"get_goods_data","searchTerm":"110 \u043a\u0412","resultsFrom":0,"code":0,"resultsCount":"0","data":[],"performedDatetime":"2014-07-28T16:01:57Z","authStatus":"0","accessDateEnd":""}
=====

select s.id, s.comp_id, s.title, s.quant, s.unit_id, s.comments, s.city from
		sklad_tovar s where visible=1 and (title like '110%' or title like '% 110%') and (title like 'кВ%' or title like '% кВ%') order by  s.title LIMIT 0, 20
q2: select count(id) from sklad_tovar s where visible=1 and (title like '110%' or title like '% 110%') and (title like 'кВ%' or title like '% кВ%')
 auth: 100 
=====
Query:
performedDatetime: 2014-07-28 16:02:06  0000
action: get_goods_data
sklad_user: Гость
appleId: A2BA0B09-B6DE-4411-8D53-850651FDEA22
sklad_hash: ccc2ddbdf6a328a9b0c4878f6a04e091
searchTerm: 110кВ
resultsFrom: 0
sort: 0
cityFilter: 

=====
Response:
{"action":"get_goods_data","searchTerm":"110\u043a\u0412","resultsFrom":0,"code":0,"resultsCount":"0","data":[],"performedDatetime":"2014-07-28T16:02:05Z","authStatus":"0","accessDateEnd":""}
=====

select s.id, s.comp_id, s.title, s.quant, s.unit_id, s.comments, s.city from
		sklad_tovar s where visible=1 and (title like '110кВ%' or title like '% 110кВ%') order by  s.title LIMIT 0, 20
q2: select count(id) from sklad_tovar s where visible=1 and (title like '110кВ%' or title like '% 110кВ%')
 auth: 100 
=====
