Query:
performedDatetime: 2014-07-21 08:49:48  0000
action: get_text

=====
Response:
{"action":"get_text","code":0,"data":"","performedDatetime":"2014-07-21T08:49:47Z","authStatus":"10"}
=====


q2: 
 auth: 0 
=====
Query:
performedDatetime: 2014-07-21 08:49:55  0000
action: get_city_list

=====
Response:
{"action":"get_city_list","code":0,"data":["\u0410\u0440\u0445\u0430\u043d\u0433\u0435\u043b\u044c\u0441\u043a","\u0410\u0441\u0442\u0430\u043d\u0430","\u0412\u043e\u043b\u0433\u043e\u0433\u0440\u0430\u0434","\u0412\u043e\u0440\u043e\u043d\u0435\u0436","\u0412\u043e\u0441\u043a\u0440\u0435\u0441\u0435\u043d\u0441\u043a","\u0415\u043a\u0430\u0442\u0435\u0440\u0438\u043d\u0431\u0443\u0440\u0433","\u041a\u0430\u0437\u0430\u043d\u044c","\u041a\u0430\u043b\u0438\u043d\u043d\u0433\u0440\u0430\u0434","\u041a\u0438\u0440\u043e\u0432","\u041a\u043e\u043b\u044c\u0447\u0443\u0433\u0438\u043d\u043e","\u041a\u0440\u0430\u0441\u043d\u043e\u0434\u0430\u0440","\u041a\u0440\u0430\u0441\u043d\u043e\u044f\u0440\u0441\u043a","\u041a\u0443\u0440\u0441\u043a","\u041b\u044b\u0441\u044c\u0432\u0430","\u041b\u044e\u0431\u0435\u0440\u0446\u044b","\u041b\u044e\u0434\u0438\u043d\u043e\u0432\u043e","\u041c\u043e\u0441\u043a\u0432\u0430","\u041c\u043e\u0441\u043a\u043e\u0432\u0441\u043a\u0430\u044f \u043e\u0431\u043b., \u0433. \u0425\u0438\u043c\u043a\u0438","\u041c\u043e\u0441\u043a\u043e\u0432\u0441\u043a\u0430\u044f \u043e\u0431\u043b\u0430\u0441\u0442\u044c, \u043f. \u041d\u0430\u0445\u0430\u0431\u0438\u043d\u043e","\u041d\u0438\u0436\u043d\u0438\u0439 \u041d\u043e\u0432\u0433\u043e\u0440\u043e\u0434","\u041d\u043e\u0432\u043e\u043c\u043e\u0441\u043a\u043e\u0432\u0441\u043a","\u041d\u043e\u0432\u043e\u0441\u0438\u0431\u0438\u0440\u0441\u043a","\u041d\u043e\u0433\u0438\u043d\u0441\u043a","\u041e\u0431\u043d\u0438\u043d\u0441\u043a","\u041e\u043c\u0441\u043a","\u041f\u0435\u0440\u043c\u044c","\u041f\u043e\u0434\u043e\u043b\u044c\u0441\u043a","\u0420\u0435\u0443\u0442\u043e\u0432","\u0420\u043e\u0441\u0442\u043e\u0432-\u043d\u0430-\u0414\u043e\u043d\u0443","\u0421\u0430\u043c\u0430\u0440\u0430","\u0421\u0430\u043d\u043a\u0442-\u041f\u0435\u0442\u0435\u0440\u0431\u0443\u0440\u0433","\u0422\u0432\u0435\u0440\u044c","\u0422\u043e\u043c\u0441\u043a","\u0423\u0444\u0430","\u0425\u0430\u0431\u0430\u0440\u043e\u0432\u0441\u043a","\u0427\u0435\u0431\u043e\u043a\u0441\u0430\u0440\u044b","\u0427\u0435\u043b\u044f\u0431\u0438\u043d\u0441\u043a","\u042f\u0440\u043e\u0441\u043b\u0430\u0432\u043b\u044c"],"performedDatetime":"2014-07-21T08:49:52Z","authStatus":"10"}
=====

select distinct city from sklad_tovar where city != '' order by city
q2: 
 auth: 0 
=====
Query:
performedDatetime: 2014-07-21 08:50:08  0000
action: get_goods_data
sklad_user: Гость
appleId: C2A835D7-BC83-46BF-B3E6-7BB38414ABE5
sklad_hash: 4b94e2d6129e7b1c12af399ae0c30311
searchTerm: Nym
resultsFrom: 0
sort: 0
cityFilter: Санкт-Петербург

=====
Response:
{"action":"get_goods_data","searchTerm":"Nym","resultsFrom":0,"sort":0,"cityFilter":"\u0421\u0430\u043d\u043a\u0442-\u041f\u0435\u0442\u0435\u0440\u0431\u0443\u0440\u0433","code":0,"resultsCount":"61","lastPage":0,"data":[{"name":"NYM 2\u04451,5","amount":"4,025","amount_parts":"","unit":"\u043a\u043c","city":"\u0421\u0430\u043d\u043a\u0442-\u041f\u0435\u0442\u0435\u0440\u0431\u0443\u0440\u0433","company_id":"23722","company_name":"\u041e\u041e\u041e \u0411\u0430\u0443\u0438\u043d\u0436\u0438\u043d\u0438\u0440\u0438\u043d\u0433"},{"name":"NYM 2\u04451,5","amount":"4,8","amount_parts":"","unit":"\u043a\u043c","city":"\u0421\u0430\u043d\u043a\u0442-\u041f\u0435\u0442\u0435\u0440\u0431\u0443\u0440\u0433","company_id":"12442","company_name":"\u041e\u041e\u041e \u041c\u0438\u0446\u0430\u0440"},{"name":"NYM 2\u04451,5 \u0421\u0435\u0432.\u041a.","amount":"1,77","amount_parts":"","unit":"\u043a\u043c","city":"\u0421\u0430\u043d\u043a\u0442-\u041f\u0435\u0442\u0435\u0440\u0431\u0443\u0440\u0433","company_id":"12442","company_name":"\u041e\u041e\u041e \u041c\u0438\u0446\u0430\u0440"},{"name":"NYM 2\u04452,5","amount":"0,6","amount_parts":"","unit":"\u043a\u043c","city":"\u0421\u0430\u043d\u043a\u0442-\u041f\u0435\u0442\u0435\u0440\u0431\u0443\u0440\u0433","company_id":"16940","company_name":"\u041e\u041e\u041e \"\u041e\u043f\u0442\u0413\u0440\u0443\u043f\u043f\""},{"name":"NYM 2\u04452,5","amount":"3,89","amount_parts":"","unit":"\u043a\u043c","city":"\u0421\u0430\u043d\u043a\u0442-\u041f\u0435\u0442\u0435\u0440\u0431\u0443\u0440\u0433","company_id":"23722","company_name":"\u041e\u041e\u041e \u0411\u0430\u0443\u0438\u043d\u0436\u0438\u043d\u0438\u0440\u0438\u043d\u0433"},{"name":"NYM 2\u04452,5","amount":"2,55","amount_parts":"","unit":"\u043a\u043c","city":"\u0421\u0430\u043d\u043a\u0442-\u041f\u0435\u0442\u0435\u0440\u0431\u0443\u0440\u0433","company_id":"12442","company_name":"\u041e\u041e\u041e \u041c\u0438\u0446\u0430\u0440"},{"name":"NYM 2\u04452,5 \u0421\u0435\u0432.\u041a.","amount":"0,1","amount_parts":"","unit":"\u043a\u043c","city":"\u0421\u0430\u043d\u043a\u0442-\u041f\u0435\u0442\u0435\u0440\u0431\u0443\u0440\u0433","company_id":"12442","company_name":"\u041e\u041e\u041e \u041c\u0438\u0446\u0430\u0440"},{"name":"NYM 2\u04452.5","amount":"0,006","amount_parts":"","unit":"\u043a\u043c","city":"\u0421\u0430\u043d\u043a\u0442-\u041f\u0435\u0442\u0435\u0440\u0431\u0443\u0440\u0433","company_id":"21499","company_name":"\u042d\u043b\u0435\u043a\u0442\u0440\u043e\u043e\u0431\u043e\u0440\u0443\u0434\u043e\u0432\u0430\u043d\u0438\u0435"},{"name":"NYM 3\u04451,5","amount":"0,159","amount_parts":"","unit":"\u043a\u043c","city":"\u0421\u0430\u043d\u043a\u0442-\u041f\u0435\u0442\u0435\u0440\u0431\u0443\u0440\u0433","company_id":"16940","company_name":"\u041e\u041e\u041e \"\u041e\u043f\u0442\u0413\u0440\u0443\u043f\u043f\""},{"name":"NYM 3\u04451,5","amount":"4,24","amount_parts":"","unit":"\u043a\u043c","city":"\u0421\u0430\u043d\u043a\u0442-\u041f\u0435\u0442\u0435\u0440\u0431\u0443\u0440\u0433","company_id":"23722","company_name":"\u041e\u041e\u041e \u0411\u0430\u0443\u0438\u043d\u0436\u0438\u043d\u0438\u0440\u0438\u043d\u0433"},{"name":"NYM 3\u04451,5","amount":"0,7","amount_parts":"","unit":"\u043a\u043c","city":"\u0421\u0430\u043d\u043a\u0442-\u041f\u0435\u0442\u0435\u0440\u0431\u0443\u0440\u0433","company_id":"8391","company_name":"\u041e\u041e\u041e \u0421\u041a\u041a"},{"name":"NYM 3\u04451,5","amount":"10,08","amount_parts":"","unit":"\u043a\u043c","city":"\u0421\u0430\u043d\u043a\u0442-\u041f\u0435\u0442\u0435\u0440\u0431\u0443\u0440\u0433","company_id":"12442","company_name":"\u041e\u041e\u041e \u041c\u0438\u0446\u0430\u0440"},{"name":"NYM 3\u04451,5","amount":"3","amount_parts":"","unit":"\u043a\u043c","city":"\u0421\u0430\u043d\u043a\u0442-\u041f\u0435\u0442\u0435\u0440\u0431\u0443\u0440\u0433","company_id":"270","company_name":"\u041e\u041e\u041e \u041a\u0430\u0431\u0435\u043b\u044c\u043d\u0430\u044f \u0433\u0443\u043f\u043f\u0430 \u0421\u041f\u0411"},{"name":"NYM 3\u04451,5 \u0421\u0435\u0432.\u041a.","amount":"1,172","amount_parts":"","unit":"\u043a\u043c","city":"\u0421\u0430\u043d\u043a\u0442-\u041f\u0435\u0442\u0435\u0440\u0431\u0443\u0440\u0433","company_id":"12442","company_name":"\u041e\u041e\u041e \u041c\u0438\u0446\u0430\u0440"},{"name":"NYM 3\u04451.5","amount":"0,05","amount_parts":"","unit":"\u043a\u043c","city":"\u0421\u0430\u043d\u043a\u0442-\u041f\u0435\u0442\u0435\u0440\u0431\u0443\u0440\u0433","company_id":"21499","company_name":"\u042d\u043b\u0435\u043a\u0442\u0440\u043e\u043e\u0431\u043e\u0440\u0443\u0434\u043e\u0432\u0430\u043d\u0438\u0435"},{"name":"NYM 3\u044516","amount":"0,065","amount_parts":"","unit":"\u043a\u043c","city":"\u0421\u0430\u043d\u043a\u0442-\u041f\u0435\u0442\u0435\u0440\u0431\u0443\u0440\u0433","company_id":"16940","company_name":"\u041e\u041e\u041e \"\u041e\u043f\u0442\u0413\u0440\u0443\u043f\u043f\""},{"name":"NYM 3\u04452,5","amount":"0,53","amount_parts":"","unit":"\u043a\u043c","city":"\u0421\u0430\u043d\u043a\u0442-\u041f\u0435\u0442\u0435\u0440\u0431\u0443\u0440\u0433","company_id":"16940","company_name":"\u041e\u041e\u041e \"\u041e\u043f\u0442\u0413\u0440\u0443\u043f\u043f\""},{"name":"NYM 3\u04452,5","amount":"2,784","amount_parts":"","unit":"\u043a\u043c","city":"\u0421\u0430\u043d\u043a\u0442-\u041f\u0435\u0442\u0435\u0440\u0431\u0443\u0440\u0433","company_id":"23722","company_name":"\u041e\u041e\u041e \u0411\u0430\u0443\u0438\u043d\u0436\u0438\u043d\u0438\u0440\u0438\u043d\u0433"},{"name":"NYM 3\u04452,5","amount":"13,639","amount_parts":"","unit":"\u043a\u043c","city":"\u0421\u0430\u043d\u043a\u0442-\u041f\u0435\u0442\u0435\u0440\u0431\u0443\u0440\u0433","company_id":"12442","company_name":"\u041e\u041e\u041e \u041c\u0438\u0446\u0430\u0440"},{"name":"NYM 3\u04452,5 \u0421\u0435\u0432.\u041a.","amount":"0,706","amount_parts":"","unit":"\u043a\u043c","city":"\u0421\u0430\u043d\u043a\u0442-\u041f\u0435\u0442\u0435\u0440\u0431\u0443\u0440\u0433","company_id":"12442","company_name":"\u041e\u041e\u041e \u041c\u0438\u0446\u0430\u0440"}],"performedDatetime":"2014-07-21T08:50:06Z","authStatus":"0","accessDateEnd":""}
=====

select s.id, s.comp_id, s.title, s.quant, s.unit_id, s.comments, s.city from
		sklad_tovar s where city='Санкт-Петербург' and s.visible=1 and (title like 'Nym%' or title like '% Nym%') order by  s.title LIMIT 0, 20
q2: select count(s.id) from sklad_tovar s where city='Санкт-Петербург' and s.visible=1 and (title like 'Nym%' or title like '% Nym%')
 auth: 100 
=====
Query:
performedDatetime: 2014-07-21 08:50:22  0000
action: get_goods_data
sklad_user: Гость
appleId: C2A835D7-BC83-46BF-B3E6-7BB38414ABE5
sklad_hash: 4b94e2d6129e7b1c12af399ae0c30311
searchTerm: Nym
resultsFrom: 1
sort: 0
cityFilter: Санкт-Петербург

=====
Response:
{"action":"get_goods_data","searchTerm":"Nym","resultsFrom":1,"sort":0,"cityFilter":"\u0421\u0430\u043d\u043a\u0442-\u041f\u0435\u0442\u0435\u0440\u0431\u0443\u0440\u0433","code":0,"resultsCount":"61","lastPage":0,"data":[{"name":"NYM 3\u04454","amount":"2,026","amount_parts":"","unit":"\u043a\u043c","city":"\u0421\u0430\u043d\u043a\u0442-\u041f\u0435\u0442\u0435\u0440\u0431\u0443\u0440\u0433","company_id":"23722","company_name":"\u041e\u041e\u041e \u0411\u0430\u0443\u0438\u043d\u0436\u0438\u043d\u0438\u0440\u0438\u043d\u0433"},{"name":"NYM 3\u04454","amount":"1,362","amount_parts":"","unit":"\u043a\u043c","city":"\u0421\u0430\u043d\u043a\u0442-\u041f\u0435\u0442\u0435\u0440\u0431\u0443\u0440\u0433","company_id":"12442","company_name":"\u041e\u041e\u041e \u041c\u0438\u0446\u0430\u0440"},{"name":"NYM 3\u04454 \u0421\u0435\u0432.\u041a.","amount":"0,156","amount_parts":"","unit":"\u043a\u043c","city":"\u0421\u0430\u043d\u043a\u0442-\u041f\u0435\u0442\u0435\u0440\u0431\u0443\u0440\u0433","company_id":"12442","company_name":"\u041e\u041e\u041e \u041c\u0438\u0446\u0430\u0440"},{"name":"NYM 3\u04454.0","amount":"0,035","amount_parts":"","unit":"\u043a\u043c","city":"\u0421\u0430\u043d\u043a\u0442-\u041f\u0435\u0442\u0435\u0440\u0431\u0443\u0440\u0433","company_id":"21499","company_name":"\u042d\u043b\u0435\u043a\u0442\u0440\u043e\u043e\u0431\u043e\u0440\u0443\u0434\u043e\u0432\u0430\u043d\u0438\u0435"},{"name":"NYM 4\u04451,5","amount":"0,088","amount_parts":"","unit":"\u043a\u043c","city":"\u0421\u0430\u043d\u043a\u0442-\u041f\u0435\u0442\u0435\u0440\u0431\u0443\u0440\u0433","company_id":"16940","company_name":"\u041e\u041e\u041e \"\u041e\u043f\u0442\u0413\u0440\u0443\u043f\u043f\""},{"name":"NYM 4\u04451,5","amount":"9,6","amount_parts":"4.8; 4.8; ","unit":"\u043a\u043c","city":"\u0421\u0430\u043d\u043a\u0442-\u041f\u0435\u0442\u0435\u0440\u0431\u0443\u0440\u0433","company_id":"16931","company_name":"\u0413\u041a \"\u041d\u043e\u0432\u044b\u0435 \u0442\u0435\u0445\u043d\u043e\u043b\u043e\u0433\u0438\u0438\""},{"name":"NYM 4\u04451,5","amount":"0,2","amount_parts":"","unit":"\u043a\u043c","city":"\u0421\u0430\u043d\u043a\u0442-\u041f\u0435\u0442\u0435\u0440\u0431\u0443\u0440\u0433","company_id":"12442","company_name":"\u041e\u041e\u041e \u041c\u0438\u0446\u0430\u0440"},{"name":"NYM 4\u04451,5 \u0421\u0435\u0432.\u041a.","amount":"0,629","amount_parts":"","unit":"\u043a\u043c","city":"\u0421\u0430\u043d\u043a\u0442-\u041f\u0435\u0442\u0435\u0440\u0431\u0443\u0440\u0433","company_id":"12442","company_name":"\u041e\u041e\u041e \u041c\u0438\u0446\u0430\u0440"},{"name":"NYM 4\u04451.5","amount":"0,054","amount_parts":"","unit":"\u043a\u043c","city":"\u0421\u0430\u043d\u043a\u0442-\u041f\u0435\u0442\u0435\u0440\u0431\u0443\u0440\u0433","company_id":"21499","company_name":"\u042d\u043b\u0435\u043a\u0442\u0440\u043e\u043e\u0431\u043e\u0440\u0443\u0434\u043e\u0432\u0430\u043d\u0438\u0435"},{"name":"NYM 4\u04452,5","amount":"1,044","amount_parts":"","unit":"\u043a\u043c","city":"\u0421\u0430\u043d\u043a\u0442-\u041f\u0435\u0442\u0435\u0440\u0431\u0443\u0440\u0433","company_id":"12442","company_name":"\u041e\u041e\u041e \u041c\u0438\u0446\u0430\u0440"},{"name":"NYM 4\u04452,5 \u0421\u0435\u0432.\u041a.","amount":"0,9","amount_parts":"","unit":"\u043a\u043c","city":"\u0421\u0430\u043d\u043a\u0442-\u041f\u0435\u0442\u0435\u0440\u0431\u0443\u0440\u0433","company_id":"12442","company_name":"\u041e\u041e\u041e \u041c\u0438\u0446\u0430\u0440"},{"name":"NYM 4\u04452.5","amount":"0,01","amount_parts":"","unit":"\u043a\u043c","city":"\u0421\u0430\u043d\u043a\u0442-\u041f\u0435\u0442\u0435\u0440\u0431\u0443\u0440\u0433","company_id":"21499","company_name":"\u042d\u043b\u0435\u043a\u0442\u0440\u043e\u043e\u0431\u043e\u0440\u0443\u0434\u043e\u0432\u0430\u043d\u0438\u0435"},{"name":"NYM 4\u04454","amount":"0,05","amount_parts":"","unit":"\u043a\u043c","city":"\u0421\u0430\u043d\u043a\u0442-\u041f\u0435\u0442\u0435\u0440\u0431\u0443\u0440\u0433","company_id":"16940","company_name":"\u041e\u041e\u041e \"\u041e\u043f\u0442\u0413\u0440\u0443\u043f\u043f\""},{"name":"NYM 4\u04454","amount":"4,3","amount_parts":"2.4; 1.9; ","unit":"\u043a\u043c","city":"\u0421\u0430\u043d\u043a\u0442-\u041f\u0435\u0442\u0435\u0440\u0431\u0443\u0440\u0433","company_id":"16931","company_name":"\u0413\u041a \"\u041d\u043e\u0432\u044b\u0435 \u0442\u0435\u0445\u043d\u043e\u043b\u043e\u0433\u0438\u0438\""},{"name":"NYM 4\u04454 \u0421\u0435\u0432.\u041a.","amount":"0,29","amount_parts":"","unit":"\u043a\u043c","city":"\u0421\u0430\u043d\u043a\u0442-\u041f\u0435\u0442\u0435\u0440\u0431\u0443\u0440\u0433","company_id":"12442","company_name":"\u041e\u041e\u041e \u041c\u0438\u0446\u0430\u0440"},{"name":"NYM 4\u04456","amount":"0,061","amount_parts":"","unit":"\u043a\u043c","city":"\u0421\u0430\u043d\u043a\u0442-\u041f\u0435\u0442\u0435\u0440\u0431\u0443\u0440\u0433","company_id":"16940","company_name":"\u041e\u041e\u041e \"\u041e\u043f\u0442\u0413\u0440\u0443\u043f\u043f\""},{"name":"NYM 4\u04456","amount":"4,6","amount_parts":"2; 2; 0.6; ","unit":"\u043a\u043c","city":"\u0421\u0430\u043d\u043a\u0442-\u041f\u0435\u0442\u0435\u0440\u0431\u0443\u0440\u0433","company_id":"16931","company_name":"\u0413\u041a \"\u041d\u043e\u0432\u044b\u0435 \u0442\u0435\u0445\u043d\u043e\u043b\u043e\u0433\u0438\u0438\""},{"name":"NYM 5\u04451,5","amount":"1,75","amount_parts":"","unit":"\u043a\u043c","city":"\u0421\u0430\u043d\u043a\u0442-\u041f\u0435\u0442\u0435\u0440\u0431\u0443\u0440\u0433","company_id":"12442","company_name":"\u041e\u041e\u041e \u041c\u0438\u0446\u0430\u0440"},{"name":"NYM 5\u04451,5 \u0421\u0435\u0432.\u041a.","amount":"0,75","amount_parts":"","unit":"\u043a\u043c","city":"\u0421\u0430\u043d\u043a\u0442-\u041f\u0435\u0442\u0435\u0440\u0431\u0443\u0440\u0433","company_id":"12442","company_name":"\u041e\u041e\u041e \u041c\u0438\u0446\u0430\u0440"},{"name":"NYM 5\u04451.5","amount":"0,006","amount_parts":"","unit":"\u043a\u043c","city":"\u0421\u0430\u043d\u043a\u0442-\u041f\u0435\u0442\u0435\u0440\u0431\u0443\u0440\u0433","company_id":"21499","company_name":"\u042d\u043b\u0435\u043a\u0442\u0440\u043e\u043e\u0431\u043e\u0440\u0443\u0434\u043e\u0432\u0430\u043d\u0438\u0435"}],"performedDatetime":"2014-07-21T08:50:20Z","authStatus":"0","accessDateEnd":""}
=====

select s.id, s.comp_id, s.title, s.quant, s.unit_id, s.comments, s.city from
		sklad_tovar s where city='Санкт-Петербург' and s.visible=1 and (title like 'Nym%' or title like '% Nym%') order by  s.title LIMIT 20, 20
q2: select count(s.id) from sklad_tovar s where city='Санкт-Петербург' and s.visible=1 and (title like 'Nym%' or title like '% Nym%')
 auth: 100 
=====
Query:
performedDatetime: 2014-07-21 08:50:25  0000
action: get_company_data
sklad_user: Гость
appleId: C2A835D7-BC83-46BF-B3E6-7BB38414ABE5
sklad_hash: 4b94e2d6129e7b1c12af399ae0c30311
company_id: 12442

=====
Response:
{"action":"get_company_data","code":0,"data":{"company_id":12442,"title":"\u041e\u041e\u041e \u041c\u0438\u0446\u0430\u0440","city":"\u0421\u0430\u043d\u043a\u0442-\u041f\u0435\u0442\u0435\u0440\u0431\u0443\u0440\u0433","address":"196240, \u0421\u0430\u043d\u043a\u0442-\u041f\u0435\u0442\u0435\u0440\u0431\u0443\u0440\u0433, \u041f\u0443\u043b\u043a\u043e\u0432\u0441\u043a\u043e\u0435 \u0448\u043e\u0441\u0441\u0435, \u0434. 9 \u043a\u043e\u0440\u043f. 3, \u0431\u0438\u0437\u043d\u0435\u0441-\u0446\u0435\u043d\u0442\u0440 ","phone":"(812) 718-58-60","email":"molchanova@mitsar.ru","url":"http:\/\/www.mitsar.ru","contact":"\u0412\u043e\u0440\u043e\u0442\u0438\u043d\u0441\u043a\u0430\u044f \u0422\u0430\u0442\u044c\u044f\u043d\u0430 \u0410\u043d\u0430\u0442\u043e\u043b\u044c\u0435\u0432\u043d\u0430","goods_count":"719","last_update":"07.07.2014"},"performedDatetime":"2014-07-21T08:50:22Z","authStatus":"0","accessDateEnd":""}
=====

select distinct city from sklad_tovar where comp_id= and city!='' order by city
q2: 
 auth: 100 
=====
Query:
performedDatetime: 2014-07-21 08:50:28  0000
action: get_company_data
sklad_user: Гость
appleId: C2A835D7-BC83-46BF-B3E6-7BB38414ABE5
sklad_hash: 4b94e2d6129e7b1c12af399ae0c30311
company_id: 12442

=====
Response:
{"action":"get_company_data","code":0,"data":{"company_id":12442,"title":"\u041e\u041e\u041e \u041c\u0438\u0446\u0430\u0440","city":"\u0421\u0430\u043d\u043a\u0442-\u041f\u0435\u0442\u0435\u0440\u0431\u0443\u0440\u0433","address":"196240, \u0421\u0430\u043d\u043a\u0442-\u041f\u0435\u0442\u0435\u0440\u0431\u0443\u0440\u0433, \u041f\u0443\u043b\u043a\u043e\u0432\u0441\u043a\u043e\u0435 \u0448\u043e\u0441\u0441\u0435, \u0434. 9 \u043a\u043e\u0440\u043f. 3, \u0431\u0438\u0437\u043d\u0435\u0441-\u0446\u0435\u043d\u0442\u0440 ","phone":"(812) 718-58-60","email":"molchanova@mitsar.ru","url":"http:\/\/www.mitsar.ru","contact":"\u0412\u043e\u0440\u043e\u0442\u0438\u043d\u0441\u043a\u0430\u044f \u0422\u0430\u0442\u044c\u044f\u043d\u0430 \u0410\u043d\u0430\u0442\u043e\u043b\u044c\u0435\u0432\u043d\u0430","goods_count":"719","last_update":"07.07.2014"},"performedDatetime":"2014-07-21T08:50:25Z","authStatus":"0","accessDateEnd":""}
=====

select distinct city from sklad_tovar where comp_id= and city!='' order by city
q2: 
 auth: 100 
=====
Query:
performedDatetime: 2014-07-21 10:25:39  0000
action: check_user_rights
sklad_user: Gerasimova
appleId: E81CF63A-C76B-48BB-B9F4-69C5EADC5062
sklad_hash: f90507cd34fbbeae16632af9afb9da99

=====
Response:
{"action":"check_user_rights","code":0,"performedDatetime":"2014-07-21T10:25:41Z","authStatus":"0","accessDateEnd":"30.06.2015"}
=====


q2: 
 auth: 100 
=====
Query:
performedDatetime: 2014-07-21 10:25:42  0000
action: get_text

=====
Response:
{"action":"get_text","code":0,"data":"","performedDatetime":"2014-07-21T10:25:41Z","authStatus":"10"}
=====


q2: 
 auth: 0 
=====
Query:
performedDatetime: 2014-07-21 10:25:51  0000
action: get_goods_data
sklad_user: Gerasimova
appleId: E81CF63A-C76B-48BB-B9F4-69C5EADC5062
sklad_hash: f90507cd34fbbeae16632af9afb9da99
searchTerm: Ввг
resultsFrom: 0
sort: 0
cityFilter: 

=====
Response:
{"action":"get_goods_data","searchTerm":"\u0412\u0432\u0433","resultsFrom":0,"sort":0,"cityFilter":"","code":0,"resultsCount":"9835","lastPage":0,"data":[{"name":"\u0412\u0412\u0413 (\u0410) LS 5\u044510","amount":"0,715","amount_parts":"","unit":"\u043a\u043c","city":"\u0410\u0440\u0445\u0430\u043d\u0433\u0435\u043b\u044c\u0441\u043a","company_id":"20371","company_name":"\u041e\u041e\u041e \u042d\u043d\u0435\u0440\u0433\u043e\u0440\u0435\u0441\u0443\u0440\u0441"},{"name":"\u0412\u0412\u0413 (\u0410)-\u041f 2\u04452,5","amount":"1,8","amount_parts":"","unit":"\u043a\u043c","city":"\u0410\u0440\u0445\u0430\u043d\u0433\u0435\u043b\u044c\u0441\u043a","company_id":"20371","company_name":"\u041e\u041e\u041e \u042d\u043d\u0435\u0440\u0433\u043e\u0440\u0435\u0441\u0443\u0440\u0441"},{"name":"\u0412\u0412\u0413 (\u0410)-\u041f 2\u04454","amount":"0,645","amount_parts":"","unit":"\u043a\u043c","city":"\u0410\u0440\u0445\u0430\u043d\u0433\u0435\u043b\u044c\u0441\u043a","company_id":"20371","company_name":"\u041e\u041e\u041e \u042d\u043d\u0435\u0440\u0433\u043e\u0440\u0435\u0441\u0443\u0440\u0441"},{"name":"\u0412\u0412\u0413 (\u0410)-\u041f 3\u04451,5","amount":"0,015","amount_parts":"","unit":"\u043a\u043c","city":"\u0410\u0440\u0445\u0430\u043d\u0433\u0435\u043b\u044c\u0441\u043a","company_id":"20371","company_name":"\u041e\u041e\u041e \u042d\u043d\u0435\u0440\u0433\u043e\u0440\u0435\u0441\u0443\u0440\u0441"},{"name":"\u0412\u0412\u0413 (\u0410)-\u041f 3\u04452,5","amount":"0,33","amount_parts":"","unit":"\u043a\u043c","city":"\u0410\u0440\u0445\u0430\u043d\u0433\u0435\u043b\u044c\u0441\u043a","company_id":"20371","company_name":"\u041e\u041e\u041e \u042d\u043d\u0435\u0440\u0433\u043e\u0440\u0435\u0441\u0443\u0440\u0441"},{"name":"\u0412\u0412\u0413 (\u0410)-\u041f 3\u04454,0","amount":"0,518","amount_parts":"","unit":"\u043a\u043c","city":"\u0410\u0440\u0445\u0430\u043d\u0433\u0435\u043b\u044c\u0441\u043a","company_id":"20371","company_name":"\u041e\u041e\u041e \u042d\u043d\u0435\u0440\u0433\u043e\u0440\u0435\u0441\u0443\u0440\u0441"},{"name":"\u0412\u0412\u0413 - 0,66 2\u0445 1,5","amount":"30,515","amount_parts":"28,165; 2,35; ","unit":"\u043a\u043c","city":"\u041d\u0438\u0436\u043d\u0438\u0439 \u041d\u043e\u0432\u0433\u043e\u0440\u043e\u0434","company_id":"22212","company_name":"\u041e\u041e\u041e \"\u042d\u043b\u0435\u043a\u0442\u0440\u043e\u0442\u0435\u0445\u043d\u0438\u0447\u0435\u0441\u043a\u0430\u044f \u043a\u043e\u043c\u043f\u0430\u043d\u0438\u044f \"\u0422\u043e\u043b\u0435\u0434\u043e\""},{"name":"\u0412\u0412\u0413 - 0,66 2\u0445 2,5","amount":"14,991","amount_parts":"12,771; 2,22; ","unit":"\u043a\u043c","city":"\u041d\u0438\u0436\u043d\u0438\u0439 \u041d\u043e\u0432\u0433\u043e\u0440\u043e\u0434","company_id":"22212","company_name":"\u041e\u041e\u041e \"\u042d\u043b\u0435\u043a\u0442\u0440\u043e\u0442\u0435\u0445\u043d\u0438\u0447\u0435\u0441\u043a\u0430\u044f \u043a\u043e\u043c\u043f\u0430\u043d\u0438\u044f \"\u0422\u043e\u043b\u0435\u0434\u043e\""},{"name":"\u0412\u0412\u0413 - 0,66 2\u0445 4","amount":"2,905","amount_parts":"","unit":"\u043a\u043c","city":"\u041d\u0438\u0436\u043d\u0438\u0439 \u041d\u043e\u0432\u0433\u043e\u0440\u043e\u0434","company_id":"22212","company_name":"\u041e\u041e\u041e \"\u042d\u043b\u0435\u043a\u0442\u0440\u043e\u0442\u0435\u0445\u043d\u0438\u0447\u0435\u0441\u043a\u0430\u044f \u043a\u043e\u043c\u043f\u0430\u043d\u0438\u044f \"\u0422\u043e\u043b\u0435\u0434\u043e\""},{"name":"\u0412\u0412\u0413 - 0,66 2\u0445 6","amount":"1,983","amount_parts":"","unit":"\u043a\u043c","city":"\u041d\u0438\u0436\u043d\u0438\u0439 \u041d\u043e\u0432\u0433\u043e\u0440\u043e\u0434","company_id":"22212","company_name":"\u041e\u041e\u041e \"\u042d\u043b\u0435\u043a\u0442\u0440\u043e\u0442\u0435\u0445\u043d\u0438\u0447\u0435\u0441\u043a\u0430\u044f \u043a\u043e\u043c\u043f\u0430\u043d\u0438\u044f \"\u0422\u043e\u043b\u0435\u0434\u043e\""},{"name":"\u0412\u0412\u0413 - 0,66 3\u0445 1,5","amount":"42,836","amount_parts":"31,412; 11,424; ","unit":"\u043a\u043c","city":"\u041d\u0438\u0436\u043d\u0438\u0439 \u041d\u043e\u0432\u0433\u043e\u0440\u043e\u0434","company_id":"22212","company_name":"\u041e\u041e\u041e \"\u042d\u043b\u0435\u043a\u0442\u0440\u043e\u0442\u0435\u0445\u043d\u0438\u0447\u0435\u0441\u043a\u0430\u044f \u043a\u043e\u043c\u043f\u0430\u043d\u0438\u044f \"\u0422\u043e\u043b\u0435\u0434\u043e\""},{"name":"\u0412\u0412\u0413 - 0,66 3\u0445 1,5 \u0431\u0435\u043b\u044b\u0439","amount":"11,592","amount_parts":"","unit":"\u043a\u043c","city":"\u041d\u0438\u0436\u043d\u0438\u0439 \u041d\u043e\u0432\u0433\u043e\u0440\u043e\u0434","company_id":"22212","company_name":"\u041e\u041e\u041e \"\u042d\u043b\u0435\u043a\u0442\u0440\u043e\u0442\u0435\u0445\u043d\u0438\u0447\u0435\u0441\u043a\u0430\u044f \u043a\u043e\u043c\u043f\u0430\u043d\u0438\u044f \"\u0422\u043e\u043b\u0435\u0434\u043e\""},{"name":"\u0412\u0412\u0413 - 0,66 3\u0445 2,5","amount":"66,123","amount_parts":"46,105; 20,018; ","unit":"\u043a\u043c","city":"\u041d\u0438\u0436\u043d\u0438\u0439 \u041d\u043e\u0432\u0433\u043e\u0440\u043e\u0434","company_id":"22212","company_name":"\u041e\u041e\u041e \"\u042d\u043b\u0435\u043a\u0442\u0440\u043e\u0442\u0435\u0445\u043d\u0438\u0447\u0435\u0441\u043a\u0430\u044f \u043a\u043e\u043c\u043f\u0430\u043d\u0438\u044f \"\u0422\u043e\u043b\u0435\u0434\u043e\""},{"name":"\u0412\u0412\u0413 - 0,66 3\u0445 4","amount":"0,116","amount_parts":"0,053; 0,063; ","unit":"\u043a\u043c","city":"\u041d\u0438\u0436\u043d\u0438\u0439 \u041d\u043e\u0432\u0433\u043e\u0440\u043e\u0434","company_id":"22212","company_name":"\u041e\u041e\u041e \"\u042d\u043b\u0435\u043a\u0442\u0440\u043e\u0442\u0435\u0445\u043d\u0438\u0447\u0435\u0441\u043a\u0430\u044f \u043a\u043e\u043c\u043f\u0430\u043d\u0438\u044f \"\u0422\u043e\u043b\u0435\u0434\u043e\""},{"name":"\u0412\u0412\u0413 - 0,66 3\u0445 6","amount":"14,888","amount_parts":"8,177; 6,711; ","unit":"\u043a\u043c","city":"\u041d\u0438\u0436\u043d\u0438\u0439 \u041d\u043e\u0432\u0433\u043e\u0440\u043e\u0434","company_id":"22212","company_name":"\u041e\u041e\u041e \"\u042d\u043b\u0435\u043a\u0442\u0440\u043e\u0442\u0435\u0445\u043d\u0438\u0447\u0435\u0441\u043a\u0430\u044f \u043a\u043e\u043c\u043f\u0430\u043d\u0438\u044f \"\u0422\u043e\u043b\u0435\u0434\u043e\""},{"name":"\u0412\u0412\u0413 - 0,66 4\u0445 1,5","amount":"9,808","amount_parts":"4,949; 4,859; ","unit":"\u043a\u043c","city":"\u041d\u0438\u0436\u043d\u0438\u0439 \u041d\u043e\u0432\u0433\u043e\u0440\u043e\u0434","company_id":"22212","company_name":"\u041e\u041e\u041e \"\u042d\u043b\u0435\u043a\u0442\u0440\u043e\u0442\u0435\u0445\u043d\u0438\u0447\u0435\u0441\u043a\u0430\u044f \u043a\u043e\u043c\u043f\u0430\u043d\u0438\u044f \"\u0422\u043e\u043b\u0435\u0434\u043e\""},{"name":"\u0412\u0412\u0413 - 0,66 4\u0445 2,5","amount":"3,936","amount_parts":"3,549; 0,387; ","unit":"\u043a\u043c","city":"\u041d\u0438\u0436\u043d\u0438\u0439 \u041d\u043e\u0432\u0433\u043e\u0440\u043e\u0434","company_id":"22212","company_name":"\u041e\u041e\u041e \"\u042d\u043b\u0435\u043a\u0442\u0440\u043e\u0442\u0435\u0445\u043d\u0438\u0447\u0435\u0441\u043a\u0430\u044f \u043a\u043e\u043c\u043f\u0430\u043d\u0438\u044f \"\u0422\u043e\u043b\u0435\u0434\u043e\""},{"name":"\u0412\u0412\u0413 - 0,66 4\u0445 4","amount":"6,821","amount_parts":"4,401; 2,42; ","unit":"\u043a\u043c","city":"\u041d\u0438\u0436\u043d\u0438\u0439 \u041d\u043e\u0432\u0433\u043e\u0440\u043e\u0434","company_id":"22212","company_name":"\u041e\u041e\u041e \"\u042d\u043b\u0435\u043a\u0442\u0440\u043e\u0442\u0435\u0445\u043d\u0438\u0447\u0435\u0441\u043a\u0430\u044f \u043a\u043e\u043c\u043f\u0430\u043d\u0438\u044f \"\u0422\u043e\u043b\u0435\u0434\u043e\""},{"name":"\u0412\u0412\u0413 - 0,66 4\u0445 6","amount":"6,287","amount_parts":"5,669; 0,618; ","unit":"\u043a\u043c","city":"\u041d\u0438\u0436\u043d\u0438\u0439 \u041d\u043e\u0432\u0433\u043e\u0440\u043e\u0434","company_id":"22212","company_name":"\u041e\u041e\u041e \"\u042d\u043b\u0435\u043a\u0442\u0440\u043e\u0442\u0435\u0445\u043d\u0438\u0447\u0435\u0441\u043a\u0430\u044f \u043a\u043e\u043c\u043f\u0430\u043d\u0438\u044f \"\u0422\u043e\u043b\u0435\u0434\u043e\""},{"name":"\u0412\u0412\u0413 - 0,66 5\u0445 1,5","amount":"4,888","amount_parts":"2,84; 2,048; ","unit":"\u043a\u043c","city":"\u041d\u0438\u0436\u043d\u0438\u0439 \u041d\u043e\u0432\u0433\u043e\u0440\u043e\u0434","company_id":"22212","company_name":"\u041e\u041e\u041e \"\u042d\u043b\u0435\u043a\u0442\u0440\u043e\u0442\u0435\u0445\u043d\u0438\u0447\u0435\u0441\u043a\u0430\u044f \u043a\u043e\u043c\u043f\u0430\u043d\u0438\u044f \"\u0422\u043e\u043b\u0435\u0434\u043e\""}],"performedDatetime":"2014-07-21T10:25:50Z","authStatus":"0","accessDateEnd":"30.06.2015"}
=====

select s.id, s.comp_id, s.title, s.quant, s.unit_id, s.comments, s.city from
		sklad_tovar s where visible=1 and (title like 'Ввг%' or title like '% Ввг%') order by  s.title LIMIT 0, 20
q2: select count(id) from sklad_tovar s where visible=1 and (title like 'Ввг%' or title like '% Ввг%')
 auth: 100 
=====
Query:
performedDatetime: 2014-07-21 10:26:02  0000
action: get_company_data
sklad_user: Gerasimova
appleId: E81CF63A-C76B-48BB-B9F4-69C5EADC5062
sklad_hash: f90507cd34fbbeae16632af9afb9da99
company_id: 20371

=====
Response:
{"action":"get_company_data","code":0,"data":{"company_id":20371,"title":"\u041e\u041e\u041e \u042d\u043d\u0435\u0440\u0433\u043e\u0440\u0435\u0441\u0443\u0440\u0441","city":"\u0410\u0440\u0445\u0430\u043d\u0433\u0435\u043b\u044c\u0441\u043a","address":"163069, \u0433.\u0410\u0440\u0445\u0430\u043d\u0433\u0435\u043b\u044c\u0441\u043a, \u043f\u0440. \u041b\u043e\u043c\u043e\u043d\u043e\u0441\u043e\u0432\u0430 \u0434 53 \u043e\u0444 3\u041d","phone":"(8182) 47-37-37","email":"pkfers1@bk.ru","url":"http:\/\/pkfers.ru","contact":"\u0413\u0440\u0443\u0434\u0438\u043d \u0421\u0435\u0440\u0433\u0435\u0439","goods_count":"317","last_update":"07.07.2014"},"performedDatetime":"2014-07-21T10:26:01Z","authStatus":"0","accessDateEnd":"30.06.2015"}
=====

select distinct city from sklad_tovar where comp_id= and city!='' order by city
q2: 
 auth: 100 
=====
Query:
performedDatetime: 2014-07-21 10:26:08  0000
action: get_company_data
sklad_user: Gerasimova
appleId: E81CF63A-C76B-48BB-B9F4-69C5EADC5062
sklad_hash: f90507cd34fbbeae16632af9afb9da99
company_id: 20371

=====
Response:
{"action":"get_company_data","code":0,"data":{"company_id":20371,"title":"\u041e\u041e\u041e \u042d\u043d\u0435\u0440\u0433\u043e\u0440\u0435\u0441\u0443\u0440\u0441","city":"\u0410\u0440\u0445\u0430\u043d\u0433\u0435\u043b\u044c\u0441\u043a","address":"163069, \u0433.\u0410\u0440\u0445\u0430\u043d\u0433\u0435\u043b\u044c\u0441\u043a, \u043f\u0440. \u041b\u043e\u043c\u043e\u043d\u043e\u0441\u043e\u0432\u0430 \u0434 53 \u043e\u0444 3\u041d","phone":"(8182) 47-37-37","email":"pkfers1@bk.ru","url":"http:\/\/pkfers.ru","contact":"\u0413\u0440\u0443\u0434\u0438\u043d \u0421\u0435\u0440\u0433\u0435\u0439","goods_count":"317","last_update":"07.07.2014"},"performedDatetime":"2014-07-21T10:26:07Z","authStatus":"0","accessDateEnd":"30.06.2015"}
=====

select distinct city from sklad_tovar where comp_id= and city!='' order by city
q2: 
 auth: 100 
=====
Query:
performedDatetime: 2014-07-21 10:26:12  0000
action: get_company_data
sklad_user: Gerasimova
appleId: E81CF63A-C76B-48BB-B9F4-69C5EADC5062
sklad_hash: f90507cd34fbbeae16632af9afb9da99
company_id: 22212

=====
Response:
{"action":"get_company_data","code":0,"data":{"company_id":22212,"title":"\u041e\u041e\u041e \"\u042d\u043b\u0435\u043a\u0442\u0440\u043e\u0442\u0435\u0445\u043d\u0438\u0447\u0435\u0441\u043a\u0430\u044f \u043a\u043e\u043c\u043f\u0430\u043d\u0438\u044f \"\u0422\u043e\u043b\u0435\u0434\u043e\"","city":"\u041d\u0438\u0436\u043d\u0438\u0439 \u041d\u043e\u0432\u0433\u043e\u0440\u043e\u0434","address":"\u041d.\u041d\u043e\u0432\u0433\u043e\u0440\u043e\u0434, \u0443\u043b. \u041a\u043e\u043c\u0438\u043d\u0442\u0435\u0440\u043d\u0430 , 30\u0410","phone":"9050130037","email":"andrey367182@mail.ru","url":"http:\/\/www.toledonn.ru\/","contact":"\u041a\u0443\u0441\u043a\u043e\u0432 \u0410\u043d\u0434\u0440\u0435\u0439 \u041f\u0430\u0432\u043b\u043e\u0432\u0438\u0447","goods_count":"775","last_update":"14.07.2014"},"performedDatetime":"2014-07-21T10:26:11Z","authStatus":"0","accessDateEnd":"30.06.2015"}
=====

select distinct city from sklad_tovar where comp_id= and city!='' order by city
q2: 
 auth: 100 
=====
Query:
performedDatetime: 2014-07-21 10:26:17  0000
action: get_company_data
sklad_user: Gerasimova
appleId: E81CF63A-C76B-48BB-B9F4-69C5EADC5062
sklad_hash: f90507cd34fbbeae16632af9afb9da99
company_id: 22212

=====
Response:
{"action":"get_company_data","code":0,"data":{"company_id":22212,"title":"\u041e\u041e\u041e \"\u042d\u043b\u0435\u043a\u0442\u0440\u043e\u0442\u0435\u0445\u043d\u0438\u0447\u0435\u0441\u043a\u0430\u044f \u043a\u043e\u043c\u043f\u0430\u043d\u0438\u044f \"\u0422\u043e\u043b\u0435\u0434\u043e\"","city":"\u041d\u0438\u0436\u043d\u0438\u0439 \u041d\u043e\u0432\u0433\u043e\u0440\u043e\u0434","address":"\u041d.\u041d\u043e\u0432\u0433\u043e\u0440\u043e\u0434, \u0443\u043b. \u041a\u043e\u043c\u0438\u043d\u0442\u0435\u0440\u043d\u0430 , 30\u0410","phone":"9050130037","email":"andrey367182@mail.ru","url":"http:\/\/www.toledonn.ru\/","contact":"\u041a\u0443\u0441\u043a\u043e\u0432 \u0410\u043d\u0434\u0440\u0435\u0439 \u041f\u0430\u0432\u043b\u043e\u0432\u0438\u0447","goods_count":"775","last_update":"14.07.2014"},"performedDatetime":"2014-07-21T10:26:16Z","authStatus":"0","accessDateEnd":"30.06.2015"}
=====

select distinct city from sklad_tovar where comp_id= and city!='' order by city
q2: 
 auth: 100 
=====
Query:
performedDatetime: 2014-07-21 10:26:30  0000
action: get_goods_data
sklad_user: Gerasimova
appleId: E81CF63A-C76B-48BB-B9F4-69C5EADC5062
sklad_hash: f90507cd34fbbeae16632af9afb9da99
searchTerm: Ввг
resultsFrom: 1
sort: 0
cityFilter: 

=====
Response:
{"action":"get_goods_data","searchTerm":"\u0412\u0432\u0433","resultsFrom":1,"sort":0,"cityFilter":"","code":0,"resultsCount":"9835","lastPage":0,"data":[{"name":"\u0412\u0412\u0413 - 0,66 5\u0445 2,5","amount":"0,91","amount_parts":"0,057; 0,853; ","unit":"\u043a\u043c","city":"\u041d\u0438\u0436\u043d\u0438\u0439 \u041d\u043e\u0432\u0433\u043e\u0440\u043e\u0434","company_id":"22212","company_name":"\u041e\u041e\u041e \"\u042d\u043b\u0435\u043a\u0442\u0440\u043e\u0442\u0435\u0445\u043d\u0438\u0447\u0435\u0441\u043a\u0430\u044f \u043a\u043e\u043c\u043f\u0430\u043d\u0438\u044f \"\u0422\u043e\u043b\u0435\u0434\u043e\""},{"name":"\u0412\u0412\u0413 - 0,66 5\u0445 4","amount":"2,595","amount_parts":"1,148; 1,447; ","unit":"\u043a\u043c","city":"\u041d\u0438\u0436\u043d\u0438\u0439 \u041d\u043e\u0432\u0433\u043e\u0440\u043e\u0434","company_id":"22212","company_name":"\u041e\u041e\u041e \"\u042d\u043b\u0435\u043a\u0442\u0440\u043e\u0442\u0435\u0445\u043d\u0438\u0447\u0435\u0441\u043a\u0430\u044f \u043a\u043e\u043c\u043f\u0430\u043d\u0438\u044f \"\u0422\u043e\u043b\u0435\u0434\u043e\""},{"name":"\u0412\u0412\u0413 - 0,66 5\u0445 6","amount":"4,039","amount_parts":"1,83; 2,209; ","unit":"\u043a\u043c","city":"\u041d\u0438\u0436\u043d\u0438\u0439 \u041d\u043e\u0432\u0433\u043e\u0440\u043e\u0434","company_id":"22212","company_name":"\u041e\u041e\u041e \"\u042d\u043b\u0435\u043a\u0442\u0440\u043e\u0442\u0435\u0445\u043d\u0438\u0447\u0435\u0441\u043a\u0430\u044f \u043a\u043e\u043c\u043f\u0430\u043d\u0438\u044f \"\u0422\u043e\u043b\u0435\u0434\u043e\""},{"name":"\u0412\u0412\u0413 - 2\u04452,5 1\u043a\u0432","amount":"1,105","amount_parts":"","unit":"\u043a\u043c","city":"\u041c\u043e\u0441\u043a\u0432\u0430","company_id":"15976","company_name":"\u041e\u041e\u041e \u041a\u0430\u0431\u0435\u043b\u044c\u043d\u0430\u044f \u043a\u043e\u043c\u043f\u0430\u043d\u0438\u044f \u042d\u0420\u041c\u0410\u041d\u041e"},{"name":"\u0412\u0412\u0413 0,66\u043a\u0412 3\u04452,5","amount":"0,01","amount_parts":"","unit":"\u043a\u043c","city":"\u0427\u0435\u0431\u043e\u043a\u0441\u0430\u0440\u044b","company_id":"18400","company_name":"\u041e\u041e\u041e \u0414\u0438\u0430\u0434\u0430"},{"name":"\u0412\u0412\u0413 0,66\u043a\u0412 3\u04452,5","amount":"0,01","amount_parts":"","unit":"\u043a\u043c","city":"\u041c\u043e\u0441\u043a\u0432\u0430","company_id":"18400","company_name":"\u041e\u041e\u041e \u0414\u0438\u0430\u0434\u0430"},{"name":"\u0412\u0412\u0413 0,66\u043a\u0412 3\u04454","amount":"0,08","amount_parts":"","unit":"\u043a\u043c","city":"\u041c\u043e\u0441\u043a\u0432\u0430","company_id":"18400","company_name":"\u041e\u041e\u041e \u0414\u0438\u0430\u0434\u0430"},{"name":"\u0412\u0412\u0413 0,66\u043a\u0412 4\u04451,5","amount":"0,029","amount_parts":"","unit":"\u043a\u043c","city":"\u041c\u043e\u0441\u043a\u0432\u0430","company_id":"18400","company_name":"\u041e\u041e\u041e \u0414\u0438\u0430\u0434\u0430"},{"name":"\u0412\u0412\u0413 0,66\u043a\u0412 4\u04454","amount":"0,01","amount_parts":"","unit":"\u043a\u043c","city":"\u041c\u043e\u0441\u043a\u0432\u0430","company_id":"18400","company_name":"\u041e\u041e\u041e \u0414\u0438\u0430\u0434\u0430"},{"name":"\u0412\u0412\u0413 0,66\u043a\u0412 4\u04454","amount":"0,01","amount_parts":"","unit":"\u043a\u043c","city":"\u041d\u0438\u0436\u043d\u0438\u0439 \u041d\u043e\u0432\u0433\u043e\u0440\u043e\u0434","company_id":"18400","company_name":"\u041e\u041e\u041e \u0414\u0438\u0430\u0434\u0430"},{"name":"\u0412\u0412\u0413 0,66\u043a\u0412 5\u044510","amount":"0,088","amount_parts":"","unit":"\u043a\u043c","city":"\u041c\u043e\u0441\u043a\u0432\u0430","company_id":"18400","company_name":"\u041e\u041e\u041e \u0414\u0438\u0430\u0434\u0430"},{"name":"\u0412\u0412\u0413 0,66\u043a\u0412 5\u04452,5","amount":"0,2","amount_parts":"","unit":"\u043a\u043c","city":"\u0427\u0435\u0431\u043e\u043a\u0441\u0430\u0440\u044b","company_id":"18400","company_name":"\u041e\u041e\u041e \u0414\u0438\u0430\u0434\u0430"},{"name":"\u0412\u0412\u0413 0,66\u043a\u0412 5\u04452,5","amount":"0,2","amount_parts":"","unit":"\u043a\u043c","city":"\u041c\u043e\u0441\u043a\u0432\u0430","company_id":"18400","company_name":"\u041e\u041e\u041e \u0414\u0438\u0430\u0434\u0430"},{"name":"\u0412\u0412\u0413 1x150-1 \u043a\u0412","amount":"0,56","amount_parts":"","unit":"\u043a\u043c","city":"\u041a\u0440\u0430\u0441\u043d\u043e\u0434\u0430\u0440","company_id":"4151","company_name":"\u041e\u041e\u041e \u042d\u043b\u0435\u043a\u0442\u0440\u043e\u0442\u0435\u0445\u043d\u0438\u0447\u0435\u0441\u043a\u0430\u044f \u043a\u043e\u043c\u043f\u0430\u043d\u0438\u044f"},{"name":"\u0412\u0412\u0413 1\u04451,5","amount":"0,005","amount_parts":"","unit":"\u043a\u043c","city":"\u041c\u043e\u0441\u043a\u0432\u0430","company_id":"22412","company_name":"\u041e\u041e\u041e \u041a\u041e\u0420\u041f\u041e\u0420\u0410\u0426\u0418\u042f \u0411\u0430\u043b\u0442\u041f\u0440\u043e\u043c\u041a\u043e\u043c\u043f\u043b\u0435\u043a\u0442"},{"name":"\u0412\u0412\u0413 1\u04451,5","amount":"0,005","amount_parts":"","unit":"\u043a\u043c","city":"\u0421\u0430\u043d\u043a\u0442-\u041f\u0435\u0442\u0435\u0440\u0431\u0443\u0440\u0433","company_id":"16940","company_name":"\u041e\u041e\u041e \"\u041e\u043f\u0442\u0413\u0440\u0443\u043f\u043f\""},{"name":"\u0412\u0412\u0413 1\u04451,5","amount":"0,4","amount_parts":"","unit":"\u043a\u043c","city":"\u0415\u043a\u0430\u0442\u0435\u0440\u0438\u043d\u0431\u0443\u0440\u0433","company_id":"22345","company_name":"\u041e\u041e\u041e \u042d\u043d\u0435\u0440\u0433\u043e\u0446\u0435\u043d\u0442\u0440-\u0415\u041a"},{"name":"\u0412\u0412\u0413 1\u04451,5 \u0431\u0435\u043b","amount":"0,75","amount_parts":"0,2; 0,247; 0,303; ","unit":"\u043a\u043c","city":"\u041d\u043e\u0432\u043e\u0441\u0438\u0431\u0438\u0440\u0441\u043a","company_id":"8749","company_name":"\u0417\u0430\u043f\u0441\u0438\u0431\u043a\u0430\u0431\u0435\u043b\u044c"},{"name":"\u0412\u0412\u0413 1\u04451,5 \u0431\u0435\u043b","amount":"0,75","amount_parts":"0,2; 0,247; 0,303; ","unit":"\u043a\u043c","city":"\u041d\u043e\u0432\u043e\u0441\u0438\u0431\u0438\u0440\u0441\u043a","company_id":"14419","company_name":"\u041e\u041e\u041e \u041a\u041e\u041c\u041f\u0410\u041d\u0418\u042f \u0417\u0410\u041f\u0421\u0418\u0411\u041a\u0410\u0411\u0415\u041b\u042c"},{"name":"\u0412\u0412\u0413 1\u04451,5 \u043a\u0440\u0430\u0441\u043d","amount":"0,773","amount_parts":"0,27; 0,503; ","unit":"\u043a\u043c","city":"\u041d\u043e\u0432\u043e\u0441\u0438\u0431\u0438\u0440\u0441\u043a","company_id":"8749","company_name":"\u0417\u0430\u043f\u0441\u0438\u0431\u043a\u0430\u0431\u0435\u043b\u044c"}],"performedDatetime":"2014-07-21T10:26:29Z","authStatus":"0","accessDateEnd":"30.06.2015"}
=====

select s.id, s.comp_id, s.title, s.quant, s.unit_id, s.comments, s.city from
		sklad_tovar s where visible=1 and (title like 'Ввг%' or title like '% Ввг%') order by  s.title LIMIT 20, 20
q2: select count(id) from sklad_tovar s where visible=1 and (title like 'Ввг%' or title like '% Ввг%')
 auth: 100 
=====
Query:
performedDatetime: 2014-07-21 10:26:34  0000
action: get_goods_data
sklad_user: Gerasimova
appleId: E81CF63A-C76B-48BB-B9F4-69C5EADC5062
sklad_hash: f90507cd34fbbeae16632af9afb9da99
searchTerm: Ввг
resultsFrom: 2
sort: 0
cityFilter: 

=====
Response:
{"action":"get_goods_data","searchTerm":"\u0412\u0432\u0433","resultsFrom":2,"sort":0,"cityFilter":"","code":0,"resultsCount":"9835","lastPage":0,"data":[{"name":"\u0412\u0412\u0413 1\u04451,5 \u043a\u0440\u0430\u0441\u043d","amount":"0,773","amount_parts":"0,27; 0,503; ","unit":"\u043a\u043c","city":"\u041d\u043e\u0432\u043e\u0441\u0438\u0431\u0438\u0440\u0441\u043a","company_id":"14419","company_name":"\u041e\u041e\u041e \u041a\u041e\u041c\u041f\u0410\u041d\u0418\u042f \u0417\u0410\u041f\u0421\u0418\u0411\u041a\u0410\u0411\u0415\u041b\u042c"},{"name":"\u0412\u0412\u0413 1\u04451,5 \u043e\u043a-0,66 (\u0431\u0435\u043b\u044b\u0439)","amount":"740","amount_parts":"","unit":"\u043a\u043c","city":"\u041c\u043e\u0441\u043a\u0432\u0430","company_id":"17265","company_name":"\u041e\u041e\u041e \"\u0421\u0420\u0421-\u042d\u043b\u0435\u043a\u0442\u0440\u043e\""},{"name":"\u0412\u0412\u0413 1\u04451.5","amount":"0,2","amount_parts":"","unit":"\u043a\u043c","city":"\u041a\u0440\u0430\u0441\u043d\u043e\u0434\u0430\u0440","company_id":"13148","company_name":"\u041e\u041e\u041e \u0418\u043d\u0442\u0435\u0440\u043a\u043e\u043c"},{"name":"\u0412\u0412\u0413 1\u044510","amount":"0,022","amount_parts":"","unit":"\u043a\u043c","city":"\u041f\u0435\u0440\u043c\u044c","company_id":"17640","company_name":"\u041e\u041e\u041e \"\u0415\u0432\u0440\u043e\u0441\u0442\u0440\u043e\u0439\""},{"name":"\u0412\u0412\u0413 1\u044510","amount":"0,34","amount_parts":"","unit":"\u043a\u043c","city":"\u041c\u043e\u0441\u043a\u0432\u0430","company_id":"4864","company_name":"\u041e\u041e\u041e \u0423\u043d\u0438\u0432\u0435\u0440\u0441\u0438\u0442\u0435\u0442  \u0441\u0435\u0440\u0432\u0438\u0441"},{"name":"\u0412\u0412\u0413 1\u044510","amount":"0,07","amount_parts":"","unit":"\u043a\u043c","city":"\u041c\u043e\u0441\u043a\u0432\u0430","company_id":"22412","company_name":"\u041e\u041e\u041e \u041a\u041e\u0420\u041f\u041e\u0420\u0410\u0426\u0418\u042f \u0411\u0430\u043b\u0442\u041f\u0440\u043e\u043c\u041a\u043e\u043c\u043f\u043b\u0435\u043a\u0442"},{"name":"\u0412\u0412\u0413 1\u044510","amount":"0,031","amount_parts":"","unit":"\u043a\u043c","city":"\u041f\u0435\u0440\u043c\u044c","company_id":"10969","company_name":"\u041e\u041e\u041e \u0410\u0428\u0422\u0420\u0415\u0412\u0415\u041b"},{"name":"\u0412\u0412\u0413 1\u044510","amount":"0,022","amount_parts":"","unit":"\u043a\u043c","city":"\u041f\u0435\u0440\u043c\u044c","company_id":"3601","company_name":"\u041e\u041e\u041e \"\u0422\u041c\u041a-\u042d\u041d\u0415\u0420\u0413\u041e\""},{"name":"\u0412\u0412\u0413 1\u044510","amount":"0,451","amount_parts":"","unit":"\u043a\u043c","city":"\u041a\u0440\u0430\u0441\u043d\u043e\u044f\u0440\u0441\u043a","company_id":"8363","company_name":"\u041e\u041e\u041e \u0421\u0438\u0431\u0421\u0442\u0440\u043e\u0439\u0420\u0435\u0441\u0443\u0440\u0441 2000"},{"name":"\u0412\u0412\u0413 1\u044510 \u0431\u0435\u043b","amount":"0,194","amount_parts":"","unit":"\u043a\u043c","city":"\u041d\u043e\u0432\u043e\u0441\u0438\u0431\u0438\u0440\u0441\u043a","company_id":"8749","company_name":"\u0417\u0430\u043f\u0441\u0438\u0431\u043a\u0430\u0431\u0435\u043b\u044c"},{"name":"\u0412\u0412\u0413 1\u044510 \u0431\u0435\u043b","amount":"0,194","amount_parts":"","unit":"\u043a\u043c","city":"\u041d\u043e\u0432\u043e\u0441\u0438\u0431\u0438\u0440\u0441\u043a","company_id":"14419","company_name":"\u041e\u041e\u041e \u041a\u041e\u041c\u041f\u0410\u041d\u0418\u042f \u0417\u0410\u041f\u0421\u0418\u0411\u041a\u0410\u0411\u0415\u041b\u042c"},{"name":"\u0412\u0412\u0413 1\u0445120","amount":"0,025","amount_parts":"","unit":"\u043a\u043c","city":"\u0420\u0435\u0443\u0442\u043e\u0432","company_id":"372","company_name":"\u041f\u0420\u0415\u0421\u0421\u041a\u041e"},{"name":"\u0412\u0412\u0413 1\u0445150","amount":"0,241","amount_parts":"","unit":"\u043a\u043c","city":"\u041f\u0435\u0440\u043c\u044c","company_id":"17640","company_name":"\u041e\u041e\u041e \"\u0415\u0432\u0440\u043e\u0441\u0442\u0440\u043e\u0439\""},{"name":"\u0412\u0412\u0413 1\u0445150","amount":"0,096","amount_parts":"","unit":"\u043a\u043c","city":"\u0415\u043a\u0430\u0442\u0435\u0440\u0438\u043d\u0431\u0443\u0440\u0433","company_id":"6765","company_name":"\u0410\u043d\u0434\u0440\u0435\u0439 \u0415\u043a\u0430\u0442\u0435\u0440\u0438\u043d\u0431\u0443\u0440\u0433"},{"name":"\u0412\u0412\u0413 1\u0445150","amount":"0,239","amount_parts":"","unit":"\u043a\u043c","city":"\u041f\u0435\u0440\u043c\u044c","company_id":"10969","company_name":"\u041e\u041e\u041e \u0410\u0428\u0422\u0420\u0415\u0412\u0415\u041b"},{"name":"\u0412\u0412\u0413 1\u0445150","amount":"0,241","amount_parts":"","unit":"\u043a\u043c","city":"\u041f\u0435\u0440\u043c\u044c","company_id":"3601","company_name":"\u041e\u041e\u041e \"\u0422\u041c\u041a-\u042d\u041d\u0415\u0420\u0413\u041e\""},{"name":"\u0412\u0412\u0413 1\u044516","amount":"0,21","amount_parts":"210","unit":"\u043a\u043c","city":"\u041c\u043e\u0441\u043a\u0432\u0430","company_id":"7574","company_name":"\u041e\u041e\u041e \u042d\u043d\u0435\u0440\u0433\u043e\u043a\u0430\u0431\u0435\u043b\u044c\u043c\u043e\u043d\u0442\u0430\u0436"},{"name":"\u0412\u0412\u0413 1\u044516","amount":"0,198","amount_parts":"","unit":"\u043a\u043c","city":"\u041c\u043e\u0441\u043a\u0432\u0430","company_id":"22412","company_name":"\u041e\u041e\u041e \u041a\u041e\u0420\u041f\u041e\u0420\u0410\u0426\u0418\u042f \u0411\u0430\u043b\u0442\u041f\u0440\u043e\u043c\u041a\u043e\u043c\u043f\u043b\u0435\u043a\u0442"},{"name":"\u0412\u0412\u0413 1\u044516","amount":"0,073","amount_parts":"","unit":"\u043a\u043c","city":"\u0415\u043a\u0430\u0442\u0435\u0440\u0438\u043d\u0431\u0443\u0440\u0433","company_id":"8456","company_name":"\u041e\u041e\u041e \"\u041f\u0440\u043e\u043c\u042d\u043b\u0435\u043a\u0442\u0440\u043e\u041a\u0430\u0431\u0435\u043b\u044c\""},{"name":"\u0412\u0412\u0413 1\u044516","amount":"0,092","amount_parts":"","unit":"\u043a\u043c","city":"\u0420\u0435\u0443\u0442\u043e\u0432","company_id":"372","company_name":"\u041f\u0420\u0415\u0421\u0421\u041a\u041e"}],"performedDatetime":"2014-07-21T10:26:33Z","authStatus":"0","accessDateEnd":"30.06.2015"}
=====

select s.id, s.comp_id, s.title, s.quant, s.unit_id, s.comments, s.city from
		sklad_tovar s where visible=1 and (title like 'Ввг%' or title like '% Ввг%') order by  s.title LIMIT 40, 20
q2: select count(id) from sklad_tovar s where visible=1 and (title like 'Ввг%' or title like '% Ввг%')
 auth: 100 
=====
Query:
performedDatetime: 2014-07-21 10:26:48  0000
action: get_company_data
sklad_user: Gerasimova
appleId: E81CF63A-C76B-48BB-B9F4-69C5EADC5062
sklad_hash: f90507cd34fbbeae16632af9afb9da99
company_id: 22212

=====
Response:
{"action":"get_company_data","code":0,"data":{"company_id":22212,"title":"\u041e\u041e\u041e \"\u042d\u043b\u0435\u043a\u0442\u0440\u043e\u0442\u0435\u0445\u043d\u0438\u0447\u0435\u0441\u043a\u0430\u044f \u043a\u043e\u043c\u043f\u0430\u043d\u0438\u044f \"\u0422\u043e\u043b\u0435\u0434\u043e\"","city":"\u041d\u0438\u0436\u043d\u0438\u0439 \u041d\u043e\u0432\u0433\u043e\u0440\u043e\u0434","address":"\u041d.\u041d\u043e\u0432\u0433\u043e\u0440\u043e\u0434, \u0443\u043b. \u041a\u043e\u043c\u0438\u043d\u0442\u0435\u0440\u043d\u0430 , 30\u0410","phone":"9050130037","email":"andrey367182@mail.ru","url":"http:\/\/www.toledonn.ru\/","contact":"\u041a\u0443\u0441\u043a\u043e\u0432 \u0410\u043d\u0434\u0440\u0435\u0439 \u041f\u0430\u0432\u043b\u043e\u0432\u0438\u0447","goods_count":"775","last_update":"14.07.2014"},"performedDatetime":"2014-07-21T10:26:47Z","authStatus":"0","accessDateEnd":"30.06.2015"}
=====

select distinct city from sklad_tovar where comp_id= and city!='' order by city
q2: 
 auth: 100 
=====
Query:
performedDatetime: 2014-07-21 15:35:57  0000
action: get_text

=====
Response:
{"action":"get_text","code":0,"data":"","performedDatetime":"2014-07-21T15:36:05Z","authStatus":"10"}
=====


q2: 
 auth: 0 
=====
