Query:
performedDatetime: 2014-08-29 10:49:30  0000
action: get_text

=====
Response:
{"action":"get_text","code":0,"data":"","performedDatetime":"2014-08-29T10:49:30Z","authStatus":"10"}
=====


q2: 
 auth: 0 
=====
Query:
performedDatetime: 2014-08-29 10:49:52  0000
action: get_goods_data
sklad_user: Гость
appleId: A9A2D996-6FC4-4340-BB82-0B7879218C50
sklad_hash: 4c258a7744df05ffde86fcabbe90f27a
searchTerm: Вббшвнг 5*16
resultsFrom: 0
sort: 0
cityFilter: 

=====
Response:
{"action":"get_goods_data","searchTerm":"\u0412\u0431\u0431\u0448\u0432\u043d\u0433 5*16","resultsFrom":0,"sort":0,"cityFilter":"","code":0,"resultsCount":"14","lastPage":1,"data":[{"name":"\u0412\u0411\u0431\u0428\u0432\u043d\u0433 5\u044516","amount":"0,015","amount_parts":"","unit":"\u043a\u043c","city":"\u0421\u0430\u043d\u043a\u0442-\u041f\u0435\u0442\u0435\u0440\u0431\u0443\u0440\u0433","company_id":"16940","company_name":"\u041e\u041e\u041e \"\u041e\u043f\u0442\u0413\u0440\u0443\u043f\u043f\""},{"name":"\u0412\u0411\u0431\u0428\u0432\u043d\u0433 5\u044516","amount":"0,015","amount_parts":"","unit":"\u043a\u043c","city":"\u041c\u043e\u0441\u043a\u0432\u0430","company_id":"22412","company_name":"\u041e\u041e\u041e \u041a\u041e\u0420\u041f\u041e\u0420\u0410\u0426\u0418\u042f \u0411\u0430\u043b\u0442\u041f\u0440\u043e\u043c\u041a\u043e\u043c\u043f\u043b\u0435\u043a\u0442"},{"name":"\u0412\u0411\u0431\u0428\u0432\u043d\u0433 5\u044516","amount":"1,839","amount_parts":"1739; 100","unit":"\u043a\u043c","city":"\u041c\u043e\u0441\u043a\u0432\u0430","company_id":"1032","company_name":"\u041e\u041e\u041e \u0413\u041a \"\u041a\u0430\u0431\u0435\u043b\u044c\u0441\u0442\u0440\u043e\u0439\u0441\u0435\u0440\u0432\u0438\u0441\""},{"name":"\u0412\u0411\u0431\u0428\u0432\u043d\u0433 5\u044516 (\u043e\u0436) - 0,66","amount":"0,06","amount_parts":"","unit":"\u043a\u043c","city":"\u0421\u0430\u043d\u043a\u0442-\u041f\u0435\u0442\u0435\u0440\u0431\u0443\u0440\u0433","company_id":"8391","company_name":"\u041e\u041e\u041e \u0421\u041a\u041a"},{"name":"\u0412\u0411\u0411\u0428\u0432\u043d\u0433 5\u044516 - 0,66\u043a\u0412","amount":"0,706","amount_parts":"","unit":"\u043a\u043c","city":"\u0421\u0430\u043d\u043a\u0442-\u041f\u0435\u0442\u0435\u0440\u0431\u0443\u0440\u0433","company_id":"23722","company_name":"\u041e\u041e\u041e \u0411\u0430\u0443\u0438\u043d\u0436\u0438\u043d\u0438\u0440\u0438\u043d\u0433"},{"name":"\u0412\u0411\u0431\u0428\u0432\u043d\u0433(A)-\u0445\u043b 5\u044516-0,66","amount":"0,048","amount_parts":"","unit":"\u043a\u043c","city":"\u041b\u044b\u0441\u044c\u0432\u0430","company_id":"19357","company_name":"\u041e\u041e\u041e \u0422\u0414 \"\u0423\u0440\u0430\u043b \u041f\u0430\u043a"},{"name":"\u0412\u0411\u0431\u0428\u0432\u043d\u0433(\u0410) 5\u044516","amount":"1,97","amount_parts":"","unit":"\u043a\u043c","city":"\u041c\u043e\u0441\u043a\u0432\u0430","company_id":"16301","company_name":"\u041e\u041e\u041e \u0418\u043d\u0442\u0435\u043b\u043b\u042d\u043b\u0435\u043a\u0442\u0440\u043e\u041a\u043e\u043c\u043f\u043b\u0435\u043a\u0442"},{"name":"\u0412\u0411\u0431\u0428\u0432\u043d\u0433(\u0410) 5\u044516 (\u043e\u0436) - 0,66","amount":"0,646","amount_parts":"0,232; 0,414; ","unit":"\u043a\u043c","city":"\u0421\u0430\u043d\u043a\u0442-\u041f\u0435\u0442\u0435\u0440\u0431\u0443\u0440\u0433","company_id":"8391","company_name":"\u041e\u041e\u041e \u0421\u041a\u041a"},{"name":"\u0412\u0411\u0431\u0428\u0432\u043d\u0433(\u0410)-\u0425\u041b 5\u044516 - 0,66","amount":"0,15","amount_parts":"","unit":"\u043a\u043c","city":"\u0422\u043e\u043c\u0441\u043a","company_id":"23632","company_name":"\u041e\u041e\u041e \u00ab\u0422\u043e\u043c\u0441\u043a\u043a\u0430\u0431\u0435\u043b\u044c\u00bb"},{"name":"\u0412\u0411\u0431\u0428\u0432\u043d\u0433(\u0410)-\u0425\u041b 5\u044516\u043e\u043a(N,PE)-1 \u0422\u042352","amount":"0,079","amount_parts":"","unit":"\u043a\u043c","city":"\u041a\u0440\u0430\u0441\u043d\u043e\u0434\u0430\u0440","company_id":"19805","company_name":"\u041e\u041e\u041e \u0422\u0414 \"\u042e\u0436\u043d\u0430\u044f \u043a\u0430\u0431\u0435\u043b\u044c\u043d\u0430\u044f \u043a\u043e\u043c\u043f\u0430\u043d\u0438\u044f\""},{"name":"\u0412\u0411\u0431\u0428\u0432\u043d\u0433-LS 5\u044516","amount":"0,268","amount_parts":"","unit":"\u043a\u043c","city":"\u0415\u043a\u0430\u0442\u0435\u0440\u0438\u043d\u0431\u0443\u0440\u0433","company_id":"6765","company_name":"\u0410\u043d\u0434\u0440\u0435\u0439 \u0415\u043a\u0430\u0442\u0435\u0440\u0438\u043d\u0431\u0443\u0440\u0433"},{"name":"\u0412\u0411\u0431\u0428\u0432\u043d\u0433-LS 5\u044516","amount":"0,268","amount_parts":"","unit":"\u043a\u043c","city":"\u0415\u043a\u0430\u0442\u0435\u0440\u0438\u043d\u0431\u0443\u0440\u0433","company_id":"8500","company_name":"\u041e\u041e\u041e \u041c\u0435\u0436\u0440\u0435\u0433\u0438\u043e\u043d\u0430\u043b\u044c\u043d\u0430\u044f \u043a\u0430\u0431\u0435\u043b\u044c\u043d\u0430\u044f \u043a\u043e\u043c\u043f\u0430\u043d\u0438\u044f"},{"name":"\u0412\u0411\u0431\u0428\u0432\u043d\u0433-LS 5\u044516-0,66","amount":"0,552","amount_parts":"","unit":"\u043a\u043c","city":"\u0415\u043a\u0430\u0442\u0435\u0440\u0438\u043d\u0431\u0443\u0440\u0433","company_id":"6765","company_name":"\u0410\u043d\u0434\u0440\u0435\u0439 \u0415\u043a\u0430\u0442\u0435\u0440\u0438\u043d\u0431\u0443\u0440\u0433"},{"name":"\u0412\u0411\u0431\u0428\u0432\u043d\u0433-LS 5\u044516-0,66","amount":"0,552","amount_parts":"","unit":"\u043a\u043c","city":"\u0415\u043a\u0430\u0442\u0435\u0440\u0438\u043d\u0431\u0443\u0440\u0433","company_id":"8500","company_name":"\u041e\u041e\u041e \u041c\u0435\u0436\u0440\u0435\u0433\u0438\u043e\u043d\u0430\u043b\u044c\u043d\u0430\u044f \u043a\u0430\u0431\u0435\u043b\u044c\u043d\u0430\u044f \u043a\u043e\u043c\u043f\u0430\u043d\u0438\u044f"}],"performedDatetime":"2014-08-29T10:49:52Z","authStatus":"0","accessDateEnd":""}
=====

select s.id, s.comp_id, s.title, s.quant, s.unit_id, s.comments, s.city from
		sklad_tovar s where visible=1 and (title like 'Вббшвнг%' or title like '% Вббшвнг%') and (title like '5х16%' or title like '% 5х16%' or title like '%5x16%') order by  s.title LIMIT 0, 20
q2: select count(id) from sklad_tovar s where visible=1 and (title like 'Вббшвнг%' or title like '% Вббшвнг%') and (title like '5х16%' or title like '% 5х16%' or title like '%5x16%')
 auth: 100 
=====
Query:
performedDatetime: 2014-08-29 10:49:58  0000
action: get_company_data
sklad_user: Гость
appleId: A9A2D996-6FC4-4340-BB82-0B7879218C50
sklad_hash: 4c258a7744df05ffde86fcabbe90f27a
company_id: 1032

=====
Response:
{"action":"get_company_data","code":0,"data":{"company_id":1032,"title":"\u041e\u041e\u041e \u0413\u041a \"\u041a\u0430\u0431\u0435\u043b\u044c\u0441\u0442\u0440\u043e\u0439\u0441\u0435\u0440\u0432\u0438\u0441\"","city":"\u041c\u043e\u0441\u043a\u0432\u0430","address":"\u041c\u043e\u0441\u043a\u0432\u0430, \u0443\u043b. \u0423\u0433\u0440\u0435\u0448\u0441\u043a\u0430\u044f 2 \u0441\u0442\u0440 23","phone":"8-916-351-17-71","email":"dkhrestin@gmail.com","contact":"\u0425\u0440\u0435\u0441\u0442\u0438\u043d \u0414.\u0410. \u0413\u041a \"\u041a\u0430\u0431\u0435\u043b\u044c\u0441\u0442\u0440\u043e\u0439\u0441\u0435\u0440\u0432\u0438\u0441\", \u041c\u043e\u0441\u043a\u0432\u0430 8-916-351-17-71","goods_count":"383","last_update":"15.07.2014"},"performedDatetime":"2014-08-29T10:49:57Z","authStatus":"0","accessDateEnd":""}
=====

select distinct city from sklad_tovar where comp_id= and city!='' order by city
q2: 
 auth: 100 
=====
Query:
performedDatetime: 2014-08-29 10:52:56  0000
action: get_company_data
sklad_user: Гость
appleId: A9A2D996-6FC4-4340-BB82-0B7879218C50
sklad_hash: 4c258a7744df05ffde86fcabbe90f27a
company_id: 16301

=====
Response:
{"action":"get_company_data","code":0,"data":{"company_id":16301,"title":"\u041e\u041e\u041e \u0418\u043d\u0442\u0435\u043b\u043b\u042d\u043b\u0435\u043a\u0442\u0440\u043e\u041a\u043e\u043c\u043f\u043b\u0435\u043a\u0442","city":"\u041c\u043e\u0441\u043a\u0432\u0430","address":"119361, \u041c\u043e\u0441\u043a\u0432\u0430, \u0443\u043b. \u041e\u0437\u0451\u0440\u043d\u0430\u044f, \u0434\u043e\u043c \u211642","phone":"+7-495-955-51-47","email":"v.vasilev@i-e-k.ru, info@i-e-k.ru, r.max@i-e-k.ru","url":"http:\/\/www.i-e-k.ru","contact":"\u0412\u0430\u0441\u0438\u043b\u044c\u0435\u0432 \u0412\u0438\u0442\u0430\u043b\u0438\u0439 \u0410\u043d\u0434\u0440\u0435\u0435\u0432\u0438\u0447","goods_count":"283","last_update":"29.07.2014"},"performedDatetime":"2014-08-29T10:52:55Z","authStatus":"0","accessDateEnd":""}
=====

select distinct city from sklad_tovar where comp_id= and city!='' order by city
q2: 
 auth: 100 
=====
Query:
performedDatetime: 2014-08-29 10:55:26  0000
action: get_goods_data
sklad_user: Гость
appleId: A9A2D996-6FC4-4340-BB82-0B7879218C50
sklad_hash: 4c258a7744df05ffde86fcabbe90f27a
searchTerm: Вббшвнг 5*16 840 м
resultsFrom: 0
sort: 0
cityFilter: 

=====
Response:
{"action":"get_goods_data","searchTerm":"\u0412\u0431\u0431\u0448\u0432\u043d\u0433 5*16 840 \u043c","resultsFrom":0,"code":0,"resultsCount":"0","data":[],"performedDatetime":"2014-08-29T10:55:25Z","authStatus":"0","accessDateEnd":""}
=====

select s.id, s.comp_id, s.title, s.quant, s.unit_id, s.comments, s.city from
		sklad_tovar s where visible=1 and (title like 'Вббшвнг%' or title like '% Вббшвнг%') and (title like '5х16%' or title like '% 5х16%' or title like '%5x16%') and (title like '840%' or title like '% 840%') and (title like 'м%' or title like '% м%') order by  s.title LIMIT 0, 20
q2: select count(id) from sklad_tovar s where visible=1 and (title like 'Вббшвнг%' or title like '% Вббшвнг%') and (title like '5х16%' or title like '% 5х16%' or title like '%5x16%') and (title like '840%' or title like '% 840%') and (title like 'м%' or title like '% м%')
 auth: 100 
=====
Query:
performedDatetime: 2014-08-29 10:55:31  0000
action: get_goods_data
sklad_user: Гость
appleId: A9A2D996-6FC4-4340-BB82-0B7879218C50
sklad_hash: 4c258a7744df05ffde86fcabbe90f27a
searchTerm: Вббшвнг 5*16 
resultsFrom: 0
sort: 0
cityFilter: 

=====
Response:
{"action":"get_goods_data","searchTerm":"\u0412\u0431\u0431\u0448\u0432\u043d\u0433 5*16","resultsFrom":0,"sort":0,"cityFilter":"","code":0,"resultsCount":"14","lastPage":1,"data":[{"name":"\u0412\u0411\u0431\u0428\u0432\u043d\u0433 5\u044516","amount":"0,015","amount_parts":"","unit":"\u043a\u043c","city":"\u0421\u0430\u043d\u043a\u0442-\u041f\u0435\u0442\u0435\u0440\u0431\u0443\u0440\u0433","company_id":"16940","company_name":"\u041e\u041e\u041e \"\u041e\u043f\u0442\u0413\u0440\u0443\u043f\u043f\""},{"name":"\u0412\u0411\u0431\u0428\u0432\u043d\u0433 5\u044516","amount":"0,015","amount_parts":"","unit":"\u043a\u043c","city":"\u041c\u043e\u0441\u043a\u0432\u0430","company_id":"22412","company_name":"\u041e\u041e\u041e \u041a\u041e\u0420\u041f\u041e\u0420\u0410\u0426\u0418\u042f \u0411\u0430\u043b\u0442\u041f\u0440\u043e\u043c\u041a\u043e\u043c\u043f\u043b\u0435\u043a\u0442"},{"name":"\u0412\u0411\u0431\u0428\u0432\u043d\u0433 5\u044516","amount":"1,839","amount_parts":"1739; 100","unit":"\u043a\u043c","city":"\u041c\u043e\u0441\u043a\u0432\u0430","company_id":"1032","company_name":"\u041e\u041e\u041e \u0413\u041a \"\u041a\u0430\u0431\u0435\u043b\u044c\u0441\u0442\u0440\u043e\u0439\u0441\u0435\u0440\u0432\u0438\u0441\""},{"name":"\u0412\u0411\u0431\u0428\u0432\u043d\u0433 5\u044516 (\u043e\u0436) - 0,66","amount":"0,06","amount_parts":"","unit":"\u043a\u043c","city":"\u0421\u0430\u043d\u043a\u0442-\u041f\u0435\u0442\u0435\u0440\u0431\u0443\u0440\u0433","company_id":"8391","company_name":"\u041e\u041e\u041e \u0421\u041a\u041a"},{"name":"\u0412\u0411\u0411\u0428\u0432\u043d\u0433 5\u044516 - 0,66\u043a\u0412","amount":"0,706","amount_parts":"","unit":"\u043a\u043c","city":"\u0421\u0430\u043d\u043a\u0442-\u041f\u0435\u0442\u0435\u0440\u0431\u0443\u0440\u0433","company_id":"23722","company_name":"\u041e\u041e\u041e \u0411\u0430\u0443\u0438\u043d\u0436\u0438\u043d\u0438\u0440\u0438\u043d\u0433"},{"name":"\u0412\u0411\u0431\u0428\u0432\u043d\u0433(A)-\u0445\u043b 5\u044516-0,66","amount":"0,048","amount_parts":"","unit":"\u043a\u043c","city":"\u041b\u044b\u0441\u044c\u0432\u0430","company_id":"19357","company_name":"\u041e\u041e\u041e \u0422\u0414 \"\u0423\u0440\u0430\u043b \u041f\u0430\u043a"},{"name":"\u0412\u0411\u0431\u0428\u0432\u043d\u0433(\u0410) 5\u044516","amount":"1,97","amount_parts":"","unit":"\u043a\u043c","city":"\u041c\u043e\u0441\u043a\u0432\u0430","company_id":"16301","company_name":"\u041e\u041e\u041e \u0418\u043d\u0442\u0435\u043b\u043b\u042d\u043b\u0435\u043a\u0442\u0440\u043e\u041a\u043e\u043c\u043f\u043b\u0435\u043a\u0442"},{"name":"\u0412\u0411\u0431\u0428\u0432\u043d\u0433(\u0410) 5\u044516 (\u043e\u0436) - 0,66","amount":"0,646","amount_parts":"0,232; 0,414; ","unit":"\u043a\u043c","city":"\u0421\u0430\u043d\u043a\u0442-\u041f\u0435\u0442\u0435\u0440\u0431\u0443\u0440\u0433","company_id":"8391","company_name":"\u041e\u041e\u041e \u0421\u041a\u041a"},{"name":"\u0412\u0411\u0431\u0428\u0432\u043d\u0433(\u0410)-\u0425\u041b 5\u044516 - 0,66","amount":"0,15","amount_parts":"","unit":"\u043a\u043c","city":"\u0422\u043e\u043c\u0441\u043a","company_id":"23632","company_name":"\u041e\u041e\u041e \u00ab\u0422\u043e\u043c\u0441\u043a\u043a\u0430\u0431\u0435\u043b\u044c\u00bb"},{"name":"\u0412\u0411\u0431\u0428\u0432\u043d\u0433(\u0410)-\u0425\u041b 5\u044516\u043e\u043a(N,PE)-1 \u0422\u042352","amount":"0,079","amount_parts":"","unit":"\u043a\u043c","city":"\u041a\u0440\u0430\u0441\u043d\u043e\u0434\u0430\u0440","company_id":"19805","company_name":"\u041e\u041e\u041e \u0422\u0414 \"\u042e\u0436\u043d\u0430\u044f \u043a\u0430\u0431\u0435\u043b\u044c\u043d\u0430\u044f \u043a\u043e\u043c\u043f\u0430\u043d\u0438\u044f\""},{"name":"\u0412\u0411\u0431\u0428\u0432\u043d\u0433-LS 5\u044516","amount":"0,268","amount_parts":"","unit":"\u043a\u043c","city":"\u0415\u043a\u0430\u0442\u0435\u0440\u0438\u043d\u0431\u0443\u0440\u0433","company_id":"6765","company_name":"\u0410\u043d\u0434\u0440\u0435\u0439 \u0415\u043a\u0430\u0442\u0435\u0440\u0438\u043d\u0431\u0443\u0440\u0433"},{"name":"\u0412\u0411\u0431\u0428\u0432\u043d\u0433-LS 5\u044516","amount":"0,268","amount_parts":"","unit":"\u043a\u043c","city":"\u0415\u043a\u0430\u0442\u0435\u0440\u0438\u043d\u0431\u0443\u0440\u0433","company_id":"8500","company_name":"\u041e\u041e\u041e \u041c\u0435\u0436\u0440\u0435\u0433\u0438\u043e\u043d\u0430\u043b\u044c\u043d\u0430\u044f \u043a\u0430\u0431\u0435\u043b\u044c\u043d\u0430\u044f \u043a\u043e\u043c\u043f\u0430\u043d\u0438\u044f"},{"name":"\u0412\u0411\u0431\u0428\u0432\u043d\u0433-LS 5\u044516-0,66","amount":"0,552","amount_parts":"","unit":"\u043a\u043c","city":"\u0415\u043a\u0430\u0442\u0435\u0440\u0438\u043d\u0431\u0443\u0440\u0433","company_id":"6765","company_name":"\u0410\u043d\u0434\u0440\u0435\u0439 \u0415\u043a\u0430\u0442\u0435\u0440\u0438\u043d\u0431\u0443\u0440\u0433"},{"name":"\u0412\u0411\u0431\u0428\u0432\u043d\u0433-LS 5\u044516-0,66","amount":"0,552","amount_parts":"","unit":"\u043a\u043c","city":"\u0415\u043a\u0430\u0442\u0435\u0440\u0438\u043d\u0431\u0443\u0440\u0433","company_id":"8500","company_name":"\u041e\u041e\u041e \u041c\u0435\u0436\u0440\u0435\u0433\u0438\u043e\u043d\u0430\u043b\u044c\u043d\u0430\u044f \u043a\u0430\u0431\u0435\u043b\u044c\u043d\u0430\u044f \u043a\u043e\u043c\u043f\u0430\u043d\u0438\u044f"}],"performedDatetime":"2014-08-29T10:55:30Z","authStatus":"0","accessDateEnd":""}
=====

select s.id, s.comp_id, s.title, s.quant, s.unit_id, s.comments, s.city from
		sklad_tovar s where visible=1 and (title like 'Вббшвнг%' or title like '% Вббшвнг%') and (title like '5х16%' or title like '% 5х16%' or title like '%5x16%') order by  s.title LIMIT 0, 20
q2: select count(id) from sklad_tovar s where visible=1 and (title like 'Вббшвнг%' or title like '% Вббшвнг%') and (title like '5х16%' or title like '% 5х16%' or title like '%5x16%')
 auth: 100 
=====
Query:
performedDatetime: 2014-08-29 10:55:34  0000
action: get_company_data
sklad_user: Гость
appleId: A9A2D996-6FC4-4340-BB82-0B7879218C50
sklad_hash: 4c258a7744df05ffde86fcabbe90f27a
company_id: 16940

=====
Response:
{"action":"get_company_data","code":0,"data":{"company_id":16940,"title":"\u041e\u041e\u041e \"\u041e\u043f\u0442\u0413\u0440\u0443\u043f\u043f\"","city":"\u0421\u0430\u043d\u043a\u0442-\u041f\u0435\u0442\u0435\u0440\u0431\u0443\u0440\u0433","address":"196084","phone":"+7-965-785-69-92, (812)326-94-82, (495)755-94-55 \u0434\u043e\u0431.2276","email":"dariap@korporacia.ru","url":"http:\/\/www.korporacia.ru","contact":"\u0414\u0430\u0440\u044c\u044f ","goods_count":"3209","last_update":"18.07.2014"},"performedDatetime":"2014-08-29T10:55:33Z","authStatus":"0","accessDateEnd":""}
=====

select distinct city from sklad_tovar where comp_id= and city!='' order by city
q2: 
 auth: 100 
=====
Query:
performedDatetime: 2014-08-29 10:55:41  0000
action: get_company_data
sklad_user: Гость
appleId: A9A2D996-6FC4-4340-BB82-0B7879218C50
sklad_hash: 4c258a7744df05ffde86fcabbe90f27a
company_id: 22412

=====
Response:
{"action":"get_company_data","code":0,"data":{"company_id":22412,"title":"\u041e\u041e\u041e \u041a\u041e\u0420\u041f\u041e\u0420\u0410\u0426\u0418\u042f \u0411\u0430\u043b\u0442\u041f\u0440\u043e\u043c\u041a\u043e\u043c\u043f\u043b\u0435\u043a\u0442","city":"\u041c\u043e\u0441\u043a\u0432\u0430","address":"\u041c\u043e\u0441\u043a\u0432\u0430 2-\u044f \u0443\u043b \u042d\u043d\u0442\u0443\u0437\u0438\u0430\u0441\u0442\u043e\u0432 \u0434\u043e\u043c 3","phone":"4957807792","email":"alexs@bpks.ru","url":"http:\/\/bpks.ru","contact":"\u0421\u0435\u0440\u0433\u0435\u0435\u0432 \u0410\u043b\u0435\u043a\u0441\u0435\u0439 \u0410\u043b\u0435\u043a\u0441\u0430\u043d\u0434\u0440\u043e\u0432\u0438\u0447","goods_count":"3363","last_update":"16.07.2014"},"performedDatetime":"2014-08-29T10:55:40Z","authStatus":"0","accessDateEnd":""}
=====

select distinct city from sklad_tovar where comp_id= and city!='' order by city
q2: 
 auth: 100 
=====
Query:
performedDatetime: 2014-08-29 10:55:47  0000
action: get_company_data
sklad_user: Гость
appleId: A9A2D996-6FC4-4340-BB82-0B7879218C50
sklad_hash: 4c258a7744df05ffde86fcabbe90f27a
company_id: 8391

=====
Response:
{"action":"get_company_data","code":0,"data":{"company_id":8391,"title":"\u041e\u041e\u041e \u0421\u041a\u041a","city":"\u0421\u0430\u043d\u043a\u0442-\u041f\u0435\u0442\u0435\u0440\u0431\u0443\u0440\u0433","address":"196128, \u0433. \u0421\u0430\u043d\u043a\u0442-\u041f\u0435\u0442\u0435\u0440\u0431\u0443\u0440\u0433, \u0443\u043b. \u0411\u043b\u0430\u0433\u043e\u0434\u0430\u0442\u043d\u0430\u044f, \u0434. 2","phone":"(812) 369-91-27","email":"skk@cable812.ru","url":"http:\/\/www.cable812.ru","contact":"\u0418\u0433\u043e\u0440\u044c","goods_count":"192","last_update":"29.07.2014"},"performedDatetime":"2014-08-29T10:55:45Z","authStatus":"0","accessDateEnd":""}
=====

select distinct city from sklad_tovar where comp_id= and city!='' order by city
q2: 
 auth: 100 
=====
Query:
performedDatetime: 2014-08-29 10:56:10  0000
action: get_company_data
sklad_user: Гость
appleId: A9A2D996-6FC4-4340-BB82-0B7879218C50
sklad_hash: 4c258a7744df05ffde86fcabbe90f27a
company_id: 6765

=====
Response:
{"action":"get_company_data","code":0,"data":{"company_id":6765,"title":"","city":"\u0415\u043a\u0430\u0442\u0435\u0440\u0438\u043d\u0431\u0443\u0440\u0433","phone":"8(912)-6000-878","email":"bkk77@mail.ru","contact":"\u0410\u043d\u0434\u0440\u0435\u0439 \u0415\u043a\u0430\u0442\u0435\u0440\u0438\u043d\u0431\u0443\u0440\u0433","goods_count":"692","last_update":"21.07.2014"},"performedDatetime":"2014-08-29T10:56:09Z","authStatus":"0","accessDateEnd":""}
=====

select distinct city from sklad_tovar where comp_id= and city!='' order by city
q2: 
 auth: 100 
=====
Query:
performedDatetime: 2014-08-29 19:06:26  0000
action: get_text

=====
Response:
{"action":"get_text","code":0,"data":"","performedDatetime":"2014-08-29T19:06:27Z","authStatus":"10"}
=====


q2: 
 auth: 0 
=====
Query:
performedDatetime: 2014-08-29 19:06:38  0000
action: get_goods_data
sklad_user: Гость
appleId: 6BCEC083-87BD-44FB-9F45-68D53E09BABF
sklad_hash: 4840db4e6d5a5ca1198e6f724a8e9515
searchTerm: Кввг 7х1
resultsFrom: 0
sort: 0
cityFilter: 

=====
Response:
{"action":"get_goods_data","searchTerm":false,"resultsFrom":0,"code":0,"resultsCount":null,"data":[],"performedDatetime":"2014-08-29T19:06:38Z","authStatus":"10"}
=====

select s.id, s.comp_id, s.title, s.quant, s.unit_id, s.comments, s.city from
		sklad_tovar s where visible=1 and (title like '%' or title like '% %') order by  s.title LIMIT 0, 20
q2: select count(id) from sklad_tovar s where visible=1 and (title like '%' or title like '% %')
 auth: 0 
=====
Query:
performedDatetime: 2014-08-29 19:06:43  0000
action: get_goods_data
sklad_user: Гость
appleId: 6BCEC083-87BD-44FB-9F45-68D53E09BABF
sklad_hash: 4840db4e6d5a5ca1198e6f724a8e9515
searchTerm: Кввг 7
resultsFrom: 0
sort: 0
cityFilter: 

=====
Response:
{"action":"get_goods_data","searchTerm":false,"resultsFrom":0,"code":0,"resultsCount":null,"data":[],"performedDatetime":"2014-08-29T19:06:43Z","authStatus":"10"}
=====

select s.id, s.comp_id, s.title, s.quant, s.unit_id, s.comments, s.city from
		sklad_tovar s where visible=1 and (title like '%' or title like '% %') order by  s.title LIMIT 0, 20
q2: select count(id) from sklad_tovar s where visible=1 and (title like '%' or title like '% %')
 auth: 0 
=====
Query:
performedDatetime: 2014-08-29 19:06:48  0000
action: get_goods_data
sklad_user: Гость
appleId: 6BCEC083-87BD-44FB-9F45-68D53E09BABF
sklad_hash: 4840db4e6d5a5ca1198e6f724a8e9515
searchTerm: Кввг
resultsFrom: 0
sort: 0
cityFilter: 

=====
Response:
{"action":"get_goods_data","searchTerm":false,"resultsFrom":0,"code":0,"resultsCount":null,"data":[],"performedDatetime":"2014-08-29T19:06:47Z","authStatus":"10"}
=====

select s.id, s.comp_id, s.title, s.quant, s.unit_id, s.comments, s.city from
		sklad_tovar s where visible=1 and (title like '%' or title like '% %') order by  s.title LIMIT 0, 20
q2: select count(id) from sklad_tovar s where visible=1 and (title like '%' or title like '% %')
 auth: 0 
=====
Query:
performedDatetime: 2014-08-29 19:06:54  0000
action: get_city_list

=====
Response:
{"action":"get_city_list","code":20,"techMessage":"can't get city list","performedDatetime":"2014-08-29T19:06:54Z","authStatus":"10"}
=====

select distinct city from sklad_tovar where city != '' order by city
q2: 
 auth: 0 
=====
Query:
performedDatetime: 2014-08-29 19:07:06  0000
action: get_goods_data
sklad_user: Гость
appleId: 6BCEC083-87BD-44FB-9F45-68D53E09BABF
sklad_hash: 4840db4e6d5a5ca1198e6f724a8e9515
searchTerm: Ввг
resultsFrom: 0
sort: 0
cityFilter: 

=====
Response:
{"action":"get_goods_data","searchTerm":false,"resultsFrom":0,"code":0,"resultsCount":null,"data":[],"performedDatetime":"2014-08-29T19:07:06Z","authStatus":"10"}
=====

select s.id, s.comp_id, s.title, s.quant, s.unit_id, s.comments, s.city from
		sklad_tovar s where visible=1 and (title like '%' or title like '% %') order by  s.title LIMIT 0, 20
q2: select count(id) from sklad_tovar s where visible=1 and (title like '%' or title like '% %')
 auth: 0 
=====
Query:
performedDatetime: 2014-08-29 19:11:19  0000
action: check_user_rights
sklad_user: sm-kabel
appleId: 750DD54C-D738-4831-98B6-DF980199A11B
sklad_hash: 2590130a1611bf6dc7bb574ba31eacba

=====
Response:
{"action":"check_user_rights","code":0,"performedDatetime":"2014-08-29T19:11:20Z","authStatus":"10"}
=====


q2: 
 auth: 0 
=====
Query:
performedDatetime: 2014-08-29 19:12:00  0000
action: check_user_rights
sklad_user: sm-kabel@yandex.ru
appleId: 750DD54C-D738-4831-98B6-DF980199A11B
sklad_hash: 2590130a1611bf6dc7bb574ba31eacba

=====
Response:
{"action":"check_user_rights","code":0,"performedDatetime":"2014-08-29T19:12:01Z","authStatus":"10"}
=====


q2: 
 auth: 0 
=====
Query:
performedDatetime: 2014-08-29 19:12:14  0000
action: check_user_rights
sklad_user: Fidain
appleId: 750DD54C-D738-4831-98B6-DF980199A11B
sklad_hash: 2590130a1611bf6dc7bb574ba31eacba

=====
Response:
{"action":"check_user_rights","code":0,"performedDatetime":"2014-08-29T19:12:14Z","authStatus":"10"}
=====


q2: 
 auth: 0 
=====
Query:
performedDatetime: 2014-08-29 19:12:20  0000
action: get_text

=====
Response:
{"action":"get_text","code":0,"data":"","performedDatetime":"2014-08-29T19:12:19Z","authStatus":"10"}
=====


q2: 
 auth: 0 
=====
Query:
performedDatetime: 2014-08-29 19:12:42  0000
action: get_goods_data
sklad_user: Гость
appleId: 750DD54C-D738-4831-98B6-DF980199A11B
sklad_hash: ad6aea6154eb99fde2292bf6a8ea0d8d
searchTerm: Ввг 3*1,5
resultsFrom: 0
sort: 0
cityFilter: 

=====
Response:
{"action":"get_goods_data","searchTerm":false,"resultsFrom":0,"code":0,"resultsCount":null,"data":[],"performedDatetime":"2014-08-29T19:12:43Z","authStatus":"10"}
=====

select s.id, s.comp_id, s.title, s.quant, s.unit_id, s.comments, s.city from
		sklad_tovar s where visible=1 and (title like '%' or title like '% %') order by  s.title LIMIT 0, 20
q2: select count(id) from sklad_tovar s where visible=1 and (title like '%' or title like '% %')
 auth: 0 
=====
Query:
performedDatetime: 2014-08-29 19:13:10  0000
action: get_goods_data
sklad_user: Гость
appleId: 750DD54C-D738-4831-98B6-DF980199A11B
sklad_hash: ad6aea6154eb99fde2292bf6a8ea0d8d
searchTerm: Ввг
resultsFrom: 0
sort: 0
cityFilter: 

=====
Response:
{"action":"get_goods_data","searchTerm":false,"resultsFrom":0,"code":0,"resultsCount":null,"data":[],"performedDatetime":"2014-08-29T19:13:11Z","authStatus":"10"}
=====

select s.id, s.comp_id, s.title, s.quant, s.unit_id, s.comments, s.city from
		sklad_tovar s where visible=1 and (title like '%' or title like '% %') order by  s.title LIMIT 0, 20
q2: select count(id) from sklad_tovar s where visible=1 and (title like '%' or title like '% %')
 auth: 0 
=====
Query:
performedDatetime: 2014-08-29 19:13:21  0000
action: get_goods_data
sklad_user: Гость
appleId: 750DD54C-D738-4831-98B6-DF980199A11B
sklad_hash: ad6aea6154eb99fde2292bf6a8ea0d8d
searchTerm: Аввг
resultsFrom: 0
sort: 0
cityFilter: 

=====
Response:
{"action":"get_goods_data","searchTerm":false,"resultsFrom":0,"code":0,"resultsCount":null,"data":[],"performedDatetime":"2014-08-29T19:13:21Z","authStatus":"10"}
=====

select s.id, s.comp_id, s.title, s.quant, s.unit_id, s.comments, s.city from
		sklad_tovar s where visible=1 and (title like '%' or title like '% %') order by  s.title LIMIT 0, 20
q2: select count(id) from sklad_tovar s where visible=1 and (title like '%' or title like '% %')
 auth: 0 
=====
Query:
performedDatetime: 2014-08-29 19:14:23  0000
action: get_goods_data
sklad_user: Гость
appleId: 750DD54C-D738-4831-98B6-DF980199A11B
sklad_hash: ad6aea6154eb99fde2292bf6a8ea0d8d
searchTerm: Сип 4*16
resultsFrom: 0
sort: 0
cityFilter: 

=====
Response:
{"action":"get_goods_data","searchTerm":false,"resultsFrom":0,"code":0,"resultsCount":null,"data":[],"performedDatetime":"2014-08-29T19:14:23Z","authStatus":"10"}
=====

select s.id, s.comp_id, s.title, s.quant, s.unit_id, s.comments, s.city from
		sklad_tovar s where visible=1 and (title like '%' or title like '% %') order by  s.title LIMIT 0, 20
q2: select count(id) from sklad_tovar s where visible=1 and (title like '%' or title like '% %')
 auth: 0 
=====
Query:
performedDatetime: 2014-08-29 19:15:56  0000
action: get_goods_data
sklad_user: Гость
appleId: 750DD54C-D738-4831-98B6-DF980199A11B
sklad_hash: ad6aea6154eb99fde2292bf6a8ea0d8d
searchTerm: Сип
resultsFrom: 0
sort: 0
cityFilter: 

=====
Response:
{"action":"get_goods_data","searchTerm":false,"resultsFrom":0,"code":0,"resultsCount":null,"data":[],"performedDatetime":"2014-08-29T19:15:57Z","authStatus":"10"}
=====

select s.id, s.comp_id, s.title, s.quant, s.unit_id, s.comments, s.city from
		sklad_tovar s where visible=1 and (title like '%' or title like '% %') order by  s.title LIMIT 0, 20
q2: select count(id) from sklad_tovar s where visible=1 and (title like '%' or title like '% %')
 auth: 0 
=====
Query:
performedDatetime: 2014-08-29 19:16:03  0000
action: get_goods_data
sklad_user: Гость
appleId: 750DD54C-D738-4831-98B6-DF980199A11B
sklad_hash: ad6aea6154eb99fde2292bf6a8ea0d8d
searchTerm: СИП
resultsFrom: 0
sort: 0
cityFilter: 

=====
Response:
{"action":"get_goods_data","searchTerm":false,"resultsFrom":0,"code":0,"resultsCount":null,"data":[],"performedDatetime":"2014-08-29T19:16:04Z","authStatus":"10"}
=====

select s.id, s.comp_id, s.title, s.quant, s.unit_id, s.comments, s.city from
		sklad_tovar s where visible=1 and (title like '%' or title like '% %') order by  s.title LIMIT 0, 20
q2: select count(id) from sklad_tovar s where visible=1 and (title like '%' or title like '% %')
 auth: 0 
=====
Query:
performedDatetime: 2014-08-29 19:16:14  0000
action: get_goods_data
sklad_user: Гость
appleId: 750DD54C-D738-4831-98B6-DF980199A11B
sklad_hash: ad6aea6154eb99fde2292bf6a8ea0d8d
searchTerm: АВВГ
resultsFrom: 0
sort: 0
cityFilter: 

=====
Response:
{"action":"get_goods_data","searchTerm":false,"resultsFrom":0,"code":0,"resultsCount":null,"data":[],"performedDatetime":"2014-08-29T19:16:14Z","authStatus":"10"}
=====

select s.id, s.comp_id, s.title, s.quant, s.unit_id, s.comments, s.city from
		sklad_tovar s where visible=1 and (title like '%' or title like '% %') order by  s.title LIMIT 0, 20
q2: select count(id) from sklad_tovar s where visible=1 and (title like '%' or title like '% %')
 auth: 0 
=====
Query:
performedDatetime: 2014-08-29 19:16:26  0000
action: get_goods_data
sklad_user: Гость
appleId: 750DD54C-D738-4831-98B6-DF980199A11B
sklad_hash: ad6aea6154eb99fde2292bf6a8ea0d8d
searchTerm: Кабель 
resultsFrom: 0
sort: 0
cityFilter: 

=====
Response:
{"action":"get_goods_data","searchTerm":false,"resultsFrom":0,"code":0,"resultsCount":null,"data":[],"performedDatetime":"2014-08-29T19:16:26Z","authStatus":"10"}
=====

select s.id, s.comp_id, s.title, s.quant, s.unit_id, s.comments, s.city from
		sklad_tovar s where visible=1 and (title like '%' or title like '% %') order by  s.title LIMIT 0, 20
q2: select count(id) from sklad_tovar s where visible=1 and (title like '%' or title like '% %')
 auth: 0 
=====
Query:
performedDatetime: 2014-08-29 19:16:39  0000
action: get_goods_data
sklad_user: Гость
appleId: 750DD54C-D738-4831-98B6-DF980199A11B
sklad_hash: ad6aea6154eb99fde2292bf6a8ea0d8d
searchTerm: Кг
resultsFrom: 0
sort: 0
cityFilter: 

=====
Response:
{"action":"get_goods_data","searchTerm":false,"resultsFrom":0,"code":0,"resultsCount":null,"data":[],"performedDatetime":"2014-08-29T19:16:39Z","authStatus":"10"}
=====

select s.id, s.comp_id, s.title, s.quant, s.unit_id, s.comments, s.city from
		sklad_tovar s where visible=1 and (title like '%' or title like '% %') order by  s.title LIMIT 0, 20
q2: select count(id) from sklad_tovar s where visible=1 and (title like '%' or title like '% %')
 auth: 0 
=====
Query:
performedDatetime: 2014-08-29 19:18:00  0000
action: get_text

=====
Response:
{"action":"get_text","code":0,"data":"","performedDatetime":"2014-08-29T19:17:59Z","authStatus":"10"}
=====


q2: 
 auth: 0 
=====
Query:
performedDatetime: 2014-08-29 19:18:04  0000
action: get_goods_data
sklad_user: Гость
appleId: 750DD54C-D738-4831-98B6-DF980199A11B
sklad_hash: ad6aea6154eb99fde2292bf6a8ea0d8d
searchTerm: Ввг
resultsFrom: 0
sort: 0
cityFilter: 

=====
Response:
{"action":"get_goods_data","searchTerm":false,"resultsFrom":0,"code":0,"resultsCount":null,"data":[],"performedDatetime":"2014-08-29T19:18:03Z","authStatus":"10"}
=====

select s.id, s.comp_id, s.title, s.quant, s.unit_id, s.comments, s.city from
		sklad_tovar s where visible=1 and (title like '%' or title like '% %') order by  s.title LIMIT 0, 20
q2: select count(id) from sklad_tovar s where visible=1 and (title like '%' or title like '% %')
 auth: 0 
=====
Query:
performedDatetime: 2014-08-29 19:18:14  0000
action: get_goods_data
sklad_user: Гость
appleId: 750DD54C-D738-4831-98B6-DF980199A11B
sklad_hash: ad6aea6154eb99fde2292bf6a8ea0d8d
searchTerm: Ввг 3*1,5
resultsFrom: 0
sort: 0
cityFilter: 

=====
Response:
{"action":"get_goods_data","searchTerm":false,"resultsFrom":0,"code":0,"resultsCount":null,"data":[],"performedDatetime":"2014-08-29T19:18:14Z","authStatus":"10"}
=====

select s.id, s.comp_id, s.title, s.quant, s.unit_id, s.comments, s.city from
		sklad_tovar s where visible=1 and (title like '%' or title like '% %') order by  s.title LIMIT 0, 20
q2: select count(id) from sklad_tovar s where visible=1 and (title like '%' or title like '% %')
 auth: 0 
=====
Query:
performedDatetime: 2014-08-29 19:50:24  0000
action: get_text

=====
Response:
{"action":"get_text","code":0,"data":"","performedDatetime":"2014-08-29T19:50:22Z","authStatus":"10"}
=====


q2: 
 auth: 0 
=====
Query:
performedDatetime: 2014-08-29 19:50:46  0000
action: get_goods_data
sklad_user: Гость
appleId: 750DD54C-D738-4831-98B6-DF980199A11B
sklad_hash: ad6aea6154eb99fde2292bf6a8ea0d8d
searchTerm: Аввг 4*10
resultsFrom: 0
sort: 0
cityFilter: 

=====
Response:
{"action":"get_goods_data","searchTerm":false,"resultsFrom":0,"code":0,"resultsCount":null,"data":[],"performedDatetime":"2014-08-29T19:50:44Z","authStatus":"10"}
=====

select s.id, s.comp_id, s.title, s.quant, s.unit_id, s.comments, s.city from
		sklad_tovar s where visible=1 and (title like '%' or title like '% %') order by  s.title LIMIT 0, 20
q2: select count(id) from sklad_tovar s where visible=1 and (title like '%' or title like '% %')
 auth: 0 
=====
Query:
performedDatetime: 2014-08-29 19:50:50  0000
action: get_goods_data
sklad_user: Гость
appleId: 750DD54C-D738-4831-98B6-DF980199A11B
sklad_hash: ad6aea6154eb99fde2292bf6a8ea0d8d
searchTerm: Аввг 4*10
resultsFrom: 0
sort: 0
cityFilter: 

=====
Response:
{"action":"get_goods_data","searchTerm":false,"resultsFrom":0,"code":0,"resultsCount":null,"data":[],"performedDatetime":"2014-08-29T19:50:48Z","authStatus":"10"}
=====

select s.id, s.comp_id, s.title, s.quant, s.unit_id, s.comments, s.city from
		sklad_tovar s where visible=1 and (title like '%' or title like '% %') order by  s.title LIMIT 0, 20
q2: select count(id) from sklad_tovar s where visible=1 and (title like '%' or title like '% %')
 auth: 0 
=====
