Query:
performedDatetime: 2014-09-19 08:38:37  0000
action: get_text

=====
Response:
{"action":"get_text","code":0,"data":"","performedDatetime":"2014-09-19T08:38:39Z","authStatus":"10"}
=====


q2: 
 auth: 0 
=====
Query:
performedDatetime: 2014-09-19 08:38:44  0000
action: get_goods_data
sklad_user: Гость
appleId: 6BCEC083-87BD-44FB-9F45-68D53E09BABF
sklad_hash: 4840db4e6d5a5ca1198e6f724a8e9515
searchTerm: Аввг 4х35
resultsFrom: 0
sort: 0
cityFilter: 

=====
Response:
{"action":"get_goods_data","searchTerm":"\u0410\u0432\u0432\u0433 4\u044535","resultsFrom":0,"sort":0,"cityFilter":"","code":0,"resultsCount":"49","lastPage":0,"data":[{"name":"\u0410\u0412\u0412\u0413 4x35-0,66 \u043a\u0412","amount":"17,524","amount_parts":"1,3; 1,3; 1,12; 1,05; 1,18; 1,62; 1,03; 1,099; 0,4; 1,005; 1,05; 1,5; 1,5; 2,01; 0,11; 0,25; ","unit":"\u043a\u043c","city":"\u041a\u0440\u0430\u0441\u043d\u043e\u0434\u0430\u0440","company_id":"4151","company_name":"\u041e\u041e\u041e \u042d\u043b\u0435\u043a\u0442\u0440\u043e\u0442\u0435\u0445\u043d\u0438\u0447\u0435\u0441\u043a\u0430\u044f \u043a\u043e\u043c\u043f\u0430\u043d\u0438\u044f"},{"name":"\u0410\u0412\u0412\u0413 4\u044535","amount":"0,006","amount_parts":"","unit":"\u043a\u043c","city":"\u0410\u0440\u0445\u0430\u043d\u0433\u0435\u043b\u044c\u0441\u043a","company_id":"20371","company_name":"\u041e\u041e\u041e \u042d\u043d\u0435\u0440\u0433\u043e\u0440\u0435\u0441\u0443\u0440\u0441"},{"name":"\u0410\u0412\u0412\u0413 4\u044535","amount":"0,159","amount_parts":"","unit":"\u043a\u043c","city":"\u0423\u0444\u0430","company_id":"8479","company_name":"\u0427\u0430\u0441\u0442\u043d\u0430\u044f \u0421\u041a-\u0423\u0420\u0410\u041b"},{"name":"\u0410\u0412\u0412\u0413 4\u044535","amount":"0,5","amount_parts":"","unit":"\u043a\u043c","city":"\u0422\u043e\u043c\u0441\u043a","company_id":"6396","company_name":"\u041c\u043e\u043d\u0442\u0430\u0436\u0441\u0442\u0440\u043e\u0439\u044d\u043b\u0435\u043a\u0442\u0440\u043e"},{"name":"\u0410\u0412\u0412\u0413 4\u044535","amount":"0,373","amount_parts":"0,116; 0,118; 0,008; 0,131; ","unit":"\u043a\u043c","city":"\u041f\u0435\u0440\u043c\u044c","company_id":"3601","company_name":"\u041e\u041e\u041e \"\u0422\u041c\u041a-\u042d\u041d\u0415\u0420\u0413\u041e\""},{"name":"\u0410\u0412\u0412\u0413 4\u044535","amount":"0,081","amount_parts":"0,02; 0,03; 0,031; ","unit":"\u043a\u043c","city":"\u041f\u0430\u0432\u043b\u043e\u0434\u0430\u0440","company_id":"7464","company_name":"\u0410\u041e \"\u041a\u0430\u0437\u044d\u043d\u0435\u0440\u0433\u043e\u043a\u0430\u0431\u0435\u043b\u044c\""},{"name":"\u0410\u0412\u0412\u0413 4\u044535","amount":"1,0737","amount_parts":"","unit":"\u043a\u043c","city":"\u0427\u0435\u0431\u043e\u043a\u0441\u0430\u0440\u044b","company_id":"12137","company_name":"\u041e\u041e\u041e \u041e\u043c\u0435\u0433\u0430"},{"name":"\u0410\u0412\u0412\u0413 4\u044535","amount":"0,026","amount_parts":"","unit":"\u043a\u043c","city":"\u041c\u043e\u0441\u043a\u0432\u0430","company_id":"22412","company_name":"\u041e\u041e\u041e \u041a\u041e\u0420\u041f\u041e\u0420\u0410\u0426\u0418\u042f \u0411\u0430\u043b\u0442\u041f\u0440\u043e\u043c\u041a\u043e\u043c\u043f\u043b\u0435\u043a\u0442"},{"name":"\u0410\u0412\u0412\u0413 4\u044535","amount":"0,307","amount_parts":"0,118; 0,065; 0,116; 0,008; ","unit":"\u043a\u043c","city":"\u041f\u0435\u0440\u043c\u044c","company_id":"25001","company_name":"\u041e\u041e\u041e \u0421\u041f\u041a \"\u041f\u0440\u043e\u043c\u0418\u043d\u0432\u0435\u0441\u0442\u041a\u0430\u0431\u0435\u043b\u044c\""},{"name":"\u0410\u0412\u0412\u0413 4\u044535","amount":"0,125","amount_parts":"","unit":"\u043a\u043c","city":"\u041a\u0440\u0430\u0441\u043d\u043e\u0434\u0430\u0440","company_id":"20781","company_name":"\u041e\u041e\u041e  OptimLAN"},{"name":"\u0410\u0412\u0412\u0413 4\u044535","amount":"0,9","amount_parts":"","unit":"\u043a\u043c","city":"\u041a\u0440\u0430\u0441\u043d\u043e\u044f\u0440\u0441\u043a","company_id":"8363","company_name":"\u041e\u041e\u041e \u0421\u0438\u0431\u0421\u0442\u0440\u043e\u0439\u0420\u0435\u0441\u0443\u0440\u0441 2000"},{"name":"\u0410\u0412\u0412\u0413 4\u044535","amount":"0,233","amount_parts":"0,094; 0,096; 0,043; ","unit":"\u043a\u043c","city":"\u041f\u0435\u0440\u043c\u044c","company_id":"10969","company_name":"\u041e\u041e\u041e \u0410\u0428\u0422\u0420\u0415\u0412\u0415\u041b"},{"name":"\u0410\u0412\u0412\u0413 4\u044535","amount":"0,35","amount_parts":"350-200","unit":"\u043a\u043c","city":"\u041c\u043e\u0441\u043a\u0432\u0430","company_id":"1032","company_name":"\u041e\u041e\u041e \u0413\u041a \"\u041a\u0430\u0431\u0435\u043b\u044c\u0441\u0442\u0440\u043e\u0439\u0441\u0435\u0440\u0432\u0438\u0441\""},{"name":"\u0410\u0412\u0412\u0413 4\u044535","amount":"0,026","amount_parts":"","unit":"\u043a\u043c","city":"\u0421\u0430\u043d\u043a\u0442-\u041f\u0435\u0442\u0435\u0440\u0431\u0443\u0440\u0433","company_id":"16940","company_name":"\u041e\u041e\u041e \"\u041e\u043f\u0442\u0413\u0440\u0443\u043f\u043f\""},{"name":"\u0410\u0412\u0412\u0413 4\u044535 (\u041e\u0416)","amount":"2,086","amount_parts":"","unit":"\u043a\u043c","city":"\u041a\u0438\u0440\u043e\u0432","company_id":"8163","company_name":"\u0417\u0410\u041e \u041a\u0440\u0438\u0441\u0442\u0430\u043b\u043b"},{"name":"\u0410\u0412\u0412\u0413 4\u044535 (\u043e\u0436)","amount":"3,03","amount_parts":"","unit":"\u043a\u043c","city":"\u041c\u043e\u0441\u043a\u0432\u0430","company_id":"4290","company_name":"\u041e\u041e\u041e \u0413\u0430\u043b\u043b\u0430-\u041a\u0430\u0431\u0435\u043b\u044c"},{"name":"\u0410\u0412\u0412\u0413 4\u044535 0,66 \u043a\u0412","amount":"0,023","amount_parts":"","unit":"\u043a\u043c","city":"\u0427\u0435\u043b\u044f\u0431\u0438\u043d\u0441\u043a","company_id":"8232","company_name":"\u0417\u0410\u041e \u041f\u041a\u041f \u042d\u043b\u0435\u043a\u0442\u0440\u043e\u0442\u0435\u0445\u043d\u0438\u043a\u0430"},{"name":"\u0410\u0412\u0412\u0413 4\u044535 \u043e\u0436","amount":"0,468","amount_parts":"0,236; 0,062; 0,17; ","unit":"\u043a\u043c","city":"\u041c\u043e\u0441\u043a\u0432\u0430","company_id":"140","company_name":"\u041e\u041e\u041e \u042d\u0422\u041c\u0421"},{"name":"\u0410\u0412\u0412\u0413 4\u044535 \u041e\u0416","amount":"0,03","amount_parts":"","unit":"\u043a\u043c","city":"\u0415\u043a\u0430\u0442\u0435\u0440\u0438\u043d\u0431\u0443\u0440\u0433","company_id":"8456","company_name":"\u041e\u041e\u041e \"\u041f\u0440\u043e\u043c\u042d\u043b\u0435\u043a\u0442\u0440\u043e\u041a\u0430\u0431\u0435\u043b\u044c\""},{"name":"\u0410\u0412\u0412\u0413 4\u044535 \u043e\u0436.","amount":"1,29","amount_parts":"0,95; 0,34; ","unit":"\u043a\u043c","city":"\u041c\u043e\u0441\u043a\u0432\u0430","company_id":"6579","company_name":"\u041e\u041e\u041e \u0421\u041a\u0410\u0419\u0421\u0418"}],"performedDatetime":"2014-09-19T08:38:46Z","authStatus":"0","accessDateEnd":""}
=====

select s.id, s.comp_id, s.title, s.quant, s.unit_id, s.comments, s.city from
		sklad_tovar s where visible=1 and (title like 'Аввг%' or title like '% Аввг%' or title like '%Аввг%' or title like '%Аввг%') and (title like '4х35%' or title like '% 4х35%' or title like '%4x35%') order by  s.title LIMIT 0, 20
q2: select count(id) from sklad_tovar s where visible=1 and (title like 'Аввг%' or title like '% Аввг%' or title like '%Аввг%' or title like '%Аввг%') and (title like '4х35%' or title like '% 4х35%' or title like '%4x35%')
 auth: 100 
=====
Query:
performedDatetime: 2014-09-19 08:38:56  0000
action: get_city_list

=====
Response:
{"action":"get_city_list","code":0,"data":["\u0410\u0440\u0445\u0430\u043d\u0433\u0435\u043b\u044c\u0441\u043a","\u0410\u0441\u0442\u0430\u043d\u0430","\u0412\u043e\u043b\u0433\u043e\u0433\u0440\u0430\u0434","\u0412\u043e\u043b\u043e\u0433\u0434\u0430","\u0412\u043e\u0440\u043e\u043d\u0435\u0436","\u0412\u043e\u0441\u043a\u0440\u0435\u0441\u0435\u043d\u0441\u043a","\u0433. \u041a\u0438\u0440\u043e\u0432","\u0415\u043a\u0430\u0442\u0435\u0440\u0438\u043d\u0431\u0443\u0440\u0433","\u0418\u0432\u0430\u043d\u043e\u0432\u043e","\u0418\u0436\u0435\u0432\u0441\u043a","\u041a\u0430\u0437\u0430\u043d\u044c","\u041a\u0430\u043b\u0438\u043d\u0438\u043d\u0433\u0440\u0430\u0434","\u041a\u0430\u043b\u0443\u0433\u0430","\u041a\u0438\u0440\u043e\u0432","\u041a\u043e\u043b\u044c\u0447\u0443\u0433\u0438\u043d\u043e","\u041a\u0440\u0430\u0441\u043d\u043e\u0434\u0430\u0440","\u041a\u0440\u0430\u0441\u043d\u043e\u044f\u0440\u0441\u043a","\u041a\u0443\u0440\u0441\u043a","\u041b\u044b\u0441\u044c\u0432\u0430","\u041b\u044e\u0431\u0435\u0440\u0446\u044b","\u041b\u044e\u0434\u0438\u043d\u043e\u0432\u043e","\u041c\u043e\u0441\u043a\u0432\u0430","\u041c\u043e\u0441\u043a\u043e\u0432\u0441\u043a\u0430\u044f \u043e\u0431\u043b., \u0433. \u0425\u0438\u043c\u043a\u0438","\u041c\u043e\u0441\u043a\u043e\u0432\u0441\u043a\u0430\u044f \u043e\u0431\u043b\u0430\u0441\u0442\u044c, \u0433.\u0425\u0438\u043c\u043a\u0438","\u041d\u0430\u0445\u0430\u0431\u0438\u043d\u043e","\u041d\u0438\u0436\u043d\u0438\u0439 \u041d\u043e\u0432\u0433\u043e\u0440\u043e\u0434","\u041d\u043e\u0432\u043e\u043c\u043e\u0441\u043a\u043e\u0432\u0441\u043a","\u041d\u043e\u0432\u043e\u0441\u0438\u0431\u0438\u0440\u0441\u043a","\u041d\u043e\u0433\u0438\u043d\u0441\u043a","\u041e\u0431\u043d\u0438\u043d\u0441\u043a","\u041e\u0441\u043a\u043e\u043b","\u041f\u0430\u0432\u043b\u043e\u0434\u0430\u0440","\u041f\u0435\u0440\u043c\u044c","\u041f\u043e\u0434\u043e\u043b\u044c\u0441\u043a","\u0420\u0435\u0443\u0442\u043e\u0432","\u0420\u043e\u0441\u0442\u043e\u0432","\u0420\u043e\u0441\u0442\u043e\u0432-\u043d\u0430-\u0414\u043e\u043d\u0443","\u0421\u0430\u043c\u0430\u0440\u0430","\u0421\u0430\u043d\u043a\u0442-\u041f\u0435\u0442\u0435\u0440\u0431\u0443\u0440\u0433","\u0421\u0430\u0440\u0430\u043d\u0441\u043a","\u0421\u043e\u0447\u0438","\u0422\u043e\u043c\u0441\u043a","\u0423\u0444\u0430","\u0425\u0430\u0431\u0430\u0440\u043e\u0432\u0441\u043a","\u0425\u0438\u043c\u043a\u0438","\u0427\u0435\u0431\u043e\u043a\u0441\u0430\u0440\u044b","\u0427\u0435\u043b\u044f\u0431\u0438\u043d\u0441\u043a","\u042f\u0440\u043e\u0441\u043b\u0430\u0432\u043b\u044c"],"performedDatetime":"2014-09-19T08:38:57Z","authStatus":"10"}
=====

select distinct city from sklad_tovar where city != '' order by city
q2: 
 auth: 0 
=====
Query:
performedDatetime: 2014-09-19 08:38:58  0000
action: get_goods_data
sklad_user: Гость
appleId: 6BCEC083-87BD-44FB-9F45-68D53E09BABF
sklad_hash: 4840db4e6d5a5ca1198e6f724a8e9515
searchTerm: Аввг 4х35
resultsFrom: 0
sort: 0
cityFilter: Екатеринбург

=====
Response:
{"action":"get_goods_data","searchTerm":"\u0410\u0432\u0432\u0433 4\u044535","resultsFrom":0,"sort":0,"cityFilter":"\u0415\u043a\u0430\u0442\u0435\u0440\u0438\u043d\u0431\u0443\u0440\u0433","code":0,"resultsCount":"5","lastPage":1,"data":[{"name":"\u0410\u0412\u0412\u0413 4\u044535 \u041e\u0416","amount":"0,03","amount_parts":"","unit":"\u043a\u043c","city":"\u0415\u043a\u0430\u0442\u0435\u0440\u0438\u043d\u0431\u0443\u0440\u0433","company_id":"8456","company_name":"\u041e\u041e\u041e \"\u041f\u0440\u043e\u043c\u042d\u043b\u0435\u043a\u0442\u0440\u043e\u041a\u0430\u0431\u0435\u043b\u044c\""},{"name":"\u0410\u0412\u0412\u0413-0,66 4\u044535 \u043e\u0436","amount":"0,856","amount_parts":"","unit":"\u043a\u043c","city":"\u0415\u043a\u0430\u0442\u0435\u0440\u0438\u043d\u0431\u0443\u0440\u0433","company_id":"16985","company_name":"\u041e\u041e\u041e \"\u041d\u043e\u0432\u0440\u0435\u043c\u0434\u043e\u0440\u043c\u0430\u0448\""},{"name":"\u0410\u0412\u0412\u0413-0,66 4\u044535 \u043e\u0436","amount":"0,856","amount_parts":"","unit":"\u043a\u043c","city":"\u0415\u043a\u0430\u0442\u0435\u0440\u0438\u043d\u0431\u0443\u0440\u0433","company_id":"19089","company_name":"\u041e\u041e\u041e \u041a\u0430\u0431\u0435\u043b\u044c\u043d\u044b\u0439 \u0446\u0435\u043d\u0442\u0440-\u0415\u043a\u0430\u0442\u0435\u0440\u0438\u043d\u0431\u0443\u0440\u0433"},{"name":"\u0410\u0412\u0412\u0413\u043d\u0433-0,66 4\u044535 \u043e\u0436","amount":"0,908","amount_parts":"","unit":"\u043a\u043c","city":"\u0415\u043a\u0430\u0442\u0435\u0440\u0438\u043d\u0431\u0443\u0440\u0433","company_id":"16985","company_name":"\u041e\u041e\u041e \"\u041d\u043e\u0432\u0440\u0435\u043c\u0434\u043e\u0440\u043c\u0430\u0448\""},{"name":"\u0410\u0412\u0412\u0413\u043d\u0433-0,66 4\u044535 \u043e\u0436","amount":"0,908","amount_parts":"","unit":"\u043a\u043c","city":"\u0415\u043a\u0430\u0442\u0435\u0440\u0438\u043d\u0431\u0443\u0440\u0433","company_id":"19089","company_name":"\u041e\u041e\u041e \u041a\u0430\u0431\u0435\u043b\u044c\u043d\u044b\u0439 \u0446\u0435\u043d\u0442\u0440-\u0415\u043a\u0430\u0442\u0435\u0440\u0438\u043d\u0431\u0443\u0440\u0433"}],"performedDatetime":"2014-09-19T08:38:59Z","authStatus":"0","accessDateEnd":""}
=====

select s.id, s.comp_id, s.title, s.quant, s.unit_id, s.comments, s.city from
		sklad_tovar s where city='Екатеринбург' and s.visible=1 and (title like 'Аввг%' or title like '% Аввг%' or title like '%Аввг%' or title like '%Аввг%') and (title like '4х35%' or title like '% 4х35%' or title like '%4x35%') order by  s.title LIMIT 0, 20
q2: select count(s.id) from sklad_tovar s where city='Екатеринбург' and s.visible=1 and (title like 'Аввг%' or title like '% Аввг%' or title like '%Аввг%' or title like '%Аввг%') and (title like '4х35%' or title like '% 4х35%' or title like '%4x35%')
 auth: 100 
=====
Query:
performedDatetime: 2014-09-19 08:39:14  0000
action: get_goods_data
sklad_user: Гость
appleId: 6BCEC083-87BD-44FB-9F45-68D53E09BABF
sklad_hash: 4840db4e6d5a5ca1198e6f724a8e9515
searchTerm: Аввг 4х35
resultsFrom: 0
sort: 0
cityFilter: 

=====
Response:
{"action":"get_goods_data","searchTerm":"\u0410\u0432\u0432\u0433 4\u044535","resultsFrom":0,"sort":0,"cityFilter":"","code":0,"resultsCount":"49","lastPage":0,"data":[{"name":"\u0410\u0412\u0412\u0413 4x35-0,66 \u043a\u0412","amount":"17,524","amount_parts":"1,3; 1,3; 1,12; 1,05; 1,18; 1,62; 1,03; 1,099; 0,4; 1,005; 1,05; 1,5; 1,5; 2,01; 0,11; 0,25; ","unit":"\u043a\u043c","city":"\u041a\u0440\u0430\u0441\u043d\u043e\u0434\u0430\u0440","company_id":"4151","company_name":"\u041e\u041e\u041e \u042d\u043b\u0435\u043a\u0442\u0440\u043e\u0442\u0435\u0445\u043d\u0438\u0447\u0435\u0441\u043a\u0430\u044f \u043a\u043e\u043c\u043f\u0430\u043d\u0438\u044f"},{"name":"\u0410\u0412\u0412\u0413 4\u044535","amount":"0,006","amount_parts":"","unit":"\u043a\u043c","city":"\u0410\u0440\u0445\u0430\u043d\u0433\u0435\u043b\u044c\u0441\u043a","company_id":"20371","company_name":"\u041e\u041e\u041e \u042d\u043d\u0435\u0440\u0433\u043e\u0440\u0435\u0441\u0443\u0440\u0441"},{"name":"\u0410\u0412\u0412\u0413 4\u044535","amount":"0,159","amount_parts":"","unit":"\u043a\u043c","city":"\u0423\u0444\u0430","company_id":"8479","company_name":"\u0427\u0430\u0441\u0442\u043d\u0430\u044f \u0421\u041a-\u0423\u0420\u0410\u041b"},{"name":"\u0410\u0412\u0412\u0413 4\u044535","amount":"0,5","amount_parts":"","unit":"\u043a\u043c","city":"\u0422\u043e\u043c\u0441\u043a","company_id":"6396","company_name":"\u041c\u043e\u043d\u0442\u0430\u0436\u0441\u0442\u0440\u043e\u0439\u044d\u043b\u0435\u043a\u0442\u0440\u043e"},{"name":"\u0410\u0412\u0412\u0413 4\u044535","amount":"0,373","amount_parts":"0,116; 0,118; 0,008; 0,131; ","unit":"\u043a\u043c","city":"\u041f\u0435\u0440\u043c\u044c","company_id":"3601","company_name":"\u041e\u041e\u041e \"\u0422\u041c\u041a-\u042d\u041d\u0415\u0420\u0413\u041e\""},{"name":"\u0410\u0412\u0412\u0413 4\u044535","amount":"0,081","amount_parts":"0,02; 0,03; 0,031; ","unit":"\u043a\u043c","city":"\u041f\u0430\u0432\u043b\u043e\u0434\u0430\u0440","company_id":"7464","company_name":"\u0410\u041e \"\u041a\u0430\u0437\u044d\u043d\u0435\u0440\u0433\u043e\u043a\u0430\u0431\u0435\u043b\u044c\""},{"name":"\u0410\u0412\u0412\u0413 4\u044535","amount":"1,0737","amount_parts":"","unit":"\u043a\u043c","city":"\u0427\u0435\u0431\u043e\u043a\u0441\u0430\u0440\u044b","company_id":"12137","company_name":"\u041e\u041e\u041e \u041e\u043c\u0435\u0433\u0430"},{"name":"\u0410\u0412\u0412\u0413 4\u044535","amount":"0,026","amount_parts":"","unit":"\u043a\u043c","city":"\u041c\u043e\u0441\u043a\u0432\u0430","company_id":"22412","company_name":"\u041e\u041e\u041e \u041a\u041e\u0420\u041f\u041e\u0420\u0410\u0426\u0418\u042f \u0411\u0430\u043b\u0442\u041f\u0440\u043e\u043c\u041a\u043e\u043c\u043f\u043b\u0435\u043a\u0442"},{"name":"\u0410\u0412\u0412\u0413 4\u044535","amount":"0,307","amount_parts":"0,118; 0,065; 0,116; 0,008; ","unit":"\u043a\u043c","city":"\u041f\u0435\u0440\u043c\u044c","company_id":"25001","company_name":"\u041e\u041e\u041e \u0421\u041f\u041a \"\u041f\u0440\u043e\u043c\u0418\u043d\u0432\u0435\u0441\u0442\u041a\u0430\u0431\u0435\u043b\u044c\""},{"name":"\u0410\u0412\u0412\u0413 4\u044535","amount":"0,125","amount_parts":"","unit":"\u043a\u043c","city":"\u041a\u0440\u0430\u0441\u043d\u043e\u0434\u0430\u0440","company_id":"20781","company_name":"\u041e\u041e\u041e  OptimLAN"},{"name":"\u0410\u0412\u0412\u0413 4\u044535","amount":"0,9","amount_parts":"","unit":"\u043a\u043c","city":"\u041a\u0440\u0430\u0441\u043d\u043e\u044f\u0440\u0441\u043a","company_id":"8363","company_name":"\u041e\u041e\u041e \u0421\u0438\u0431\u0421\u0442\u0440\u043e\u0439\u0420\u0435\u0441\u0443\u0440\u0441 2000"},{"name":"\u0410\u0412\u0412\u0413 4\u044535","amount":"0,233","amount_parts":"0,094; 0,096; 0,043; ","unit":"\u043a\u043c","city":"\u041f\u0435\u0440\u043c\u044c","company_id":"10969","company_name":"\u041e\u041e\u041e \u0410\u0428\u0422\u0420\u0415\u0412\u0415\u041b"},{"name":"\u0410\u0412\u0412\u0413 4\u044535","amount":"0,35","amount_parts":"350-200","unit":"\u043a\u043c","city":"\u041c\u043e\u0441\u043a\u0432\u0430","company_id":"1032","company_name":"\u041e\u041e\u041e \u0413\u041a \"\u041a\u0430\u0431\u0435\u043b\u044c\u0441\u0442\u0440\u043e\u0439\u0441\u0435\u0440\u0432\u0438\u0441\""},{"name":"\u0410\u0412\u0412\u0413 4\u044535","amount":"0,026","amount_parts":"","unit":"\u043a\u043c","city":"\u0421\u0430\u043d\u043a\u0442-\u041f\u0435\u0442\u0435\u0440\u0431\u0443\u0440\u0433","company_id":"16940","company_name":"\u041e\u041e\u041e \"\u041e\u043f\u0442\u0413\u0440\u0443\u043f\u043f\""},{"name":"\u0410\u0412\u0412\u0413 4\u044535 (\u041e\u0416)","amount":"2,086","amount_parts":"","unit":"\u043a\u043c","city":"\u041a\u0438\u0440\u043e\u0432","company_id":"8163","company_name":"\u0417\u0410\u041e \u041a\u0440\u0438\u0441\u0442\u0430\u043b\u043b"},{"name":"\u0410\u0412\u0412\u0413 4\u044535 (\u043e\u0436)","amount":"3,03","amount_parts":"","unit":"\u043a\u043c","city":"\u041c\u043e\u0441\u043a\u0432\u0430","company_id":"4290","company_name":"\u041e\u041e\u041e \u0413\u0430\u043b\u043b\u0430-\u041a\u0430\u0431\u0435\u043b\u044c"},{"name":"\u0410\u0412\u0412\u0413 4\u044535 0,66 \u043a\u0412","amount":"0,023","amount_parts":"","unit":"\u043a\u043c","city":"\u0427\u0435\u043b\u044f\u0431\u0438\u043d\u0441\u043a","company_id":"8232","company_name":"\u0417\u0410\u041e \u041f\u041a\u041f \u042d\u043b\u0435\u043a\u0442\u0440\u043e\u0442\u0435\u0445\u043d\u0438\u043a\u0430"},{"name":"\u0410\u0412\u0412\u0413 4\u044535 \u043e\u0436","amount":"0,468","amount_parts":"0,236; 0,062; 0,17; ","unit":"\u043a\u043c","city":"\u041c\u043e\u0441\u043a\u0432\u0430","company_id":"140","company_name":"\u041e\u041e\u041e \u042d\u0422\u041c\u0421"},{"name":"\u0410\u0412\u0412\u0413 4\u044535 \u041e\u0416","amount":"0,03","amount_parts":"","unit":"\u043a\u043c","city":"\u0415\u043a\u0430\u0442\u0435\u0440\u0438\u043d\u0431\u0443\u0440\u0433","company_id":"8456","company_name":"\u041e\u041e\u041e \"\u041f\u0440\u043e\u043c\u042d\u043b\u0435\u043a\u0442\u0440\u043e\u041a\u0430\u0431\u0435\u043b\u044c\""},{"name":"\u0410\u0412\u0412\u0413 4\u044535 \u043e\u0436.","amount":"1,29","amount_parts":"0,95; 0,34; ","unit":"\u043a\u043c","city":"\u041c\u043e\u0441\u043a\u0432\u0430","company_id":"6579","company_name":"\u041e\u041e\u041e \u0421\u041a\u0410\u0419\u0421\u0418"}],"performedDatetime":"2014-09-19T08:39:15Z","authStatus":"0","accessDateEnd":""}
=====

select s.id, s.comp_id, s.title, s.quant, s.unit_id, s.comments, s.city from
		sklad_tovar s where visible=1 and (title like 'Аввг%' or title like '% Аввг%' or title like '%Аввг%' or title like '%Аввг%') and (title like '4х35%' or title like '% 4х35%' or title like '%4x35%') order by  s.title LIMIT 0, 20
q2: select count(id) from sklad_tovar s where visible=1 and (title like 'Аввг%' or title like '% Аввг%' or title like '%Аввг%' or title like '%Аввг%') and (title like '4х35%' or title like '% 4х35%' or title like '%4x35%')
 auth: 100 
=====
Query:
performedDatetime: 2014-09-19 08:39:16  0000
action: get_city_list

=====
Response:
{"action":"get_city_list","code":0,"data":["\u0410\u0440\u0445\u0430\u043d\u0433\u0435\u043b\u044c\u0441\u043a","\u0410\u0441\u0442\u0430\u043d\u0430","\u0412\u043e\u043b\u0433\u043e\u0433\u0440\u0430\u0434","\u0412\u043e\u043b\u043e\u0433\u0434\u0430","\u0412\u043e\u0440\u043e\u043d\u0435\u0436","\u0412\u043e\u0441\u043a\u0440\u0435\u0441\u0435\u043d\u0441\u043a","\u0433. \u041a\u0438\u0440\u043e\u0432","\u0415\u043a\u0430\u0442\u0435\u0440\u0438\u043d\u0431\u0443\u0440\u0433","\u0418\u0432\u0430\u043d\u043e\u0432\u043e","\u0418\u0436\u0435\u0432\u0441\u043a","\u041a\u0430\u0437\u0430\u043d\u044c","\u041a\u0430\u043b\u0438\u043d\u0438\u043d\u0433\u0440\u0430\u0434","\u041a\u0430\u043b\u0443\u0433\u0430","\u041a\u0438\u0440\u043e\u0432","\u041a\u043e\u043b\u044c\u0447\u0443\u0433\u0438\u043d\u043e","\u041a\u0440\u0430\u0441\u043d\u043e\u0434\u0430\u0440","\u041a\u0440\u0430\u0441\u043d\u043e\u044f\u0440\u0441\u043a","\u041a\u0443\u0440\u0441\u043a","\u041b\u044b\u0441\u044c\u0432\u0430","\u041b\u044e\u0431\u0435\u0440\u0446\u044b","\u041b\u044e\u0434\u0438\u043d\u043e\u0432\u043e","\u041c\u043e\u0441\u043a\u0432\u0430","\u041c\u043e\u0441\u043a\u043e\u0432\u0441\u043a\u0430\u044f \u043e\u0431\u043b., \u0433. \u0425\u0438\u043c\u043a\u0438","\u041c\u043e\u0441\u043a\u043e\u0432\u0441\u043a\u0430\u044f \u043e\u0431\u043b\u0430\u0441\u0442\u044c, \u0433.\u0425\u0438\u043c\u043a\u0438","\u041d\u0430\u0445\u0430\u0431\u0438\u043d\u043e","\u041d\u0438\u0436\u043d\u0438\u0439 \u041d\u043e\u0432\u0433\u043e\u0440\u043e\u0434","\u041d\u043e\u0432\u043e\u043c\u043e\u0441\u043a\u043e\u0432\u0441\u043a","\u041d\u043e\u0432\u043e\u0441\u0438\u0431\u0438\u0440\u0441\u043a","\u041d\u043e\u0433\u0438\u043d\u0441\u043a","\u041e\u0431\u043d\u0438\u043d\u0441\u043a","\u041e\u0441\u043a\u043e\u043b","\u041f\u0430\u0432\u043b\u043e\u0434\u0430\u0440","\u041f\u0435\u0440\u043c\u044c","\u041f\u043e\u0434\u043e\u043b\u044c\u0441\u043a","\u0420\u0435\u0443\u0442\u043e\u0432","\u0420\u043e\u0441\u0442\u043e\u0432","\u0420\u043e\u0441\u0442\u043e\u0432-\u043d\u0430-\u0414\u043e\u043d\u0443","\u0421\u0430\u043c\u0430\u0440\u0430","\u0421\u0430\u043d\u043a\u0442-\u041f\u0435\u0442\u0435\u0440\u0431\u0443\u0440\u0433","\u0421\u0430\u0440\u0430\u043d\u0441\u043a","\u0421\u043e\u0447\u0438","\u0422\u043e\u043c\u0441\u043a","\u0423\u0444\u0430","\u0425\u0430\u0431\u0430\u0440\u043e\u0432\u0441\u043a","\u0425\u0438\u043c\u043a\u0438","\u0427\u0435\u0431\u043e\u043a\u0441\u0430\u0440\u044b","\u0427\u0435\u043b\u044f\u0431\u0438\u043d\u0441\u043a","\u042f\u0440\u043e\u0441\u043b\u0430\u0432\u043b\u044c"],"performedDatetime":"2014-09-19T08:39:18Z","authStatus":"10"}
=====

select distinct city from sklad_tovar where city != '' order by city
q2: 
 auth: 0 
=====
Query:
performedDatetime: 2014-09-19 08:39:23  0000
action: get_goods_data
sklad_user: Гость
appleId: 6BCEC083-87BD-44FB-9F45-68D53E09BABF
sklad_hash: 4840db4e6d5a5ca1198e6f724a8e9515
searchTerm: Аввг 4х35
resultsFrom: 0
sort: 0
cityFilter: Пермь

=====
Response:
{"action":"get_goods_data","searchTerm":"\u0410\u0432\u0432\u0433 4\u044535","resultsFrom":0,"sort":0,"cityFilter":"\u041f\u0435\u0440\u043c\u044c","code":0,"resultsCount":"5","lastPage":1,"data":[{"name":"\u0410\u0412\u0412\u0413 4\u044535","amount":"0,373","amount_parts":"0,116; 0,118; 0,008; 0,131; ","unit":"\u043a\u043c","city":"\u041f\u0435\u0440\u043c\u044c","company_id":"3601","company_name":"\u041e\u041e\u041e \"\u0422\u041c\u041a-\u042d\u041d\u0415\u0420\u0413\u041e\""},{"name":"\u0410\u0412\u0412\u0413 4\u044535","amount":"0,307","amount_parts":"0,118; 0,065; 0,116; 0,008; ","unit":"\u043a\u043c","city":"\u041f\u0435\u0440\u043c\u044c","company_id":"25001","company_name":"\u041e\u041e\u041e \u0421\u041f\u041a \"\u041f\u0440\u043e\u043c\u0418\u043d\u0432\u0435\u0441\u0442\u041a\u0430\u0431\u0435\u043b\u044c\""},{"name":"\u0410\u0412\u0412\u0413 4\u044535","amount":"0,233","amount_parts":"0,094; 0,096; 0,043; ","unit":"\u043a\u043c","city":"\u041f\u0435\u0440\u043c\u044c","company_id":"10969","company_name":"\u041e\u041e\u041e \u0410\u0428\u0422\u0420\u0415\u0412\u0415\u041b"},{"name":"\u0410\u0412\u0412\u0413-0,66 4\u044535 \u043e\u0436","amount":"9,812","amount_parts":"0,131; 1,279; 2,2; 2,892; 2,7; 0,61; ","unit":"\u043a\u043c","city":"\u041f\u0435\u0440\u043c\u044c","company_id":"16985","company_name":"\u041e\u041e\u041e \"\u041d\u043e\u0432\u0440\u0435\u043c\u0434\u043e\u0440\u043c\u0430\u0448\""},{"name":"\u0410\u0412\u0412\u0413\u043d\u0433-0,66 4\u044535 \u043e\u0436","amount":"3,616","amount_parts":"0,102; 1,931; 1,583; ","unit":"\u043a\u043c","city":"\u041f\u0435\u0440\u043c\u044c","company_id":"16985","company_name":"\u041e\u041e\u041e \"\u041d\u043e\u0432\u0440\u0435\u043c\u0434\u043e\u0440\u043c\u0430\u0448\""}],"performedDatetime":"2014-09-19T08:39:25Z","authStatus":"0","accessDateEnd":""}
=====

select s.id, s.comp_id, s.title, s.quant, s.unit_id, s.comments, s.city from
		sklad_tovar s where city='Пермь' and s.visible=1 and (title like 'Аввг%' or title like '% Аввг%' or title like '%Аввг%' or title like '%Аввг%') and (title like '4х35%' or title like '% 4х35%' or title like '%4x35%') order by  s.title LIMIT 0, 20
q2: select count(s.id) from sklad_tovar s where city='Пермь' and s.visible=1 and (title like 'Аввг%' or title like '% Аввг%' or title like '%Аввг%' or title like '%Аввг%') and (title like '4х35%' or title like '% 4х35%' or title like '%4x35%')
 auth: 100 
=====
Query:
performedDatetime: 2014-09-19 11:10:37  0000
action: get_text

=====
Response:
{"action":"get_text","code":0,"data":"","performedDatetime":"2014-09-19T11:10:37Z","authStatus":"10"}
=====


q2: 
 auth: 0 
=====
Query:
performedDatetime: 2014-09-19 11:10:42  0000
action: get_goods_data
sklad_user: Гость
appleId: 61CAA34D-3AED-4C95-A886-9C6BA77CD200
sklad_hash: e8cc537b3a9b55056d371fad2dac91c5
searchTerm: Ввг
resultsFrom: 0
sort: 0
cityFilter: 

=====
Response:
{"action":"get_goods_data","searchTerm":"\u0412\u0432\u0433","resultsFrom":0,"sort":0,"cityFilter":"","code":0,"resultsCount":"9107","lastPage":0,"data":[{"name":"NYCWY 0,6\/1\u043a\u0412 3\u044510RE10 - \u0412\u0412\u0413\u042d 3\u044510\/10","amount":"0,246","amount_parts":"","unit":"\u043a\u043c","city":"\u0415\u043a\u0430\u0442\u0435\u0440\u0438\u043d\u0431\u0443\u0440\u0433","company_id":"","company_name":""},{"name":"\u0412\u0412\u0413 0,66\u043a\u0412 3\u04452,5","amount":"0,01","amount_parts":"","unit":"\u043a\u043c","city":"\u0427\u0435\u0431\u043e\u043a\u0441\u0430\u0440\u044b","company_id":"","company_name":""},{"name":"\u0412\u0412\u0413 0,66\u043a\u0412 3\u04454","amount":"0,08","amount_parts":"","unit":"\u043a\u043c","city":"\u041c\u043e\u0441\u043a\u0432\u0430","company_id":"","company_name":""},{"name":"\u0412\u0412\u0413 0,66\u043a\u0412 4\u04451,5","amount":"0,029","amount_parts":"","unit":"\u043a\u043c","city":"\u041c\u043e\u0441\u043a\u0432\u0430","company_id":"","company_name":""},{"name":"\u0412\u0412\u0413 0,66\u043a\u0412 4\u04454","amount":"0,01","amount_parts":"","unit":"\u043a\u043c","city":"\u041d\u0438\u0436\u043d\u0438\u0439 \u041d\u043e\u0432\u0433\u043e\u0440\u043e\u0434","company_id":"","company_name":""},{"name":"\u0412\u0412\u0413 0,66\u043a\u0412 5\u044510","amount":"0,088","amount_parts":"","unit":"\u043a\u043c","city":"\u041c\u043e\u0441\u043a\u0432\u0430","company_id":"","company_name":""},{"name":"\u0412\u0412\u0413 0,66\u043a\u0412 5\u04452,5","amount":"0,2","amount_parts":"","unit":"\u043a\u043c","city":"\u0427\u0435\u0431\u043e\u043a\u0441\u0430\u0440\u044b","company_id":"","company_name":""},{"name":"\u0412\u0412\u0413 1x 1.5 1\u043a\u0412","amount":"0,05","amount_parts":"","unit":"\u043a\u043c","city":"\u041a\u0430\u0437\u0430\u043d\u044c","company_id":"","company_name":""},{"name":"\u0412\u0412\u0413 1x 6","amount":"0,01","amount_parts":"","unit":"\u043a\u043c","city":"\u041a\u0430\u0437\u0430\u043d\u044c","company_id":"","company_name":""},{"name":"\u0412\u0412\u0413 1x150-1 \u043a\u0412","amount":"0,56","amount_parts":"","unit":"\u043a\u043c","city":"\u041a\u0440\u0430\u0441\u043d\u043e\u0434\u0430\u0440","company_id":"","company_name":""},{"name":"\u0412\u0412\u0413 1x16 (\u043e\u0436)","amount":"0,08","amount_parts":"","unit":"\u043a\u043c","city":"\u041a\u0430\u0437\u0430\u043d\u044c","company_id":"","company_name":""},{"name":"\u0412\u0412\u0413 1\u04451,5","amount":"0,4","amount_parts":"","unit":"\u043a\u043c","city":"\u0415\u043a\u0430\u0442\u0435\u0440\u0438\u043d\u0431\u0443\u0440\u0433","company_id":"","company_name":""},{"name":"\u0412\u0412\u0413 1\u04451,5","amount":"0,005","amount_parts":"","unit":"\u043a\u043c","city":"\u041c\u043e\u0441\u043a\u0432\u0430","company_id":"","company_name":""},{"name":"\u0412\u0412\u0413 1\u04451,5","amount":"0,746","amount_parts":"","unit":"\u043a\u043c","city":"\u041f\u0435\u0440\u043c\u044c","company_id":"","company_name":""},{"name":"\u0412\u0412\u0413 1\u04451,5","amount":"0,005","amount_parts":"","unit":"\u043a\u043c","city":"\u0421\u0430\u043d\u043a\u0442-\u041f\u0435\u0442\u0435\u0440\u0431\u0443\u0440\u0433","company_id":"","company_name":""},{"name":"\u0412\u0412\u0413 1\u04451,5 (\u043e\u0436)--0,66","amount":"0,1","amount_parts":"","unit":"\u043a\u043c","city":"\u041f\u0430\u0432\u043b\u043e\u0434\u0430\u0440","company_id":"","company_name":""},{"name":"\u0412\u0412\u0413 1\u04451,5 \u0431\u0435\u043b 200","amount":"0,2","amount_parts":"","unit":"\u043a\u043c","city":"\u041d\u043e\u0432\u043e\u0441\u0438\u0431\u0438\u0440\u0441\u043a","company_id":"","company_name":""},{"name":"\u0412\u0412\u0413 1\u04451,5 \u0431\u0435\u043b 200","amount":"0,2","amount_parts":"","unit":"\u043a\u043c","city":"\u041d\u043e\u0432\u043e\u0441\u0438\u0431\u0438\u0440\u0441\u043a","company_id":"","company_name":""},{"name":"\u0412\u0412\u0413 1\u04451,5 \u0431\u0435\u043b 247","amount":"0,247","amount_parts":"","unit":"\u043a\u043c","city":"\u041d\u043e\u0432\u043e\u0441\u0438\u0431\u0438\u0440\u0441\u043a","company_id":"","company_name":""},{"name":"\u0412\u0412\u0413 1\u04451,5 \u0431\u0435\u043b 247","amount":"0,247","amount_parts":"","unit":"\u043a\u043c","city":"\u041d\u043e\u0432\u043e\u0441\u0438\u0431\u0438\u0440\u0441\u043a","company_id":"","company_name":""}],"performedDatetime":"2014-09-19T11:10:41Z","authStatus":"10"}
=====

select s.id, s.comp_id, s.title, s.quant, s.unit_id, s.comments, s.city from
		sklad_tovar s where visible=1 and (title like 'Ввг%' or title like '% Ввг%') order by  s.title LIMIT 0, 20
q2: select count(id) from sklad_tovar s where visible=1 and (title like 'Ввг%' or title like '% Ввг%')
 auth: 0 
=====
Query:
performedDatetime: 2014-09-19 11:10:48  0000
action: get_company_data
sklad_user: Гость
appleId: 61CAA34D-3AED-4C95-A886-9C6BA77CD200
sklad_hash: e8cc537b3a9b55056d371fad2dac91c5
company_id: 

=====
Response:
{"action":"get_company_data","company_id":0,"code":30,"techMessage":"\u041a\u0430\u043a \u0433\u043e\u0441\u0442\u044c, \u0432\u044b \u043d\u0435 \u043c\u043e\u0436\u0435\u0442\u0435 \u043f\u0440\u043e\u0441\u043c\u0430\u0442\u0440\u0438\u0432\u0430\u0442\u044c \u043d\u0430\u0437\u0432\u0430\u043d\u0438\u044f \u0438 \u043a\u043e\u043d\u0442\u0430\u043a\u0442\u043d\u044b\u0435 \u0434\u0430\u043d\u043d\u044b\u0435 \u043f\u043e\u0441\u0442\u0430\u0432\u0449\u0438\u043a\u043e\u0432","performedDatetime":"2014-09-19T11:10:47Z","authStatus":"10"}
=====


q2: 
 auth: 0 
=====
Query:
performedDatetime: 2014-09-19 11:11:13  0000
action: check_user_rights
sklad_user: Evgeniya
appleId: 61CAA34D-3AED-4C95-A886-9C6BA77CD200
sklad_hash: 3ee4a77d3082ccaf6abd633dc601b4e2

=====
Response:
{"action":"check_user_rights","code":0,"performedDatetime":"2014-09-19T11:11:12Z","authStatus":"0","accessDateEnd":"30.06.2015"}
=====


q2: 
 auth: 100 
=====
Query:
performedDatetime: 2014-09-19 11:11:13  0000
action: get_text

=====
Response:
{"action":"get_text","code":0,"data":"","performedDatetime":"2014-09-19T11:11:12Z","authStatus":"10"}
=====


q2: 
 auth: 0 
=====
Query:
performedDatetime: 2014-09-19 11:11:18  0000
action: get_goods_data
sklad_user: Evgeniya
appleId: 61CAA34D-3AED-4C95-A886-9C6BA77CD200
sklad_hash: 3ee4a77d3082ccaf6abd633dc601b4e2
searchTerm: Ввг
resultsFrom: 0
sort: 0
cityFilter: 

=====
Response:
{"action":"get_goods_data","searchTerm":"\u0412\u0432\u0433","resultsFrom":0,"sort":0,"cityFilter":"","code":0,"resultsCount":"9107","lastPage":0,"data":[{"name":"NYCWY 0,6\/1\u043a\u0412 3\u044510RE10 - \u0412\u0412\u0413\u042d 3\u044510\/10","amount":"0,246","amount_parts":"","unit":"\u043a\u043c","city":"\u0415\u043a\u0430\u0442\u0435\u0440\u0438\u043d\u0431\u0443\u0440\u0433","company_id":"8500","company_name":"\u041e\u041e\u041e \u041c\u0435\u0436\u0440\u0435\u0433\u0438\u043e\u043d\u0430\u043b\u044c\u043d\u0430\u044f \u043a\u0430\u0431\u0435\u043b\u044c\u043d\u0430\u044f \u043a\u043e\u043c\u043f\u0430\u043d\u0438\u044f"},{"name":"\u0412\u0412\u0413 0,66\u043a\u0412 3\u04452,5","amount":"0,01","amount_parts":"","unit":"\u043a\u043c","city":"\u0427\u0435\u0431\u043e\u043a\u0441\u0430\u0440\u044b","company_id":"18400","company_name":"\u041e\u041e\u041e \u0414\u0438\u0430\u0434\u0430"},{"name":"\u0412\u0412\u0413 0,66\u043a\u0412 3\u04454","amount":"0,08","amount_parts":"","unit":"\u043a\u043c","city":"\u041c\u043e\u0441\u043a\u0432\u0430","company_id":"18400","company_name":"\u041e\u041e\u041e \u0414\u0438\u0430\u0434\u0430"},{"name":"\u0412\u0412\u0413 0,66\u043a\u0412 4\u04451,5","amount":"0,029","amount_parts":"","unit":"\u043a\u043c","city":"\u041c\u043e\u0441\u043a\u0432\u0430","company_id":"18400","company_name":"\u041e\u041e\u041e \u0414\u0438\u0430\u0434\u0430"},{"name":"\u0412\u0412\u0413 0,66\u043a\u0412 4\u04454","amount":"0,01","amount_parts":"","unit":"\u043a\u043c","city":"\u041d\u0438\u0436\u043d\u0438\u0439 \u041d\u043e\u0432\u0433\u043e\u0440\u043e\u0434","company_id":"18400","company_name":"\u041e\u041e\u041e \u0414\u0438\u0430\u0434\u0430"},{"name":"\u0412\u0412\u0413 0,66\u043a\u0412 5\u044510","amount":"0,088","amount_parts":"","unit":"\u043a\u043c","city":"\u041c\u043e\u0441\u043a\u0432\u0430","company_id":"18400","company_name":"\u041e\u041e\u041e \u0414\u0438\u0430\u0434\u0430"},{"name":"\u0412\u0412\u0413 0,66\u043a\u0412 5\u04452,5","amount":"0,2","amount_parts":"","unit":"\u043a\u043c","city":"\u0427\u0435\u0431\u043e\u043a\u0441\u0430\u0440\u044b","company_id":"18400","company_name":"\u041e\u041e\u041e \u0414\u0438\u0430\u0434\u0430"},{"name":"\u0412\u0412\u0413 1x 1.5 1\u043a\u0412","amount":"0,05","amount_parts":"","unit":"\u043a\u043c","city":"\u041a\u0430\u0437\u0430\u043d\u044c","company_id":"17376","company_name":"\u041e\u041e\u041e \"\u0420\u0438\u0441\u0430\u0440\""},{"name":"\u0412\u0412\u0413 1x 6","amount":"0,01","amount_parts":"","unit":"\u043a\u043c","city":"\u041a\u0430\u0437\u0430\u043d\u044c","company_id":"17376","company_name":"\u041e\u041e\u041e \"\u0420\u0438\u0441\u0430\u0440\""},{"name":"\u0412\u0412\u0413 1x150-1 \u043a\u0412","amount":"0,56","amount_parts":"","unit":"\u043a\u043c","city":"\u041a\u0440\u0430\u0441\u043d\u043e\u0434\u0430\u0440","company_id":"4151","company_name":"\u041e\u041e\u041e \u042d\u043b\u0435\u043a\u0442\u0440\u043e\u0442\u0435\u0445\u043d\u0438\u0447\u0435\u0441\u043a\u0430\u044f \u043a\u043e\u043c\u043f\u0430\u043d\u0438\u044f"},{"name":"\u0412\u0412\u0413 1x16 (\u043e\u0436)","amount":"0,08","amount_parts":"","unit":"\u043a\u043c","city":"\u041a\u0430\u0437\u0430\u043d\u044c","company_id":"17376","company_name":"\u041e\u041e\u041e \"\u0420\u0438\u0441\u0430\u0440\""},{"name":"\u0412\u0412\u0413 1\u04451,5","amount":"0,4","amount_parts":"","unit":"\u043a\u043c","city":"\u0415\u043a\u0430\u0442\u0435\u0440\u0438\u043d\u0431\u0443\u0440\u0433","company_id":"22345","company_name":"\u041e\u041e\u041e \u042d\u043d\u0435\u0440\u0433\u043e\u0446\u0435\u043d\u0442\u0440-\u0415\u041a"},{"name":"\u0412\u0412\u0413 1\u04451,5","amount":"0,005","amount_parts":"","unit":"\u043a\u043c","city":"\u041c\u043e\u0441\u043a\u0432\u0430","company_id":"22412","company_name":"\u041e\u041e\u041e \u041a\u041e\u0420\u041f\u041e\u0420\u0410\u0426\u0418\u042f \u0411\u0430\u043b\u0442\u041f\u0440\u043e\u043c\u041a\u043e\u043c\u043f\u043b\u0435\u043a\u0442"},{"name":"\u0412\u0412\u0413 1\u04451,5","amount":"0,746","amount_parts":"","unit":"\u043a\u043c","city":"\u041f\u0435\u0440\u043c\u044c","company_id":"10969","company_name":"\u041e\u041e\u041e \u0410\u0428\u0422\u0420\u0415\u0412\u0415\u041b"},{"name":"\u0412\u0412\u0413 1\u04451,5","amount":"0,005","amount_parts":"","unit":"\u043a\u043c","city":"\u0421\u0430\u043d\u043a\u0442-\u041f\u0435\u0442\u0435\u0440\u0431\u0443\u0440\u0433","company_id":"16940","company_name":"\u041e\u041e\u041e \"\u041e\u043f\u0442\u0413\u0440\u0443\u043f\u043f\""},{"name":"\u0412\u0412\u0413 1\u04451,5 (\u043e\u0436)--0,66","amount":"0,1","amount_parts":"","unit":"\u043a\u043c","city":"\u041f\u0430\u0432\u043b\u043e\u0434\u0430\u0440","company_id":"7464","company_name":"\u0410\u041e \"\u041a\u0430\u0437\u044d\u043d\u0435\u0440\u0433\u043e\u043a\u0430\u0431\u0435\u043b\u044c\""},{"name":"\u0412\u0412\u0413 1\u04451,5 \u0431\u0435\u043b 200","amount":"0,2","amount_parts":"","unit":"\u043a\u043c","city":"\u041d\u043e\u0432\u043e\u0441\u0438\u0431\u0438\u0440\u0441\u043a","company_id":"14419","company_name":"\u041e\u041e\u041e \u041a\u041e\u041c\u041f\u0410\u041d\u0418\u042f \u0417\u0410\u041f\u0421\u0418\u0411\u041a\u0410\u0411\u0415\u041b\u042c"},{"name":"\u0412\u0412\u0413 1\u04451,5 \u0431\u0435\u043b 200","amount":"0,2","amount_parts":"","unit":"\u043a\u043c","city":"\u041d\u043e\u0432\u043e\u0441\u0438\u0431\u0438\u0440\u0441\u043a","company_id":"8749","company_name":"\u0417\u0430\u043f\u0441\u0438\u0431\u043a\u0430\u0431\u0435\u043b\u044c"},{"name":"\u0412\u0412\u0413 1\u04451,5 \u0431\u0435\u043b 247","amount":"0,247","amount_parts":"","unit":"\u043a\u043c","city":"\u041d\u043e\u0432\u043e\u0441\u0438\u0431\u0438\u0440\u0441\u043a","company_id":"14419","company_name":"\u041e\u041e\u041e \u041a\u041e\u041c\u041f\u0410\u041d\u0418\u042f \u0417\u0410\u041f\u0421\u0418\u0411\u041a\u0410\u0411\u0415\u041b\u042c"},{"name":"\u0412\u0412\u0413 1\u04451,5 \u0431\u0435\u043b 247","amount":"0,247","amount_parts":"","unit":"\u043a\u043c","city":"\u041d\u043e\u0432\u043e\u0441\u0438\u0431\u0438\u0440\u0441\u043a","company_id":"8749","company_name":"\u0417\u0430\u043f\u0441\u0438\u0431\u043a\u0430\u0431\u0435\u043b\u044c"}],"performedDatetime":"2014-09-19T11:11:17Z","authStatus":"0","accessDateEnd":"30.06.2015"}
=====

select s.id, s.comp_id, s.title, s.quant, s.unit_id, s.comments, s.city from
		sklad_tovar s where visible=1 and (title like 'Ввг%' or title like '% Ввг%') order by  s.title LIMIT 0, 20
q2: select count(id) from sklad_tovar s where visible=1 and (title like 'Ввг%' or title like '% Ввг%')
 auth: 100 
=====
Query:
performedDatetime: 2014-09-19 11:11:19  0000
action: get_company_data
sklad_user: Evgeniya
appleId: 61CAA34D-3AED-4C95-A886-9C6BA77CD200
sklad_hash: 3ee4a77d3082ccaf6abd633dc601b4e2
company_id: 8500

=====
Response:
{"action":"get_company_data","code":0,"data":{"company_id":8500,"title":"\u041e\u041e\u041e \u041c\u0435\u0436\u0440\u0435\u0433\u0438\u043e\u043d\u0430\u043b\u044c\u043d\u0430\u044f \u043a\u0430\u0431\u0435\u043b\u044c\u043d\u0430\u044f \u043a\u043e\u043c\u043f\u0430\u043d\u0438\u044f","city":"\u0415\u043a\u0430\u0442\u0435\u0440\u0438\u043d\u0431\u0443\u0440\u0433","address":"620137, \u0443\u043b.\u0414\u0430\u043d\u0438\u043b\u044b \u0417\u0432\u0435\u0440\u0435\u0432\u0430, 31, \u043b\u0438\u0442\u0435\u0440 \u0420","phone":"8-800-7777-340","email":"vipcom@mail.ru","url":"http:\/\/www.1mkk.ru","contact":"\u041f\u0435\u0442\u0443\u0445\u043e\u0432 \u0410\u043d\u0434\u0440\u0435\u0439","goods_count":"630","last_update":"18.09.2014"},"performedDatetime":"2014-09-19T11:11:18Z","authStatus":"0","accessDateEnd":"30.06.2015"}
=====

select distinct city from sklad_tovar where comp_id= and city!='' order by city
q2: 
 auth: 100 
=====
Query:
performedDatetime: 2014-09-19 11:13:21  0000
action: get_company_data
sklad_user: Evgeniya
appleId: 61CAA34D-3AED-4C95-A886-9C6BA77CD200
sklad_hash: 3ee4a77d3082ccaf6abd633dc601b4e2
company_id: 8500

=====
Response:
{"action":"get_company_data","code":0,"data":{"company_id":8500,"title":"\u041e\u041e\u041e \u041c\u0435\u0436\u0440\u0435\u0433\u0438\u043e\u043d\u0430\u043b\u044c\u043d\u0430\u044f \u043a\u0430\u0431\u0435\u043b\u044c\u043d\u0430\u044f \u043a\u043e\u043c\u043f\u0430\u043d\u0438\u044f","city":"\u0415\u043a\u0430\u0442\u0435\u0440\u0438\u043d\u0431\u0443\u0440\u0433","address":"620137, \u0443\u043b.\u0414\u0430\u043d\u0438\u043b\u044b \u0417\u0432\u0435\u0440\u0435\u0432\u0430, 31, \u043b\u0438\u0442\u0435\u0440 \u0420","phone":"8-800-7777-340","email":"vipcom@mail.ru","url":"http:\/\/www.1mkk.ru","contact":"\u041f\u0435\u0442\u0443\u0445\u043e\u0432 \u0410\u043d\u0434\u0440\u0435\u0439","goods_count":"630","last_update":"18.09.2014"},"performedDatetime":"2014-09-19T11:13:20Z","authStatus":"0","accessDateEnd":"30.06.2015"}
=====

select distinct city from sklad_tovar where comp_id= and city!='' order by city
q2: 
 auth: 100 
=====
Query:
performedDatetime: 2014-09-19 13:20:14  0000
action: get_company_data
sklad_user: Гость
appleId: 73E7ACD0-FFBB-4F2F-9C76-2BB10CF364E4
sklad_hash: 8b8d5224cc6304794251c010474a42d0
company_id: 18400

=====
Response:
{"action":"get_company_data","code":0,"data":{"company_id":18400,"title":"\u041e\u041e\u041e \u0414\u0438\u0430\u0434\u0430","city":"\u041c\u043e\u0441\u043a\u0432\u0430","address":"109428","phone":"+7 (985) 1943294","email":"buliga@diada.su","url":"http:\/\/diada-elektro.ru\/","contact":"\u0411\u0443\u043b\u0438\u0433\u0430 \u0410\u043b\u0435\u043a\u0441\u0435\u0439","goods_count":"992","last_update":"19.09.2014"},"performedDatetime":"2014-09-19T13:20:14Z","authStatus":"0","accessDateEnd":""}
=====

select distinct city from sklad_tovar where comp_id= and city!='' order by city
q2: 
 auth: 100 
=====
Query:
performedDatetime: 2014-09-19 14:59:28  0000
action: get_text

=====
Response:
{"action":"get_text","code":0,"data":"","performedDatetime":"2014-09-19T14:59:31Z","authStatus":"10"}
=====


q2: 
 auth: 0 
=====
Query:
performedDatetime: 2014-09-19 15:00:07  0000
action: check_user_rights
sklad_user: TrizCable
appleId: C7112322-501F-4126-A265-02BA5131FFF3
sklad_hash: 453e3c8fb03caa1b897cb3aab381e629

=====
Response:
{"action":"check_user_rights","code":0,"performedDatetime":"2014-09-19T15:00:09Z","authStatus":"10"}
=====


q2: 
 auth: 0 
=====
Query:
performedDatetime: 2014-09-19 15:00:15  0000
action: check_user_rights
sklad_user: TrizCable
appleId: C7112322-501F-4126-A265-02BA5131FFF3
sklad_hash: 453e3c8fb03caa1b897cb3aab381e629

=====
Response:
{"action":"check_user_rights","code":0,"performedDatetime":"2014-09-19T15:00:17Z","authStatus":"10"}
=====


q2: 
 auth: 0 
=====
Query:
performedDatetime: 2014-09-19 15:00:17  0000
action: get_text

=====
Response:
{"action":"get_text","code":0,"data":"","performedDatetime":"2014-09-19T15:00:18Z","authStatus":"10"}
=====


q2: 
 auth: 0 
=====
Query:
performedDatetime: 2014-09-19 15:00:26  0000
action: get_goods_data
sklad_user: Гость
appleId: C7112322-501F-4126-A265-02BA5131FFF3
sklad_hash: 0561f58c0301ca65d4d014c07f733a04
searchTerm: Кпсэ
resultsFrom: 0
sort: 0
cityFilter: 

=====
Response:
{"action":"get_goods_data","searchTerm":"\u041a\u043f\u0441\u044d","resultsFrom":0,"sort":0,"cityFilter":"","code":0,"resultsCount":"258","lastPage":0,"data":[{"name":"\u041a\u041f\u0421\u042d \u043d\u0433(\u0410) FR Ls 1\u04452\u04450,5","amount":"0,24","amount_parts":"","unit":"\u043a\u043c","city":"\u0415\u043a\u0430\u0442\u0435\u0440\u0438\u043d\u0431\u0443\u0440\u0433","company_id":"8456","company_name":"\u041e\u041e\u041e \"\u041f\u0440\u043e\u043c\u042d\u043b\u0435\u043a\u0442\u0440\u043e\u041a\u0430\u0431\u0435\u043b\u044c\""},{"name":"\u041a\u041f\u0421\u042d \u043d\u0433(\u0410) FR Ls 2\u04452\u04450,75","amount":"0,414","amount_parts":"","unit":"\u043a\u043c","city":"\u0415\u043a\u0430\u0442\u0435\u0440\u0438\u043d\u0431\u0443\u0440\u0433","company_id":"8456","company_name":"\u041e\u041e\u041e \"\u041f\u0440\u043e\u043c\u042d\u043b\u0435\u043a\u0442\u0440\u043e\u041a\u0430\u0431\u0435\u043b\u044c\""},{"name":"\u041a\u041f\u0421\u042d\u0412\u0413 2\u04452\u04450,20 (\u041c\u041d) \u0438\u043c\u043f.","amount":"2,6","amount_parts":"","unit":"\u043a\u043c","city":"\u041c\u043e\u0441\u043a\u0432\u0430","company_id":"18820","company_name":"\u041e\u041e\u041e \u041a\u0430\u0431\u0435\u043b\u044c\u043d\u044b\u0439 \u0410\u0443\u043a\u0446\u0438\u043e\u043d"},{"name":"\u041a\u041f\u0421\u042d\u043d\u0433(A)-FRHF 1\u04452\u04450,75","amount":"0,3","amount_parts":"","unit":"\u043a\u043c","city":"\u0421\u0430\u043d\u043a\u0442-\u041f\u0435\u0442\u0435\u0440\u0431\u0443\u0440\u0433","company_id":"12442","company_name":"\u041e\u041e\u041e \u041c\u0438\u0446\u0430\u0440"},{"name":"\u041a\u041f\u0421\u042d\u043d\u0433(A)-FRHF 1\u04452\u04451,0","amount":"0,8","amount_parts":"","unit":"\u043a\u043c","city":"\u0421\u0430\u043d\u043a\u0442-\u041f\u0435\u0442\u0435\u0440\u0431\u0443\u0440\u0433","company_id":"12442","company_name":"\u041e\u041e\u041e \u041c\u0438\u0446\u0430\u0440"},{"name":"\u041a\u041f\u0421\u042d\u043d\u0433(A)-FRHF 2\u04452\u04450,5","amount":"1,3","amount_parts":"","unit":"\u043a\u043c","city":"\u0421\u0430\u043d\u043a\u0442-\u041f\u0435\u0442\u0435\u0440\u0431\u0443\u0440\u0433","company_id":"12442","company_name":"\u041e\u041e\u041e \u041c\u0438\u0446\u0430\u0440"},{"name":"\u041a\u041f\u0421\u042d\u043d\u0433(A)-FRHF 2\u04452\u04451","amount":"0,135","amount_parts":"","unit":"\u043a\u043c","city":"\u0421\u0430\u043d\u043a\u0442-\u041f\u0435\u0442\u0435\u0440\u0431\u0443\u0440\u0433","company_id":"12442","company_name":"\u041e\u041e\u041e \u041c\u0438\u0446\u0430\u0440"},{"name":"\u041a\u041f\u0421\u042d\u043d\u0433(A)-FRLS 1\u04452\u04450,5","amount":"5,985","amount_parts":"","unit":"\u043a\u043c","city":"\u0421\u0430\u043d\u043a\u0442-\u041f\u0435\u0442\u0435\u0440\u0431\u0443\u0440\u0433","company_id":"12442","company_name":"\u041e\u041e\u041e \u041c\u0438\u0446\u0430\u0440"},{"name":"\u041a\u041f\u0421\u042d\u043d\u0433(A)-FRLS 1\u04452\u04451","amount":"0,35","amount_parts":"","unit":"\u043a\u043c","city":"\u0421\u0430\u043d\u043a\u0442-\u041f\u0435\u0442\u0435\u0440\u0431\u0443\u0440\u0433","company_id":"12442","company_name":"\u041e\u041e\u041e \u041c\u0438\u0446\u0430\u0440"},{"name":"\u041a\u041f\u0421\u042d\u043d\u0433(A)-FRLS 1\u04452\u04451,5","amount":"3,244","amount_parts":"","unit":"\u043a\u043c","city":"\u0421\u0430\u043d\u043a\u0442-\u041f\u0435\u0442\u0435\u0440\u0431\u0443\u0440\u0433","company_id":"12442","company_name":"\u041e\u041e\u041e \u041c\u0438\u0446\u0430\u0440"},{"name":"\u041a\u041f\u0421\u042d\u043d\u0433(A)-FRLS 1\u04452\u04451,5","amount":"0,4","amount_parts":"0,2; 0,2; ","unit":"\u043a\u043c","city":"\u041c\u043e\u0441\u043a\u0432\u0430","company_id":"140","company_name":"\u041e\u041e\u041e \u042d\u0422\u041c\u0421"},{"name":"\u041a\u041f\u0421\u042d\u043d\u0433(A)-FRLS 1\u04452\u04452,5","amount":"0,325","amount_parts":"","unit":"\u043a\u043c","city":"\u0421\u0430\u043d\u043a\u0442-\u041f\u0435\u0442\u0435\u0440\u0431\u0443\u0440\u0433","company_id":"12442","company_name":"\u041e\u041e\u041e \u041c\u0438\u0446\u0430\u0440"},{"name":"\u041a\u041f\u0421\u042d\u043d\u0433(A)-FRLS 2x2\u04450.5","amount":"0,34","amount_parts":"","unit":"\u043a\u043c","city":"\u041c\u043e\u0441\u043a\u043e\u0432\u0441\u043a\u0430\u044f \u043e\u0431\u043b\u0430\u0441\u0442\u044c, \u0433.\u0425\u0438\u043c\u043a\u0438","company_id":"4299","company_name":"\u041e\u041e\u041e \u041f\u0420\u041e\u0412\u041e\u0414\u041d\u0418\u041a"},{"name":"\u041a\u041f\u0421\u042d\u043d\u0433(A)-FRLS 2x2\u04450.5","amount":"0,34","amount_parts":"","unit":"\u043a\u043c","city":"\u0425\u0438\u043c\u043a\u0438","company_id":"13849","company_name":"\u041e\u041e\u041e \u041f\u0440\u043e\u0432\u043e\u0434\u043d\u0438\u043a"},{"name":"\u041a\u041f\u0421\u042d\u043d\u0433(A)-FRLS 2x2\u04450.5","amount":"0,58","amount_parts":"","unit":"\u043a\u043c","city":"\u041c\u043e\u0441\u043a\u043e\u0432\u0441\u043a\u0430\u044f \u043e\u0431\u043b., \u0433. \u0425\u0438\u043c\u043a\u0438","company_id":"13849","company_name":"\u041e\u041e\u041e \u041f\u0440\u043e\u0432\u043e\u0434\u043d\u0438\u043a"},{"name":"\u041a\u041f\u0421\u042d\u043d\u0433(A)-FRLS 2\u04452\u04450,5","amount":"0,27","amount_parts":"","unit":"\u043a\u043c","city":"\u0421\u0430\u043d\u043a\u0442-\u041f\u0435\u0442\u0435\u0440\u0431\u0443\u0440\u0433","company_id":"12442","company_name":"\u041e\u041e\u041e \u041c\u0438\u0446\u0430\u0440"},{"name":"\u041a\u041f\u0421\u042d\u043d\u0433(A)-FRLS 2\u04452\u04450,75","amount":"2,608","amount_parts":"","unit":"\u043a\u043c","city":"\u0421\u0430\u043d\u043a\u0442-\u041f\u0435\u0442\u0435\u0440\u0431\u0443\u0440\u0433","company_id":"12442","company_name":"\u041e\u041e\u041e \u041c\u0438\u0446\u0430\u0440"},{"name":"\u041a\u041f\u0421\u042d\u043d\u0433(A)-FRLS 2\u04452\u04451","amount":"0,247","amount_parts":"","unit":"\u043a\u043c","city":"\u0421\u0430\u043d\u043a\u0442-\u041f\u0435\u0442\u0435\u0440\u0431\u0443\u0440\u0433","company_id":"12442","company_name":"\u041e\u041e\u041e \u041c\u0438\u0446\u0430\u0440"},{"name":"\u041a\u041f\u0421\u042d\u043d\u0433(A)-FRLS 2\u04452\u04451,5","amount":"0,05","amount_parts":"","unit":"\u043a\u043c","city":"\u0421\u0430\u043d\u043a\u0442-\u041f\u0435\u0442\u0435\u0440\u0431\u0443\u0440\u0433","company_id":"12442","company_name":"\u041e\u041e\u041e \u041c\u0438\u0446\u0430\u0440"},{"name":"\u041a\u041f\u0421\u042d\u043d\u0433(\u0410) FR LS 1\u04452\u04250,5","amount":"8,81","amount_parts":"","unit":"\u043a\u043c","city":"\u041c\u043e\u0441\u043a\u0432\u0430","company_id":"24858","company_name":"\u041e\u041e\u041e \u041a\u043e\u043d\u0442\u0430\u043a\u0442 \u042d\u043b\u0435\u043a\u0442\u0440\u043e"}],"performedDatetime":"2014-09-19T15:00:28Z","authStatus":"0","accessDateEnd":""}
=====

select s.id, s.comp_id, s.title, s.quant, s.unit_id, s.comments, s.city from
		sklad_tovar s where visible=1 and (title like 'Кпсэ%' or title like '% Кпсэ%') order by  s.title LIMIT 0, 20
q2: select count(id) from sklad_tovar s where visible=1 and (title like 'Кпсэ%' or title like '% Кпсэ%')
 auth: 100 
=====
Query:
performedDatetime: 2014-09-19 15:00:30  0000
action: get_company_data
sklad_user: Гость
appleId: C7112322-501F-4126-A265-02BA5131FFF3
sklad_hash: 0561f58c0301ca65d4d014c07f733a04
company_id: 8456

=====
Response:
{"action":"get_company_data","code":0,"data":{"company_id":8456,"title":"\u041e\u041e\u041e \"\u041f\u0440\u043e\u043c\u042d\u043b\u0435\u043a\u0442\u0440\u043e\u041a\u0430\u0431\u0435\u043b\u044c\"","city":"\u0415\u043a\u0430\u0442\u0435\u0440\u0438\u043d\u0431\u0443\u0440\u0433","address":"620010 \u0415\u043a\u0430\u0442\u0435\u0440\u0438\u043d\u0431\u0443\u0440\u0433,\u0443\u043b.\u041a\u043e\u0441\u0430\u0440\u0435\u0432\u0430-91","phone":"8-922-2275-659","email":"demenshin@mail.ru","url":"http:\/\/promelkab.ru","contact":"\u0414\u0435\u043c\u0435\u043d\u044c\u0448\u0438\u043d \u0410\u043d\u0434\u0440\u0435\u0439","goods_count":"907","last_update":"08.09.2014"},"performedDatetime":"2014-09-19T15:00:31Z","authStatus":"0","accessDateEnd":""}
=====

select distinct city from sklad_tovar where comp_id= and city!='' order by city
q2: 
 auth: 100 
=====
Query:
performedDatetime: 2014-09-19 15:00:35  0000
action: get_company_data
sklad_user: Гость
appleId: C7112322-501F-4126-A265-02BA5131FFF3
sklad_hash: 0561f58c0301ca65d4d014c07f733a04
company_id: 4299

=====
Response:
{"action":"get_company_data","code":0,"data":{"company_id":4299,"title":"\u041e\u041e\u041e \u041f\u0420\u041e\u0412\u041e\u0414\u041d\u0418\u041a","city":"\u041c\u043e\u0441\u043a\u043e\u0432\u0441\u043a\u0430\u044f \u043e\u0431\u043b\u0430\u0441\u0442\u044c, \u0433.\u0425\u0438\u043c\u043a\u0438","address":"141407, \u041c\u043e\u0441\u043a\u043e\u0432\u0441\u043a\u0430\u044f \u043e\u0431\u043b\u0430\u0441\u0442\u044c, \u0433. \u0425\u0438\u043c\u043a\u0438, \u0443\u043b. \u0411\u0430\u0431\u0430\u043a\u0438\u043d\u0430 \u0434.5\u0410","phone":"89859960662","email":"igor_provodnik@mail.ru","url":"http:\/\/www.worldprovodnik.ru","contact":"\u0421\u0430\u0443\u0442\u043a\u0438\u043d \u0418\u0433\u043e\u0440\u044c \u0412\u0438\u043a\u0442\u043e\u0440\u043e\u0432\u0438\u0447","goods_count":"276","last_update":"16.09.2014"},"performedDatetime":"2014-09-19T15:00:37Z","authStatus":"0","accessDateEnd":""}
=====

select distinct city from sklad_tovar where comp_id= and city!='' order by city
q2: 
 auth: 100 
=====
Query:
performedDatetime: 2014-09-19 15:00:41  0000
action: get_company_data
sklad_user: Гость
appleId: C7112322-501F-4126-A265-02BA5131FFF3
sklad_hash: 0561f58c0301ca65d4d014c07f733a04
company_id: 12442

=====
Response:
{"action":"get_company_data","code":0,"data":{"company_id":12442,"title":"\u041e\u041e\u041e \u041c\u0438\u0446\u0430\u0440","city":"\u0421\u0430\u043d\u043a\u0442-\u041f\u0435\u0442\u0435\u0440\u0431\u0443\u0440\u0433","address":"196240, \u0421\u0430\u043d\u043a\u0442-\u041f\u0435\u0442\u0435\u0440\u0431\u0443\u0440\u0433, \u041f\u0443\u043b\u043a\u043e\u0432\u0441\u043a\u043e\u0435 \u0448\u043e\u0441\u0441\u0435, \u0434. 9 \u043a\u043e\u0440\u043f. 3, \u0431\u0438\u0437\u043d\u0435\u0441-\u0446\u0435\u043d\u0442\u0440 ","phone":"(812) 718-58-60","email":"molchanova@mitsar.ru","url":"http:\/\/www.mitsar.ru","contact":"\u0412\u043e\u0440\u043e\u0442\u0438\u043d\u0441\u043a\u0430\u044f \u0422\u0430\u0442\u044c\u044f\u043d\u0430 \u0410\u043d\u0430\u0442\u043e\u043b\u044c\u0435\u0432\u043d\u0430","goods_count":"824","last_update":"15.09.2014"},"performedDatetime":"2014-09-19T15:00:43Z","authStatus":"0","accessDateEnd":""}
=====

select distinct city from sklad_tovar where comp_id= and city!='' order by city
q2: 
 auth: 100 
=====
