Query:
performedDatetime: 2014-05-06 10:09:50  0000
action: check_user_rights
sklad_user: scand
appleId: 9AD73621-D61A-415E-956C-8F3715F44377
sklad_hash: 4af9991ec88dc5f3b44b6bf244126d8d

=====
Response:
{"action":"check_user_rights","code":0,"performedDatetime":"2014-05-06T10:09:51Z","authStatus":"0","accessDateEnd":"2014-10-10"}
=====
Query:
performedDatetime: 2014-05-06 10:09:56  0000
action: get_goods_data
sklad_user: scand
appleId: 9AD73621-D61A-415E-956C-8F3715F44377
sklad_hash: 4af9991ec88dc5f3b44b6bf244126d8d
searchTerm: Сип
resultsFrom: 0
sort: 0
cityFilter: 

=====
Response:
{"action":"get_goods_data","searchTerm":"\u0421\u0438\u043f","resultsFrom":0,"sort":0,"cityFilter":"","code":0,"resultsCount":"1668","data":[{"name":"\u0421\u0418\u041f 2\u0410 3\u044535+1\u044554.6+1\u044516","amount":"0,14","amount_parts":"","unit":"\u043a\u043c","city":"\u041c\u043e\u0441\u043a\u0432\u0430","company_id":"8256","company_name":"\u041e\u041e\u041e \u0410\u0432\u0430\u043b\u043e\u043d-\u041a\u0430\u0431\u0435\u043b\u044c"},{"name":"\u0421\u0418\u041f 2\u0410 3\u044550+1\u044550","amount":"0,075","amount_parts":"","unit":"\u043a\u043c","city":"\u0412\u043e\u043b\u043e\u0433\u0434\u0430","company_id":"8168","company_name":"\u041e\u041e\u041e \u00ab\u0422\u0435\u0445\u043d\u043e\u043a\u0430\u0431\u0435\u043b\u044c \u041c\u00bb \u041c\u043e\u0441\u043a\u0432\u0430"},{"name":"\u0421\u0418\u041f 2\u0410 3\u044550+1\u044554, 6-1","amount":"0,01","amount_parts":"","unit":"\u043a\u043c","city":"\u041c\u043e\u0441\u043a\u0432\u0430","company_id":"19425","company_name":"\u041e\u0410\u041e \"\u041f\u0441\u043a\u043e\u0432\u0441\u043a\u0438\u0439 \u043a\u0430\u0431\u0435\u043b\u044c\u043d\u044b\u0439 \u0437\u0430\u0432\u043e\u0434\""},{"name":"\u0421\u0418\u041f 2\u0410 3\u044550+1\u044554, 6-1","amount":"0,01","amount_parts":"","unit":"\u043a\u043c","city":"\u041c\u043e\u0441\u043a\u0432\u0430","company_id":"8168","company_name":"\u041e\u041e\u041e \u00ab\u0422\u0435\u0445\u043d\u043e\u043a\u0430\u0431\u0435\u043b\u044c \u041c\u00bb \u041c\u043e\u0441\u043a\u0432\u0430"},{"name":"\u0421\u0418\u041f 2\u0410 4\u044516","amount":"0,228","amount_parts":"","unit":"\u043a\u043c","city":"\u041f\u0435\u0440\u043c\u044c","company_id":"17640","company_name":"\u041e\u041e\u041e \"\u0415\u0432\u0440\u043e\u0441\u0442\u0440\u043e\u0439\""},{"name":"\u0421\u0418\u041f 2\u0410 4\u044516","amount":"0,093","amount_parts":"","unit":"\u043a\u043c","city":"\u041f\u0435\u0440\u043c\u044c","company_id":"10969","company_name":"\u041e\u041e\u041e \u0410\u0428\u0422\u0420\u0415\u0412\u0415\u041b"},{"name":"\u0421\u0418\u041f 2\u0410 4\u044516","amount":"0,228","amount_parts":"","unit":"\u043a\u043c","city":"\u041f\u0435\u0440\u043c\u044c","company_id":"3601","company_name":"\u041e\u041e\u041e \"\u0422\u041c\u041a-\u042d\u041d\u0415\u0420\u0413\u041e\""},{"name":"\u0421\u0418\u041f 2\u044516 \u0441\u0430\u043c\u043e\u043d\u0435\u0441\u0443\u0449\u0438\u0439 \u0438\u0437\u043e\u043b\u0438\u0440\u043e\u0432\u0430\u043d\u043d\u044b\u0439","amount":"40","amount_parts":"","unit":"\u043a\u043c","city":"\u0421\u0430\u043d\u043a\u0442-\u041f\u0435\u0442\u0435\u0440\u0431\u0443\u0440\u0433","company_id":"16031","company_name":"\u041e\u041e\u041e \u0412\u0435\u0440\u043a\u043e\u043d"},{"name":"\u0421\u0418\u041f 3\u044525+1\u044554,6","amount":"0,4","amount_parts":"","unit":"\u043a\u043c","city":"\u041c\u043e\u0441\u043a\u0432\u0430","company_id":"15976","company_name":"\u041e\u041e\u041e \u041a\u0430\u0431\u0435\u043b\u044c\u043d\u0430\u044f \u043a\u043e\u043c\u043f\u0430\u043d\u0438\u044f \u042d\u0420\u041c\u0410\u041d\u041e"},{"name":"\u0421\u0418\u041f 3\u044550+54,6","amount":"0,016","amount_parts":"","unit":"\u043a\u043c","city":"\u041a\u0440\u0430\u0441\u043d\u043e\u0434\u0430\u0440","company_id":"13148","company_name":"\u041e\u041e\u041e \u0418\u043d\u0442\u0435\u0440\u043a\u043e\u043c"},{"name":"\u0421\u0418\u041f 3\u044570+70","amount":"0,048","amount_parts":"","unit":"\u043a\u043c","city":"\u041a\u0440\u0430\u0441\u043d\u043e\u0434\u0430\u0440","company_id":"13148","company_name":"\u041e\u041e\u041e \u0418\u043d\u0442\u0435\u0440\u043a\u043e\u043c"},{"name":"\u0421\u0418\u041f 4\u044516 \u0441\u0430\u043c\u043e\u043d\u0435\u0441\u0443\u0449\u0438\u0439 \u0438\u0437\u043e\u043b\u0438\u0440\u043e\u0432\u0430\u043d\u043d\u044b\u0439","amount":"40","amount_parts":"","unit":"\u043a\u043c","city":"\u0421\u0430\u043d\u043a\u0442-\u041f\u0435\u0442\u0435\u0440\u0431\u0443\u0440\u0433","company_id":"16031","company_name":"\u041e\u041e\u041e \u0412\u0435\u0440\u043a\u043e\u043d"},{"name":"\u0421\u0418\u041f 4\u044570","amount":"0,257","amount_parts":"","unit":"\u043a\u043c","city":"\u041f\u0435\u0440\u043c\u044c","company_id":"11082","company_name":"\u041e\u041e\u041e \u0421\u0442\u0440\u043e\u0439\u043a\u0430\u0431\u0435\u043b\u044c"},{"name":"\u0421\u0418\u041f \u0421 4 4\u044595","amount":"0,38","amount_parts":"","unit":"\u043a\u043c","city":"\u0421\u0430\u043d\u043a\u0442-\u041f\u0435\u0442\u0435\u0440\u0431\u0443\u0440\u0433","company_id":"8391","company_name":"\u041e\u041e\u041e \u0421\u041a\u041a"},{"name":"\u0421\u0418\u041f-1 3\u044516+1\u044525","amount":"0,114","amount_parts":"","unit":"\u043a\u043c","city":"\u041f\u0430\u0432\u043b\u043e\u0434\u0430\u0440","company_id":"7464","company_name":"\u0410\u041e \"\u041a\u0430\u0437\u044d\u043d\u0435\u0440\u0433\u043e\u043a\u0430\u0431\u0435\u043b\u044c\""},{"name":"\u0421\u0418\u041f-1 3\u044535+ 1\u044550-0,6\/1","amount":"0,25","amount_parts":"","unit":"\u043a\u043c","city":"\u0425\u0430\u0431\u0430\u0440\u043e\u0432\u0441\u043a","company_id":"4556","company_name":"\u041e\u0410\u041e \u0410\u043c\u0443\u0440\u0441\u043a\u0438\u0439 \u043a\u0430\u0431\u0435\u043b\u044c\u043d\u044b\u0439 \u0437\u0430\u0432\u043e\u0434"},{"name":"\u0421\u0418\u041f-1 3\u044550+1\u044550","amount":"0,002","amount_parts":"","unit":"\u043a\u043c","city":"\u041f\u0430\u0432\u043b\u043e\u0434\u0430\u0440","company_id":"7464","company_name":"\u0410\u041e \"\u041a\u0430\u0437\u044d\u043d\u0435\u0440\u0433\u043e\u043a\u0430\u0431\u0435\u043b\u044c\""},{"name":"\u0421\u0418\u041f-1 3\u044550+1\u044570","amount":"0,876","amount_parts":"","unit":"\u043a\u043c","city":"\u0410\u0440\u0445\u0430\u043d\u0433\u0435\u043b\u044c\u0441\u043a","company_id":"20371","company_name":"\u041e\u041e\u041e \u042d\u043d\u0435\u0440\u0433\u043e\u0440\u0435\u0441\u0443\u0440\u0441"},{"name":"\u0421\u0418\u041f-1 3\u044570+1\u044570","amount":"2,127","amount_parts":"0,1; 0,374; 0,063; 0,86; 0,73; ","unit":"\u043a\u043c","city":"\u041f\u0435\u0440\u043c\u044c","company_id":"17640","company_name":"\u041e\u041e\u041e \"\u0415\u0432\u0440\u043e\u0441\u0442\u0440\u043e\u0439\""},{"name":"\u0421\u0418\u041f-1 3\u044570+1\u044570","amount":"2,455","amount_parts":"0,12; 0,723; 0,853; 0,703; 0,056; ","unit":"\u043a\u043c","city":"\u041f\u0435\u0440\u043c\u044c","company_id":"10969","company_name":"\u041e\u041e\u041e \u0410\u0428\u0422\u0420\u0415\u0412\u0415\u041b"}],"performedDatetime":"2014-05-06T10:09:57Z","authStatus":"0","accessDateEnd":"2014-10-10"}
=====
Query:
performedDatetime: 2014-05-06 10:09:58  0000
action: get_company_data
sklad_user: scand
appleId: 9AD73621-D61A-415E-956C-8F3715F44377
sklad_hash: 4af9991ec88dc5f3b44b6bf244126d8d
company_id: 8168

=====
Response:
{"action":"get_company_data","code":0,"data":{"company_id":8168,"title":"\u041e\u041e\u041e \u00ab\u0422\u0435\u0445\u043d\u043e\u043a\u0430\u0431\u0435\u043b\u044c \u041c\u00bb \u041c\u043e\u0441\u043a\u0432\u0430","city":"\u041c\u043e\u0441\u043a\u0432\u0430","address":"117513, \u0433. \u041c\u043e\u0441\u043a\u0432\u0430, \u041b\u0435\u043d\u0438\u043d\u0441\u043a\u0438\u0439 \u043f\u0440\u043e\u0441\u043f\u0435\u043a\u0442, \u0434. 121\/1, \u043a\u043e\u0440\u043f.2","phone":"(495) 781-06-11","email":"amosova@tmet.ru","url":"http:\/\/www.cabletm.ru ","contact":"\u0410\u043c\u043e\u0441\u043e\u0432\u0430 \u041d\u0430\u0442\u0430\u043b\u044c\u044f \u042e\u0440\u044c\u0435\u0432\u043d\u0430","goods_count":"1459","last_update":"28.04.2014"},"performedDatetime":"2014-05-06T10:09:59Z","authStatus":"0","accessDateEnd":"2014-10-10"}
=====
Query:
performedDatetime: 2014-05-06 10:10:05  0000
action: get_company_data
sklad_user: scand
appleId: 9AD73621-D61A-415E-956C-8F3715F44377
sklad_hash: 4af9991ec88dc5f3b44b6bf244126d8d
company_id: 8168

=====
Response:
{"action":"get_company_data","code":0,"data":{"company_id":8168,"title":"\u041e\u041e\u041e \u00ab\u0422\u0435\u0445\u043d\u043e\u043a\u0430\u0431\u0435\u043b\u044c \u041c\u00bb \u041c\u043e\u0441\u043a\u0432\u0430","city":"\u041c\u043e\u0441\u043a\u0432\u0430","address":"117513, \u0433. \u041c\u043e\u0441\u043a\u0432\u0430, \u041b\u0435\u043d\u0438\u043d\u0441\u043a\u0438\u0439 \u043f\u0440\u043e\u0441\u043f\u0435\u043a\u0442, \u0434. 121\/1, \u043a\u043e\u0440\u043f.2","phone":"(495) 781-06-11","email":"amosova@tmet.ru","url":"http:\/\/www.cabletm.ru ","contact":"\u0410\u043c\u043e\u0441\u043e\u0432\u0430 \u041d\u0430\u0442\u0430\u043b\u044c\u044f \u042e\u0440\u044c\u0435\u0432\u043d\u0430","goods_count":"1459","last_update":"28.04.2014"},"performedDatetime":"2014-05-06T10:10:06Z","authStatus":"0","accessDateEnd":"2014-10-10"}
=====
Query:
performedDatetime: 2014-05-06 10:10:07  0000
action: get_company_data
sklad_user: scand
appleId: 9AD73621-D61A-415E-956C-8F3715F44377
sklad_hash: 4af9991ec88dc5f3b44b6bf244126d8d
company_id: 19425

=====
Response:
{"action":"get_company_data","code":0,"data":{"company_id":19425,"title":"\u041e\u0410\u041e \"\u041f\u0441\u043a\u043e\u0432\u0441\u043a\u0438\u0439 \u043a\u0430\u0431\u0435\u043b\u044c\u043d\u044b\u0439 \u0437\u0430\u0432\u043e\u0434\"","city":"\u0412\u043e\u043b\u043e\u0433\u0434\u0430","address":"180006, \u0433. \u041f\u0441\u043a\u043e\u0432, \u0443\u043b. \u0410\u043b\u043c\u0430\u0437\u043d\u0430\u044f, \u0434. 3","phone":"89532388017","email":"kuvshinov@tmet.ru","url":"http:\/\/www.pskovkabel.ru\/","contact":"\u0415\u0432\u0433\u0435\u043d\u0438\u0439","goods_count":"1068","last_update":"28.04.2014"},"performedDatetime":"2014-05-06T10:10:08Z","authStatus":"0","accessDateEnd":"2014-10-10"}
=====
Query:
performedDatetime: 2014-05-06 10:10:20  0000
action: get_goods_data
sklad_user: scand
appleId: 9AD73621-D61A-415E-956C-8F3715F44377
sklad_hash: 4af9991ec88dc5f3b44b6bf244126d8d
searchTerm: Сип
resultsFrom: 1
sort: 0
cityFilter: 

=====
Response:
{"action":"get_goods_data","searchTerm":"\u0421\u0438\u043f","resultsFrom":1,"sort":0,"cityFilter":"","code":0,"resultsCount":"1668","data":[{"name":"\u0421\u0418\u041f 2\u0410 3\u044550+1\u044550","amount":"0,075","amount_parts":"","unit":"\u043a\u043c","city":"\u0412\u043e\u043b\u043e\u0433\u0434\u0430","company_id":"8168","company_name":"\u041e\u041e\u041e \u00ab\u0422\u0435\u0445\u043d\u043e\u043a\u0430\u0431\u0435\u043b\u044c \u041c\u00bb \u041c\u043e\u0441\u043a\u0432\u0430"},{"name":"\u0421\u0418\u041f 2\u0410 3\u044550+1\u044554, 6-1","amount":"0,01","amount_parts":"","unit":"\u043a\u043c","city":"\u041c\u043e\u0441\u043a\u0432\u0430","company_id":"19425","company_name":"\u041e\u0410\u041e \"\u041f\u0441\u043a\u043e\u0432\u0441\u043a\u0438\u0439 \u043a\u0430\u0431\u0435\u043b\u044c\u043d\u044b\u0439 \u0437\u0430\u0432\u043e\u0434\""},{"name":"\u0421\u0418\u041f 2\u0410 3\u044550+1\u044554, 6-1","amount":"0,01","amount_parts":"","unit":"\u043a\u043c","city":"\u041c\u043e\u0441\u043a\u0432\u0430","company_id":"8168","company_name":"\u041e\u041e\u041e \u00ab\u0422\u0435\u0445\u043d\u043e\u043a\u0430\u0431\u0435\u043b\u044c \u041c\u00bb \u041c\u043e\u0441\u043a\u0432\u0430"},{"name":"\u0421\u0418\u041f 2\u0410 4\u044516","amount":"0,228","amount_parts":"","unit":"\u043a\u043c","city":"\u041f\u0435\u0440\u043c\u044c","company_id":"17640","company_name":"\u041e\u041e\u041e \"\u0415\u0432\u0440\u043e\u0441\u0442\u0440\u043e\u0439\""},{"name":"\u0421\u0418\u041f 2\u0410 4\u044516","amount":"0,093","amount_parts":"","unit":"\u043a\u043c","city":"\u041f\u0435\u0440\u043c\u044c","company_id":"10969","company_name":"\u041e\u041e\u041e \u0410\u0428\u0422\u0420\u0415\u0412\u0415\u041b"},{"name":"\u0421\u0418\u041f 2\u0410 4\u044516","amount":"0,228","amount_parts":"","unit":"\u043a\u043c","city":"\u041f\u0435\u0440\u043c\u044c","company_id":"3601","company_name":"\u041e\u041e\u041e \"\u0422\u041c\u041a-\u042d\u041d\u0415\u0420\u0413\u041e\""},{"name":"\u0421\u0418\u041f 2\u044516 \u0441\u0430\u043c\u043e\u043d\u0435\u0441\u0443\u0449\u0438\u0439 \u0438\u0437\u043e\u043b\u0438\u0440\u043e\u0432\u0430\u043d\u043d\u044b\u0439","amount":"40","amount_parts":"","unit":"\u043a\u043c","city":"\u0421\u0430\u043d\u043a\u0442-\u041f\u0435\u0442\u0435\u0440\u0431\u0443\u0440\u0433","company_id":"16031","company_name":"\u041e\u041e\u041e \u0412\u0435\u0440\u043a\u043e\u043d"},{"name":"\u0421\u0418\u041f 3\u044525+1\u044554,6","amount":"0,4","amount_parts":"","unit":"\u043a\u043c","city":"\u041c\u043e\u0441\u043a\u0432\u0430","company_id":"15976","company_name":"\u041e\u041e\u041e \u041a\u0430\u0431\u0435\u043b\u044c\u043d\u0430\u044f \u043a\u043e\u043c\u043f\u0430\u043d\u0438\u044f \u042d\u0420\u041c\u0410\u041d\u041e"},{"name":"\u0421\u0418\u041f 3\u044550+54,6","amount":"0,016","amount_parts":"","unit":"\u043a\u043c","city":"\u041a\u0440\u0430\u0441\u043d\u043e\u0434\u0430\u0440","company_id":"13148","company_name":"\u041e\u041e\u041e \u0418\u043d\u0442\u0435\u0440\u043a\u043e\u043c"},{"name":"\u0421\u0418\u041f 3\u044570+70","amount":"0,048","amount_parts":"","unit":"\u043a\u043c","city":"\u041a\u0440\u0430\u0441\u043d\u043e\u0434\u0430\u0440","company_id":"13148","company_name":"\u041e\u041e\u041e \u0418\u043d\u0442\u0435\u0440\u043a\u043e\u043c"},{"name":"\u0421\u0418\u041f 4\u044516 \u0441\u0430\u043c\u043e\u043d\u0435\u0441\u0443\u0449\u0438\u0439 \u0438\u0437\u043e\u043b\u0438\u0440\u043e\u0432\u0430\u043d\u043d\u044b\u0439","amount":"40","amount_parts":"","unit":"\u043a\u043c","city":"\u0421\u0430\u043d\u043a\u0442-\u041f\u0435\u0442\u0435\u0440\u0431\u0443\u0440\u0433","company_id":"16031","company_name":"\u041e\u041e\u041e \u0412\u0435\u0440\u043a\u043e\u043d"},{"name":"\u0421\u0418\u041f 4\u044570","amount":"0,257","amount_parts":"","unit":"\u043a\u043c","city":"\u041f\u0435\u0440\u043c\u044c","company_id":"11082","company_name":"\u041e\u041e\u041e \u0421\u0442\u0440\u043e\u0439\u043a\u0430\u0431\u0435\u043b\u044c"},{"name":"\u0421\u0418\u041f \u0421 4 4\u044595","amount":"0,38","amount_parts":"","unit":"\u043a\u043c","city":"\u0421\u0430\u043d\u043a\u0442-\u041f\u0435\u0442\u0435\u0440\u0431\u0443\u0440\u0433","company_id":"8391","company_name":"\u041e\u041e\u041e \u0421\u041a\u041a"},{"name":"\u0421\u0418\u041f-1 3\u044516+1\u044525","amount":"0,114","amount_parts":"","unit":"\u043a\u043c","city":"\u041f\u0430\u0432\u043b\u043e\u0434\u0430\u0440","company_id":"7464","company_name":"\u0410\u041e \"\u041a\u0430\u0437\u044d\u043d\u0435\u0440\u0433\u043e\u043a\u0430\u0431\u0435\u043b\u044c\""},{"name":"\u0421\u0418\u041f-1 3\u044535+ 1\u044550-0,6\/1","amount":"0,25","amount_parts":"","unit":"\u043a\u043c","city":"\u0425\u0430\u0431\u0430\u0440\u043e\u0432\u0441\u043a","company_id":"4556","company_name":"\u041e\u0410\u041e \u0410\u043c\u0443\u0440\u0441\u043a\u0438\u0439 \u043a\u0430\u0431\u0435\u043b\u044c\u043d\u044b\u0439 \u0437\u0430\u0432\u043e\u0434"},{"name":"\u0421\u0418\u041f-1 3\u044550+1\u044550","amount":"0,002","amount_parts":"","unit":"\u043a\u043c","city":"\u041f\u0430\u0432\u043b\u043e\u0434\u0430\u0440","company_id":"7464","company_name":"\u0410\u041e \"\u041a\u0430\u0437\u044d\u043d\u0435\u0440\u0433\u043e\u043a\u0430\u0431\u0435\u043b\u044c\""},{"name":"\u0421\u0418\u041f-1 3\u044550+1\u044570","amount":"0,876","amount_parts":"","unit":"\u043a\u043c","city":"\u0410\u0440\u0445\u0430\u043d\u0433\u0435\u043b\u044c\u0441\u043a","company_id":"20371","company_name":"\u041e\u041e\u041e \u042d\u043d\u0435\u0440\u0433\u043e\u0440\u0435\u0441\u0443\u0440\u0441"},{"name":"\u0421\u0418\u041f-1 3\u044570+1\u044570","amount":"2,127","amount_parts":"0,1; 0,374; 0,063; 0,86; 0,73; ","unit":"\u043a\u043c","city":"\u041f\u0435\u0440\u043c\u044c","company_id":"17640","company_name":"\u041e\u041e\u041e \"\u0415\u0432\u0440\u043e\u0441\u0442\u0440\u043e\u0439\""},{"name":"\u0421\u0418\u041f-1 3\u044570+1\u044570","amount":"2,455","amount_parts":"0,12; 0,723; 0,853; 0,703; 0,056; ","unit":"\u043a\u043c","city":"\u041f\u0435\u0440\u043c\u044c","company_id":"10969","company_name":"\u041e\u041e\u041e \u0410\u0428\u0422\u0420\u0415\u0412\u0415\u041b"},{"name":"\u0421\u0418\u041f-1 3\u044570+1\u044570","amount":"2,463","amount_parts":"0.1; 0.86; 0.73; 0.71; 0.063; ","unit":"\u043a\u043c","city":"\u041f\u0435\u0440\u043c\u044c","company_id":"3601","company_name":"\u041e\u041e\u041e \"\u0422\u041c\u041a-\u042d\u041d\u0415\u0420\u0413\u041e\""}],"performedDatetime":"2014-05-06T10:10:21Z","authStatus":"0","accessDateEnd":"2014-10-10"}
=====
Query:
performedDatetime: 2014-05-06 10:10:24  0000
action: get_company_data
sklad_user: scand
appleId: 9AD73621-D61A-415E-956C-8F3715F44377
sklad_hash: 4af9991ec88dc5f3b44b6bf244126d8d
company_id: 15976

=====
Response:
{"action":"get_company_data","code":0,"data":{"company_id":15976,"title":"\u041e\u041e\u041e \u041a\u0430\u0431\u0435\u043b\u044c\u043d\u0430\u044f \u043a\u043e\u043c\u043f\u0430\u043d\u0438\u044f \u042d\u0420\u041c\u0410\u041d\u041e","city":"\u041c\u043e\u0441\u043a\u0432\u0430","address":"115088, \u0420\u043e\u0441\u0441\u0438\u044f, \u041c\u043e\u0441\u043a\u0432\u0430, \u0443\u043b. \u0423\u0433\u0440\u0435\u0448\u0441\u043a\u0430\u044f, \u0434. 3\u0411, \u0441\u0442\u0440. 4","phone":"8-915-465-99-84...84955448422","email":"vemir@mail.ru","url":"http:\/\/www.ermano.ru","contact":"\u0412\u0435\u043c\u0438\u0440 \u0410\u0441\u0430\u0442\u0440\u044f\u043d","goods_count":"340","last_update":"06.05.2014"},"performedDatetime":"2014-05-06T10:10:25Z","authStatus":"0","accessDateEnd":"2014-10-10"}
=====
Query:
performedDatetime: 2014-05-06 10:10:38  0000
action: get_company_data
sklad_user: scand
appleId: 9AD73621-D61A-415E-956C-8F3715F44377
sklad_hash: 4af9991ec88dc5f3b44b6bf244126d8d
company_id: 11082

=====
Response:
{"action":"get_company_data","code":0,"data":{"company_id":11082,"title":"\u041e\u041e\u041e \u0421\u0442\u0440\u043e\u0439\u043a\u0430\u0431\u0435\u043b\u044c","city":"\u041f\u0435\u0440\u043c\u044c","address":"614030, \u0433. \u041f\u0435\u0440\u043c\u044c, \u0443\u043b. \u0420\u0435\u043f\u0438\u043d\u0430, 31","phone":"8 342 274 29 32","email":"krasnoselskih@bk.ru","url":"http:\/\/www.stroikabel.ru","contact":"\u041a\u0440\u0430\u0441\u043d\u043e\u0441\u0435\u043b\u044c\u0441\u043a\u0438\u0445 \u0410\u043b\u0435\u043a\u0441\u0430\u043d\u0434\u0440 \u0412\u0430\u043b\u0435\u0440\u044c\u0435\u0432\u0438\u0447","goods_count":"994","last_update":"28.04.2014"},"performedDatetime":"2014-05-06T10:10:39Z","authStatus":"0","accessDateEnd":"2014-10-10"}
=====
Query:
performedDatetime: 2014-05-06 10:10:46  0000
action: get_goods_data
sklad_user: scand
appleId: 9AD73621-D61A-415E-956C-8F3715F44377
sklad_hash: 4af9991ec88dc5f3b44b6bf244126d8d
searchTerm: Сип
resultsFrom: 2
sort: 0
cityFilter: 

=====
Response:
{"action":"get_goods_data","searchTerm":"\u0421\u0438\u043f","resultsFrom":2,"sort":0,"cityFilter":"","code":0,"resultsCount":"1668","data":[{"name":"\u0421\u0418\u041f 2\u0410 3\u044550+1\u044554, 6-1","amount":"0,01","amount_parts":"","unit":"\u043a\u043c","city":"\u041c\u043e\u0441\u043a\u0432\u0430","company_id":"19425","company_name":"\u041e\u0410\u041e \"\u041f\u0441\u043a\u043e\u0432\u0441\u043a\u0438\u0439 \u043a\u0430\u0431\u0435\u043b\u044c\u043d\u044b\u0439 \u0437\u0430\u0432\u043e\u0434\""},{"name":"\u0421\u0418\u041f 2\u0410 3\u044550+1\u044554, 6-1","amount":"0,01","amount_parts":"","unit":"\u043a\u043c","city":"\u041c\u043e\u0441\u043a\u0432\u0430","company_id":"8168","company_name":"\u041e\u041e\u041e \u00ab\u0422\u0435\u0445\u043d\u043e\u043a\u0430\u0431\u0435\u043b\u044c \u041c\u00bb \u041c\u043e\u0441\u043a\u0432\u0430"},{"name":"\u0421\u0418\u041f 2\u0410 4\u044516","amount":"0,228","amount_parts":"","unit":"\u043a\u043c","city":"\u041f\u0435\u0440\u043c\u044c","company_id":"17640","company_name":"\u041e\u041e\u041e \"\u0415\u0432\u0440\u043e\u0441\u0442\u0440\u043e\u0439\""},{"name":"\u0421\u0418\u041f 2\u0410 4\u044516","amount":"0,093","amount_parts":"","unit":"\u043a\u043c","city":"\u041f\u0435\u0440\u043c\u044c","company_id":"10969","company_name":"\u041e\u041e\u041e \u0410\u0428\u0422\u0420\u0415\u0412\u0415\u041b"},{"name":"\u0421\u0418\u041f 2\u0410 4\u044516","amount":"0,228","amount_parts":"","unit":"\u043a\u043c","city":"\u041f\u0435\u0440\u043c\u044c","company_id":"3601","company_name":"\u041e\u041e\u041e \"\u0422\u041c\u041a-\u042d\u041d\u0415\u0420\u0413\u041e\""},{"name":"\u0421\u0418\u041f 2\u044516 \u0441\u0430\u043c\u043e\u043d\u0435\u0441\u0443\u0449\u0438\u0439 \u0438\u0437\u043e\u043b\u0438\u0440\u043e\u0432\u0430\u043d\u043d\u044b\u0439","amount":"40","amount_parts":"","unit":"\u043a\u043c","city":"\u0421\u0430\u043d\u043a\u0442-\u041f\u0435\u0442\u0435\u0440\u0431\u0443\u0440\u0433","company_id":"16031","company_name":"\u041e\u041e\u041e \u0412\u0435\u0440\u043a\u043e\u043d"},{"name":"\u0421\u0418\u041f 3\u044525+1\u044554,6","amount":"0,4","amount_parts":"","unit":"\u043a\u043c","city":"\u041c\u043e\u0441\u043a\u0432\u0430","company_id":"15976","company_name":"\u041e\u041e\u041e \u041a\u0430\u0431\u0435\u043b\u044c\u043d\u0430\u044f \u043a\u043e\u043c\u043f\u0430\u043d\u0438\u044f \u042d\u0420\u041c\u0410\u041d\u041e"},{"name":"\u0421\u0418\u041f 3\u044550+54,6","amount":"0,016","amount_parts":"","unit":"\u043a\u043c","city":"\u041a\u0440\u0430\u0441\u043d\u043e\u0434\u0430\u0440","company_id":"13148","company_name":"\u041e\u041e\u041e \u0418\u043d\u0442\u0435\u0440\u043a\u043e\u043c"},{"name":"\u0421\u0418\u041f 3\u044570+70","amount":"0,048","amount_parts":"","unit":"\u043a\u043c","city":"\u041a\u0440\u0430\u0441\u043d\u043e\u0434\u0430\u0440","company_id":"13148","company_name":"\u041e\u041e\u041e \u0418\u043d\u0442\u0435\u0440\u043a\u043e\u043c"},{"name":"\u0421\u0418\u041f 4\u044516 \u0441\u0430\u043c\u043e\u043d\u0435\u0441\u0443\u0449\u0438\u0439 \u0438\u0437\u043e\u043b\u0438\u0440\u043e\u0432\u0430\u043d\u043d\u044b\u0439","amount":"40","amount_parts":"","unit":"\u043a\u043c","city":"\u0421\u0430\u043d\u043a\u0442-\u041f\u0435\u0442\u0435\u0440\u0431\u0443\u0440\u0433","company_id":"16031","company_name":"\u041e\u041e\u041e \u0412\u0435\u0440\u043a\u043e\u043d"},{"name":"\u0421\u0418\u041f 4\u044570","amount":"0,257","amount_parts":"","unit":"\u043a\u043c","city":"\u041f\u0435\u0440\u043c\u044c","company_id":"11082","company_name":"\u041e\u041e\u041e \u0421\u0442\u0440\u043e\u0439\u043a\u0430\u0431\u0435\u043b\u044c"},{"name":"\u0421\u0418\u041f \u0421 4 4\u044595","amount":"0,38","amount_parts":"","unit":"\u043a\u043c","city":"\u0421\u0430\u043d\u043a\u0442-\u041f\u0435\u0442\u0435\u0440\u0431\u0443\u0440\u0433","company_id":"8391","company_name":"\u041e\u041e\u041e \u0421\u041a\u041a"},{"name":"\u0421\u0418\u041f-1 3\u044516+1\u044525","amount":"0,114","amount_parts":"","unit":"\u043a\u043c","city":"\u041f\u0430\u0432\u043b\u043e\u0434\u0430\u0440","company_id":"7464","company_name":"\u0410\u041e \"\u041a\u0430\u0437\u044d\u043d\u0435\u0440\u0433\u043e\u043a\u0430\u0431\u0435\u043b\u044c\""},{"name":"\u0421\u0418\u041f-1 3\u044535+ 1\u044550-0,6\/1","amount":"0,25","amount_parts":"","unit":"\u043a\u043c","city":"\u0425\u0430\u0431\u0430\u0440\u043e\u0432\u0441\u043a","company_id":"4556","company_name":"\u041e\u0410\u041e \u0410\u043c\u0443\u0440\u0441\u043a\u0438\u0439 \u043a\u0430\u0431\u0435\u043b\u044c\u043d\u044b\u0439 \u0437\u0430\u0432\u043e\u0434"},{"name":"\u0421\u0418\u041f-1 3\u044550+1\u044550","amount":"0,002","amount_parts":"","unit":"\u043a\u043c","city":"\u041f\u0430\u0432\u043b\u043e\u0434\u0430\u0440","company_id":"7464","company_name":"\u0410\u041e \"\u041a\u0430\u0437\u044d\u043d\u0435\u0440\u0433\u043e\u043a\u0430\u0431\u0435\u043b\u044c\""},{"name":"\u0421\u0418\u041f-1 3\u044550+1\u044570","amount":"0,876","amount_parts":"","unit":"\u043a\u043c","city":"\u0410\u0440\u0445\u0430\u043d\u0433\u0435\u043b\u044c\u0441\u043a","company_id":"20371","company_name":"\u041e\u041e\u041e \u042d\u043d\u0435\u0440\u0433\u043e\u0440\u0435\u0441\u0443\u0440\u0441"},{"name":"\u0421\u0418\u041f-1 3\u044570+1\u044570","amount":"2,127","amount_parts":"0,1; 0,374; 0,063; 0,86; 0,73; ","unit":"\u043a\u043c","city":"\u041f\u0435\u0440\u043c\u044c","company_id":"17640","company_name":"\u041e\u041e\u041e \"\u0415\u0432\u0440\u043e\u0441\u0442\u0440\u043e\u0439\""},{"name":"\u0421\u0418\u041f-1 3\u044570+1\u044570","amount":"2,455","amount_parts":"0,12; 0,723; 0,853; 0,703; 0,056; ","unit":"\u043a\u043c","city":"\u041f\u0435\u0440\u043c\u044c","company_id":"10969","company_name":"\u041e\u041e\u041e \u0410\u0428\u0422\u0420\u0415\u0412\u0415\u041b"},{"name":"\u0421\u0418\u041f-1 3\u044570+1\u044570","amount":"2,463","amount_parts":"0.1; 0.86; 0.73; 0.71; 0.063; ","unit":"\u043a\u043c","city":"\u041f\u0435\u0440\u043c\u044c","company_id":"3601","company_name":"\u041e\u041e\u041e \"\u0422\u041c\u041a-\u042d\u041d\u0415\u0420\u0413\u041e\""},{"name":"\u0421\u0418\u041f-1\u0410 3\u044535+1\u044550","amount":"0,162","amount_parts":"","unit":"\u043a\u043c","city":"\u041c\u043e\u0441\u043a\u0432\u0430","company_id":"22412","company_name":"\u041e\u041e\u041e \u041a\u041e\u0420\u041f\u041e\u0420\u0410\u0426\u0418\u042f \u0411\u0430\u043b\u0442\u041f\u0440\u043e\u043c\u041a\u043e\u043c\u043f\u043b\u0435\u043a\u0442"}],"performedDatetime":"2014-05-06T10:10:47Z","authStatus":"0","accessDateEnd":"2014-10-10"}
=====
Query:
performedDatetime: 2014-05-06 10:11:07  0000
action: check_user_rights
sklad_user: scand
appleId: 9AD73621-D61A-415E-956C-8F3715F44377
sklad_hash: 4af9991ec88dc5f3b44b6bf244126d8d

=====
Response:
{"action":"check_user_rights","code":0,"performedDatetime":"2014-05-06T10:11:08Z","authStatus":"0","accessDateEnd":"2014-10-10"}
=====
Query:
performedDatetime: 2014-05-06 10:11:27  0000
action: get_goods_data
sklad_user: scand
appleId: 9AD73621-D61A-415E-956C-8F3715F44377
sklad_hash: 4af9991ec88dc5f3b44b6bf244126d8d
searchTerm: Аввг
resultsFrom: 0
sort: 0
cityFilter: 

=====
Response:
{"action":"get_goods_data","searchTerm":"\u0410\u0432\u0432\u0433","resultsFrom":0,"sort":0,"cityFilter":"","code":0,"resultsCount":"2712","data":[{"name":"\u0410\u0412\u0412\u0413 (\u0431\u0435\u043b) 2\u04454,0","amount":"1,16","amount_parts":"","unit":"\u043a\u043c","city":"\u041c\u043e\u0441\u043a\u0432\u0430","company_id":"15976","company_name":"\u041e\u041e\u041e \u041a\u0430\u0431\u0435\u043b\u044c\u043d\u0430\u044f \u043a\u043e\u043c\u043f\u0430\u043d\u0438\u044f \u042d\u0420\u041c\u0410\u041d\u041e"},{"name":"\u0410\u0412\u0412\u0413 (\u0431\u0435\u043b) 3\u04452,5","amount":"8,601","amount_parts":"","unit":"\u043a\u043c","city":"\u041c\u043e\u0441\u043a\u0432\u0430","company_id":"15976","company_name":"\u041e\u041e\u041e \u041a\u0430\u0431\u0435\u043b\u044c\u043d\u0430\u044f \u043a\u043e\u043c\u043f\u0430\u043d\u0438\u044f \u042d\u0420\u041c\u0410\u041d\u041e"},{"name":"\u0410\u0412\u0412\u0413 (\u043c\u0436) 3\u044550","amount":"0,185","amount_parts":"","unit":"\u043a\u043c","city":"\u041c\u043e\u0441\u043a\u0432\u0430","company_id":"15976","company_name":"\u041e\u041e\u041e \u041a\u0430\u0431\u0435\u043b\u044c\u043d\u0430\u044f \u043a\u043e\u043c\u043f\u0430\u043d\u0438\u044f \u042d\u0420\u041c\u0410\u041d\u041e"},{"name":"\u0410\u0412\u0412\u0413 (\u043c\u043d) 4\u044595","amount":"2,348","amount_parts":"2,309; 0,039; ","unit":"\u043a\u043c","city":"\u041c\u043e\u0441\u043a\u0432\u0430","company_id":"22444","company_name":"\u041e\u041e\u041e \u0422-\u0422\u041e\u0420\u0413 \u0441\u043d\u0430\u0431\u0436\u0435\u043d\u0438\u0435"},{"name":"\u0410\u0412\u0412\u0413 (\u043e\u0436) 4\u0445120","amount":"0,047","amount_parts":"","unit":"\u043a\u043c","city":"\u041c\u043e\u0441\u043a\u0432\u0430","company_id":"22444","company_name":"\u041e\u041e\u041e \u0422-\u0422\u041e\u0420\u0413 \u0441\u043d\u0430\u0431\u0436\u0435\u043d\u0438\u0435"},{"name":"\u0410\u0412\u0412\u0413 (\u043e\u0436) 4\u044516","amount":"1,361","amount_parts":"1,022; 0,339; ","unit":"\u043a\u043c","city":"\u041c\u043e\u0441\u043a\u0432\u0430","company_id":"22444","company_name":"\u041e\u041e\u041e \u0422-\u0422\u041e\u0420\u0413 \u0441\u043d\u0430\u0431\u0436\u0435\u043d\u0438\u0435"},{"name":"\u0410\u0412\u0412\u0413 (\u043e\u0436) 4\u044525","amount":"0,373","amount_parts":"","unit":"\u043a\u043c","city":"\u041c\u043e\u0441\u043a\u0432\u0430","company_id":"22444","company_name":"\u041e\u041e\u041e \u0422-\u0422\u041e\u0420\u0413 \u0441\u043d\u0430\u0431\u0436\u0435\u043d\u0438\u0435"},{"name":"\u0410\u0412\u0412\u0413 (\u043e\u0436) 4\u044535","amount":"0,044","amount_parts":"","unit":"\u043a\u043c","city":"\u041c\u043e\u0441\u043a\u0432\u0430","company_id":"22444","company_name":"\u041e\u041e\u041e \u0422-\u0422\u041e\u0420\u0413 \u0441\u043d\u0430\u0431\u0436\u0435\u043d\u0438\u0435"},{"name":"\u0410\u0412\u0412\u0413 (\u043e\u0436) 4\u04456","amount":"0,178","amount_parts":"","unit":"\u043a\u043c","city":"\u041c\u043e\u0441\u043a\u0432\u0430","company_id":"22444","company_name":"\u041e\u041e\u041e \u0422-\u0422\u041e\u0420\u0413 \u0441\u043d\u0430\u0431\u0436\u0435\u043d\u0438\u0435"},{"name":"\u0410\u0412\u0412\u0413 (\u043e\u0436) 4\u044570","amount":"0,086","amount_parts":"","unit":"\u043a\u043c","city":"\u041c\u043e\u0441\u043a\u0432\u0430","company_id":"22444","company_name":"\u041e\u041e\u041e \u0422-\u0422\u041e\u0420\u0413 \u0441\u043d\u0430\u0431\u0436\u0435\u043d\u0438\u0435"},{"name":"\u0410\u0412\u0412\u0413 (\u043e\u0436) 4\u044595","amount":"0,178","amount_parts":"","unit":"\u043a\u043c","city":"\u041c\u043e\u0441\u043a\u0432\u0430","company_id":"22444","company_name":"\u041e\u041e\u041e \u0422-\u0422\u041e\u0420\u0413 \u0441\u043d\u0430\u0431\u0436\u0435\u043d\u0438\u0435"},{"name":"\u0410\u0412\u0412\u0413 (\u043e\u0436) 5\u044550","amount":"0,08","amount_parts":"","unit":"\u043a\u043c","city":"\u041c\u043e\u0441\u043a\u0432\u0430","company_id":"22444","company_name":"\u041e\u041e\u041e \u0422-\u0422\u041e\u0420\u0413 \u0441\u043d\u0430\u0431\u0436\u0435\u043d\u0438\u0435"},{"name":"\u0410\u0412\u0412\u0413 (\u043e\u0436) 5\u044550","amount":"0,03","amount_parts":"","unit":"\u043a\u043c","city":"\u041c\u043e\u0441\u043a\u0432\u0430","company_id":"15976","company_name":"\u041e\u041e\u041e \u041a\u0430\u0431\u0435\u043b\u044c\u043d\u0430\u044f \u043a\u043e\u043c\u043f\u0430\u043d\u0438\u044f \u042d\u0420\u041c\u0410\u041d\u041e"},{"name":"\u0410\u0412\u0412\u0413 (\u0447\u0435\u0440) 3\u04452,5","amount":"0,39","amount_parts":"","unit":"\u043a\u043c","city":"\u041c\u043e\u0441\u043a\u0432\u0430","company_id":"15976","company_name":"\u041e\u041e\u041e \u041a\u0430\u0431\u0435\u043b\u044c\u043d\u0430\u044f \u043a\u043e\u043c\u043f\u0430\u043d\u0438\u044f \u042d\u0420\u041c\u0410\u041d\u041e"},{"name":"\u0410\u0412\u0412\u0413 -\u041f 2\u042510,0","amount":"0,5","amount_parts":"","unit":"\u043a\u043c","city":"\u041c\u043e\u0441\u043a\u0432\u0430","company_id":"65","company_name":"\u041e\u041e\u041e \u0424\u041e\u0420\u0415\u0421 \u0422\u041f\u041a"},{"name":"\u0410\u0412\u0412\u0413 -\u041f 2\u042516,0","amount":"0,3","amount_parts":"","unit":"\u043a\u043c","city":"\u041c\u043e\u0441\u043a\u0432\u0430","company_id":"65","company_name":"\u041e\u041e\u041e \u0424\u041e\u0420\u0415\u0421 \u0422\u041f\u041a"},{"name":"\u0410\u0412\u0412\u0413 -\u041f 2\u04252,5","amount":"0,5","amount_parts":"","unit":"\u043a\u043c","city":"\u041c\u043e\u0441\u043a\u0432\u0430","company_id":"65","company_name":"\u041e\u041e\u041e \u0424\u041e\u0420\u0415\u0421 \u0422\u041f\u041a"},{"name":"\u0410\u0412\u0412\u0413 -\u041f 2\u04254,0","amount":"0,7","amount_parts":"","unit":"\u043a\u043c","city":"\u041c\u043e\u0441\u043a\u0432\u0430","company_id":"65","company_name":"\u041e\u041e\u041e \u0424\u041e\u0420\u0415\u0421 \u0422\u041f\u041a"},{"name":"\u0410\u0412\u0412\u0413 -\u041f 2\u04256,0","amount":"0,4","amount_parts":"","unit":"\u043a\u043c","city":"\u041c\u043e\u0441\u043a\u0432\u0430","company_id":"65","company_name":"\u041e\u041e\u041e \u0424\u041e\u0420\u0415\u0421 \u0422\u041f\u041a"},{"name":"\u0410\u0412\u0412\u0413 -\u041f 3\u042510,0","amount":"0,6","amount_parts":"","unit":"\u043a\u043c","city":"\u041c\u043e\u0441\u043a\u0432\u0430","company_id":"65","company_name":"\u041e\u041e\u041e \u0424\u041e\u0420\u0415\u0421 \u0422\u041f\u041a"}],"performedDatetime":"2014-05-06T10:11:28Z","authStatus":"0","accessDateEnd":"2014-10-10"}
=====
Query:
performedDatetime: 2014-05-06 10:11:36  0000
action: get_goods_data
sklad_user: scand
appleId: 9AD73621-D61A-415E-956C-8F3715F44377
sklad_hash: 4af9991ec88dc5f3b44b6bf244126d8d
searchTerm: Аввг 4х25
resultsFrom: 0
sort: 0
cityFilter: 

=====
Response:
{"action":"get_goods_data","searchTerm":"\u0410\u0432\u0432\u0433 4\u044525","resultsFrom":0,"sort":0,"cityFilter":"","code":0,"resultsCount":"75","data":[{"name":"\u0410\u0412\u0412\u0413 (\u043e\u0436) 4\u044525","amount":"0,373","amount_parts":"","unit":"\u043a\u043c","city":"\u041c\u043e\u0441\u043a\u0432\u0430","company_id":"22444","company_name":"\u041e\u041e\u041e \u0422-\u0422\u041e\u0420\u0413 \u0441\u043d\u0430\u0431\u0436\u0435\u043d\u0438\u0435"},{"name":"\u0410\u0412\u0412\u0413 4x25 (\u043e\u0436)","amount":"0,24","amount_parts":"","unit":"\u043a\u043c","city":"\u041a\u0430\u0437\u0430\u043d\u044c","company_id":"17376","company_name":"\u041e\u041e\u041e \"\u0420\u0438\u0441\u0430\u0440\""},{"name":"\u0410\u0412\u0412\u0413 4\u044525","amount":"9,4956","amount_parts":"","unit":"\u043a\u043c","city":"\u0427\u0435\u0431\u043e\u043a\u0441\u0430\u0440\u044b","company_id":"12137","company_name":"\u041e\u041e\u041e \u041e\u043c\u0435\u0433\u0430"},{"name":"\u0410\u0412\u0412\u0413 4\u044525","amount":"6,466","amount_parts":"","unit":"\u043a\u043c","city":"\u041a\u043e\u043b\u044c\u0447\u0443\u0433\u0438\u043d\u043e","company_id":"4131","company_name":"\u041e\u041e\u041e \"\u041c\u0435\u0442\u041a\u0430\u0431\u0421\u043e\u044e\u0437\""},{"name":"\u0410\u0412\u0412\u0413 4\u044525","amount":"1,45","amount_parts":"","unit":"\u043a\u043c","city":"\u041f\u0435\u0440\u043c\u044c","company_id":"17570","company_name":"\u041e\u041e\u041e \u042d\u043b\u0435\u043a\u0442\u0440\u043e\u0422\u0435\u0445\u041a\u0430\u0431\u0435\u043b\u044c"},{"name":"\u0410\u0412\u0412\u0413 4\u044525","amount":"0,024","amount_parts":"","unit":"\u043a\u043c","city":"\u0423\u0444\u0430","company_id":"8479","company_name":"\u0427\u0430\u0441\u0442\u043d\u0430\u044f \u0421\u041a-\u0423\u0420\u0410\u041b"},{"name":"\u0410\u0412\u0412\u0413 4\u044525","amount":"0,087","amount_parts":"","unit":"\u043a\u043c","city":"\u0421\u0430\u043d\u043a\u0442-\u041f\u0435\u0442\u0435\u0440\u0431\u0443\u0440\u0433","company_id":"3660","company_name":"\u041e\u041e\u041e \u041a\u0430\u0431\u0435\u043b\u044c\u0413\u0440\u0443\u043f\u043f"},{"name":"\u0410\u0412\u0412\u0413 4\u044525","amount":"0,06","amount_parts":"","unit":"\u043a\u043c","city":"\u0427\u0435\u043b\u044f\u0431\u0438\u043d\u0441\u043a","company_id":"12417","company_name":"\u041e\u041e\u041e \u042e\u0436\u0423\u0440\u0430\u043b\u042d\u043b\u0435\u043a\u0442\u0440\u043e\u041a\u0430\u0431\u0435\u043b\u044c"},{"name":"\u0410\u0412\u0412\u0413 4\u044525","amount":"0,09","amount_parts":"0.018; 0.072; ","unit":"\u043a\u043c","city":"\u041f\u0435\u0440\u043c\u044c","company_id":"18149","company_name":"\u041e\u041e\u041e \u041f\u0440\u043e\u043c\u0422\u042d\u041a"},{"name":"\u0410\u0412\u0412\u0413 4\u044525","amount":"0,25","amount_parts":"","unit":"\u043a\u043c","city":"\u041c\u043e\u0441\u043a\u0432\u0430","company_id":"22412","company_name":"\u041e\u041e\u041e \u041a\u041e\u0420\u041f\u041e\u0420\u0410\u0426\u0418\u042f \u0411\u0430\u043b\u0442\u041f\u0440\u043e\u043c\u041a\u043e\u043c\u043f\u043b\u0435\u043a\u0442"},{"name":"\u0410\u0412\u0412\u0413 4\u044525","amount":"1,245","amount_parts":"","unit":"\u043a\u043c","city":"\u0433. \u041a\u0438\u0440\u043e\u0432","company_id":"19098","company_name":"\u041e\u041e\u041e \u0413\u0440\u043e\u0441\u0441-\u042d\u043b\u0435\u043a\u0442\u0440\u043e"},{"name":"\u0410\u0412\u0412\u0413 4\u044525","amount":"0,06","amount_parts":"0,045; 0,015; ","unit":"\u043a\u043c","city":"\u041c\u043e\u0441\u043a\u0432\u0430","company_id":"22444","company_name":"\u041e\u041e\u041e \u0422-\u0422\u041e\u0420\u0413 \u0441\u043d\u0430\u0431\u0436\u0435\u043d\u0438\u0435"},{"name":"\u0410\u0412\u0412\u0413 4\u044525","amount":"0,06","amount_parts":"","unit":"\u043a\u043c","city":"\u0427\u0435\u043b\u044f\u0431\u0438\u043d\u0441\u043a","company_id":"17324","company_name":"\u042e\u0423\u042d\u041a"},{"name":"\u0410\u0412\u0412\u0413 4\u044525","amount":"0,1","amount_parts":"","unit":"\u043a\u043c","city":"\u0421\u0430\u043c\u0430\u0440\u0430","company_id":"15502","company_name":"\u041e\u041e\u041e \u041f\u0430\u0440\u0438\u0442\u0435\u0442"},{"name":"\u0410\u0412\u0412\u0413 4\u044525","amount":"0,24","amount_parts":"","unit":"\u043a\u043c","city":"\u041f\u0435\u0440\u043c\u044c","company_id":"11082","company_name":"\u041e\u041e\u041e \u0421\u0442\u0440\u043e\u0439\u043a\u0430\u0431\u0435\u043b\u044c"},{"name":"\u0410\u0412\u0412\u0413 4\u044525","amount":"0,16","amount_parts":"0,15; 0,01; ","unit":"\u043a\u043c","city":"\u0420\u0435\u0443\u0442\u043e\u0432","company_id":"372","company_name":"\u041f\u0420\u0415\u0421\u0421\u041a\u041e"},{"name":"\u0410\u0412\u0412\u0413 4\u044525","amount":"0,315","amount_parts":"","unit":"\u043a\u043c","city":"\u0410\u0440\u0445\u0430\u043d\u0433\u0435\u043b\u044c\u0441\u043a","company_id":"20371","company_name":"\u041e\u041e\u041e \u042d\u043d\u0435\u0440\u0433\u043e\u0440\u0435\u0441\u0443\u0440\u0441"},{"name":"\u0410\u0412\u0412\u0413 4\u044525","amount":"0,03","amount_parts":"","unit":"\u043a\u043c","city":"\u042f\u0440\u043e\u0441\u043b\u0430\u0432\u043b\u044c","company_id":"9501","company_name":"\u041e\u041e\u041e \u0410\u043b\u044c\u0444\u0430\u0442\u0435\u0445"},{"name":"\u0410\u0412\u0412\u0413 4\u044525","amount":"0,209","amount_parts":"","unit":"\u043a\u043c","city":"\u041f\u0435\u0440\u043c\u044c","company_id":"17640","company_name":"\u041e\u041e\u041e \"\u0415\u0432\u0440\u043e\u0441\u0442\u0440\u043e\u0439\""},{"name":"\u0410\u0412\u0412\u0413 4\u044525","amount":"0,06","amount_parts":"0,045; 0,015; ","unit":"\u043a\u043c","city":"\u041c\u043e\u0441\u043a\u0432\u0430","company_id":"140","company_name":"\u041e\u041e\u041e \u042d\u0422\u041c\u0421"}],"performedDatetime":"2014-05-06T10:11:37Z","authStatus":"0","accessDateEnd":"2014-10-10"}
=====
Query:
performedDatetime: 2014-05-06 10:11:40  0000
action: get_company_data
sklad_user: scand
appleId: 9AD73621-D61A-415E-956C-8F3715F44377
sklad_hash: 4af9991ec88dc5f3b44b6bf244126d8d
company_id: 8479

=====
Response:
{"action":"get_company_data","code":0,"data":{"company_id":8479,"title":"\u0427\u0430\u0441\u0442\u043d\u0430\u044f \u0421\u041a-\u0423\u0420\u0410\u041b","city":"\u0423\u0444\u0430","address":"450106 \u0433.\u0423\u0444\u0430  \u0430\/\u044f 128","phone":"347 2923293 2923294","email":"sc-ural@mail.ru","url":"http:\/\/www.sc-ural.ru","contact":"\u0411\u0430\u0437\u043b\u043e\u0432\u0430 \u0421\u0432\u0435\u0442\u043b\u0430\u043d\u0430","goods_count":"305","last_update":"05.05.2014"},"performedDatetime":"2014-05-06T10:11:41Z","authStatus":"0","accessDateEnd":"2014-10-10"}
=====
Query:
performedDatetime: 2014-05-06 10:11:48  0000
action: get_company_data
sklad_user: scand
appleId: 9AD73621-D61A-415E-956C-8F3715F44377
sklad_hash: 4af9991ec88dc5f3b44b6bf244126d8d
company_id: 12137

=====
Response:
{"action":"get_company_data","code":0,"data":{"company_id":12137,"title":"\u041e\u041e\u041e \u041e\u043c\u0435\u0433\u0430","city":"\u0427\u0435\u0431\u043e\u043a\u0441\u0430\u0440\u044b","address":"428035 \u0433. \u0427\u0435\u0431\u043e\u043a\u0441\u0430\u0440\u044b \u043f\u0440. \u041c. \u0413\u043e\u0440\u044c\u043a\u043e\u0433\u043e \u0434.43 \u043e\u0444.51 ","phone":"(8352) 37-04-53, (937)3889920","email":"sale@ruscabel.com","url":"http:\/\/ruscabel.com","contact":"\u041e\u0442\u0434\u0435\u043b \u041f\u0440\u043e\u0434\u0430\u0436","goods_count":"545","last_update":"05.05.2014"},"performedDatetime":"2014-05-06T10:11:49Z","authStatus":"0","accessDateEnd":"2014-10-10"}
=====
Query:
performedDatetime: 2014-05-06 10:41:38  0000
action: get_goods_data
sklad_user: scand
appleId: 9AD73621-D61A-415E-956C-8F3715F44377
sklad_hash: 4af9991ec88dc5f3b44b6bf244126d8d
searchTerm: Аввг 4х25
resultsFrom: 1
sort: 0
cityFilter: 

=====
Response:
{"action":"get_goods_data","searchTerm":"\u0410\u0432\u0432\u0433 4\u044525","resultsFrom":1,"sort":0,"cityFilter":"","code":0,"resultsCount":"75","data":[{"name":"\u0410\u0412\u0412\u0413 4x25 (\u043e\u0436)","amount":"0,24","amount_parts":"","unit":"\u043a\u043c","city":"\u041a\u0430\u0437\u0430\u043d\u044c","company_id":"17376","company_name":"\u041e\u041e\u041e \"\u0420\u0438\u0441\u0430\u0440\""},{"name":"\u0410\u0412\u0412\u0413 4\u044525","amount":"9,4956","amount_parts":"","unit":"\u043a\u043c","city":"\u0427\u0435\u0431\u043e\u043a\u0441\u0430\u0440\u044b","company_id":"12137","company_name":"\u041e\u041e\u041e \u041e\u043c\u0435\u0433\u0430"},{"name":"\u0410\u0412\u0412\u0413 4\u044525","amount":"6,466","amount_parts":"","unit":"\u043a\u043c","city":"\u041a\u043e\u043b\u044c\u0447\u0443\u0433\u0438\u043d\u043e","company_id":"4131","company_name":"\u041e\u041e\u041e \"\u041c\u0435\u0442\u041a\u0430\u0431\u0421\u043e\u044e\u0437\""},{"name":"\u0410\u0412\u0412\u0413 4\u044525","amount":"1,45","amount_parts":"","unit":"\u043a\u043c","city":"\u041f\u0435\u0440\u043c\u044c","company_id":"17570","company_name":"\u041e\u041e\u041e \u042d\u043b\u0435\u043a\u0442\u0440\u043e\u0422\u0435\u0445\u041a\u0430\u0431\u0435\u043b\u044c"},{"name":"\u0410\u0412\u0412\u0413 4\u044525","amount":"0,024","amount_parts":"","unit":"\u043a\u043c","city":"\u0423\u0444\u0430","company_id":"8479","company_name":"\u0427\u0430\u0441\u0442\u043d\u0430\u044f \u0421\u041a-\u0423\u0420\u0410\u041b"},{"name":"\u0410\u0412\u0412\u0413 4\u044525","amount":"0,087","amount_parts":"","unit":"\u043a\u043c","city":"\u0421\u0430\u043d\u043a\u0442-\u041f\u0435\u0442\u0435\u0440\u0431\u0443\u0440\u0433","company_id":"3660","company_name":"\u041e\u041e\u041e \u041a\u0430\u0431\u0435\u043b\u044c\u0413\u0440\u0443\u043f\u043f"},{"name":"\u0410\u0412\u0412\u0413 4\u044525","amount":"0,06","amount_parts":"","unit":"\u043a\u043c","city":"\u0427\u0435\u043b\u044f\u0431\u0438\u043d\u0441\u043a","company_id":"12417","company_name":"\u041e\u041e\u041e \u042e\u0436\u0423\u0440\u0430\u043b\u042d\u043b\u0435\u043a\u0442\u0440\u043e\u041a\u0430\u0431\u0435\u043b\u044c"},{"name":"\u0410\u0412\u0412\u0413 4\u044525","amount":"0,09","amount_parts":"0.018; 0.072; ","unit":"\u043a\u043c","city":"\u041f\u0435\u0440\u043c\u044c","company_id":"18149","company_name":"\u041e\u041e\u041e \u041f\u0440\u043e\u043c\u0422\u042d\u041a"},{"name":"\u0410\u0412\u0412\u0413 4\u044525","amount":"0,25","amount_parts":"","unit":"\u043a\u043c","city":"\u041c\u043e\u0441\u043a\u0432\u0430","company_id":"22412","company_name":"\u041e\u041e\u041e \u041a\u041e\u0420\u041f\u041e\u0420\u0410\u0426\u0418\u042f \u0411\u0430\u043b\u0442\u041f\u0440\u043e\u043c\u041a\u043e\u043c\u043f\u043b\u0435\u043a\u0442"},{"name":"\u0410\u0412\u0412\u0413 4\u044525","amount":"1,245","amount_parts":"","unit":"\u043a\u043c","city":"\u0433. \u041a\u0438\u0440\u043e\u0432","company_id":"19098","company_name":"\u041e\u041e\u041e \u0413\u0440\u043e\u0441\u0441-\u042d\u043b\u0435\u043a\u0442\u0440\u043e"},{"name":"\u0410\u0412\u0412\u0413 4\u044525","amount":"0,06","amount_parts":"0,045; 0,015; ","unit":"\u043a\u043c","city":"\u041c\u043e\u0441\u043a\u0432\u0430","company_id":"22444","company_name":"\u041e\u041e\u041e \u0422-\u0422\u041e\u0420\u0413 \u0441\u043d\u0430\u0431\u0436\u0435\u043d\u0438\u0435"},{"name":"\u0410\u0412\u0412\u0413 4\u044525","amount":"0,06","amount_parts":"","unit":"\u043a\u043c","city":"\u0427\u0435\u043b\u044f\u0431\u0438\u043d\u0441\u043a","company_id":"17324","company_name":"\u042e\u0423\u042d\u041a"},{"name":"\u0410\u0412\u0412\u0413 4\u044525","amount":"0,1","amount_parts":"","unit":"\u043a\u043c","city":"\u0421\u0430\u043c\u0430\u0440\u0430","company_id":"15502","company_name":"\u041e\u041e\u041e \u041f\u0430\u0440\u0438\u0442\u0435\u0442"},{"name":"\u0410\u0412\u0412\u0413 4\u044525","amount":"0,24","amount_parts":"","unit":"\u043a\u043c","city":"\u041f\u0435\u0440\u043c\u044c","company_id":"11082","company_name":"\u041e\u041e\u041e \u0421\u0442\u0440\u043e\u0439\u043a\u0430\u0431\u0435\u043b\u044c"},{"name":"\u0410\u0412\u0412\u0413 4\u044525","amount":"0,16","amount_parts":"0,15; 0,01; ","unit":"\u043a\u043c","city":"\u0420\u0435\u0443\u0442\u043e\u0432","company_id":"372","company_name":"\u041f\u0420\u0415\u0421\u0421\u041a\u041e"},{"name":"\u0410\u0412\u0412\u0413 4\u044525","amount":"0,315","amount_parts":"","unit":"\u043a\u043c","city":"\u0410\u0440\u0445\u0430\u043d\u0433\u0435\u043b\u044c\u0441\u043a","company_id":"20371","company_name":"\u041e\u041e\u041e \u042d\u043d\u0435\u0440\u0433\u043e\u0440\u0435\u0441\u0443\u0440\u0441"},{"name":"\u0410\u0412\u0412\u0413 4\u044525","amount":"0,03","amount_parts":"","unit":"\u043a\u043c","city":"\u042f\u0440\u043e\u0441\u043b\u0430\u0432\u043b\u044c","company_id":"9501","company_name":"\u041e\u041e\u041e \u0410\u043b\u044c\u0444\u0430\u0442\u0435\u0445"},{"name":"\u0410\u0412\u0412\u0413 4\u044525","amount":"0,209","amount_parts":"","unit":"\u043a\u043c","city":"\u041f\u0435\u0440\u043c\u044c","company_id":"17640","company_name":"\u041e\u041e\u041e \"\u0415\u0432\u0440\u043e\u0441\u0442\u0440\u043e\u0439\""},{"name":"\u0410\u0412\u0412\u0413 4\u044525","amount":"0,06","amount_parts":"0,045; 0,015; ","unit":"\u043a\u043c","city":"\u041c\u043e\u0441\u043a\u0432\u0430","company_id":"140","company_name":"\u041e\u041e\u041e \u042d\u0422\u041c\u0421"},{"name":"\u0410\u0412\u0412\u0413 4\u044525","amount":"0,084","amount_parts":"","unit":"\u043a\u043c","city":"\u041c\u043e\u0441\u043a\u0432\u0430","company_id":"4864","company_name":"\u041e\u041e\u041e \u0423\u043d\u0438\u0432\u0435\u0440\u0441\u0438\u0442\u0435\u0442  \u0441\u0435\u0440\u0432\u0438\u0441"}],"performedDatetime":"2014-05-06T10:41:39Z","authStatus":"0","accessDateEnd":"2014-10-10"}
=====
Query:
performedDatetime: 2014-05-06 10:41:46  0000
action: get_goods_data
sklad_user: scand
appleId: 9AD73621-D61A-415E-956C-8F3715F44377
sklad_hash: 4af9991ec88dc5f3b44b6bf244126d8d
searchTerm: Аввг 4х25
resultsFrom: 0
sort: 2
cityFilter: 

=====
Response:
{"action":"get_goods_data","searchTerm":"\u0410\u0432\u0432\u0433 4\u044525","resultsFrom":0,"sort":"2","cityFilter":"","code":0,"resultsCount":"75","data":[{"name":"\u0410\u0412\u0412\u0413 4\u044525 \u0447\u0451\u0440\u043d\u044b\u0439","amount":"0,022","amount_parts":"","unit":"\u043a\u043c","city":"\u0421\u0430\u043d\u043a\u0442-\u041f\u0435\u0442\u0435\u0440\u0431\u0443\u0440\u0433","company_id":"21499","company_name":"\u041f\u0440\u043e\u0445\u043e\u0440\u043e\u0432\u0430 \u041d\u0430\u0434\u0435\u0436\u0434\u0430 \u0421\u0435\u0440\u0433\u0435\u0435\u0432\u043d\u0430"},{"name":"\u0410\u0412\u0412\u0413 4\u044525","amount":"0,024","amount_parts":"","unit":"\u043a\u043c","city":"\u0423\u0444\u0430","company_id":"8479","company_name":"\u0427\u0430\u0441\u0442\u043d\u0430\u044f \u0421\u041a-\u0423\u0420\u0410\u041b"},{"name":"\u0410\u0412\u0412\u0413 4\u044525","amount":"0,03","amount_parts":"","unit":"\u043a\u043c","city":"\u042f\u0440\u043e\u0441\u043b\u0430\u0432\u043b\u044c","company_id":"9501","company_name":"\u041e\u041e\u041e \u0410\u043b\u044c\u0444\u0430\u0442\u0435\u0445"},{"name":"\u0410\u0412\u0412\u0413 4\u044525 \u041e\u0416","amount":"0,03","amount_parts":"","unit":"\u043a\u043c","city":"\u0415\u043a\u0430\u0442\u0435\u0440\u0438\u043d\u0431\u0443\u0440\u0433","company_id":"8456","company_name":"\u041e\u041e\u041e \"\u041f\u0440\u043e\u043c\u042d\u043b\u0435\u043a\u0442\u0440\u043e\u041a\u0430\u0431\u0435\u043b\u044c\""},{"name":"\u0410\u0412\u0412\u0413 4\u044525","amount":"0,032","amount_parts":"","unit":"\u043a\u043c","city":"\u041d\u043e\u0432\u043e\u0441\u0438\u0431\u0438\u0440\u0441\u043a","company_id":"8749","company_name":"\u0417\u0430\u043f\u0441\u0438\u0431\u043a\u0430\u0431\u0435\u043b\u044c"},{"name":"\u0410\u0412\u0412\u0413\u043d\u0433 4\u044525","amount":"0,036","amount_parts":"","unit":"\u043a\u043c","city":"\u041f\u0435\u0440\u043c\u044c","company_id":"18149","company_name":"\u041e\u041e\u041e \u041f\u0440\u043e\u043c\u0422\u042d\u041a"},{"name":"\u0410\u0412\u0412\u0413 4\u044525","amount":"0,06","amount_parts":"","unit":"\u043a\u043c","city":"\u0427\u0435\u043b\u044f\u0431\u0438\u043d\u0441\u043a","company_id":"12417","company_name":"\u041e\u041e\u041e \u042e\u0436\u0423\u0440\u0430\u043b\u042d\u043b\u0435\u043a\u0442\u0440\u043e\u041a\u0430\u0431\u0435\u043b\u044c"},{"name":"\u0410\u0412\u0412\u0413 4\u044525","amount":"0,06","amount_parts":"0,045; 0,015; ","unit":"\u043a\u043c","city":"\u041c\u043e\u0441\u043a\u0432\u0430","company_id":"22444","company_name":"\u041e\u041e\u041e \u0422-\u0422\u041e\u0420\u0413 \u0441\u043d\u0430\u0431\u0436\u0435\u043d\u0438\u0435"},{"name":"\u0410\u0412\u0412\u0413 4\u044525","amount":"0,06","amount_parts":"","unit":"\u043a\u043c","city":"\u0427\u0435\u043b\u044f\u0431\u0438\u043d\u0441\u043a","company_id":"17324","company_name":"\u042e\u0423\u042d\u041a"},{"name":"\u0410\u0412\u0412\u0413 4\u044525","amount":"0,06","amount_parts":"0,045; 0,015; ","unit":"\u043a\u043c","city":"\u041c\u043e\u0441\u043a\u0432\u0430","company_id":"140","company_name":"\u041e\u041e\u041e \u042d\u0422\u041c\u0421"},{"name":"\u0410\u0412\u0412\u0413 4\u044525","amount":"0,084","amount_parts":"","unit":"\u043a\u043c","city":"\u041c\u043e\u0441\u043a\u0432\u0430","company_id":"4864","company_name":"\u041e\u041e\u041e \u0423\u043d\u0438\u0432\u0435\u0440\u0441\u0438\u0442\u0435\u0442  \u0441\u0435\u0440\u0432\u0438\u0441"},{"name":"\u0410\u0412\u0412\u0413 4\u044525","amount":"0,087","amount_parts":"","unit":"\u043a\u043c","city":"\u0421\u0430\u043d\u043a\u0442-\u041f\u0435\u0442\u0435\u0440\u0431\u0443\u0440\u0433","company_id":"3660","company_name":"\u041e\u041e\u041e \u041a\u0430\u0431\u0435\u043b\u044c\u0413\u0440\u0443\u043f\u043f"},{"name":"\u0410\u0412\u0412\u0413 4\u044525","amount":"0,09","amount_parts":"0.018; 0.072; ","unit":"\u043a\u043c","city":"\u041f\u0435\u0440\u043c\u044c","company_id":"18149","company_name":"\u041e\u041e\u041e \u041f\u0440\u043e\u043c\u0422\u042d\u041a"},{"name":"\u0410\u0412\u0412\u0413 4\u044525","amount":"0,1","amount_parts":"","unit":"\u043a\u043c","city":"\u0421\u0430\u043c\u0430\u0440\u0430","company_id":"15502","company_name":"\u041e\u041e\u041e \u041f\u0430\u0440\u0438\u0442\u0435\u0442"},{"name":"\u0410\u0412\u0412\u0413 4\u044525(\u043e\u0436) 0,66 \u043a\u0412","amount":"0,13","amount_parts":"","unit":"\u043a\u043c","city":"\u0421\u0442\u0430\u0440\u044b\u0439 \u041e\u0441\u043a\u043e\u043b","company_id":"8168","company_name":"\u041e\u041e\u041e \u00ab\u0422\u0435\u0445\u043d\u043e\u043a\u0430\u0431\u0435\u043b\u044c \u041c\u00bb \u041c\u043e\u0441\u043a\u0432\u0430"},{"name":"\u0410\u0412\u0412\u0413 4\u044525\u043e\u043a(N)-0,66","amount":"0,145","amount_parts":"","unit":"\u043a\u043c","city":"\u041a\u0440\u0430\u0441\u043d\u043e\u0434\u0430\u0440","company_id":"19805","company_name":"\u041e\u041e\u041e \u0422\u0414 \"\u042e\u0436\u043d\u0430\u044f \u043a\u0430\u0431\u0435\u043b\u044c\u043d\u0430\u044f \u043a\u043e\u043c\u043f\u0430\u043d\u0438\u044f\""},{"name":"\u0410\u0412\u0412\u0413 4\u044525","amount":"0,16","amount_parts":"0,15; 0,01; ","unit":"\u043a\u043c","city":"\u0420\u0435\u0443\u0442\u043e\u0432","company_id":"372","company_name":"\u041f\u0420\u0415\u0421\u0421\u041a\u041e"},{"name":"\u0410\u0412\u0412\u0413 4\u044525(\u043e\u0436) 0,66 \u043a\u0412","amount":"0,1725","amount_parts":"","unit":"\u043a\u043c","city":"\u041c\u043e\u0441\u043a\u0432\u0430","company_id":"19425","company_name":"\u041e\u0410\u041e \"\u041f\u0441\u043a\u043e\u0432\u0441\u043a\u0438\u0439 \u043a\u0430\u0431\u0435\u043b\u044c\u043d\u044b\u0439 \u0437\u0430\u0432\u043e\u0434\""},{"name":"\u0410\u0412\u0412\u0413 4\u044525(\u043e\u0436) 0,66 \u043a\u0412","amount":"0,1725","amount_parts":"","unit":"\u043a\u043c","city":"\u041c\u043e\u0441\u043a\u0432\u0430","company_id":"8168","company_name":"\u041e\u041e\u041e \u00ab\u0422\u0435\u0445\u043d\u043e\u043a\u0430\u0431\u0435\u043b\u044c \u041c\u00bb \u041c\u043e\u0441\u043a\u0432\u0430"},{"name":"\u0410\u0412\u0412\u0413\u043d\u0433 4\u044525","amount":"0,18","amount_parts":"","unit":"\u043a\u043c","city":"\u041a\u043e\u043b\u044c\u0447\u0443\u0433\u0438\u043d\u043e","company_id":"11776","company_name":"\u041e\u041e\u041e \u041a\u0430\u0431\u0435\u043b\u044c\u0422\u043e\u0440\u0433"}],"performedDatetime":"2014-05-06T10:41:47Z","authStatus":"0","accessDateEnd":"2014-10-10"}
=====
Query:
performedDatetime: 2014-05-06 10:41:49  0000
action: get_goods_data
sklad_user: scand
appleId: 9AD73621-D61A-415E-956C-8F3715F44377
sklad_hash: 4af9991ec88dc5f3b44b6bf244126d8d
searchTerm: Аввг 4х25
resultsFrom: 1
sort: 2
cityFilter: 

=====
Response:
{"action":"get_goods_data","searchTerm":"\u0410\u0432\u0432\u0433 4\u044525","resultsFrom":1,"sort":"2","cityFilter":"","code":0,"resultsCount":"75","data":[{"name":"\u0410\u0412\u0412\u0413 4\u044525","amount":"0,024","amount_parts":"","unit":"\u043a\u043c","city":"\u0423\u0444\u0430","company_id":"8479","company_name":"\u0427\u0430\u0441\u0442\u043d\u0430\u044f \u0421\u041a-\u0423\u0420\u0410\u041b"},{"name":"\u0410\u0412\u0412\u0413 4\u044525","amount":"0,03","amount_parts":"","unit":"\u043a\u043c","city":"\u042f\u0440\u043e\u0441\u043b\u0430\u0432\u043b\u044c","company_id":"9501","company_name":"\u041e\u041e\u041e \u0410\u043b\u044c\u0444\u0430\u0442\u0435\u0445"},{"name":"\u0410\u0412\u0412\u0413 4\u044525 \u041e\u0416","amount":"0,03","amount_parts":"","unit":"\u043a\u043c","city":"\u0415\u043a\u0430\u0442\u0435\u0440\u0438\u043d\u0431\u0443\u0440\u0433","company_id":"8456","company_name":"\u041e\u041e\u041e \"\u041f\u0440\u043e\u043c\u042d\u043b\u0435\u043a\u0442\u0440\u043e\u041a\u0430\u0431\u0435\u043b\u044c\""},{"name":"\u0410\u0412\u0412\u0413 4\u044525","amount":"0,032","amount_parts":"","unit":"\u043a\u043c","city":"\u041d\u043e\u0432\u043e\u0441\u0438\u0431\u0438\u0440\u0441\u043a","company_id":"8749","company_name":"\u0417\u0430\u043f\u0441\u0438\u0431\u043a\u0430\u0431\u0435\u043b\u044c"},{"name":"\u0410\u0412\u0412\u0413\u043d\u0433 4\u044525","amount":"0,036","amount_parts":"","unit":"\u043a\u043c","city":"\u041f\u0435\u0440\u043c\u044c","company_id":"18149","company_name":"\u041e\u041e\u041e \u041f\u0440\u043e\u043c\u0422\u042d\u041a"},{"name":"\u0410\u0412\u0412\u0413 4\u044525","amount":"0,06","amount_parts":"","unit":"\u043a\u043c","city":"\u0427\u0435\u043b\u044f\u0431\u0438\u043d\u0441\u043a","company_id":"12417","company_name":"\u041e\u041e\u041e \u042e\u0436\u0423\u0440\u0430\u043b\u042d\u043b\u0435\u043a\u0442\u0440\u043e\u041a\u0430\u0431\u0435\u043b\u044c"},{"name":"\u0410\u0412\u0412\u0413 4\u044525","amount":"0,06","amount_parts":"0,045; 0,015; ","unit":"\u043a\u043c","city":"\u041c\u043e\u0441\u043a\u0432\u0430","company_id":"22444","company_name":"\u041e\u041e\u041e \u0422-\u0422\u041e\u0420\u0413 \u0441\u043d\u0430\u0431\u0436\u0435\u043d\u0438\u0435"},{"name":"\u0410\u0412\u0412\u0413 4\u044525","amount":"0,06","amount_parts":"","unit":"\u043a\u043c","city":"\u0427\u0435\u043b\u044f\u0431\u0438\u043d\u0441\u043a","company_id":"17324","company_name":"\u042e\u0423\u042d\u041a"},{"name":"\u0410\u0412\u0412\u0413 4\u044525","amount":"0,06","amount_parts":"0,045; 0,015; ","unit":"\u043a\u043c","city":"\u041c\u043e\u0441\u043a\u0432\u0430","company_id":"140","company_name":"\u041e\u041e\u041e \u042d\u0422\u041c\u0421"},{"name":"\u0410\u0412\u0412\u0413 4\u044525","amount":"0,084","amount_parts":"","unit":"\u043a\u043c","city":"\u041c\u043e\u0441\u043a\u0432\u0430","company_id":"4864","company_name":"\u041e\u041e\u041e \u0423\u043d\u0438\u0432\u0435\u0440\u0441\u0438\u0442\u0435\u0442  \u0441\u0435\u0440\u0432\u0438\u0441"},{"name":"\u0410\u0412\u0412\u0413 4\u044525","amount":"0,087","amount_parts":"","unit":"\u043a\u043c","city":"\u0421\u0430\u043d\u043a\u0442-\u041f\u0435\u0442\u0435\u0440\u0431\u0443\u0440\u0433","company_id":"3660","company_name":"\u041e\u041e\u041e \u041a\u0430\u0431\u0435\u043b\u044c\u0413\u0440\u0443\u043f\u043f"},{"name":"\u0410\u0412\u0412\u0413 4\u044525","amount":"0,09","amount_parts":"0.018; 0.072; ","unit":"\u043a\u043c","city":"\u041f\u0435\u0440\u043c\u044c","company_id":"18149","company_name":"\u041e\u041e\u041e \u041f\u0440\u043e\u043c\u0422\u042d\u041a"},{"name":"\u0410\u0412\u0412\u0413 4\u044525","amount":"0,1","amount_parts":"","unit":"\u043a\u043c","city":"\u0421\u0430\u043c\u0430\u0440\u0430","company_id":"15502","company_name":"\u041e\u041e\u041e \u041f\u0430\u0440\u0438\u0442\u0435\u0442"},{"name":"\u0410\u0412\u0412\u0413 4\u044525(\u043e\u0436) 0,66 \u043a\u0412","amount":"0,13","amount_parts":"","unit":"\u043a\u043c","city":"\u0421\u0442\u0430\u0440\u044b\u0439 \u041e\u0441\u043a\u043e\u043b","company_id":"8168","company_name":"\u041e\u041e\u041e \u00ab\u0422\u0435\u0445\u043d\u043e\u043a\u0430\u0431\u0435\u043b\u044c \u041c\u00bb \u041c\u043e\u0441\u043a\u0432\u0430"},{"name":"\u0410\u0412\u0412\u0413 4\u044525\u043e\u043a(N)-0,66","amount":"0,145","amount_parts":"","unit":"\u043a\u043c","city":"\u041a\u0440\u0430\u0441\u043d\u043e\u0434\u0430\u0440","company_id":"19805","company_name":"\u041e\u041e\u041e \u0422\u0414 \"\u042e\u0436\u043d\u0430\u044f \u043a\u0430\u0431\u0435\u043b\u044c\u043d\u0430\u044f \u043a\u043e\u043c\u043f\u0430\u043d\u0438\u044f\""},{"name":"\u0410\u0412\u0412\u0413 4\u044525","amount":"0,16","amount_parts":"0,15; 0,01; ","unit":"\u043a\u043c","city":"\u0420\u0435\u0443\u0442\u043e\u0432","company_id":"372","company_name":"\u041f\u0420\u0415\u0421\u0421\u041a\u041e"},{"name":"\u0410\u0412\u0412\u0413 4\u044525(\u043e\u0436) 0,66 \u043a\u0412","amount":"0,1725","amount_parts":"","unit":"\u043a\u043c","city":"\u041c\u043e\u0441\u043a\u0432\u0430","company_id":"19425","company_name":"\u041e\u0410\u041e \"\u041f\u0441\u043a\u043e\u0432\u0441\u043a\u0438\u0439 \u043a\u0430\u0431\u0435\u043b\u044c\u043d\u044b\u0439 \u0437\u0430\u0432\u043e\u0434\""},{"name":"\u0410\u0412\u0412\u0413 4\u044525(\u043e\u0436) 0,66 \u043a\u0412","amount":"0,1725","amount_parts":"","unit":"\u043a\u043c","city":"\u041c\u043e\u0441\u043a\u0432\u0430","company_id":"8168","company_name":"\u041e\u041e\u041e \u00ab\u0422\u0435\u0445\u043d\u043e\u043a\u0430\u0431\u0435\u043b\u044c \u041c\u00bb \u041c\u043e\u0441\u043a\u0432\u0430"},{"name":"\u0410\u0412\u0412\u0413\u043d\u0433 4\u044525","amount":"0,18","amount_parts":"","unit":"\u043a\u043c","city":"\u041a\u043e\u043b\u044c\u0447\u0443\u0433\u0438\u043d\u043e","company_id":"11776","company_name":"\u041e\u041e\u041e \u041a\u0430\u0431\u0435\u043b\u044c\u0422\u043e\u0440\u0433"},{"name":"\u0410\u0412\u0412\u0413\u043d\u0433 4\u044525 (\u043e\u0436)-1","amount":"0,18","amount_parts":"","unit":"\u043a\u043c","city":"\u041f\u0430\u0432\u043b\u043e\u0434\u0430\u0440","company_id":"7464","company_name":"\u0410\u041e \"\u041a\u0430\u0437\u044d\u043d\u0435\u0440\u0433\u043e\u043a\u0430\u0431\u0435\u043b\u044c\""}],"performedDatetime":"2014-05-06T10:41:50Z","authStatus":"0","accessDateEnd":"2014-10-10"}
=====
Query:
performedDatetime: 2014-05-06 10:41:55  0000
action: get_goods_data
sklad_user: scand
appleId: 9AD73621-D61A-415E-956C-8F3715F44377
sklad_hash: 4af9991ec88dc5f3b44b6bf244126d8d
searchTerm: Аввг 4х25
resultsFrom: 2
sort: 2
cityFilter: 

=====
Response:
{"action":"get_goods_data","searchTerm":"\u0410\u0432\u0432\u0433 4\u044525","resultsFrom":2,"sort":"2","cityFilter":"","code":0,"resultsCount":"75","data":[{"name":"\u0410\u0412\u0412\u0413 4\u044525","amount":"0,03","amount_parts":"","unit":"\u043a\u043c","city":"\u042f\u0440\u043e\u0441\u043b\u0430\u0432\u043b\u044c","company_id":"9501","company_name":"\u041e\u041e\u041e \u0410\u043b\u044c\u0444\u0430\u0442\u0435\u0445"},{"name":"\u0410\u0412\u0412\u0413 4\u044525 \u041e\u0416","amount":"0,03","amount_parts":"","unit":"\u043a\u043c","city":"\u0415\u043a\u0430\u0442\u0435\u0440\u0438\u043d\u0431\u0443\u0440\u0433","company_id":"8456","company_name":"\u041e\u041e\u041e \"\u041f\u0440\u043e\u043c\u042d\u043b\u0435\u043a\u0442\u0440\u043e\u041a\u0430\u0431\u0435\u043b\u044c\""},{"name":"\u0410\u0412\u0412\u0413 4\u044525","amount":"0,032","amount_parts":"","unit":"\u043a\u043c","city":"\u041d\u043e\u0432\u043e\u0441\u0438\u0431\u0438\u0440\u0441\u043a","company_id":"8749","company_name":"\u0417\u0430\u043f\u0441\u0438\u0431\u043a\u0430\u0431\u0435\u043b\u044c"},{"name":"\u0410\u0412\u0412\u0413\u043d\u0433 4\u044525","amount":"0,036","amount_parts":"","unit":"\u043a\u043c","city":"\u041f\u0435\u0440\u043c\u044c","company_id":"18149","company_name":"\u041e\u041e\u041e \u041f\u0440\u043e\u043c\u0422\u042d\u041a"},{"name":"\u0410\u0412\u0412\u0413 4\u044525","amount":"0,06","amount_parts":"","unit":"\u043a\u043c","city":"\u0427\u0435\u043b\u044f\u0431\u0438\u043d\u0441\u043a","company_id":"12417","company_name":"\u041e\u041e\u041e \u042e\u0436\u0423\u0440\u0430\u043b\u042d\u043b\u0435\u043a\u0442\u0440\u043e\u041a\u0430\u0431\u0435\u043b\u044c"},{"name":"\u0410\u0412\u0412\u0413 4\u044525","amount":"0,06","amount_parts":"0,045; 0,015; ","unit":"\u043a\u043c","city":"\u041c\u043e\u0441\u043a\u0432\u0430","company_id":"22444","company_name":"\u041e\u041e\u041e \u0422-\u0422\u041e\u0420\u0413 \u0441\u043d\u0430\u0431\u0436\u0435\u043d\u0438\u0435"},{"name":"\u0410\u0412\u0412\u0413 4\u044525","amount":"0,06","amount_parts":"","unit":"\u043a\u043c","city":"\u0427\u0435\u043b\u044f\u0431\u0438\u043d\u0441\u043a","company_id":"17324","company_name":"\u042e\u0423\u042d\u041a"},{"name":"\u0410\u0412\u0412\u0413 4\u044525","amount":"0,06","amount_parts":"0,045; 0,015; ","unit":"\u043a\u043c","city":"\u041c\u043e\u0441\u043a\u0432\u0430","company_id":"140","company_name":"\u041e\u041e\u041e \u042d\u0422\u041c\u0421"},{"name":"\u0410\u0412\u0412\u0413 4\u044525","amount":"0,084","amount_parts":"","unit":"\u043a\u043c","city":"\u041c\u043e\u0441\u043a\u0432\u0430","company_id":"4864","company_name":"\u041e\u041e\u041e \u0423\u043d\u0438\u0432\u0435\u0440\u0441\u0438\u0442\u0435\u0442  \u0441\u0435\u0440\u0432\u0438\u0441"},{"name":"\u0410\u0412\u0412\u0413 4\u044525","amount":"0,087","amount_parts":"","unit":"\u043a\u043c","city":"\u0421\u0430\u043d\u043a\u0442-\u041f\u0435\u0442\u0435\u0440\u0431\u0443\u0440\u0433","company_id":"3660","company_name":"\u041e\u041e\u041e \u041a\u0430\u0431\u0435\u043b\u044c\u0413\u0440\u0443\u043f\u043f"},{"name":"\u0410\u0412\u0412\u0413 4\u044525","amount":"0,09","amount_parts":"0.018; 0.072; ","unit":"\u043a\u043c","city":"\u041f\u0435\u0440\u043c\u044c","company_id":"18149","company_name":"\u041e\u041e\u041e \u041f\u0440\u043e\u043c\u0422\u042d\u041a"},{"name":"\u0410\u0412\u0412\u0413 4\u044525","amount":"0,1","amount_parts":"","unit":"\u043a\u043c","city":"\u0421\u0430\u043c\u0430\u0440\u0430","company_id":"15502","company_name":"\u041e\u041e\u041e \u041f\u0430\u0440\u0438\u0442\u0435\u0442"},{"name":"\u0410\u0412\u0412\u0413 4\u044525(\u043e\u0436) 0,66 \u043a\u0412","amount":"0,13","amount_parts":"","unit":"\u043a\u043c","city":"\u0421\u0442\u0430\u0440\u044b\u0439 \u041e\u0441\u043a\u043e\u043b","company_id":"8168","company_name":"\u041e\u041e\u041e \u00ab\u0422\u0435\u0445\u043d\u043e\u043a\u0430\u0431\u0435\u043b\u044c \u041c\u00bb \u041c\u043e\u0441\u043a\u0432\u0430"},{"name":"\u0410\u0412\u0412\u0413 4\u044525\u043e\u043a(N)-0,66","amount":"0,145","amount_parts":"","unit":"\u043a\u043c","city":"\u041a\u0440\u0430\u0441\u043d\u043e\u0434\u0430\u0440","company_id":"19805","company_name":"\u041e\u041e\u041e \u0422\u0414 \"\u042e\u0436\u043d\u0430\u044f \u043a\u0430\u0431\u0435\u043b\u044c\u043d\u0430\u044f \u043a\u043e\u043c\u043f\u0430\u043d\u0438\u044f\""},{"name":"\u0410\u0412\u0412\u0413 4\u044525","amount":"0,16","amount_parts":"0,15; 0,01; ","unit":"\u043a\u043c","city":"\u0420\u0435\u0443\u0442\u043e\u0432","company_id":"372","company_name":"\u041f\u0420\u0415\u0421\u0421\u041a\u041e"},{"name":"\u0410\u0412\u0412\u0413 4\u044525(\u043e\u0436) 0,66 \u043a\u0412","amount":"0,1725","amount_parts":"","unit":"\u043a\u043c","city":"\u041c\u043e\u0441\u043a\u0432\u0430","company_id":"19425","company_name":"\u041e\u0410\u041e \"\u041f\u0441\u043a\u043e\u0432\u0441\u043a\u0438\u0439 \u043a\u0430\u0431\u0435\u043b\u044c\u043d\u044b\u0439 \u0437\u0430\u0432\u043e\u0434\""},{"name":"\u0410\u0412\u0412\u0413 4\u044525(\u043e\u0436) 0,66 \u043a\u0412","amount":"0,1725","amount_parts":"","unit":"\u043a\u043c","city":"\u041c\u043e\u0441\u043a\u0432\u0430","company_id":"8168","company_name":"\u041e\u041e\u041e \u00ab\u0422\u0435\u0445\u043d\u043e\u043a\u0430\u0431\u0435\u043b\u044c \u041c\u00bb \u041c\u043e\u0441\u043a\u0432\u0430"},{"name":"\u0410\u0412\u0412\u0413\u043d\u0433 4\u044525","amount":"0,18","amount_parts":"","unit":"\u043a\u043c","city":"\u041a\u043e\u043b\u044c\u0447\u0443\u0433\u0438\u043d\u043e","company_id":"11776","company_name":"\u041e\u041e\u041e \u041a\u0430\u0431\u0435\u043b\u044c\u0422\u043e\u0440\u0433"},{"name":"\u0410\u0412\u0412\u0413\u043d\u0433 4\u044525 (\u043e\u0436)-1","amount":"0,18","amount_parts":"","unit":"\u043a\u043c","city":"\u041f\u0430\u0432\u043b\u043e\u0434\u0430\u0440","company_id":"7464","company_name":"\u0410\u041e \"\u041a\u0430\u0437\u044d\u043d\u0435\u0440\u0433\u043e\u043a\u0430\u0431\u0435\u043b\u044c\""},{"name":"\u0410\u0412\u0412\u0413\u043d\u0433 4\u044525","amount":"0,199","amount_parts":"","unit":"\u043a\u043c","city":"\u041f\u0435\u0440\u043c\u044c","company_id":"11082","company_name":"\u041e\u041e\u041e \u0421\u0442\u0440\u043e\u0439\u043a\u0430\u0431\u0435\u043b\u044c"}],"performedDatetime":"2014-05-06T10:41:56Z","authStatus":"0","accessDateEnd":"2014-10-10"}
=====
Query:
performedDatetime: 2014-05-06 10:41:58  0000
action: get_goods_data
sklad_user: scand
appleId: 9AD73621-D61A-415E-956C-8F3715F44377
sklad_hash: 4af9991ec88dc5f3b44b6bf244126d8d
searchTerm: Аввг 4х25
resultsFrom: 3
sort: 2
cityFilter: 

=====
Response:
{"action":"get_goods_data","searchTerm":"\u0410\u0432\u0432\u0433 4\u044525","resultsFrom":3,"sort":"2","cityFilter":"","code":0,"resultsCount":"75","data":[{"name":"\u0410\u0412\u0412\u0413 4\u044525 \u041e\u0416","amount":"0,03","amount_parts":"","unit":"\u043a\u043c","city":"\u0415\u043a\u0430\u0442\u0435\u0440\u0438\u043d\u0431\u0443\u0440\u0433","company_id":"8456","company_name":"\u041e\u041e\u041e \"\u041f\u0440\u043e\u043c\u042d\u043b\u0435\u043a\u0442\u0440\u043e\u041a\u0430\u0431\u0435\u043b\u044c\""},{"name":"\u0410\u0412\u0412\u0413 4\u044525","amount":"0,032","amount_parts":"","unit":"\u043a\u043c","city":"\u041d\u043e\u0432\u043e\u0441\u0438\u0431\u0438\u0440\u0441\u043a","company_id":"8749","company_name":"\u0417\u0430\u043f\u0441\u0438\u0431\u043a\u0430\u0431\u0435\u043b\u044c"},{"name":"\u0410\u0412\u0412\u0413\u043d\u0433 4\u044525","amount":"0,036","amount_parts":"","unit":"\u043a\u043c","city":"\u041f\u0435\u0440\u043c\u044c","company_id":"18149","company_name":"\u041e\u041e\u041e \u041f\u0440\u043e\u043c\u0422\u042d\u041a"},{"name":"\u0410\u0412\u0412\u0413 4\u044525","amount":"0,06","amount_parts":"","unit":"\u043a\u043c","city":"\u0427\u0435\u043b\u044f\u0431\u0438\u043d\u0441\u043a","company_id":"12417","company_name":"\u041e\u041e\u041e \u042e\u0436\u0423\u0440\u0430\u043b\u042d\u043b\u0435\u043a\u0442\u0440\u043e\u041a\u0430\u0431\u0435\u043b\u044c"},{"name":"\u0410\u0412\u0412\u0413 4\u044525","amount":"0,06","amount_parts":"0,045; 0,015; ","unit":"\u043a\u043c","city":"\u041c\u043e\u0441\u043a\u0432\u0430","company_id":"22444","company_name":"\u041e\u041e\u041e \u0422-\u0422\u041e\u0420\u0413 \u0441\u043d\u0430\u0431\u0436\u0435\u043d\u0438\u0435"},{"name":"\u0410\u0412\u0412\u0413 4\u044525","amount":"0,06","amount_parts":"","unit":"\u043a\u043c","city":"\u0427\u0435\u043b\u044f\u0431\u0438\u043d\u0441\u043a","company_id":"17324","company_name":"\u042e\u0423\u042d\u041a"},{"name":"\u0410\u0412\u0412\u0413 4\u044525","amount":"0,06","amount_parts":"0,045; 0,015; ","unit":"\u043a\u043c","city":"\u041c\u043e\u0441\u043a\u0432\u0430","company_id":"140","company_name":"\u041e\u041e\u041e \u042d\u0422\u041c\u0421"},{"name":"\u0410\u0412\u0412\u0413 4\u044525","amount":"0,084","amount_parts":"","unit":"\u043a\u043c","city":"\u041c\u043e\u0441\u043a\u0432\u0430","company_id":"4864","company_name":"\u041e\u041e\u041e \u0423\u043d\u0438\u0432\u0435\u0440\u0441\u0438\u0442\u0435\u0442  \u0441\u0435\u0440\u0432\u0438\u0441"},{"name":"\u0410\u0412\u0412\u0413 4\u044525","amount":"0,087","amount_parts":"","unit":"\u043a\u043c","city":"\u0421\u0430\u043d\u043a\u0442-\u041f\u0435\u0442\u0435\u0440\u0431\u0443\u0440\u0433","company_id":"3660","company_name":"\u041e\u041e\u041e \u041a\u0430\u0431\u0435\u043b\u044c\u0413\u0440\u0443\u043f\u043f"},{"name":"\u0410\u0412\u0412\u0413 4\u044525","amount":"0,09","amount_parts":"0.018; 0.072; ","unit":"\u043a\u043c","city":"\u041f\u0435\u0440\u043c\u044c","company_id":"18149","company_name":"\u041e\u041e\u041e \u041f\u0440\u043e\u043c\u0422\u042d\u041a"},{"name":"\u0410\u0412\u0412\u0413 4\u044525","amount":"0,1","amount_parts":"","unit":"\u043a\u043c","city":"\u0421\u0430\u043c\u0430\u0440\u0430","company_id":"15502","company_name":"\u041e\u041e\u041e \u041f\u0430\u0440\u0438\u0442\u0435\u0442"},{"name":"\u0410\u0412\u0412\u0413 4\u044525(\u043e\u0436) 0,66 \u043a\u0412","amount":"0,13","amount_parts":"","unit":"\u043a\u043c","city":"\u0421\u0442\u0430\u0440\u044b\u0439 \u041e\u0441\u043a\u043e\u043b","company_id":"8168","company_name":"\u041e\u041e\u041e \u00ab\u0422\u0435\u0445\u043d\u043e\u043a\u0430\u0431\u0435\u043b\u044c \u041c\u00bb \u041c\u043e\u0441\u043a\u0432\u0430"},{"name":"\u0410\u0412\u0412\u0413 4\u044525\u043e\u043a(N)-0,66","amount":"0,145","amount_parts":"","unit":"\u043a\u043c","city":"\u041a\u0440\u0430\u0441\u043d\u043e\u0434\u0430\u0440","company_id":"19805","company_name":"\u041e\u041e\u041e \u0422\u0414 \"\u042e\u0436\u043d\u0430\u044f \u043a\u0430\u0431\u0435\u043b\u044c\u043d\u0430\u044f \u043a\u043e\u043c\u043f\u0430\u043d\u0438\u044f\""},{"name":"\u0410\u0412\u0412\u0413 4\u044525","amount":"0,16","amount_parts":"0,15; 0,01; ","unit":"\u043a\u043c","city":"\u0420\u0435\u0443\u0442\u043e\u0432","company_id":"372","company_name":"\u041f\u0420\u0415\u0421\u0421\u041a\u041e"},{"name":"\u0410\u0412\u0412\u0413 4\u044525(\u043e\u0436) 0,66 \u043a\u0412","amount":"0,1725","amount_parts":"","unit":"\u043a\u043c","city":"\u041c\u043e\u0441\u043a\u0432\u0430","company_id":"19425","company_name":"\u041e\u0410\u041e \"\u041f\u0441\u043a\u043e\u0432\u0441\u043a\u0438\u0439 \u043a\u0430\u0431\u0435\u043b\u044c\u043d\u044b\u0439 \u0437\u0430\u0432\u043e\u0434\""},{"name":"\u0410\u0412\u0412\u0413 4\u044525(\u043e\u0436) 0,66 \u043a\u0412","amount":"0,1725","amount_parts":"","unit":"\u043a\u043c","city":"\u041c\u043e\u0441\u043a\u0432\u0430","company_id":"8168","company_name":"\u041e\u041e\u041e \u00ab\u0422\u0435\u0445\u043d\u043e\u043a\u0430\u0431\u0435\u043b\u044c \u041c\u00bb \u041c\u043e\u0441\u043a\u0432\u0430"},{"name":"\u0410\u0412\u0412\u0413\u043d\u0433 4\u044525","amount":"0,18","amount_parts":"","unit":"\u043a\u043c","city":"\u041a\u043e\u043b\u044c\u0447\u0443\u0433\u0438\u043d\u043e","company_id":"11776","company_name":"\u041e\u041e\u041e \u041a\u0430\u0431\u0435\u043b\u044c\u0422\u043e\u0440\u0433"},{"name":"\u0410\u0412\u0412\u0413\u043d\u0433 4\u044525 (\u043e\u0436)-1","amount":"0,18","amount_parts":"","unit":"\u043a\u043c","city":"\u041f\u0430\u0432\u043b\u043e\u0434\u0430\u0440","company_id":"7464","company_name":"\u0410\u041e \"\u041a\u0430\u0437\u044d\u043d\u0435\u0440\u0433\u043e\u043a\u0430\u0431\u0435\u043b\u044c\""},{"name":"\u0410\u0412\u0412\u0413\u043d\u0433 4\u044525","amount":"0,199","amount_parts":"","unit":"\u043a\u043c","city":"\u041f\u0435\u0440\u043c\u044c","company_id":"11082","company_name":"\u041e\u041e\u041e \u0421\u0442\u0440\u043e\u0439\u043a\u0430\u0431\u0435\u043b\u044c"},{"name":"\u0410\u0412\u0412\u0413 4\u044525","amount":"0,209","amount_parts":"","unit":"\u043a\u043c","city":"\u041f\u0435\u0440\u043c\u044c","company_id":"17640","company_name":"\u041e\u041e\u041e \"\u0415\u0432\u0440\u043e\u0441\u0442\u0440\u043e\u0439\""}],"performedDatetime":"2014-05-06T10:41:59Z","authStatus":"0","accessDateEnd":"2014-10-10"}
=====
Query:
performedDatetime: 2014-05-06 10:42:04  0000
action: get_goods_data
sklad_user: scand
appleId: 9AD73621-D61A-415E-956C-8F3715F44377
sklad_hash: 4af9991ec88dc5f3b44b6bf244126d8d
searchTerm: Аввг 4х25
resultsFrom: 4
sort: 2
cityFilter: 

=====
Response:
{"action":"get_goods_data","searchTerm":"\u0410\u0432\u0432\u0433 4\u044525","resultsFrom":4,"sort":"2","cityFilter":"","code":0,"resultsCount":"75","data":[{"name":"\u0410\u0412\u0412\u0413 4\u044525","amount":"0,032","amount_parts":"","unit":"\u043a\u043c","city":"\u041d\u043e\u0432\u043e\u0441\u0438\u0431\u0438\u0440\u0441\u043a","company_id":"8749","company_name":"\u0417\u0430\u043f\u0441\u0438\u0431\u043a\u0430\u0431\u0435\u043b\u044c"},{"name":"\u0410\u0412\u0412\u0413\u043d\u0433 4\u044525","amount":"0,036","amount_parts":"","unit":"\u043a\u043c","city":"\u041f\u0435\u0440\u043c\u044c","company_id":"18149","company_name":"\u041e\u041e\u041e \u041f\u0440\u043e\u043c\u0422\u042d\u041a"},{"name":"\u0410\u0412\u0412\u0413 4\u044525","amount":"0,06","amount_parts":"","unit":"\u043a\u043c","city":"\u0427\u0435\u043b\u044f\u0431\u0438\u043d\u0441\u043a","company_id":"12417","company_name":"\u041e\u041e\u041e \u042e\u0436\u0423\u0440\u0430\u043b\u042d\u043b\u0435\u043a\u0442\u0440\u043e\u041a\u0430\u0431\u0435\u043b\u044c"},{"name":"\u0410\u0412\u0412\u0413 4\u044525","amount":"0,06","amount_parts":"0,045; 0,015; ","unit":"\u043a\u043c","city":"\u041c\u043e\u0441\u043a\u0432\u0430","company_id":"22444","company_name":"\u041e\u041e\u041e \u0422-\u0422\u041e\u0420\u0413 \u0441\u043d\u0430\u0431\u0436\u0435\u043d\u0438\u0435"},{"name":"\u0410\u0412\u0412\u0413 4\u044525","amount":"0,06","amount_parts":"","unit":"\u043a\u043c","city":"\u0427\u0435\u043b\u044f\u0431\u0438\u043d\u0441\u043a","company_id":"17324","company_name":"\u042e\u0423\u042d\u041a"},{"name":"\u0410\u0412\u0412\u0413 4\u044525","amount":"0,06","amount_parts":"0,045; 0,015; ","unit":"\u043a\u043c","city":"\u041c\u043e\u0441\u043a\u0432\u0430","company_id":"140","company_name":"\u041e\u041e\u041e \u042d\u0422\u041c\u0421"},{"name":"\u0410\u0412\u0412\u0413 4\u044525","amount":"0,084","amount_parts":"","unit":"\u043a\u043c","city":"\u041c\u043e\u0441\u043a\u0432\u0430","company_id":"4864","company_name":"\u041e\u041e\u041e \u0423\u043d\u0438\u0432\u0435\u0440\u0441\u0438\u0442\u0435\u0442  \u0441\u0435\u0440\u0432\u0438\u0441"},{"name":"\u0410\u0412\u0412\u0413 4\u044525","amount":"0,087","amount_parts":"","unit":"\u043a\u043c","city":"\u0421\u0430\u043d\u043a\u0442-\u041f\u0435\u0442\u0435\u0440\u0431\u0443\u0440\u0433","company_id":"3660","company_name":"\u041e\u041e\u041e \u041a\u0430\u0431\u0435\u043b\u044c\u0413\u0440\u0443\u043f\u043f"},{"name":"\u0410\u0412\u0412\u0413 4\u044525","amount":"0,09","amount_parts":"0.018; 0.072; ","unit":"\u043a\u043c","city":"\u041f\u0435\u0440\u043c\u044c","company_id":"18149","company_name":"\u041e\u041e\u041e \u041f\u0440\u043e\u043c\u0422\u042d\u041a"},{"name":"\u0410\u0412\u0412\u0413 4\u044525","amount":"0,1","amount_parts":"","unit":"\u043a\u043c","city":"\u0421\u0430\u043c\u0430\u0440\u0430","company_id":"15502","company_name":"\u041e\u041e\u041e \u041f\u0430\u0440\u0438\u0442\u0435\u0442"},{"name":"\u0410\u0412\u0412\u0413 4\u044525(\u043e\u0436) 0,66 \u043a\u0412","amount":"0,13","amount_parts":"","unit":"\u043a\u043c","city":"\u0421\u0442\u0430\u0440\u044b\u0439 \u041e\u0441\u043a\u043e\u043b","company_id":"8168","company_name":"\u041e\u041e\u041e \u00ab\u0422\u0435\u0445\u043d\u043e\u043a\u0430\u0431\u0435\u043b\u044c \u041c\u00bb \u041c\u043e\u0441\u043a\u0432\u0430"},{"name":"\u0410\u0412\u0412\u0413 4\u044525\u043e\u043a(N)-0,66","amount":"0,145","amount_parts":"","unit":"\u043a\u043c","city":"\u041a\u0440\u0430\u0441\u043d\u043e\u0434\u0430\u0440","company_id":"19805","company_name":"\u041e\u041e\u041e \u0422\u0414 \"\u042e\u0436\u043d\u0430\u044f \u043a\u0430\u0431\u0435\u043b\u044c\u043d\u0430\u044f \u043a\u043e\u043c\u043f\u0430\u043d\u0438\u044f\""},{"name":"\u0410\u0412\u0412\u0413 4\u044525","amount":"0,16","amount_parts":"0,15; 0,01; ","unit":"\u043a\u043c","city":"\u0420\u0435\u0443\u0442\u043e\u0432","company_id":"372","company_name":"\u041f\u0420\u0415\u0421\u0421\u041a\u041e"},{"name":"\u0410\u0412\u0412\u0413 4\u044525(\u043e\u0436) 0,66 \u043a\u0412","amount":"0,1725","amount_parts":"","unit":"\u043a\u043c","city":"\u041c\u043e\u0441\u043a\u0432\u0430","company_id":"19425","company_name":"\u041e\u0410\u041e \"\u041f\u0441\u043a\u043e\u0432\u0441\u043a\u0438\u0439 \u043a\u0430\u0431\u0435\u043b\u044c\u043d\u044b\u0439 \u0437\u0430\u0432\u043e\u0434\""},{"name":"\u0410\u0412\u0412\u0413 4\u044525(\u043e\u0436) 0,66 \u043a\u0412","amount":"0,1725","amount_parts":"","unit":"\u043a\u043c","city":"\u041c\u043e\u0441\u043a\u0432\u0430","company_id":"8168","company_name":"\u041e\u041e\u041e \u00ab\u0422\u0435\u0445\u043d\u043e\u043a\u0430\u0431\u0435\u043b\u044c \u041c\u00bb \u041c\u043e\u0441\u043a\u0432\u0430"},{"name":"\u0410\u0412\u0412\u0413\u043d\u0433 4\u044525","amount":"0,18","amount_parts":"","unit":"\u043a\u043c","city":"\u041a\u043e\u043b\u044c\u0447\u0443\u0433\u0438\u043d\u043e","company_id":"11776","company_name":"\u041e\u041e\u041e \u041a\u0430\u0431\u0435\u043b\u044c\u0422\u043e\u0440\u0433"},{"name":"\u0410\u0412\u0412\u0413\u043d\u0433 4\u044525 (\u043e\u0436)-1","amount":"0,18","amount_parts":"","unit":"\u043a\u043c","city":"\u041f\u0430\u0432\u043b\u043e\u0434\u0430\u0440","company_id":"7464","company_name":"\u0410\u041e \"\u041a\u0430\u0437\u044d\u043d\u0435\u0440\u0433\u043e\u043a\u0430\u0431\u0435\u043b\u044c\""},{"name":"\u0410\u0412\u0412\u0413\u043d\u0433 4\u044525","amount":"0,199","amount_parts":"","unit":"\u043a\u043c","city":"\u041f\u0435\u0440\u043c\u044c","company_id":"11082","company_name":"\u041e\u041e\u041e \u0421\u0442\u0440\u043e\u0439\u043a\u0430\u0431\u0435\u043b\u044c"},{"name":"\u0410\u0412\u0412\u0413 4\u044525","amount":"0,209","amount_parts":"","unit":"\u043a\u043c","city":"\u041f\u0435\u0440\u043c\u044c","company_id":"17640","company_name":"\u041e\u041e\u041e \"\u0415\u0432\u0440\u043e\u0441\u0442\u0440\u043e\u0439\""},{"name":"\u0410\u0412\u0412\u0413 4\u044525","amount":"0,209","amount_parts":"","unit":"\u043a\u043c","city":"\u041f\u0435\u0440\u043c\u044c","company_id":"3601","company_name":"\u041e\u041e\u041e \"\u0422\u041c\u041a-\u042d\u041d\u0415\u0420\u0413\u041e\""}],"performedDatetime":"2014-05-06T10:42:04Z","authStatus":"0","accessDateEnd":"2014-10-10"}
=====
Query:
performedDatetime: 2014-05-06 10:42:17  0000
action: get_goods_data
sklad_user: scand
appleId: 9AD73621-D61A-415E-956C-8F3715F44377
sklad_hash: 4af9991ec88dc5f3b44b6bf244126d8d
searchTerm: Аввг 4х25
resultsFrom: 0
sort: 3
cityFilter: 

=====
Response:
{"action":"get_goods_data","searchTerm":"\u0410\u0432\u0432\u0433 4\u044525","resultsFrom":0,"sort":"3","cityFilter":"","code":0,"resultsCount":"75","data":[{"name":"\u0410\u0412\u0412\u0413 4\u044525","amount":"9,4956","amount_parts":"","unit":"\u043a\u043c","city":"\u0427\u0435\u0431\u043e\u043a\u0441\u0430\u0440\u044b","company_id":"12137","company_name":"\u041e\u041e\u041e \u041e\u043c\u0435\u0433\u0430"},{"name":"\u0410\u0412\u0412\u0413-0,66 4\u044525 \u043e\u0436","amount":"7,773","amount_parts":"0,314; 0,149; 1,354; 0,999; 1,956; 3,001; ","unit":"\u043a\u043c","city":"\u041f\u0435\u0440\u043c\u044c","company_id":"16985","company_name":"\u041e\u041e\u041e \"\u041d\u043e\u0432\u0440\u0435\u043c\u0434\u043e\u0440\u043c\u0430\u0448\""},{"name":"\u0410\u0412\u0412\u0413 4\u044525","amount":"6,466","amount_parts":"","unit":"\u043a\u043c","city":"\u041a\u043e\u043b\u044c\u0447\u0443\u0433\u0438\u043d\u043e","company_id":"4131","company_name":"\u041e\u041e\u041e \"\u041c\u0435\u0442\u041a\u0430\u0431\u0421\u043e\u044e\u0437\""},{"name":"\u0410\u0412\u0412\u0413 4\u044525 \u043e\u043a-0,66 \u0413\u041e\u0421\u0422-\u0420","amount":"4,363","amount_parts":"","unit":"\u043a\u043c","city":"\u041c\u043e\u0441\u043a\u0432\u0430","company_id":"17486","company_name":"\u041e\u041e\u041e \u042d\u043b\u043a\u043e\u043c-\u042d\u043b\u0435\u043a\u0442\u0440\u043e"},{"name":"\u0410\u0412\u0412\u0413 4\u044525 \u043e\u043a-0,66 \u0413\u041e\u0421\u0422-\u0420","amount":"4,268","amount_parts":"","unit":"\u043a\u043c","city":"\u041c\u043e\u0441\u043a\u0432\u0430","company_id":"90","company_name":"\u042d\u043b\u043a\u043e\u043c-\u042d\u043b\u0435\u043a\u0442\u0440\u043e"},{"name":"\u0410\u0412\u0412\u0413\u043e 4\u044525-380 \u0422\u0423 16.\u041a73.086-2008","amount":"3,442","amount_parts":"0,382; 2,03; 1,03; ","unit":"\u043a\u043c","city":"\u0422\u043e\u043c\u0441\u043a","company_id":"22088","company_name":"\u0425\u043e\u043b\u0434\u0438\u043d\u0433 \u041a\u0430\u0431\u0435\u043b\u044c\u043d\u044b\u0439 \u0410\u043b\u044c\u044f\u043d\u0441"},{"name":"\u0410\u0412\u0412\u0413 4\u044525\u043e\u043a(N)-0,66 \u0422\u0423 16-705.499-2010 (\u0413\u041e\u0421\u0422 \u0420 53769-2010)","amount":"2,967","amount_parts":"0,493; 0,606; 0,298; 1,07; 0,5; ","unit":"\u043a\u043c","city":"\u0422\u043e\u043c\u0441\u043a","company_id":"22088","company_name":"\u0425\u043e\u043b\u0434\u0438\u043d\u0433 \u041a\u0430\u0431\u0435\u043b\u044c\u043d\u044b\u0439 \u0410\u043b\u044c\u044f\u043d\u0441"},{"name":"\u0410\u0412\u0412\u0413 4\u044525 \u043e\u043a-0,66","amount":"2,903","amount_parts":"","unit":"\u043a\u043c","city":"\u041c\u043e\u0441\u043a\u0432\u0430","company_id":"10721","company_name":"\u041e\u041e\u041e \u042d\u043b\u0435\u043a\u0442\u0440\u043e\u041a\u043e\u043c\u043f\u043b\u0435\u043a\u0442 \u0421\u0435\u0440\u0432\u0438\u0441"},{"name":"\u0410\u0412\u0412\u0413\u043d\u0433(\u0410) 4\u044525 \u043e\u043a-0,66","amount":"2,77","amount_parts":"","unit":"\u043a\u043c","city":"\u041c\u043e\u0441\u043a\u0432\u0430","company_id":"10721","company_name":"\u041e\u041e\u041e \u042d\u043b\u0435\u043a\u0442\u0440\u043e\u041a\u043e\u043c\u043f\u043b\u0435\u043a\u0442 \u0421\u0435\u0440\u0432\u0438\u0441"},{"name":"\u0410\u0412\u0412\u0413\u043d\u0433(\u0410) 4\u044525 \u043e\u043a-0,66 \u0413\u041e\u0421\u0422-\u0420","amount":"2,77","amount_parts":"","unit":"\u043a\u043c","city":"\u041c\u043e\u0441\u043a\u0432\u0430","company_id":"17486","company_name":"\u041e\u041e\u041e \u042d\u043b\u043a\u043e\u043c-\u042d\u043b\u0435\u043a\u0442\u0440\u043e"},{"name":"\u0410\u0412\u0412\u0413\u043d\u0433(\u0410) 4\u044525 \u043e\u043a-0,66 \u0413\u041e\u0421\u0422-\u0420","amount":"2,77","amount_parts":"","unit":"\u043a\u043c","city":"\u041c\u043e\u0441\u043a\u0432\u0430","company_id":"90","company_name":"\u042d\u043b\u043a\u043e\u043c-\u042d\u043b\u0435\u043a\u0442\u0440\u043e"},{"name":"\u0410\u0412\u0412\u0413\u043d\u0433-0,66 4\u044525 \u043e\u0436","amount":"2,756","amount_parts":"0,117; 2,639; ","unit":"\u043a\u043c","city":"\u041f\u0435\u0440\u043c\u044c","company_id":"16985","company_name":"\u041e\u041e\u041e \"\u041d\u043e\u0432\u0440\u0435\u043c\u0434\u043e\u0440\u043c\u0430\u0448\""},{"name":"\u0410\u0412\u0412\u0413-0,66 4\u044525 \u043e\u0436","amount":"2,581","amount_parts":"","unit":"\u043a\u043c","city":"\u0415\u043a\u0430\u0442\u0435\u0440\u0438\u043d\u0431\u0443\u0440\u0433","company_id":"16985","company_name":"\u041e\u041e\u041e \"\u041d\u043e\u0432\u0440\u0435\u043c\u0434\u043e\u0440\u043c\u0430\u0448\""},{"name":"\u0410\u0412\u0412\u0413-0,66 4\u044525 \u043e\u0436","amount":"2,581","amount_parts":"","unit":"\u043a\u043c","city":"\u0415\u043a\u0430\u0442\u0435\u0440\u0438\u043d\u0431\u0443\u0440\u0433","company_id":"19089","company_name":"\u041e\u041e\u041e \u041a\u0430\u0431\u0435\u043b\u044c\u043d\u044b\u0439 \u0446\u0435\u043d\u0442\u0440-\u0415\u043a\u0430\u0442\u0435\u0440\u0438\u043d\u0431\u0443\u0440\u0433"},{"name":"\u0410\u0412\u0412\u0413 4\u044525-1","amount":"2,399","amount_parts":"","unit":"\u043a\u043c","city":"\u0427\u0435\u0431\u043e\u043a\u0441\u0430\u0440\u044b","company_id":"266","company_name":"\u041e\u0410\u041e \"\u0417\u0430\u0432\u043e\u0434 \"\u0427\u0443\u0432\u0430\u0448\u043a\u0430\u0431\u0435\u043b\u044c\""},{"name":"\u0410\u0412\u0412\u0413 4\u044525 - 0,66 \u043a\u0412 (\u043e\u0436) (\u043d\u0433)","amount":"1,9","amount_parts":"","unit":"\u043a\u043c","city":"\u0415\u043a\u0430\u0442\u0435\u0440\u0438\u043d\u0431\u0443\u0440\u0433","company_id":"19522","company_name":"\u041e\u041e\u041e  \u0421\u043c-\u041a\u0430\u0431\u0435\u043b\u044c"},{"name":"\u0410\u0412\u0412\u0413 4\u044525\u043e\u0436 0.66 \u043a\u0412","amount":"1,891","amount_parts":"","unit":"\u043a\u043c","city":"\u041d\u043e\u0432\u043e\u0441\u0438\u0431\u0438\u0440\u0441\u043a","company_id":"15992","company_name":"\u041e\u041e\u041e \u042d\u0422\u0421-\u042d\u043b\u0441\u0438\u0441"},{"name":"\u0410\u0412\u0412\u0413 4\u044525 (\u043e\u0436)","amount":"1,85","amount_parts":"","unit":"\u043a\u043c","city":"\u041c\u043e\u0441\u043a\u0432\u0430","company_id":"4290","company_name":"\u041e\u041e\u041e \u0413\u0430\u043b\u043b\u0430-\u041a\u0430\u0431\u0435\u043b\u044c"},{"name":"\u0410\u0412\u0412\u0413 4\u044525\u043c\u043a(N)-1 \u0422\u0423 16-705.499-2010","amount":"1,817","amount_parts":"","unit":"\u043a\u043c","city":"\u0433. \u0422\u0432\u0435\u0440\u044c","company_id":"22749","company_name":"\u041e\u0410\u041e \u0422\u0432\u0435\u0440\u044c\u044d\u043d\u0435\u0440\u0433\u043e\u043a\u0431\u0430\u043b\u0435\u044c"},{"name":"\u0410\u0412\u0412\u0413 4\u044525-0,66 \u0422\u0423 3500-076-21059747-2010","amount":"1,74","amount_parts":"0,75; 0,99; ","unit":"\u043a\u043c","city":"\u041a\u043e\u043b\u044c\u0447\u0443\u0433\u0438\u043d\u043e","company_id":"22088","company_name":"\u0425\u043e\u043b\u0434\u0438\u043d\u0433 \u041a\u0430\u0431\u0435\u043b\u044c\u043d\u044b\u0439 \u0410\u043b\u044c\u044f\u043d\u0441"}],"performedDatetime":"2014-05-06T10:42:17Z","authStatus":"0","accessDateEnd":"2014-10-10"}
=====
Query:
performedDatetime: 2014-05-06 10:42:23  0000
action: get_goods_data
sklad_user: scand
appleId: 9AD73621-D61A-415E-956C-8F3715F44377
sklad_hash: 4af9991ec88dc5f3b44b6bf244126d8d
searchTerm: Аввг 4х25
resultsFrom: 1
sort: 3
cityFilter: 

=====
Response:
{"action":"get_goods_data","searchTerm":"\u0410\u0432\u0432\u0433 4\u044525","resultsFrom":1,"sort":"3","cityFilter":"","code":0,"resultsCount":"75","data":[{"name":"\u0410\u0412\u0412\u0413-0,66 4\u044525 \u043e\u0436","amount":"7,773","amount_parts":"0,314; 0,149; 1,354; 0,999; 1,956; 3,001; ","unit":"\u043a\u043c","city":"\u041f\u0435\u0440\u043c\u044c","company_id":"16985","company_name":"\u041e\u041e\u041e \"\u041d\u043e\u0432\u0440\u0435\u043c\u0434\u043e\u0440\u043c\u0430\u0448\""},{"name":"\u0410\u0412\u0412\u0413 4\u044525","amount":"6,466","amount_parts":"","unit":"\u043a\u043c","city":"\u041a\u043e\u043b\u044c\u0447\u0443\u0433\u0438\u043d\u043e","company_id":"4131","company_name":"\u041e\u041e\u041e \"\u041c\u0435\u0442\u041a\u0430\u0431\u0421\u043e\u044e\u0437\""},{"name":"\u0410\u0412\u0412\u0413 4\u044525 \u043e\u043a-0,66 \u0413\u041e\u0421\u0422-\u0420","amount":"4,363","amount_parts":"","unit":"\u043a\u043c","city":"\u041c\u043e\u0441\u043a\u0432\u0430","company_id":"17486","company_name":"\u041e\u041e\u041e \u042d\u043b\u043a\u043e\u043c-\u042d\u043b\u0435\u043a\u0442\u0440\u043e"},{"name":"\u0410\u0412\u0412\u0413 4\u044525 \u043e\u043a-0,66 \u0413\u041e\u0421\u0422-\u0420","amount":"4,268","amount_parts":"","unit":"\u043a\u043c","city":"\u041c\u043e\u0441\u043a\u0432\u0430","company_id":"90","company_name":"\u042d\u043b\u043a\u043e\u043c-\u042d\u043b\u0435\u043a\u0442\u0440\u043e"},{"name":"\u0410\u0412\u0412\u0413\u043e 4\u044525-380 \u0422\u0423 16.\u041a73.086-2008","amount":"3,442","amount_parts":"0,382; 2,03; 1,03; ","unit":"\u043a\u043c","city":"\u0422\u043e\u043c\u0441\u043a","company_id":"22088","company_name":"\u0425\u043e\u043b\u0434\u0438\u043d\u0433 \u041a\u0430\u0431\u0435\u043b\u044c\u043d\u044b\u0439 \u0410\u043b\u044c\u044f\u043d\u0441"},{"name":"\u0410\u0412\u0412\u0413 4\u044525\u043e\u043a(N)-0,66 \u0422\u0423 16-705.499-2010 (\u0413\u041e\u0421\u0422 \u0420 53769-2010)","amount":"2,967","amount_parts":"0,493; 0,606; 0,298; 1,07; 0,5; ","unit":"\u043a\u043c","city":"\u0422\u043e\u043c\u0441\u043a","company_id":"22088","company_name":"\u0425\u043e\u043b\u0434\u0438\u043d\u0433 \u041a\u0430\u0431\u0435\u043b\u044c\u043d\u044b\u0439 \u0410\u043b\u044c\u044f\u043d\u0441"},{"name":"\u0410\u0412\u0412\u0413 4\u044525 \u043e\u043a-0,66","amount":"2,903","amount_parts":"","unit":"\u043a\u043c","city":"\u041c\u043e\u0441\u043a\u0432\u0430","company_id":"10721","company_name":"\u041e\u041e\u041e \u042d\u043b\u0435\u043a\u0442\u0440\u043e\u041a\u043e\u043c\u043f\u043b\u0435\u043a\u0442 \u0421\u0435\u0440\u0432\u0438\u0441"},{"name":"\u0410\u0412\u0412\u0413\u043d\u0433(\u0410) 4\u044525 \u043e\u043a-0,66","amount":"2,77","amount_parts":"","unit":"\u043a\u043c","city":"\u041c\u043e\u0441\u043a\u0432\u0430","company_id":"10721","company_name":"\u041e\u041e\u041e \u042d\u043b\u0435\u043a\u0442\u0440\u043e\u041a\u043e\u043c\u043f\u043b\u0435\u043a\u0442 \u0421\u0435\u0440\u0432\u0438\u0441"},{"name":"\u0410\u0412\u0412\u0413\u043d\u0433(\u0410) 4\u044525 \u043e\u043a-0,66 \u0413\u041e\u0421\u0422-\u0420","amount":"2,77","amount_parts":"","unit":"\u043a\u043c","city":"\u041c\u043e\u0441\u043a\u0432\u0430","company_id":"17486","company_name":"\u041e\u041e\u041e \u042d\u043b\u043a\u043e\u043c-\u042d\u043b\u0435\u043a\u0442\u0440\u043e"},{"name":"\u0410\u0412\u0412\u0413\u043d\u0433(\u0410) 4\u044525 \u043e\u043a-0,66 \u0413\u041e\u0421\u0422-\u0420","amount":"2,77","amount_parts":"","unit":"\u043a\u043c","city":"\u041c\u043e\u0441\u043a\u0432\u0430","company_id":"90","company_name":"\u042d\u043b\u043a\u043e\u043c-\u042d\u043b\u0435\u043a\u0442\u0440\u043e"},{"name":"\u0410\u0412\u0412\u0413\u043d\u0433-0,66 4\u044525 \u043e\u0436","amount":"2,756","amount_parts":"0,117; 2,639; ","unit":"\u043a\u043c","city":"\u041f\u0435\u0440\u043c\u044c","company_id":"16985","company_name":"\u041e\u041e\u041e \"\u041d\u043e\u0432\u0440\u0435\u043c\u0434\u043e\u0440\u043c\u0430\u0448\""},{"name":"\u0410\u0412\u0412\u0413-0,66 4\u044525 \u043e\u0436","amount":"2,581","amount_parts":"","unit":"\u043a\u043c","city":"\u0415\u043a\u0430\u0442\u0435\u0440\u0438\u043d\u0431\u0443\u0440\u0433","company_id":"16985","company_name":"\u041e\u041e\u041e \"\u041d\u043e\u0432\u0440\u0435\u043c\u0434\u043e\u0440\u043c\u0430\u0448\""},{"name":"\u0410\u0412\u0412\u0413-0,66 4\u044525 \u043e\u0436","amount":"2,581","amount_parts":"","unit":"\u043a\u043c","city":"\u0415\u043a\u0430\u0442\u0435\u0440\u0438\u043d\u0431\u0443\u0440\u0433","company_id":"19089","company_name":"\u041e\u041e\u041e \u041a\u0430\u0431\u0435\u043b\u044c\u043d\u044b\u0439 \u0446\u0435\u043d\u0442\u0440-\u0415\u043a\u0430\u0442\u0435\u0440\u0438\u043d\u0431\u0443\u0440\u0433"},{"name":"\u0410\u0412\u0412\u0413 4\u044525-1","amount":"2,399","amount_parts":"","unit":"\u043a\u043c","city":"\u0427\u0435\u0431\u043e\u043a\u0441\u0430\u0440\u044b","company_id":"266","company_name":"\u041e\u0410\u041e \"\u0417\u0430\u0432\u043e\u0434 \"\u0427\u0443\u0432\u0430\u0448\u043a\u0430\u0431\u0435\u043b\u044c\""},{"name":"\u0410\u0412\u0412\u0413 4\u044525 - 0,66 \u043a\u0412 (\u043e\u0436) (\u043d\u0433)","amount":"1,9","amount_parts":"","unit":"\u043a\u043c","city":"\u0415\u043a\u0430\u0442\u0435\u0440\u0438\u043d\u0431\u0443\u0440\u0433","company_id":"19522","company_name":"\u041e\u041e\u041e  \u0421\u043c-\u041a\u0430\u0431\u0435\u043b\u044c"},{"name":"\u0410\u0412\u0412\u0413 4\u044525\u043e\u0436 0.66 \u043a\u0412","amount":"1,891","amount_parts":"","unit":"\u043a\u043c","city":"\u041d\u043e\u0432\u043e\u0441\u0438\u0431\u0438\u0440\u0441\u043a","company_id":"15992","company_name":"\u041e\u041e\u041e \u042d\u0422\u0421-\u042d\u043b\u0441\u0438\u0441"},{"name":"\u0410\u0412\u0412\u0413 4\u044525 (\u043e\u0436)","amount":"1,85","amount_parts":"","unit":"\u043a\u043c","city":"\u041c\u043e\u0441\u043a\u0432\u0430","company_id":"4290","company_name":"\u041e\u041e\u041e \u0413\u0430\u043b\u043b\u0430-\u041a\u0430\u0431\u0435\u043b\u044c"},{"name":"\u0410\u0412\u0412\u0413 4\u044525\u043c\u043a(N)-1 \u0422\u0423 16-705.499-2010","amount":"1,817","amount_parts":"","unit":"\u043a\u043c","city":"\u0433. \u0422\u0432\u0435\u0440\u044c","company_id":"22749","company_name":"\u041e\u0410\u041e \u0422\u0432\u0435\u0440\u044c\u044d\u043d\u0435\u0440\u0433\u043e\u043a\u0431\u0430\u043b\u0435\u044c"},{"name":"\u0410\u0412\u0412\u0413 4\u044525-0,66 \u0422\u0423 3500-076-21059747-2010","amount":"1,74","amount_parts":"0,75; 0,99; ","unit":"\u043a\u043c","city":"\u041a\u043e\u043b\u044c\u0447\u0443\u0433\u0438\u043d\u043e","company_id":"22088","company_name":"\u0425\u043e\u043b\u0434\u0438\u043d\u0433 \u041a\u0430\u0431\u0435\u043b\u044c\u043d\u044b\u0439 \u0410\u043b\u044c\u044f\u043d\u0441"},{"name":"\u0410\u0412\u0412\u0413\u043d\u0433(\u0410)-LS 4\u044525 \u043e\u043a-0,66","amount":"1,643","amount_parts":"","unit":"\u043a\u043c","city":"\u041c\u043e\u0441\u043a\u0432\u0430","company_id":"10721","company_name":"\u041e\u041e\u041e \u042d\u043b\u0435\u043a\u0442\u0440\u043e\u041a\u043e\u043c\u043f\u043b\u0435\u043a\u0442 \u0421\u0435\u0440\u0432\u0438\u0441"}],"performedDatetime":"2014-05-06T10:42:24Z","authStatus":"0","accessDateEnd":"2014-10-10"}
=====
Query:
performedDatetime: 2014-05-06 10:42:28  0000
action: get_company_data
sklad_user: scand
appleId: 9AD73621-D61A-415E-956C-8F3715F44377
sklad_hash: 4af9991ec88dc5f3b44b6bf244126d8d
company_id: 4131

=====
Response:
{"action":"get_company_data","code":0,"data":{"company_id":4131,"title":"\u041e\u041e\u041e \"\u041c\u0435\u0442\u041a\u0430\u0431\u0421\u043e\u044e\u0437\"","city":"\u041a\u043e\u043b\u044c\u0447\u0443\u0433\u0438\u043d\u043e","address":"601784, \u0412\u043b\u0430\u0434\u0438\u043c\u0438\u0440\u0441\u043a\u0430\u044f \u043e\u0431\u043b. \u0433.\u041a\u043e\u043b\u044c\u0447\u0443\u0433\u0438\u043d\u043e \u0443\u043b.\u041b\u0443\u0433\u043e\u0432\u0430\u044f \u0434.2 \u043f\u043e\u043c.4","phone":"(495) 778-63-12","email":"9038330145@mail.ru","url":"http:\/\/www.mksouz.ru\/ \u043c\u043a\u0441\u043e\u044e\u0437.\u0440\u0444","contact":"\u0410\u043b\u0435\u043a\u0442\u043e\u0440\u0441\u043a\u0438\u0439 \u0418\u0433\u043e\u0440\u044c \u0421\u0435\u0440\u0433\u0435\u0435\u0432\u0438\u0447","goods_count":"261","last_update":"22.04.2014"},"performedDatetime":"2014-05-06T10:42:28Z","authStatus":"0","accessDateEnd":"2014-10-10"}
=====
