Query:
performedDatetime: 2014-09-16 11:48:20  0000
action: get_text

=====
Response:
{"action":"get_text","code":0,"data":"","performedDatetime":"2014-09-16T11:48:19Z","authStatus":"10"}
=====


q2: 
 auth: 0 
=====
Query:
performedDatetime: 2014-09-16 11:48:35  0000
action: get_goods_data
sklad_user: Гость
appleId: 7945AFD2-8818-42DF-B886-F48A71FBCB8E
sklad_hash: f1993408c19bfe9db3eabbec9d3ebf6c
searchTerm: 3,5 квалрата
resultsFrom: 0
sort: 0
cityFilter: 

=====
Response:
{"action":"get_goods_data","searchTerm":"3,5 \u043a\u0432\u0430\u043b\u0440\u0430\u0442\u0430","resultsFrom":0,"code":0,"resultsCount":"0","data":[],"performedDatetime":"2014-09-16T11:48:34Z","authStatus":"0","accessDateEnd":""}
=====

select s.id, s.comp_id, s.title, s.quant, s.unit_id, s.comments, s.city from
		sklad_tovar s where visible=1 and (title like '%3,5%' or title like '%3.5%') and (title like 'квалрата%' or title like '% квалрата%') order by  s.title LIMIT 0, 20
q2: select count(id) from sklad_tovar s where visible=1 and (title like '%3,5%' or title like '%3.5%') and (title like 'квалрата%' or title like '% квалрата%')
 auth: 100 
=====
Query:
performedDatetime: 2014-09-16 13:17:03  0000
action: get_goods_data
sklad_user: Гость
appleId: 7945AFD2-8818-42DF-B886-F48A71FBCB8E
sklad_hash: f1993408c19bfe9db3eabbec9d3ebf6c
searchTerm: 3,5 квадрата
resultsFrom: 0
sort: 0
cityFilter: 

=====
Response:
{"action":"get_goods_data","searchTerm":"3,5 \u043a\u0432\u0430\u0434\u0440\u0430\u0442\u0430","resultsFrom":0,"code":0,"resultsCount":"0","data":[],"performedDatetime":"2014-09-16T13:17:04Z","authStatus":"0","accessDateEnd":""}
=====

select s.id, s.comp_id, s.title, s.quant, s.unit_id, s.comments, s.city from
		sklad_tovar s where visible=1 and (title like '%3,5%' or title like '%3.5%') and (title like 'квадрата%' or title like '% квадрата%') order by  s.title LIMIT 0, 20
q2: select count(id) from sklad_tovar s where visible=1 and (title like '%3,5%' or title like '%3.5%') and (title like 'квадрата%' or title like '% квадрата%')
 auth: 100 
=====
Query:
performedDatetime: 2014-09-16 15:24:04  0000
action: get_goods_data
sklad_user: Гость
appleId: 7945AFD2-8818-42DF-B886-F48A71FBCB8E
sklad_hash: f1993408c19bfe9db3eabbec9d3ebf6c
searchTerm: 3,5
resultsFrom: 0
sort: 0
cityFilter: 

=====
Response:
{"action":"get_goods_data","searchTerm":"3,5","resultsFrom":0,"sort":0,"cityFilter":"","code":0,"resultsCount":"46","lastPage":0,"data":[{"name":"\u0410\u041f\u0411 3,55 \u0445 10,00\/0,72","amount":"0,525","amount_parts":"0,081; 0,091; 0,083; 0,088; 0,092; 0,090","unit":"\u0442\u043d","city":"\u041f\u0435\u0440\u043c\u044c","company_id":"18682","company_name":"\u041e\u041e\u041e \"\u041a\u0430\u043c\u0441\u043a\u0438\u0439 \u043a\u0430\u0431\u0435\u043b\u044c\""},{"name":"\u0410\u041f\u0411 3,55 \u0425 10,00\/0,72","amount":"0,523","amount_parts":"0,09; 0,082; 0,088; 0,081; 0,091; 0,091; ","unit":"\u043a\u043c","city":"\u041f\u0435\u0440\u043c\u044c","company_id":"19357","company_name":"\u041e\u041e\u041e \u0422\u0414 \"\u0423\u0440\u0430\u043b \u041f\u0430\u043a\""},{"name":"\u0410\u041f\u0411 3,55 \u0445 10,60\/0,55","amount":"1,412","amount_parts":"0,092; 0,097; 0,079; 0,085; 0,085; 0,085; 0,087; 0,093; 0,093; 0,090; 0,093; 0,091; 0,090; 0,072; 0,097; 0,081","unit":"\u0442\u043d","city":"\u041f\u0435\u0440\u043c\u044c","company_id":"18682","company_name":"\u041e\u041e\u041e \"\u041a\u0430\u043c\u0441\u043a\u0438\u0439 \u043a\u0430\u0431\u0435\u043b\u044c\""},{"name":"\u0410\u041f\u0411 3,55 \u0425 10,60\/0,55","amount":"1,409","amount_parts":"0,09; 0,091; 0,097; 0,092; 0,093; 0,085; 0,081; 0,072; 0,097; 0,09; 0,084; 0,093; 0,085; 0,093; 0,087; 0,079; ","unit":"\u043a\u043c","city":"\u041f\u0435\u0440\u043c\u044c","company_id":"19357","company_name":"\u041e\u041e\u041e \u0422\u0414 \"\u0423\u0440\u0430\u043b \u041f\u0430\u043a\""},{"name":"\u0410\u041f\u0411 3,55 \u0445 11,20\/0,55","amount":"1,269","amount_parts":"0,098; 0,089; 0,085; 0,091; 0,088; 0,083; 0,095; 0,046; 0,086; 0,086; 0,086; 0,086; 0,090; 0,059; 0,045; 0,055","unit":"\u0442\u043d","city":"\u041f\u0435\u0440\u043c\u044c","company_id":"18682","company_name":"\u041e\u041e\u041e \"\u041a\u0430\u043c\u0441\u043a\u0438\u0439 \u043a\u0430\u0431\u0435\u043b\u044c\""},{"name":"\u0410\u041f\u0411 3,55 \u0425 11,20\/0,55","amount":"1,263","amount_parts":"0,086; 0,058; 0,095; 0,086; 0,082; 0,087; 0,089; 0,089; 0,045; 0,046; 0,091; 0,098; 0,085; 0,086; 0,085; 0,055; ","unit":"\u043a\u043c","city":"\u041f\u0435\u0440\u043c\u044c","company_id":"19357","company_name":"\u041e\u041e\u041e \u0422\u0414 \"\u0423\u0440\u0430\u043b \u041f\u0430\u043a\""},{"name":"\u0410\u041f\u0411 3,55 \u0425 5,00\/0,45","amount":"0,115","amount_parts":"","unit":"\u043a\u043c","city":"\u041f\u0435\u0440\u043c\u044c","company_id":"19357","company_name":"\u041e\u041e\u041e \u0422\u0414 \"\u0423\u0440\u0430\u043b \u041f\u0430\u043a\""},{"name":"\u0410\u041f\u0411 3,55 \u0445 6,30\/0,55","amount":"1,408","amount_parts":"0,090; 0,087; 0,085; 0,085; 0,095; 0,093; 0,091; 0,092; 0,089; 0,089; 0,082; 0,094; 0,092; 0,082; 0,053; 0,038; 0,069","unit":"\u0442\u043d","city":"\u041f\u0435\u0440\u043c\u044c","company_id":"18682","company_name":"\u041e\u041e\u041e \"\u041a\u0430\u043c\u0441\u043a\u0438\u0439 \u043a\u0430\u0431\u0435\u043b\u044c\""},{"name":"\u0410\u041f\u0411 3,55 \u0425 6,30\/0,55","amount":"1,403","amount_parts":"0,092; 0,09; 0,088; 0,092; 0,053; 0,085; 0,091; 0,095; 0,038; 0,069; 0,089; 0,092; 0,081; 0,094; 0,082; 0,087; 0,085; ","unit":"\u043a\u043c","city":"\u041f\u0435\u0440\u043c\u044c","company_id":"19357","company_name":"\u041e\u041e\u041e \u0422\u0414 \"\u0423\u0440\u0430\u043b \u041f\u0430\u043a\""},{"name":"\u0410\u041f\u0411 3,55 \u0445 6,30\/0,72","amount":"0,299","amount_parts":"0,080; 0,084; 0,080; 0,055","unit":"\u0442\u043d","city":"\u041f\u0435\u0440\u043c\u044c","company_id":"18682","company_name":"\u041e\u041e\u041e \"\u041a\u0430\u043c\u0441\u043a\u0438\u0439 \u043a\u0430\u0431\u0435\u043b\u044c\""},{"name":"\u0410\u041f\u0411 3,55 \u0425 6,30\/0,72","amount":"0,298","amount_parts":"0,08; 0,054; 0,084; 0,08; ","unit":"\u043a\u043c","city":"\u041f\u0435\u0440\u043c\u044c","company_id":"19357","company_name":"\u041e\u041e\u041e \u0422\u0414 \"\u0423\u0440\u0430\u043b \u041f\u0430\u043a\""},{"name":"\u0410\u041f\u0411 3,55 \u0445 9,00\/0,55","amount":"1,435","amount_parts":"0,082; 0,082; 0,077; 0,082; 0,080; 0,089; 0,082; 0,079; 0,081; 0,084; 0,087; 0,056; 0,084; 0,085; 0,084; 0,085; 0,079; 0,055","unit":"\u0442\u043d","city":"\u041f\u0435\u0440\u043c\u044c","company_id":"18682","company_name":"\u041e\u041e\u041e \"\u041a\u0430\u043c\u0441\u043a\u0438\u0439 \u043a\u0430\u0431\u0435\u043b\u044c\""},{"name":"\u0410\u041f\u0411 3,55 \u0425 9,00\/0,55","amount":"1,427","amount_parts":"0,085; 0,082; 0,083; 0,088; 0,077; 0,082; 0,084; 0,082; 0,085; 0,083; 0,082; 0,087; 0,055; 0,054; 0,079; 0,081; 0,079; 0,079; ","unit":"\u043a\u043c","city":"\u041f\u0435\u0440\u043c\u044c","company_id":"19357","company_name":"\u041e\u041e\u041e \u0422\u0414 \"\u0423\u0440\u0430\u043b \u041f\u0430\u043a\""},{"name":"\u0410\u041f\u0411 3,55\u044510,0\/0,96","amount":"0,075","amount_parts":"","unit":"\u0442\u043d","city":"\u0421\u0430\u043c\u0430\u0440\u0430","company_id":"8099","company_name":"\u041e\u0410\u041e \u0420\u041e\u0421\u0421\u041a\u0410\u0422"},{"name":"\u0410\u041f\u0411 3,55\u044514,0\/0,55","amount":"0,476","amount_parts":"0,117; 0,126; 0,111; 0,122; ","unit":"\u0442\u043d","city":"\u0421\u0430\u043c\u0430\u0440\u0430","company_id":"8099","company_name":"\u041e\u0410\u041e \u0420\u041e\u0421\u0421\u041a\u0410\u0422"},{"name":"\u0410\u041f\u0421\u041b\u0414 3,55 \u0445 14,00","amount":"0,983","amount_parts":"","unit":"\u0442\u043d","city":"\u041f\u0435\u0440\u043c\u044c","company_id":"18682","company_name":"\u041e\u041e\u041e \"\u041a\u0430\u043c\u0441\u043a\u0438\u0439 \u043a\u0430\u0431\u0435\u043b\u044c\""},{"name":"\u0410\u041f\u0421\u041b\u0414 3,55 \u0425 14,00 \u0422\u0423 16.\u041a71-257-96","amount":"0,983","amount_parts":"0,055; 0,418; 0,081; 0,158; 0,271; ","unit":"\u043a\u043c","city":"\u041f\u0435\u0440\u043c\u044c","company_id":"19357","company_name":"\u041e\u041e\u041e \u0422\u0414 \"\u0423\u0440\u0430\u043b \u041f\u0430\u043a\""},{"name":"\u0410\u041f\u0421\u041b\u0414 3,55 \u0445 9,00","amount":"1,574","amount_parts":"","unit":"\u0442\u043d","city":"\u041f\u0435\u0440\u043c\u044c","company_id":"18682","company_name":"\u041e\u041e\u041e \"\u041a\u0430\u043c\u0441\u043a\u0438\u0439 \u043a\u0430\u0431\u0435\u043b\u044c\""},{"name":"\u0410\u041f\u0421\u041b\u0414 3,55 \u0425 9,00 \u0422\u0423 16.\u041a71-257-96","amount":"1,574","amount_parts":"0,845; 0,187; 0,209; 0,333; ","unit":"\u043a\u043c","city":"\u041f\u0435\u0440\u043c\u044c","company_id":"19357","company_name":"\u041e\u041e\u041e \u0422\u0414 \"\u0423\u0440\u0430\u043b \u041f\u0430\u043a\""},{"name":"\u041e\u041a\u041b\u0416-\u041d-01-6-12-10\/125-0,36\/0,22-3,5\/18-3,5","amount":"0,1","amount_parts":"","unit":"\u043a\u043c","city":"\u0423\u0444\u0430","company_id":"15071","company_name":"\u0412\u0435\u043a\u0442\u043e\u0440"}],"performedDatetime":"2014-09-16T15:24:03Z","authStatus":"0","accessDateEnd":""}
=====

select s.id, s.comp_id, s.title, s.quant, s.unit_id, s.comments, s.city from
		sklad_tovar s where visible=1 and (title like '%3,5%' or title like '%3.5%') order by  s.title LIMIT 0, 20
q2: select count(id) from sklad_tovar s where visible=1 and (title like '%3,5%' or title like '%3.5%')
 auth: 100 
=====
Query:
performedDatetime: 2014-09-16 19:54:56  0000
action: get_text

=====
Response:
{"action":"get_text","code":0,"data":"","performedDatetime":"2014-09-16T19:55:05Z","authStatus":"10"}
=====


q2: 
 auth: 0 
=====
Query:
performedDatetime: 2014-09-16 19:55:12  0000
action: get_goods_data
sklad_user: Гость
appleId: 8F83703D-31A3-443F-AFAB-CA2D2D4B9D2A
sklad_hash: 97c089033344d01a1003003b818bfb95
searchTerm: Снип
resultsFrom: 0
sort: 0
cityFilter: 

=====
Response:
{"action":"get_goods_data","searchTerm":"\u0421\u043d\u0438\u043f","resultsFrom":0,"code":0,"resultsCount":"0","data":[],"performedDatetime":"2014-09-16T19:55:20Z","authStatus":"0","accessDateEnd":""}
=====

select s.id, s.comp_id, s.title, s.quant, s.unit_id, s.comments, s.city from
		sklad_tovar s where visible=1 and (title like 'Снип%' or title like '% Снип%') order by  s.title LIMIT 0, 20
q2: select count(id) from sklad_tovar s where visible=1 and (title like 'Снип%' or title like '% Снип%')
 auth: 100 
=====
Query:
performedDatetime: 2014-09-16 19:55:20  0000
action: get_city_list

=====
Response:
{"action":"get_city_list","code":0,"data":["\u0410\u0440\u0445\u0430\u043d\u0433\u0435\u043b\u044c\u0441\u043a","\u0410\u0441\u0442\u0430\u043d\u0430","\u0412\u043e\u043b\u0433\u043e\u0433\u0440\u0430\u0434","\u0412\u043e\u043b\u043e\u0433\u0434\u0430","\u0412\u043e\u0440\u043e\u043d\u0435\u0436","\u0412\u043e\u0441\u043a\u0440\u0435\u0441\u0435\u043d\u0441\u043a","\u0433. \u041a\u0438\u0440\u043e\u0432","\u0415\u043a\u0430\u0442\u0435\u0440\u0438\u043d\u0431\u0443\u0440\u0433","\u0418\u0432\u0430\u043d\u043e\u0432\u043e","\u0418\u0436\u0435\u0432\u0441\u043a","\u041a\u0430\u0437\u0430\u043d\u044c","\u041a\u0430\u043b\u0438\u043d\u0438\u043d\u0433\u0440\u0430\u0434","\u041a\u0430\u043b\u0443\u0433\u0430","\u041a\u0438\u0440\u043e\u0432","\u041a\u043e\u043b\u044c\u0447\u0443\u0433\u0438\u043d\u043e","\u041a\u0440\u0430\u0441\u043d\u043e\u0434\u0430\u0440","\u041a\u0440\u0430\u0441\u043d\u043e\u044f\u0440\u0441\u043a","\u041a\u0443\u0440\u0441\u043a","\u041b\u044b\u0441\u044c\u0432\u0430","\u041b\u044e\u0431\u0435\u0440\u0446\u044b","\u041b\u044e\u0434\u0438\u043d\u043e\u0432\u043e","\u041c\u043e\u0441\u043a\u0432\u0430","\u041c\u043e\u0441\u043a\u043e\u0432\u0441\u043a\u0430\u044f \u043e\u0431\u043b., \u0433. \u0425\u0438\u043c\u043a\u0438","\u041c\u043e\u0441\u043a\u043e\u0432\u0441\u043a\u0430\u044f \u043e\u0431\u043b\u0430\u0441\u0442\u044c, \u0433.\u0425\u0438\u043c\u043a\u0438","\u041d\u0430\u0445\u0430\u0431\u0438\u043d\u043e","\u041d\u0438\u0436\u043d\u0438\u0439 \u041d\u043e\u0432\u0433\u043e\u0440\u043e\u0434","\u041d\u043e\u0432\u043e\u043c\u043e\u0441\u043a\u043e\u0432\u0441\u043a","\u041d\u043e\u0432\u043e\u0441\u0438\u0431\u0438\u0440\u0441\u043a","\u041d\u043e\u0433\u0438\u043d\u0441\u043a","\u041e\u0431\u043d\u0438\u043d\u0441\u043a","\u041e\u0441\u043a\u043e\u043b","\u041f\u0430\u0432\u043b\u043e\u0434\u0430\u0440","\u041f\u0435\u0440\u043c\u044c","\u041f\u043e\u0434\u043e\u043b\u044c\u0441\u043a","\u0420\u043e\u0441\u0442\u043e\u0432","\u0420\u043e\u0441\u0442\u043e\u0432-\u043d\u0430-\u0414\u043e\u043d\u0443","\u0421\u0430\u043c\u0430\u0440\u0430","\u0421\u0430\u043d\u043a\u0442-\u041f\u0435\u0442\u0435\u0440\u0431\u0443\u0440\u0433","\u0421\u0430\u0440\u0430\u043d\u0441\u043a","\u0421\u043e\u0447\u0438","\u0422\u043e\u043c\u0441\u043a","\u0423\u0444\u0430","\u0425\u0430\u0431\u0430\u0440\u043e\u0432\u0441\u043a","\u0447\u0435\u0431\u043e\u043a\u0441\u0430\u0440\u044b","\u0427\u0435\u043b\u044f\u0431\u0438\u043d\u0441\u043a","\u042f\u0440\u043e\u0441\u043b\u0430\u0432\u043b\u044c"],"performedDatetime":"2014-09-16T19:55:28Z","authStatus":"10"}
=====

select distinct city from sklad_tovar where city != '' order by city
q2: 
 auth: 0 
=====
