Query:
performedDatetime: 2014-07-28 21:04:38  0000
action: get_text

=====
Response:
{"action":"get_text","code":0,"data":"","performedDatetime":"2014-07-28T21:04:40Z","authStatus":"10"}
=====


q2: 
 auth: 0 
=====
Query:
performedDatetime: 2014-07-28 22:50:03  0000
action: get_text

=====
Response:
{"action":"get_text","code":0,"data":"","performedDatetime":"2014-07-28T22:50:03Z","authStatus":"10"}
=====


q2: 
 auth: 0 
=====
Query:
performedDatetime: 2014-07-28 22:50:24  0000
action: get_goods_data
sklad_user: Гость
appleId: 53C0F58A-F443-4847-A5CD-471EA53D6BCB
sklad_hash: d61d624c193953cc75ded89dd4165546
searchTerm: Bolinger
resultsFrom: 0
sort: 0
cityFilter: 

=====
Response:
{"action":"get_goods_data","searchTerm":"Bolinger","resultsFrom":0,"code":0,"resultsCount":"0","data":[],"performedDatetime":"2014-07-28T22:50:23Z","authStatus":"0","accessDateEnd":""}
=====

select s.id, s.comp_id, s.title, s.quant, s.unit_id, s.comments, s.city from
		sklad_tovar s where visible=1 and (title like 'Bolinger%' or title like '% Bolinger%') order by  s.title LIMIT 0, 20
q2: select count(id) from sklad_tovar s where visible=1 and (title like 'Bolinger%' or title like '% Bolinger%')
 auth: 100 
=====
Query:
performedDatetime: 2014-07-28 22:50:30  0000
action: check_user_rights
sklad_user: 
appleId: 53C0F58A-F443-4847-A5CD-471EA53D6BCB
sklad_hash: d61d624c193953cc75ded89dd4165546

=====
Response:
{"action":"check_user_rights","code":0,"performedDatetime":"2014-07-28T22:50:29Z","authStatus":"10"}
=====


q2: 
 auth: 0 
=====
Query:
performedDatetime: 2014-07-28 22:50:45  0000
action: check_user_rights
sklad_user: Sn0w77
appleId: 53C0F58A-F443-4847-A5CD-471EA53D6BCB
sklad_hash: e02e80aeeaa4fb596b951ba0e46c9af4

=====
Response:
{"action":"check_user_rights","code":0,"performedDatetime":"2014-07-28T22:50:44Z","authStatus":"10"}
=====


q2: 
 auth: 0 
=====
Query:
performedDatetime: 2014-07-28 22:50:47  0000
action: get_text

=====
Response:
{"action":"get_text","code":0,"data":"","performedDatetime":"2014-07-28T22:50:46Z","authStatus":"10"}
=====


q2: 
 auth: 0 
=====
Query:
performedDatetime: 2014-07-28 22:51:14  0000
action: get_goods_data
sklad_user: Гость
appleId: 53C0F58A-F443-4847-A5CD-471EA53D6BCB
sklad_hash: d61d624c193953cc75ded89dd4165546
searchTerm: Яблоко
resultsFrom: 0
sort: 0
cityFilter: 

=====
Response:
{"action":"get_goods_data","searchTerm":"\u042f\u0431\u043b\u043e\u043a\u043e","resultsFrom":0,"code":0,"resultsCount":"0","data":[],"performedDatetime":"2014-07-28T22:51:13Z","authStatus":"0","accessDateEnd":""}
=====

select s.id, s.comp_id, s.title, s.quant, s.unit_id, s.comments, s.city from
		sklad_tovar s where visible=1 and (title like 'Яблоко%' or title like '% Яблоко%') order by  s.title LIMIT 0, 20
q2: select count(id) from sklad_tovar s where visible=1 and (title like 'Яблоко%' or title like '% Яблоко%')
 auth: 100 
=====
Query:
performedDatetime: 2014-07-28 22:51:19  0000
action: get_goods_data
sklad_user: Гость
appleId: 53C0F58A-F443-4847-A5CD-471EA53D6BCB
sklad_hash: d61d624c193953cc75ded89dd4165546
searchTerm: Яблоко
resultsFrom: 0
sort: 3
cityFilter: 

=====
Response:
{"action":"get_goods_data","searchTerm":"\u042f\u0431\u043b\u043e\u043a\u043e","resultsFrom":0,"code":0,"resultsCount":"0","data":[],"performedDatetime":"2014-07-28T22:51:18Z","authStatus":"0","accessDateEnd":""}
=====

select s.id, s.comp_id, s.title, s.quant, s.unit_id, s.comments, s.city from
		sklad_tovar s where visible=1 and (title like 'Яблоко%' or title like '% Яблоко%') order by s.q2 desc, s.title LIMIT 0, 20
q2: select count(id) from sklad_tovar s where visible=1 and (title like 'Яблоко%' or title like '% Яблоко%')
 auth: 100 
=====
Query:
performedDatetime: 2014-07-29 11:48:41  0000
action: get_text

=====
Response:
{"action":"get_text","code":0,"data":"","performedDatetime":"2014-07-29T11:48:40Z","authStatus":"10"}
=====


q2: 
 auth: 0 
=====
Query:
performedDatetime: 2014-07-29 11:48:55  0000
action: get_goods_data
sklad_user: Гость
appleId: D3828C61-B9BC-41F3-81E6-2E6B1690AB22
sklad_hash: a03d9d92c2cbf3e5211d91d4acac3880
searchTerm: Асбл-10
resultsFrom: 0
sort: 0
cityFilter: 

=====
Response:
{"action":"get_goods_data","searchTerm":"\u0410\u0441\u0431\u043b-10","resultsFrom":0,"sort":0,"cityFilter":"","code":0,"resultsCount":"91","lastPage":0,"data":[{"name":"\u0410\u0421\u0411\u043b-10 3\u0445120","amount":"0,778","amount_parts":"","unit":"\u043a\u043c","city":"\u0421\u0430\u043d\u043a\u0442-\u041f\u0435\u0442\u0435\u0440\u0431\u0443\u0440\u0433","company_id":"16940","company_name":"\u041e\u041e\u041e \"\u041e\u043f\u0442\u0413\u0440\u0443\u043f\u043f\""},{"name":"\u0410\u0421\u0411\u043b-10 3\u0445120","amount":"0,115","amount_parts":"","unit":"\u043a\u043c","city":"\u0415\u043a\u0430\u0442\u0435\u0440\u0438\u043d\u0431\u0443\u0440\u0433","company_id":"8500","company_name":"\u041e\u041e\u041e \u041c\u0435\u0436\u0440\u0435\u0433\u0438\u043e\u043d\u0430\u043b\u044c\u043d\u0430\u044f \u043a\u0430\u0431\u0435\u043b\u044c\u043d\u0430\u044f \u043a\u043e\u043c\u043f\u0430\u043d\u0438\u044f"},{"name":"\u0410\u0421\u0411\u043b-10 3\u0445120","amount":"0,052","amount_parts":"","unit":"\u043a\u043c","city":"\u0421\u0430\u043d\u043a\u0442-\u041f\u0435\u0442\u0435\u0440\u0431\u0443\u0440\u0433","company_id":"3660","company_name":"\u041e\u041e\u041e \u041a\u0430\u0431\u0435\u043b\u044c\u0413\u0440\u0443\u043f\u043f"},{"name":"\u0410\u0421\u0411\u043b-10 3\u0445120","amount":"0,115","amount_parts":"","unit":"\u043a\u043c","city":"\u0415\u043a\u0430\u0442\u0435\u0440\u0438\u043d\u0431\u0443\u0440\u0433","company_id":"6765","company_name":"\u0410\u043d\u0434\u0440\u0435\u0439 \u0415\u043a\u0430\u0442\u0435\u0440\u0438\u043d\u0431\u0443\u0440\u0433"},{"name":"\u0410\u0421\u0411\u043b-10 3\u0445120","amount":"0,778","amount_parts":"","unit":"\u043a\u043c","city":"\u041c\u043e\u0441\u043a\u0432\u0430","company_id":"22412","company_name":"\u041e\u041e\u041e \u041a\u041e\u0420\u041f\u041e\u0420\u0410\u0426\u0418\u042f \u0411\u0430\u043b\u0442\u041f\u0440\u043e\u043c\u041a\u043e\u043c\u043f\u043b\u0435\u043a\u0442"},{"name":"\u0410\u0421\u0411\u043b-10 3\u0445120 \u043c\u043d","amount":"0,095","amount_parts":"","unit":"\u043a\u043c","city":"\u0421\u0430\u043d\u043a\u0442-\u041f\u0435\u0442\u0435\u0440\u0431\u0443\u0440\u0433","company_id":"16940","company_name":"\u041e\u041e\u041e \"\u041e\u043f\u0442\u0413\u0440\u0443\u043f\u043f\""},{"name":"\u0410\u0421\u0411\u043b-10 3\u0445120 \u043c\u043d","amount":"0,105","amount_parts":"","unit":"\u043a\u043c","city":"\u041d\u043e\u0432\u043e\u043c\u043e\u0441\u043a\u043e\u0432\u0441\u043a","company_id":"16985","company_name":"\u041e\u041e\u041e \"\u041d\u043e\u0432\u0440\u0435\u043c\u0434\u043e\u0440\u043c\u0430\u0448\""},{"name":"\u0410\u0421\u0411\u043b-10 3\u0445120 \u043c\u043d","amount":"0,756","amount_parts":"","unit":"\u043a\u043c","city":"\u041c\u043e\u0441\u043a\u0432\u0430","company_id":"7807","company_name":"\u0413\u0440\u0443\u043f\u043f\u0430 \u0421\u0435\u0440\u0432\u0430\u043b"},{"name":"\u0410\u0421\u0411\u043b-10 3\u0445120 \u043c\u043d","amount":"0,095","amount_parts":"","unit":"\u043a\u043c","city":"\u041c\u043e\u0441\u043a\u0432\u0430","company_id":"22412","company_name":"\u041e\u041e\u041e \u041a\u041e\u0420\u041f\u041e\u0420\u0410\u0426\u0418\u042f \u0411\u0430\u043b\u0442\u041f\u0440\u043e\u043c\u041a\u043e\u043c\u043f\u043b\u0435\u043a\u0442"},{"name":"\u0410\u0421\u0411\u043b-10 3\u0445120 \u043c\u043d","amount":"0,025","amount_parts":"25","unit":"\u043a\u043c","city":"\u041c\u043e\u0441\u043a\u0432\u0430","company_id":"4879","company_name":"\u041e\u041e\u041e \u0422\u0414 \u0414\u044d\u043b\u044c\u0442\u0430 \u0413\u0440\u0443\u043f\u043f \u041c"},{"name":"\u0410\u0421\u0411\u043b-10 3\u0445120 \u043c\u043d","amount":"0,3","amount_parts":"0.14; 0.16; ","unit":"\u043a\u043c","city":"\u041f\u0435\u0440\u043c\u044c","company_id":"16985","company_name":"\u041e\u041e\u041e \"\u041d\u043e\u0432\u0440\u0435\u043c\u0434\u043e\u0440\u043c\u0430\u0448\""},{"name":"\u0410\u0421\u0411\u043b-10 3\u0445120 \u043e\u0436","amount":"0,13","amount_parts":"","unit":"\u043a\u043c","city":"\u041d\u043e\u0432\u043e\u043c\u043e\u0441\u043a\u043e\u0432\u0441\u043a","company_id":"16985","company_name":"\u041e\u041e\u041e \"\u041d\u043e\u0432\u0440\u0435\u043c\u0434\u043e\u0440\u043c\u0430\u0448\""},{"name":"\u0410\u0421\u0411\u043b-10 3\u0445120 \u043e\u0436","amount":"5,985","amount_parts":"","unit":"\u043a\u043c","city":"\u041c\u043e\u0441\u043a\u0432\u0430","company_id":"17486","company_name":"\u041e\u041e\u041e \u042d\u043b\u043a\u043e\u043c-\u042d\u043b\u0435\u043a\u0442\u0440\u043e"},{"name":"\u0410\u0421\u0411\u043b-10 3\u0445120 \u043e\u0436","amount":"3,84","amount_parts":"0,573; 0,625; 0,575; 0,567; 0,500; 0,5; 0,5","unit":"\u043a\u043c","city":"\u041c\u043e\u0441\u043a\u0432\u0430","company_id":"19030","company_name":"\u041e\u041e\u041e \u0413\u0440\u0443\u043f\u043f \u043a\u043e\u043c\u043f\u0430\u043d\u0438\u0439 \u041a\u0420\u0410\u041c"},{"name":"\u0410\u0421\u0411\u043b-10 3\u0425120 \u041e\u0416","amount":"0,505","amount_parts":"","unit":"\u043a\u043c","city":"\u041f\u0435\u0440\u043c\u044c","company_id":"13338","company_name":"\u041e\u041e\u041e \u042d\u0422\u041a \u042d\u043d\u0435\u0440\u0433\u043e\u043a\u043e\u043c\u043f\u043b\u0435\u043a\u0441"},{"name":"\u0410\u0421\u0411\u043b-10 3\u0445120 \u043e\u0436","amount":"0,407","amount_parts":"","unit":"\u043a\u043c","city":"\u041f\u0435\u0440\u043c\u044c","company_id":"16985","company_name":"\u041e\u041e\u041e \"\u041d\u043e\u0432\u0440\u0435\u043c\u0434\u043e\u0440\u043c\u0430\u0448\""},{"name":"\u0410\u0421\u0411\u043b-10 3\u0445120(\u043e\u0436)","amount":"1,165","amount_parts":"0,305; 0,46; 0,4; ","unit":"\u043a\u043c","city":"\u041c\u043e\u0441\u043a\u0432\u0430","company_id":"6306","company_name":"\u0417\u0410\u041e \"\u041a\u0430\u0431\u0435\u043b\u044c\u0441\u043d\u0430\u0431\""},{"name":"\u0410\u0421\u0411\u043b-10 3\u0445120(\u043e\u0436)","amount":"0,017","amount_parts":"","unit":"\u043a\u043c","city":"\u0420\u043e\u0441\u0442\u043e\u0432-\u043d\u0430-\u0414\u043e\u043d\u0443","company_id":"16095","company_name":"\u043e\u043e\u043e \u0421\u0435\u0432\u043a\u0430\u0432\u043a\u0430\u0431\u0435\u043b\u044c"},{"name":"\u0410\u0421\u0411\u043b-10 3\u0445150","amount":"0,055","amount_parts":"","unit":"\u043a\u043c","city":"\u0421\u0430\u043d\u043a\u0442-\u041f\u0435\u0442\u0435\u0440\u0431\u0443\u0440\u0433","company_id":"16940","company_name":"\u041e\u041e\u041e \"\u041e\u043f\u0442\u0413\u0440\u0443\u043f\u043f\""},{"name":"\u0410\u0421\u0411\u043b-10 3\u0445150","amount":"1,08","amount_parts":"0,28; 0,43; 0,37; ","unit":"\u043a\u043c","city":"\u041a\u0440\u0430\u0441\u043d\u043e\u0434\u0430\u0440","company_id":"13148","company_name":"\u041e\u041e\u041e \u0418\u043d\u0442\u0435\u0440\u043a\u043e\u043c"}],"performedDatetime":"2014-07-29T11:48:53Z","authStatus":"0","accessDateEnd":""}
=====

select s.id, s.comp_id, s.title, s.quant, s.unit_id, s.comments, s.city from
		sklad_tovar s where visible=1 and (title like 'Асбл-10%' or title like '% Асбл-10%' or title like '%Асбл-10%' or title like '%Асбл-10%') order by  s.title LIMIT 0, 20
q2: select count(id) from sklad_tovar s where visible=1 and (title like 'Асбл-10%' or title like '% Асбл-10%' or title like '%Асбл-10%' or title like '%Асбл-10%')
 auth: 100 
=====
Query:
performedDatetime: 2014-07-29 11:49:04  0000
action: get_goods_data
sklad_user: Гость
appleId: D3828C61-B9BC-41F3-81E6-2E6B1690AB22
sklad_hash: a03d9d92c2cbf3e5211d91d4acac3880
searchTerm: Асбл-10 3х240
resultsFrom: 0
sort: 0
cityFilter: 

=====
Response:
{"action":"get_goods_data","searchTerm":"\u0410\u0441\u0431\u043b-10 3\u0445240","resultsFrom":0,"sort":0,"cityFilter":"","code":0,"resultsCount":"22","lastPage":0,"data":[{"name":"\u0410\u0421\u0411\u043b-10 3\u0445240","amount":"0,146","amount_parts":"","unit":"\u043a\u043c","city":"\u041d\u043e\u0432\u043e\u043c\u043e\u0441\u043a\u043e\u0432\u0441\u043a","company_id":"16985","company_name":"\u041e\u041e\u041e \"\u041d\u043e\u0432\u0440\u0435\u043c\u0434\u043e\u0440\u043c\u0430\u0448\""},{"name":"\u0410\u0421\u0411\u043b-10 3\u0445240","amount":"1","amount_parts":"","unit":"\u043a\u043c","city":"\u041c\u043e\u0441\u043a\u0432\u0430","company_id":"1037","company_name":"\u041e\u041e\u041e \u042d\u043d\u0435\u0440\u0433\u043e\u0421\u0438\u0442\u0438"},{"name":"\u0410\u0421\u0411\u043b-10 3\u0425240","amount":"0,974","amount_parts":"","unit":"\u043a\u043c","city":"\u041f\u0435\u0440\u043c\u044c","company_id":"13338","company_name":"\u041e\u041e\u041e \u042d\u0422\u041a \u042d\u043d\u0435\u0440\u0433\u043e\u043a\u043e\u043c\u043f\u043b\u0435\u043a\u0441"},{"name":"\u0410\u0421\u0411\u043b-10 3\u0445240","amount":"0,077","amount_parts":"","unit":"\u043a\u043c","city":"\u041a\u0440\u0430\u0441\u043d\u043e\u0434\u0430\u0440","company_id":"13148","company_name":"\u041e\u041e\u041e \u0418\u043d\u0442\u0435\u0440\u043a\u043e\u043c"},{"name":"\u0410\u0421\u0411\u043b-10 3\u0445240 (\u043c\u043d)","amount":"1,056","amount_parts":"0.3; 0.376; 0.38; ","unit":"\u043a\u043c","city":"\u041c\u043e\u0441\u043a\u0432\u0430","company_id":"4663","company_name":"\u041e\u041e\u041e \u0412\u0435\u0441\u0442\u044d\u043b"},{"name":"\u0410\u0421\u0411\u043b-10 3\u0445240 (\u043e\u0436)","amount":"0,3","amount_parts":"","unit":"\u043a\u043c","city":"\u041c\u043e\u0441\u043a\u0432\u0430","company_id":"4663","company_name":"\u041e\u041e\u041e \u0412\u0435\u0441\u0442\u044d\u043b"},{"name":"\u0410\u0421\u0411\u043b-10 3\u0445240 (\u043e\u0436)","amount":"9,5","amount_parts":"","unit":"\u043a\u043c","city":"\u041c\u043e\u0441\u043a\u0432\u0430","company_id":"19542","company_name":"\u041e\u041e\u041e \"\u042d\u041b\u0418\u0421-\u0413\u0420\u0423\u041f\u041f\""},{"name":"\u0410\u0421\u0411\u043b-10 3\u0445240 \u043c\u043d","amount":"0,315","amount_parts":"","unit":"\u043a\u043c","city":"\u0421\u0430\u043d\u043a\u0442-\u041f\u0435\u0442\u0435\u0440\u0431\u0443\u0440\u0433","company_id":"16940","company_name":"\u041e\u041e\u041e \"\u041e\u043f\u0442\u0413\u0440\u0443\u043f\u043f\""},{"name":"\u0410\u0421\u0411\u043b-10 3\u0445240 \u043c\u043d","amount":"2,51","amount_parts":"","unit":"\u043a\u043c","city":"\u041c\u043e\u0441\u043a\u0432\u0430","company_id":"23649","company_name":"\u041e\u041e\u041e \"\u0421\u0410\u041d\u0412\u0418\""},{"name":"\u0410\u0421\u0411\u043b-10 3\u0445240 \u043c\u043d","amount":"0,011","amount_parts":"","unit":"\u043a\u043c","city":"\u041c\u043e\u0441\u043a\u0432\u0430","company_id":"140","company_name":"\u041e\u041e\u041e \u042d\u0422\u041c\u0421"},{"name":"\u0410\u0421\u0411\u043b-10 3\u0445240 \u043c\u043d","amount":"0,315","amount_parts":"","unit":"\u043a\u043c","city":"\u041c\u043e\u0441\u043a\u0432\u0430","company_id":"22412","company_name":"\u041e\u041e\u041e \u041a\u041e\u0420\u041f\u041e\u0420\u0410\u0426\u0418\u042f \u0411\u0430\u043b\u0442\u041f\u0440\u043e\u043c\u041a\u043e\u043c\u043f\u043b\u0435\u043a\u0442"},{"name":"\u0410\u0421\u0411\u043b-10 3\u0445240 \u043c\u043d","amount":"0,72","amount_parts":"250;470","unit":"\u043a\u043c","city":"\u041c\u043e\u0441\u043a\u0432\u0430","company_id":"4879","company_name":"\u041e\u041e\u041e \u0422\u0414 \u0414\u044d\u043b\u044c\u0442\u0430 \u0413\u0440\u0443\u043f\u043f \u041c"},{"name":"\u0410\u0421\u0411\u043b-10 3\u0445240 \u043e\u0436","amount":"0,71","amount_parts":"","unit":"\u043a\u043c","city":"\u0421\u0430\u043d\u043a\u0442-\u041f\u0435\u0442\u0435\u0440\u0431\u0443\u0440\u0433","company_id":"16940","company_name":"\u041e\u041e\u041e \"\u041e\u043f\u0442\u0413\u0440\u0443\u043f\u043f\""},{"name":"\u0410\u0421\u0411\u043b-10 3\u0445240 \u043e\u0436","amount":"0,1","amount_parts":"","unit":"\u043a\u043c","city":"\u041d\u043e\u0432\u043e\u043c\u043e\u0441\u043a\u043e\u0432\u0441\u043a","company_id":"16985","company_name":"\u041e\u041e\u041e \"\u041d\u043e\u0432\u0440\u0435\u043c\u0434\u043e\u0440\u043c\u0430\u0448\""},{"name":"\u0410\u0421\u0411\u043b-10 3\u0445240 \u043e\u0436","amount":"0,197","amount_parts":"","unit":"\u043a\u043c","city":"\u041a\u0430\u0437\u0430\u043d\u044c","company_id":"12337","company_name":"\u041e\u041e\u041e \"\u041a\u043e\u043d\u0442\u0440\u0430\u043a\u0442\""},{"name":"\u0410\u0421\u0411\u043b-10 3\u0445240 \u043e\u0436","amount":"4,032","amount_parts":"0,503; 0,505; 0,505; 0,502; 0,505; 0,503; 0,505; 0,504","unit":"\u043a\u043c","city":"\u041c\u043e\u0441\u043a\u0432\u0430","company_id":"19030","company_name":"\u041e\u041e\u041e \u0413\u0440\u0443\u043f\u043f \u043a\u043e\u043c\u043f\u0430\u043d\u0438\u0439 \u041a\u0420\u0410\u041c"},{"name":"\u0410\u0421\u0411\u043b-10 3\u0445240 \u043e\u0436","amount":"0,17","amount_parts":"","unit":"\u043a\u043c","city":"\u0421\u0430\u043d\u043a\u0442-\u041f\u0435\u0442\u0435\u0440\u0431\u0443\u0440\u0433","company_id":"3660","company_name":"\u041e\u041e\u041e \u041a\u0430\u0431\u0435\u043b\u044c\u0413\u0440\u0443\u043f\u043f"},{"name":"\u0410\u0421\u0411\u043b-10 3\u0445240 \u043e\u0436","amount":"2,962","amount_parts":"","unit":"\u043a\u043c","city":"\u041c\u043e\u0441\u043a\u0432\u0430","company_id":"17486","company_name":"\u041e\u041e\u041e \u042d\u043b\u043a\u043e\u043c-\u042d\u043b\u0435\u043a\u0442\u0440\u043e"},{"name":"\u0410\u0421\u0411\u043b-10 3\u0445240 \u043e\u0436","amount":"0,71","amount_parts":"","unit":"\u043a\u043c","city":"\u041c\u043e\u0441\u043a\u0432\u0430","company_id":"22412","company_name":"\u041e\u041e\u041e \u041a\u041e\u0420\u041f\u041e\u0420\u0410\u0426\u0418\u042f \u0411\u0430\u043b\u0442\u041f\u0440\u043e\u043c\u041a\u043e\u043c\u043f\u043b\u0435\u043a\u0442"},{"name":"\u0410\u0421\u0411\u043b-10 3\u0445240 \u043e\u0436","amount":"0,109","amount_parts":"","unit":"\u043a\u043c","city":"\u041f\u0435\u0440\u043c\u044c","company_id":"16985","company_name":"\u041e\u041e\u041e \"\u041d\u043e\u0432\u0440\u0435\u043c\u0434\u043e\u0440\u043c\u0430\u0448\""}],"performedDatetime":"2014-07-29T11:49:02Z","authStatus":"0","accessDateEnd":""}
=====

select s.id, s.comp_id, s.title, s.quant, s.unit_id, s.comments, s.city from
		sklad_tovar s where visible=1 and (title like 'Асбл-10%' or title like '% Асбл-10%' or title like '%Асбл-10%' or title like '%Асбл-10%') and (title like '3х240%' or title like '% 3х240%' or title like '%3x240%') order by  s.title LIMIT 0, 20
q2: select count(id) from sklad_tovar s where visible=1 and (title like 'Асбл-10%' or title like '% Асбл-10%' or title like '%Асбл-10%' or title like '%Асбл-10%') and (title like '3х240%' or title like '% 3х240%' or title like '%3x240%')
 auth: 100 
=====
Query:
performedDatetime: 2014-07-29 11:49:25  0000
action: get_goods_data
sklad_user: Гость
appleId: D3828C61-B9BC-41F3-81E6-2E6B1690AB22
sklad_hash: a03d9d92c2cbf3e5211d91d4acac3880
searchTerm: Асбл-10 3х240
resultsFrom: 1
sort: 0
cityFilter: 

=====
Response:
{"action":"get_goods_data","searchTerm":"\u0410\u0441\u0431\u043b-10 3\u0445240","resultsFrom":1,"sort":0,"cityFilter":"","code":0,"resultsCount":"22","lastPage":1,"data":[{"name":"\u0410\u0421\u0411\u043b-10, 3\u0425240, \u043c\u043d, \u043e\u0436","amount":"7","amount_parts":"","unit":"\u043a\u043c","city":"\u041a\u0430\u043b\u0438\u043d\u0438\u043d\u0433\u0440\u0430\u0434","company_id":"21469","company_name":"\u041e\u041e\u041e \u0421\u043f\u043b\u0430\u0432\u042d\u043a\u0441\u043f\u0435\u0440\u0442"},{"name":"\u0410\u0421\u0411\u043b-10-\u043e\u0436 3\u0445240","amount":"0,038","amount_parts":"","unit":"\u043a\u043c","city":"\u041c\u043e\u0441\u043a\u0432\u0430","company_id":"4864","company_name":"\u041e\u041e\u041e \u0423\u043d\u0438\u0432\u0435\u0440\u0441\u0438\u0442\u0435\u0442  \u0441\u0435\u0440\u0432\u0438\u0441"}],"performedDatetime":"2014-07-29T11:49:23Z","authStatus":"0","accessDateEnd":""}
=====

select s.id, s.comp_id, s.title, s.quant, s.unit_id, s.comments, s.city from
		sklad_tovar s where visible=1 and (title like 'Асбл-10%' or title like '% Асбл-10%' or title like '%Асбл-10%' or title like '%Асбл-10%') and (title like '3х240%' or title like '% 3х240%' or title like '%3x240%') order by  s.title LIMIT 20, 20
q2: select count(id) from sklad_tovar s where visible=1 and (title like 'Асбл-10%' or title like '% Асбл-10%' or title like '%Асбл-10%' or title like '%Асбл-10%') and (title like '3х240%' or title like '% 3х240%' or title like '%3x240%')
 auth: 100 
=====
Query:
performedDatetime: 2014-07-29 11:49:41  0000
action: get_goods_data
sklad_user: Гость
appleId: D3828C61-B9BC-41F3-81E6-2E6B1690AB22
sklad_hash: a03d9d92c2cbf3e5211d91d4acac3880
searchTerm: Асбл-10 3х240
resultsFrom: 0
sort: 3
cityFilter: 

=====
Response:
{"action":"get_goods_data","searchTerm":"\u0410\u0441\u0431\u043b-10 3\u0445240","resultsFrom":0,"sort":"3","cityFilter":"","code":0,"resultsCount":"22","lastPage":0,"data":[{"name":"\u0410\u0421\u0411\u043b-10 3\u0445240 (\u043e\u0436)","amount":"9,5","amount_parts":"","unit":"\u043a\u043c","city":"\u041c\u043e\u0441\u043a\u0432\u0430","company_id":"19542","company_name":"\u041e\u041e\u041e \"\u042d\u041b\u0418\u0421-\u0413\u0420\u0423\u041f\u041f\""},{"name":"\u0410\u0421\u0411\u043b-10, 3\u0425240, \u043c\u043d, \u043e\u0436","amount":"7","amount_parts":"","unit":"\u043a\u043c","city":"\u041a\u0430\u043b\u0438\u043d\u0438\u043d\u0433\u0440\u0430\u0434","company_id":"21469","company_name":"\u041e\u041e\u041e \u0421\u043f\u043b\u0430\u0432\u042d\u043a\u0441\u043f\u0435\u0440\u0442"},{"name":"\u0410\u0421\u0411\u043b-10 3\u0445240 \u043e\u0436","amount":"4,032","amount_parts":"0,503; 0,505; 0,505; 0,502; 0,505; 0,503; 0,505; 0,504","unit":"\u043a\u043c","city":"\u041c\u043e\u0441\u043a\u0432\u0430","company_id":"19030","company_name":"\u041e\u041e\u041e \u0413\u0440\u0443\u043f\u043f \u043a\u043e\u043c\u043f\u0430\u043d\u0438\u0439 \u041a\u0420\u0410\u041c"},{"name":"\u0410\u0421\u0411\u043b-10 3\u0445240 \u043e\u0436","amount":"2,962","amount_parts":"","unit":"\u043a\u043c","city":"\u041c\u043e\u0441\u043a\u0432\u0430","company_id":"17486","company_name":"\u041e\u041e\u041e \u042d\u043b\u043a\u043e\u043c-\u042d\u043b\u0435\u043a\u0442\u0440\u043e"},{"name":"\u0410\u0421\u0411\u043b-10 3\u0445240 \u043c\u043d","amount":"2,51","amount_parts":"","unit":"\u043a\u043c","city":"\u041c\u043e\u0441\u043a\u0432\u0430","company_id":"23649","company_name":"\u041e\u041e\u041e \"\u0421\u0410\u041d\u0412\u0418\""},{"name":"\u0410\u0421\u0411\u043b-10 3\u0445240 (\u043c\u043d)","amount":"1,056","amount_parts":"0.3; 0.376; 0.38; ","unit":"\u043a\u043c","city":"\u041c\u043e\u0441\u043a\u0432\u0430","company_id":"4663","company_name":"\u041e\u041e\u041e \u0412\u0435\u0441\u0442\u044d\u043b"},{"name":"\u0410\u0421\u0411\u043b-10 3\u0445240","amount":"1","amount_parts":"","unit":"\u043a\u043c","city":"\u041c\u043e\u0441\u043a\u0432\u0430","company_id":"1037","company_name":"\u041e\u041e\u041e \u042d\u043d\u0435\u0440\u0433\u043e\u0421\u0438\u0442\u0438"},{"name":"\u0410\u0421\u0411\u043b-10 3\u0425240","amount":"0,974","amount_parts":"","unit":"\u043a\u043c","city":"\u041f\u0435\u0440\u043c\u044c","company_id":"13338","company_name":"\u041e\u041e\u041e \u042d\u0422\u041a \u042d\u043d\u0435\u0440\u0433\u043e\u043a\u043e\u043c\u043f\u043b\u0435\u043a\u0441"},{"name":"\u0410\u0421\u0411\u043b-10 3\u0445240 \u043c\u043d","amount":"0,72","amount_parts":"250;470","unit":"\u043a\u043c","city":"\u041c\u043e\u0441\u043a\u0432\u0430","company_id":"4879","company_name":"\u041e\u041e\u041e \u0422\u0414 \u0414\u044d\u043b\u044c\u0442\u0430 \u0413\u0440\u0443\u043f\u043f \u041c"},{"name":"\u0410\u0421\u0411\u043b-10 3\u0445240 \u043e\u0436","amount":"0,71","amount_parts":"","unit":"\u043a\u043c","city":"\u0421\u0430\u043d\u043a\u0442-\u041f\u0435\u0442\u0435\u0440\u0431\u0443\u0440\u0433","company_id":"16940","company_name":"\u041e\u041e\u041e \"\u041e\u043f\u0442\u0413\u0440\u0443\u043f\u043f\""},{"name":"\u0410\u0421\u0411\u043b-10 3\u0445240 \u043e\u0436","amount":"0,71","amount_parts":"","unit":"\u043a\u043c","city":"\u041c\u043e\u0441\u043a\u0432\u0430","company_id":"22412","company_name":"\u041e\u041e\u041e \u041a\u041e\u0420\u041f\u041e\u0420\u0410\u0426\u0418\u042f \u0411\u0430\u043b\u0442\u041f\u0440\u043e\u043c\u041a\u043e\u043c\u043f\u043b\u0435\u043a\u0442"},{"name":"\u0410\u0421\u0411\u043b-10 3\u0445240 \u043c\u043d","amount":"0,315","amount_parts":"","unit":"\u043a\u043c","city":"\u0421\u0430\u043d\u043a\u0442-\u041f\u0435\u0442\u0435\u0440\u0431\u0443\u0440\u0433","company_id":"16940","company_name":"\u041e\u041e\u041e \"\u041e\u043f\u0442\u0413\u0440\u0443\u043f\u043f\""},{"name":"\u0410\u0421\u0411\u043b-10 3\u0445240 \u043c\u043d","amount":"0,315","amount_parts":"","unit":"\u043a\u043c","city":"\u041c\u043e\u0441\u043a\u0432\u0430","company_id":"22412","company_name":"\u041e\u041e\u041e \u041a\u041e\u0420\u041f\u041e\u0420\u0410\u0426\u0418\u042f \u0411\u0430\u043b\u0442\u041f\u0440\u043e\u043c\u041a\u043e\u043c\u043f\u043b\u0435\u043a\u0442"},{"name":"\u0410\u0421\u0411\u043b-10 3\u0445240 (\u043e\u0436)","amount":"0,3","amount_parts":"","unit":"\u043a\u043c","city":"\u041c\u043e\u0441\u043a\u0432\u0430","company_id":"4663","company_name":"\u041e\u041e\u041e \u0412\u0435\u0441\u0442\u044d\u043b"},{"name":"\u0410\u0421\u0411\u043b-10 3\u0445240 \u043e\u0436","amount":"0,197","amount_parts":"","unit":"\u043a\u043c","city":"\u041a\u0430\u0437\u0430\u043d\u044c","company_id":"12337","company_name":"\u041e\u041e\u041e \"\u041a\u043e\u043d\u0442\u0440\u0430\u043a\u0442\""},{"name":"\u0410\u0421\u0411\u043b-10 3\u0445240 \u043e\u0436","amount":"0,17","amount_parts":"","unit":"\u043a\u043c","city":"\u0421\u0430\u043d\u043a\u0442-\u041f\u0435\u0442\u0435\u0440\u0431\u0443\u0440\u0433","company_id":"3660","company_name":"\u041e\u041e\u041e \u041a\u0430\u0431\u0435\u043b\u044c\u0413\u0440\u0443\u043f\u043f"},{"name":"\u0410\u0421\u0411\u043b-10 3\u0445240","amount":"0,146","amount_parts":"","unit":"\u043a\u043c","city":"\u041d\u043e\u0432\u043e\u043c\u043e\u0441\u043a\u043e\u0432\u0441\u043a","company_id":"16985","company_name":"\u041e\u041e\u041e \"\u041d\u043e\u0432\u0440\u0435\u043c\u0434\u043e\u0440\u043c\u0430\u0448\""},{"name":"\u0410\u0421\u0411\u043b-10 3\u0445240 \u043e\u0436","amount":"0,109","amount_parts":"","unit":"\u043a\u043c","city":"\u041f\u0435\u0440\u043c\u044c","company_id":"16985","company_name":"\u041e\u041e\u041e \"\u041d\u043e\u0432\u0440\u0435\u043c\u0434\u043e\u0440\u043c\u0430\u0448\""},{"name":"\u0410\u0421\u0411\u043b-10 3\u0445240 \u043e\u0436","amount":"0,1","amount_parts":"","unit":"\u043a\u043c","city":"\u041d\u043e\u0432\u043e\u043c\u043e\u0441\u043a\u043e\u0432\u0441\u043a","company_id":"16985","company_name":"\u041e\u041e\u041e \"\u041d\u043e\u0432\u0440\u0435\u043c\u0434\u043e\u0440\u043c\u0430\u0448\""},{"name":"\u0410\u0421\u0411\u043b-10 3\u0445240","amount":"0,077","amount_parts":"","unit":"\u043a\u043c","city":"\u041a\u0440\u0430\u0441\u043d\u043e\u0434\u0430\u0440","company_id":"13148","company_name":"\u041e\u041e\u041e \u0418\u043d\u0442\u0435\u0440\u043a\u043e\u043c"}],"performedDatetime":"2014-07-29T11:49:39Z","authStatus":"0","accessDateEnd":""}
=====

select s.id, s.comp_id, s.title, s.quant, s.unit_id, s.comments, s.city from
		sklad_tovar s where visible=1 and (title like 'Асбл-10%' or title like '% Асбл-10%' or title like '%Асбл-10%' or title like '%Асбл-10%') and (title like '3х240%' or title like '% 3х240%' or title like '%3x240%') order by s.q2 desc, s.title LIMIT 0, 20
q2: select count(id) from sklad_tovar s where visible=1 and (title like 'Асбл-10%' or title like '% Асбл-10%' or title like '%Асбл-10%' or title like '%Асбл-10%') and (title like '3х240%' or title like '% 3х240%' or title like '%3x240%')
 auth: 100 
=====
Query:
performedDatetime: 2014-07-29 11:49:51  0000
action: get_goods_data
sklad_user: Гость
appleId: D3828C61-B9BC-41F3-81E6-2E6B1690AB22
sklad_hash: a03d9d92c2cbf3e5211d91d4acac3880
searchTerm: Асбл-10 3х240
resultsFrom: 0
sort: 2
cityFilter: 

=====
Response:
{"action":"get_goods_data","searchTerm":"\u0410\u0441\u0431\u043b-10 3\u0445240","resultsFrom":0,"sort":"2","cityFilter":"","code":0,"resultsCount":"22","lastPage":0,"data":[{"name":"\u0410\u0421\u0411\u043b-10 3\u0445240 \u043c\u043d","amount":"0,011","amount_parts":"","unit":"\u043a\u043c","city":"\u041c\u043e\u0441\u043a\u0432\u0430","company_id":"140","company_name":"\u041e\u041e\u041e \u042d\u0422\u041c\u0421"},{"name":"\u0410\u0421\u0411\u043b-10-\u043e\u0436 3\u0445240","amount":"0,038","amount_parts":"","unit":"\u043a\u043c","city":"\u041c\u043e\u0441\u043a\u0432\u0430","company_id":"4864","company_name":"\u041e\u041e\u041e \u0423\u043d\u0438\u0432\u0435\u0440\u0441\u0438\u0442\u0435\u0442  \u0441\u0435\u0440\u0432\u0438\u0441"},{"name":"\u0410\u0421\u0411\u043b-10 3\u0445240","amount":"0,077","amount_parts":"","unit":"\u043a\u043c","city":"\u041a\u0440\u0430\u0441\u043d\u043e\u0434\u0430\u0440","company_id":"13148","company_name":"\u041e\u041e\u041e \u0418\u043d\u0442\u0435\u0440\u043a\u043e\u043c"},{"name":"\u0410\u0421\u0411\u043b-10 3\u0445240 \u043e\u0436","amount":"0,1","amount_parts":"","unit":"\u043a\u043c","city":"\u041d\u043e\u0432\u043e\u043c\u043e\u0441\u043a\u043e\u0432\u0441\u043a","company_id":"16985","company_name":"\u041e\u041e\u041e \"\u041d\u043e\u0432\u0440\u0435\u043c\u0434\u043e\u0440\u043c\u0430\u0448\""},{"name":"\u0410\u0421\u0411\u043b-10 3\u0445240 \u043e\u0436","amount":"0,109","amount_parts":"","unit":"\u043a\u043c","city":"\u041f\u0435\u0440\u043c\u044c","company_id":"16985","company_name":"\u041e\u041e\u041e \"\u041d\u043e\u0432\u0440\u0435\u043c\u0434\u043e\u0440\u043c\u0430\u0448\""},{"name":"\u0410\u0421\u0411\u043b-10 3\u0445240","amount":"0,146","amount_parts":"","unit":"\u043a\u043c","city":"\u041d\u043e\u0432\u043e\u043c\u043e\u0441\u043a\u043e\u0432\u0441\u043a","company_id":"16985","company_name":"\u041e\u041e\u041e \"\u041d\u043e\u0432\u0440\u0435\u043c\u0434\u043e\u0440\u043c\u0430\u0448\""},{"name":"\u0410\u0421\u0411\u043b-10 3\u0445240 \u043e\u0436","amount":"0,17","amount_parts":"","unit":"\u043a\u043c","city":"\u0421\u0430\u043d\u043a\u0442-\u041f\u0435\u0442\u0435\u0440\u0431\u0443\u0440\u0433","company_id":"3660","company_name":"\u041e\u041e\u041e \u041a\u0430\u0431\u0435\u043b\u044c\u0413\u0440\u0443\u043f\u043f"},{"name":"\u0410\u0421\u0411\u043b-10 3\u0445240 \u043e\u0436","amount":"0,197","amount_parts":"","unit":"\u043a\u043c","city":"\u041a\u0430\u0437\u0430\u043d\u044c","company_id":"12337","company_name":"\u041e\u041e\u041e \"\u041a\u043e\u043d\u0442\u0440\u0430\u043a\u0442\""},{"name":"\u0410\u0421\u0411\u043b-10 3\u0445240 (\u043e\u0436)","amount":"0,3","amount_parts":"","unit":"\u043a\u043c","city":"\u041c\u043e\u0441\u043a\u0432\u0430","company_id":"4663","company_name":"\u041e\u041e\u041e \u0412\u0435\u0441\u0442\u044d\u043b"},{"name":"\u0410\u0421\u0411\u043b-10 3\u0445240 \u043c\u043d","amount":"0,315","amount_parts":"","unit":"\u043a\u043c","city":"\u0421\u0430\u043d\u043a\u0442-\u041f\u0435\u0442\u0435\u0440\u0431\u0443\u0440\u0433","company_id":"16940","company_name":"\u041e\u041e\u041e \"\u041e\u043f\u0442\u0413\u0440\u0443\u043f\u043f\""},{"name":"\u0410\u0421\u0411\u043b-10 3\u0445240 \u043c\u043d","amount":"0,315","amount_parts":"","unit":"\u043a\u043c","city":"\u041c\u043e\u0441\u043a\u0432\u0430","company_id":"22412","company_name":"\u041e\u041e\u041e \u041a\u041e\u0420\u041f\u041e\u0420\u0410\u0426\u0418\u042f \u0411\u0430\u043b\u0442\u041f\u0440\u043e\u043c\u041a\u043e\u043c\u043f\u043b\u0435\u043a\u0442"},{"name":"\u0410\u0421\u0411\u043b-10 3\u0445240 \u043e\u0436","amount":"0,71","amount_parts":"","unit":"\u043a\u043c","city":"\u0421\u0430\u043d\u043a\u0442-\u041f\u0435\u0442\u0435\u0440\u0431\u0443\u0440\u0433","company_id":"16940","company_name":"\u041e\u041e\u041e \"\u041e\u043f\u0442\u0413\u0440\u0443\u043f\u043f\""},{"name":"\u0410\u0421\u0411\u043b-10 3\u0445240 \u043e\u0436","amount":"0,71","amount_parts":"","unit":"\u043a\u043c","city":"\u041c\u043e\u0441\u043a\u0432\u0430","company_id":"22412","company_name":"\u041e\u041e\u041e \u041a\u041e\u0420\u041f\u041e\u0420\u0410\u0426\u0418\u042f \u0411\u0430\u043b\u0442\u041f\u0440\u043e\u043c\u041a\u043e\u043c\u043f\u043b\u0435\u043a\u0442"},{"name":"\u0410\u0421\u0411\u043b-10 3\u0445240 \u043c\u043d","amount":"0,72","amount_parts":"250;470","unit":"\u043a\u043c","city":"\u041c\u043e\u0441\u043a\u0432\u0430","company_id":"4879","company_name":"\u041e\u041e\u041e \u0422\u0414 \u0414\u044d\u043b\u044c\u0442\u0430 \u0413\u0440\u0443\u043f\u043f \u041c"},{"name":"\u0410\u0421\u0411\u043b-10 3\u0425240","amount":"0,974","amount_parts":"","unit":"\u043a\u043c","city":"\u041f\u0435\u0440\u043c\u044c","company_id":"13338","company_name":"\u041e\u041e\u041e \u042d\u0422\u041a \u042d\u043d\u0435\u0440\u0433\u043e\u043a\u043e\u043c\u043f\u043b\u0435\u043a\u0441"},{"name":"\u0410\u0421\u0411\u043b-10 3\u0445240","amount":"1","amount_parts":"","unit":"\u043a\u043c","city":"\u041c\u043e\u0441\u043a\u0432\u0430","company_id":"1037","company_name":"\u041e\u041e\u041e \u042d\u043d\u0435\u0440\u0433\u043e\u0421\u0438\u0442\u0438"},{"name":"\u0410\u0421\u0411\u043b-10 3\u0445240 (\u043c\u043d)","amount":"1,056","amount_parts":"0.3; 0.376; 0.38; ","unit":"\u043a\u043c","city":"\u041c\u043e\u0441\u043a\u0432\u0430","company_id":"4663","company_name":"\u041e\u041e\u041e \u0412\u0435\u0441\u0442\u044d\u043b"},{"name":"\u0410\u0421\u0411\u043b-10 3\u0445240 \u043c\u043d","amount":"2,51","amount_parts":"","unit":"\u043a\u043c","city":"\u041c\u043e\u0441\u043a\u0432\u0430","company_id":"23649","company_name":"\u041e\u041e\u041e \"\u0421\u0410\u041d\u0412\u0418\""},{"name":"\u0410\u0421\u0411\u043b-10 3\u0445240 \u043e\u0436","amount":"2,962","amount_parts":"","unit":"\u043a\u043c","city":"\u041c\u043e\u0441\u043a\u0432\u0430","company_id":"17486","company_name":"\u041e\u041e\u041e \u042d\u043b\u043a\u043e\u043c-\u042d\u043b\u0435\u043a\u0442\u0440\u043e"},{"name":"\u0410\u0421\u0411\u043b-10 3\u0445240 \u043e\u0436","amount":"4,032","amount_parts":"0,503; 0,505; 0,505; 0,502; 0,505; 0,503; 0,505; 0,504","unit":"\u043a\u043c","city":"\u041c\u043e\u0441\u043a\u0432\u0430","company_id":"19030","company_name":"\u041e\u041e\u041e \u0413\u0440\u0443\u043f\u043f \u043a\u043e\u043c\u043f\u0430\u043d\u0438\u0439 \u041a\u0420\u0410\u041c"}],"performedDatetime":"2014-07-29T11:49:49Z","authStatus":"0","accessDateEnd":""}
=====

select s.id, s.comp_id, s.title, s.quant, s.unit_id, s.comments, s.city from
		sklad_tovar s where visible=1 and (title like 'Асбл-10%' or title like '% Асбл-10%' or title like '%Асбл-10%' or title like '%Асбл-10%') and (title like '3х240%' or title like '% 3х240%' or title like '%3x240%') order by s.q2 asc, s.title LIMIT 0, 20
q2: select count(id) from sklad_tovar s where visible=1 and (title like 'Асбл-10%' or title like '% Асбл-10%' or title like '%Асбл-10%' or title like '%Асбл-10%') and (title like '3х240%' or title like '% 3х240%' or title like '%3x240%')
 auth: 100 
=====
Query:
performedDatetime: 2014-07-29 12:07:36  0000
action: get_text

=====
Response:
{"action":"get_text","code":0,"data":"","performedDatetime":"2014-07-29T12:07:38Z","authStatus":"10"}
=====


q2: 
 auth: 0 
=====
Query:
performedDatetime: 2014-07-29 12:07:51  0000
action: get_goods_data
sklad_user: Гость
appleId: FC4D5CDA-47A8-4098-8901-869CF421D08F
sklad_hash: eb872eaf1b3999852c734fd1e35bdde6
searchTerm: Ппг
resultsFrom: 0
sort: 0
cityFilter: 

=====
Response:
{"action":"get_goods_data","searchTerm":"\u041f\u043f\u0433","resultsFrom":0,"sort":0,"cityFilter":"","code":0,"resultsCount":"436","lastPage":0,"data":[{"name":"\u041f\u041f\u0413 3 \u0445 1,5 - 1 \u043a\u0412 (\u043d\u0433HF) (\u0410)","amount":"19","amount_parts":"","unit":"\u043a\u043c","city":"\u0415\u043a\u0430\u0442\u0435\u0440\u0438\u043d\u0431\u0443\u0440\u0433","company_id":"19522","company_name":"\u041e\u041e\u041e  \u0421\u043c-\u041a\u0430\u0431\u0435\u043b\u044c"},{"name":"\u041f\u041f\u0413 3 \u0445 2,5 (\u043d\u0433HF) (\u0410)","amount":"14,96","amount_parts":"","unit":"\u043a\u043c","city":"\u0415\u043a\u0430\u0442\u0435\u0440\u0438\u043d\u0431\u0443\u0440\u0433","company_id":"19522","company_name":"\u041e\u041e\u041e  \u0421\u043c-\u041a\u0430\u0431\u0435\u043b\u044c"},{"name":"\u041f\u041f\u0413 3 \u0445 6 - 1 (\u043d\u0433HF)(\u0410)","amount":"4,47","amount_parts":"","unit":"\u043a\u043c","city":"\u0415\u043a\u0430\u0442\u0435\u0440\u0438\u043d\u0431\u0443\u0440\u0433","company_id":"19522","company_name":"\u041e\u041e\u041e  \u0421\u043c-\u041a\u0430\u0431\u0435\u043b\u044c"},{"name":"\u041f\u041f\u0413 4\u044595","amount":"0,095","amount_parts":"","unit":"\u043a\u043c","city":"\u041f\u0435\u0440\u043c\u044c","company_id":"3601","company_name":"\u041e\u041e\u041e \"\u0422\u041c\u041a-\u042d\u041d\u0415\u0420\u0413\u041e\""},{"name":"\u041f\u041f\u0413 4\u044595","amount":"0,095","amount_parts":"","unit":"\u043a\u043c","city":"\u041f\u0435\u0440\u043c\u044c","company_id":"17640","company_name":"\u041e\u041e\u041e \"\u0415\u0432\u0440\u043e\u0441\u0442\u0440\u043e\u0439\""},{"name":"\u041f\u041f\u0413 \u043d\u0433 HF 4\u04451,5","amount":"0,6","amount_parts":"","unit":"\u043a\u043c","city":"\u041b\u044b\u0441\u044c\u0432\u0430","company_id":"19357","company_name":"\u041e\u041e\u041e \u0422\u0414 \"\u0423\u0440\u0430\u043b \u041f\u0430\u043a"},{"name":"\u041f\u041f\u0413(\u0410)\u043d\u0433-FRHF 5\u044510","amount":"0,17","amount_parts":"","unit":"\u043a\u043c","city":"\u041c\u043e\u0441\u043a\u0432\u0430","company_id":"1032","company_name":"\u041e\u041e\u041e \u0413\u041a \"\u041a\u0430\u0431\u0435\u043b\u044c\u0441\u0442\u0440\u043e\u0439\u0441\u0435\u0440\u0432\u0438\u0441\""},{"name":"\u041f\u041f\u0413(\u0410)\u043d\u0433-FRHF 5\u04456","amount":"1,422","amount_parts":"520; 1910.711; ","unit":"\u043a\u043c","city":"\u041c\u043e\u0441\u043a\u0432\u0430","company_id":"1032","company_name":"\u041e\u041e\u041e \u0413\u041a \"\u041a\u0430\u0431\u0435\u043b\u044c\u0441\u0442\u0440\u043e\u0439\u0441\u0435\u0440\u0432\u0438\u0441\""},{"name":"\u041f\u041f\u0413\u043d\u0433 (\u0410)-HF 2x1,5\u043e\u043a(N)-1","amount":"3,6","amount_parts":"","unit":"\u043a\u043c","city":"\u0415\u043a\u0430\u0442\u0435\u0440\u0438\u043d\u0431\u0443\u0440\u0433","company_id":"22323","company_name":"\u041e\u041e\u041e \u041f\u0420\u041e\u043a\u0430\u0431\u0435\u043b\u044c"},{"name":"\u041f\u041f\u0413\u043d\u0433 (\u0410)-HF 2x2,5\u043e\u043a(N)-1","amount":"3,5","amount_parts":"","unit":"\u043a\u043c","city":"\u0415\u043a\u0430\u0442\u0435\u0440\u0438\u043d\u0431\u0443\u0440\u0433","company_id":"22323","company_name":"\u041e\u041e\u041e \u041f\u0420\u041e\u043a\u0430\u0431\u0435\u043b\u044c"},{"name":"\u041f\u041f\u0413\u043d\u0433 (\u0410)-HF 3x1,5 RE-0,6\/1","amount":"2,9","amount_parts":"","unit":"\u043a\u043c","city":"\u0415\u043a\u0430\u0442\u0435\u0440\u0438\u043d\u0431\u0443\u0440\u0433","company_id":"22323","company_name":"\u041e\u041e\u041e \u041f\u0420\u041e\u043a\u0430\u0431\u0435\u043b\u044c"},{"name":"\u041f\u041f\u0413\u043d\u0433 (\u0410)-HF 3x1,5 RE-1","amount":"2,445","amount_parts":"","unit":"\u043a\u043c","city":"\u0415\u043a\u0430\u0442\u0435\u0440\u0438\u043d\u0431\u0443\u0440\u0433","company_id":"22323","company_name":"\u041e\u041e\u041e \u041f\u0420\u041e\u043a\u0430\u0431\u0435\u043b\u044c"},{"name":"\u041f\u041f\u0413\u043d\u0433 (\u0410)-HF 3x2,5 RE-1","amount":"3","amount_parts":"","unit":"\u043a\u043c","city":"\u0415\u043a\u0430\u0442\u0435\u0440\u0438\u043d\u0431\u0443\u0440\u0433","company_id":"22323","company_name":"\u041e\u041e\u041e \u041f\u0420\u041e\u043a\u0430\u0431\u0435\u043b\u044c"},{"name":"\u041f\u041f\u0413\u043d\u0433 (\u0410)-HF 3x4 RE-1","amount":"1,4","amount_parts":"","unit":"\u043a\u043c","city":"\u0415\u043a\u0430\u0442\u0435\u0440\u0438\u043d\u0431\u0443\u0440\u0433","company_id":"22323","company_name":"\u041e\u041e\u041e \u041f\u0420\u041e\u043a\u0430\u0431\u0435\u043b\u044c"},{"name":"\u041f\u041f\u0413\u043d\u0433 (\u0410)-HF 3\u04456 RE-1","amount":"1,18","amount_parts":"","unit":"\u043a\u043c","city":"\u0415\u043a\u0430\u0442\u0435\u0440\u0438\u043d\u0431\u0443\u0440\u0433","company_id":"22323","company_name":"\u041e\u041e\u041e \u041f\u0420\u041e\u043a\u0430\u0431\u0435\u043b\u044c"},{"name":"\u041f\u041f\u0413\u043d\u0433 (\u0410)-HF 5x1,5 RE-0,6\/1","amount":"2","amount_parts":"","unit":"\u043a\u043c","city":"\u0415\u043a\u0430\u0442\u0435\u0440\u0438\u043d\u0431\u0443\u0440\u0433","company_id":"22323","company_name":"\u041e\u041e\u041e \u041f\u0420\u041e\u043a\u0430\u0431\u0435\u043b\u044c"},{"name":"\u041f\u041f\u0413\u043d\u0433 (\u0410)-HF 5x10 RM-1","amount":"2,36","amount_parts":"","unit":"\u043a\u043c","city":"\u0415\u043a\u0430\u0442\u0435\u0440\u0438\u043d\u0431\u0443\u0440\u0433","company_id":"22323","company_name":"\u041e\u041e\u041e \u041f\u0420\u041e\u043a\u0430\u0431\u0435\u043b\u044c"},{"name":"\u041f\u041f\u0413\u043d\u0433 (\u0410)-HF 5x2,5 RE-1","amount":"1,86","amount_parts":"","unit":"\u043a\u043c","city":"\u0415\u043a\u0430\u0442\u0435\u0440\u0438\u043d\u0431\u0443\u0440\u0433","company_id":"22323","company_name":"\u041e\u041e\u041e \u041f\u0420\u041e\u043a\u0430\u0431\u0435\u043b\u044c"},{"name":"\u041f\u041f\u0413\u043d\u0433 (\u0410)-HF 5x35 \u043c\u043a(N,PE)-1","amount":"0,28","amount_parts":"","unit":"\u043a\u043c","city":"\u0415\u043a\u0430\u0442\u0435\u0440\u0438\u043d\u0431\u0443\u0440\u0433","company_id":"22323","company_name":"\u041e\u041e\u041e \u041f\u0420\u041e\u043a\u0430\u0431\u0435\u043b\u044c"},{"name":"\u041f\u041f\u0413\u043d\u0433 (\u0410)-HF 5x4 RE-0,6\/1","amount":"2","amount_parts":"","unit":"\u043a\u043c","city":"\u0415\u043a\u0430\u0442\u0435\u0440\u0438\u043d\u0431\u0443\u0440\u0433","company_id":"22323","company_name":"\u041e\u041e\u041e \u041f\u0420\u041e\u043a\u0430\u0431\u0435\u043b\u044c"}],"performedDatetime":"2014-07-29T12:07:56Z","authStatus":"0","accessDateEnd":""}
=====

select s.id, s.comp_id, s.title, s.quant, s.unit_id, s.comments, s.city from
		sklad_tovar s where visible=1 and (title like 'Ппг%' or title like '% Ппг%') order by  s.title LIMIT 0, 20
q2: select count(id) from sklad_tovar s where visible=1 and (title like 'Ппг%' or title like '% Ппг%')
 auth: 100 
=====
Query:
performedDatetime: 2014-07-29 12:08:24  0000
action: get_company_data
sklad_user: Гость
appleId: FC4D5CDA-47A8-4098-8901-869CF421D08F
sklad_hash: eb872eaf1b3999852c734fd1e35bdde6
company_id: 3601

=====
Response:
{"action":"get_company_data","code":0,"data":{"company_id":3601,"title":"\u041e\u041e\u041e \"\u0422\u041c\u041a-\u042d\u041d\u0415\u0420\u0413\u041e\"","city":"\u041f\u0435\u0440\u043c\u044c","address":"614030, \u0433. \u041f\u0435\u0440\u043c\u044c, \u0443\u043b. \u041f\u0438\u0441\u0430\u0440\u0435\u0432\u0430, 2\u0410, \u043e\u0444\u0438\u0441 \u2116 5","phone":"+7(342) 2700-889 \u0434\u043e\u0431.102, 8-922-640-60-39, 8-925-388-8885","email":"l-kabel2013@yandex.ru","contact":"\u0415\u043b\u0435\u043d\u0430 \u0411\u0430\u0442\u0443\u0445\u0442\u0438\u043d\u0430","goods_count":"1140","last_update":"29.07.2014"},"performedDatetime":"2014-07-29T12:08:27Z","authStatus":"0","accessDateEnd":""}
=====

select distinct city from sklad_tovar where comp_id= and city!='' order by city
q2: 
 auth: 100 
=====
Query:
performedDatetime: 2014-07-29 12:08:53  0000
action: get_goods_data
sklad_user: Гость
appleId: FC4D5CDA-47A8-4098-8901-869CF421D08F
sklad_hash: eb872eaf1b3999852c734fd1e35bdde6
searchTerm: Ппг
resultsFrom: 1
sort: 0
cityFilter: 

=====
Response:
{"action":"get_goods_data","searchTerm":"\u041f\u043f\u0433","resultsFrom":1,"sort":0,"cityFilter":"","code":0,"resultsCount":"436","lastPage":0,"data":[{"name":"\u041f\u041f\u0413\u043d\u0433 (\u0410)-HF 5x50 \u043c\u043a(N,PE)-1","amount":"0,172","amount_parts":"","unit":"\u043a\u043c","city":"\u0415\u043a\u0430\u0442\u0435\u0440\u0438\u043d\u0431\u0443\u0440\u0433","company_id":"22323","company_name":"\u041e\u041e\u041e \u041f\u0420\u041e\u043a\u0430\u0431\u0435\u043b\u044c"},{"name":"\u041f\u041f\u0413\u043d\u0433 (\u0410)-HF 5x6 RE-0,6\/1","amount":"1,72","amount_parts":"","unit":"\u043a\u043c","city":"\u0415\u043a\u0430\u0442\u0435\u0440\u0438\u043d\u0431\u0443\u0440\u0433","company_id":"22323","company_name":"\u041e\u041e\u041e \u041f\u0420\u041e\u043a\u0430\u0431\u0435\u043b\u044c"},{"name":"\u041f\u041f\u0413\u043d\u0433 (\u0410)-HF 5x70 \u043cc(N)-1","amount":"0,192","amount_parts":"","unit":"\u043a\u043c","city":"\u0415\u043a\u0430\u0442\u0435\u0440\u0438\u043d\u0431\u0443\u0440\u0433","company_id":"22323","company_name":"\u041e\u041e\u041e \u041f\u0420\u041e\u043a\u0430\u0431\u0435\u043b\u044c"},{"name":"\u041f\u041f\u0413\u043d\u0433 (\u0410)-HF 5x95 \u043cc(N)-1","amount":"0,232","amount_parts":"","unit":"\u043a\u043c","city":"\u0415\u043a\u0430\u0442\u0435\u0440\u0438\u043d\u0431\u0443\u0440\u0433","company_id":"22323","company_name":"\u041e\u041e\u041e \u041f\u0420\u041e\u043a\u0430\u0431\u0435\u043b\u044c"},{"name":"\u041f\u041f\u0413\u043d\u0433 (\u0410)-HF 5\u044516\u043c\u043a(N,PE)-1","amount":"1,676","amount_parts":"","unit":"\u043a\u043c","city":"\u0415\u043a\u0430\u0442\u0435\u0440\u0438\u043d\u0431\u0443\u0440\u0433","company_id":"22323","company_name":"\u041e\u041e\u041e \u041f\u0420\u041e\u043a\u0430\u0431\u0435\u043b\u044c"},{"name":"\u041f\u041f\u0413\u043d\u0433 (\u0410)-HF 5\u044525\u043c\u043a(N,PE)-1","amount":"0,676","amount_parts":"","unit":"\u043a\u043c","city":"\u0415\u043a\u0430\u0442\u0435\u0440\u0438\u043d\u0431\u0443\u0440\u0433","company_id":"22323","company_name":"\u041e\u041e\u041e \u041f\u0420\u041e\u043a\u0430\u0431\u0435\u043b\u044c"},{"name":"\u041f\u041f\u0413\u041d\u0413 19\u04451,5","amount":"0,148","amount_parts":"","unit":"\u043a\u043c","city":"\u0421\u0430\u043d\u043a\u0442-\u041f\u0435\u0442\u0435\u0440\u0431\u0443\u0440\u0433","company_id":"16940","company_name":"\u041e\u041e\u041e \"\u041e\u043f\u0442\u0413\u0440\u0443\u043f\u043f\""},{"name":"\u041f\u041f\u0413\u041d\u0413 19\u04451,5","amount":"0,148","amount_parts":"","unit":"\u043a\u043c","city":"\u041c\u043e\u0441\u043a\u0432\u0430","company_id":"22412","company_name":"\u041e\u041e\u041e \u041a\u041e\u0420\u041f\u041e\u0420\u0410\u0426\u0418\u042f \u0411\u0430\u043b\u0442\u041f\u0440\u043e\u043c\u041a\u043e\u043c\u043f\u043b\u0435\u043a\u0442"},{"name":"\u041f\u041f\u0413\u041d\u0413 2\u04451,5","amount":"0,22","amount_parts":"","unit":"\u043a\u043c","city":"\u0421\u0430\u043d\u043a\u0442-\u041f\u0435\u0442\u0435\u0440\u0431\u0443\u0440\u0433","company_id":"16940","company_name":"\u041e\u041e\u041e \"\u041e\u043f\u0442\u0413\u0440\u0443\u043f\u043f\""},{"name":"\u041f\u041f\u0413\u041d\u0413 2\u04451,5","amount":"0,22","amount_parts":"","unit":"\u043a\u043c","city":"\u041c\u043e\u0441\u043a\u0432\u0430","company_id":"22412","company_name":"\u041e\u041e\u041e \u041a\u041e\u0420\u041f\u041e\u0420\u0410\u0426\u0418\u042f \u0411\u0430\u043b\u0442\u041f\u0440\u043e\u043c\u041a\u043e\u043c\u043f\u043b\u0435\u043a\u0442"},{"name":"\u041f\u041f\u0413\u043d\u0433 5\u044516","amount":"0,023","amount_parts":"","unit":"\u043a\u043c","city":"\u041f\u0435\u0440\u043c\u044c","company_id":"3601","company_name":"\u041e\u041e\u041e \"\u0422\u041c\u041a-\u042d\u041d\u0415\u0420\u0413\u041e\""},{"name":"\u041f\u041f\u0413\u043d\u0433 5\u044516","amount":"0,023","amount_parts":"","unit":"\u043a\u043c","city":"\u041f\u0435\u0440\u043c\u044c","company_id":"17640","company_name":"\u041e\u041e\u041e \"\u0415\u0432\u0440\u043e\u0441\u0442\u0440\u043e\u0439\""},{"name":"\u041f\u041f\u0413\u043d\u0433(A)-HF 3\u04452,5\u043e\u043a(N,PE)-0,66","amount":"0,1","amount_parts":"","unit":"\u043a\u043c","city":"\u0421\u0430\u043d\u043a\u0442-\u041f\u0435\u0442\u0435\u0440\u0431\u0443\u0440\u0433","company_id":"12442","company_name":"\u041e\u041e\u041e \u041c\u0438\u0446\u0430\u0440"},{"name":"\u041f\u041f\u0413\u043d\u0433(A)-HF 4\u04452.5","amount":"0,055","amount_parts":"","unit":"\u043a\u043c","city":"\u041c\u043e\u0441\u043a\u0432\u0430","company_id":"8534","company_name":"\u041e\u041e\u041e \u0421\u0442\u0440\u043e\u0439\u0442\u0435\u0445\u0440\u0435\u0441\u0443\u0440\u0441"},{"name":"\u041f\u041f\u0413\u043d\u0433(\u0410)-FRHF 1\u04452,5","amount":"1,5","amount_parts":"","unit":"\u043a\u043c","city":"\u041c\u043e\u0441\u043a\u0432\u0430","company_id":"4930","company_name":"\u041e\u041e\u041e \u042d\u043b\u0435\u043a\u0442\u0440\u043e\u0442\u0435\u0445\u043d\u0438\u0447\u0435\u0441\u043a\u0438\u0435 \u0421\u0438\u0441\u0442\u0435\u043c\u044b"},{"name":"\u041f\u041f\u0413\u043d\u0433(\u0410)-FRHF 1\u04452,5 \u0447\u0435\u0440\u043d","amount":"0,435","amount_parts":"","unit":"\u043a\u043c","city":"\u041c\u043e\u0441\u043a\u0432\u0430","company_id":"4930","company_name":"\u041e\u041e\u041e \u042d\u043b\u0435\u043a\u0442\u0440\u043e\u0442\u0435\u0445\u043d\u0438\u0447\u0435\u0441\u043a\u0438\u0435 \u0421\u0438\u0441\u0442\u0435\u043c\u044b"},{"name":"\u041f\u041f\u0413\u043d\u0433(\u0410)-FRHF 2\u04451,5","amount":"2,1","amount_parts":"","unit":"\u043a\u043c","city":"\u041c\u043e\u0441\u043a\u0432\u0430","company_id":"4930","company_name":"\u041e\u041e\u041e \u042d\u043b\u0435\u043a\u0442\u0440\u043e\u0442\u0435\u0445\u043d\u0438\u0447\u0435\u0441\u043a\u0438\u0435 \u0421\u0438\u0441\u0442\u0435\u043c\u044b"},{"name":"\u041f\u041f\u0413\u043d\u0433(\u0410)-FRHF 2\u04451,5 \u043e\u043a (PE,N)","amount":"0,055","amount_parts":"","unit":"\u043a\u043c","city":"\u041c\u043e\u0441\u043a\u0432\u0430","company_id":"4930","company_name":"\u041e\u041e\u041e \u042d\u043b\u0435\u043a\u0442\u0440\u043e\u0442\u0435\u0445\u043d\u0438\u0447\u0435\u0441\u043a\u0438\u0435 \u0421\u0438\u0441\u0442\u0435\u043c\u044b"},{"name":"\u041f\u041f\u0413\u043d\u0433(\u0410)-FRHF 2\u04451,5 \u043e\u043a -1","amount":"5,283","amount_parts":"","unit":"\u043a\u043c","city":"\u041c\u043e\u0441\u043a\u0432\u0430","company_id":"17486","company_name":"\u041e\u041e\u041e \u042d\u043b\u043a\u043e\u043c-\u042d\u043b\u0435\u043a\u0442\u0440\u043e"},{"name":"\u041f\u041f\u0413\u043d\u0433(\u0410)-FRHF 2\u044516\u043c\u043a(N)-1","amount":"0,39","amount_parts":"","unit":"\u043a\u043c","city":"\u041a\u043e\u043b\u044c\u0447\u0443\u0433\u0438\u043d\u043e","company_id":"4826","company_name":"\u041e\u041e\u041e \u041c\u041a\u0421"}],"performedDatetime":"2014-07-29T12:08:55Z","authStatus":"0","accessDateEnd":""}
=====

select s.id, s.comp_id, s.title, s.quant, s.unit_id, s.comments, s.city from
		sklad_tovar s where visible=1 and (title like 'Ппг%' or title like '% Ппг%') order by  s.title LIMIT 20, 20
q2: select count(id) from sklad_tovar s where visible=1 and (title like 'Ппг%' or title like '% Ппг%')
 auth: 100 
=====
Query:
performedDatetime: 2014-07-29 19:44:26  0000
action: get_text

=====
Response:
{"action":"get_text","code":0,"data":"","performedDatetime":"2014-07-29T19:44:28Z","authStatus":"10"}
=====


q2: 
 auth: 0 
=====
