Query:
performedDatetime: 2014-07-25 06:09:27  0000
action: check_user_rights
sklad_user: Rassvet_podolsk
appleId: A651910C-1201-4E00-8104-7C5D2FBCB415
sklad_hash: 8be4f98b9bf74015352c155b74d943b8

=====
Response:
{"action":"check_user_rights","code":0,"performedDatetime":"2014-07-25T06:09:31Z","authStatus":"10"}
=====


q2: 
 auth: 0 
=====
Query:
performedDatetime: 2014-07-25 06:13:29  0000
action: check_user_rights
sklad_user: rassvet_podolsk
appleId: A651910C-1201-4E00-8104-7C5D2FBCB415
sklad_hash: 8be4f98b9bf74015352c155b74d943b8

=====
Response:
{"action":"check_user_rights","code":0,"performedDatetime":"2014-07-25T06:13:34Z","authStatus":"10"}
=====


q2: 
 auth: 0 
=====
Query:
performedDatetime: 2014-07-25 06:14:17  0000
action: check_user_rights
sklad_user: rassvet_podolsk
appleId: A651910C-1201-4E00-8104-7C5D2FBCB415
sklad_hash: 8be4f98b9bf74015352c155b74d943b8

=====
Response:
{"action":"check_user_rights","code":0,"performedDatetime":"2014-07-25T06:14:20Z","authStatus":"10"}
=====


q2: 
 auth: 0 
=====
Query:
performedDatetime: 2014-07-25 06:14:32  0000
action: get_text

=====
Response:
{"action":"get_text","code":0,"data":"","performedDatetime":"2014-07-25T06:14:35Z","authStatus":"10"}
=====


q2: 
 auth: 0 
=====
Query:
performedDatetime: 2014-07-25 06:15:21  0000
action: get_city_list

=====
Response:
{"action":"get_city_list","code":0,"data":["\u0410\u0440\u0445\u0430\u043d\u0433\u0435\u043b\u044c\u0441\u043a","\u0410\u0441\u0442\u0430\u043d\u0430","\u0412\u043e\u043b\u0433\u043e\u0433\u0440\u0430\u0434","\u0412\u043e\u043b\u043e\u0433\u0434\u0430","\u0412\u043e\u0440\u043e\u043d\u0435\u0436","\u0412\u043e\u0441\u043a\u0440\u0435\u0441\u0435\u043d\u0441\u043a","\u0415\u043a\u0430\u0442\u0435\u0440\u0438\u043d\u0431\u0443\u0440\u0433","\u041a\u0430\u0437\u0430\u043d\u044c","\u041a\u0430\u043b\u0438\u043d\u0438\u043d\u0433\u0440\u0430\u0434","\u041a\u0430\u043b\u0438\u043d\u043d\u0433\u0440\u0430\u0434","\u041a\u0438\u0440\u043e\u0432","\u041a\u043e\u043b\u044c\u0447\u0443\u0433\u0438\u043d\u043e","\u041a\u0440\u0430\u0441\u043d\u043e\u0434\u0430\u0440","\u041a\u0440\u0430\u0441\u043d\u043e\u044f\u0440\u0441\u043a","\u041a\u0443\u0440\u0441\u043a","\u041b\u044b\u0441\u044c\u0432\u0430","\u041b\u044e\u0431\u0435\u0440\u0446\u044b","\u041b\u044e\u0434\u0438\u043d\u043e\u0432\u043e","\u041c\u0430\u0440\u0438\u0438\u043d\u0441\u043a\u0438\u0439 \u041f\u043e\u0441\u0430\u0434","\u041c\u043e\u0441\u043a\u0432\u0430","\u041c\u043e\u0441\u043a\u043e\u0432\u0441\u043a\u0430\u044f \u043e\u0431\u043b., \u0433. \u0425\u0438\u043c\u043a\u0438","\u041c\u043e\u0441\u043a\u043e\u0432\u0441\u043a\u0430\u044f \u043e\u0431\u043b\u0430\u0441\u0442\u044c, \u043f. \u041d\u0430\u0445\u0430\u0431\u0438\u043d\u043e","\u041d\u0438\u0436\u043d\u0438\u0439 \u041d\u043e\u0432\u0433\u043e\u0440\u043e\u0434","\u041d\u043e\u0432\u043e\u043c\u043e\u0441\u043a\u043e\u0432\u0441\u043a","\u041d\u043e\u0432\u043e\u0441\u0438\u0431\u0438\u0440\u0441\u043a","\u041d\u043e\u0433\u0438\u043d\u0441\u043a","\u041e\u0431\u043d\u0438\u043d\u0441\u043a","\u041e\u043c\u0441\u043a","\u041f\u0430\u0432\u043b\u043e\u0434\u0430\u0440","\u041f\u0435\u0440\u043c\u044c","\u041f\u043e\u0434\u043e\u043b\u044c\u0441\u043a","\u0420\u0435\u0443\u0442\u043e\u0432","\u0420\u043e\u0441\u0442\u043e\u0432","\u0420\u043e\u0441\u0442\u043e\u0432-\u043d\u0430-\u0414\u043e\u043d\u0443","\u0421\u0430\u043c\u0430\u0440\u0430","\u0421\u0430\u043d\u043a\u0442-\u041f\u0435\u0442\u0435\u0440\u0431\u0443\u0440\u0433","\u0421\u0430\u0440\u0430\u043d\u0441\u043a","\u0422\u0432\u0435\u0440\u044c","\u0422\u043e\u043c\u0441\u043a","\u0423\u0444\u0430","\u0425\u0430\u0431\u0430\u0440\u043e\u0432\u0441\u043a","\u0427\u0435\u0431\u043e\u043a\u0441\u0430\u0440\u044b","\u0427\u0435\u043b\u044f\u0431\u0438\u043d\u0441\u043a","\u042f\u0440\u043e\u0441\u043b\u0430\u0432\u043b\u044c"],"performedDatetime":"2014-07-25T06:15:21Z","authStatus":"10"}
=====

select distinct city from sklad_tovar where city != '' order by city
q2: 
 auth: 0 
=====
Query:
performedDatetime: 2014-07-25 06:16:09  0000
action: get_city_list

=====
Response:
{"action":"get_city_list","code":0,"data":["\u0410\u0440\u0445\u0430\u043d\u0433\u0435\u043b\u044c\u0441\u043a","\u0410\u0441\u0442\u0430\u043d\u0430","\u0412\u043e\u043b\u0433\u043e\u0433\u0440\u0430\u0434","\u0412\u043e\u043b\u043e\u0433\u0434\u0430","\u0412\u043e\u0440\u043e\u043d\u0435\u0436","\u0412\u043e\u0441\u043a\u0440\u0435\u0441\u0435\u043d\u0441\u043a","\u0415\u043a\u0430\u0442\u0435\u0440\u0438\u043d\u0431\u0443\u0440\u0433","\u041a\u0430\u0437\u0430\u043d\u044c","\u041a\u0430\u043b\u0438\u043d\u0438\u043d\u0433\u0440\u0430\u0434","\u041a\u0430\u043b\u0438\u043d\u043d\u0433\u0440\u0430\u0434","\u041a\u0438\u0440\u043e\u0432","\u041a\u043e\u043b\u044c\u0447\u0443\u0433\u0438\u043d\u043e","\u041a\u0440\u0430\u0441\u043d\u043e\u0434\u0430\u0440","\u041a\u0440\u0430\u0441\u043d\u043e\u044f\u0440\u0441\u043a","\u041a\u0443\u0440\u0441\u043a","\u041b\u044b\u0441\u044c\u0432\u0430","\u041b\u044e\u0431\u0435\u0440\u0446\u044b","\u041b\u044e\u0434\u0438\u043d\u043e\u0432\u043e","\u041c\u0430\u0440\u0438\u0438\u043d\u0441\u043a\u0438\u0439 \u041f\u043e\u0441\u0430\u0434","\u041c\u043e\u0441\u043a\u0432\u0430","\u041c\u043e\u0441\u043a\u043e\u0432\u0441\u043a\u0430\u044f \u043e\u0431\u043b., \u0433. \u0425\u0438\u043c\u043a\u0438","\u041c\u043e\u0441\u043a\u043e\u0432\u0441\u043a\u0430\u044f \u043e\u0431\u043b\u0430\u0441\u0442\u044c, \u043f. \u041d\u0430\u0445\u0430\u0431\u0438\u043d\u043e","\u041d\u0438\u0436\u043d\u0438\u0439 \u041d\u043e\u0432\u0433\u043e\u0440\u043e\u0434","\u041d\u043e\u0432\u043e\u043c\u043e\u0441\u043a\u043e\u0432\u0441\u043a","\u041d\u043e\u0432\u043e\u0441\u0438\u0431\u0438\u0440\u0441\u043a","\u041d\u043e\u0433\u0438\u043d\u0441\u043a","\u041e\u0431\u043d\u0438\u043d\u0441\u043a","\u041e\u043c\u0441\u043a","\u041f\u0430\u0432\u043b\u043e\u0434\u0430\u0440","\u041f\u0435\u0440\u043c\u044c","\u041f\u043e\u0434\u043e\u043b\u044c\u0441\u043a","\u0420\u0435\u0443\u0442\u043e\u0432","\u0420\u043e\u0441\u0442\u043e\u0432","\u0420\u043e\u0441\u0442\u043e\u0432-\u043d\u0430-\u0414\u043e\u043d\u0443","\u0421\u0430\u043c\u0430\u0440\u0430","\u0421\u0430\u043d\u043a\u0442-\u041f\u0435\u0442\u0435\u0440\u0431\u0443\u0440\u0433","\u0421\u0430\u0440\u0430\u043d\u0441\u043a","\u0422\u0432\u0435\u0440\u044c","\u0422\u043e\u043c\u0441\u043a","\u0423\u0444\u0430","\u0425\u0430\u0431\u0430\u0440\u043e\u0432\u0441\u043a","\u0427\u0435\u0431\u043e\u043a\u0441\u0430\u0440\u044b","\u0427\u0435\u043b\u044f\u0431\u0438\u043d\u0441\u043a","\u042f\u0440\u043e\u0441\u043b\u0430\u0432\u043b\u044c"],"performedDatetime":"2014-07-25T06:16:11Z","authStatus":"10"}
=====

select distinct city from sklad_tovar where city != '' order by city
q2: 
 auth: 0 
=====
Query:
performedDatetime: 2014-07-25 06:16:17  0000
action: get_goods_data
sklad_user: Гость
appleId: A651910C-1201-4E00-8104-7C5D2FBCB415
sklad_hash: f59992c8db014f04b7279b0e297b953d
searchTerm: Ваг
resultsFrom: 0
sort: 0
cityFilter: Подольск

=====
Response:
{"action":"get_goods_data","searchTerm":"\u0412\u0430\u0433","resultsFrom":0,"code":0,"resultsCount":"0","data":[],"performedDatetime":"2014-07-25T06:16:17Z","authStatus":"0","accessDateEnd":""}
=====

select s.id, s.comp_id, s.title, s.quant, s.unit_id, s.comments, s.city from
		sklad_tovar s where city='Подольск' and s.visible=1 and (title like 'Ваг%' or title like '% Ваг%') order by  s.title LIMIT 0, 20
q2: select count(s.id) from sklad_tovar s where city='Подольск' and s.visible=1 and (title like 'Ваг%' or title like '% Ваг%')
 auth: 100 
=====
Query:
performedDatetime: 2014-07-25 06:16:21  0000
action: get_goods_data
sklad_user: Гость
appleId: A651910C-1201-4E00-8104-7C5D2FBCB415
sklad_hash: f59992c8db014f04b7279b0e297b953d
searchTerm: Ввгнг
resultsFrom: 0
sort: 0
cityFilter: Подольск

=====
Response:
{"action":"get_goods_data","searchTerm":"\u0412\u0432\u0433\u043d\u0433","resultsFrom":0,"code":0,"resultsCount":"0","data":[],"performedDatetime":"2014-07-25T06:16:22Z","authStatus":"0","accessDateEnd":""}
=====

select s.id, s.comp_id, s.title, s.quant, s.unit_id, s.comments, s.city from
		sklad_tovar s where city='Подольск' and s.visible=1 and (title like 'Ввгнг%' or title like '% Ввгнг%') order by  s.title LIMIT 0, 20
q2: select count(s.id) from sklad_tovar s where city='Подольск' and s.visible=1 and (title like 'Ввгнг%' or title like '% Ввгнг%')
 auth: 100 
=====
Query:
performedDatetime: 2014-07-25 06:16:26  0000
action: get_city_list

=====
Response:
{"action":"get_city_list","code":0,"data":["\u0410\u0440\u0445\u0430\u043d\u0433\u0435\u043b\u044c\u0441\u043a","\u0410\u0441\u0442\u0430\u043d\u0430","\u0412\u043e\u043b\u0433\u043e\u0433\u0440\u0430\u0434","\u0412\u043e\u043b\u043e\u0433\u0434\u0430","\u0412\u043e\u0440\u043e\u043d\u0435\u0436","\u0412\u043e\u0441\u043a\u0440\u0435\u0441\u0435\u043d\u0441\u043a","\u0415\u043a\u0430\u0442\u0435\u0440\u0438\u043d\u0431\u0443\u0440\u0433","\u041a\u0430\u0437\u0430\u043d\u044c","\u041a\u0430\u043b\u0438\u043d\u0438\u043d\u0433\u0440\u0430\u0434","\u041a\u0430\u043b\u0438\u043d\u043d\u0433\u0440\u0430\u0434","\u041a\u0438\u0440\u043e\u0432","\u041a\u043e\u043b\u044c\u0447\u0443\u0433\u0438\u043d\u043e","\u041a\u0440\u0430\u0441\u043d\u043e\u0434\u0430\u0440","\u041a\u0440\u0430\u0441\u043d\u043e\u044f\u0440\u0441\u043a","\u041a\u0443\u0440\u0441\u043a","\u041b\u044b\u0441\u044c\u0432\u0430","\u041b\u044e\u0431\u0435\u0440\u0446\u044b","\u041b\u044e\u0434\u0438\u043d\u043e\u0432\u043e","\u041c\u0430\u0440\u0438\u0438\u043d\u0441\u043a\u0438\u0439 \u041f\u043e\u0441\u0430\u0434","\u041c\u043e\u0441\u043a\u0432\u0430","\u041c\u043e\u0441\u043a\u043e\u0432\u0441\u043a\u0430\u044f \u043e\u0431\u043b., \u0433. \u0425\u0438\u043c\u043a\u0438","\u041c\u043e\u0441\u043a\u043e\u0432\u0441\u043a\u0430\u044f \u043e\u0431\u043b\u0430\u0441\u0442\u044c, \u043f. \u041d\u0430\u0445\u0430\u0431\u0438\u043d\u043e","\u041d\u0438\u0436\u043d\u0438\u0439 \u041d\u043e\u0432\u0433\u043e\u0440\u043e\u0434","\u041d\u043e\u0432\u043e\u043c\u043e\u0441\u043a\u043e\u0432\u0441\u043a","\u041d\u043e\u0432\u043e\u0441\u0438\u0431\u0438\u0440\u0441\u043a","\u041d\u043e\u0433\u0438\u043d\u0441\u043a","\u041e\u0431\u043d\u0438\u043d\u0441\u043a","\u041e\u043c\u0441\u043a","\u041f\u0430\u0432\u043b\u043e\u0434\u0430\u0440","\u041f\u0435\u0440\u043c\u044c","\u041f\u043e\u0434\u043e\u043b\u044c\u0441\u043a","\u0420\u0435\u0443\u0442\u043e\u0432","\u0420\u043e\u0441\u0442\u043e\u0432","\u0420\u043e\u0441\u0442\u043e\u0432-\u043d\u0430-\u0414\u043e\u043d\u0443","\u0421\u0430\u043c\u0430\u0440\u0430","\u0421\u0430\u043d\u043a\u0442-\u041f\u0435\u0442\u0435\u0440\u0431\u0443\u0440\u0433","\u0421\u0430\u0440\u0430\u043d\u0441\u043a","\u0422\u0432\u0435\u0440\u044c","\u0422\u043e\u043c\u0441\u043a","\u0423\u0444\u0430","\u0425\u0430\u0431\u0430\u0440\u043e\u0432\u0441\u043a","\u0427\u0435\u0431\u043e\u043a\u0441\u0430\u0440\u044b","\u0427\u0435\u043b\u044f\u0431\u0438\u043d\u0441\u043a","\u042f\u0440\u043e\u0441\u043b\u0430\u0432\u043b\u044c"],"performedDatetime":"2014-07-25T06:16:26Z","authStatus":"10"}
=====

select distinct city from sklad_tovar where city != '' order by city
q2: 
 auth: 0 
=====
Query:
performedDatetime: 2014-07-25 06:16:32  0000
action: get_goods_data
sklad_user: Гость
appleId: A651910C-1201-4E00-8104-7C5D2FBCB415
sklad_hash: f59992c8db014f04b7279b0e297b953d
searchTerm: Ввгнг
resultsFrom: 0
sort: 0
cityFilter: Подольск

=====
Response:
{"action":"get_goods_data","searchTerm":"\u0412\u0432\u0433\u043d\u0433","resultsFrom":0,"code":0,"resultsCount":"0","data":[],"performedDatetime":"2014-07-25T06:16:32Z","authStatus":"0","accessDateEnd":""}
=====

select s.id, s.comp_id, s.title, s.quant, s.unit_id, s.comments, s.city from
		sklad_tovar s where city='Подольск' and s.visible=1 and (title like 'Ввгнг%' or title like '% Ввгнг%') order by  s.title LIMIT 0, 20
q2: select count(s.id) from sklad_tovar s where city='Подольск' and s.visible=1 and (title like 'Ввгнг%' or title like '% Ввгнг%')
 auth: 100 
=====
Query:
performedDatetime: 2014-07-25 08:17:13  0000
action: check_user_rights
sklad_user: Cab@tdbesk.ru
appleId: FB7EECF2-D1B5-4DD5-9DDD-C328D783A235
sklad_hash: 2cb16374688eff163d853f7f528b317b

=====
Response:
{"action":"check_user_rights","code":0,"performedDatetime":"2014-07-25T08:17:28Z","authStatus":"10"}
=====


q2: 
 auth: 0 
=====
Query:
performedDatetime: 2014-07-25 08:17:41  0000
action: get_text

=====
Response:
{"action":"get_text","code":0,"data":"","performedDatetime":"2014-07-25T08:17:47Z","authStatus":"10"}
=====


q2: 
 auth: 0 
=====
Query:
performedDatetime: 2014-07-25 09:36:53  0000
action: get_text

=====
Response:
{"action":"get_text","code":0,"data":"","performedDatetime":"2014-07-25T09:36:53Z","authStatus":"10"}
=====


q2: 
 auth: 0 
=====
