Query:
performedDatetime: 2014-07-14 10:38:46  0000
action: get_goods_data
sklad_user: Гость
appleId: 9AD73621-D61A-415E-956C-8F3715F44377
sklad_hash: 7227ab892ac64fc17d8778f75e084884
searchTerm: АВВГ 2х10
resultsFrom: 0
sort: 0
cityFilter: 

=====
Response:
{"action":"get_goods_data","searchTerm":"\u0410\u0412\u0412\u0413 2\u044510","resultsFrom":0,"sort":0,"cityFilter":"","code":0,"resultsCount":"30","lastPage":0,"data":[{"name":"\u0410\u0412\u0412\u0413 -\u041f 2\u042510,0","amount":"0,5","amount_parts":"","unit":"\u043a\u043c","city":"\u041c\u043e\u0441\u043a\u0432\u0430","company_id":"","company_name":""},{"name":"\u0410\u0412\u0412\u0413 2\u044510","amount":"0,005","amount_parts":"","unit":"\u043a\u043c","city":"\u041e\u0431\u043d\u0438\u043d\u0441\u043a","company_id":"","company_name":""},{"name":"\u0410\u0412\u0412\u0413 2\u044510","amount":"0,966","amount_parts":"","unit":"\u043a\u043c","city":"\u0423\u043b\u044c\u044f\u043d\u043e\u0432\u0441\u043a","company_id":"","company_name":""},{"name":"\u0410\u0412\u0412\u0413 2\u044510","amount":"0,2","amount_parts":"","unit":"\u043a\u043c","city":"\u041d\u043e\u0432\u043e\u0441\u0438\u0431\u0438\u0440\u0441\u043a","company_id":"","company_name":""},{"name":"\u0410\u0412\u0412\u0413 2\u044510","amount":"1,3","amount_parts":"0,1; 1,2; ","unit":"\u043a\u043c","city":"\u041f\u0435\u0440\u043c\u044c","company_id":"","company_name":""},{"name":"\u0410\u0412\u0412\u0413 2\u044510","amount":"0,9","amount_parts":"","unit":"\u043a\u043c","city":"\u041a\u0440\u0430\u0441\u043d\u043e\u044f\u0440\u0441\u043a","company_id":"","company_name":""},{"name":"\u0410\u0412\u0412\u0413 2\u044510 (\u043e\u0436)-0,66","amount":"0,789","amount_parts":"","unit":"\u043a\u043c","city":"\u041f\u0430\u0432\u043b\u043e\u0434\u0430\u0440","company_id":"","company_name":""},{"name":"\u0410\u0412\u0412\u0413 2\u044510 \u0427\u0435\u0440\u043d\u044b\u0439","amount":"0,1","amount_parts":"","unit":"\u043a\u043c","city":"\u0427\u0435\u0431\u043e\u043a\u0441\u0430\u0440\u044b","company_id":"","company_name":""},{"name":"\u0410\u0412\u0412\u0413 2\u044510(N)-1","amount":"0,225","amount_parts":"","unit":"\u043a\u043c","city":"\u041f\u0435\u0440\u043c\u044c","company_id":"","company_name":""},{"name":"\u0410\u0412\u0412\u0413 2\u044510-\u041f \u043e\u0436-0,66","amount":"0,1","amount_parts":"","unit":"\u043a\u043c","city":"\u0421\u0430\u043d\u043a\u0442-\u041f\u0435\u0442\u0435\u0440\u0431\u0443\u0440\u0433","company_id":"","company_name":""},{"name":"\u0410\u0412\u0412\u0413 2\u044510\u043e\u043a(N)-1","amount":"0,225","amount_parts":"","unit":"\u043a\u043c","city":"\u041b\u044b\u0441\u044c\u0432\u0430","company_id":"","company_name":""},{"name":"\u0410\u0412\u0412\u0413-\u041f 2\u044510","amount":"2,785","amount_parts":"","unit":"\u043a\u043c","city":"\u041c\u043e\u0441\u043a\u0432\u0430","company_id":"","company_name":""},{"name":"\u0410\u0412\u0412\u0413-\u041f 2\u044510 (\u043e\u0436)-0,66","amount":"0,415","amount_parts":"0,052; 0,054; 0,055; 0,069; 0,09; 0,095; ","unit":"\u043a\u043c","city":"\u041f\u0430\u0432\u043b\u043e\u0434\u0430\u0440","company_id":"","company_name":""},{"name":"\u0410\u0412\u0412\u0413-\u041f 2\u044510 \u0431\u0435\u043b\/\u0447\u0435\u0440","amount":"0,182","amount_parts":"","unit":"\u043a\u043c","city":"\u041a\u0438\u0440\u043e\u0432","company_id":"","company_name":""},{"name":"\u0410\u0412\u0412\u0413-\u041f 2\u044510 \u0431\u0435\u043b\/\u0447\u0435\u0440","amount":"0,182","amount_parts":"","unit":"\u043a\u043c","city":"\u041a\u0438\u0440\u043e\u0432","company_id":"","company_name":""},{"name":"\u0410\u0412\u0412\u0413-\u041f 2\u044510-0,66 \u0422\u0423 16.\u041a56.022-98","amount":"0,658","amount_parts":"0.058; 0.6; ","unit":"\u043a\u043c","city":"\u0422\u043e\u043c\u0441\u043a","company_id":"","company_name":""},{"name":"\u0410\u0412\u0412\u0413-\u041f 2\u044510-0,66(\u043e\u0436)","amount":"0,015","amount_parts":"","unit":"\u043a\u043c","city":"\u041a\u0440\u0430\u0441\u043d\u043e\u0434\u0430\u0440","company_id":"","company_name":""},{"name":"\u0410\u0412\u0412\u0413-\u041f 2\u044510\u043e\u043a(N)-0,66 \u0422\u0423 16-705.499-2010","amount":"1,969","amount_parts":"0.414; 0.8; 0.755; ","unit":"\u043a\u043c","city":"\u0415\u043a\u0430\u0442\u0435\u0440\u0438\u043d\u0431\u0443\u0440\u0433","company_id":"","company_name":""},{"name":"\u0410\u0412\u0412\u0413-\u041f 2\u044510\u043e\u043a(N)-0,66 \u0422\u0423 16-705.499-2010 (\u0413\u041e\u0421\u0422 \u0420 53769-2010)","amount":"0,5","amount_parts":"","unit":"\u043a\u043c","city":"\u041a\u0440\u0430\u0441\u043d\u043e\u044f\u0440\u0441\u043a","company_id":"","company_name":""},{"name":"\u0410\u0412\u0412\u0413-\u041f 2\u044510\u043e\u043a(N)-0,66 \u0422\u0423 16-705.499-2010 (\u0413\u041e\u0421\u0422 \u0420 53769-2010)","amount":"1,06","amount_parts":"0.06; 1; ","unit":"\u043a\u043c","city":"\u0422\u043e\u043c\u0441\u043a","company_id":"","company_name":""}],"performedDatetime":"2014-07-14T10:38:46Z","authStatus":"10"}
=====

select s.id, s.comp_id, s.title, s.quant, s.unit_id, s.comments, s.city from
		sklad_tovar s where visible=1 and (title like 'АВВГ%' or title like '% АВВГ%' or title like '%АВВГ%' or title like '%АВВГ%') and (title like '2х10%' or title like '% 2х10%' or title like '%2x10%') order by  s.title LIMIT 0, 20
q2: select count(id) from sklad_tovar s where visible=1 and (title like 'АВВГ%' or title like '% АВВГ%' or title like '%АВВГ%' or title like '%АВВГ%') and (title like '2х10%' or title like '% 2х10%' or title like '%2x10%')
 auth: 0 
=====
Query:
performedDatetime: 2014-07-14 10:39:41  0000
action: get_goods_data
sklad_user: Гость
appleId: 9AD73621-D61A-415E-956C-8F3715F44377
sklad_hash: 7227ab892ac64fc17d8778f75e084884
searchTerm: АВВГ 2х10
resultsFrom: 0
sort: 0
cityFilter: 

=====
Response:
{"action":"get_goods_data","searchTerm":"\u0410\u0412\u0412\u0413 2\u044510","resultsFrom":0,"sort":0,"cityFilter":"","code":0,"resultsCount":"30","lastPage":0,"data":[{"name":"\u0410\u0412\u0412\u0413 -\u041f 2\u042510,0","amount":"0,5","amount_parts":"","unit":"\u043a\u043c","city":"\u041c\u043e\u0441\u043a\u0432\u0430","company_id":"65","company_name":"\u041e\u041e\u041e \u0424\u041e\u0420\u0415\u0421 \u0422\u041f\u041a"},{"name":"\u0410\u0412\u0412\u0413 2\u044510","amount":"0,005","amount_parts":"","unit":"\u043a\u043c","city":"\u041e\u0431\u043d\u0438\u043d\u0441\u043a","company_id":"18536","company_name":"\u041e\u041e\u041e \u041f\u041a\u0424 \"\u042d\u043b\u0435\u043a\u0442\u0440\u043e-\u041c\u0438\u0440\""},{"name":"\u0410\u0412\u0412\u0413 2\u044510","amount":"0,966","amount_parts":"","unit":"\u043a\u043c","city":"\u0423\u043b\u044c\u044f\u043d\u043e\u0432\u0441\u043a","company_id":"23098","company_name":"\u041e\u041e\u041e \u0426\u042d\u041c73.\u0420\u0423"},{"name":"\u0410\u0412\u0412\u0413 2\u044510","amount":"0,2","amount_parts":"","unit":"\u043a\u043c","city":"\u041d\u043e\u0432\u043e\u0441\u0438\u0431\u0438\u0440\u0441\u043a","company_id":"14419","company_name":"\u041e\u041e\u041e \u041a\u041e\u041c\u041f\u0410\u041d\u0418\u042f \u0417\u0410\u041f\u0421\u0418\u0411\u041a\u0410\u0411\u0415\u041b\u042c"},{"name":"\u0410\u0412\u0412\u0413 2\u044510","amount":"1,3","amount_parts":"0,1; 1,2; ","unit":"\u043a\u043c","city":"\u041f\u0435\u0440\u043c\u044c","company_id":"17570","company_name":"\u041e\u041e\u041e \u042d\u043b\u0435\u043a\u0442\u0440\u043e\u0422\u0435\u0445\u041a\u0430\u0431\u0435\u043b\u044c"},{"name":"\u0410\u0412\u0412\u0413 2\u044510","amount":"0,9","amount_parts":"","unit":"\u043a\u043c","city":"\u041a\u0440\u0430\u0441\u043d\u043e\u044f\u0440\u0441\u043a","company_id":"8363","company_name":"\u041e\u041e\u041e \u0421\u0438\u0431\u0421\u0442\u0440\u043e\u0439\u0420\u0435\u0441\u0443\u0440\u0441 2000"},{"name":"\u0410\u0412\u0412\u0413 2\u044510 (\u043e\u0436)-0,66","amount":"0,789","amount_parts":"","unit":"\u043a\u043c","city":"\u041f\u0430\u0432\u043b\u043e\u0434\u0430\u0440","company_id":"7464","company_name":"\u0410\u041e \"\u041a\u0430\u0437\u044d\u043d\u0435\u0440\u0433\u043e\u043a\u0430\u0431\u0435\u043b\u044c\""},{"name":"\u0410\u0412\u0412\u0413 2\u044510 \u0427\u0435\u0440\u043d\u044b\u0439","amount":"0,1","amount_parts":"","unit":"\u043a\u043c","city":"\u0427\u0435\u0431\u043e\u043a\u0441\u0430\u0440\u044b","company_id":"5388","company_name":"\u041e\u041e\u041e \"\u0422\u041f\u041a \u041d\u041f\u041e \"\u041c\u0430\u043a\u0441\u0438\u043c\u0430\u043b\""},{"name":"\u0410\u0412\u0412\u0413 2\u044510(N)-1","amount":"0,225","amount_parts":"","unit":"\u043a\u043c","city":"\u041f\u0435\u0440\u043c\u044c","company_id":"19357","company_name":"\u041e\u041e\u041e \u0422\u0414 \"\u0423\u0440\u0430\u043b \u041f\u0430\u043a"},{"name":"\u0410\u0412\u0412\u0413 2\u044510-\u041f \u043e\u0436-0,66","amount":"0,1","amount_parts":"","unit":"\u043a\u043c","city":"\u0421\u0430\u043d\u043a\u0442-\u041f\u0435\u0442\u0435\u0440\u0431\u0443\u0440\u0433","company_id":"12442","company_name":"\u041e\u041e\u041e \u041c\u0438\u0446\u0430\u0440"},{"name":"\u0410\u0412\u0412\u0413 2\u044510\u043e\u043a(N)-1","amount":"0,225","amount_parts":"","unit":"\u043a\u043c","city":"\u041b\u044b\u0441\u044c\u0432\u0430","company_id":"19357","company_name":"\u041e\u041e\u041e \u0422\u0414 \"\u0423\u0440\u0430\u043b \u041f\u0430\u043a"},{"name":"\u0410\u0412\u0412\u0413-\u041f 2\u044510","amount":"2,785","amount_parts":"","unit":"\u043a\u043c","city":"\u041c\u043e\u0441\u043a\u0432\u0430","company_id":"4290","company_name":"\u041e\u041e\u041e \u0413\u0430\u043b\u043b\u0430-\u041a\u0430\u0431\u0435\u043b\u044c"},{"name":"\u0410\u0412\u0412\u0413-\u041f 2\u044510 (\u043e\u0436)-0,66","amount":"0,415","amount_parts":"0,052; 0,054; 0,055; 0,069; 0,09; 0,095; ","unit":"\u043a\u043c","city":"\u041f\u0430\u0432\u043b\u043e\u0434\u0430\u0440","company_id":"7464","company_name":"\u0410\u041e \"\u041a\u0430\u0437\u044d\u043d\u0435\u0440\u0433\u043e\u043a\u0430\u0431\u0435\u043b\u044c\""},{"name":"\u0410\u0412\u0412\u0413-\u041f 2\u044510 \u0431\u0435\u043b\/\u0447\u0435\u0440","amount":"0,182","amount_parts":"","unit":"\u043a\u043c","city":"\u041a\u0438\u0440\u043e\u0432","company_id":"4493","company_name":"\u041c\u0430\u0440\u0442\u044b\u043d\u043e\u0432\u0430 \u041b\u0438\u0430\u043d\u0430 \u0410\u043b\u0435\u043a\u0441\u0430\u043d\u0434\u0440\u043e\u0432\u043d\u0430"},{"name":"\u0410\u0412\u0412\u0413-\u041f 2\u044510 \u0431\u0435\u043b\/\u0447\u0435\u0440","amount":"0,182","amount_parts":"","unit":"\u043a\u043c","city":"\u041a\u0438\u0440\u043e\u0432","company_id":"8163","company_name":"\u0417\u0410\u041e \u041a\u0440\u0438\u0441\u0442\u0430\u043b\u043b"},{"name":"\u0410\u0412\u0412\u0413-\u041f 2\u044510-0,66 \u0422\u0423 16.\u041a56.022-98","amount":"0,658","amount_parts":"0.058; 0.6; ","unit":"\u043a\u043c","city":"\u0422\u043e\u043c\u0441\u043a","company_id":"22088","company_name":"\u0425\u043e\u043b\u0434\u0438\u043d\u0433 \u041a\u0430\u0431\u0435\u043b\u044c\u043d\u044b\u0439 \u0410\u043b\u044c\u044f\u043d\u0441"},{"name":"\u0410\u0412\u0412\u0413-\u041f 2\u044510-0,66(\u043e\u0436)","amount":"0,015","amount_parts":"","unit":"\u043a\u043c","city":"\u041a\u0440\u0430\u0441\u043d\u043e\u0434\u0430\u0440","company_id":"13218","company_name":"\u041e\u041e\u041e \u041a\u043e\u043c\u043f\u0430\u043d\u0438\u044f \u00ab\u041c\u0430\u0440\u043a\u043e\u00bb"},{"name":"\u0410\u0412\u0412\u0413-\u041f 2\u044510\u043e\u043a(N)-0,66 \u0422\u0423 16-705.499-2010","amount":"1,969","amount_parts":"0.414; 0.8; 0.755; ","unit":"\u043a\u043c","city":"\u0415\u043a\u0430\u0442\u0435\u0440\u0438\u043d\u0431\u0443\u0440\u0433","company_id":"22088","company_name":"\u0425\u043e\u043b\u0434\u0438\u043d\u0433 \u041a\u0430\u0431\u0435\u043b\u044c\u043d\u044b\u0439 \u0410\u043b\u044c\u044f\u043d\u0441"},{"name":"\u0410\u0412\u0412\u0413-\u041f 2\u044510\u043e\u043a(N)-0,66 \u0422\u0423 16-705.499-2010 (\u0413\u041e\u0421\u0422 \u0420 53769-2010)","amount":"0,5","amount_parts":"","unit":"\u043a\u043c","city":"\u041a\u0440\u0430\u0441\u043d\u043e\u044f\u0440\u0441\u043a","company_id":"22088","company_name":"\u0425\u043e\u043b\u0434\u0438\u043d\u0433 \u041a\u0430\u0431\u0435\u043b\u044c\u043d\u044b\u0439 \u0410\u043b\u044c\u044f\u043d\u0441"},{"name":"\u0410\u0412\u0412\u0413-\u041f 2\u044510\u043e\u043a(N)-0,66 \u0422\u0423 16-705.499-2010 (\u0413\u041e\u0421\u0422 \u0420 53769-2010)","amount":"1,06","amount_parts":"0.06; 1; ","unit":"\u043a\u043c","city":"\u0422\u043e\u043c\u0441\u043a","company_id":"22088","company_name":"\u0425\u043e\u043b\u0434\u0438\u043d\u0433 \u041a\u0430\u0431\u0435\u043b\u044c\u043d\u044b\u0439 \u0410\u043b\u044c\u044f\u043d\u0441"}],"performedDatetime":"2014-07-14T10:39:40Z","authStatus":"0","accessDateEnd":""}
=====

select s.id, s.comp_id, s.title, s.quant, s.unit_id, s.comments, s.city from
		sklad_tovar s where visible=1 and (title like 'АВВГ%' or title like '% АВВГ%' or title like '%АВВГ%' or title like '%АВВГ%') and (title like '2х10%' or title like '% 2х10%' or title like '%2x10%') order by  s.title LIMIT 0, 20
q2: select count(id) from sklad_tovar s where visible=1 and (title like 'АВВГ%' or title like '% АВВГ%' or title like '%АВВГ%' or title like '%АВВГ%') and (title like '2х10%' or title like '% 2х10%' or title like '%2x10%')
 auth: 100 
=====
Query:
performedDatetime: 2014-07-14 10:39:43  0000
action: get_company_data
sklad_user: Гость
appleId: 9AD73621-D61A-415E-956C-8F3715F44377
sklad_hash: 7227ab892ac64fc17d8778f75e084884
company_id: 65

=====
Response:
{"action":"get_company_data","code":0,"data":{"company_id":65,"title":"\u041e\u041e\u041e \u0424\u041e\u0420\u0415\u0421 \u0422\u041f\u041a","city":"\u041c\u043e\u0441\u043a\u0432\u0430","address":"142000, \u041c\u043e\u0441\u043a\u043e\u0432\u0441\u043a\u0430\u044f \u043e\u0431\u043b\u0430\u0441\u0442\u044c, \u0433. \u0414\u043e\u043c\u043e\u0434\u0435\u0434\u043e\u0432\u043e, \u0443\u043b. \u0421\u043e\u0432\u0435\u0442\u0441\u043a\u0430\u044f, \u0434.17\u0430","phone":"495 9722979","email":"fes64@yandex.ru","url":"http:\/\/www.tpk-fores.ru\/","contact":"\u0424\u0435\u0440\u0430\u0444\u043e\u043d\u0442\u043e\u0432 \u0415\u0432\u0433\u0435\u043d\u0438\u0439 \u0421\u0435\u0440\u0433\u0435\u0435\u0432\u0438\u0447","goods_count":"273","last_update":"08.07.2014"},"performedDatetime":"2014-07-14T10:39:42Z","authStatus":"0","accessDateEnd":""}
=====

select distinct city from sklad_tovar where comp_id= and city!='' order by city
q2: 
 auth: 100 
=====
Query:
performedDatetime: 2014-07-14 10:39:59  0000
action: get_company_data
sklad_user: Гость
appleId: 9AD73621-D61A-415E-956C-8F3715F44377
sklad_hash: 7227ab892ac64fc17d8778f75e084884
company_id: 18536

=====
Response:
{"action":"get_company_data","code":0,"data":{"company_id":18536,"title":"\u041e\u041e\u041e \u041f\u041a\u0424 \"\u042d\u043b\u0435\u043a\u0442\u0440\u043e-\u041c\u0438\u0440\"","city":"\u041e\u0431\u043d\u0438\u043d\u0441\u043a","address":"249034 \u0433. \u041e\u0431\u043d\u0438\u043d\u0441\u043a \u0430\/\u044f 409","phone":"89109170963","email":"iva4488@yandex.ru","url":"http:\/\/elekmir.ru\/","contact":"\u0410\u043b\u0435\u043a\u0441\u0435\u0435\u0432 \u0418\u0432\u0430\u043d \u0410\u043b\u0435\u043a\u0441\u0435\u0435\u0432\u0438\u0447","goods_count":"434","last_update":"11.07.2014"},"performedDatetime":"2014-07-14T10:39:58Z","authStatus":"0","accessDateEnd":""}
=====

select distinct city from sklad_tovar where comp_id= and city!='' order by city
q2: 
 auth: 100 
=====
Query:
performedDatetime: 2014-07-14 10:51:07  0000
action: get_text

=====
Response:
{"action":"get_text","code":0,"data":"","performedDatetime":"2014-07-14T10:51:07Z","authStatus":"10"}
=====


q2: 
 auth: 0 
=====
Query:
performedDatetime: 2014-07-14 10:51:12  0000
action: get_goods_data
sklad_user: Гость
appleId: F215BBF2-1828-416F-A7BD-5DFB77859B0E
sklad_hash: 771c5456b483f7298a0a3c4f7bf6985e
searchTerm: Аввг
resultsFrom: 0
sort: 0
cityFilter: 

=====
Response:
{"action":"get_goods_data","searchTerm":"\u0410\u0432\u0432\u0433","resultsFrom":0,"sort":0,"cityFilter":"","code":0,"resultsCount":"2454","lastPage":0,"data":[{"name":"\u0410\u0412\u0412\u0413 (\u0410) 5\u044595-1\u043a\u0412","amount":"0,15","amount_parts":"","unit":"\u043a\u043c","city":"\u0427\u0435\u043b\u044f\u0431\u0438\u043d\u0441\u043a","company_id":"115","company_name":"\u041e\u041e\u041e \u0421\u041c\u0415\u0428\u041a\u0410\u0411\u0415\u041b\u042c"},{"name":"\u0410\u0412\u0412\u0413 (\u0410)LS 5\u044510","amount":"0,07","amount_parts":"","unit":"\u043a\u043c","city":"\u041c\u043e\u0441\u043a\u0432\u0430","company_id":"4864","company_name":"\u041e\u041e\u041e \u0423\u043d\u0438\u0432\u0435\u0440\u0441\u0438\u0442\u0435\u0442  \u0441\u0435\u0440\u0432\u0438\u0441"},{"name":"\u0410\u0412\u0412\u0413 -\u041f 2\u042510,0","amount":"0,5","amount_parts":"","unit":"\u043a\u043c","city":"\u041c\u043e\u0441\u043a\u0432\u0430","company_id":"65","company_name":"\u041e\u041e\u041e \u0424\u041e\u0420\u0415\u0421 \u0422\u041f\u041a"},{"name":"\u0410\u0412\u0412\u0413 -\u041f 2\u042516,0","amount":"0,3","amount_parts":"","unit":"\u043a\u043c","city":"\u041c\u043e\u0441\u043a\u0432\u0430","company_id":"65","company_name":"\u041e\u041e\u041e \u0424\u041e\u0420\u0415\u0421 \u0422\u041f\u041a"},{"name":"\u0410\u0412\u0412\u0413 -\u041f 2\u04252,5","amount":"0,5","amount_parts":"","unit":"\u043a\u043c","city":"\u041c\u043e\u0441\u043a\u0432\u0430","company_id":"65","company_name":"\u041e\u041e\u041e \u0424\u041e\u0420\u0415\u0421 \u0422\u041f\u041a"},{"name":"\u0410\u0412\u0412\u0413 -\u041f 2\u04254,0","amount":"0,7","amount_parts":"","unit":"\u043a\u043c","city":"\u041c\u043e\u0441\u043a\u0432\u0430","company_id":"65","company_name":"\u041e\u041e\u041e \u0424\u041e\u0420\u0415\u0421 \u0422\u041f\u041a"},{"name":"\u0410\u0412\u0412\u0413 -\u041f 2\u04256,0","amount":"0,4","amount_parts":"","unit":"\u043a\u043c","city":"\u041c\u043e\u0441\u043a\u0432\u0430","company_id":"65","company_name":"\u041e\u041e\u041e \u0424\u041e\u0420\u0415\u0421 \u0422\u041f\u041a"},{"name":"\u0410\u0412\u0412\u0413 -\u041f 3\u042510,0","amount":"0,6","amount_parts":"","unit":"\u043a\u043c","city":"\u041c\u043e\u0441\u043a\u0432\u0430","company_id":"65","company_name":"\u041e\u041e\u041e \u0424\u041e\u0420\u0415\u0421 \u0422\u041f\u041a"},{"name":"\u0410\u0412\u0412\u0413 -\u041f 3\u04252,5","amount":"1,8","amount_parts":"","unit":"\u043a\u043c","city":"\u041c\u043e\u0441\u043a\u0432\u0430","company_id":"65","company_name":"\u041e\u041e\u041e \u0424\u041e\u0420\u0415\u0421 \u0422\u041f\u041a"},{"name":"\u0410\u0412\u0412\u0413 -\u041f 3\u04254,0","amount":"1,2","amount_parts":"","unit":"\u043a\u043c","city":"\u041c\u043e\u0441\u043a\u0432\u0430","company_id":"65","company_name":"\u041e\u041e\u041e \u0424\u041e\u0420\u0415\u0421 \u0422\u041f\u041a"},{"name":"\u0410\u0412\u0412\u0413 -\u041f 3\u04256,0","amount":"0,9","amount_parts":"","unit":"\u043a\u043c","city":"\u041c\u043e\u0441\u043a\u0432\u0430","company_id":"65","company_name":"\u041e\u041e\u041e \u0424\u041e\u0420\u0415\u0421 \u0422\u041f\u041a"},{"name":"\u0410\u0412\u0412\u0413 1x70-1","amount":"0,1","amount_parts":"","unit":"\u043a\u043c","city":"\u0421\u0430\u043d\u043a\u0442-\u041f\u0435\u0442\u0435\u0440\u0431\u0443\u0440\u0433","company_id":"9328","company_name":"\u041e\u041e\u041e \u041a\u0430\u0431\u0435\u043b\u044c-\u0418\u041c\u041f\u042d\u041a\u0421"},{"name":"\u0410\u0412\u0412\u0413 1x95-1 \u043a\u0412","amount":"1,558","amount_parts":"","unit":"\u043a\u043c","city":"\u041a\u0440\u0430\u0441\u043d\u043e\u0434\u0430\u0440","company_id":"4151","company_name":"\u041e\u041e\u041e \u042d\u043b\u0435\u043a\u0442\u0440\u043e\u0442\u0435\u0445\u043d\u0438\u0447\u0435\u0441\u043a\u0430\u044f \u043a\u043e\u043c\u043f\u0430\u043d\u0438\u044f"},{"name":"\u0410\u0412\u0412\u0413 1\u042510","amount":"0,5","amount_parts":"","unit":"\u043a\u043c","city":"\u041a\u0440\u0430\u0441\u043d\u043e\u0434\u0430\u0440","company_id":"13148","company_name":"\u041e\u041e\u041e \u0418\u043d\u0442\u0435\u0440\u043a\u043e\u043c"},{"name":"\u0410\u0412\u0412\u0413 1\u044510","amount":"0,084","amount_parts":"0,054; 0,03; ","unit":"\u043a\u043c","city":"\u0421\u0430\u043d\u043a\u0442-\u041f\u0435\u0442\u0435\u0440\u0431\u0443\u0440\u0433","company_id":"3660","company_name":"\u041e\u041e\u041e \u041a\u0430\u0431\u0435\u043b\u044c\u0413\u0440\u0443\u043f\u043f"},{"name":"\u0410\u0412\u0412\u0413 1\u044510","amount":"0,891","amount_parts":"0,25; 0,241; 0,2; 0,2; ","unit":"\u043a\u043c","city":"\u041f\u0435\u0440\u043c\u044c","company_id":"17640","company_name":"\u041e\u041e\u041e \"\u0415\u0432\u0440\u043e\u0441\u0442\u0440\u043e\u0439\""},{"name":"\u0410\u0412\u0412\u0413 1\u044510","amount":"1,25","amount_parts":"","unit":"\u043a\u043c","city":"\u041f\u0435\u0440\u043c\u044c","company_id":"19481","company_name":"\u041e\u041e\u041e \u041f\u0440\u043e\u043c\u042d\u043b\u0435\u043a\u0442\u0440\u043e\u041a\u043e\u043c\u043f\u043b\u0435\u043a\u0442"},{"name":"\u0410\u0412\u0412\u0413 1\u044510","amount":"0,891","amount_parts":"0.241; 0.2; 0.25; 0.2; ","unit":"\u043a\u043c","city":"\u041f\u0435\u0440\u043c\u044c","company_id":"3601","company_name":"\u041e\u041e\u041e \"\u0422\u041c\u041a-\u042d\u041d\u0415\u0420\u0413\u041e\""},{"name":"\u0410\u0412\u0412\u0413 1\u044510","amount":"0,843","amount_parts":"0,229; 0,238; 0,188; 0,188; ","unit":"\u043a\u043c","city":"\u041f\u0435\u0440\u043c\u044c","company_id":"10969","company_name":"\u041e\u041e\u041e \u0410\u0428\u0422\u0420\u0415\u0412\u0415\u041b"},{"name":"\u0410\u0412\u0412\u0413 1\u044510","amount":"0,95","amount_parts":"","unit":"\u043a\u043c","city":"\u041f\u0435\u0440\u043c\u044c","company_id":"18149","company_name":"\u041e\u041e\u041e \u041f\u0440\u043e\u043c\u0422\u042d\u041a"}],"performedDatetime":"2014-07-14T10:51:12Z","authStatus":"0","accessDateEnd":""}
=====

select s.id, s.comp_id, s.title, s.quant, s.unit_id, s.comments, s.city from
		sklad_tovar s where visible=1 and (title like 'Аввг%' or title like '% Аввг%' or title like '%Аввг%' or title like '%Аввг%') order by  s.title LIMIT 0, 20
q2: select count(id) from sklad_tovar s where visible=1 and (title like 'Аввг%' or title like '% Аввг%' or title like '%Аввг%' or title like '%Аввг%')
 auth: 100 
=====
