Query:
performedDatetime: 2014-09-22 07:31:21  0000
action: check_user_rights
sklad_user: 
appleId: A9A2D996-6FC4-4340-BB82-0B7879218C50
sklad_hash: 4c258a7744df05ffde86fcabbe90f27a

=====
Response:
{"action":"check_user_rights","code":0,"performedDatetime":"2014-09-22T07:31:21Z","authStatus":"10"}
=====


q2: 
 auth: 0 
=====
Query:
performedDatetime: 2014-09-22 07:31:25  0000
action: get_text

=====
Response:
{"action":"get_text","code":0,"data":"","performedDatetime":"2014-09-22T07:31:24Z","authStatus":"10"}
=====


q2: 
 auth: 0 
=====
Query:
performedDatetime: 2014-09-22 07:32:10  0000
action: check_user_rights
sklad_user: арман
appleId: A9A2D996-6FC4-4340-BB82-0B7879218C50
sklad_hash: 83a8424408406de64665989d88927588

=====
Response:
{"action":"check_user_rights","code":0,"performedDatetime":"2014-09-22T07:32:10Z","authStatus":"10"}
=====


q2: 
 auth: 0 
=====
Query:
performedDatetime: 2014-09-22 07:32:15  0000
action: get_text

=====
Response:
{"action":"get_text","code":0,"data":"","performedDatetime":"2014-09-22T07:32:14Z","authStatus":"10"}
=====


q2: 
 auth: 0 
=====
Query:
performedDatetime: 2014-09-22 07:32:37  0000
action: get_goods_data
sklad_user: Гость
appleId: A9A2D996-6FC4-4340-BB82-0B7879218C50
sklad_hash: 4c258a7744df05ffde86fcabbe90f27a
searchTerm: Вббшв 5*95
resultsFrom: 0
sort: 0
cityFilter: 

=====
Response:
{"action":"get_goods_data","searchTerm":"\u0412\u0431\u0431\u0448\u0432 5*95","resultsFrom":0,"sort":0,"cityFilter":"","code":0,"resultsCount":"9","lastPage":1,"data":[{"name":"\u0412\u0411\u0431\u0428\u0432 5\u044595","amount":"0,1","amount_parts":"","unit":"\u043a\u043c","city":"\u041a\u0438\u0440\u043e\u0432","company_id":"","company_name":""},{"name":"\u0412\u0411\u0431\u0428\u0432 5\u044595","amount":"0,078","amount_parts":"","unit":"\u043a\u043c","city":"\u041f\u0435\u0440\u043c\u044c","company_id":"","company_name":""},{"name":"\u0412\u0411\u0431\u0428\u0412 5\u044595","amount":"0,282","amount_parts":"0,172; 0,11; ","unit":"\u043a\u043c","city":"\u041c\u043e\u0441\u043a\u0432\u0430","company_id":"","company_name":""},{"name":"\u0412\u0411\u0431\u0428\u0432 5\u044595","amount":"0,332","amount_parts":"0,098; 0,146; 0,088; ","unit":"\u043a\u043c","city":"\u041f\u0435\u0440\u043c\u044c","company_id":"","company_name":""},{"name":"\u0412\u0411\u0431\u0428\u0432 5\u044595","amount":"0,066","amount_parts":"","unit":"\u043a\u043c","city":"\u041f\u0435\u0440\u043c\u044c","company_id":"","company_name":""},{"name":"\u0412\u0411\u0431\u0428\u0432 5\u044595 1 \u043a\u0412","amount":"0,116","amount_parts":"","unit":"\u043a\u043c","city":"\u041c\u043e\u0441\u043a\u0432\u0430","company_id":"","company_name":""},{"name":"\u0412\u0411\u0431\u0428\u0432 5\u044595\u043c\u0441-1 \u0422\u0423 16.\u041a180-025-2010","amount":"0,11","amount_parts":"","unit":"\u043a\u043c","city":"\u041f\u0435\u0440\u043c\u044c","company_id":"","company_name":""},{"name":"\u0412\u0411\u0431\u0428\u0432-1 5\u044595","amount":"1,095","amount_parts":"0,36; 0,31; 0,32; 0,105; ","unit":"\u043a\u043c","city":"\u041f\u0435\u0440\u043c\u044c","company_id":"","company_name":""},{"name":"\u0412\u0411\u0431\u0428\u0412\u043d\u0433-\u0425\u041b 5\u044595","amount":"0,39","amount_parts":"","unit":"\u043a\u043c","city":"\u0415\u043a\u0430\u0442\u0435\u0440\u0438\u043d\u0431\u0443\u0440\u0433","company_id":"","company_name":""}],"performedDatetime":"2014-09-22T07:32:37Z","authStatus":"10"}
=====

select s.id, s.comp_id, s.title, s.quant, s.unit_id, s.comments, s.city from
		sklad_tovar s where visible=1 and (title like 'Вббшв%' or title like '% Вббшв%') and (title like '5х95%' or title like '% 5х95%' or title like '%5x95%') order by  s.title LIMIT 0, 20
q2: select count(id) from sklad_tovar s where visible=1 and (title like 'Вббшв%' or title like '% Вббшв%') and (title like '5х95%' or title like '% 5х95%' or title like '%5x95%')
 auth: 0 
=====
Query:
performedDatetime: 2014-09-22 07:32:43  0000
action: get_company_data
sklad_user: Гость
appleId: A9A2D996-6FC4-4340-BB82-0B7879218C50
sklad_hash: 4c258a7744df05ffde86fcabbe90f27a
company_id: 

=====
Response:
{"action":"get_company_data","company_id":0,"code":30,"techMessage":"\u041a\u0430\u043a \u0433\u043e\u0441\u0442\u044c, \u0432\u044b \u043d\u0435 \u043c\u043e\u0436\u0435\u0442\u0435 \u043f\u0440\u043e\u0441\u043c\u0430\u0442\u0440\u0438\u0432\u0430\u0442\u044c \u043d\u0430\u0437\u0432\u0430\u043d\u0438\u044f \u0438 \u043a\u043e\u043d\u0442\u0430\u043a\u0442\u043d\u044b\u0435 \u0434\u0430\u043d\u043d\u044b\u0435 \u043f\u043e\u0441\u0442\u0430\u0432\u0449\u0438\u043a\u043e\u0432","performedDatetime":"2014-09-22T07:32:43Z","authStatus":"10"}
=====


q2: 
 auth: 0 
=====
Query:
performedDatetime: 2014-09-22 07:32:53  0000
action: get_company_data
sklad_user: Гость
appleId: A9A2D996-6FC4-4340-BB82-0B7879218C50
sklad_hash: 4c258a7744df05ffde86fcabbe90f27a
company_id: 

=====
Response:
{"action":"get_company_data","company_id":0,"code":30,"techMessage":"\u041a\u0430\u043a \u0433\u043e\u0441\u0442\u044c, \u0432\u044b \u043d\u0435 \u043c\u043e\u0436\u0435\u0442\u0435 \u043f\u0440\u043e\u0441\u043c\u0430\u0442\u0440\u0438\u0432\u0430\u0442\u044c \u043d\u0430\u0437\u0432\u0430\u043d\u0438\u044f \u0438 \u043a\u043e\u043d\u0442\u0430\u043a\u0442\u043d\u044b\u0435 \u0434\u0430\u043d\u043d\u044b\u0435 \u043f\u043e\u0441\u0442\u0430\u0432\u0449\u0438\u043a\u043e\u0432","performedDatetime":"2014-09-22T07:32:52Z","authStatus":"10"}
=====


q2: 
 auth: 0 
=====
Query:
performedDatetime: 2014-09-22 07:32:55  0000
action: get_company_data
sklad_user: Гость
appleId: A9A2D996-6FC4-4340-BB82-0B7879218C50
sklad_hash: 4c258a7744df05ffde86fcabbe90f27a
company_id: 

=====
Response:
{"action":"get_company_data","company_id":0,"code":30,"techMessage":"\u041a\u0430\u043a \u0433\u043e\u0441\u0442\u044c, \u0432\u044b \u043d\u0435 \u043c\u043e\u0436\u0435\u0442\u0435 \u043f\u0440\u043e\u0441\u043c\u0430\u0442\u0440\u0438\u0432\u0430\u0442\u044c \u043d\u0430\u0437\u0432\u0430\u043d\u0438\u044f \u0438 \u043a\u043e\u043d\u0442\u0430\u043a\u0442\u043d\u044b\u0435 \u0434\u0430\u043d\u043d\u044b\u0435 \u043f\u043e\u0441\u0442\u0430\u0432\u0449\u0438\u043a\u043e\u0432","performedDatetime":"2014-09-22T07:32:55Z","authStatus":"10"}
=====


q2: 
 auth: 0 
=====
Query:
performedDatetime: 2014-09-22 07:32:58  0000
action: get_company_data
sklad_user: Гость
appleId: A9A2D996-6FC4-4340-BB82-0B7879218C50
sklad_hash: 4c258a7744df05ffde86fcabbe90f27a
company_id: 

=====
Response:
{"action":"get_company_data","company_id":0,"code":30,"techMessage":"\u041a\u0430\u043a \u0433\u043e\u0441\u0442\u044c, \u0432\u044b \u043d\u0435 \u043c\u043e\u0436\u0435\u0442\u0435 \u043f\u0440\u043e\u0441\u043c\u0430\u0442\u0440\u0438\u0432\u0430\u0442\u044c \u043d\u0430\u0437\u0432\u0430\u043d\u0438\u044f \u0438 \u043a\u043e\u043d\u0442\u0430\u043a\u0442\u043d\u044b\u0435 \u0434\u0430\u043d\u043d\u044b\u0435 \u043f\u043e\u0441\u0442\u0430\u0432\u0449\u0438\u043a\u043e\u0432","performedDatetime":"2014-09-22T07:32:58Z","authStatus":"10"}
=====


q2: 
 auth: 0 
=====
Query:
performedDatetime: 2014-09-22 10:11:18  0000
action: get_text

=====
Response:
{"action":"get_text","code":0,"data":"","performedDatetime":"2014-09-22T10:11:20Z","authStatus":"10"}
=====


q2: 
 auth: 0 
=====
Query:
performedDatetime: 2014-09-22 10:14:58  0000
action: get_goods_data
sklad_user: Гость
appleId: FB9E32A8-71E6-43A0-BB94-90DA1DADB796
sklad_hash: f24209c432f81e27038744aee6f92805
searchTerm: аввг
resultsFrom: 0
sort: 0
cityFilter: 

=====
Response:
{"action":"get_goods_data","searchTerm":"\u0430\u0432\u0432\u0433","resultsFrom":0,"sort":0,"cityFilter":"","code":0,"resultsCount":"1747","lastPage":0,"data":[{"name":"\u0410\u0412\u0412\u0413 -\u041f 2\u042510,0","amount":"0,5","amount_parts":"","unit":"\u043a\u043c","city":"\u041c\u043e\u0441\u043a\u0432\u0430","company_id":"65","company_name":"\u041e\u041e\u041e \u0424\u041e\u0420\u0415\u0421 \u0422\u041f\u041a"},{"name":"\u0410\u0412\u0412\u0413 -\u041f 2\u042516,0","amount":"0,3","amount_parts":"","unit":"\u043a\u043c","city":"\u041c\u043e\u0441\u043a\u0432\u0430","company_id":"65","company_name":"\u041e\u041e\u041e \u0424\u041e\u0420\u0415\u0421 \u0422\u041f\u041a"},{"name":"\u0410\u0412\u0412\u0413 -\u041f 2\u04252,5","amount":"0,5","amount_parts":"","unit":"\u043a\u043c","city":"\u041c\u043e\u0441\u043a\u0432\u0430","company_id":"65","company_name":"\u041e\u041e\u041e \u0424\u041e\u0420\u0415\u0421 \u0422\u041f\u041a"},{"name":"\u0410\u0412\u0412\u0413 -\u041f 2\u04254,0","amount":"0,7","amount_parts":"","unit":"\u043a\u043c","city":"\u041c\u043e\u0441\u043a\u0432\u0430","company_id":"65","company_name":"\u041e\u041e\u041e \u0424\u041e\u0420\u0415\u0421 \u0422\u041f\u041a"},{"name":"\u0410\u0412\u0412\u0413 -\u041f 2\u04256,0","amount":"0,4","amount_parts":"","unit":"\u043a\u043c","city":"\u041c\u043e\u0441\u043a\u0432\u0430","company_id":"65","company_name":"\u041e\u041e\u041e \u0424\u041e\u0420\u0415\u0421 \u0422\u041f\u041a"},{"name":"\u0410\u0412\u0412\u0413 -\u041f 3\u042510,0","amount":"0,6","amount_parts":"","unit":"\u043a\u043c","city":"\u041c\u043e\u0441\u043a\u0432\u0430","company_id":"65","company_name":"\u041e\u041e\u041e \u0424\u041e\u0420\u0415\u0421 \u0422\u041f\u041a"},{"name":"\u0410\u0412\u0412\u0413 -\u041f 3\u04252,5","amount":"1,8","amount_parts":"","unit":"\u043a\u043c","city":"\u041c\u043e\u0441\u043a\u0432\u0430","company_id":"65","company_name":"\u041e\u041e\u041e \u0424\u041e\u0420\u0415\u0421 \u0422\u041f\u041a"},{"name":"\u0410\u0412\u0412\u0413 -\u041f 3\u04254,0","amount":"1,2","amount_parts":"","unit":"\u043a\u043c","city":"\u041c\u043e\u0441\u043a\u0432\u0430","company_id":"65","company_name":"\u041e\u041e\u041e \u0424\u041e\u0420\u0415\u0421 \u0422\u041f\u041a"},{"name":"\u0410\u0412\u0412\u0413 -\u041f 3\u04256,0","amount":"0,9","amount_parts":"","unit":"\u043a\u043c","city":"\u041c\u043e\u0441\u043a\u0432\u0430","company_id":"65","company_name":"\u041e\u041e\u041e \u0424\u041e\u0420\u0415\u0421 \u0422\u041f\u041a"},{"name":"\u0410\u0412\u0412\u0413 1x70-1","amount":"0,1","amount_parts":"","unit":"\u043a\u043c","city":"\u0421\u0430\u043d\u043a\u0442-\u041f\u0435\u0442\u0435\u0440\u0431\u0443\u0440\u0433","company_id":"9328","company_name":"\u041e\u041e\u041e \u041a\u0430\u0431\u0435\u043b\u044c-\u0418\u041c\u041f\u042d\u041a\u0421"},{"name":"\u0410\u0412\u0412\u0413 1\u044510","amount":"0,891","amount_parts":"0,241; 0,2; 0,2; 0,25; ","unit":"\u043a\u043c","city":"\u041f\u0435\u0440\u043c\u044c","company_id":"3601","company_name":"\u041e\u041e\u041e \"\u0422\u041c\u041a-\u042d\u041d\u0415\u0420\u0413\u041e\""},{"name":"\u0410\u0412\u0412\u0413 1\u044510","amount":"0,891","amount_parts":"0,241; 0,2; 0,2; 0,25; ","unit":"\u043a\u043c","city":"\u041f\u0435\u0440\u043c\u044c","company_id":"25001","company_name":"\u041e\u041e\u041e \u0421\u041f\u041a \"\u041f\u0440\u043e\u043c\u0418\u043d\u0432\u0435\u0441\u0442\u041a\u0430\u0431\u0435\u043b\u044c\""},{"name":"\u0410\u0412\u0412\u0413 1\u044510","amount":"0,024","amount_parts":"","unit":"\u043a\u043c","city":"\u0421\u0430\u043d\u043a\u0442-\u041f\u0435\u0442\u0435\u0440\u0431\u0443\u0440\u0433","company_id":"3660","company_name":"\u041e\u041e\u041e \u041a\u0430\u0431\u0435\u043b\u044c\u0413\u0440\u0443\u043f\u043f"},{"name":"\u0410\u0412\u0412\u0413 1\u044510","amount":"0,024","amount_parts":"","unit":"\u043a\u043c","city":"\u041c\u043e\u0441\u043a\u0432\u0430","company_id":"22412","company_name":"\u041e\u041e\u041e \u041a\u041e\u0420\u041f\u041e\u0420\u0410\u0426\u0418\u042f \u0411\u0430\u043b\u0442\u041f\u0440\u043e\u043c\u041a\u043e\u043c\u043f\u043b\u0435\u043a\u0442"},{"name":"\u0410\u0412\u0412\u0413 1\u044510","amount":"0,803","amount_parts":"0,219; 0,228; 0,178; 0,178; ","unit":"\u043a\u043c","city":"\u041f\u0435\u0440\u043c\u044c","company_id":"10969","company_name":"\u041e\u041e\u041e \u0410\u0428\u0422\u0420\u0415\u0412\u0415\u041b"},{"name":"\u0410\u0412\u0412\u0413 1\u0445150","amount":"1,315","amount_parts":"","unit":"\u043a\u043c","city":"\u0421\u0430\u043d\u043a\u0442-\u041f\u0435\u0442\u0435\u0440\u0431\u0443\u0440\u0433","company_id":"3660","company_name":"\u041e\u041e\u041e \u041a\u0430\u0431\u0435\u043b\u044c\u0413\u0440\u0443\u043f\u043f"},{"name":"\u0410\u0412\u0412\u0413 1\u0445150","amount":"1,315","amount_parts":"","unit":"\u043a\u043c","city":"\u041c\u043e\u0441\u043a\u0432\u0430","company_id":"22412","company_name":"\u041e\u041e\u041e \u041a\u041e\u0420\u041f\u041e\u0420\u0410\u0426\u0418\u042f \u0411\u0430\u043b\u0442\u041f\u0440\u043e\u043c\u041a\u043e\u043c\u043f\u043b\u0435\u043a\u0442"},{"name":"\u0410\u0412\u0412\u0413 1\u0445150","amount":"1,315","amount_parts":"","unit":"\u043a\u043c","city":"\u0421\u0430\u043d\u043a\u0442-\u041f\u0435\u0442\u0435\u0440\u0431\u0443\u0440\u0433","company_id":"16940","company_name":"\u041e\u041e\u041e \"\u041e\u043f\u0442\u0413\u0440\u0443\u043f\u043f\""},{"name":"\u0410\u0412\u0412\u0413 1\u0445150--1","amount":"0,045","amount_parts":"","unit":"\u043a\u043c","city":"\u041f\u0430\u0432\u043b\u043e\u0434\u0430\u0440","company_id":"7464","company_name":"\u0410\u041e \"\u041a\u0430\u0437\u044d\u043d\u0435\u0440\u0433\u043e\u043a\u0430\u0431\u0435\u043b\u044c\""},{"name":"\u0410\u0412\u0412\u0413 1\u044516","amount":"0,175","amount_parts":"","unit":"\u043a\u043c","city":"\u0421\u0430\u043d\u043a\u0442-\u041f\u0435\u0442\u0435\u0440\u0431\u0443\u0440\u0433","company_id":"3660","company_name":"\u041e\u041e\u041e \u041a\u0430\u0431\u0435\u043b\u044c\u0413\u0440\u0443\u043f\u043f"}],"performedDatetime":"2014-09-22T10:15:01Z","authStatus":"0","accessDateEnd":""}
=====

select s.id, s.comp_id, s.title, s.quant, s.unit_id, s.comments, s.city from
		sklad_tovar s where visible=1 and (title like 'аввг%' or title like '% аввг%') order by  s.title LIMIT 0, 20
q2: select count(id) from sklad_tovar s where visible=1 and (title like 'аввг%' or title like '% аввг%')
 auth: 100 
=====
Query:
performedDatetime: 2014-09-22 10:15:02  0000
action: get_company_data
sklad_user: Гость
appleId: FB9E32A8-71E6-43A0-BB94-90DA1DADB796
sklad_hash: f24209c432f81e27038744aee6f92805
company_id: 65

=====
Response:
{"action":"get_company_data","code":0,"data":{"company_id":65,"title":"\u041e\u041e\u041e \u0424\u041e\u0420\u0415\u0421 \u0422\u041f\u041a","city":"\u041c\u043e\u0441\u043a\u0432\u0430","address":"142000, \u041c\u043e\u0441\u043a\u043e\u0432\u0441\u043a\u0430\u044f \u043e\u0431\u043b\u0430\u0441\u0442\u044c, \u0433. \u0414\u043e\u043c\u043e\u0434\u0435\u0434\u043e\u0432\u043e, \u0443\u043b. \u0421\u043e\u0432\u0435\u0442\u0441\u043a\u0430\u044f, \u0434.17\u0430","phone":"495 9722979","email":"fes64@yandex.ru","url":"http:\/\/www.tpk-fores.ru\/","contact":"\u0424\u0435\u0440\u0430\u0444\u043e\u043d\u0442\u043e\u0432 \u0415\u0432\u0433\u0435\u043d\u0438\u0439 \u0421\u0435\u0440\u0433\u0435\u0435\u0432\u0438\u0447","goods_count":"269","last_update":"10.09.2014"},"performedDatetime":"2014-09-22T10:15:03Z","authStatus":"0","accessDateEnd":""}
=====

select distinct city from sklad_tovar where comp_id= and city!='' order by city
q2: 
 auth: 100 
=====
Query:
performedDatetime: 2014-09-22 10:15:10  0000
action: get_company_data
sklad_user: Гость
appleId: FB9E32A8-71E6-43A0-BB94-90DA1DADB796
sklad_hash: f24209c432f81e27038744aee6f92805
company_id: 3660

=====
Response:
{"action":"get_company_data","code":0,"data":{"company_id":3660,"title":"\u041e\u041e\u041e \u041a\u0430\u0431\u0435\u043b\u044c\u0413\u0440\u0443\u043f\u043f","city":"\u0421\u0430\u043d\u043a\u0442-\u041f\u0435\u0442\u0435\u0440\u0431\u0443\u0440\u0433","address":"\u0433.\u0421\u0430\u043d\u043a\u0442-\u041f\u0435\u0442\u0435\u0440\u0431\u0443\u0440\u0433  \u0443\u043b. \u041a\u043e\u0440\u043e\u043b\u0435\u043d\u043a\u043e 7\u0430","phone":"(812)5790087","email":"magazin@bpks.ru","url":"http:\/\/www.bpks.ru","contact":"\u0422\u0440\u0438\u0448\u043a\u0438\u043d \u0410\u043b\u0435\u043a\u0441\u0435\u0439 \u0413\u0435\u043d\u043d\u0430\u0434\u044c\u0435\u0432\u0438\u0447","goods_count":"1181","last_update":"16.09.2014"},"performedDatetime":"2014-09-22T10:15:12Z","authStatus":"0","accessDateEnd":""}
=====

select distinct city from sklad_tovar where comp_id= and city!='' order by city
q2: 
 auth: 100 
=====
Query:
performedDatetime: 2014-09-22 10:15:13  0000
action: get_company_data
sklad_user: Гость
appleId: FB9E32A8-71E6-43A0-BB94-90DA1DADB796
sklad_hash: f24209c432f81e27038744aee6f92805
company_id: 3660

=====
Response:
{"action":"get_company_data","code":0,"data":{"company_id":3660,"title":"\u041e\u041e\u041e \u041a\u0430\u0431\u0435\u043b\u044c\u0413\u0440\u0443\u043f\u043f","city":"\u0421\u0430\u043d\u043a\u0442-\u041f\u0435\u0442\u0435\u0440\u0431\u0443\u0440\u0433","address":"\u0433.\u0421\u0430\u043d\u043a\u0442-\u041f\u0435\u0442\u0435\u0440\u0431\u0443\u0440\u0433  \u0443\u043b. \u041a\u043e\u0440\u043e\u043b\u0435\u043d\u043a\u043e 7\u0430","phone":"(812)5790087","email":"magazin@bpks.ru","url":"http:\/\/www.bpks.ru","contact":"\u0422\u0440\u0438\u0448\u043a\u0438\u043d \u0410\u043b\u0435\u043a\u0441\u0435\u0439 \u0413\u0435\u043d\u043d\u0430\u0434\u044c\u0435\u0432\u0438\u0447","goods_count":"1181","last_update":"16.09.2014"},"performedDatetime":"2014-09-22T10:15:15Z","authStatus":"0","accessDateEnd":""}
=====

select distinct city from sklad_tovar where comp_id= and city!='' order by city
q2: 
 auth: 100 
=====
Query:
performedDatetime: 2014-09-22 10:15:27  0000
action: get_goods_data
sklad_user: Гость
appleId: FB9E32A8-71E6-43A0-BB94-90DA1DADB796
sklad_hash: f24209c432f81e27038744aee6f92805
searchTerm: аввг
resultsFrom: 1
sort: 0
cityFilter: 

=====
Response:
{"action":"get_goods_data","searchTerm":"\u0430\u0432\u0432\u0433","resultsFrom":1,"sort":0,"cityFilter":"","code":0,"resultsCount":"1747","lastPage":0,"data":[{"name":"\u0410\u0412\u0412\u0413 1\u044516","amount":"0,175","amount_parts":"","unit":"\u043a\u043c","city":"\u041c\u043e\u0441\u043a\u0432\u0430","company_id":"22412","company_name":"\u041e\u041e\u041e \u041a\u041e\u0420\u041f\u041e\u0420\u0410\u0426\u0418\u042f \u0411\u0430\u043b\u0442\u041f\u0440\u043e\u043c\u041a\u043e\u043c\u043f\u043b\u0435\u043a\u0442"},{"name":"\u0410\u0412\u0412\u0413 1\u044516","amount":"0,9","amount_parts":"","unit":"\u043a\u043c","city":"\u041a\u0440\u0430\u0441\u043d\u043e\u044f\u0440\u0441\u043a","company_id":"8363","company_name":"\u041e\u041e\u041e \u0421\u0438\u0431\u0421\u0442\u0440\u043e\u0439\u0420\u0435\u0441\u0443\u0440\u0441 2000"},{"name":"\u0410\u0412\u0412\u0413 1\u04452,5","amount":"0,5058","amount_parts":"496;9,8","unit":"\u043a\u043c","city":"\u0422\u043e\u043c\u0441\u043a","company_id":"6396","company_name":"\u041c\u043e\u043d\u0442\u0430\u0436\u0441\u0442\u0440\u043e\u0439\u044d\u043b\u0435\u043a\u0442\u0440\u043e"},{"name":"\u0410\u0412\u0412\u0413 1\u044525","amount":"1,202","amount_parts":"","unit":"\u043a\u043c","city":"\u041f\u0435\u0440\u043c\u044c","company_id":"25001","company_name":"\u041e\u041e\u041e \u0421\u041f\u041a \"\u041f\u0440\u043e\u043c\u0418\u043d\u0432\u0435\u0441\u0442\u041a\u0430\u0431\u0435\u043b\u044c\""},{"name":"\u0410\u0412\u0412\u0413 1\u044525","amount":"1,202","amount_parts":"","unit":"\u043a\u043c","city":"\u041f\u0435\u0440\u043c\u044c","company_id":"3601","company_name":"\u041e\u041e\u041e \"\u0422\u041c\u041a-\u042d\u041d\u0415\u0420\u0413\u041e\""},{"name":"\u0410\u0412\u0412\u0413 1\u044525","amount":"0,806","amount_parts":"","unit":"\u043a\u043c","city":"\u041a\u0440\u0430\u0441\u043d\u043e\u044f\u0440\u0441\u043a","company_id":"8363","company_name":"\u041e\u041e\u041e \u0421\u0438\u0431\u0421\u0442\u0440\u043e\u0439\u0420\u0435\u0441\u0443\u0440\u0441 2000"},{"name":"\u0410\u0412\u0412\u0413 1\u044525","amount":"1,18","amount_parts":"","unit":"\u043a\u043c","city":"\u041f\u0435\u0440\u043c\u044c","company_id":"10969","company_name":"\u041e\u041e\u041e \u0410\u0428\u0422\u0420\u0415\u0412\u0415\u041b"},{"name":"\u0410\u0412\u0412\u0413 1\u044525-1,0 \u041c\u0416","amount":"4,225","amount_parts":"","unit":"\u043a\u043c","city":"\u0415\u043a\u0430\u0442\u0435\u0440\u0438\u043d\u0431\u0443\u0440\u0433","company_id":"8456","company_name":"\u041e\u041e\u041e \"\u041f\u0440\u043e\u043c\u042d\u043b\u0435\u043a\u0442\u0440\u043e\u041a\u0430\u0431\u0435\u043b\u044c\""},{"name":"\u0410\u0412\u0412\u0413 1\u044535","amount":"0,165","amount_parts":"","unit":"\u043a\u043c","city":"\u0421\u0430\u043d\u043a\u0442-\u041f\u0435\u0442\u0435\u0440\u0431\u0443\u0440\u0433","company_id":"3660","company_name":"\u041e\u041e\u041e \u041a\u0430\u0431\u0435\u043b\u044c\u0413\u0440\u0443\u043f\u043f"},{"name":"\u0410\u0412\u0412\u0413 1\u044535","amount":"0,165","amount_parts":"","unit":"\u043a\u043c","city":"\u041c\u043e\u0441\u043a\u0432\u0430","company_id":"22412","company_name":"\u041e\u041e\u041e \u041a\u041e\u0420\u041f\u041e\u0420\u0410\u0426\u0418\u042f \u0411\u0430\u043b\u0442\u041f\u0440\u043e\u043c\u041a\u043e\u043c\u043f\u043b\u0435\u043a\u0442"},{"name":"\u0410\u0412\u0412\u0413 1\u044535","amount":"0,8","amount_parts":"","unit":"\u043a\u043c","city":"\u041a\u0440\u0430\u0441\u043d\u043e\u044f\u0440\u0441\u043a","company_id":"8363","company_name":"\u041e\u041e\u041e \u0421\u0438\u0431\u0421\u0442\u0440\u043e\u0439\u0420\u0435\u0441\u0443\u0440\u0441 2000"},{"name":"\u0410\u0412\u0412\u0413 1\u04454","amount":"0,691","amount_parts":"","unit":"\u043a\u043c","city":"\u041f\u0435\u0440\u043c\u044c","company_id":"3601","company_name":"\u041e\u041e\u041e \"\u0422\u041c\u041a-\u042d\u041d\u0415\u0420\u0413\u041e\""},{"name":"\u0410\u0412\u0412\u0413 1\u04454","amount":"0,691","amount_parts":"","unit":"\u043a\u043c","city":"\u041f\u0435\u0440\u043c\u044c","company_id":"25001","company_name":"\u041e\u041e\u041e \u0421\u041f\u041a \"\u041f\u0440\u043e\u043c\u0418\u043d\u0432\u0435\u0441\u0442\u041a\u0430\u0431\u0435\u043b\u044c\""},{"name":"\u0410\u0412\u0412\u0413 1\u04454","amount":"0,02","amount_parts":"","unit":"\u043a\u043c","city":"\u041c\u043e\u0441\u043a\u0432\u0430","company_id":"22412","company_name":"\u041e\u041e\u041e \u041a\u041e\u0420\u041f\u041e\u0420\u0410\u0426\u0418\u042f \u0411\u0430\u043b\u0442\u041f\u0440\u043e\u043c\u041a\u043e\u043c\u043f\u043b\u0435\u043a\u0442"},{"name":"\u0410\u0412\u0412\u0413 1\u04454","amount":"0,669","amount_parts":"","unit":"\u043a\u043c","city":"\u041f\u0435\u0440\u043c\u044c","company_id":"10969","company_name":"\u041e\u041e\u041e \u0410\u0428\u0422\u0420\u0415\u0412\u0415\u041b"},{"name":"\u0410\u0412\u0412\u0413 1\u04454","amount":"0,02","amount_parts":"","unit":"\u043a\u043c","city":"\u0421\u0430\u043d\u043a\u0442-\u041f\u0435\u0442\u0435\u0440\u0431\u0443\u0440\u0433","company_id":"16940","company_name":"\u041e\u041e\u041e \"\u041e\u043f\u0442\u0413\u0440\u0443\u043f\u043f\""},{"name":"\u0410\u0412\u0412\u0413 1\u044550","amount":"0,9","amount_parts":"","unit":"\u043a\u043c","city":"\u041a\u0440\u0430\u0441\u043d\u043e\u044f\u0440\u0441\u043a","company_id":"8363","company_name":"\u041e\u041e\u041e \u0421\u0438\u0431\u0421\u0442\u0440\u043e\u0439\u0420\u0435\u0441\u0443\u0440\u0441 2000"},{"name":"\u0410\u0412\u0412\u0413 1\u044550(\u043e\u0436)-1 \u0413\u041e\u0421\u0422 16442-80 \u0438\u0441\u043f.\u042d","amount":"0,282","amount_parts":"","unit":"\u043a\u043c","city":"\u041f\u0435\u0440\u043c\u044c","company_id":"19357","company_name":"\u041e\u041e\u041e \u0422\u0414 \"\u0423\u0440\u0430\u043b \u041f\u0430\u043a\""},{"name":"\u0410\u0412\u0412\u0413 1\u044550-1,0 \u041c\u0416","amount":"2,817","amount_parts":"","unit":"\u043a\u043c","city":"\u0415\u043a\u0430\u0442\u0435\u0440\u0438\u043d\u0431\u0443\u0440\u0433","company_id":"8456","company_name":"\u041e\u041e\u041e \"\u041f\u0440\u043e\u043c\u042d\u043b\u0435\u043a\u0442\u0440\u043e\u041a\u0430\u0431\u0435\u043b\u044c\""},{"name":"\u0410\u0412\u0412\u0413 1\u044570","amount":"0,02","amount_parts":"","unit":"\u043a\u043c","city":"\u0421\u0430\u043d\u043a\u0442-\u041f\u0435\u0442\u0435\u0440\u0431\u0443\u0440\u0433","company_id":"3660","company_name":"\u041e\u041e\u041e \u041a\u0430\u0431\u0435\u043b\u044c\u0413\u0440\u0443\u043f\u043f"}],"performedDatetime":"2014-09-22T10:15:29Z","authStatus":"0","accessDateEnd":""}
=====

select s.id, s.comp_id, s.title, s.quant, s.unit_id, s.comments, s.city from
		sklad_tovar s where visible=1 and (title like 'аввг%' or title like '% аввг%') order by  s.title LIMIT 20, 20
q2: select count(id) from sklad_tovar s where visible=1 and (title like 'аввг%' or title like '% аввг%')
 auth: 100 
=====
Query:
performedDatetime: 2014-09-22 10:15:35  0000
action: get_company_data
sklad_user: Гость
appleId: FB9E32A8-71E6-43A0-BB94-90DA1DADB796
sklad_hash: f24209c432f81e27038744aee6f92805
company_id: 3601

=====
Response:
{"action":"get_company_data","code":0,"data":{"company_id":3601,"title":"\u041e\u041e\u041e \"\u0422\u041c\u041a-\u042d\u041d\u0415\u0420\u0413\u041e\"","city":"\u041f\u0435\u0440\u043c\u044c","address":"614030, \u0433. \u041f\u0435\u0440\u043c\u044c, \u0443\u043b. \u041f\u0438\u0441\u0430\u0440\u0435\u0432\u0430, 2\u0410, \u043e\u0444\u0438\u0441 \u2116 5","phone":"+7(342) 2700-889 \u0434\u043e\u0431.102, 8-922-640-60-39, 8-925-388-8885","email":"l-kabel2013@yandex.ru","contact":"\u0415\u043b\u0435\u043d\u0430 \u0411\u0430\u0442\u0443\u0445\u0442\u0438\u043d\u0430","goods_count":"1141","last_update":"10.09.2014"},"performedDatetime":"2014-09-22T10:15:37Z","authStatus":"0","accessDateEnd":""}
=====

select distinct city from sklad_tovar where comp_id= and city!='' order by city
q2: 
 auth: 100 
=====
Query:
performedDatetime: 2014-09-22 10:15:59  0000
action: get_company_data
sklad_user: Гость
appleId: FB9E32A8-71E6-43A0-BB94-90DA1DADB796
sklad_hash: f24209c432f81e27038744aee6f92805
company_id: 8363

=====
Response:
{"action":"get_company_data","code":0,"data":{"company_id":8363,"title":"\u041e\u041e\u041e \u0421\u0438\u0431\u0421\u0442\u0440\u043e\u0439\u0420\u0435\u0441\u0443\u0440\u0441 2000","city":"\u041a\u0440\u0430\u0441\u043d\u043e\u044f\u0440\u0441\u043a","address":"660062 \u0433. \u041a\u0440\u0430\u0441\u043d\u043e\u044f\u0440\u0441\u043a \u0443\u043b. \u0412\u0438\u043b\u044c\u0441\u043a\u043e\u0433\u043e 22 \u043e\u0444. 215 ","phone":"(391)202-40-31, \u043c\u043e\u0431. 282-88-74","email":"sibstroi_2000@inbox.ru","url":"http:\/\/www.ssr2000.ru","contact":"\u0411\u043e\u0433\u0430\u0435\u0432\u0430 \u0410\u043d\u0430\u0441\u0442\u0430\u0441\u0438\u044f \u0418\u0432\u0430\u043d\u043e\u0432\u043d\u0430","goods_count":"625","last_update":"11.09.2014"},"performedDatetime":"2014-09-22T10:16:00Z","authStatus":"0","accessDateEnd":""}
=====

select distinct city from sklad_tovar where comp_id= and city!='' order by city
q2: 
 auth: 100 
=====
Query:
performedDatetime: 2014-09-22 11:21:41  0000
action: get_text

=====
Response:
{"action":"get_text","code":0,"data":"","performedDatetime":"2014-09-22T11:21:42Z","authStatus":"10"}
=====


q2: 
 auth: 0 
=====
Query:
performedDatetime: 2014-09-22 11:23:14  0000
action: get_goods_data
sklad_user: Гость
appleId: FB9E32A8-71E6-43A0-BB94-90DA1DADB796
sklad_hash: f24209c432f81e27038744aee6f92805
searchTerm: аввг
resultsFrom: 0
sort: 0
cityFilter: 

=====
Response:
{"action":"get_goods_data","searchTerm":"\u0430\u0432\u0432\u0433","resultsFrom":0,"sort":0,"cityFilter":"","code":0,"resultsCount":"1782","lastPage":0,"data":[{"name":"\u0410\u0412\u0412\u0413 -\u041f 2\u042510,0","amount":"0,5","amount_parts":"","unit":"\u043a\u043c","city":"\u041c\u043e\u0441\u043a\u0432\u0430","company_id":"65","company_name":"\u041e\u041e\u041e \u0424\u041e\u0420\u0415\u0421 \u0422\u041f\u041a"},{"name":"\u0410\u0412\u0412\u0413 -\u041f 2\u042516,0","amount":"0,3","amount_parts":"","unit":"\u043a\u043c","city":"\u041c\u043e\u0441\u043a\u0432\u0430","company_id":"65","company_name":"\u041e\u041e\u041e \u0424\u041e\u0420\u0415\u0421 \u0422\u041f\u041a"},{"name":"\u0410\u0412\u0412\u0413 -\u041f 2\u04252,5","amount":"0,5","amount_parts":"","unit":"\u043a\u043c","city":"\u041c\u043e\u0441\u043a\u0432\u0430","company_id":"65","company_name":"\u041e\u041e\u041e \u0424\u041e\u0420\u0415\u0421 \u0422\u041f\u041a"},{"name":"\u0410\u0412\u0412\u0413 -\u041f 2\u04254,0","amount":"0,7","amount_parts":"","unit":"\u043a\u043c","city":"\u041c\u043e\u0441\u043a\u0432\u0430","company_id":"65","company_name":"\u041e\u041e\u041e \u0424\u041e\u0420\u0415\u0421 \u0422\u041f\u041a"},{"name":"\u0410\u0412\u0412\u0413 -\u041f 2\u04256,0","amount":"0,4","amount_parts":"","unit":"\u043a\u043c","city":"\u041c\u043e\u0441\u043a\u0432\u0430","company_id":"65","company_name":"\u041e\u041e\u041e \u0424\u041e\u0420\u0415\u0421 \u0422\u041f\u041a"},{"name":"\u0410\u0412\u0412\u0413 -\u041f 3\u042510,0","amount":"0,6","amount_parts":"","unit":"\u043a\u043c","city":"\u041c\u043e\u0441\u043a\u0432\u0430","company_id":"65","company_name":"\u041e\u041e\u041e \u0424\u041e\u0420\u0415\u0421 \u0422\u041f\u041a"},{"name":"\u0410\u0412\u0412\u0413 -\u041f 3\u04252,5","amount":"1,8","amount_parts":"","unit":"\u043a\u043c","city":"\u041c\u043e\u0441\u043a\u0432\u0430","company_id":"65","company_name":"\u041e\u041e\u041e \u0424\u041e\u0420\u0415\u0421 \u0422\u041f\u041a"},{"name":"\u0410\u0412\u0412\u0413 -\u041f 3\u04254,0","amount":"1,2","amount_parts":"","unit":"\u043a\u043c","city":"\u041c\u043e\u0441\u043a\u0432\u0430","company_id":"65","company_name":"\u041e\u041e\u041e \u0424\u041e\u0420\u0415\u0421 \u0422\u041f\u041a"},{"name":"\u0410\u0412\u0412\u0413 -\u041f 3\u04256,0","amount":"0,9","amount_parts":"","unit":"\u043a\u043c","city":"\u041c\u043e\u0441\u043a\u0432\u0430","company_id":"65","company_name":"\u041e\u041e\u041e \u0424\u041e\u0420\u0415\u0421 \u0422\u041f\u041a"},{"name":"\u0410\u0412\u0412\u0413 1x70-1","amount":"0,1","amount_parts":"","unit":"\u043a\u043c","city":"\u0421\u0430\u043d\u043a\u0442-\u041f\u0435\u0442\u0435\u0440\u0431\u0443\u0440\u0433","company_id":"9328","company_name":"\u041e\u041e\u041e \u041a\u0430\u0431\u0435\u043b\u044c-\u0418\u041c\u041f\u042d\u041a\u0421"},{"name":"\u0410\u0412\u0412\u0413 1\u044510","amount":"0,891","amount_parts":"0,2; 0,2; 0,25; 0,241; ","unit":"\u043a\u043c","city":"\u041f\u0435\u0440\u043c\u044c","company_id":"17640","company_name":"\u041e\u041e\u041e \"\u0415\u0432\u0440\u043e\u0441\u0442\u0440\u043e\u0439\""},{"name":"\u0410\u0412\u0412\u0413 1\u044510","amount":"0,891","amount_parts":"0,241; 0,2; 0,2; 0,25; ","unit":"\u043a\u043c","city":"\u041f\u0435\u0440\u043c\u044c","company_id":"3601","company_name":"\u041e\u041e\u041e \"\u0422\u041c\u041a-\u042d\u041d\u0415\u0420\u0413\u041e\""},{"name":"\u0410\u0412\u0412\u0413 1\u044510","amount":"0,891","amount_parts":"0,241; 0,2; 0,2; 0,25; ","unit":"\u043a\u043c","city":"\u041f\u0435\u0440\u043c\u044c","company_id":"25001","company_name":"\u041e\u041e\u041e \u0421\u041f\u041a \"\u041f\u0440\u043e\u043c\u0418\u043d\u0432\u0435\u0441\u0442\u041a\u0430\u0431\u0435\u043b\u044c\""},{"name":"\u0410\u0412\u0412\u0413 1\u044510","amount":"0,024","amount_parts":"","unit":"\u043a\u043c","city":"\u0421\u0430\u043d\u043a\u0442-\u041f\u0435\u0442\u0435\u0440\u0431\u0443\u0440\u0433","company_id":"3660","company_name":"\u041e\u041e\u041e \u041a\u0430\u0431\u0435\u043b\u044c\u0413\u0440\u0443\u043f\u043f"},{"name":"\u0410\u0412\u0412\u0413 1\u044510","amount":"0,024","amount_parts":"","unit":"\u043a\u043c","city":"\u041c\u043e\u0441\u043a\u0432\u0430","company_id":"22412","company_name":"\u041e\u041e\u041e \u041a\u041e\u0420\u041f\u041e\u0420\u0410\u0426\u0418\u042f \u0411\u0430\u043b\u0442\u041f\u0440\u043e\u043c\u041a\u043e\u043c\u043f\u043b\u0435\u043a\u0442"},{"name":"\u0410\u0412\u0412\u0413 1\u044510","amount":"0,803","amount_parts":"0,219; 0,228; 0,178; 0,178; ","unit":"\u043a\u043c","city":"\u041f\u0435\u0440\u043c\u044c","company_id":"10969","company_name":"\u041e\u041e\u041e \u0410\u0428\u0422\u0420\u0415\u0412\u0415\u041b"},{"name":"\u0410\u0412\u0412\u0413 1\u0445150","amount":"1,315","amount_parts":"","unit":"\u043a\u043c","city":"\u0421\u0430\u043d\u043a\u0442-\u041f\u0435\u0442\u0435\u0440\u0431\u0443\u0440\u0433","company_id":"3660","company_name":"\u041e\u041e\u041e \u041a\u0430\u0431\u0435\u043b\u044c\u0413\u0440\u0443\u043f\u043f"},{"name":"\u0410\u0412\u0412\u0413 1\u0445150","amount":"1,315","amount_parts":"","unit":"\u043a\u043c","city":"\u041c\u043e\u0441\u043a\u0432\u0430","company_id":"22412","company_name":"\u041e\u041e\u041e \u041a\u041e\u0420\u041f\u041e\u0420\u0410\u0426\u0418\u042f \u0411\u0430\u043b\u0442\u041f\u0440\u043e\u043c\u041a\u043e\u043c\u043f\u043b\u0435\u043a\u0442"},{"name":"\u0410\u0412\u0412\u0413 1\u0445150","amount":"1,315","amount_parts":"","unit":"\u043a\u043c","city":"\u0421\u0430\u043d\u043a\u0442-\u041f\u0435\u0442\u0435\u0440\u0431\u0443\u0440\u0433","company_id":"16940","company_name":"\u041e\u041e\u041e \"\u041e\u043f\u0442\u0413\u0440\u0443\u043f\u043f\""},{"name":"\u0410\u0412\u0412\u0413 1\u0445150--1","amount":"0,045","amount_parts":"","unit":"\u043a\u043c","city":"\u041f\u0430\u0432\u043b\u043e\u0434\u0430\u0440","company_id":"7464","company_name":"\u0410\u041e \"\u041a\u0430\u0437\u044d\u043d\u0435\u0440\u0433\u043e\u043a\u0430\u0431\u0435\u043b\u044c\""}],"performedDatetime":"2014-09-22T11:23:14Z","authStatus":"0","accessDateEnd":""}
=====

select s.id, s.comp_id, s.title, s.quant, s.unit_id, s.comments, s.city from
		sklad_tovar s where visible=1 and (title like 'аввг%' or title like '% аввг%') order by  s.title LIMIT 0, 20
q2: select count(id) from sklad_tovar s where visible=1 and (title like 'аввг%' or title like '% аввг%')
 auth: 100 
=====
Query:
performedDatetime: 2014-09-22 11:23:16  0000
action: get_goods_data
sklad_user: Гость
appleId: FB9E32A8-71E6-43A0-BB94-90DA1DADB796
sklad_hash: f24209c432f81e27038744aee6f92805
searchTerm: аввг
resultsFrom: 1
sort: 0
cityFilter: 

=====
Response:
{"action":"get_goods_data","searchTerm":"\u0430\u0432\u0432\u0433","resultsFrom":1,"sort":0,"cityFilter":"","code":0,"resultsCount":"1782","lastPage":0,"data":[{"name":"\u0410\u0412\u0412\u0413 1\u044516","amount":"0,175","amount_parts":"","unit":"\u043a\u043c","city":"\u0421\u0430\u043d\u043a\u0442-\u041f\u0435\u0442\u0435\u0440\u0431\u0443\u0440\u0433","company_id":"3660","company_name":"\u041e\u041e\u041e \u041a\u0430\u0431\u0435\u043b\u044c\u0413\u0440\u0443\u043f\u043f"},{"name":"\u0410\u0412\u0412\u0413 1\u044516","amount":"0,175","amount_parts":"","unit":"\u043a\u043c","city":"\u041c\u043e\u0441\u043a\u0432\u0430","company_id":"22412","company_name":"\u041e\u041e\u041e \u041a\u041e\u0420\u041f\u041e\u0420\u0410\u0426\u0418\u042f \u0411\u0430\u043b\u0442\u041f\u0440\u043e\u043c\u041a\u043e\u043c\u043f\u043b\u0435\u043a\u0442"},{"name":"\u0410\u0412\u0412\u0413 1\u044516","amount":"0,9","amount_parts":"","unit":"\u043a\u043c","city":"\u041a\u0440\u0430\u0441\u043d\u043e\u044f\u0440\u0441\u043a","company_id":"8363","company_name":"\u041e\u041e\u041e \u0421\u0438\u0431\u0421\u0442\u0440\u043e\u0439\u0420\u0435\u0441\u0443\u0440\u0441 2000"},{"name":"\u0410\u0412\u0412\u0413 1\u04452,5","amount":"0,5058","amount_parts":"496;9,8","unit":"\u043a\u043c","city":"\u0422\u043e\u043c\u0441\u043a","company_id":"6396","company_name":"\u041c\u043e\u043d\u0442\u0430\u0436\u0441\u0442\u0440\u043e\u0439\u044d\u043b\u0435\u043a\u0442\u0440\u043e"},{"name":"\u0410\u0412\u0412\u0413 1\u044525","amount":"1,202","amount_parts":"","unit":"\u043a\u043c","city":"\u041f\u0435\u0440\u043c\u044c","company_id":"17640","company_name":"\u041e\u041e\u041e \"\u0415\u0432\u0440\u043e\u0441\u0442\u0440\u043e\u0439\""},{"name":"\u0410\u0412\u0412\u0413 1\u044525","amount":"1,202","amount_parts":"","unit":"\u043a\u043c","city":"\u041f\u0435\u0440\u043c\u044c","company_id":"25001","company_name":"\u041e\u041e\u041e \u0421\u041f\u041a \"\u041f\u0440\u043e\u043c\u0418\u043d\u0432\u0435\u0441\u0442\u041a\u0430\u0431\u0435\u043b\u044c\""},{"name":"\u0410\u0412\u0412\u0413 1\u044525","amount":"1,202","amount_parts":"","unit":"\u043a\u043c","city":"\u041f\u0435\u0440\u043c\u044c","company_id":"3601","company_name":"\u041e\u041e\u041e \"\u0422\u041c\u041a-\u042d\u041d\u0415\u0420\u0413\u041e\""},{"name":"\u0410\u0412\u0412\u0413 1\u044525","amount":"0,806","amount_parts":"","unit":"\u043a\u043c","city":"\u041a\u0440\u0430\u0441\u043d\u043e\u044f\u0440\u0441\u043a","company_id":"8363","company_name":"\u041e\u041e\u041e \u0421\u0438\u0431\u0421\u0442\u0440\u043e\u0439\u0420\u0435\u0441\u0443\u0440\u0441 2000"},{"name":"\u0410\u0412\u0412\u0413 1\u044525","amount":"1,18","amount_parts":"","unit":"\u043a\u043c","city":"\u041f\u0435\u0440\u043c\u044c","company_id":"10969","company_name":"\u041e\u041e\u041e \u0410\u0428\u0422\u0420\u0415\u0412\u0415\u041b"},{"name":"\u0410\u0412\u0412\u0413 1\u044525-1,0 \u041c\u0416","amount":"4,225","amount_parts":"","unit":"\u043a\u043c","city":"\u0415\u043a\u0430\u0442\u0435\u0440\u0438\u043d\u0431\u0443\u0440\u0433","company_id":"8456","company_name":"\u041e\u041e\u041e \"\u041f\u0440\u043e\u043c\u042d\u043b\u0435\u043a\u0442\u0440\u043e\u041a\u0430\u0431\u0435\u043b\u044c\""},{"name":"\u0410\u0412\u0412\u0413 1\u044535","amount":"0,165","amount_parts":"","unit":"\u043a\u043c","city":"\u0421\u0430\u043d\u043a\u0442-\u041f\u0435\u0442\u0435\u0440\u0431\u0443\u0440\u0433","company_id":"3660","company_name":"\u041e\u041e\u041e \u041a\u0430\u0431\u0435\u043b\u044c\u0413\u0440\u0443\u043f\u043f"},{"name":"\u0410\u0412\u0412\u0413 1\u044535","amount":"0,165","amount_parts":"","unit":"\u043a\u043c","city":"\u041c\u043e\u0441\u043a\u0432\u0430","company_id":"22412","company_name":"\u041e\u041e\u041e \u041a\u041e\u0420\u041f\u041e\u0420\u0410\u0426\u0418\u042f \u0411\u0430\u043b\u0442\u041f\u0440\u043e\u043c\u041a\u043e\u043c\u043f\u043b\u0435\u043a\u0442"},{"name":"\u0410\u0412\u0412\u0413 1\u044535","amount":"0,8","amount_parts":"","unit":"\u043a\u043c","city":"\u041a\u0440\u0430\u0441\u043d\u043e\u044f\u0440\u0441\u043a","company_id":"8363","company_name":"\u041e\u041e\u041e \u0421\u0438\u0431\u0421\u0442\u0440\u043e\u0439\u0420\u0435\u0441\u0443\u0440\u0441 2000"},{"name":"\u0410\u0412\u0412\u0413 1\u04454","amount":"0,691","amount_parts":"","unit":"\u043a\u043c","city":"\u041f\u0435\u0440\u043c\u044c","company_id":"17640","company_name":"\u041e\u041e\u041e \"\u0415\u0432\u0440\u043e\u0441\u0442\u0440\u043e\u0439\""},{"name":"\u0410\u0412\u0412\u0413 1\u04454","amount":"0,691","amount_parts":"","unit":"\u043a\u043c","city":"\u041f\u0435\u0440\u043c\u044c","company_id":"3601","company_name":"\u041e\u041e\u041e \"\u0422\u041c\u041a-\u042d\u041d\u0415\u0420\u0413\u041e\""},{"name":"\u0410\u0412\u0412\u0413 1\u04454","amount":"0,691","amount_parts":"","unit":"\u043a\u043c","city":"\u041f\u0435\u0440\u043c\u044c","company_id":"25001","company_name":"\u041e\u041e\u041e \u0421\u041f\u041a \"\u041f\u0440\u043e\u043c\u0418\u043d\u0432\u0435\u0441\u0442\u041a\u0430\u0431\u0435\u043b\u044c\""},{"name":"\u0410\u0412\u0412\u0413 1\u04454","amount":"0,02","amount_parts":"","unit":"\u043a\u043c","city":"\u041c\u043e\u0441\u043a\u0432\u0430","company_id":"22412","company_name":"\u041e\u041e\u041e \u041a\u041e\u0420\u041f\u041e\u0420\u0410\u0426\u0418\u042f \u0411\u0430\u043b\u0442\u041f\u0440\u043e\u043c\u041a\u043e\u043c\u043f\u043b\u0435\u043a\u0442"},{"name":"\u0410\u0412\u0412\u0413 1\u04454","amount":"0,669","amount_parts":"","unit":"\u043a\u043c","city":"\u041f\u0435\u0440\u043c\u044c","company_id":"10969","company_name":"\u041e\u041e\u041e \u0410\u0428\u0422\u0420\u0415\u0412\u0415\u041b"},{"name":"\u0410\u0412\u0412\u0413 1\u04454","amount":"0,02","amount_parts":"","unit":"\u043a\u043c","city":"\u0421\u0430\u043d\u043a\u0442-\u041f\u0435\u0442\u0435\u0440\u0431\u0443\u0440\u0433","company_id":"16940","company_name":"\u041e\u041e\u041e \"\u041e\u043f\u0442\u0413\u0440\u0443\u043f\u043f\""},{"name":"\u0410\u0412\u0412\u0413 1\u044550","amount":"0,9","amount_parts":"","unit":"\u043a\u043c","city":"\u041a\u0440\u0430\u0441\u043d\u043e\u044f\u0440\u0441\u043a","company_id":"8363","company_name":"\u041e\u041e\u041e \u0421\u0438\u0431\u0421\u0442\u0440\u043e\u0439\u0420\u0435\u0441\u0443\u0440\u0441 2000"}],"performedDatetime":"2014-09-22T11:23:15Z","authStatus":"0","accessDateEnd":""}
=====

select s.id, s.comp_id, s.title, s.quant, s.unit_id, s.comments, s.city from
		sklad_tovar s where visible=1 and (title like 'аввг%' or title like '% аввг%') order by  s.title LIMIT 20, 20
q2: select count(id) from sklad_tovar s where visible=1 and (title like 'аввг%' or title like '% аввг%')
 auth: 100 
=====
Query:
performedDatetime: 2014-09-22 11:23:17  0000
action: get_company_data
sklad_user: Гость
appleId: FB9E32A8-71E6-43A0-BB94-90DA1DADB796
sklad_hash: f24209c432f81e27038744aee6f92805
company_id: 22412

=====
Response:
{"action":"get_company_data","code":0,"data":{"company_id":22412,"title":"\u041e\u041e\u041e \u041a\u041e\u0420\u041f\u041e\u0420\u0410\u0426\u0418\u042f \u0411\u0430\u043b\u0442\u041f\u0440\u043e\u043c\u041a\u043e\u043c\u043f\u043b\u0435\u043a\u0442","city":"\u041c\u043e\u0441\u043a\u0432\u0430","address":"\u041c\u043e\u0441\u043a\u0432\u0430 2-\u044f \u0443\u043b \u042d\u043d\u0442\u0443\u0437\u0438\u0430\u0441\u0442\u043e\u0432 \u0434\u043e\u043c 3","phone":"4957807792","email":"alexs@bpks.ru","url":"http:\/\/bpks.ru","contact":"\u0421\u0435\u0440\u0433\u0435\u0435\u0432 \u0410\u043b\u0435\u043a\u0441\u0435\u0439 \u0410\u043b\u0435\u043a\u0441\u0430\u043d\u0434\u0440\u043e\u0432\u0438\u0447","goods_count":"3512","last_update":"15.09.2014"},"performedDatetime":"2014-09-22T11:23:17Z","authStatus":"0","accessDateEnd":""}
=====

select distinct city from sklad_tovar where comp_id= and city!='' order by city
q2: 
 auth: 100 
=====
Query:
performedDatetime: 2014-09-22 11:23:21  0000
action: get_goods_data
sklad_user: Гость
appleId: FB9E32A8-71E6-43A0-BB94-90DA1DADB796
sklad_hash: f24209c432f81e27038744aee6f92805
searchTerm: аввг
resultsFrom: 2
sort: 0
cityFilter: 

=====
Response:
{"action":"get_goods_data","searchTerm":"\u0430\u0432\u0432\u0433","resultsFrom":2,"sort":0,"cityFilter":"","code":0,"resultsCount":"1782","lastPage":0,"data":[{"name":"\u0410\u0412\u0412\u0413 1\u044550(\u043e\u0436)-1 \u0413\u041e\u0421\u0422 16442-80 \u0438\u0441\u043f.\u042d","amount":"0,282","amount_parts":"","unit":"\u043a\u043c","city":"\u041f\u0435\u0440\u043c\u044c","company_id":"19357","company_name":"\u041e\u041e\u041e \u0422\u0414 \"\u0423\u0440\u0430\u043b \u041f\u0430\u043a\""},{"name":"\u0410\u0412\u0412\u0413 1\u044550-1,0 \u041c\u0416","amount":"2,817","amount_parts":"","unit":"\u043a\u043c","city":"\u0415\u043a\u0430\u0442\u0435\u0440\u0438\u043d\u0431\u0443\u0440\u0433","company_id":"8456","company_name":"\u041e\u041e\u041e \"\u041f\u0440\u043e\u043c\u042d\u043b\u0435\u043a\u0442\u0440\u043e\u041a\u0430\u0431\u0435\u043b\u044c\""},{"name":"\u0410\u0412\u0412\u0413 1\u044570","amount":"0,02","amount_parts":"","unit":"\u043a\u043c","city":"\u0421\u0430\u043d\u043a\u0442-\u041f\u0435\u0442\u0435\u0440\u0431\u0443\u0440\u0433","company_id":"3660","company_name":"\u041e\u041e\u041e \u041a\u0430\u0431\u0435\u043b\u044c\u0413\u0440\u0443\u043f\u043f"},{"name":"\u0410\u0412\u0412\u0413 1\u044570","amount":"0,117","amount_parts":"","unit":"\u043a\u043c","city":"\u0422\u043e\u043c\u0441\u043a","company_id":"6396","company_name":"\u041c\u043e\u043d\u0442\u0430\u0436\u0441\u0442\u0440\u043e\u0439\u044d\u043b\u0435\u043a\u0442\u0440\u043e"},{"name":"\u0410\u0412\u0412\u0413 1\u044570","amount":"0,02","amount_parts":"","unit":"\u043a\u043c","city":"\u041c\u043e\u0441\u043a\u0432\u0430","company_id":"22412","company_name":"\u041e\u041e\u041e \u041a\u041e\u0420\u041f\u041e\u0420\u0410\u0426\u0418\u042f \u0411\u0430\u043b\u0442\u041f\u0440\u043e\u043c\u041a\u043e\u043c\u043f\u043b\u0435\u043a\u0442"},{"name":"\u0410\u0412\u0412\u0413 1\u0445800","amount":"0,3","amount_parts":"","unit":"\u043a\u043c","city":"\u0415\u043a\u0430\u0442\u0435\u0440\u0438\u043d\u0431\u0443\u0440\u0433","company_id":"8500","company_name":"\u041e\u041e\u041e \u041c\u0435\u0436\u0440\u0435\u0433\u0438\u043e\u043d\u0430\u043b\u044c\u043d\u0430\u044f \u043a\u0430\u0431\u0435\u043b\u044c\u043d\u0430\u044f \u043a\u043e\u043c\u043f\u0430\u043d\u0438\u044f"},{"name":"\u0410\u0412\u0412\u0413 1\u044595","amount":"0,262","amount_parts":"","unit":"\u043a\u043c","city":"\u041a\u0440\u0430\u0441\u043d\u043e\u044f\u0440\u0441\u043a","company_id":"8363","company_name":"\u041e\u041e\u041e \u0421\u0438\u0431\u0421\u0442\u0440\u043e\u0439\u0420\u0435\u0441\u0443\u0440\u0441 2000"},{"name":"\u0410\u0412\u0412\u0413 2x35 (\u043e\u0436)","amount":"0,028","amount_parts":"","unit":"\u043a\u043c","city":"\u041a\u0430\u0437\u0430\u043d\u044c","company_id":"17376","company_name":"\u041e\u041e\u041e \"\u0420\u0438\u0441\u0430\u0440\""},{"name":"\u0410\u0412\u0412\u0413 2\u0445 10 (100)","amount":"0,002","amount_parts":"","unit":"\u043a\u043c","city":"\u0418\u0432\u0430\u043d\u043e\u0432\u043e","company_id":"15173","company_name":"\u041e\u041e\u041e \u0414\u0435\u0439\u0442\u0435\u0440\u0438\u0439 \u043f\u043b\u044e\u0441 \u042d\u043d\u0435\u0440\u0433\u043e\u0441\u043d\u0430\u0431"},{"name":"\u0410\u0412\u0412\u0413 2\u0445 10 (200)","amount":"1,062","amount_parts":"","unit":"\u043a\u043c","city":"\u0418\u0432\u0430\u043d\u043e\u0432\u043e","company_id":"15173","company_name":"\u041e\u041e\u041e \u0414\u0435\u0439\u0442\u0435\u0440\u0438\u0439 \u043f\u043b\u044e\u0441 \u042d\u043d\u0435\u0440\u0433\u043e\u0441\u043d\u0430\u0431"},{"name":"\u0410\u0412\u0412\u0413 2\u0445 10 (90)","amount":"0,18","amount_parts":"","unit":"\u043a\u043c","city":"\u0418\u0432\u0430\u043d\u043e\u0432\u043e","company_id":"15173","company_name":"\u041e\u041e\u041e \u0414\u0435\u0439\u0442\u0435\u0440\u0438\u0439 \u043f\u043b\u044e\u0441 \u042d\u043d\u0435\u0440\u0433\u043e\u0441\u043d\u0430\u0431"},{"name":"\u0410\u0412\u0412\u0413 2\u0445 16 (100)","amount":"0,068","amount_parts":"","unit":"\u043a\u043c","city":"\u0418\u0432\u0430\u043d\u043e\u0432\u043e","company_id":"15173","company_name":"\u041e\u041e\u041e \u0414\u0435\u0439\u0442\u0435\u0440\u0438\u0439 \u043f\u043b\u044e\u0441 \u042d\u043d\u0435\u0440\u0433\u043e\u0441\u043d\u0430\u0431"},{"name":"\u0410\u0412\u0412\u0413 2\u0445 16 (150)","amount":"0,928","amount_parts":"","unit":"\u043a\u043c","city":"\u0418\u0432\u0430\u043d\u043e\u0432\u043e","company_id":"15173","company_name":"\u041e\u041e\u041e \u0414\u0435\u0439\u0442\u0435\u0440\u0438\u0439 \u043f\u043b\u044e\u0441 \u042d\u043d\u0435\u0440\u0433\u043e\u0441\u043d\u0430\u0431"},{"name":"\u0410\u0412\u0412\u0413 2\u044510","amount":"1,3","amount_parts":"0,1; 1,2; ","unit":"\u043a\u043c","city":"\u041f\u0435\u0440\u043c\u044c","company_id":"17570","company_name":"\u041e\u041e\u041e \u042d\u043b\u0435\u043a\u0442\u0440\u043e\u0422\u0435\u0445\u041a\u0430\u0431\u0435\u043b\u044c"},{"name":"\u0410\u0412\u0412\u0413 2\u044510","amount":"0,9","amount_parts":"","unit":"\u043a\u043c","city":"\u041a\u0440\u0430\u0441\u043d\u043e\u044f\u0440\u0441\u043a","company_id":"8363","company_name":"\u041e\u041e\u041e \u0421\u0438\u0431\u0421\u0442\u0440\u043e\u0439\u0420\u0435\u0441\u0443\u0440\u0441 2000"},{"name":"\u0410\u0412\u0412\u0413 2\u044510 \u043f","amount":"0,005","amount_parts":"","unit":"\u043a\u043c","city":"\u041e\u0431\u043d\u0438\u043d\u0441\u043a","company_id":"18536","company_name":"\u041e\u041e\u041e \u041f\u041a\u0424 \"\u042d\u043b\u0435\u043a\u0442\u0440\u043e-\u041c\u0438\u0440\""},{"name":"\u0410\u0412\u0412\u0413 2\u044510 \u0427\u0435\u0440\u043d\u044b\u0439","amount":"0,1","amount_parts":"","unit":"\u043a\u043c","city":"\u0427\u0435\u0431\u043e\u043a\u0441\u0430\u0440\u044b","company_id":"5388","company_name":"\u041e\u041e\u041e \"\u0422\u041f\u041a \u041d\u041f\u041e \"\u041c\u0430\u043a\u0441\u0438\u043c\u0430\u043b\""},{"name":"\u0410\u0412\u0412\u0413 2\u044510,0","amount":"0,533","amount_parts":"","unit":"\u043a\u043c","city":"\u041c\u043e\u0441\u043a\u0432\u0430","company_id":"24858","company_name":"\u041e\u041e\u041e \u041a\u043e\u043d\u0442\u0430\u043a\u0442 \u042d\u043b\u0435\u043a\u0442\u0440\u043e"},{"name":"\u0410\u0412\u0412\u0413 2\u044510-\u041f \u043e\u0436-0,66","amount":"0,1","amount_parts":"","unit":"\u043a\u043c","city":"\u0421\u0430\u043d\u043a\u0442-\u041f\u0435\u0442\u0435\u0440\u0431\u0443\u0440\u0433","company_id":"12442","company_name":"\u041e\u041e\u041e \u041c\u0438\u0446\u0430\u0440"},{"name":"\u0410\u0412\u0412\u0413 2\u044510\u043e\u043a(N)-1","amount":"0,45","amount_parts":"","unit":"\u043a\u043c","city":"\u041f\u0435\u0440\u043c\u044c","company_id":"18682","company_name":"\u041e\u041e\u041e \"\u041a\u0430\u043c\u0441\u043a\u0438\u0439 \u043a\u0430\u0431\u0435\u043b\u044c\""}],"performedDatetime":"2014-09-22T11:23:21Z","authStatus":"0","accessDateEnd":""}
=====

select s.id, s.comp_id, s.title, s.quant, s.unit_id, s.comments, s.city from
		sklad_tovar s where visible=1 and (title like 'аввг%' or title like '% аввг%') order by  s.title LIMIT 40, 20
q2: select count(id) from sklad_tovar s where visible=1 and (title like 'аввг%' or title like '% аввг%')
 auth: 100 
=====
Query:
performedDatetime: 2014-09-22 19:37:08  0000
action: get_text

=====
Response:
{"action":"get_text","code":0,"data":"","performedDatetime":"2014-09-22T19:37:09Z","authStatus":"10"}
=====


q2: 
 auth: 0 
=====
Query:
performedDatetime: 2014-09-22 19:37:32  0000
action: get_goods_data
sklad_user: Гость
appleId: 6698249A-B39E-43A6-869F-09743A418472
sklad_hash: cc0452b55268a5db5d4db6b884578a70
searchTerm: ВВГнг 3*2,5
resultsFrom: 0
sort: 0
cityFilter: 

=====
Response:
{"action":"get_goods_data","searchTerm":"\u0412\u0412\u0413\u043d\u0433 3*2,5","resultsFrom":0,"sort":0,"cityFilter":"","code":0,"resultsCount":"334","lastPage":0,"data":[{"name":"\u0412\u0412\u0413\u043d\u0433 (\u0410) 3\u04452,5","amount":"0,23","amount_parts":"","unit":"\u043a\u043c","city":"\u041b\u044e\u0431\u0435\u0440\u0446\u044b","company_id":"15356","company_name":"\u041e\u041e\u041e \u042d\u043d\u0435\u0440\u0433\u043e\u0444\u043e\u0440\u0441\u0430\u0436"},{"name":"\u0412\u0412\u0413\u043d\u0433 (\u0410)-FRLS 3\u04452,5 \u043e\u043a(N)-0,66","amount":"2,138","amount_parts":"","unit":"\u043a\u043c","city":"\u0415\u043a\u0430\u0442\u0435\u0440\u0438\u043d\u0431\u0443\u0440\u0433","company_id":"22323","company_name":"\u041e\u041e\u041e \u041f\u0420\u041e\u043a\u0430\u0431\u0435\u043b\u044c"},{"name":"\u0412\u0412\u0413\u043d\u0433 3\u04452,5","amount":"34","amount_parts":"","unit":"\u043a\u043c","city":"\u041c\u043e\u0441\u043a\u0432\u0430","company_id":"23649","company_name":"\u041e\u041e\u041e \"\u0421\u0410\u041d\u0412\u0418\""},{"name":"\u0412\u0412\u0413\u043d\u0433 3\u04452,5","amount":"0,392","amount_parts":"","unit":"\u043a\u043c","city":"\u0421\u0430\u043d\u043a\u0442-\u041f\u0435\u0442\u0435\u0440\u0431\u0443\u0440\u0433","company_id":"3660","company_name":"\u041e\u041e\u041e \u041a\u0430\u0431\u0435\u043b\u044c\u0413\u0440\u0443\u043f\u043f"},{"name":"\u0412\u0412\u0413\u043d\u0433 3\u04452,5","amount":"8,003","amount_parts":"0,038; 0,043; 0,036; 0,065; 0,036; 0,027; 7,29; 0,062; 0,03; 0,065; 0,064; 0,092; 0,055; 0,023; 0,027; 0,05; ","unit":"\u043a\u043c","city":"\u041f\u0435\u0440\u043c\u044c","company_id":"25001","company_name":"\u041e\u041e\u041e \u0421\u041f\u041a \"\u041f\u0440\u043e\u043c\u0418\u043d\u0432\u0435\u0441\u0442\u041a\u0430\u0431\u0435\u043b\u044c\""},{"name":"\u0412\u0412\u0413\u043d\u0433 3\u04452,5","amount":"1,05","amount_parts":"","unit":"\u043a\u043c","city":"\u041a\u0440\u0430\u0441\u043d\u043e\u044f\u0440\u0441\u043a","company_id":"2683","company_name":"\u041e\u041e\u041e \u0412\u043e\u0441\u0442\u043e\u043a\u0422\u0435\u0445\u041a\u043e\u043c\u043f\u043b\u0435\u043a\u0442"},{"name":"\u0412\u0412\u0413\u043d\u0433 3\u04452,5","amount":"14,922","amount_parts":"3,987; 10,935; ","unit":"\u043a\u043c","city":"\u043a\u0440\u0430\u0441\u043d\u043e\u0434\u0430\u0440","company_id":"25223","company_name":"\u041e\u041e\u041e \u042d\u043d\u0435\u0440\u0433\u0435\u0442\u0438\u043a\u0430 \u043f\u043b\u044e\u0441"},{"name":"\u0412\u0412\u0413\u043d\u0433 3\u04452,5","amount":"1,75","amount_parts":"","unit":"\u043a\u043c","city":"\u0423\u0444\u0430","company_id":"8479","company_name":"\u0427\u0430\u0441\u0442\u043d\u0430\u044f \u0421\u041a-\u0423\u0420\u0410\u041b"},{"name":"\u0412\u0412\u0413\u043d\u0433 3\u04452,5","amount":"0,12","amount_parts":"0; 0; 0; 0; 0; 0; 0; 0,065; 0; 0; 0; 0; 0; 0,055; 0; ","unit":"\u043a\u043c","city":"\u041f\u0435\u0440\u043c\u044c","company_id":"3601","company_name":"\u041e\u041e\u041e \"\u0422\u041c\u041a-\u042d\u041d\u0415\u0420\u0413\u041e\""},{"name":"\u0412\u0412\u0413\u043d\u0433 3\u04452,5","amount":"4,134","amount_parts":"","unit":"\u043a\u043c","city":"\u0421\u043e\u0447\u0438","company_id":"25223","company_name":"\u041e\u041e\u041e \u042d\u043d\u0435\u0440\u0433\u0435\u0442\u0438\u043a\u0430 \u043f\u043b\u044e\u0441"},{"name":"\u0412\u0412\u0413\u043d\u0433 3\u04452,5","amount":"0,079","amount_parts":"","unit":"\u043a\u043c","city":"\u041c\u043e\u0441\u043a\u0432\u0430","company_id":"16301","company_name":"\u041e\u041e\u041e \u0418\u043d\u0442\u0435\u043b\u043b\u042d\u043b\u0435\u043a\u0442\u0440\u043e\u041a\u043e\u043c\u043f\u043b\u0435\u043a\u0442"},{"name":"\u0412\u0412\u0413\u043d\u0433 3\u04452,5","amount":"74,1169","amount_parts":"","unit":"\u043a\u043c","city":"\u0427\u0435\u0431\u043e\u043a\u0441\u0430\u0440\u044b","company_id":"12137","company_name":"\u041e\u041e\u041e \u041e\u043c\u0435\u0433\u0430"},{"name":"\u0412\u0412\u0413\u043d\u0433 3\u04452,5","amount":"1,296","amount_parts":"","unit":"\u043a\u043c","city":"\u041c\u043e\u0441\u043a\u0432\u0430","company_id":"22412","company_name":"\u041e\u041e\u041e \u041a\u041e\u0420\u041f\u041e\u0420\u0410\u0426\u0418\u042f \u0411\u0430\u043b\u0442\u041f\u0440\u043e\u043c\u041a\u043e\u043c\u043f\u043b\u0435\u043a\u0442"},{"name":"\u0412\u0412\u0413\u043d\u0433 3\u04452,5","amount":"3","amount_parts":"","unit":"\u043a\u043c","city":"\u041a\u0440\u0430\u0441\u043d\u043e\u044f\u0440\u0441\u043a","company_id":"8363","company_name":"\u041e\u041e\u041e \u0421\u0438\u0431\u0421\u0442\u0440\u043e\u0439\u0420\u0435\u0441\u0443\u0440\u0441 2000"},{"name":"\u0412\u0412\u0413\u043d\u0433 3\u04452,5","amount":"7,145","amount_parts":"","unit":"\u043a\u043c","city":"\u041c\u043e\u0441\u043a\u0432\u0430","company_id":"8783","company_name":"\u041e\u041e\u041e \u0424\u0430\u0432\u043e\u0440\u0438\u0442-\u042d\u043b\u0435\u043a\u0442\u0440\u043e"},{"name":"\u0412\u0412\u0413\u043d\u0433 3\u04452,5","amount":"20,228","amount_parts":"","unit":"\u043a\u043c","city":"\u041f\u0435\u0440\u043c\u044c","company_id":"10969","company_name":"\u041e\u041e\u041e \u0410\u0428\u0422\u0420\u0415\u0412\u0415\u041b"},{"name":"\u0412\u0412\u0413\u043d\u0433 3\u04452,5","amount":"0,389","amount_parts":"","unit":"\u043a\u043c","city":"\u0415\u043a\u0430\u0442\u0435\u0440\u0438\u043d\u0431\u0443\u0440\u0433","company_id":"8456","company_name":"\u041e\u041e\u041e \"\u041f\u0440\u043e\u043c\u042d\u043b\u0435\u043a\u0442\u0440\u043e\u041a\u0430\u0431\u0435\u043b\u044c\""},{"name":"\u0412\u0412\u0413\u043d\u0433 3\u04452,5","amount":"17,585","amount_parts":"0,915; 16,67; ","unit":"\u043a\u043c","city":"\u0427\u0435\u043b\u044f\u0431\u0438\u043d\u0441\u043a","company_id":"12417","company_name":"\u041e\u041e\u041e \u042e\u0436\u0423\u0440\u0430\u043b\u042d\u043b\u0435\u043a\u0442\u0440\u043e\u041a\u0430\u0431\u0435\u043b\u044c"},{"name":"\u0412\u0412\u0413\u043d\u0433 3\u04452,5","amount":"2,81","amount_parts":"2,69; 0,065; 0,055; ","unit":"\u043a\u043c","city":"\u041f\u0435\u0440\u043c\u044c","company_id":"17640","company_name":"\u041e\u041e\u041e \"\u0415\u0432\u0440\u043e\u0441\u0442\u0440\u043e\u0439\""},{"name":"\u0412\u0412\u0413\u043d\u0433 3\u04452,5","amount":"4,2","amount_parts":"","unit":"\u043a\u043c","city":"\u041c\u043e\u0441\u043a\u0432\u0430","company_id":"22803","company_name":"\u041e\u041e\u041e \"\u0413\u041a \u042d\u043d\u0435\u0440\u0433\u043e-\u0425\u043e\u043b\u0434\u0438\u043d\u0433\""}],"performedDatetime":"2014-09-22T19:37:32Z","authStatus":"0","accessDateEnd":""}
=====

select s.id, s.comp_id, s.title, s.quant, s.unit_id, s.comments, s.city from
		sklad_tovar s where visible=1 and (title like 'ВВГнг%' or title like '% ВВГнг%') and (title like '%3х2,5%' or title like '%3х2.5%' or title like '%3x2,5%' or title like '%3x2,5%') order by  s.title LIMIT 0, 20
q2: select count(id) from sklad_tovar s where visible=1 and (title like 'ВВГнг%' or title like '% ВВГнг%') and (title like '%3х2,5%' or title like '%3х2.5%' or title like '%3x2,5%' or title like '%3x2,5%')
 auth: 100 
=====
Query:
performedDatetime: 2014-09-22 19:38:03  0000
action: get_goods_data
sklad_user: Гость
appleId: 6698249A-B39E-43A6-869F-09743A418472
sklad_hash: cc0452b55268a5db5d4db6b884578a70
searchTerm: Светильник айсберг
resultsFrom: 0
sort: 0
cityFilter: 

=====
Response:
{"action":"get_goods_data","searchTerm":"\u0421\u0432\u0435\u0442\u0438\u043b\u044c\u043d\u0438\u043a \u0430\u0439\u0441\u0431\u0435\u0440\u0433","resultsFrom":0,"code":0,"resultsCount":"0","data":[],"performedDatetime":"2014-09-22T19:38:03Z","authStatus":"0","accessDateEnd":""}
=====

select s.id, s.comp_id, s.title, s.quant, s.unit_id, s.comments, s.city from
		sklad_tovar s where visible=1 and (title like 'Светильник%' or title like '% Светильник%') and (title like 'айсберг%' or title like '% айсберг%') order by  s.title LIMIT 0, 20
q2: select count(id) from sklad_tovar s where visible=1 and (title like 'Светильник%' or title like '% Светильник%') and (title like 'айсберг%' or title like '% айсберг%')
 auth: 100 
=====
Query:
performedDatetime: 2014-09-22 19:38:27  0000
action: get_goods_data
sklad_user: Гость
appleId: 6698249A-B39E-43A6-869F-09743A418472
sklad_hash: cc0452b55268a5db5d4db6b884578a70
searchTerm: Ввг нг 5*95
resultsFrom: 0
sort: 0
cityFilter: 

=====
Response:
{"action":"get_goods_data","searchTerm":"\u0412\u0432\u0433 \u043d\u0433 5*95","resultsFrom":0,"code":0,"resultsCount":"0","data":[],"performedDatetime":"2014-09-22T19:38:27Z","authStatus":"0","accessDateEnd":""}
=====

select s.id, s.comp_id, s.title, s.quant, s.unit_id, s.comments, s.city from
		sklad_tovar s where visible=1 and (title like 'Ввг%' or title like '% Ввг%') and (title like 'нг%' or title like '% нг%') and (title like '5х95%' or title like '% 5х95%' or title like '%5x95%') order by  s.title LIMIT 0, 20
q2: select count(id) from sklad_tovar s where visible=1 and (title like 'Ввг%' or title like '% Ввг%') and (title like 'нг%' or title like '% нг%') and (title like '5х95%' or title like '% 5х95%' or title like '%5x95%')
 auth: 100 
=====
Query:
performedDatetime: 2014-09-22 19:38:40  0000
action: get_goods_data
sklad_user: Гость
appleId: 6698249A-B39E-43A6-869F-09743A418472
sklad_hash: cc0452b55268a5db5d4db6b884578a70
searchTerm: ВВГнг 5*95
resultsFrom: 0
sort: 0
cityFilter: 

=====
Response:
{"action":"get_goods_data","searchTerm":"\u0412\u0412\u0413\u043d\u0433 5*95","resultsFrom":0,"sort":0,"cityFilter":"","code":0,"resultsCount":"77","lastPage":0,"data":[{"name":"\u0412\u0412\u0413\u043d\u0433 5\u044595","amount":"0,5","amount_parts":"","unit":"\u043a\u043c","city":"\u041f\u0435\u0440\u043c\u044c","company_id":"16198","company_name":"\u041e\u041e\u041e \u00ab\u0422\u043e\u0440\u0433\u043e\u0432\u044b\u0439 \u0434\u043e\u043c \"\u0411\u0443\u0440\u042d\u043d\u0435\u0440\u0433\u043e\u0421\u043d\u0430\u0431\u041a\u043e\u043c\u043f\u043b\u0435\u043a\u0442\u00bb"},{"name":"\u0412\u0412\u0413\u043d\u0433 5\u044595","amount":"1","amount_parts":"0,085; 0,066; 0,157; 0,084; 0,103; 0,07; 0,141; 0,133; 0,05; 0,111; ","unit":"\u043a\u043c","city":"\u041f\u0435\u0440\u043c\u044c","company_id":"25001","company_name":"\u041e\u041e\u041e \u0421\u041f\u041a \"\u041f\u0440\u043e\u043c\u0418\u043d\u0432\u0435\u0441\u0442\u041a\u0430\u0431\u0435\u043b\u044c\""},{"name":"\u0412\u0412\u0413\u043d\u0433 5\u044595","amount":"1,063","amount_parts":"","unit":"\u043a\u043c","city":"\u041f\u0435\u0440\u043c\u044c","company_id":"10969","company_name":"\u041e\u041e\u041e \u0410\u0428\u0422\u0420\u0415\u0412\u0415\u041b"},{"name":"\u0412\u0412\u0413\u043d\u0433 5\u044595","amount":"0,897","amount_parts":"0,084; 0,07; 0,141; 0,066; 0,133; 0,085; 0,05; 0,111; 0,157; ","unit":"\u043a\u043c","city":"\u041f\u0435\u0440\u043c\u044c","company_id":"3601","company_name":"\u041e\u041e\u041e \"\u0422\u041c\u041a-\u042d\u041d\u0415\u0420\u0413\u041e\""},{"name":"\u0412\u0412\u0413\u043d\u0433 5\u044595","amount":"0,172","amount_parts":"","unit":"\u043a\u043c","city":"\u041c\u043e\u0441\u043a\u0432\u0430","company_id":"140","company_name":"\u041e\u041e\u041e \u042d\u0422\u041c\u0421"},{"name":"\u0412\u0412\u0413\u043d\u0433 5\u044595","amount":"3,1294","amount_parts":"","unit":"\u043a\u043c","city":"\u0427\u0435\u0431\u043e\u043a\u0441\u0430\u0440\u044b","company_id":"12137","company_name":"\u041e\u041e\u041e \u041e\u043c\u0435\u0433\u0430"},{"name":"\u0412\u0412\u0413\u043d\u0433 5\u044595","amount":"0,011","amount_parts":"","unit":"\u043a\u043c","city":"\u041c\u043e\u0441\u043a\u0432\u0430","company_id":"22412","company_name":"\u041e\u041e\u041e \u041a\u041e\u0420\u041f\u041e\u0420\u0410\u0426\u0418\u042f \u0411\u0430\u043b\u0442\u041f\u0440\u043e\u043c\u041a\u043e\u043c\u043f\u043b\u0435\u043a\u0442"},{"name":"\u0412\u0412\u0413\u043d\u0433 5\u044595","amount":"0,1","amount_parts":"","unit":"\u043a\u043c","city":"\u0415\u043a\u0430\u0442\u0435\u0440\u0438\u043d\u0431\u0443\u0440\u0433","company_id":"8456","company_name":"\u041e\u041e\u041e \"\u041f\u0440\u043e\u043c\u042d\u043b\u0435\u043a\u0442\u0440\u043e\u041a\u0430\u0431\u0435\u043b\u044c\""},{"name":"\u0412\u0412\u0413\u043d\u0433 5\u044595","amount":"0,897","amount_parts":"0,085; 0,133; 0,07; 0,141; 0,157; 0,084; 0,111; 0,05; 0,066; ","unit":"\u043a\u043c","city":"\u041f\u0435\u0440\u043c\u044c","company_id":"17640","company_name":"\u041e\u041e\u041e \"\u0415\u0432\u0440\u043e\u0441\u0442\u0440\u043e\u0439\""},{"name":"\u0412\u0412\u0413\u043d\u0433 5\u044595","amount":"0,011","amount_parts":"","unit":"\u043a\u043c","city":"\u0421\u0430\u043d\u043a\u0442-\u041f\u0435\u0442\u0435\u0440\u0431\u0443\u0440\u0433","company_id":"16940","company_name":"\u041e\u041e\u041e \"\u041e\u043f\u0442\u0413\u0440\u0443\u043f\u043f\""},{"name":"\u0412\u0412\u0413\u043d\u0433 5\u044595 1 \u043a\u0412","amount":"0,099","amount_parts":"","unit":"\u043a\u043c","city":"\u041c\u043e\u0441\u043a\u0432\u0430","company_id":"8168","company_name":"\u041e\u041e\u041e \u00ab\u0422\u0435\u0445\u043d\u043e\u043a\u0430\u0431\u0435\u043b\u044c \u041c\u00bb \u041c\u043e\u0441\u043a\u0432\u0430"},{"name":"\u0412\u0412\u0413\u043d\u0433 5\u044595 1 \u043a\u0412.","amount":"0,157","amount_parts":"","unit":"\u043a\u043c","city":"\u041d\u043e\u0432\u043e\u0441\u0438\u0431\u0438\u0440\u0441\u043a","company_id":"15992","company_name":"\u041e\u041e\u041e \u042d\u0422\u0421-\u042d\u043b\u0441\u0438\u0441"},{"name":"\u0412\u0412\u0413\u043d\u0433 5\u044595 \u043c\u043f-1","amount":"0,06","amount_parts":"","unit":"\u043a\u043c","city":"\u0421\u0430\u043d\u043a\u0442-\u041f\u0435\u0442\u0435\u0440\u0431\u0443\u0440\u0433","company_id":"12442","company_name":"\u041e\u041e\u041e \u041c\u0438\u0446\u0430\u0440"},{"name":"\u0412\u0412\u0413\u043d\u0433 5\u044595-1 \u0422\u0423 16.\u041a01-37-2003 \u0441 \u0438\u0437\u043c.5","amount":"0,12","amount_parts":"","unit":"\u043a\u043c","city":"\u041f\u0435\u0440\u043c\u044c","company_id":"19357","company_name":"\u041e\u041e\u041e \u0422\u0414 \"\u0423\u0440\u0430\u043b \u041f\u0430\u043a\""},{"name":"\u0412\u0412\u0413\u043d\u0433 LS 5\u044595","amount":"0,19","amount_parts":"","unit":"\u043a\u043c","city":"\u041a\u0440\u0430\u0441\u043d\u043e\u044f\u0440\u0441\u043a","company_id":"8363","company_name":"\u041e\u041e\u041e \u0421\u0438\u0431\u0421\u0442\u0440\u043e\u0439\u0420\u0435\u0441\u0443\u0440\u0441 2000"},{"name":"\u0412\u0412\u0413\u043d\u0433 LS 5\u044595","amount":"0,292","amount_parts":"177; 42; 12; 11; 9; 41;","unit":"\u043a\u043c","city":"\u0415\u043a\u0430\u0442\u0435\u0440\u0438\u043d\u0431\u0443\u0440\u0433","company_id":"8500","company_name":"\u041e\u041e\u041e \u041c\u0435\u0436\u0440\u0435\u0433\u0438\u043e\u043d\u0430\u043b\u044c\u043d\u0430\u044f \u043a\u0430\u0431\u0435\u043b\u044c\u043d\u0430\u044f \u043a\u043e\u043c\u043f\u0430\u043d\u0438\u044f"},{"name":"\u0412\u0412\u0413\u043d\u0433 LS 5\u044595 \u041c\u0416","amount":"0,172","amount_parts":"","unit":"\u043a\u043c","city":"\u0415\u043a\u0430\u0442\u0435\u0440\u0438\u043d\u0431\u0443\u0440\u0433","company_id":"8456","company_name":"\u041e\u041e\u041e \"\u041f\u0440\u043e\u043c\u042d\u043b\u0435\u043a\u0442\u0440\u043e\u041a\u0430\u0431\u0435\u043b\u044c\""},{"name":"\u0412\u0412\u0413\u043d\u0433 \u0410 -LS-1 5\u044595 \u043c\u0441 N","amount":"0,875","amount_parts":"","unit":"\u043a\u043c","city":"\u041d\u0438\u0436\u043d\u0438\u0439 \u041d\u043e\u0432\u0433\u043e\u0440\u043e\u0434","company_id":"17218","company_name":"\u0417\u0410\u041e \u042d\u043d\u0435\u0440\u0433\u043e\u041c\u0430\u043a\u0441\u0438\u043c\u0443\u043c"},{"name":"\u0412\u0412\u0413\u043d\u0433 \u0410 -LS-1 5\u044595 \u043c\u0441 N,PE","amount":"4,111","amount_parts":"1,006; 1,011; 0,15; 0,961; 0,983; ","unit":"\u043a\u043c","city":"\u041d\u0438\u0436\u043d\u0438\u0439 \u041d\u043e\u0432\u0433\u043e\u0440\u043e\u0434","company_id":"17218","company_name":"\u0417\u0410\u041e \u042d\u043d\u0435\u0440\u0433\u043e\u041c\u0430\u043a\u0441\u0438\u043c\u0443\u043c"},{"name":"\u0412\u0412\u0413\u043d\u0433(\u0410) 5\u044595","amount":"0,004","amount_parts":"","unit":"\u043a\u043c","city":"\u0420\u0435\u0443\u0442\u043e\u0432","company_id":"372","company_name":"\u041f\u0420\u0415\u0421\u0421\u041a\u041e"}],"performedDatetime":"2014-09-22T19:38:40Z","authStatus":"0","accessDateEnd":""}
=====

select s.id, s.comp_id, s.title, s.quant, s.unit_id, s.comments, s.city from
		sklad_tovar s where visible=1 and (title like 'ВВГнг%' or title like '% ВВГнг%') and (title like '5х95%' or title like '% 5х95%' or title like '%5x95%') order by  s.title LIMIT 0, 20
q2: select count(id) from sklad_tovar s where visible=1 and (title like 'ВВГнг%' or title like '% ВВГнг%') and (title like '5х95%' or title like '% 5х95%' or title like '%5x95%')
 auth: 100 
=====
Query:
performedDatetime: 2014-09-22 19:38:55  0000
action: get_goods_data
sklad_user: Гость
appleId: 6698249A-B39E-43A6-869F-09743A418472
sklad_hash: cc0452b55268a5db5d4db6b884578a70
searchTerm: ВВГнг 5*95
resultsFrom: 1
sort: 0
cityFilter: 

=====
Response:
{"action":"get_goods_data","searchTerm":"\u0412\u0412\u0413\u043d\u0433 5*95","resultsFrom":1,"sort":0,"cityFilter":"","code":0,"resultsCount":"77","lastPage":0,"data":[{"name":"\u0412\u0412\u0413\u043d\u0433(\u0410) 5\u044595","amount":"0,065","amount_parts":"","unit":"\u043a\u043c","city":"\u041c\u043e\u0441\u043a\u0432\u0430","company_id":"22412","company_name":"\u041e\u041e\u041e \u041a\u041e\u0420\u041f\u041e\u0420\u0410\u0426\u0418\u042f \u0411\u0430\u043b\u0442\u041f\u0440\u043e\u043c\u041a\u043e\u043c\u043f\u043b\u0435\u043a\u0442"},{"name":"\u0412\u0412\u0413\u043d\u0433(\u0410) 5\u044595","amount":"0,065","amount_parts":"","unit":"\u043a\u043c","city":"\u0421\u0430\u043d\u043a\u0442-\u041f\u0435\u0442\u0435\u0440\u0431\u0443\u0440\u0433","company_id":"16940","company_name":"\u041e\u041e\u041e \"\u041e\u043f\u0442\u0413\u0440\u0443\u043f\u043f\""},{"name":"\u0412\u0412\u0413\u043d\u0433(\u0410) 5\u044595 -1","amount":"0,905","amount_parts":"","unit":"\u043a\u043c","city":"\u041c\u043e\u0441\u043a\u0432\u0430","company_id":"6945","company_name":"\u041e\u041e\u041e \u041f\u0440\u0438\u043c\u0430\u043a\u0430\u0431\u0435\u043b\u044c"},{"name":"\u0412\u0412\u0413\u043d\u0433(\u0410) 5\u044595 \u043c\u0441-1","amount":"0,248","amount_parts":"","unit":"\u043a\u043c","city":"\u041c\u043e\u0441\u043a\u0432\u0430","company_id":"17486","company_name":"\u041e\u041e\u041e \u042d\u043b\u043a\u043e\u043c-\u042d\u043b\u0435\u043a\u0442\u0440\u043e"},{"name":"\u0412\u0412\u0413\u043d\u0433(\u0410) 5\u044595 \u043c\u0441-1","amount":"968","amount_parts":"","unit":"\u043a\u043c","city":"\u041c\u043e\u0441\u043a\u0432\u0430","company_id":"17265","company_name":"\u041e\u041e\u041e \"\u0421\u0420\u0421-\u042d\u043b\u0435\u043a\u0442\u0440\u043e\""},{"name":"\u0412\u0412\u0413\u043d\u0433(\u0410) 5\u044595\u043c\u0441(N,PE)-1","amount":"0,035","amount_parts":"","unit":"\u043a\u043c","city":"\u0421\u0430\u043d\u043a\u0442-\u041f\u0435\u0442\u0435\u0440\u0431\u0443\u0440\u0433","company_id":"12442","company_name":"\u041e\u041e\u041e \u041c\u0438\u0446\u0430\u0440"},{"name":"\u0412\u0412\u0413\u043d\u0433(\u0410) 5\u044595\u043c\u0441(N,PE)-1 \u0422\u0423 16-705.499-2010 (\u0413\u041e\u0421\u0422 31996-2012)","amount":"0,601","amount_parts":"","unit":"\u043a\u043c","city":"\u041a\u043e\u043b\u044c\u0447\u0443\u0433\u0438\u043d\u043e","company_id":"7162","company_name":"\u041e\u041e\u041e \"\u041a\u043e\u043c\u043f\u0430\u043d\u0438\u044f \u042d\u043b\u0435\u043a\u0442\u0440\u043e\u043c\u0435\u0442\""},{"name":"\u0412\u0412\u0413\u043d\u0433(\u0410)-FR LS 5\u044595 \u043c\u0436(N,PE)-1","amount":"0,014","amount_parts":"","unit":"\u043a\u043c","city":"\u0415\u043a\u0430\u0442\u0435\u0440\u0438\u043d\u0431\u0443\u0440\u0433","company_id":"8500","company_name":"\u041e\u041e\u041e \u041c\u0435\u0436\u0440\u0435\u0433\u0438\u043e\u043d\u0430\u043b\u044c\u043d\u0430\u044f \u043a\u0430\u0431\u0435\u043b\u044c\u043d\u0430\u044f \u043a\u043e\u043c\u043f\u0430\u043d\u0438\u044f"},{"name":"\u0412\u0412\u0413\u043d\u0433(\u0410)-FRLS (180) 5\u044595 \u043c\u0441-1","amount":"1,213","amount_parts":"","unit":"\u043a\u043c","city":"\u041c\u043e\u0441\u043a\u0432\u0430","company_id":"17486","company_name":"\u041e\u041e\u041e \u042d\u043b\u043a\u043e\u043c-\u042d\u043b\u0435\u043a\u0442\u0440\u043e"},{"name":"\u0412\u0412\u0413\u043d\u0433(\u0410)-FRLS 5\u044595","amount":"0,084","amount_parts":"","unit":"\u043a\u043c","city":"\u041c\u043e\u0441\u043a\u0432\u0430","company_id":"6306","company_name":"\u0417\u0410\u041e \"\u041a\u0430\u0431\u0435\u043b\u044c\u0441\u043d\u0430\u0431\""},{"name":"\u0412\u0412\u0413\u043d\u0433(\u0410)-FRLS 5\u044595 \u043c\u0441-1","amount":"485","amount_parts":"","unit":"\u043a\u043c","city":"\u041c\u043e\u0441\u043a\u0432\u0430","company_id":"17265","company_name":"\u041e\u041e\u041e \"\u0421\u0420\u0421-\u042d\u043b\u0435\u043a\u0442\u0440\u043e\""},{"name":"\u0412\u0412\u0413\u043d\u0433(\u0410)-FRLSLTx 5\u044595 \u043c\u0441-1","amount":"708","amount_parts":"","unit":"\u043a\u043c","city":"\u041c\u043e\u0441\u043a\u0432\u0430","company_id":"17265","company_name":"\u041e\u041e\u041e \"\u0421\u0420\u0421-\u042d\u043b\u0435\u043a\u0442\u0440\u043e\""},{"name":"\u0412\u0412\u0413\u043d\u0433(\u0410)-FRLSLT\u0425 (180) 5\u044595 \u043c\u0441-1","amount":"0,248","amount_parts":"","unit":"\u043a\u043c","city":"\u041c\u043e\u0441\u043a\u0432\u0430","company_id":"17486","company_name":"\u041e\u041e\u041e \u042d\u043b\u043a\u043e\u043c-\u042d\u043b\u0435\u043a\u0442\u0440\u043e"},{"name":"\u0412\u0412\u0413\u043d\u0433(\u0410)-LS 1 5\u044595","amount":"0,008","amount_parts":"","unit":"\u043a\u043c","city":"\u041f\u043e\u0434\u043e\u043b\u044c\u0441\u043a","company_id":"13006","company_name":"\u0422\u0414 \u041a\u0430\u0431\u0435\u043b\u044c\u043d\u044b\u0439 \u0421\u043e\u044e\u0437"},{"name":"\u0412\u0412\u0413\u043d\u0433(\u0410)-LS 5\u044595","amount":"0,12","amount_parts":"","unit":"\u043a\u043c","city":"\u041c\u043e\u0441\u043a\u0432\u0430","company_id":"6306","company_name":"\u0417\u0410\u041e \"\u041a\u0430\u0431\u0435\u043b\u044c\u0441\u043d\u0430\u0431\""},{"name":"\u0412\u0412\u0413\u043d\u0433(\u0410)-LS 5\u044595","amount":"0,097","amount_parts":"","unit":"\u043a\u043c","city":"\u0421\u0430\u043d\u043a\u0442-\u041f\u0435\u0442\u0435\u0440\u0431\u0443\u0440\u0433","company_id":"3660","company_name":"\u041e\u041e\u041e \u041a\u0430\u0431\u0435\u043b\u044c\u0413\u0440\u0443\u043f\u043f"},{"name":"\u0412\u0412\u0413\u043d\u0433(\u0410)-LS 5\u044595","amount":"0,344","amount_parts":"","unit":"\u043a\u043c","city":"\u041c\u043e\u0441\u043a\u0432\u0430","company_id":"7234","company_name":"\u041e\u041e\u041e SV \u041a\u0430\u0431\u0435\u043b\u044c"},{"name":"\u0412\u0412\u0413\u043d\u0433(\u0410)-LS 5\u044595","amount":"0,016","amount_parts":"","unit":"\u043a\u043c","city":"\u0420\u0435\u0443\u0442\u043e\u0432","company_id":"372","company_name":"\u041f\u0420\u0415\u0421\u0421\u041a\u041e"},{"name":"\u0412\u0412\u0413\u043d\u0433(\u0410)-LS 5\u044595","amount":"0,117","amount_parts":"","unit":"\u043a\u043c","city":"\u041c\u043e\u0441\u043a\u0432\u0430","company_id":"22412","company_name":"\u041e\u041e\u041e \u041a\u041e\u0420\u041f\u041e\u0420\u0410\u0426\u0418\u042f \u0411\u0430\u043b\u0442\u041f\u0440\u043e\u043c\u041a\u043e\u043c\u043f\u043b\u0435\u043a\u0442"},{"name":"\u0412\u0412\u0413\u043d\u0433(\u0410)-LS 5\u044595","amount":"0,02","amount_parts":"","unit":"\u043a\u043c","city":"\u0421\u0430\u043d\u043a\u0442-\u041f\u0435\u0442\u0435\u0440\u0431\u0443\u0440\u0433","company_id":"16940","company_name":"\u041e\u041e\u041e \"\u041e\u043f\u0442\u0413\u0440\u0443\u043f\u043f\""}],"performedDatetime":"2014-09-22T19:38:54Z","authStatus":"0","accessDateEnd":""}
=====

select s.id, s.comp_id, s.title, s.quant, s.unit_id, s.comments, s.city from
		sklad_tovar s where visible=1 and (title like 'ВВГнг%' or title like '% ВВГнг%') and (title like '5х95%' or title like '% 5х95%' or title like '%5x95%') order by  s.title LIMIT 20, 20
q2: select count(id) from sklad_tovar s where visible=1 and (title like 'ВВГнг%' or title like '% ВВГнг%') and (title like '5х95%' or title like '% 5х95%' or title like '%5x95%')
 auth: 100 
=====
