Query:
performedDatetime: 2014-09-14 14:01:16  0000
action: get_text

=====
Response:
{"action":"get_text","code":0,"data":"","performedDatetime":"2014-09-14T14:01:16Z","authStatus":"10"}
=====


q2: 
 auth: 0 
=====
Query:
performedDatetime: 2014-09-14 14:01:34  0000
action: get_goods_data
sklad_user: Гость
appleId: 511458BA-D7B5-41F9-8642-58866DE3786F
sklad_hash: 986168eca9dd77957c7db97da894c691
searchTerm: ААбл
resultsFrom: 0
sort: 0
cityFilter: 

=====
Response:
{"action":"get_goods_data","searchTerm":"\u0410\u0410\u0431\u043b","resultsFrom":0,"sort":0,"cityFilter":"","code":0,"resultsCount":"367","lastPage":0,"data":[{"name":"\u0410\u0410\u0411\u043b -1 4\u0445185","amount":"0,123","amount_parts":"","unit":"\u043a\u043c","city":"\u041f\u0435\u0440\u043c\u044c","company_id":"25001","company_name":"\u041e\u041e\u041e \u0421\u041f\u041a \"\u041f\u0440\u043e\u043c\u0418\u043d\u0432\u0435\u0441\u0442\u041a\u0430\u0431\u0435\u043b\u044c\""},{"name":"\u0410\u0410\u0411\u043b -1 4\u0445185","amount":"0,101","amount_parts":"","unit":"\u043a\u043c","city":"\u041f\u0435\u0440\u043c\u044c","company_id":"10969","company_name":"\u041e\u041e\u041e \u0410\u0428\u0422\u0420\u0415\u0412\u0415\u041b"},{"name":"\u0410\u0410\u0411\u043b -1 4\u0445185","amount":"0,123","amount_parts":"","unit":"\u043a\u043c","city":"\u041f\u0435\u0440\u043c\u044c","company_id":"3601","company_name":"\u041e\u041e\u041e \"\u0422\u041c\u041a-\u042d\u041d\u0415\u0420\u0413\u041e\""},{"name":"\u0410\u0410\u0411\u041b 10 3\u0445120 (\u043e\u0436)","amount":"0,45","amount_parts":"","unit":"\u043a\u043c","city":"\u0418\u0436\u0435\u0432\u0441\u043a","company_id":"15918","company_name":"\u041e\u041e\u041e \u0418\u0416\u042d\u041b\u0415\u041a\u0422\u0420\u041e\u0421\u0422\u0420\u041e\u0419\u0421\u041d\u0410\u0411"},{"name":"\u0410\u0410\u0411\u043b 10 3\u0445150 (\u043e\u0436)","amount":"0,38","amount_parts":"","unit":"\u043a\u043c","city":"\u0418\u0436\u0435\u0432\u0441\u043a","company_id":"15918","company_name":"\u041e\u041e\u041e \u0418\u0416\u042d\u041b\u0415\u041a\u0422\u0420\u041e\u0421\u0422\u0420\u041e\u0419\u0421\u041d\u0410\u0411"},{"name":"\u0410\u0410\u0411\u043b 10 3\u0445240 (\u043e\u0436)","amount":"0,47","amount_parts":"","unit":"\u043a\u043c","city":"\u0418\u0436\u0435\u0432\u0441\u043a","company_id":"15918","company_name":"\u041e\u041e\u041e \u0418\u0416\u042d\u041b\u0415\u041a\u0422\u0420\u041e\u0421\u0422\u0420\u041e\u0419\u0421\u041d\u0410\u0411"},{"name":"\u0410\u0410\u0411\u043b 3x120-10 \u043a\u0412","amount":"13,707","amount_parts":"0,16; 0,16; 0,18; 0,175; 0,155; 0,17; 0,125; 0,135; 0,125; 0,145; 0,165; 0,115; 0,165; 0,145; 0,14; 0,014; 0,24; 0,185; 0,19; 0,105; 0,215; 0,17; 0,215; 0,18; 0,325; 0,11; 0,18; 0,105; 0,14; 0,02; 0,18; 0,105; 0,16; 0,21; 0,113; 0,65; 0,66; 0,53; 0,435; 0,47; 0,525; 0,4; 0,4; 0,47; 0,525; 0,47; 0,525; 0,53; 0,3; 0,435; 0,49; 0,47; ","unit":"\u043a\u043c","city":"\u041a\u0440\u0430\u0441\u043d\u043e\u0434\u0430\u0440","company_id":"4151","company_name":"\u041e\u041e\u041e \u042d\u043b\u0435\u043a\u0442\u0440\u043e\u0442\u0435\u0445\u043d\u0438\u0447\u0435\u0441\u043a\u0430\u044f \u043a\u043e\u043c\u043f\u0430\u043d\u0438\u044f"},{"name":"\u0410\u0410\u0411\u043b 3x120-6 \u043a\u0412","amount":"0,745","amount_parts":"0,13; 0,12; 0,12; 0,12; 0,11; 0,035; 0,11; ","unit":"\u043a\u043c","city":"\u041a\u0440\u0430\u0441\u043d\u043e\u0434\u0430\u0440","company_id":"4151","company_name":"\u041e\u041e\u041e \u042d\u043b\u0435\u043a\u0442\u0440\u043e\u0442\u0435\u0445\u043d\u0438\u0447\u0435\u0441\u043a\u0430\u044f \u043a\u043e\u043c\u043f\u0430\u043d\u0438\u044f"},{"name":"\u0410\u0410\u0411\u043b 3x150-1 \u043a\u0412","amount":"0,455","amount_parts":"","unit":"\u043a\u043c","city":"\u041a\u0440\u0430\u0441\u043d\u043e\u0434\u0430\u0440","company_id":"4151","company_name":"\u041e\u041e\u041e \u042d\u043b\u0435\u043a\u0442\u0440\u043e\u0442\u0435\u0445\u043d\u0438\u0447\u0435\u0441\u043a\u0430\u044f \u043a\u043e\u043c\u043f\u0430\u043d\u0438\u044f"},{"name":"\u0410\u0410\u0411\u043b 3x150-10 \u043a\u0412","amount":"0,25","amount_parts":"0,045; 0,01; 0,035; 0,16; ","unit":"\u043a\u043c","city":"\u041a\u0440\u0430\u0441\u043d\u043e\u0434\u0430\u0440","company_id":"4151","company_name":"\u041e\u041e\u041e \u042d\u043b\u0435\u043a\u0442\u0440\u043e\u0442\u0435\u0445\u043d\u0438\u0447\u0435\u0441\u043a\u0430\u044f \u043a\u043e\u043c\u043f\u0430\u043d\u0438\u044f"},{"name":"\u0410\u0410\u0411\u043b 3x150-6 \u043a\u0412","amount":"1,82","amount_parts":"0,11; 0,105; 0,13; 0,15; 0,134; 0,116; 0,16; 0,15; 0,34; 0,15; 0,105; 0,17; ","unit":"\u043a\u043c","city":"\u041a\u0440\u0430\u0441\u043d\u043e\u0434\u0430\u0440","company_id":"4151","company_name":"\u041e\u041e\u041e \u042d\u043b\u0435\u043a\u0442\u0440\u043e\u0442\u0435\u0445\u043d\u0438\u0447\u0435\u0441\u043a\u0430\u044f \u043a\u043e\u043c\u043f\u0430\u043d\u0438\u044f"},{"name":"\u0410\u0410\u0411\u043b 3x185-10 \u043a\u0412","amount":"10,895","amount_parts":"0,2; 0,12; 0,16; 0,24; 0,125; 0,19; 0,13; 0,16; 0,16; 0,23; 0,16; 0,14; 0,17; 0,135; 0,16; 0,185; 0,16; 0,187; 0,13; 0,136; 0,195; 0,12; 0,025; 0,185; 0,155; 0,19; 0,14; 0,11; 0,18; 0,146; 0,115; 0,185; 0,185; 0,108; 0,135; 0,25; 0,125; 0,14; 0,26; 0,21; 0,135; 0,113; 0,115; 0,145; 0,15; 0,105; 0,15; 0,17; 0,13; 0,085; 0,175; 0,18; 0,155; 0,185; 0,13; 0,315; 0,305; 0,535; 0,385; 0,395; 0,4; ","unit":"\u043a\u043c","city":"\u041a\u0440\u0430\u0441\u043d\u043e\u0434\u0430\u0440","company_id":"4151","company_name":"\u041e\u041e\u041e \u042d\u043b\u0435\u043a\u0442\u0440\u043e\u0442\u0435\u0445\u043d\u0438\u0447\u0435\u0441\u043a\u0430\u044f \u043a\u043e\u043c\u043f\u0430\u043d\u0438\u044f"},{"name":"\u0410\u0410\u0411\u043b 3x185-6 \u043a\u0412","amount":"1,735","amount_parts":"0,17; 0,215; 0,115; 0,055; 0,135; 0,145; 0,22; 0,145; 0,13; 0,135; 0,27; ","unit":"\u043a\u043c","city":"\u041a\u0440\u0430\u0441\u043d\u043e\u0434\u0430\u0440","company_id":"4151","company_name":"\u041e\u041e\u041e \u042d\u043b\u0435\u043a\u0442\u0440\u043e\u0442\u0435\u0445\u043d\u0438\u0447\u0435\u0441\u043a\u0430\u044f \u043a\u043e\u043c\u043f\u0430\u043d\u0438\u044f"},{"name":"\u0410\u0410\u0411\u043b 3x240-10 \u043a\u0412","amount":"51,426","amount_parts":"0,13; 0,2; 0,135; 0,005; 0,13; 0,24; 0,22; 0,28; 0,23; 0,22; 0,22; 0,165; 0,105; 0,25; 0,135; 0,26; 0,26; 0,28; 0,12; 0,21; 0,105; 0,205; 0,225; 0,102; 0,24; 0,16; 0,1; 0,285; 0,122; 0,13; 0,205; 0,21; 0,24; 0,25; 0,185; 0,115; 0,13; 0,135; 0,185; 0,14; 0,245; 0,15; 0,147; 0,17; 0,195; 0,185; 0,11; 0,17; 0,15; 0,245; 0,15; 0,175; 0,18; 0,24; 0,14; 0,22; 0,28; 0,15; 0,285; 0,1; 0,135; 0,28; 0,23; 0,11; 0,108; 0,185; 0,225; 0,19; 0,115; 0,145; 0,255; 0,12; 0,18; 0,12; 0,19; 0,155; 0,11; 0,11; 0,195; 0,125; 0,145; 0,19; 0,13; 0,115; 0,17; 0,127; 0,21; 0,19; 0,115; 0,16; 0,115; 0,115; 0,16; 0,16; 0,14; 0,14; 0,16; 0,2; 0,175; 0,17; 0,115; 0,2; 0,18; 0,12; 0,142; 0,155; 0,24; 0,12; 0,27; 0,125; 0,115; 0,19; 0,11; 0,13; 0,185; 0,102; 0,135; 0,2; 0,192; 0,165; 0,21; 0,12; 0,125; 0,1; 0,19; 0,195; 0,17; 0,195; 0,115; 0,135; 0,19; 0,12; 0,17; 0,16; 0,11; 0,215; 0,28; 0,175; 0,27; 0,14; 0,14; 0,155; 0,187; 0,11; 0,105; 0,125; 0,12; 0,115; 0,11; 0,105; 0,11; 0,12; 0,195; 0,11; 0,12; 0,14; 0,14; 0,1; 0,245; 0,17; 0,11; 0,215; 0,115; 0,2; 0,11; 0,14; 0,175; 0,125; 0,115; 0,132; 0,14; 0,17; 0,245; 0,28; 0,13; 0,2; 0,185; 0,88; 0,155; 0,205; 0,18; 0,135; 0,105; 0,19; 0,13; 0,29; 0,19; 0,275; 0,16; 0,125; 0,14; 0,1; 0,145; 0,28; 0,245; 0,17; 0,28; 0,27; 0,165; 0,18; 0,125; 0,13; 0,155; 0,265; 0,16; 0,23; 0,11; 0,115; 0,18; 0,15; 0,13; 0,155; 0,15; 0,145; 0,25; 0,24; 0,19; 0,205; 0,21; 0,13; 0,125; 0,18; 0,18; 0,23; 0,11; 0,2; 0,115; 0,185; 0,16; 0,24; 0,15; 0,275; 0,15; 0,12; 0,125; 0,28; 0,06; 0,12; 0,26; 0,175; 0,13; 0,14; 0,15; 0,12; 0,15; 0,24; 0,195; 0,22; 0,13; 0,11; 0,195; 0,245; 0,14; 0,39; 0,48; 0,475; 0,55; 0,485; 0,51; 1,02; 0,27; 0,45; 0,485; 0,53; 0,46; 0,465; 0,5; 0,53; 0,395; ","unit":"\u043a\u043c","city":"\u041a\u0440\u0430\u0441\u043d\u043e\u0434\u0430\u0440","company_id":"4151","company_name":"\u041e\u041e\u041e \u042d\u043b\u0435\u043a\u0442\u0440\u043e\u0442\u0435\u0445\u043d\u0438\u0447\u0435\u0441\u043a\u0430\u044f \u043a\u043e\u043c\u043f\u0430\u043d\u0438\u044f"},{"name":"\u0410\u0410\u0411\u043b 3x240-6 \u043a\u0412","amount":"5,526","amount_parts":"0,13; 0,15; 0,18; 0,12; 0,15; 0,185; 0,21; 0,242; 0,24; 0,17; 0,126; 0,19; 0,28; 0,135; 0,265; 0,13; 0,18; 0,104; 0,127; 0,17; 0,15; 0,14; 0,17; 0,144; 0,285; 0,545; 0,213; 0,19; 0,205; ","unit":"\u043a\u043c","city":"\u041a\u0440\u0430\u0441\u043d\u043e\u0434\u0430\u0440","company_id":"4151","company_name":"\u041e\u041e\u041e \u042d\u043b\u0435\u043a\u0442\u0440\u043e\u0442\u0435\u0445\u043d\u0438\u0447\u0435\u0441\u043a\u0430\u044f \u043a\u043e\u043c\u043f\u0430\u043d\u0438\u044f"},{"name":"\u0410\u0410\u0411\u043b 3x35-10 \u043a\u0412","amount":"3,332","amount_parts":"0,022; 0,4; 0,73; 0,68; 0,75; 0,75; ","unit":"\u043a\u043c","city":"\u041a\u0440\u0430\u0441\u043d\u043e\u0434\u0430\u0440","company_id":"4151","company_name":"\u041e\u041e\u041e \u042d\u043b\u0435\u043a\u0442\u0440\u043e\u0442\u0435\u0445\u043d\u0438\u0447\u0435\u0441\u043a\u0430\u044f \u043a\u043e\u043c\u043f\u0430\u043d\u0438\u044f"},{"name":"\u0410\u0410\u0411\u043b 3x35-6 \u043a\u0412","amount":"0,885","amount_parts":"0,5; 0,055; 0,33; ","unit":"\u043a\u043c","city":"\u041a\u0440\u0430\u0441\u043d\u043e\u0434\u0430\u0440","company_id":"4151","company_name":"\u041e\u041e\u041e \u042d\u043b\u0435\u043a\u0442\u0440\u043e\u0442\u0435\u0445\u043d\u0438\u0447\u0435\u0441\u043a\u0430\u044f \u043a\u043e\u043c\u043f\u0430\u043d\u0438\u044f"},{"name":"\u0410\u0410\u0411\u043b 3x50-10 \u043a\u0412","amount":"1,59","amount_parts":"0,53; 0,53; 0,53; ","unit":"\u043a\u043c","city":"\u041a\u0440\u0430\u0441\u043d\u043e\u0434\u0430\u0440","company_id":"4151","company_name":"\u041e\u041e\u041e \u042d\u043b\u0435\u043a\u0442\u0440\u043e\u0442\u0435\u0445\u043d\u0438\u0447\u0435\u0441\u043a\u0430\u044f \u043a\u043e\u043c\u043f\u0430\u043d\u0438\u044f"},{"name":"\u0410\u0410\u0411\u043b 3x50-6 \u043a\u0412","amount":"1,085","amount_parts":"0,16; 0,145; 0,165; 0,15; 0,125; 0,175; 0,165; ","unit":"\u043a\u043c","city":"\u041a\u0440\u0430\u0441\u043d\u043e\u0434\u0430\u0440","company_id":"4151","company_name":"\u041e\u041e\u041e \u042d\u043b\u0435\u043a\u0442\u0440\u043e\u0442\u0435\u0445\u043d\u0438\u0447\u0435\u0441\u043a\u0430\u044f \u043a\u043e\u043c\u043f\u0430\u043d\u0438\u044f"},{"name":"\u0410\u0410\u0411\u043b 3x70-10 \u043a\u0412","amount":"0,766","amount_parts":"0,12; 0,125; 0,12; 0,093; 0,027; 0,016; 0,265; ","unit":"\u043a\u043c","city":"\u041a\u0440\u0430\u0441\u043d\u043e\u0434\u0430\u0440","company_id":"4151","company_name":"\u041e\u041e\u041e \u042d\u043b\u0435\u043a\u0442\u0440\u043e\u0442\u0435\u0445\u043d\u0438\u0447\u0435\u0441\u043a\u0430\u044f \u043a\u043e\u043c\u043f\u0430\u043d\u0438\u044f"}],"performedDatetime":"2014-09-14T14:01:34Z","authStatus":"0","accessDateEnd":""}
=====

select s.id, s.comp_id, s.title, s.quant, s.unit_id, s.comments, s.city from
		sklad_tovar s where visible=1 and (title like 'ААбл%' or title like '% ААбл%' or title like '%ААбл%' or title like '%ААбл%') order by  s.title LIMIT 0, 20
q2: select count(id) from sklad_tovar s where visible=1 and (title like 'ААбл%' or title like '% ААбл%' or title like '%ААбл%' or title like '%ААбл%')
 auth: 100 
=====
Query:
performedDatetime: 2014-09-14 14:01:46  0000
action: get_goods_data
sklad_user: Гость
appleId: 511458BA-D7B5-41F9-8642-58866DE3786F
sklad_hash: 986168eca9dd77957c7db97da894c691
searchTerm: ААбл
resultsFrom: 1
sort: 0
cityFilter: 

=====
Response:
{"action":"get_goods_data","searchTerm":"\u0410\u0410\u0431\u043b","resultsFrom":1,"sort":0,"cityFilter":"","code":0,"resultsCount":"367","lastPage":0,"data":[{"name":"\u0410\u0410\u0411\u043b 3x70-6 \u043a\u0412","amount":"1,065","amount_parts":"0,2; 0,145; 0,1; 0,145; 0,26; 0,1; 0,115; ","unit":"\u043a\u043c","city":"\u041a\u0440\u0430\u0441\u043d\u043e\u0434\u0430\u0440","company_id":"4151","company_name":"\u041e\u041e\u041e \u042d\u043b\u0435\u043a\u0442\u0440\u043e\u0442\u0435\u0445\u043d\u0438\u0447\u0435\u0441\u043a\u0430\u044f \u043a\u043e\u043c\u043f\u0430\u043d\u0438\u044f"},{"name":"\u0410\u0410\u0411\u043b 3x95-10 \u043a\u0412","amount":"5,721","amount_parts":"0,15; 0,16; 0,085; 0,285; 0,135; 0,116; 0,26; 0,13; 0,18; 0,11; 0,21; 0,16; 0,11; 0,162; 0,11; 0,11; 0,12; 0,245; 0,12; 0,215; 0,365; 0,115; 0,19; 0,315; 0,21; 0,12; 0,115; 0,258; 0,57; 0,29; ","unit":"\u043a\u043c","city":"\u041a\u0440\u0430\u0441\u043d\u043e\u0434\u0430\u0440","company_id":"4151","company_name":"\u041e\u041e\u041e \u042d\u043b\u0435\u043a\u0442\u0440\u043e\u0442\u0435\u0445\u043d\u0438\u0447\u0435\u0441\u043a\u0430\u044f \u043a\u043e\u043c\u043f\u0430\u043d\u0438\u044f"},{"name":"\u0410\u0410\u0411\u043b 3x95-6 \u043a\u0412","amount":"0,78","amount_parts":"0,145; 0,12; 0,145; 0,37; ","unit":"\u043a\u043c","city":"\u041a\u0440\u0430\u0441\u043d\u043e\u0434\u0430\u0440","company_id":"4151","company_name":"\u041e\u041e\u041e \u042d\u043b\u0435\u043a\u0442\u0440\u043e\u0442\u0435\u0445\u043d\u0438\u0447\u0435\u0441\u043a\u0430\u044f \u043a\u043e\u043c\u043f\u0430\u043d\u0438\u044f"},{"name":"\u0410\u0410\u0411\u043b 3\u0445120 (\u043e\u0436)-10","amount":"21,53","amount_parts":"1,480; 1,470; 1,470; 1,500; 1,400; 1,410; 1,460; 1,400; 1,400; 1,400; 1,360; 1,400; 1,400; 1,490; 1,490","unit":"\u043a\u043c","city":"\u0410\u0441\u0442\u0430\u043d\u0430","company_id":"18682","company_name":"\u041e\u041e\u041e \"\u041a\u0430\u043c\u0441\u043a\u0438\u0439 \u043a\u0430\u0431\u0435\u043b\u044c\""},{"name":"\u0410\u0410\u0411\u043b 3\u0445120 (\u043e\u0436)-10","amount":"2,4","amount_parts":"0,600; 0,600; 0,400; 0,400; 0,400","unit":"\u043a\u043c","city":"\u041f\u0435\u0440\u043c\u044c","company_id":"18682","company_name":"\u041e\u041e\u041e \"\u041a\u0430\u043c\u0441\u043a\u0438\u0439 \u043a\u0430\u0431\u0435\u043b\u044c\""},{"name":"\u0410\u0410\u0411\u041b 3\u0445120 - 10 (\u043c\u043d)","amount":"2,393","amount_parts":"0,209; 0,6; 0,44; 0,624; 0,52; ","unit":"\u043a\u043c","city":"\u041d\u0438\u0436\u043d\u0438\u0439 \u041d\u043e\u0432\u0433\u043e\u0440\u043e\u0434","company_id":"5022","company_name":"\u041e\u041e\u041e \u0422\u0414 \u0423\u043d\u043a\u043e\u043c\u0442\u0435\u0445"},{"name":"\u0410\u0410\u0411\u041b 3\u0445120 - 10 (\u041e\u0416)","amount":"3,286","amount_parts":"0,289; 0,55; 0,782; 0,775; 0,44; 0,45; ","unit":"\u043a\u043c","city":"\u041d\u0438\u0436\u043d\u0438\u0439 \u041d\u043e\u0432\u0433\u043e\u0440\u043e\u0434","company_id":"5022","company_name":"\u041e\u041e\u041e \u0422\u0414 \u0423\u043d\u043a\u043e\u043c\u0442\u0435\u0445"},{"name":"\u0410\u0410\u0411\u043b 3\u0445120-10","amount":"0,146","amount_parts":"0,102; 0,044","unit":"\u043a\u043c","city":"\u0415\u043a\u0430\u0442\u0435\u0440\u0438\u043d\u0431\u0443\u0440\u0433","company_id":"21419","company_name":"\u041e\u041e\u041e \u0421\u0435\u0442\u044c \u0418\u0441\u0435\u0442\u044c"},{"name":"\u0410\u0410\u0411\u043b 3\u0445120-10","amount":"0,663","amount_parts":"","unit":"\u043a\u043c","city":"\u041a\u0440\u0430\u0441\u043d\u043e\u044f\u0440\u0441\u043a","company_id":"12240","company_name":"\u041e\u041e\u041e \u042d\u043d\u0435\u0440\u0433\u043e\u0441\u0438\u0441\u0442\u0435\u043c\u0441"},{"name":"\u0410\u0410\u0411\u043b 3\u0445150","amount":"0,19","amount_parts":"","unit":"\u043a\u043c","city":"\u0423\u0444\u0430","company_id":"8479","company_name":"\u0427\u0430\u0441\u0442\u043d\u0430\u044f \u0421\u041a-\u0423\u0420\u0410\u041b"},{"name":"\u0410\u0410\u0411\u043b 3\u0445150 (\u043e\u0436) 10\u043a\u0412","amount":"0,012","amount_parts":"","unit":"\u043a\u043c","city":"\u041c\u043e\u0441\u043a\u0432\u0430","company_id":"8168","company_name":"\u041e\u041e\u041e \u00ab\u0422\u0435\u0445\u043d\u043e\u043a\u0430\u0431\u0435\u043b\u044c \u041c\u00bb \u041c\u043e\u0441\u043a\u0432\u0430"},{"name":"\u0410\u0410\u0411\u043b 3\u0445150 (\u043e\u0436)-10","amount":"0,575","amount_parts":"","unit":"\u043a\u043c","city":"\u041f\u0435\u0440\u043c\u044c","company_id":"18682","company_name":"\u041e\u041e\u041e \"\u041a\u0430\u043c\u0441\u043a\u0438\u0439 \u043a\u0430\u0431\u0435\u043b\u044c\""},{"name":"\u0410\u0410\u0411\u041b 3\u0445150 - 10 (\u043c\u043d)","amount":"2,08","amount_parts":"0,45; 0,41; 0,61; 0,61; ","unit":"\u043a\u043c","city":"\u041d\u0438\u0436\u043d\u0438\u0439 \u041d\u043e\u0432\u0433\u043e\u0440\u043e\u0434","company_id":"5022","company_name":"\u041e\u041e\u041e \u0422\u0414 \u0423\u043d\u043a\u043e\u043c\u0442\u0435\u0445"},{"name":"\u0410\u0410\u0411\u041b 3\u0445150 - 10 (\u041e\u0416)","amount":"5,512","amount_parts":"0,295; 0,425; 0,472; 0,472; 0,49; 0,485; 0,43; 0,479; 0,479; 0,495; 0,495; 0,495; ","unit":"\u043a\u043c","city":"\u041d\u0438\u0436\u043d\u0438\u0439 \u041d\u043e\u0432\u0433\u043e\u0440\u043e\u0434","company_id":"5022","company_name":"\u041e\u041e\u041e \u0422\u0414 \u0423\u043d\u043a\u043e\u043c\u0442\u0435\u0445"},{"name":"\u0410\u0410\u0411\u043b 3\u0445150-10","amount":"0,603","amount_parts":"","unit":"\u043a\u043c","city":"\u041a\u0440\u0430\u0441\u043d\u043e\u044f\u0440\u0441\u043a","company_id":"12240","company_name":"\u041e\u041e\u041e \u042d\u043d\u0435\u0440\u0433\u043e\u0441\u0438\u0441\u0442\u0435\u043c\u0441"},{"name":"\u0410\u0410\u0411\u043b 3\u0445150-10 (\u043e\u0436)","amount":"0,325","amount_parts":"","unit":"\u043a\u043c","city":"\u041a\u0440\u0430\u0441\u043d\u043e\u044f\u0440\u0441\u043a","company_id":"12240","company_name":"\u041e\u041e\u041e \u042d\u043d\u0435\u0440\u0433\u043e\u0441\u0438\u0441\u0442\u0435\u043c\u0441"},{"name":"\u0410\u0410\u0411\u041b 3\u0445150\u043e\u0436 10 \u043a\u0412.","amount":"0,53","amount_parts":"","unit":"\u043a\u043c","city":"\u041d\u043e\u0432\u043e\u0441\u0438\u0431\u0438\u0440\u0441\u043a","company_id":"15992","company_name":"\u041e\u041e\u041e \u042d\u0422\u0421-\u042d\u043b\u0441\u0438\u0441"},{"name":"\u0410\u0410\u0411\u043b 3\u0445185 (\u043e\u0436)-10","amount":"3,68","amount_parts":"1,220; 1,240; 1,220","unit":"\u043a\u043c","city":"\u0410\u0441\u0442\u0430\u043d\u0430","company_id":"18682","company_name":"\u041e\u041e\u041e \"\u041a\u0430\u043c\u0441\u043a\u0438\u0439 \u043a\u0430\u0431\u0435\u043b\u044c\""},{"name":"\u0410\u0410\u0411\u043b 3\u0445185 (\u043e\u0436)-10","amount":"0,2","amount_parts":"","unit":"\u043a\u043c","city":"\u0421\u0430\u043d\u043a\u0442-\u041f\u0435\u0442\u0435\u0440\u0431\u0443\u0440\u0433","company_id":"18682","company_name":"\u041e\u041e\u041e \"\u041a\u0430\u043c\u0441\u043a\u0438\u0439 \u043a\u0430\u0431\u0435\u043b\u044c\""},{"name":"\u0410\u0410\u0411\u043b 3\u0445185 (\u043e\u0436)-10","amount":"0,391","amount_parts":"","unit":"\u043a\u043c","city":"\u041a\u0440\u0430\u0441\u043d\u043e\u0434\u0430\u0440","company_id":"18682","company_name":"\u041e\u041e\u041e \"\u041a\u0430\u043c\u0441\u043a\u0438\u0439 \u043a\u0430\u0431\u0435\u043b\u044c\""}],"performedDatetime":"2014-09-14T14:01:46Z","authStatus":"0","accessDateEnd":""}
=====

select s.id, s.comp_id, s.title, s.quant, s.unit_id, s.comments, s.city from
		sklad_tovar s where visible=1 and (title like 'ААбл%' or title like '% ААбл%' or title like '%ААбл%' or title like '%ААбл%') order by  s.title LIMIT 20, 20
q2: select count(id) from sklad_tovar s where visible=1 and (title like 'ААбл%' or title like '% ААбл%' or title like '%ААбл%' or title like '%ААбл%')
 auth: 100 
=====
Query:
performedDatetime: 2014-09-14 14:02:00  0000
action: get_goods_data
sklad_user: Гость
appleId: 511458BA-D7B5-41F9-8642-58866DE3786F
sklad_hash: 986168eca9dd77957c7db97da894c691
searchTerm: ААбл екатеринбург
resultsFrom: 0
sort: 0
cityFilter: 

=====
Response:
{"action":"get_goods_data","searchTerm":"\u0410\u0410\u0431\u043b \u0435\u043a\u0430\u0442\u0435\u0440\u0438\u043d\u0431\u0443\u0440\u0433","resultsFrom":0,"code":0,"resultsCount":"0","data":[],"performedDatetime":"2014-09-14T14:02:00Z","authStatus":"0","accessDateEnd":""}
=====

select s.id, s.comp_id, s.title, s.quant, s.unit_id, s.comments, s.city from
		sklad_tovar s where visible=1 and (title like 'ААбл%' or title like '% ААбл%' or title like '%ААбл%' or title like '%ААбл%') and (title like 'екатеринбург%' or title like '% екатеринбург%') order by  s.title LIMIT 0, 20
q2: select count(id) from sklad_tovar s where visible=1 and (title like 'ААбл%' or title like '% ААбл%' or title like '%ААбл%' or title like '%ААбл%') and (title like 'екатеринбург%' or title like '% екатеринбург%')
 auth: 100 
=====
Query:
performedDatetime: 2014-09-14 14:02:11  0000
action: get_city_list

=====
Response:
{"action":"get_city_list","code":0,"data":["\u0410\u0440\u0445\u0430\u043d\u0433\u0435\u043b\u044c\u0441\u043a","\u0410\u0441\u0442\u0430\u043d\u0430","\u0412\u043e\u043b\u0433\u043e\u0433\u0440\u0430\u0434","\u0412\u043e\u043b\u043e\u0433\u0434\u0430","\u0412\u043e\u0440\u043e\u043d\u0435\u0436","\u0412\u043e\u0441\u043a\u0440\u0435\u0441\u0435\u043d\u0441\u043a","\u0433. \u041a\u0438\u0440\u043e\u0432","\u0415\u043a\u0430\u0442\u0435\u0440\u0438\u043d\u0431\u0443\u0440\u0433","\u0418\u0432\u0430\u043d\u043e\u0432\u043e","\u0418\u0436\u0435\u0432\u0441\u043a","\u041a\u0430\u0437\u0430\u043d\u044c","\u041a\u0430\u043b\u0438\u043d\u0438\u043d\u0433\u0440\u0430\u0434","\u041a\u0430\u043b\u0443\u0433\u0430","\u041a\u0438\u0440\u043e\u0432","\u041a\u043e\u043b\u044c\u0447\u0443\u0433\u0438\u043d\u043e","\u041a\u0440\u0430\u0441\u043d\u043e\u0434\u0430\u0440","\u041a\u0440\u0430\u0441\u043d\u043e\u044f\u0440\u0441\u043a","\u041b\u044e\u0431\u0435\u0440\u0446\u044b","\u041b\u044e\u0434\u0438\u043d\u043e\u0432\u043e","\u041c\u043e\u0441\u043a\u0432\u0430","\u041c\u043e\u0441\u043a\u043e\u0432\u0441\u043a\u0430\u044f \u043e\u0431\u043b., \u0433. \u0425\u0438\u043c\u043a\u0438","\u041d\u0430\u0445\u0430\u0431\u0438\u043d\u043e","\u041d\u0438\u0436\u043d\u0438\u0439 \u041d\u043e\u0432\u0433\u043e\u0440\u043e\u0434","\u041d\u043e\u0432\u043e\u043c\u043e\u0441\u043a\u043e\u0432\u0441\u043a","\u041d\u043e\u0432\u043e\u0441\u0438\u0431\u0438\u0440\u0441\u043a","\u041d\u043e\u0433\u0438\u043d\u0441\u043a","\u041e\u0431\u043d\u0438\u043d\u0441\u043a","\u041e\u0441\u043a\u043e\u043b","\u041f\u0430\u0432\u043b\u043e\u0434\u0430\u0440","\u041f\u0435\u0440\u043c\u044c","\u041f\u043e\u0434\u043e\u043b\u044c\u0441\u043a","\u0420\u043e\u0441\u0442\u043e\u0432","\u0420\u043e\u0441\u0442\u043e\u0432-\u043d\u0430-\u0414\u043e\u043d\u0443","\u0421\u0430\u043c\u0430\u0440\u0430","\u0421\u0430\u043d\u043a\u0442-\u041f\u0435\u0442\u0435\u0440\u0431\u0443\u0440\u0433","\u0421\u0430\u0440\u0430\u043d\u0441\u043a","\u0421\u043e\u0447\u0438","\u0422\u043e\u043c\u0441\u043a","\u0423\u0433\u043b\u0438\u0447","\u0423\u0444\u0430","\u0425\u0430\u0431\u0430\u0440\u043e\u0432\u0441\u043a","\u0447\u0435\u0431\u043e\u043a\u0441\u0430\u0440\u044b","\u0427\u0435\u043b\u044f\u0431\u0438\u043d\u0441\u043a","\u042f\u0440\u043e\u0441\u043b\u0430\u0432\u043b\u044c"],"performedDatetime":"2014-09-14T14:02:10Z","authStatus":"10"}
=====

select distinct city from sklad_tovar where city != '' order by city
q2: 
 auth: 0 
=====
Query:
performedDatetime: 2014-09-14 14:02:14  0000
action: get_goods_data
sklad_user: Гость
appleId: 511458BA-D7B5-41F9-8642-58866DE3786F
sklad_hash: 986168eca9dd77957c7db97da894c691
searchTerm: ААбл екатеринбург
resultsFrom: 0
sort: 0
cityFilter: Екатеринбург

=====
Response:
{"action":"get_goods_data","searchTerm":"\u0410\u0410\u0431\u043b \u0435\u043a\u0430\u0442\u0435\u0440\u0438\u043d\u0431\u0443\u0440\u0433","resultsFrom":0,"code":0,"resultsCount":"0","data":[],"performedDatetime":"2014-09-14T14:02:13Z","authStatus":"0","accessDateEnd":""}
=====

select s.id, s.comp_id, s.title, s.quant, s.unit_id, s.comments, s.city from
		sklad_tovar s where city='Екатеринбург' and s.visible=1 and (title like 'ААбл%' or title like '% ААбл%' or title like '%ААбл%' or title like '%ААбл%') and (title like 'екатеринбург%' or title like '% екатеринбург%') order by  s.title LIMIT 0, 20
q2: select count(s.id) from sklad_tovar s where city='Екатеринбург' and s.visible=1 and (title like 'ААбл%' or title like '% ААбл%' or title like '%ААбл%' or title like '%ААбл%') and (title like 'екатеринбург%' or title like '% екатеринбург%')
 auth: 100 
=====
Query:
performedDatetime: 2014-09-14 14:02:16  0000
action: get_goods_data
sklad_user: Гость
appleId: 511458BA-D7B5-41F9-8642-58866DE3786F
sklad_hash: 986168eca9dd77957c7db97da894c691
searchTerm: ААбл 
resultsFrom: 0
sort: 0
cityFilter: Екатеринбург

=====
Response:
{"action":"get_goods_data","searchTerm":"\u0410\u0410\u0431\u043b","resultsFrom":0,"sort":0,"cityFilter":"\u0415\u043a\u0430\u0442\u0435\u0440\u0438\u043d\u0431\u0443\u0440\u0433","code":0,"resultsCount":"47","lastPage":0,"data":[{"name":"\u0410\u0410\u0411\u043b 3\u0445120-10","amount":"0,146","amount_parts":"0,102; 0,044","unit":"\u043a\u043c","city":"\u0415\u043a\u0430\u0442\u0435\u0440\u0438\u043d\u0431\u0443\u0440\u0433","company_id":"21419","company_name":"\u041e\u041e\u041e \u0421\u0435\u0442\u044c \u0418\u0441\u0435\u0442\u044c"},{"name":"\u0410\u0410\u0411\u043b 3\u044570 - 6\u043a\u0412","amount":"0,4","amount_parts":"","unit":"\u043a\u043c","city":"\u0415\u043a\u0430\u0442\u0435\u0440\u0438\u043d\u0431\u0443\u0440\u0433","company_id":"8056","company_name":"\u041e\u041e\u041e \u042d\u043b\u0430\u0439\u043d"},{"name":"\u0410\u0410\u0411\u043b-1 4\u0445120 \u043e\u0436","amount":"0,62","amount_parts":"0,445; 0,175; ","unit":"\u043a\u043c","city":"\u0415\u043a\u0430\u0442\u0435\u0440\u0438\u043d\u0431\u0443\u0440\u0433","company_id":"16985","company_name":"\u041e\u041e\u041e \"\u041d\u043e\u0432\u0440\u0435\u043c\u0434\u043e\u0440\u043c\u0430\u0448\""},{"name":"\u0410\u0410\u0411\u043b-1 4\u0445120 \u043e\u0436","amount":"0,12","amount_parts":"","unit":"\u043a\u043c","city":"\u0415\u043a\u0430\u0442\u0435\u0440\u0438\u043d\u0431\u0443\u0440\u0433","company_id":"8500","company_name":"\u041e\u041e\u041e \u041c\u0435\u0436\u0440\u0435\u0433\u0438\u043e\u043d\u0430\u043b\u044c\u043d\u0430\u044f \u043a\u0430\u0431\u0435\u043b\u044c\u043d\u0430\u044f \u043a\u043e\u043c\u043f\u0430\u043d\u0438\u044f"},{"name":"\u0410\u0410\u0411\u043b-1 4\u0445120 \u043e\u0436","amount":"0,62","amount_parts":"0,445; 0,175; ","unit":"\u043a\u043c","city":"\u0415\u043a\u0430\u0442\u0435\u0440\u0438\u043d\u0431\u0443\u0440\u0433","company_id":"19089","company_name":"\u041e\u041e\u041e \u041a\u0430\u0431\u0435\u043b\u044c\u043d\u044b\u0439 \u0446\u0435\u043d\u0442\u0440-\u0415\u043a\u0430\u0442\u0435\u0440\u0438\u043d\u0431\u0443\u0440\u0433"},{"name":"\u0410\u0410\u0411\u043b-1 4\u0445150 \u043e\u0436","amount":"0,78","amount_parts":"0,28; 0,5; ","unit":"\u043a\u043c","city":"\u0415\u043a\u0430\u0442\u0435\u0440\u0438\u043d\u0431\u0443\u0440\u0433","company_id":"16985","company_name":"\u041e\u041e\u041e \"\u041d\u043e\u0432\u0440\u0435\u043c\u0434\u043e\u0440\u043c\u0430\u0448\""},{"name":"\u0410\u0410\u0411\u043b-1 4\u0445150 \u043e\u0436","amount":"0,78","amount_parts":"0,28; 0,5; ","unit":"\u043a\u043c","city":"\u0415\u043a\u0430\u0442\u0435\u0440\u0438\u043d\u0431\u0443\u0440\u0433","company_id":"19089","company_name":"\u041e\u041e\u041e \u041a\u0430\u0431\u0435\u043b\u044c\u043d\u044b\u0439 \u0446\u0435\u043d\u0442\u0440-\u0415\u043a\u0430\u0442\u0435\u0440\u0438\u043d\u0431\u0443\u0440\u0433"},{"name":"\u0410\u0410\u0411\u043b-1 4\u0445240 \u043e\u0436","amount":"0,622","amount_parts":"0,42; 0,202; ","unit":"\u043a\u043c","city":"\u0415\u043a\u0430\u0442\u0435\u0440\u0438\u043d\u0431\u0443\u0440\u0433","company_id":"16985","company_name":"\u041e\u041e\u041e \"\u041d\u043e\u0432\u0440\u0435\u043c\u0434\u043e\u0440\u043c\u0430\u0448\""},{"name":"\u0410\u0410\u0411\u043b-1 4\u0445240 \u043e\u0436","amount":"0,622","amount_parts":"0,42; 0,202; ","unit":"\u043a\u043c","city":"\u0415\u043a\u0430\u0442\u0435\u0440\u0438\u043d\u0431\u0443\u0440\u0433","company_id":"19089","company_name":"\u041e\u041e\u041e \u041a\u0430\u0431\u0435\u043b\u044c\u043d\u044b\u0439 \u0446\u0435\u043d\u0442\u0440-\u0415\u043a\u0430\u0442\u0435\u0440\u0438\u043d\u0431\u0443\u0440\u0433"},{"name":"\u0410\u0410\u0411\u043b-1 4\u044535 \u043e\u0436","amount":"2,747","amount_parts":"0,79; 0,425; 1,104; 0,428; ","unit":"\u043a\u043c","city":"\u0415\u043a\u0430\u0442\u0435\u0440\u0438\u043d\u0431\u0443\u0440\u0433","company_id":"16985","company_name":"\u041e\u041e\u041e \"\u041d\u043e\u0432\u0440\u0435\u043c\u0434\u043e\u0440\u043c\u0430\u0448\""},{"name":"\u0410\u0410\u0411\u043b-1 4\u044535 \u043e\u0436","amount":"2,747","amount_parts":"0,79; 0,425; 1,104; 0,428; ","unit":"\u043a\u043c","city":"\u0415\u043a\u0430\u0442\u0435\u0440\u0438\u043d\u0431\u0443\u0440\u0433","company_id":"19089","company_name":"\u041e\u041e\u041e \u041a\u0430\u0431\u0435\u043b\u044c\u043d\u044b\u0439 \u0446\u0435\u043d\u0442\u0440-\u0415\u043a\u0430\u0442\u0435\u0440\u0438\u043d\u0431\u0443\u0440\u0433"},{"name":"\u0410\u0410\u0411\u043b-1 4\u044550 \u043e\u0436","amount":"2,989","amount_parts":"1,055; 1,105; 0,829; ","unit":"\u043a\u043c","city":"\u0415\u043a\u0430\u0442\u0435\u0440\u0438\u043d\u0431\u0443\u0440\u0433","company_id":"16985","company_name":"\u041e\u041e\u041e \"\u041d\u043e\u0432\u0440\u0435\u043c\u0434\u043e\u0440\u043c\u0430\u0448\""},{"name":"\u0410\u0410\u0411\u043b-1 4\u044550 \u043e\u0436","amount":"2,989","amount_parts":"1,055; 1,105; 0,829; ","unit":"\u043a\u043c","city":"\u0415\u043a\u0430\u0442\u0435\u0440\u0438\u043d\u0431\u0443\u0440\u0433","company_id":"19089","company_name":"\u041e\u041e\u041e \u041a\u0430\u0431\u0435\u043b\u044c\u043d\u044b\u0439 \u0446\u0435\u043d\u0442\u0440-\u0415\u043a\u0430\u0442\u0435\u0440\u0438\u043d\u0431\u0443\u0440\u0433"},{"name":"\u0410\u0410\u0411\u043b-1 4\u044570 \u043e\u0436","amount":"0,465","amount_parts":"","unit":"\u043a\u043c","city":"\u0415\u043a\u0430\u0442\u0435\u0440\u0438\u043d\u0431\u0443\u0440\u0433","company_id":"16985","company_name":"\u041e\u041e\u041e \"\u041d\u043e\u0432\u0440\u0435\u043c\u0434\u043e\u0440\u043c\u0430\u0448\""},{"name":"\u0410\u0410\u0411\u043b-1 4\u044570 \u043e\u0436","amount":"0,465","amount_parts":"","unit":"\u043a\u043c","city":"\u0415\u043a\u0430\u0442\u0435\u0440\u0438\u043d\u0431\u0443\u0440\u0433","company_id":"19089","company_name":"\u041e\u041e\u041e \u041a\u0430\u0431\u0435\u043b\u044c\u043d\u044b\u0439 \u0446\u0435\u043d\u0442\u0440-\u0415\u043a\u0430\u0442\u0435\u0440\u0438\u043d\u0431\u0443\u0440\u0433"},{"name":"\u0410\u0410\u0411\u043b-1 4\u044595 \u043e\u0436","amount":"2,327","amount_parts":"0,112; 0,715; 0,75; 0,75; ","unit":"\u043a\u043c","city":"\u0415\u043a\u0430\u0442\u0435\u0440\u0438\u043d\u0431\u0443\u0440\u0433","company_id":"16985","company_name":"\u041e\u041e\u041e \"\u041d\u043e\u0432\u0440\u0435\u043c\u0434\u043e\u0440\u043c\u0430\u0448\""},{"name":"\u0410\u0410\u0411\u043b-1 4\u044595 \u043e\u0436","amount":"0,037","amount_parts":"","unit":"\u043a\u043c","city":"\u0415\u043a\u0430\u0442\u0435\u0440\u0438\u043d\u0431\u0443\u0440\u0433","company_id":"8500","company_name":"\u041e\u041e\u041e \u041c\u0435\u0436\u0440\u0435\u0433\u0438\u043e\u043d\u0430\u043b\u044c\u043d\u0430\u044f \u043a\u0430\u0431\u0435\u043b\u044c\u043d\u0430\u044f \u043a\u043e\u043c\u043f\u0430\u043d\u0438\u044f"},{"name":"\u0410\u0410\u0411\u043b-1 4\u044595 \u043e\u0436","amount":"2,327","amount_parts":"0,112; 0,715; 0,75; 0,75; ","unit":"\u043a\u043c","city":"\u0415\u043a\u0430\u0442\u0435\u0440\u0438\u043d\u0431\u0443\u0440\u0433","company_id":"19089","company_name":"\u041e\u041e\u041e \u041a\u0430\u0431\u0435\u043b\u044c\u043d\u044b\u0439 \u0446\u0435\u043d\u0442\u0440-\u0415\u043a\u0430\u0442\u0435\u0440\u0438\u043d\u0431\u0443\u0440\u0433"},{"name":"\u0410\u0410\u0411\u041b-10 3\u0445120 \u043e\u0436","amount":"0,56","amount_parts":"0,11; 0,45; ","unit":"\u043a\u043c","city":"\u0415\u043a\u0430\u0442\u0435\u0440\u0438\u043d\u0431\u0443\u0440\u0433","company_id":"8500","company_name":"\u041e\u041e\u041e \u041c\u0435\u0436\u0440\u0435\u0433\u0438\u043e\u043d\u0430\u043b\u044c\u043d\u0430\u044f \u043a\u0430\u0431\u0435\u043b\u044c\u043d\u0430\u044f \u043a\u043e\u043c\u043f\u0430\u043d\u0438\u044f"},{"name":"\u0410\u0410\u0411\u043b-10 3\u0445150 \u043c\u043d","amount":"0,196","amount_parts":"","unit":"\u043a\u043c","city":"\u0415\u043a\u0430\u0442\u0435\u0440\u0438\u043d\u0431\u0443\u0440\u0433","company_id":"16985","company_name":"\u041e\u041e\u041e \"\u041d\u043e\u0432\u0440\u0435\u043c\u0434\u043e\u0440\u043c\u0430\u0448\""}],"performedDatetime":"2014-09-14T14:02:16Z","authStatus":"0","accessDateEnd":""}
=====

select s.id, s.comp_id, s.title, s.quant, s.unit_id, s.comments, s.city from
		sklad_tovar s where city='Екатеринбург' and s.visible=1 and (title like 'ААбл%' or title like '% ААбл%' or title like '%ААбл%' or title like '%ААбл%') order by  s.title LIMIT 0, 20
q2: select count(s.id) from sklad_tovar s where city='Екатеринбург' and s.visible=1 and (title like 'ААбл%' or title like '% ААбл%' or title like '%ААбл%' or title like '%ААбл%')
 auth: 100 
=====
Query:
performedDatetime: 2014-09-14 14:02:49  0000
action: get_company_data
sklad_user: Гость
appleId: 511458BA-D7B5-41F9-8642-58866DE3786F
sklad_hash: 986168eca9dd77957c7db97da894c691
company_id: 8500

=====
Response:
{"action":"get_company_data","code":0,"data":{"company_id":8500,"title":"\u041e\u041e\u041e \u041c\u0435\u0436\u0440\u0435\u0433\u0438\u043e\u043d\u0430\u043b\u044c\u043d\u0430\u044f \u043a\u0430\u0431\u0435\u043b\u044c\u043d\u0430\u044f \u043a\u043e\u043c\u043f\u0430\u043d\u0438\u044f","city":"\u0415\u043a\u0430\u0442\u0435\u0440\u0438\u043d\u0431\u0443\u0440\u0433","address":"620137, \u0443\u043b.\u0414\u0430\u043d\u0438\u043b\u044b \u0417\u0432\u0435\u0440\u0435\u0432\u0430, 31, \u043b\u0438\u0442\u0435\u0440 \u0420","phone":"8-800-7777-340","email":"vipcom@mail.ru","url":"http:\/\/www.1mkk.ru","contact":"\u041f\u0435\u0442\u0443\u0445\u043e\u0432 \u0410\u043d\u0434\u0440\u0435\u0439","goods_count":"642","last_update":"05.09.2014"},"performedDatetime":"2014-09-14T14:02:49Z","authStatus":"0","accessDateEnd":""}
=====

select distinct city from sklad_tovar where comp_id= and city!='' order by city
q2: 
 auth: 100 
=====
Query:
performedDatetime: 2014-09-14 14:03:11  0000
action: get_company_data
sklad_user: Гость
appleId: 511458BA-D7B5-41F9-8642-58866DE3786F
sklad_hash: 986168eca9dd77957c7db97da894c691
company_id: 19089

=====
Response:
{"action":"get_company_data","code":0,"data":{"company_id":19089,"title":"\u041e\u041e\u041e \u041a\u0430\u0431\u0435\u043b\u044c\u043d\u044b\u0439 \u0446\u0435\u043d\u0442\u0440-\u0415\u043a\u0430\u0442\u0435\u0440\u0438\u043d\u0431\u0443\u0440\u0433","city":"\u0415\u043a\u0430\u0442\u0435\u0440\u0438\u043d\u0431\u0443\u0440\u0433","address":"620100, \u0415\u043a\u0430\u0442\u0435\u0440\u0438\u043d\u0431\u0443\u0440\u0433, \u041f\u0440\u043e\u043c\u0437\u043e\u043d\u0430 \u041d\u043e\u0432\u043e\u0441\u0432\u0435\u0440\u0434\u043b\u043e\u0432\u0441\u043a\u043e\u0439 \u0422\u042d\u0426","phone":"(922)206-51-42","email":"zaykov@cabsnab.ru","contact":"\u0417\u0430\u0439\u043a\u043e\u0432 \u0415\u0432\u0433\u0435\u043d\u0438\u0439 \u041d\u0438\u043a\u043e\u043b\u0430\u0435\u0432\u0438\u0447","goods_count":"619","last_update":"11.09.2014"},"performedDatetime":"2014-09-14T14:03:10Z","authStatus":"0","accessDateEnd":""}
=====

select distinct city from sklad_tovar where comp_id= and city!='' order by city
q2: 
 auth: 100 
=====
Query:
performedDatetime: 2014-09-14 14:03:31  0000
action: get_goods_data
sklad_user: Гость
appleId: 511458BA-D7B5-41F9-8642-58866DE3786F
sklad_hash: 986168eca9dd77957c7db97da894c691
searchTerm: Сип 
resultsFrom: 0
sort: 0
cityFilter: Екатеринбург

=====
Response:
{"action":"get_goods_data","searchTerm":"\u0421\u0438\u043f","resultsFrom":0,"sort":0,"cityFilter":"\u0415\u043a\u0430\u0442\u0435\u0440\u0438\u043d\u0431\u0443\u0440\u0433","code":0,"resultsCount":"103","lastPage":0,"data":[{"name":"\u0421\u0418\u041f-2 3\u0445120+1\u044595","amount":"1,226","amount_parts":"","unit":"\u043a\u043c","city":"\u0415\u043a\u0430\u0442\u0435\u0440\u0438\u043d\u0431\u0443\u0440\u0433","company_id":"16985","company_name":"\u041e\u041e\u041e \"\u041d\u043e\u0432\u0440\u0435\u043c\u0434\u043e\u0440\u043c\u0430\u0448\""},{"name":"\u0421\u0418\u041f-2 3\u0445120+1\u044595","amount":"0,115","amount_parts":"","unit":"\u043a\u043c","city":"\u0415\u043a\u0430\u0442\u0435\u0440\u0438\u043d\u0431\u0443\u0440\u0433","company_id":"22323","company_name":"\u041e\u041e\u041e \u041f\u0420\u041e\u043a\u0430\u0431\u0435\u043b\u044c"},{"name":"\u0421\u0418\u041f-2 3\u0445120+1\u044595","amount":"0,926","amount_parts":"","unit":"\u043a\u043c","city":"\u0415\u043a\u0430\u0442\u0435\u0440\u0438\u043d\u0431\u0443\u0440\u0433","company_id":"19089","company_name":"\u041e\u041e\u041e \u041a\u0430\u0431\u0435\u043b\u044c\u043d\u044b\u0439 \u0446\u0435\u043d\u0442\u0440-\u0415\u043a\u0430\u0442\u0435\u0440\u0438\u043d\u0431\u0443\u0440\u0433"},{"name":"\u0421\u0418\u041f-2 3\u044516+1\u044525","amount":"0,916","amount_parts":"","unit":"\u043a\u043c","city":"\u0415\u043a\u0430\u0442\u0435\u0440\u0438\u043d\u0431\u0443\u0440\u0433","company_id":"16985","company_name":"\u041e\u041e\u041e \"\u041d\u043e\u0432\u0440\u0435\u043c\u0434\u043e\u0440\u043c\u0430\u0448\""},{"name":"\u0421\u0418\u041f-2 3\u044516+1\u044525","amount":"5,39","amount_parts":"","unit":"\u043a\u043c","city":"\u0415\u043a\u0430\u0442\u0435\u0440\u0438\u043d\u0431\u0443\u0440\u0433","company_id":"22323","company_name":"\u041e\u041e\u041e \u041f\u0420\u041e\u043a\u0430\u0431\u0435\u043b\u044c"},{"name":"\u0421\u0418\u041f-2 3\u044516+1\u044525","amount":"0,796","amount_parts":"","unit":"\u043a\u043c","city":"\u0415\u043a\u0430\u0442\u0435\u0440\u0438\u043d\u0431\u0443\u0440\u0433","company_id":"19089","company_name":"\u041e\u041e\u041e \u041a\u0430\u0431\u0435\u043b\u044c\u043d\u044b\u0439 \u0446\u0435\u043d\u0442\u0440-\u0415\u043a\u0430\u0442\u0435\u0440\u0438\u043d\u0431\u0443\u0440\u0433"},{"name":"\u0421\u0418\u041f-2 3\u044516+1\u044525 \u0413\u043e\u0441\u0442","amount":"2084","amount_parts":"","unit":"\u043a\u043c","city":"\u0415\u043a\u0430\u0442\u0435\u0440\u0438\u043d\u0431\u0443\u0440\u0433","company_id":"5546","company_name":"\u041e\u041e\u041e \u0422\u0414 \u0423\u0440\u0430\u043b\u044d\u043b\u0435\u043a\u0442\u0440\u043e\u0442\u0435\u0445\u043d\u0438\u043a\u0430"},{"name":"\u0421\u0418\u041f-2 3\u044525+1\u044535","amount":"0,476","amount_parts":"","unit":"\u043a\u043c","city":"\u0415\u043a\u0430\u0442\u0435\u0440\u0438\u043d\u0431\u0443\u0440\u0433","company_id":"16985","company_name":"\u041e\u041e\u041e \"\u041d\u043e\u0432\u0440\u0435\u043c\u0434\u043e\u0440\u043c\u0430\u0448\""},{"name":"\u0421\u0418\u041f-2 3\u044525+1\u044535","amount":"0,476","amount_parts":"","unit":"\u043a\u043c","city":"\u0415\u043a\u0430\u0442\u0435\u0440\u0438\u043d\u0431\u0443\u0440\u0433","company_id":"19089","company_name":"\u041e\u041e\u041e \u041a\u0430\u0431\u0435\u043b\u044c\u043d\u044b\u0439 \u0446\u0435\u043d\u0442\u0440-\u0415\u043a\u0430\u0442\u0435\u0440\u0438\u043d\u0431\u0443\u0440\u0433"},{"name":"\u0421\u0418\u041f-2 3\u044525+1\u044535 0.6\/1","amount":"1263","amount_parts":"","unit":"\u043a\u043c","city":"\u0415\u043a\u0430\u0442\u0435\u0440\u0438\u043d\u0431\u0443\u0440\u0433","company_id":"5546","company_name":"\u041e\u041e\u041e \u0422\u0414 \u0423\u0440\u0430\u043b\u044d\u043b\u0435\u043a\u0442\u0440\u043e\u0442\u0435\u0445\u043d\u0438\u043a\u0430"},{"name":"\u0421\u0418\u041f-2 3\u044525+1\u044535-0,6\/1","amount":"4,532","amount_parts":"552; 3980","unit":"\u043a\u043c","city":"\u0415\u043a\u0430\u0442\u0435\u0440\u0438\u043d\u0431\u0443\u0440\u0433","company_id":"8500","company_name":"\u041e\u041e\u041e \u041c\u0435\u0436\u0440\u0435\u0433\u0438\u043e\u043d\u0430\u043b\u044c\u043d\u0430\u044f \u043a\u0430\u0431\u0435\u043b\u044c\u043d\u0430\u044f \u043a\u043e\u043c\u043f\u0430\u043d\u0438\u044f"},{"name":"\u0421\u0418\u041f-2 3\u044535+1\u044550","amount":"0,101","amount_parts":"","unit":"\u043a\u043c","city":"\u0415\u043a\u0430\u0442\u0435\u0440\u0438\u043d\u0431\u0443\u0440\u0433","company_id":"22323","company_name":"\u041e\u041e\u041e \u041f\u0420\u041e\u043a\u0430\u0431\u0435\u043b\u044c"},{"name":"\u0421\u0418\u041f-2 3\u044535+1\u044550+1\u044525","amount":"0,868","amount_parts":"","unit":"\u043a\u043c","city":"\u0415\u043a\u0430\u0442\u0435\u0440\u0438\u043d\u0431\u0443\u0440\u0433","company_id":"16985","company_name":"\u041e\u041e\u041e \"\u041d\u043e\u0432\u0440\u0435\u043c\u0434\u043e\u0440\u043c\u0430\u0448\""},{"name":"\u0421\u0418\u041f-2 3\u044535+1\u044550+1\u044525","amount":"0,868","amount_parts":"","unit":"\u043a\u043c","city":"\u0415\u043a\u0430\u0442\u0435\u0440\u0438\u043d\u0431\u0443\u0440\u0433","company_id":"19089","company_name":"\u041e\u041e\u041e \u041a\u0430\u0431\u0435\u043b\u044c\u043d\u044b\u0439 \u0446\u0435\u043d\u0442\u0440-\u0415\u043a\u0430\u0442\u0435\u0440\u0438\u043d\u0431\u0443\u0440\u0433"},{"name":"\u0421\u0418\u041f-2 3\u044535+1\u044554,6","amount":"2,068","amount_parts":"","unit":"\u043a\u043c","city":"\u0415\u043a\u0430\u0442\u0435\u0440\u0438\u043d\u0431\u0443\u0440\u0433","company_id":"22323","company_name":"\u041e\u041e\u041e \u041f\u0420\u041e\u043a\u0430\u0431\u0435\u043b\u044c"},{"name":"\u0421\u0418\u041f-2 3\u044535+1\u044554.6 0.6\/1","amount":"2993","amount_parts":"","unit":"\u043a\u043c","city":"\u0415\u043a\u0430\u0442\u0435\u0440\u0438\u043d\u0431\u0443\u0440\u0433","company_id":"5546","company_name":"\u041e\u041e\u041e \u0422\u0414 \u0423\u0440\u0430\u043b\u044d\u043b\u0435\u043a\u0442\u0440\u043e\u0442\u0435\u0445\u043d\u0438\u043a\u0430"},{"name":"\u0421\u0418\u041f-2 3\u044550+1\u044550","amount":"0,518","amount_parts":"","unit":"\u043a\u043c","city":"\u0415\u043a\u0430\u0442\u0435\u0440\u0438\u043d\u0431\u0443\u0440\u0433","company_id":"16985","company_name":"\u041e\u041e\u041e \"\u041d\u043e\u0432\u0440\u0435\u043c\u0434\u043e\u0440\u043c\u0430\u0448\""},{"name":"\u0421\u0418\u041f-2 3\u044550+1\u044550","amount":"0,235","amount_parts":"","unit":"\u043a\u043c","city":"\u0415\u043a\u0430\u0442\u0435\u0440\u0438\u043d\u0431\u0443\u0440\u0433","company_id":"22323","company_name":"\u041e\u041e\u041e \u041f\u0420\u041e\u043a\u0430\u0431\u0435\u043b\u044c"},{"name":"\u0421\u0418\u041f-2 3\u044550+1\u044550","amount":"0,518","amount_parts":"","unit":"\u043a\u043c","city":"\u0415\u043a\u0430\u0442\u0435\u0440\u0438\u043d\u0431\u0443\u0440\u0433","company_id":"19089","company_name":"\u041e\u041e\u041e \u041a\u0430\u0431\u0435\u043b\u044c\u043d\u044b\u0439 \u0446\u0435\u043d\u0442\u0440-\u0415\u043a\u0430\u0442\u0435\u0440\u0438\u043d\u0431\u0443\u0440\u0433"},{"name":"\u0421\u0418\u041f-2 3\u044550+1\u044550+1\u044516-0,6\/1","amount":"0,864","amount_parts":"431; 263; 170;","unit":"\u043a\u043c","city":"\u0415\u043a\u0430\u0442\u0435\u0440\u0438\u043d\u0431\u0443\u0440\u0433","company_id":"8500","company_name":"\u041e\u041e\u041e \u041c\u0435\u0436\u0440\u0435\u0433\u0438\u043e\u043d\u0430\u043b\u044c\u043d\u0430\u044f \u043a\u0430\u0431\u0435\u043b\u044c\u043d\u0430\u044f \u043a\u043e\u043c\u043f\u0430\u043d\u0438\u044f"}],"performedDatetime":"2014-09-14T14:03:31Z","authStatus":"0","accessDateEnd":""}
=====

select s.id, s.comp_id, s.title, s.quant, s.unit_id, s.comments, s.city from
		sklad_tovar s where city='Екатеринбург' and s.visible=1 and (title like 'Сип%' or title like '% Сип%') order by  s.title LIMIT 0, 20
q2: select count(s.id) from sklad_tovar s where city='Екатеринбург' and s.visible=1 and (title like 'Сип%' or title like '% Сип%')
 auth: 100 
=====
Query:
performedDatetime: 2014-09-14 14:03:36  0000
action: get_company_data
sklad_user: Гость
appleId: 511458BA-D7B5-41F9-8642-58866DE3786F
sklad_hash: 986168eca9dd77957c7db97da894c691
company_id: 22323

=====
Response:
{"action":"get_company_data","code":0,"data":{"company_id":22323,"title":"\u041e\u041e\u041e \u041f\u0420\u041e\u043a\u0430\u0431\u0435\u043b\u044c","city":"\u0415\u043a\u0430\u0442\u0435\u0440\u0438\u043d\u0431\u0443\u0440\u0433","address":"620014, \u0421\u0432\u0435\u0440\u0434\u043b\u043e\u0432\u0441\u043a\u0430\u044f \u043e\u0431\u043b., \u0433. \u0415\u043a\u0430\u0442\u0435\u0440\u0438\u043d\u0431\u0443\u0440\u0433, \u0443\u043b. \u041f\u043e\u043f\u043e\u0432\u0430, 7, \u0430\/\u044f 626","phone":"9292191033","email":"r.sharkov@list.ru","url":"http:\/\/www.prokabel.pro","contact":"\u0428\u0430\u0440\u043a\u043e\u0432 \u0420\u0443\u0441\u043b\u0430\u043d \u041e\u043b\u0435\u0433\u043e\u0432\u0438\u0447","goods_count":"82","last_update":"29.08.2014"},"performedDatetime":"2014-09-14T14:03:35Z","authStatus":"0","accessDateEnd":""}
=====

select distinct city from sklad_tovar where comp_id= and city!='' order by city
q2: 
 auth: 100 
=====
Query:
performedDatetime: 2014-09-14 14:03:54  0000
action: get_company_data
sklad_user: Гость
appleId: 511458BA-D7B5-41F9-8642-58866DE3786F
sklad_hash: 986168eca9dd77957c7db97da894c691
company_id: 8500

=====
Response:
{"action":"get_company_data","code":0,"data":{"company_id":8500,"title":"\u041e\u041e\u041e \u041c\u0435\u0436\u0440\u0435\u0433\u0438\u043e\u043d\u0430\u043b\u044c\u043d\u0430\u044f \u043a\u0430\u0431\u0435\u043b\u044c\u043d\u0430\u044f \u043a\u043e\u043c\u043f\u0430\u043d\u0438\u044f","city":"\u0415\u043a\u0430\u0442\u0435\u0440\u0438\u043d\u0431\u0443\u0440\u0433","address":"620137, \u0443\u043b.\u0414\u0430\u043d\u0438\u043b\u044b \u0417\u0432\u0435\u0440\u0435\u0432\u0430, 31, \u043b\u0438\u0442\u0435\u0440 \u0420","phone":"8-800-7777-340","email":"vipcom@mail.ru","url":"http:\/\/www.1mkk.ru","contact":"\u041f\u0435\u0442\u0443\u0445\u043e\u0432 \u0410\u043d\u0434\u0440\u0435\u0439","goods_count":"642","last_update":"05.09.2014"},"performedDatetime":"2014-09-14T14:03:53Z","authStatus":"0","accessDateEnd":""}
=====

select distinct city from sklad_tovar where comp_id= and city!='' order by city
q2: 
 auth: 100 
=====
Query:
performedDatetime: 2014-09-14 15:15:27  0000
action: check_user_rights
sklad_user: Orest0728@mail.ru
appleId: F6466933-130A-49D3-9FC5-D5EA8B26AFC5
sklad_hash: 14efed5c654cd6961b1372e540b5455e

=====
Response:
{"action":"check_user_rights","code":0,"performedDatetime":"2014-09-14T15:15:37Z","authStatus":"10"}
=====


q2: 
 auth: 0 
=====
Query:
performedDatetime: 2014-09-14 15:15:42  0000
action: get_text

=====
Response:
{"action":"get_text","code":0,"data":"","performedDatetime":"2014-09-14T15:15:40Z","authStatus":"10"}
=====


q2: 
 auth: 0 
=====
