Query:
performedDatetime: 2014-08-21 04:20:59  0000
action: check_user_rights
sklad_user: kabelinvest@mail.ru
appleId: D59C4133-A654-49A0-A5A6-FFB1CCC66A2F
sklad_hash: c60970d23decf57169c71ab85527d6d5

=====
Response:
{"action":"check_user_rights","code":0,"performedDatetime":"2014-08-21T04:21:01Z","authStatus":"10"}
=====


q2: 
 auth: 0 
=====
Query:
performedDatetime: 2014-08-21 04:21:06  0000
action: get_text

=====
Response:
{"action":"get_text","code":0,"data":"","performedDatetime":"2014-08-21T04:21:06Z","authStatus":"10"}
=====


q2: 
 auth: 0 
=====
Query:
performedDatetime: 2014-08-21 04:22:15  0000
action: get_goods_data
sklad_user: Гость
appleId: D59C4133-A654-49A0-A5A6-FFB1CCC66A2F
sklad_hash: 8665118496654ba8b200c3c1ec569185
searchTerm: ААБл-10 3х120
resultsFrom: 0
sort: 0
cityFilter: 

=====
Response:
{"action":"get_goods_data","searchTerm":"\u0410\u0410\u0411\u043b-10 3\u0445120","resultsFrom":0,"sort":0,"cityFilter":"","code":0,"resultsCount":"18","lastPage":1,"data":[{"name":"\u0410\u0410\u0411\u041b-10 3\u0445120","amount":"0,42","amount_parts":"","unit":"\u043a\u043c","city":"\u041c\u043e\u0441\u043a\u0432\u0430","company_id":"","company_name":""},{"name":"\u0410\u0410\u0411\u041b-10 3\u0445120","amount":"0,42","amount_parts":"","unit":"\u043a\u043c","city":"\u0421\u0430\u043d\u043a\u0442-\u041f\u0435\u0442\u0435\u0440\u0431\u0443\u0440\u0433","company_id":"","company_name":""},{"name":"\u0410\u0410\u0411\u043b-10 3\u0445120","amount":"3","amount_parts":"","unit":"\u043a\u043c","city":"\u041a\u0440\u0430\u0441\u043d\u043e\u044f\u0440\u0441\u043a","company_id":"","company_name":""},{"name":"\u0410\u0410\u0411\u041b-10 3\u0445120","amount":"0,42","amount_parts":"","unit":"\u043a\u043c","city":"\u0421\u0430\u043d\u043a\u0442-\u041f\u0435\u0442\u0435\u0440\u0431\u0443\u0440\u0433","company_id":"","company_name":""},{"name":"\u0410\u0410\u0411\u043b-10 3\u0445120","amount":"0,001","amount_parts":"","unit":"\u043a\u043c","city":"\u0433. \u041a\u0438\u0440\u043e\u0432","company_id":"","company_name":""},{"name":"\u0410\u0410\u0411\u043b-10 3\u0445120","amount":"0,001","amount_parts":"","unit":"\u043a\u043c","city":"\u041a\u0438\u0440\u043e\u0432","company_id":"","company_name":""},{"name":"\u0410\u0410\u0411\u043b-10 3\u0445120","amount":"0,474","amount_parts":"0,235; 0,239; ","unit":"\u043a\u043c","city":"\u041d\u0438\u0436\u043d\u0438\u0439 \u041d\u043e\u0432\u0433\u043e\u0440\u043e\u0434","company_id":"","company_name":""},{"name":"\u0410\u0410\u0411\u043b-10 3\u0445120 \u043c\u043d","amount":"0,193","amount_parts":"","unit":"\u043a\u043c","city":"\u0415\u043a\u0430\u0442\u0435\u0440\u0438\u043d\u0431\u0443\u0440\u0433","company_id":"","company_name":""},{"name":"\u0410\u0410\u0411\u043b-10 3\u0445120 \u043c\u043d","amount":"2,1","amount_parts":"","unit":"\u043a\u043c","city":"\u0415\u043a\u0430\u0442\u0435\u0440\u0438\u043d\u0431\u0443\u0440\u0433","company_id":"","company_name":""},{"name":"\u0410\u0410\u0411\u043b-10 3\u0445120 \u043c\u043d","amount":"0,193","amount_parts":"","unit":"\u043a\u043c","city":"\u0415\u043a\u0430\u0442\u0435\u0440\u0438\u043d\u0431\u0443\u0440\u0433","company_id":"","company_name":""},{"name":"\u0410\u0410\u0411\u043b-10 3\u0445120 \u043c\u043d","amount":"0,346","amount_parts":"0.12; 0.106; 0.12; ","unit":"\u043a\u043c","city":"\u041f\u0435\u0440\u043c\u044c","company_id":"","company_name":""},{"name":"\u0410\u0410\u0411\u041b-10 3\u0445120 \u043e\u0436","amount":"3,598","amount_parts":"0.298; 0.265; 1.03; 0.465; 0.505; 1.035; ","unit":"\u043a\u043c","city":"\u041a\u0430\u0437\u0430\u043d\u044c","company_id":"","company_name":""},{"name":"\u0410\u0410\u0411\u043b-10 3\u0445120 \u043e\u0436","amount":"13,173","amount_parts":"0,72; 0,108; 0,629; 0,65; 0,65; 0,647; 0,655; 0,61; 0,76; 0,63; 0,755; 0,621; 0,675; 0,676; 0,68; 0,549; 0,625; 0,62; 0,55; 0,658; 0,705; ","unit":"\u043a\u043c","city":"\u041d\u043e\u0432\u043e\u043c\u043e\u0441\u043a\u043e\u0432\u0441\u043a","company_id":"","company_name":""},{"name":"\u0410\u0410\u0411\u041b-10 3\u0445120 \u043e\u0436","amount":"0,11","amount_parts":"","unit":"\u043a\u043c","city":"\u0415\u043a\u0430\u0442\u0435\u0440\u0438\u043d\u0431\u0443\u0440\u0433","company_id":"","company_name":""},{"name":"\u0410\u0410\u0411\u043b-10 3\u0445120 \u043e\u0436","amount":"0,045","amount_parts":"","unit":"\u043a\u043c","city":"\u041c\u043e\u0441\u043a\u0432\u0430","company_id":"","company_name":""},{"name":"\u0410\u0410\u0411\u043b-10 3\u0445120 \u043e\u0436","amount":"3,808","amount_parts":"","unit":"\u043a\u043c","city":"\u041c\u043e\u0441\u043a\u0432\u0430","company_id":"","company_name":""},{"name":"\u0410\u0410\u0411\u043b-10 3\u0445120 \u043e\u0436","amount":"10,945","amount_parts":"0.515; 0.515; 0.51; 0.51; 0.515; 0.515; 0.515; 0.515; 0.515; 0.515; 0.12; 0.515; 0.515; 0.515; 0.61; 0.5; 0.687; 0.665; 0.33; 0.67; 0.571; 0.107; ","unit":"\u043a\u043c","city":"\u041f\u0435\u0440\u043c\u044c","company_id":"","company_name":""},{"name":"\u0410\u0410\u0411\u041b-10 3\u0445120 \u043e\u0436","amount":"0,11","amount_parts":"","unit":"\u043a\u043c","city":"\u0415\u043a\u0430\u0442\u0435\u0440\u0438\u043d\u0431\u0443\u0440\u0433","company_id":"","company_name":""}],"performedDatetime":"2014-08-21T04:22:17Z","authStatus":"10"}
=====

select s.id, s.comp_id, s.title, s.quant, s.unit_id, s.comments, s.city from
		sklad_tovar s where visible=1 and (title like 'ААБл-10%' or title like '% ААБл-10%' or title like '%ААБл-10%' or title like '%ААБл-10%') and (title like '3х120%' or title like '% 3х120%' or title like '%3x120%') order by  s.title LIMIT 0, 20
q2: select count(id) from sklad_tovar s where visible=1 and (title like 'ААБл-10%' or title like '% ААБл-10%' or title like '%ААБл-10%' or title like '%ААБл-10%') and (title like '3х120%' or title like '% 3х120%' or title like '%3x120%')
 auth: 0 
=====
Query:
performedDatetime: 2014-08-21 04:22:29  0000
action: get_company_data
sklad_user: Гость
appleId: D59C4133-A654-49A0-A5A6-FFB1CCC66A2F
sklad_hash: 8665118496654ba8b200c3c1ec569185
company_id: 

=====
Response:
{"action":"get_company_data","company_id":0,"code":30,"techMessage":"\u041a\u0430\u043a \u0433\u043e\u0441\u0442\u044c, \u0432\u044b \u043d\u0435 \u043c\u043e\u0436\u0435\u0442\u0435 \u043f\u0440\u043e\u0441\u043c\u0430\u0442\u0440\u0438\u0432\u0430\u0442\u044c \u043d\u0430\u0437\u0432\u0430\u043d\u0438\u044f \u0438 \u043a\u043e\u043d\u0442\u0430\u043a\u0442\u043d\u044b\u0435 \u0434\u0430\u043d\u043d\u044b\u0435 \u043f\u043e\u0441\u0442\u0430\u0432\u0449\u0438\u043a\u043e\u0432","performedDatetime":"2014-08-21T04:22:32Z","authStatus":"10"}
=====


q2: 
 auth: 0 
=====
Query:
performedDatetime: 2014-08-21 04:22:48  0000
action: get_company_data
sklad_user: Гость
appleId: D59C4133-A654-49A0-A5A6-FFB1CCC66A2F
sklad_hash: 8665118496654ba8b200c3c1ec569185
company_id: 

=====
Response:
{"action":"get_company_data","company_id":0,"code":30,"techMessage":"\u041a\u0430\u043a \u0433\u043e\u0441\u0442\u044c, \u0432\u044b \u043d\u0435 \u043c\u043e\u0436\u0435\u0442\u0435 \u043f\u0440\u043e\u0441\u043c\u0430\u0442\u0440\u0438\u0432\u0430\u0442\u044c \u043d\u0430\u0437\u0432\u0430\u043d\u0438\u044f \u0438 \u043a\u043e\u043d\u0442\u0430\u043a\u0442\u043d\u044b\u0435 \u0434\u0430\u043d\u043d\u044b\u0435 \u043f\u043e\u0441\u0442\u0430\u0432\u0449\u0438\u043a\u043e\u0432","performedDatetime":"2014-08-21T04:22:49Z","authStatus":"10"}
=====


q2: 
 auth: 0 
=====
Query:
performedDatetime: 2014-08-21 04:26:56  0000
action: check_user_rights
sklad_user: kabelinvest@mail.ru
appleId: D59C4133-A654-49A0-A5A6-FFB1CCC66A2F
sklad_hash: 0ee10a489caa0402fed3db220fba6861

=====
Response:
{"action":"check_user_rights","code":0,"performedDatetime":"2014-08-21T04:26:57Z","authStatus":"10"}
=====


q2: 
 auth: 0 
=====
Query:
performedDatetime: 2014-08-21 04:27:52  0000
action: check_user_rights
sklad_user: kabelinvest@icloud. com
appleId: D59C4133-A654-49A0-A5A6-FFB1CCC66A2F
sklad_hash: 0ee10a489caa0402fed3db220fba6861

=====
Response:
{"action":"check_user_rights","code":0,"performedDatetime":"2014-08-21T04:27:53Z","authStatus":"10"}
=====


q2: 
 auth: 0 
=====
Query:
performedDatetime: 2014-08-21 04:28:24  0000
action: check_user_rights
sklad_user: Zylsr
appleId: D59C4133-A654-49A0-A5A6-FFB1CCC66A2F
sklad_hash: 0ee10a489caa0402fed3db220fba6861

=====
Response:
{"action":"check_user_rights","code":0,"performedDatetime":"2014-08-21T04:28:25Z","authStatus":"10"}
=====


q2: 
 auth: 0 
=====
Query:
performedDatetime: 2014-08-21 04:28:42  0000
action: check_user_rights
sklad_user: Zylsr
appleId: D59C4133-A654-49A0-A5A6-FFB1CCC66A2F
sklad_hash: 0ee10a489caa0402fed3db220fba6861

=====
Response:
{"action":"check_user_rights","code":0,"performedDatetime":"2014-08-21T04:28:43Z","authStatus":"10"}
=====


q2: 
 auth: 0 
=====
Query:
performedDatetime: 2014-08-21 04:28:45  0000
action: get_text

=====
Response:
{"action":"get_text","code":0,"data":"","performedDatetime":"2014-08-21T04:28:45Z","authStatus":"10"}
=====


q2: 
 auth: 0 
=====
Query:
performedDatetime: 2014-08-21 06:10:44  0000
action: check_user_rights
sklad_user: арман
appleId: A9A2D996-6FC4-4340-BB82-0B7879218C50
sklad_hash: 4c258a7744df05ffde86fcabbe90f27a

=====
Response:
{"action":"check_user_rights","code":0,"performedDatetime":"2014-08-21T06:10:46Z","authStatus":"10"}
=====


q2: 
 auth: 0 
=====
Query:
performedDatetime: 2014-08-21 06:10:54  0000
action: get_text

=====
Response:
{"action":"get_text","code":0,"data":"","performedDatetime":"2014-08-21T06:10:53Z","authStatus":"10"}
=====


q2: 
 auth: 0 
=====
Query:
performedDatetime: 2014-08-21 06:11:12  0000
action: get_goods_data
sklad_user: Гость
appleId: A9A2D996-6FC4-4340-BB82-0B7879218C50
sklad_hash: 4c258a7744df05ffde86fcabbe90f27a
searchTerm: Вббшв 3х95 
resultsFrom: 0
sort: 0
cityFilter: 

=====
Response:
{"action":"get_goods_data","searchTerm":"\u0412\u0431\u0431\u0448\u0432 3\u044595","resultsFrom":0,"sort":0,"cityFilter":"","code":0,"resultsCount":"23","lastPage":0,"data":[{"name":"\u0412\u0411\u0431\u0428\u0432 3\u044595","amount":"0,821","amount_parts":"0,371; 0,45; ","unit":"\u043a\u043c","city":"\u041f\u0435\u0440\u043c\u044c","company_id":"17640","company_name":"\u041e\u041e\u041e \"\u0415\u0432\u0440\u043e\u0441\u0442\u0440\u043e\u0439\""},{"name":"\u0412\u0411\u0431\u0428\u0432 3\u044595","amount":"0,797","amount_parts":"0,438; 0,359; ","unit":"\u043a\u043c","city":"\u041f\u0435\u0440\u043c\u044c","company_id":"10969","company_name":"\u041e\u041e\u041e \u0410\u0428\u0422\u0420\u0415\u0412\u0415\u041b"},{"name":"\u0412\u0411\u0431\u0428\u0432 3\u044595","amount":"0,821","amount_parts":"0.45; 0.371; ","unit":"\u043a\u043c","city":"\u041f\u0435\u0440\u043c\u044c","company_id":"3601","company_name":"\u041e\u041e\u041e \"\u0422\u041c\u041a-\u042d\u041d\u0415\u0420\u0413\u041e\""},{"name":"\u0412\u0411\u0431\u0428\u0432 3\u044595","amount":"0,821","amount_parts":"0.45; 0.371; ","unit":"\u043a\u043c","city":"\u041f\u0435\u0440\u043c\u044c","company_id":"11082","company_name":"\u041e\u041e\u041e \u0421\u0442\u0440\u043e\u0439\u043a\u0430\u0431\u0435\u043b\u044c"},{"name":"\u0412\u0411\u0431\u0428\u0432 3\u044595 - 1\u043a\u0412\u0442","amount":"600","amount_parts":"","unit":"\u043a\u043c","city":"\u041d\u043e\u0432\u043e\u0441\u0438\u0431\u0438\u0440\u0441\u043a","company_id":"11170","company_name":"\u041e\u041e\u041e \u0422\u0421\u041b"},{"name":"\u0412\u0411\u0431\u0428\u0432 3\u044595+1\u044550","amount":"0,14","amount_parts":"","unit":"\u043a\u043c","city":"\u041c\u043e\u0441\u043a\u0432\u0430","company_id":"22412","company_name":"\u041e\u041e\u041e \u041a\u041e\u0420\u041f\u041e\u0420\u0410\u0426\u0418\u042f \u0411\u0430\u043b\u0442\u041f\u0440\u043e\u043c\u041a\u043e\u043c\u043f\u043b\u0435\u043a\u0442"},{"name":"\u0412\u0411\u0431\u0428\u0432 3\u044595+1\u044550","amount":"0,14","amount_parts":"","unit":"\u043a\u043c","city":"\u0421\u0430\u043d\u043a\u0442-\u041f\u0435\u0442\u0435\u0440\u0431\u0443\u0440\u0433","company_id":"16940","company_name":"\u041e\u041e\u041e \"\u041e\u043f\u0442\u0413\u0440\u0443\u043f\u043f\""},{"name":"\u0412\u0411\u0431\u0428\u0432 3\u044595+1\u044550--1","amount":"0,423","amount_parts":"","unit":"\u043a\u043c","city":"\u041f\u0430\u0432\u043b\u043e\u0434\u0430\u0440","company_id":"7464","company_name":"\u0410\u041e \"\u041a\u0430\u0437\u044d\u043d\u0435\u0440\u0433\u043e\u043a\u0430\u0431\u0435\u043b\u044c\""},{"name":"\u0412\u0411\u0431\u0428\u0432 3\u044595-6","amount":"0,255","amount_parts":"","unit":"\u043a\u043c","city":"\u041b\u044b\u0441\u044c\u0432\u0430","company_id":"19357","company_name":"\u041e\u041e\u041e \u0422\u0414 \"\u0423\u0440\u0430\u043b \u041f\u0430\u043a"},{"name":"\u0412\u0411\u0431\u0428\u0432 3\u044595-6","amount":"0,255","amount_parts":"","unit":"\u043a\u043c","city":"\u041f\u0435\u0440\u043c\u044c","company_id":"19357","company_name":"\u041e\u041e\u041e \u0422\u0414 \"\u0423\u0440\u0430\u043b \u041f\u0430\u043a"},{"name":"\u0412\u0411\u0431\u0428\u0432 3\u044595-6 \u0414\u043b\u044f \u0412\u041f \u0438 \u0441\u0442\u0440\u0430\u043d \u0421\u041d\u0413 \u0413\u041e\u0421\u0422 16442-80","amount":"0,021","amount_parts":"","unit":"\u043a\u043c","city":"\u0415\u043a\u0430\u0442\u0435\u0440\u0438\u043d\u0431\u0443\u0440\u0433","company_id":"22088","company_name":"\u0425\u043e\u043b\u0434\u0438\u043d\u0433 \u041a\u0430\u0431\u0435\u043b\u044c\u043d\u044b\u0439 \u0410\u043b\u044c\u044f\u043d\u0441"},{"name":"\u0412\u0411\u0431\u0428\u0432 3\u044595\u043c\u0441-1 \u0422\u042352","amount":"1,406","amount_parts":"0,154; 0,239; 0,15; 0,305; 0,558; ","unit":"\u043a\u043c","city":"\u041a\u0440\u0430\u0441\u043d\u043e\u0434\u0430\u0440","company_id":"19805","company_name":"\u041e\u041e\u041e \u0422\u0414 \"\u042e\u0436\u043d\u0430\u044f \u043a\u0430\u0431\u0435\u043b\u044c\u043d\u0430\u044f \u043a\u043e\u043c\u043f\u0430\u043d\u0438\u044f\""},{"name":"\u0412\u0411\u0431\u0428\u0432-6 3\u044595","amount":"0,087","amount_parts":"","unit":"\u043a\u043c","city":"\u041f\u0435\u0440\u043c\u044c","company_id":"17640","company_name":"\u041e\u041e\u041e \"\u0415\u0432\u0440\u043e\u0441\u0442\u0440\u043e\u0439\""},{"name":"\u0412\u0411\u0431\u0428\u0432-6 3\u044595","amount":"0,108","amount_parts":"","unit":"\u043a\u043c","city":"\u041f\u0435\u0440\u043c\u044c","company_id":"10969","company_name":"\u041e\u041e\u041e \u0410\u0428\u0422\u0420\u0415\u0412\u0415\u041b"},{"name":"\u0412\u0411\u0431\u0428\u0432-6 3\u044595","amount":"0,087","amount_parts":"","unit":"\u043a\u043c","city":"\u041f\u0435\u0440\u043c\u044c","company_id":"3601","company_name":"\u041e\u041e\u041e \"\u0422\u041c\u041a-\u042d\u041d\u0415\u0420\u0413\u041e\""},{"name":"\u0412\u0411\u0431\u0428\u0432-6 3\u044595","amount":"1,8","amount_parts":"0.185; 0.115; 0.75; 0.75; ","unit":"\u043a\u043c","city":"\u041f\u0435\u0440\u043c\u044c","company_id":"16985","company_name":"\u041e\u041e\u041e \"\u041d\u043e\u0432\u0440\u0435\u043c\u0434\u043e\u0440\u043c\u0430\u0448\""},{"name":"\u0412\u0411\u0431\u0428\u0432-6 3\u044595","amount":"0,52","amount_parts":"","unit":"\u043a\u043c","city":"\u041f\u0435\u0440\u043c\u044c","company_id":"3141","company_name":"\u041e\u041e\u041e \u041a\u0430\u043c\u0430-\u041a\u0430\u0431\u0421\u043d\u0430\u0431"},{"name":"\u0412\u0411\u0431\u0428\u0432-6 3\u044595","amount":"0,087","amount_parts":"","unit":"\u043a\u043c","city":"\u041f\u0435\u0440\u043c\u044c","company_id":"11082","company_name":"\u041e\u041e\u041e \u0421\u0442\u0440\u043e\u0439\u043a\u0430\u0431\u0435\u043b\u044c"},{"name":"\u0412\u0411\u0431\u0428\u0432-6 3\u044595 \u043c\u0436","amount":"0,123","amount_parts":"","unit":"\u043a\u043c","city":"\u0415\u043a\u0430\u0442\u0435\u0440\u0438\u043d\u0431\u0443\u0440\u0433","company_id":"6765","company_name":"\u0410\u043d\u0434\u0440\u0435\u0439 \u0415\u043a\u0430\u0442\u0435\u0440\u0438\u043d\u0431\u0443\u0440\u0433"},{"name":"\u0412\u0411\u0431\u0428\u0432-6 3\u044595 \u043c\u0436","amount":"0,123","amount_parts":"","unit":"\u043a\u043c","city":"\u0415\u043a\u0430\u0442\u0435\u0440\u0438\u043d\u0431\u0443\u0440\u0433","company_id":"8500","company_name":"\u041e\u041e\u041e \u041c\u0435\u0436\u0440\u0435\u0433\u0438\u043e\u043d\u0430\u043b\u044c\u043d\u0430\u044f \u043a\u0430\u0431\u0435\u043b\u044c\u043d\u0430\u044f \u043a\u043e\u043c\u043f\u0430\u043d\u0438\u044f"}],"performedDatetime":"2014-08-21T06:11:10Z","authStatus":"0","accessDateEnd":""}
=====

select s.id, s.comp_id, s.title, s.quant, s.unit_id, s.comments, s.city from
		sklad_tovar s where visible=1 and (title like 'Вббшв%' or title like '% Вббшв%') and (title like '3х95%' or title like '% 3х95%' or title like '%3x95%') order by  s.title LIMIT 0, 20
q2: select count(id) from sklad_tovar s where visible=1 and (title like 'Вббшв%' or title like '% Вббшв%') and (title like '3х95%' or title like '% 3х95%' or title like '%3x95%')
 auth: 100 
=====
Query:
performedDatetime: 2014-08-21 06:11:23  0000
action: get_company_data
sklad_user: Гость
appleId: A9A2D996-6FC4-4340-BB82-0B7879218C50
sklad_hash: 4c258a7744df05ffde86fcabbe90f27a
company_id: 11082

=====
Response:
{"action":"get_company_data","code":0,"data":{"company_id":11082,"title":"\u041e\u041e\u041e \u0421\u0442\u0440\u043e\u0439\u043a\u0430\u0431\u0435\u043b\u044c","city":"\u041f\u0435\u0440\u043c\u044c","address":"614030, \u0433. \u041f\u0435\u0440\u043c\u044c, \u0443\u043b. \u0420\u0435\u043f\u0438\u043d\u0430, 31","phone":"8 342 274 29 32","email":"krasnoselskih@bk.ru","url":"http:\/\/www.stroikabel.ru","contact":"\u041a\u0440\u0430\u0441\u043d\u043e\u0441\u0435\u043b\u044c\u0441\u043a\u0438\u0445 \u0410\u043b\u0435\u043a\u0441\u0430\u043d\u0434\u0440 \u0412\u0430\u043b\u0435\u0440\u044c\u0435\u0432\u0438\u0447","goods_count":"2185","last_update":"29.07.2014"},"performedDatetime":"2014-08-21T06:11:22Z","authStatus":"0","accessDateEnd":""}
=====

select distinct city from sklad_tovar where comp_id= and city!='' order by city
q2: 
 auth: 100 
=====
Query:
performedDatetime: 2014-08-21 06:11:38  0000
action: get_company_data
sklad_user: Гость
appleId: A9A2D996-6FC4-4340-BB82-0B7879218C50
sklad_hash: 4c258a7744df05ffde86fcabbe90f27a
company_id: 17640

=====
Response:
{"action":"get_company_data","code":0,"data":{"company_id":17640,"title":"\u041e\u041e\u041e \"\u0415\u0432\u0440\u043e\u0441\u0442\u0440\u043e\u0439\"","city":"\u041f\u0435\u0440\u043c\u044c","address":"614000, \u0433. \u041f\u0435\u0440\u043c\u044c, \u0443\u043b. \u041b\u0443\u043d\u0430\u0447\u0430\u0440\u0441\u043a\u043e\u0433\u043e, 3\/2, \u043e\u0444 403\u0411","phone":"(342) 207-10-20 \u0434\u043e\u0431 102, 8 922 641-75-50","email":"marat.t@evrostroy.pro, marat_chus@bk.ru","contact":"\u0422\u044e\u0442\u0438\u043d \u041c\u0430\u0440\u0430\u0442","goods_count":"1138","last_update":"22.07.2014"},"performedDatetime":"2014-08-21T06:11:37Z","authStatus":"0","accessDateEnd":""}
=====

select distinct city from sklad_tovar where comp_id= and city!='' order by city
q2: 
 auth: 100 
=====
Query:
performedDatetime: 2014-08-21 06:11:51  0000
action: get_goods_data
sklad_user: Гость
appleId: A9A2D996-6FC4-4340-BB82-0B7879218C50
sklad_hash: 4c258a7744df05ffde86fcabbe90f27a
searchTerm: Вббшв 3х95 
resultsFrom: 1
sort: 0
cityFilter: 

=====
Response:
{"action":"get_goods_data","searchTerm":"\u0412\u0431\u0431\u0448\u0432 3\u044595","resultsFrom":1,"sort":0,"cityFilter":"","code":0,"resultsCount":"23","lastPage":1,"data":[{"name":"\u0412\u0411\u0431\u0428\u0432\u043d\u0433(\u0410)-LS 3\u044595","amount":"0,3","amount_parts":"","unit":"\u043a\u043c","city":"\u041c\u043e\u0441\u043a\u0432\u0430","company_id":"140","company_name":"\u041e\u041e\u041e \u042d\u0422\u041c\u0421"},{"name":"\u0412\u0411\u0431\u0428\u0432\u043d\u0433-LS 3\u044595+1\u044550","amount":"0,027","amount_parts":"","unit":"\u043a\u043c","city":"\u041c\u043e\u0441\u043a\u0432\u0430","company_id":"6306","company_name":"\u0417\u0410\u041e \"\u041a\u0430\u0431\u0435\u043b\u044c\u0441\u043d\u0430\u0431\""},{"name":"\u0412\u0411\u0431\u0428\u0432\u043d\u0433-LS 3\u044595+1\u044550","amount":"0,289","amount_parts":"","unit":"\u043a\u043c","city":"\u041c\u043e\u0441\u043a\u0432\u0430","company_id":"1032","company_name":"\u041e\u041e\u041e \u0413\u041a \"\u041a\u0430\u0431\u0435\u043b\u044c\u0441\u0442\u0440\u043e\u0439\u0441\u0435\u0440\u0432\u0438\u0441\""}],"performedDatetime":"2014-08-21T06:11:50Z","authStatus":"0","accessDateEnd":""}
=====

select s.id, s.comp_id, s.title, s.quant, s.unit_id, s.comments, s.city from
		sklad_tovar s where visible=1 and (title like 'Вббшв%' or title like '% Вббшв%') and (title like '3х95%' or title like '% 3х95%' or title like '%3x95%') order by  s.title LIMIT 20, 20
q2: select count(id) from sklad_tovar s where visible=1 and (title like 'Вббшв%' or title like '% Вббшв%') and (title like '3х95%' or title like '% 3х95%' or title like '%3x95%')
 auth: 100 
=====
Query:
performedDatetime: 2014-08-21 06:11:59  0000
action: get_company_data
sklad_user: Гость
appleId: A9A2D996-6FC4-4340-BB82-0B7879218C50
sklad_hash: 4c258a7744df05ffde86fcabbe90f27a
company_id: 1032

=====
Response:
{"action":"get_company_data","code":0,"data":{"company_id":1032,"title":"\u041e\u041e\u041e \u0413\u041a \"\u041a\u0430\u0431\u0435\u043b\u044c\u0441\u0442\u0440\u043e\u0439\u0441\u0435\u0440\u0432\u0438\u0441\"","city":"\u041c\u043e\u0441\u043a\u0432\u0430","address":"\u041c\u043e\u0441\u043a\u0432\u0430, \u0443\u043b. \u0423\u0433\u0440\u0435\u0448\u0441\u043a\u0430\u044f 2 \u0441\u0442\u0440 23","phone":"8-916-351-17-71","email":"dkhrestin@gmail.com","contact":"\u0425\u0440\u0435\u0441\u0442\u0438\u043d \u0414.\u0410. \u0413\u041a \"\u041a\u0430\u0431\u0435\u043b\u044c\u0441\u0442\u0440\u043e\u0439\u0441\u0435\u0440\u0432\u0438\u0441\", \u041c\u043e\u0441\u043a\u0432\u0430 8-916-351-17-71","goods_count":"383","last_update":"15.07.2014"},"performedDatetime":"2014-08-21T06:11:58Z","authStatus":"0","accessDateEnd":""}
=====

select distinct city from sklad_tovar where comp_id= and city!='' order by city
q2: 
 auth: 100 
=====
Query:
performedDatetime: 2014-08-21 06:12:03  0000
action: get_company_data
sklad_user: Гость
appleId: A9A2D996-6FC4-4340-BB82-0B7879218C50
sklad_hash: 4c258a7744df05ffde86fcabbe90f27a
company_id: 1032

=====
Response:
{"action":"get_company_data","code":0,"data":{"company_id":1032,"title":"\u041e\u041e\u041e \u0413\u041a \"\u041a\u0430\u0431\u0435\u043b\u044c\u0441\u0442\u0440\u043e\u0439\u0441\u0435\u0440\u0432\u0438\u0441\"","city":"\u041c\u043e\u0441\u043a\u0432\u0430","address":"\u041c\u043e\u0441\u043a\u0432\u0430, \u0443\u043b. \u0423\u0433\u0440\u0435\u0448\u0441\u043a\u0430\u044f 2 \u0441\u0442\u0440 23","phone":"8-916-351-17-71","email":"dkhrestin@gmail.com","contact":"\u0425\u0440\u0435\u0441\u0442\u0438\u043d \u0414.\u0410. \u0413\u041a \"\u041a\u0430\u0431\u0435\u043b\u044c\u0441\u0442\u0440\u043e\u0439\u0441\u0435\u0440\u0432\u0438\u0441\", \u041c\u043e\u0441\u043a\u0432\u0430 8-916-351-17-71","goods_count":"383","last_update":"15.07.2014"},"performedDatetime":"2014-08-21T06:12:02Z","authStatus":"0","accessDateEnd":""}
=====

select distinct city from sklad_tovar where comp_id= and city!='' order by city
q2: 
 auth: 100 
=====
Query:
performedDatetime: 2014-08-21 06:12:08  0000
action: get_company_data
sklad_user: Гость
appleId: A9A2D996-6FC4-4340-BB82-0B7879218C50
sklad_hash: 4c258a7744df05ffde86fcabbe90f27a
company_id: 1032

=====
Response:
{"action":"get_company_data","code":0,"data":{"company_id":1032,"title":"\u041e\u041e\u041e \u0413\u041a \"\u041a\u0430\u0431\u0435\u043b\u044c\u0441\u0442\u0440\u043e\u0439\u0441\u0435\u0440\u0432\u0438\u0441\"","city":"\u041c\u043e\u0441\u043a\u0432\u0430","address":"\u041c\u043e\u0441\u043a\u0432\u0430, \u0443\u043b. \u0423\u0433\u0440\u0435\u0448\u0441\u043a\u0430\u044f 2 \u0441\u0442\u0440 23","phone":"8-916-351-17-71","email":"dkhrestin@gmail.com","contact":"\u0425\u0440\u0435\u0441\u0442\u0438\u043d \u0414.\u0410. \u0413\u041a \"\u041a\u0430\u0431\u0435\u043b\u044c\u0441\u0442\u0440\u043e\u0439\u0441\u0435\u0440\u0432\u0438\u0441\", \u041c\u043e\u0441\u043a\u0432\u0430 8-916-351-17-71","goods_count":"383","last_update":"15.07.2014"},"performedDatetime":"2014-08-21T06:12:07Z","authStatus":"0","accessDateEnd":""}
=====

select distinct city from sklad_tovar where comp_id= and city!='' order by city
q2: 
 auth: 100 
=====
Query:
performedDatetime: 2014-08-21 06:12:20  0000
action: get_company_data
sklad_user: Гость
appleId: A9A2D996-6FC4-4340-BB82-0B7879218C50
sklad_hash: 4c258a7744df05ffde86fcabbe90f27a
company_id: 140

=====
Response:
{"action":"get_company_data","code":0,"data":{"company_id":140,"title":"\u041e\u041e\u041e \u042d\u0422\u041c\u0421","city":"\u041c\u043e\u0441\u043a\u0432\u0430","address":"115409, \u0433. \u041c\u043e\u0441\u043a\u0432\u0430 \u0430\/\u044f 85","phone":"(495) 517-17-89","email":"etm-s@mail.ru","url":"http:\/\/www.etm-s.ru","contact":"Tolyan","goods_count":"240","last_update":"28.07.2014"},"performedDatetime":"2014-08-21T06:12:19Z","authStatus":"0","accessDateEnd":""}
=====

select distinct city from sklad_tovar where comp_id= and city!='' order by city
q2: 
 auth: 100 
=====
Query:
performedDatetime: 2014-08-21 06:12:30  0000
action: get_company_data
sklad_user: Гость
appleId: A9A2D996-6FC4-4340-BB82-0B7879218C50
sklad_hash: 4c258a7744df05ffde86fcabbe90f27a
company_id: 16985

=====
Response:
{"action":"get_company_data","code":0,"data":{"company_id":16985,"title":"\u041e\u041e\u041e \"\u041d\u043e\u0432\u0440\u0435\u043c\u0434\u043e\u0440\u043c\u0430\u0448\"","city":"\u041d\u043e\u0432\u043e\u043c\u043e\u0441\u043a\u043e\u0432\u0441\u043a","address":"301650, \u0422\u0443\u043b\u044c\u0441\u043a\u0430\u044f \u043e\u0431\u043b., \u0433. \u041d\u043e\u0432\u043e\u043c\u043e\u0441\u043a\u043e\u0432\u0441\u043a, \u0443\u043b.\u0422\u0435\u0445\u043d\u0438\u0447\u0435\u0441\u043a\u0430\u044f, 8","phone":"8-953-427-1067, 8-48762-3-72-93","email":"yuliya.cabsnab@mail.ru","url":"http:\/\/cabsnab.ru","contact":"\u041f\u0440\u0438\u0441\u044f\u0436\u043d\u0435\u043d\u043a\u043e \u042e\u043b\u0438\u044f \u0413\u0435\u043d\u043d\u0430\u0434\u044c\u0435\u0432\u043d\u0430","goods_count":"2299","last_update":"22.07.2014"},"performedDatetime":"2014-08-21T06:12:29Z","authStatus":"0","accessDateEnd":""}
=====

select distinct city from sklad_tovar where comp_id= and city!='' order by city
q2: 
 auth: 100 
=====
Query:
performedDatetime: 2014-08-21 06:13:35  0000
action: get_goods_data
sklad_user: Гость
appleId: A9A2D996-6FC4-4340-BB82-0B7879218C50
sklad_hash: 4c258a7744df05ffde86fcabbe90f27a
searchTerm: Вббшв2х6
resultsFrom: 0
sort: 0
cityFilter: 

=====
Response:
{"action":"get_goods_data","searchTerm":"\u0412\u0431\u0431\u0448\u04322\u04456","resultsFrom":0,"code":0,"resultsCount":"0","data":[],"performedDatetime":"2014-08-21T06:13:34Z","authStatus":"0","accessDateEnd":""}
=====

select s.id, s.comp_id, s.title, s.quant, s.unit_id, s.comments, s.city from
		sklad_tovar s where visible=1 and (title like 'Вббшв2х6%' or title like '% Вббшв2х6%' or title like '%Вббшв2x6%') order by  s.title LIMIT 0, 20
q2: select count(id) from sklad_tovar s where visible=1 and (title like 'Вббшв2х6%' or title like '% Вббшв2х6%' or title like '%Вббшв2x6%')
 auth: 100 
=====
Query:
performedDatetime: 2014-08-21 06:13:40  0000
action: get_goods_data
sklad_user: Гость
appleId: A9A2D996-6FC4-4340-BB82-0B7879218C50
sklad_hash: 4c258a7744df05ffde86fcabbe90f27a
searchTerm: Вббшв 2х6
resultsFrom: 0
sort: 0
cityFilter: 

=====
Response:
{"action":"get_goods_data","searchTerm":"\u0412\u0431\u0431\u0448\u0432 2\u04456","resultsFrom":0,"sort":0,"cityFilter":"","code":0,"resultsCount":"4","lastPage":1,"data":[{"name":"\u0412\u0411\u0431\u0448\u0432 2\u04456","amount":"0,04","amount_parts":"","unit":"\u043a\u043c","city":"\u041a\u0440\u0430\u0441\u043d\u043e\u044f\u0440\u0441\u043a","company_id":"8363","company_name":"\u041e\u041e\u041e \u0421\u0438\u0431\u0421\u0442\u0440\u043e\u0439\u0420\u0435\u0441\u0443\u0440\u0441 2000"},{"name":"\u0412\u0411\u0431\u0428\u0432 2\u04456 (\u043e\u0436)--0,66","amount":"0,031","amount_parts":"","unit":"\u043a\u043c","city":"\u041f\u0430\u0432\u043b\u043e\u0434\u0430\u0440","company_id":"7464","company_name":"\u0410\u041e \"\u041a\u0430\u0437\u044d\u043d\u0435\u0440\u0433\u043e\u043a\u0430\u0431\u0435\u043b\u044c\""},{"name":"\u0412\u0411\u0431\u0428\u0432 2\u04456(\u043e\u0436)-1","amount":"0,15","amount_parts":"","unit":"\u043a\u043c","city":"\u041a\u0440\u0430\u0441\u043d\u043e\u0434\u0430\u0440","company_id":"19805","company_name":"\u041e\u041e\u041e \u0422\u0414 \"\u042e\u0436\u043d\u0430\u044f \u043a\u0430\u0431\u0435\u043b\u044c\u043d\u0430\u044f \u043a\u043e\u043c\u043f\u0430\u043d\u0438\u044f\""},{"name":"\u0412\u0411\u0431\u0428\u0432-0,66 2\u04456 \u043e\u0436","amount":"6,833","amount_parts":"2.543; 2.735; 0.112; 1.257; 0.186; ","unit":"\u043a\u043c","city":"\u041f\u0435\u0440\u043c\u044c","company_id":"16985","company_name":"\u041e\u041e\u041e \"\u041d\u043e\u0432\u0440\u0435\u043c\u0434\u043e\u0440\u043c\u0430\u0448\""}],"performedDatetime":"2014-08-21T06:13:39Z","authStatus":"0","accessDateEnd":""}
=====

select s.id, s.comp_id, s.title, s.quant, s.unit_id, s.comments, s.city from
		sklad_tovar s where visible=1 and (title like 'Вббшв%' or title like '% Вббшв%') and (title like '2х6%' or title like '% 2х6%' or title like '%2x6%') order by  s.title LIMIT 0, 20
q2: select count(id) from sklad_tovar s where visible=1 and (title like 'Вббшв%' or title like '% Вббшв%') and (title like '2х6%' or title like '% 2х6%' or title like '%2x6%')
 auth: 100 
=====
Query:
performedDatetime: 2014-08-21 06:13:50  0000
action: get_company_data
sklad_user: Гость
appleId: A9A2D996-6FC4-4340-BB82-0B7879218C50
sklad_hash: 4c258a7744df05ffde86fcabbe90f27a
company_id: 16985

=====
Response:
{"action":"get_company_data","code":0,"data":{"company_id":16985,"title":"\u041e\u041e\u041e \"\u041d\u043e\u0432\u0440\u0435\u043c\u0434\u043e\u0440\u043c\u0430\u0448\"","city":"\u041d\u043e\u0432\u043e\u043c\u043e\u0441\u043a\u043e\u0432\u0441\u043a","address":"301650, \u0422\u0443\u043b\u044c\u0441\u043a\u0430\u044f \u043e\u0431\u043b., \u0433. \u041d\u043e\u0432\u043e\u043c\u043e\u0441\u043a\u043e\u0432\u0441\u043a, \u0443\u043b.\u0422\u0435\u0445\u043d\u0438\u0447\u0435\u0441\u043a\u0430\u044f, 8","phone":"8-953-427-1067, 8-48762-3-72-93","email":"yuliya.cabsnab@mail.ru","url":"http:\/\/cabsnab.ru","contact":"\u041f\u0440\u0438\u0441\u044f\u0436\u043d\u0435\u043d\u043a\u043e \u042e\u043b\u0438\u044f \u0413\u0435\u043d\u043d\u0430\u0434\u044c\u0435\u0432\u043d\u0430","goods_count":"2299","last_update":"22.07.2014"},"performedDatetime":"2014-08-21T06:13:49Z","authStatus":"0","accessDateEnd":""}
=====

select distinct city from sklad_tovar where comp_id= and city!='' order by city
q2: 
 auth: 100 
=====
Query:
performedDatetime: 2014-08-21 06:14:35  0000
action: get_company_data
sklad_user: Гость
appleId: A9A2D996-6FC4-4340-BB82-0B7879218C50
sklad_hash: 4c258a7744df05ffde86fcabbe90f27a
company_id: 8363

=====
Response:
{"action":"get_company_data","code":0,"data":{"company_id":8363,"title":"\u041e\u041e\u041e \u0421\u0438\u0431\u0421\u0442\u0440\u043e\u0439\u0420\u0435\u0441\u0443\u0440\u0441 2000","city":"\u041a\u0440\u0430\u0441\u043d\u043e\u044f\u0440\u0441\u043a","address":"660062 \u0433. \u041a\u0440\u0430\u0441\u043d\u043e\u044f\u0440\u0441\u043a \u0443\u043b. \u0412\u0438\u043b\u044c\u0441\u043a\u043e\u0433\u043e 22 \u043e\u0444. 215 ","phone":"(391)202-40-31, \u043c\u043e\u0431. 282-88-74","email":"sibstroi_2000@inbox.ru","url":"http:\/\/www.ssr2000.ru","contact":"\u0411\u043e\u0433\u0430\u0435\u0432\u0430 \u0410\u043d\u0430\u0441\u0442\u0430\u0441\u0438\u044f \u0418\u0432\u0430\u043d\u043e\u0432\u043d\u0430","goods_count":"632","last_update":"21.07.2014"},"performedDatetime":"2014-08-21T06:14:34Z","authStatus":"0","accessDateEnd":""}
=====

select distinct city from sklad_tovar where comp_id= and city!='' order by city
q2: 
 auth: 100 
=====
Query:
performedDatetime: 2014-08-21 12:47:24  0000
action: get_text

=====
Response:
{"action":"get_text","code":0,"data":"","performedDatetime":"2014-08-21T12:47:27Z","authStatus":"10"}
=====


q2: 
 auth: 0 
=====
Query:
performedDatetime: 2014-08-21 12:48:27  0000
action: get_goods_data
sklad_user: Гость
appleId: A9A2D996-6FC4-4340-BB82-0B7879218C50
sklad_hash: 4c258a7744df05ffde86fcabbe90f27a
searchTerm: Кгввэнг-Ls
resultsFrom: 0
sort: 0
cityFilter: 

=====
Response:
{"action":"get_goods_data","searchTerm":"\u041a\u0433\u0432\u0432\u044d\u043d\u0433-Ls","resultsFrom":0,"sort":0,"cityFilter":"","code":0,"resultsCount":"6","lastPage":1,"data":[{"name":"\u041a\u0413\u0412\u0412\u042d\u043d\u0433(A)-LS 3\u04451.5-0.66","amount":"0,064","amount_parts":"","unit":"\u043a\u043c","city":"\u041c\u043e\u0441\u043a\u043e\u0432\u0441\u043a\u0430\u044f \u043e\u0431\u043b., \u0433. \u0425\u0438\u043c\u043a\u0438","company_id":"13849","company_name":"\u041e\u041e\u041e \u041f\u0440\u043e\u0432\u043e\u0434\u043d\u0438\u043a"},{"name":"\u041a\u0413\u0412\u0412\u044d\u043d\u0433(A)-LS 7\u04451.5","amount":"0,84","amount_parts":"600;200;40","unit":"\u043a\u043c","city":"\u041c\u043e\u0441\u043a\u0432\u0430","company_id":"17087","company_name":"\u043e\u043e\u043e \u041b\u042d\u041f \u041f\u043e\u0441\u0442\u0430\u0432\u043a\u0430"},{"name":"\u041a\u0413\u0412\u0412\u042d\u043d\u0433(\u0410)-LS 4\u04451,5","amount":"0,411","amount_parts":"","unit":"\u043a\u043c","city":"\u0421\u0430\u043d\u043a\u0442-\u041f\u0435\u0442\u0435\u0440\u0431\u0443\u0440\u0433","company_id":"9328","company_name":"\u041e\u041e\u041e \u041a\u0430\u0431\u0435\u043b\u044c-\u0418\u041c\u041f\u042d\u041a\u0421"},{"name":"\u041a\u0413\u0412\u0412\u042d\u043d\u0433-LS 24\u04451","amount":"0,157","amount_parts":"","unit":"\u043a\u043c","city":"\u041f\u0430\u0432\u043b\u043e\u0434\u0430\u0440","company_id":"7464","company_name":"\u0410\u041e \"\u041a\u0430\u0437\u044d\u043d\u0435\u0440\u0433\u043e\u043a\u0430\u0431\u0435\u043b\u044c\""},{"name":"\u041a\u0413\u0412\u0412\u042d\u043d\u0433-LS 3\u04450,75","amount":"0,01","amount_parts":"","unit":"\u043a\u043c","city":"\u041c\u043e\u0441\u043a\u0432\u0430","company_id":"22412","company_name":"\u041e\u041e\u041e \u041a\u041e\u0420\u041f\u041e\u0420\u0410\u0426\u0418\u042f \u0411\u0430\u043b\u0442\u041f\u0440\u043e\u043c\u041a\u043e\u043c\u043f\u043b\u0435\u043a\u0442"},{"name":"\u041a\u0413\u0412\u0412\u042d\u043d\u0433-LS 3\u04450,75","amount":"0,01","amount_parts":"","unit":"\u043a\u043c","city":"\u0421\u0430\u043d\u043a\u0442-\u041f\u0435\u0442\u0435\u0440\u0431\u0443\u0440\u0433","company_id":"16940","company_name":"\u041e\u041e\u041e \"\u041e\u043f\u0442\u0413\u0440\u0443\u043f\u043f\""}],"performedDatetime":"2014-08-21T12:48:29Z","authStatus":"0","accessDateEnd":""}
=====

select s.id, s.comp_id, s.title, s.quant, s.unit_id, s.comments, s.city from
		sklad_tovar s where visible=1 and (title like 'Кгввэнг-Ls%' or title like '% Кгввэнг-Ls%' or title like '%Кгввэнг(A)-Ls%' or title like '%Кгввэнг(А)-Ls%') order by  s.title LIMIT 0, 20
q2: select count(id) from sklad_tovar s where visible=1 and (title like 'Кгввэнг-Ls%' or title like '% Кгввэнг-Ls%' or title like '%Кгввэнг(A)-Ls%' or title like '%Кгввэнг(А)-Ls%')
 auth: 100 
=====
Query:
performedDatetime: 2014-08-21 12:48:44  0000
action: get_company_data
sklad_user: Гость
appleId: A9A2D996-6FC4-4340-BB82-0B7879218C50
sklad_hash: 4c258a7744df05ffde86fcabbe90f27a
company_id: 17087

=====
Response:
{"action":"get_company_data","code":0,"data":{"company_id":17087,"title":"\u043e\u043e\u043e \u041b\u042d\u041f \u041f\u043e\u0441\u0442\u0430\u0432\u043a\u0430","city":"\u041c\u043e\u0441\u043a\u0432\u0430","address":"\u0433. \u041c\u043e\u0441\u043a\u0432\u0430","phone":"8(926)262-65-38  8(495)557-09-69","email":"9262626538@mail.ru","contact":"\u0422\u0443\u043c\u0443\u0440\u0443\u043a \u0418\u0433\u043e\u0440\u044c \u0412\u0430\u0441\u0438\u043b\u044c\u0435\u0432\u0438\u0447","goods_count":"183","last_update":"15.07.2014"},"performedDatetime":"2014-08-21T12:48:45Z","authStatus":"0","accessDateEnd":""}
=====

select distinct city from sklad_tovar where comp_id= and city!='' order by city
q2: 
 auth: 100 
=====
Query:
performedDatetime: 2014-08-21 12:48:44  0000
action: get_company_data
sklad_user: Гость
appleId: A9A2D996-6FC4-4340-BB82-0B7879218C50
sklad_hash: 4c258a7744df05ffde86fcabbe90f27a
company_id: 9328

=====
Response:
{"action":"get_company_data","code":0,"data":{"company_id":9328,"title":"\u041e\u041e\u041e \u041a\u0430\u0431\u0435\u043b\u044c-\u0418\u041c\u041f\u042d\u041a\u0421","city":"\u0421\u0430\u043d\u043a\u0442-\u041f\u0435\u0442\u0435\u0440\u0431\u0443\u0440\u0433","address":"\u0421\u0430\u043d\u043a\u0442-\u041f\u0435\u0442\u0435\u0440\u0431\u0443\u0440\u0433, \u0421\u0442\u0430\u0440\u043e-\u041f\u0430\u043d\u043e\u0432\u043e, \u0443\u043b\u0438\u0446\u0430 \u0412\u043e\u0441\u0442\u043e\u0447\u043d\u0430\u044f, \u0434\u043e\u043c 11","phone":"+79052291790","email":"medvedeva@kabel-provod.com","url":"http:\/\/www.kabel-provod.com","contact":"\u041c\u0435\u0434\u0432\u0435\u0434\u0435\u0432\u0430 \u0418\u0440\u0438\u043d\u0430 \u0412\u0438\u043a\u0442\u043e\u0440\u043e\u0432\u043d\u0430","goods_count":"711","last_update":"29.07.2014"},"performedDatetime":"2014-08-21T12:48:45Z","authStatus":"0","accessDateEnd":""}
=====

select distinct city from sklad_tovar where comp_id= and city!='' order by city
q2: 
 auth: 100 
=====
Query:
performedDatetime: 2014-08-21 12:48:55  0000
action: get_text

=====
Response:
{"action":"get_text","code":0,"data":"","performedDatetime":"2014-08-21T12:48:58Z","authStatus":"10"}
=====


q2: 
 auth: 0 
=====
Query:
performedDatetime: 2014-08-21 12:49:27  0000
action: get_goods_data
sklad_user: Гость
appleId: A9A2D996-6FC4-4340-BB82-0B7879218C50
sklad_hash: 4c258a7744df05ffde86fcabbe90f27a
searchTerm: Кгввэ нг лс 
resultsFrom: 0
sort: 0
cityFilter: 

=====
Response:
{"action":"get_goods_data","searchTerm":"\u041a\u0433\u0432\u0432\u044d \u043d\u0433 \u043b\u0441","resultsFrom":0,"code":0,"resultsCount":"0","data":[],"performedDatetime":"2014-08-21T12:49:29Z","authStatus":"0","accessDateEnd":""}
=====

select s.id, s.comp_id, s.title, s.quant, s.unit_id, s.comments, s.city from
		sklad_tovar s where visible=1 and (title like 'Кгввэ%' or title like '% Кгввэ%') and (title like 'нг%' or title like '% нг%') and (title like 'лс%' or title like '% лс%') order by  s.title LIMIT 0, 20
q2: select count(id) from sklad_tovar s where visible=1 and (title like 'Кгввэ%' or title like '% Кгввэ%') and (title like 'нг%' or title like '% нг%') and (title like 'лс%' or title like '% лс%')
 auth: 100 
=====
Query:
performedDatetime: 2014-08-21 12:49:50  0000
action: get_goods_data
sklad_user: Гость
appleId: A9A2D996-6FC4-4340-BB82-0B7879218C50
sklad_hash: 4c258a7744df05ffde86fcabbe90f27a
searchTerm: Кгввэнг-ls 7x1
resultsFrom: 0
sort: 0
cityFilter: 

=====
Response:
{"action":"get_goods_data","searchTerm":"\u041a\u0433\u0432\u0432\u044d\u043d\u0433-ls 7x1","resultsFrom":0,"sort":0,"cityFilter":"","code":0,"resultsCount":"1","lastPage":1,"data":[{"name":"\u041a\u0413\u0412\u0412\u044d\u043d\u0433(A)-LS 7\u04451.5","amount":"0,84","amount_parts":"600;200;40","unit":"\u043a\u043c","city":"\u041c\u043e\u0441\u043a\u0432\u0430","company_id":"17087","company_name":"\u043e\u043e\u043e \u041b\u042d\u041f \u041f\u043e\u0441\u0442\u0430\u0432\u043a\u0430"}],"performedDatetime":"2014-08-21T12:49:52Z","authStatus":"0","accessDateEnd":""}
=====

select s.id, s.comp_id, s.title, s.quant, s.unit_id, s.comments, s.city from
		sklad_tovar s where visible=1 and (title like 'Кгввэнг-ls%' or title like '% Кгввэнг-ls%' or title like '%Кгввэнг(A)-ls%' or title like '%Кгввэнг(А)-ls%') and (title like '7х1%' or title like '% 7х1%' or title like '%7x1%') order by  s.title LIMIT 0, 20
q2: select count(id) from sklad_tovar s where visible=1 and (title like 'Кгввэнг-ls%' or title like '% Кгввэнг-ls%' or title like '%Кгввэнг(A)-ls%' or title like '%Кгввэнг(А)-ls%') and (title like '7х1%' or title like '% 7х1%' or title like '%7x1%')
 auth: 100 
=====
Query:
performedDatetime: 2014-08-21 12:50:00  0000
action: get_company_data
sklad_user: Гость
appleId: A9A2D996-6FC4-4340-BB82-0B7879218C50
sklad_hash: 4c258a7744df05ffde86fcabbe90f27a
company_id: 17087

=====
Response:
{"action":"get_company_data","code":0,"data":{"company_id":17087,"title":"\u043e\u043e\u043e \u041b\u042d\u041f \u041f\u043e\u0441\u0442\u0430\u0432\u043a\u0430","city":"\u041c\u043e\u0441\u043a\u0432\u0430","address":"\u0433. \u041c\u043e\u0441\u043a\u0432\u0430","phone":"8(926)262-65-38  8(495)557-09-69","email":"9262626538@mail.ru","contact":"\u0422\u0443\u043c\u0443\u0440\u0443\u043a \u0418\u0433\u043e\u0440\u044c \u0412\u0430\u0441\u0438\u043b\u044c\u0435\u0432\u0438\u0447","goods_count":"183","last_update":"15.07.2014"},"performedDatetime":"2014-08-21T12:49:58Z","authStatus":"0","accessDateEnd":""}
=====

select distinct city from sklad_tovar where comp_id= and city!='' order by city
q2: 
 auth: 100 
=====
Query:
performedDatetime: 2014-08-21 16:34:45  0000
action: get_text

=====
Response:
{"action":"get_text","code":0,"data":"","performedDatetime":"2014-08-21T16:34:45Z","authStatus":"10"}
=====


q2: 
 auth: 0 
=====
Query:
performedDatetime: 2014-08-21 16:34:53  0000
action: get_goods_data
sklad_user: Гость
appleId: 9C512901-484B-49BE-9F61-AA6C0FC611A6
sklad_hash: ec77d16a25253b36fd23ff664fb280cb
searchTerm: Ввг
resultsFrom: 0
sort: 0
cityFilter: 

=====
Response:
{"action":"get_goods_data","searchTerm":"\u0412\u0432\u0433","resultsFrom":0,"sort":0,"cityFilter":"","code":0,"resultsCount":"11042","lastPage":0,"data":[{"name":"NYCWY 0,6\/1\u043a\u0412 3\u044510RE10 - \u0412\u0412\u0413\u042d 3\u044510\/10","amount":"0,246","amount_parts":"","unit":"\u043a\u043c","city":"\u0415\u043a\u0430\u0442\u0435\u0440\u0438\u043d\u0431\u0443\u0440\u0433","company_id":"6765","company_name":"\u0410\u043d\u0434\u0440\u0435\u0439 \u0415\u043a\u0430\u0442\u0435\u0440\u0438\u043d\u0431\u0443\u0440\u0433"},{"name":"\u0412\u0412\u0413 (\u041a\u0430\u0431\u0435\u043b\u044c \u0441\u0438\u043b\u043e\u0432\u043e\u0439),","amount":"5,235","amount_parts":"","unit":"\u043a\u043c","city":"\u041c\u043e\u0441\u043a\u0432\u0430","company_id":"7655","company_name":"\u041e\u041e\u041e \u042d\u043b\u0442\u0435\u043a\u043e\u043c \u0422\u041a"},{"name":"\u0412\u0412\u0413 - 2\u04452,5 1\u043a\u0432","amount":"1,105","amount_parts":"","unit":"\u043a\u043c","city":"\u041c\u043e\u0441\u043a\u0432\u0430","company_id":"15976","company_name":"\u041e\u041e\u041e \u041a\u0430\u0431\u0435\u043b\u044c\u043d\u0430\u044f \u043a\u043e\u043c\u043f\u0430\u043d\u0438\u044f \u042d\u0420\u041c\u0410\u041d\u041e"},{"name":"\u0412\u0412\u0413 - \u041f 2\u04451,5","amount":"6,4","amount_parts":"","unit":"\u043a\u043c","city":"\u041a\u043e\u043b\u044c\u0447\u0443\u0433\u0438\u043d\u043e","company_id":"4131","company_name":"\u041e\u041e\u041e \"\u041c\u0435\u0442\u041a\u0430\u0431\u0421\u043e\u044e\u0437\""},{"name":"\u0412\u0412\u0413 - \u041f 3\u04451,5","amount":"0,6","amount_parts":"","unit":"\u043a\u043c","city":"\u041a\u043e\u043b\u044c\u0447\u0443\u0433\u0438\u043d\u043e","company_id":"4131","company_name":"\u041e\u041e\u041e \"\u041c\u0435\u0442\u041a\u0430\u0431\u0421\u043e\u044e\u0437\""},{"name":"\u0412\u0412\u0413 -0,66 2\u04451,5","amount":"19,45","amount_parts":"12,13; 7,32; ","unit":"\u043a\u043c","city":"\u041d\u0438\u0436\u043d\u0438\u0439 \u041d\u043e\u0432\u0433\u043e\u0440\u043e\u0434","company_id":"22212","company_name":"\u041e\u041e\u041e \"\u042d\u043b\u0435\u043a\u0442\u0440\u043e\u0442\u0435\u0445\u043d\u0438\u0447\u0435\u0441\u043a\u0430\u044f \u043a\u043e\u043c\u043f\u0430\u043d\u0438\u044f \"\u0422\u043e\u043b\u0435\u0434\u043e\""},{"name":"\u0412\u0412\u0413 -0,66 2\u04452,5","amount":"1,981","amount_parts":"1,441; 0,54; ","unit":"\u043a\u043c","city":"\u041d\u0438\u0436\u043d\u0438\u0439 \u041d\u043e\u0432\u0433\u043e\u0440\u043e\u0434","company_id":"22212","company_name":"\u041e\u041e\u041e \"\u042d\u043b\u0435\u043a\u0442\u0440\u043e\u0442\u0435\u0445\u043d\u0438\u0447\u0435\u0441\u043a\u0430\u044f \u043a\u043e\u043c\u043f\u0430\u043d\u0438\u044f \"\u0422\u043e\u043b\u0435\u0434\u043e\""},{"name":"\u0412\u0412\u0413 -0,66 2\u04454","amount":"1,16","amount_parts":"","unit":"\u043a\u043c","city":"\u041d\u0438\u0436\u043d\u0438\u0439 \u041d\u043e\u0432\u0433\u043e\u0440\u043e\u0434","company_id":"22212","company_name":"\u041e\u041e\u041e \"\u042d\u043b\u0435\u043a\u0442\u0440\u043e\u0442\u0435\u0445\u043d\u0438\u0447\u0435\u0441\u043a\u0430\u044f \u043a\u043e\u043c\u043f\u0430\u043d\u0438\u044f \"\u0422\u043e\u043b\u0435\u0434\u043e\""},{"name":"\u0412\u0412\u0413 -0,66 2\u04456","amount":"1,405","amount_parts":"","unit":"\u043a\u043c","city":"\u041d\u0438\u0436\u043d\u0438\u0439 \u041d\u043e\u0432\u0433\u043e\u0440\u043e\u0434","company_id":"22212","company_name":"\u041e\u041e\u041e \"\u042d\u043b\u0435\u043a\u0442\u0440\u043e\u0442\u0435\u0445\u043d\u0438\u0447\u0435\u0441\u043a\u0430\u044f \u043a\u043e\u043c\u043f\u0430\u043d\u0438\u044f \"\u0422\u043e\u043b\u0435\u0434\u043e\""},{"name":"\u0412\u0412\u0413 -0,66 3\u04451,5","amount":"28,131","amount_parts":"10,327; 17,804; ","unit":"\u043a\u043c","city":"\u041d\u0438\u0436\u043d\u0438\u0439 \u041d\u043e\u0432\u0433\u043e\u0440\u043e\u0434","company_id":"22212","company_name":"\u041e\u041e\u041e \"\u042d\u043b\u0435\u043a\u0442\u0440\u043e\u0442\u0435\u0445\u043d\u0438\u0447\u0435\u0441\u043a\u0430\u044f \u043a\u043e\u043c\u043f\u0430\u043d\u0438\u044f \"\u0422\u043e\u043b\u0435\u0434\u043e\""},{"name":"\u0412\u0412\u0413 -0,66 3\u04452,5","amount":"37,458","amount_parts":"20,58; 16,878; ","unit":"\u043a\u043c","city":"\u041d\u0438\u0436\u043d\u0438\u0439 \u041d\u043e\u0432\u0433\u043e\u0440\u043e\u0434","company_id":"22212","company_name":"\u041e\u041e\u041e \"\u042d\u043b\u0435\u043a\u0442\u0440\u043e\u0442\u0435\u0445\u043d\u0438\u0447\u0435\u0441\u043a\u0430\u044f \u043a\u043e\u043c\u043f\u0430\u043d\u0438\u044f \"\u0422\u043e\u043b\u0435\u0434\u043e\""},{"name":"\u0412\u0412\u0413 -0,66 3\u04454","amount":"2,256","amount_parts":"2,208; 0,048; ","unit":"\u043a\u043c","city":"\u041d\u0438\u0436\u043d\u0438\u0439 \u041d\u043e\u0432\u0433\u043e\u0440\u043e\u0434","company_id":"22212","company_name":"\u041e\u041e\u041e \"\u042d\u043b\u0435\u043a\u0442\u0440\u043e\u0442\u0435\u0445\u043d\u0438\u0447\u0435\u0441\u043a\u0430\u044f \u043a\u043e\u043c\u043f\u0430\u043d\u0438\u044f \"\u0422\u043e\u043b\u0435\u0434\u043e\""},{"name":"\u0412\u0412\u0413 -0,66 3\u04456","amount":"14,948","amount_parts":"8,237; 6,711; ","unit":"\u043a\u043c","city":"\u041d\u0438\u0436\u043d\u0438\u0439 \u041d\u043e\u0432\u0433\u043e\u0440\u043e\u0434","company_id":"22212","company_name":"\u041e\u041e\u041e \"\u042d\u043b\u0435\u043a\u0442\u0440\u043e\u0442\u0435\u0445\u043d\u0438\u0447\u0435\u0441\u043a\u0430\u044f \u043a\u043e\u043c\u043f\u0430\u043d\u0438\u044f \"\u0422\u043e\u043b\u0435\u0434\u043e\""},{"name":"\u0412\u0412\u0413 -0,66 4\u04451,5","amount":"6,988","amount_parts":"3,629; 3,359; ","unit":"\u043a\u043c","city":"\u041d\u0438\u0436\u043d\u0438\u0439 \u041d\u043e\u0432\u0433\u043e\u0440\u043e\u0434","company_id":"22212","company_name":"\u041e\u041e\u041e \"\u042d\u043b\u0435\u043a\u0442\u0440\u043e\u0442\u0435\u0445\u043d\u0438\u0447\u0435\u0441\u043a\u0430\u044f \u043a\u043e\u043c\u043f\u0430\u043d\u0438\u044f \"\u0422\u043e\u043b\u0435\u0434\u043e\""},{"name":"\u0412\u0412\u0413 -0,66 4\u04452,5","amount":"1,56","amount_parts":"1,213; 0,347; ","unit":"\u043a\u043c","city":"\u041d\u0438\u0436\u043d\u0438\u0439 \u041d\u043e\u0432\u0433\u043e\u0440\u043e\u0434","company_id":"22212","company_name":"\u041e\u041e\u041e \"\u042d\u043b\u0435\u043a\u0442\u0440\u043e\u0442\u0435\u0445\u043d\u0438\u0447\u0435\u0441\u043a\u0430\u044f \u043a\u043e\u043c\u043f\u0430\u043d\u0438\u044f \"\u0422\u043e\u043b\u0435\u0434\u043e\""},{"name":"\u0412\u0412\u0413 -0,66 4\u04454","amount":"5,541","amount_parts":"3,501; 2,04; ","unit":"\u043a\u043c","city":"\u041d\u0438\u0436\u043d\u0438\u0439 \u041d\u043e\u0432\u0433\u043e\u0440\u043e\u0434","company_id":"22212","company_name":"\u041e\u041e\u041e \"\u042d\u043b\u0435\u043a\u0442\u0440\u043e\u0442\u0435\u0445\u043d\u0438\u0447\u0435\u0441\u043a\u0430\u044f \u043a\u043e\u043c\u043f\u0430\u043d\u0438\u044f \"\u0422\u043e\u043b\u0435\u0434\u043e\""},{"name":"\u0412\u0412\u0413 -0,66 4\u04456","amount":"5,969","amount_parts":"4,701; 1,268; ","unit":"\u043a\u043c","city":"\u041d\u0438\u0436\u043d\u0438\u0439 \u041d\u043e\u0432\u0433\u043e\u0440\u043e\u0434","company_id":"22212","company_name":"\u041e\u041e\u041e \"\u042d\u043b\u0435\u043a\u0442\u0440\u043e\u0442\u0435\u0445\u043d\u0438\u0447\u0435\u0441\u043a\u0430\u044f \u043a\u043e\u043c\u043f\u0430\u043d\u0438\u044f \"\u0422\u043e\u043b\u0435\u0434\u043e\""},{"name":"\u0412\u0412\u0413 -0,66 5\u04451,5","amount":"8,263","amount_parts":"5,215; 3,048; ","unit":"\u043a\u043c","city":"\u041d\u0438\u0436\u043d\u0438\u0439 \u041d\u043e\u0432\u0433\u043e\u0440\u043e\u0434","company_id":"22212","company_name":"\u041e\u041e\u041e \"\u042d\u043b\u0435\u043a\u0442\u0440\u043e\u0442\u0435\u0445\u043d\u0438\u0447\u0435\u0441\u043a\u0430\u044f \u043a\u043e\u043c\u043f\u0430\u043d\u0438\u044f \"\u0422\u043e\u043b\u0435\u0434\u043e\""},{"name":"\u0412\u0412\u0413 -0,66 5\u04452,5","amount":"0,8","amount_parts":"0,057; 0,743; ","unit":"\u043a\u043c","city":"\u041d\u0438\u0436\u043d\u0438\u0439 \u041d\u043e\u0432\u0433\u043e\u0440\u043e\u0434","company_id":"22212","company_name":"\u041e\u041e\u041e \"\u042d\u043b\u0435\u043a\u0442\u0440\u043e\u0442\u0435\u0445\u043d\u0438\u0447\u0435\u0441\u043a\u0430\u044f \u043a\u043e\u043c\u043f\u0430\u043d\u0438\u044f \"\u0422\u043e\u043b\u0435\u0434\u043e\""},{"name":"\u0412\u0412\u0413 -0,66 5\u04454","amount":"4,781","amount_parts":"3,576; 1,205; ","unit":"\u043a\u043c","city":"\u041d\u0438\u0436\u043d\u0438\u0439 \u041d\u043e\u0432\u0433\u043e\u0440\u043e\u0434","company_id":"22212","company_name":"\u041e\u041e\u041e \"\u042d\u043b\u0435\u043a\u0442\u0440\u043e\u0442\u0435\u0445\u043d\u0438\u0447\u0435\u0441\u043a\u0430\u044f \u043a\u043e\u043c\u043f\u0430\u043d\u0438\u044f \"\u0422\u043e\u043b\u0435\u0434\u043e\""}],"performedDatetime":"2014-08-21T16:34:53Z","authStatus":"0","accessDateEnd":""}
=====

select s.id, s.comp_id, s.title, s.quant, s.unit_id, s.comments, s.city from
		sklad_tovar s where visible=1 and (title like 'Ввг%' or title like '% Ввг%') order by  s.title LIMIT 0, 20
q2: select count(id) from sklad_tovar s where visible=1 and (title like 'Ввг%' or title like '% Ввг%')
 auth: 100 
=====
Query:
performedDatetime: 2014-08-21 16:34:59  0000
action: get_company_data
sklad_user: Гость
appleId: 9C512901-484B-49BE-9F61-AA6C0FC611A6
sklad_hash: ec77d16a25253b36fd23ff664fb280cb
company_id: 4131

=====
Response:
{"action":"get_company_data","code":0,"data":{"company_id":4131,"title":"\u041e\u041e\u041e \"\u041c\u0435\u0442\u041a\u0430\u0431\u0421\u043e\u044e\u0437\"","city":"\u041a\u043e\u043b\u044c\u0447\u0443\u0433\u0438\u043d\u043e","address":"601784, \u0412\u043b\u0430\u0434\u0438\u043c\u0438\u0440\u0441\u043a\u0430\u044f \u043e\u0431\u043b. \u0433.\u041a\u043e\u043b\u044c\u0447\u0443\u0433\u0438\u043d\u043e \u0443\u043b.\u041b\u0443\u0433\u043e\u0432\u0430\u044f \u0434.2 \u043f\u043e\u043c.4","phone":"(495) 778-63-12","email":"9038330145@mail.ru","url":"http:\/\/www.mksouz.ru\/ \u043c\u043a\u0441\u043e\u044e\u0437.\u0440\u0444","contact":"\u0410\u043b\u0435\u043a\u0442\u043e\u0440\u0441\u043a\u0438\u0439 \u0418\u0433\u043e\u0440\u044c \u0421\u0435\u0440\u0433\u0435\u0435\u0432\u0438\u0447","goods_count":"241","last_update":"21.07.2014"},"performedDatetime":"2014-08-21T16:34:59Z","authStatus":"0","accessDateEnd":""}
=====

select distinct city from sklad_tovar where comp_id= and city!='' order by city
q2: 
 auth: 100 
=====
Query:
performedDatetime: 2014-08-21 16:35:02  0000
action: get_company_data
sklad_user: Гость
appleId: 9C512901-484B-49BE-9F61-AA6C0FC611A6
sklad_hash: ec77d16a25253b36fd23ff664fb280cb
company_id: 4131

=====
Response:
{"action":"get_company_data","code":0,"data":{"company_id":4131,"title":"\u041e\u041e\u041e \"\u041c\u0435\u0442\u041a\u0430\u0431\u0421\u043e\u044e\u0437\"","city":"\u041a\u043e\u043b\u044c\u0447\u0443\u0433\u0438\u043d\u043e","address":"601784, \u0412\u043b\u0430\u0434\u0438\u043c\u0438\u0440\u0441\u043a\u0430\u044f \u043e\u0431\u043b. \u0433.\u041a\u043e\u043b\u044c\u0447\u0443\u0433\u0438\u043d\u043e \u0443\u043b.\u041b\u0443\u0433\u043e\u0432\u0430\u044f \u0434.2 \u043f\u043e\u043c.4","phone":"(495) 778-63-12","email":"9038330145@mail.ru","url":"http:\/\/www.mksouz.ru\/ \u043c\u043a\u0441\u043e\u044e\u0437.\u0440\u0444","contact":"\u0410\u043b\u0435\u043a\u0442\u043e\u0440\u0441\u043a\u0438\u0439 \u0418\u0433\u043e\u0440\u044c \u0421\u0435\u0440\u0433\u0435\u0435\u0432\u0438\u0447","goods_count":"241","last_update":"21.07.2014"},"performedDatetime":"2014-08-21T16:35:02Z","authStatus":"0","accessDateEnd":""}
=====

select distinct city from sklad_tovar where comp_id= and city!='' order by city
q2: 
 auth: 100 
=====
Query:
performedDatetime: 2014-08-21 16:35:09  0000
action: get_company_data
sklad_user: Гость
appleId: 9C512901-484B-49BE-9F61-AA6C0FC611A6
sklad_hash: ec77d16a25253b36fd23ff664fb280cb
company_id: 22212

=====
Response:
{"action":"get_company_data","code":0,"data":{"company_id":22212,"title":"\u041e\u041e\u041e \"\u042d\u043b\u0435\u043a\u0442\u0440\u043e\u0442\u0435\u0445\u043d\u0438\u0447\u0435\u0441\u043a\u0430\u044f \u043a\u043e\u043c\u043f\u0430\u043d\u0438\u044f \"\u0422\u043e\u043b\u0435\u0434\u043e\"","city":"\u041d\u0438\u0436\u043d\u0438\u0439 \u041d\u043e\u0432\u0433\u043e\u0440\u043e\u0434","address":"\u041d.\u041d\u043e\u0432\u0433\u043e\u0440\u043e\u0434, \u0443\u043b. \u041a\u043e\u043c\u0438\u043d\u0442\u0435\u0440\u043d\u0430 , 30\u0410","phone":"9050130037","email":"andrey367182@mail.ru","url":"http:\/\/www.toledonn.ru\/","contact":"\u041a\u0443\u0441\u043a\u043e\u0432 \u0410\u043d\u0434\u0440\u0435\u0439 \u041f\u0430\u0432\u043b\u043e\u0432\u0438\u0447","goods_count":"777","last_update":"29.07.2014"},"performedDatetime":"2014-08-21T16:35:09Z","authStatus":"0","accessDateEnd":""}
=====

select distinct city from sklad_tovar where comp_id= and city!='' order by city
q2: 
 auth: 100 
=====
Query:
performedDatetime: 2014-08-21 16:35:14  0000
action: get_goods_data
sklad_user: Гость
appleId: 9C512901-484B-49BE-9F61-AA6C0FC611A6
sklad_hash: ec77d16a25253b36fd23ff664fb280cb
searchTerm: Ввг
resultsFrom: 1
sort: 0
cityFilter: 

=====
Response:
{"action":"get_goods_data","searchTerm":"\u0412\u0432\u0433","resultsFrom":1,"sort":0,"cityFilter":"","code":0,"resultsCount":"11042","lastPage":0,"data":[{"name":"\u0412\u0412\u0413 -0,66 5\u04456","amount":"3,689","amount_parts":"1,775; 1,914; ","unit":"\u043a\u043c","city":"\u041d\u0438\u0436\u043d\u0438\u0439 \u041d\u043e\u0432\u0433\u043e\u0440\u043e\u0434","company_id":"22212","company_name":"\u041e\u041e\u041e \"\u042d\u043b\u0435\u043a\u0442\u0440\u043e\u0442\u0435\u0445\u043d\u0438\u0447\u0435\u0441\u043a\u0430\u044f \u043a\u043e\u043c\u043f\u0430\u043d\u0438\u044f \"\u0422\u043e\u043b\u0435\u0434\u043e\""},{"name":"\u0412\u0412\u0413 1x150-1 \u043a\u0412","amount":"0,56","amount_parts":"","unit":"\u043a\u043c","city":"\u041a\u0440\u0430\u0441\u043d\u043e\u0434\u0430\u0440","company_id":"4151","company_name":"\u041e\u041e\u041e \u042d\u043b\u0435\u043a\u0442\u0440\u043e\u0442\u0435\u0445\u043d\u0438\u0447\u0435\u0441\u043a\u0430\u044f \u043a\u043e\u043c\u043f\u0430\u043d\u0438\u044f"},{"name":"\u0412\u0412\u0413 1\u0445 70,0 (\u043c\u043d)","amount":"0,092","amount_parts":"","unit":"\u043a\u043c","city":"\u041c\u043e\u0441\u043a\u0432\u0430","company_id":"8585","company_name":"\u0417\u0410\u041e \u0426\u0415\u041d\u0422\u0420\u041a\u0410\u0411\u0415\u041b\u042c"},{"name":"\u0412\u0412\u0413 1\u04451,5","amount":"0,005","amount_parts":"","unit":"\u043a\u043c","city":"\u0421\u0430\u043d\u043a\u0442-\u041f\u0435\u0442\u0435\u0440\u0431\u0443\u0440\u0433","company_id":"16940","company_name":"\u041e\u041e\u041e \"\u041e\u043f\u0442\u0413\u0440\u0443\u043f\u043f\""},{"name":"\u0412\u0412\u0413 1\u04451,5","amount":"0,005","amount_parts":"","unit":"\u043a\u043c","city":"\u041c\u043e\u0441\u043a\u0432\u0430","company_id":"22412","company_name":"\u041e\u041e\u041e \u041a\u041e\u0420\u041f\u041e\u0420\u0410\u0426\u0418\u042f \u0411\u0430\u043b\u0442\u041f\u0440\u043e\u043c\u041a\u043e\u043c\u043f\u043b\u0435\u043a\u0442"},{"name":"\u0412\u0412\u0413 1\u04451,5 (\u043e\u0436)--0,66","amount":"0,2","amount_parts":"","unit":"\u043a\u043c","city":"\u041f\u0430\u0432\u043b\u043e\u0434\u0430\u0440","company_id":"7464","company_name":"\u0410\u041e \"\u041a\u0430\u0437\u044d\u043d\u0435\u0440\u0433\u043e\u043a\u0430\u0431\u0435\u043b\u044c\""},{"name":"\u0412\u0412\u0413 1\u04451,5 \u0431\u0435\u043b","amount":"0,75","amount_parts":"0,2; 0,247; 0,303; ","unit":"\u043a\u043c","city":"\u041d\u043e\u0432\u043e\u0441\u0438\u0431\u0438\u0440\u0441\u043a","company_id":"14419","company_name":"\u041e\u041e\u041e \u041a\u041e\u041c\u041f\u0410\u041d\u0418\u042f \u0417\u0410\u041f\u0421\u0418\u0411\u041a\u0410\u0411\u0415\u041b\u042c"},{"name":"\u0412\u0412\u0413 1\u04451,5 \u0431\u0435\u043b","amount":"0,75","amount_parts":"0,2; 0,247; 0,303; ","unit":"\u043a\u043c","city":"\u041d\u043e\u0432\u043e\u0441\u0438\u0431\u0438\u0440\u0441\u043a","company_id":"8749","company_name":"\u0417\u0430\u043f\u0441\u0438\u0431\u043a\u0430\u0431\u0435\u043b\u044c"},{"name":"\u0412\u0412\u0413 1\u04451,5 \u043a\u0440\u0430\u0441\u043d","amount":"0,773","amount_parts":"0,27; 0,503; ","unit":"\u043a\u043c","city":"\u041d\u043e\u0432\u043e\u0441\u0438\u0431\u0438\u0440\u0441\u043a","company_id":"14419","company_name":"\u041e\u041e\u041e \u041a\u041e\u041c\u041f\u0410\u041d\u0418\u042f \u0417\u0410\u041f\u0421\u0418\u0411\u041a\u0410\u0411\u0415\u041b\u042c"},{"name":"\u0412\u0412\u0413 1\u04451,5 \u043a\u0440\u0430\u0441\u043d","amount":"0,773","amount_parts":"0,27; 0,503; ","unit":"\u043a\u043c","city":"\u041d\u043e\u0432\u043e\u0441\u0438\u0431\u0438\u0440\u0441\u043a","company_id":"8749","company_name":"\u0417\u0430\u043f\u0441\u0438\u0431\u043a\u0430\u0431\u0435\u043b\u044c"},{"name":"\u0412\u0412\u0413 1\u04451,5 \u043e\u043a-0,66","amount":"0,1","amount_parts":"","unit":"\u043a\u043c","city":"\u041c\u0430\u0440\u0438\u0438\u043d\u0441\u043a\u0438\u0439 \u041f\u043e\u0441\u0430\u0434","company_id":"13463","company_name":"\u0417\u0410\u041e \u041c\u0430\u0440\u043f\u043e\u0441\u0430\u0434\u043a\u0430\u0431\u0435\u043b\u044c"},{"name":"\u0412\u0412\u0413 1\u04451,5 \u043e\u043a-0,66 (\u0431\u0435\u043b\u044b\u0439)","amount":"740","amount_parts":"","unit":"\u043a\u043c","city":"\u041c\u043e\u0441\u043a\u0432\u0430","company_id":"17265","company_name":"\u041e\u041e\u041e \"\u0421\u0420\u0421-\u042d\u043b\u0435\u043a\u0442\u0440\u043e\""},{"name":"\u0412\u0412\u0413 1\u04451.5","amount":"0,2","amount_parts":"","unit":"\u043a\u043c","city":"\u041a\u0440\u0430\u0441\u043d\u043e\u0434\u0430\u0440","company_id":"13148","company_name":"\u041e\u041e\u041e \u0418\u043d\u0442\u0435\u0440\u043a\u043e\u043c"},{"name":"\u0412\u0412\u0413 1\u044510","amount":"0,34","amount_parts":"","unit":"\u043a\u043c","city":"\u041c\u043e\u0441\u043a\u0432\u0430","company_id":"4864","company_name":"\u041e\u041e\u041e \u0423\u043d\u0438\u0432\u0435\u0440\u0441\u0438\u0442\u0435\u0442  \u0441\u0435\u0440\u0432\u0438\u0441"},{"name":"\u0412\u0412\u0413 1\u044510","amount":"0,07","amount_parts":"","unit":"\u043a\u043c","city":"\u041c\u043e\u0441\u043a\u0432\u0430","company_id":"22412","company_name":"\u041e\u041e\u041e \u041a\u041e\u0420\u041f\u041e\u0420\u0410\u0426\u0418\u042f \u0411\u0430\u043b\u0442\u041f\u0440\u043e\u043c\u041a\u043e\u043c\u043f\u043b\u0435\u043a\u0442"},{"name":"\u0412\u0412\u0413 1\u044510","amount":"0,451","amount_parts":"","unit":"\u043a\u043c","city":"\u041a\u0440\u0430\u0441\u043d\u043e\u044f\u0440\u0441\u043a","company_id":"8363","company_name":"\u041e\u041e\u041e \u0421\u0438\u0431\u0421\u0442\u0440\u043e\u0439\u0420\u0435\u0441\u0443\u0440\u0441 2000"},{"name":"\u0412\u0412\u0413 1\u044510","amount":"0,022","amount_parts":"","unit":"\u043a\u043c","city":"\u041f\u0435\u0440\u043c\u044c","company_id":"17640","company_name":"\u041e\u041e\u041e \"\u0415\u0432\u0440\u043e\u0441\u0442\u0440\u043e\u0439\""},{"name":"\u0412\u0412\u0413 1\u044510","amount":"0,07","amount_parts":"","unit":"\u043a\u043c","city":"\u0421\u0430\u043d\u043a\u0442-\u041f\u0435\u0442\u0435\u0440\u0431\u0443\u0440\u0433","company_id":"3660","company_name":"\u041e\u041e\u041e \u041a\u0430\u0431\u0435\u043b\u044c\u0413\u0440\u0443\u043f\u043f"},{"name":"\u0412\u0412\u0413 1\u044510","amount":"0,022","amount_parts":"","unit":"\u043a\u043c","city":"\u041f\u0435\u0440\u043c\u044c","company_id":"3601","company_name":"\u041e\u041e\u041e \"\u0422\u041c\u041a-\u042d\u041d\u0415\u0420\u0413\u041e\""},{"name":"\u0412\u0412\u0413 1\u044510","amount":"0,031","amount_parts":"","unit":"\u043a\u043c","city":"\u041f\u0435\u0440\u043c\u044c","company_id":"10969","company_name":"\u041e\u041e\u041e \u0410\u0428\u0422\u0420\u0415\u0412\u0415\u041b"}],"performedDatetime":"2014-08-21T16:35:14Z","authStatus":"0","accessDateEnd":""}
=====

select s.id, s.comp_id, s.title, s.quant, s.unit_id, s.comments, s.city from
		sklad_tovar s where visible=1 and (title like 'Ввг%' or title like '% Ввг%') order by  s.title LIMIT 20, 20
q2: select count(id) from sklad_tovar s where visible=1 and (title like 'Ввг%' or title like '% Ввг%')
 auth: 100 
=====
Query:
performedDatetime: 2014-08-21 16:35:17  0000
action: get_company_data
sklad_user: Гость
appleId: 9C512901-484B-49BE-9F61-AA6C0FC611A6
sklad_hash: ec77d16a25253b36fd23ff664fb280cb
company_id: 22212

=====
Response:
{"action":"get_company_data","code":0,"data":{"company_id":22212,"title":"\u041e\u041e\u041e \"\u042d\u043b\u0435\u043a\u0442\u0440\u043e\u0442\u0435\u0445\u043d\u0438\u0447\u0435\u0441\u043a\u0430\u044f \u043a\u043e\u043c\u043f\u0430\u043d\u0438\u044f \"\u0422\u043e\u043b\u0435\u0434\u043e\"","city":"\u041d\u0438\u0436\u043d\u0438\u0439 \u041d\u043e\u0432\u0433\u043e\u0440\u043e\u0434","address":"\u041d.\u041d\u043e\u0432\u0433\u043e\u0440\u043e\u0434, \u0443\u043b. \u041a\u043e\u043c\u0438\u043d\u0442\u0435\u0440\u043d\u0430 , 30\u0410","phone":"9050130037","email":"andrey367182@mail.ru","url":"http:\/\/www.toledonn.ru\/","contact":"\u041a\u0443\u0441\u043a\u043e\u0432 \u0410\u043d\u0434\u0440\u0435\u0439 \u041f\u0430\u0432\u043b\u043e\u0432\u0438\u0447","goods_count":"777","last_update":"29.07.2014"},"performedDatetime":"2014-08-21T16:35:17Z","authStatus":"0","accessDateEnd":""}
=====

select distinct city from sklad_tovar where comp_id= and city!='' order by city
q2: 
 auth: 100 
=====
Query:
performedDatetime: 2014-08-21 16:35:20  0000
action: get_company_data
sklad_user: Гость
appleId: 9C512901-484B-49BE-9F61-AA6C0FC611A6
sklad_hash: ec77d16a25253b36fd23ff664fb280cb
company_id: 4151

=====
Response:
{"action":"get_company_data","code":0,"data":{"company_id":4151,"title":"\u041e\u041e\u041e \u042d\u043b\u0435\u043a\u0442\u0440\u043e\u0442\u0435\u0445\u043d\u0438\u0447\u0435\u0441\u043a\u0430\u044f \u043a\u043e\u043c\u043f\u0430\u043d\u0438\u044f","city":"\u041a\u0440\u0430\u0441\u043d\u043e\u0434\u0430\u0440","address":"\u041a\u0440\u0430\u0441\u043d\u043e\u0434\u0430\u0440 \u0443\u043b.\u041d\u043e\u0432\u043e\u0440\u043e\u0441\u0441\u0438\u0439\u0441\u043a\u0430\u044f \u0434.232","phone":"+7 (861)  203-40-78 \u043c\u043d\u043e\u0433\u043e\u043a\u0430\u043d\u0430\u043b\u044c\u043d\u044b\u0439","email":"krd@enprofi.ru","url":"http:\/\/energoprofi23.ru","contact":"\u041e\u0442\u0434\u0435\u043b \u043f\u0440\u043e\u0434\u0430\u0436","goods_count":"619","last_update":"14.07.2014"},"performedDatetime":"2014-08-21T16:35:20Z","authStatus":"0","accessDateEnd":""}
=====

select distinct city from sklad_tovar where comp_id= and city!='' order by city
q2: 
 auth: 100 
=====
