Query:
performedDatetime: 2014-09-22 23:23:38  0000
action: get_text

=====
Response:
{"action":"get_text","code":0,"data":"","performedDatetime":"2014-09-22T23:23:37Z","authStatus":"10"}
=====


q2: 
 auth: 0 
=====
Query:
performedDatetime: 2014-09-23 01:43:13  0000
action: get_text

=====
Response:
{"action":"get_text","code":0,"data":"","performedDatetime":"2014-09-23T01:43:16Z","authStatus":"10"}
=====


q2: 
 auth: 0 
=====
Query:
performedDatetime: 2014-09-23 07:50:13  0000
action: check_user_rights
sklad_user: Gerasimova 
appleId: E81CF63A-C76B-48BB-B9F4-69C5EADC5062
sklad_hash: f90507cd34fbbeae16632af9afb9da99

=====
Response:
{"action":"check_user_rights","code":0,"performedDatetime":"2014-09-23T07:50:18Z","authStatus":"0","accessDateEnd":"30.06.2015"}
=====


q2: 
 auth: 100 
=====
Query:
performedDatetime: 2014-09-23 07:50:19  0000
action: get_text

=====
Response:
{"action":"get_text","code":0,"data":"","performedDatetime":"2014-09-23T07:50:19Z","authStatus":"10"}
=====


q2: 
 auth: 0 
=====
Query:
performedDatetime: 2014-09-23 07:51:10  0000
action: check_user_rights
sklad_user: Gerasimova 
appleId: E81CF63A-C76B-48BB-B9F4-69C5EADC5062
sklad_hash: f90507cd34fbbeae16632af9afb9da99

=====
Response:
{"action":"check_user_rights","code":0,"performedDatetime":"2014-09-23T07:51:15Z","authStatus":"0","accessDateEnd":"30.06.2015"}
=====


q2: 
 auth: 100 
=====
Query:
performedDatetime: 2014-09-23 07:51:16  0000
action: get_text

=====
Response:
{"action":"get_text","code":0,"data":"","performedDatetime":"2014-09-23T07:51:16Z","authStatus":"10"}
=====


q2: 
 auth: 0 
=====
Query:
performedDatetime: 2014-09-23 07:52:29  0000
action: check_user_rights
sklad_user: Gerasimova
appleId: E81CF63A-C76B-48BB-B9F4-69C5EADC5062
sklad_hash: f90507cd34fbbeae16632af9afb9da99

=====
Response:
{"action":"check_user_rights","code":0,"performedDatetime":"2014-09-23T07:52:33Z","authStatus":"0","accessDateEnd":"30.06.2015"}
=====


q2: 
 auth: 100 
=====
Query:
performedDatetime: 2014-09-23 07:52:34  0000
action: get_text

=====
Response:
{"action":"get_text","code":0,"data":"","performedDatetime":"2014-09-23T07:52:34Z","authStatus":"10"}
=====


q2: 
 auth: 0 
=====
Query:
performedDatetime: 2014-09-23 07:54:31  0000
action: check_user_rights
sklad_user: Gerasimova 
appleId: E81CF63A-C76B-48BB-B9F4-69C5EADC5062
sklad_hash: f90507cd34fbbeae16632af9afb9da99

=====
Response:
{"action":"check_user_rights","code":0,"performedDatetime":"2014-09-23T07:54:33Z","authStatus":"0","accessDateEnd":"30.06.2015"}
=====


q2: 
 auth: 100 
=====
Query:
performedDatetime: 2014-09-23 07:54:34  0000
action: get_text

=====
Response:
{"action":"get_text","code":0,"data":"","performedDatetime":"2014-09-23T07:54:34Z","authStatus":"10"}
=====


q2: 
 auth: 0 
=====
Query:
performedDatetime: 2014-09-23 07:54:39  0000
action: get_city_list

=====
Response:
{"action":"get_city_list","code":0,"data":["\u0410\u0440\u0445\u0430\u043d\u0433\u0435\u043b\u044c\u0441\u043a","\u0410\u0441\u0442\u0430\u043d\u0430","\u0412\u043e\u043b\u0433\u043e\u0433\u0440\u0430\u0434","\u0412\u043e\u043b\u043e\u0433\u0434\u0430","\u0412\u043e\u0440\u043e\u043d\u0435\u0436","\u0412\u043e\u0441\u043a\u0440\u0435\u0441\u0435\u043d\u0441\u043a","\u0433. \u041a\u0438\u0440\u043e\u0432","\u0415\u043a\u0430\u0442\u0435\u0440\u0438\u043d\u0431\u0443\u0440\u0433","\u0418\u0432\u0430\u043d\u043e\u0432\u043e","\u0418\u0436\u0435\u0432\u0441\u043a","\u041a\u0430\u0437\u0430\u043d\u044c","\u041a\u0430\u043b\u0438\u043d\u0438\u043d\u0433\u0440\u0430\u0434","\u041a\u0430\u043b\u0443\u0433\u0430","\u041a\u0438\u0440\u043e\u0432","\u041a\u043e\u043b\u044c\u0447\u0443\u0433\u0438\u043d\u043e","\u043a\u0440\u0430\u0441\u043d\u043e\u0434\u0430\u0440","\u041a\u0440\u0430\u0441\u043d\u043e\u044f\u0440\u0441\u043a","\u041a\u0443\u0440\u0441\u043a","\u041b\u044b\u0441\u044c\u0432\u0430","\u041b\u044e\u0431\u0435\u0440\u0446\u044b","\u041c\u043e\u0441\u043a\u0432\u0430","\u041c\u043e\u0441\u043a\u043e\u0432\u0441\u043a\u0430\u044f \u043e\u0431\u043b., \u0433. \u0425\u0438\u043c\u043a\u0438","\u041c\u043e\u0441\u043a\u043e\u0432\u0441\u043a\u0430\u044f \u043e\u0431\u043b\u0430\u0441\u0442\u044c, \u0433.\u0425\u0438\u043c\u043a\u0438","\u041d\u0430\u0445\u0430\u0431\u0438\u043d\u043e","\u041d\u0438\u0436\u043d\u0438\u0439 \u041d\u043e\u0432\u0433\u043e\u0440\u043e\u0434","\u041d\u043e\u0432\u043e\u043c\u043e\u0441\u043a\u043e\u0432\u0441\u043a","\u041d\u043e\u0432\u043e\u0441\u0438\u0431\u0438\u0440\u0441\u043a","\u041d\u043e\u0433\u0438\u043d\u0441\u043a","\u041e\u0431\u043d\u0438\u043d\u0441\u043a","\u041e\u0441\u043a\u043e\u043b","\u041f\u0430\u0432\u043b\u043e\u0434\u0430\u0440","\u041f\u0435\u0440\u043c\u044c","\u041f\u043e\u0434\u043e\u043b\u044c\u0441\u043a","\u0420\u0435\u0443\u0442\u043e\u0432","\u0420\u043e\u0441\u0442\u043e\u0432","\u0420\u043e\u0441\u0442\u043e\u0432-\u043d\u0430-\u0414\u043e\u043d\u0443","\u0421\u0430\u043c\u0430\u0440\u0430","\u0421\u0430\u043d\u043a\u0442-\u041f\u0435\u0442\u0435\u0440\u0431\u0443\u0440\u0433","\u0421\u0430\u0440\u0430\u043d\u0441\u043a","\u0421\u043e\u0447\u0438","\u0422\u043e\u043c\u0441\u043a","\u0423\u0444\u0430","\u0425\u0430\u0431\u0430\u0440\u043e\u0432\u0441\u043a","\u0425\u0438\u043c\u043a\u0438","\u0427\u0435\u0431\u043e\u043a\u0441\u0430\u0440\u044b","\u0427\u0435\u043b\u044f\u0431\u0438\u043d\u0441\u043a","\u042f\u0440\u043e\u0441\u043b\u0430\u0432\u043b\u044c"],"performedDatetime":"2014-09-23T07:54:39Z","authStatus":"10"}
=====

select distinct city from sklad_tovar where city != '' order by city
q2: 
 auth: 0 
=====
Query:
performedDatetime: 2014-09-23 07:59:16  0000
action: check_user_rights
sklad_user: Gerasimova 
appleId: E81CF63A-C76B-48BB-B9F4-69C5EADC5062
sklad_hash: f90507cd34fbbeae16632af9afb9da99

=====
Response:
{"action":"check_user_rights","code":0,"performedDatetime":"2014-09-23T07:59:18Z","authStatus":"0","accessDateEnd":"30.06.2015"}
=====


q2: 
 auth: 100 
=====
Query:
performedDatetime: 2014-09-23 07:59:18  0000
action: get_text

=====
Response:
{"action":"get_text","code":0,"data":"","performedDatetime":"2014-09-23T07:59:18Z","authStatus":"10"}
=====


q2: 
 auth: 0 
=====
Query:
performedDatetime: 2014-09-23 07:59:28  0000
action: get_city_list

=====
Response:
{"action":"get_city_list","code":0,"data":["\u0410\u0440\u0445\u0430\u043d\u0433\u0435\u043b\u044c\u0441\u043a","\u0410\u0441\u0442\u0430\u043d\u0430","\u0412\u043e\u043b\u0433\u043e\u0433\u0440\u0430\u0434","\u0412\u043e\u043b\u043e\u0433\u0434\u0430","\u0412\u043e\u0440\u043e\u043d\u0435\u0436","\u0412\u043e\u0441\u043a\u0440\u0435\u0441\u0435\u043d\u0441\u043a","\u0433. \u041a\u0438\u0440\u043e\u0432","\u0415\u043a\u0430\u0442\u0435\u0440\u0438\u043d\u0431\u0443\u0440\u0433","\u0418\u0432\u0430\u043d\u043e\u0432\u043e","\u0418\u0436\u0435\u0432\u0441\u043a","\u041a\u0430\u0437\u0430\u043d\u044c","\u041a\u0430\u043b\u0438\u043d\u0438\u043d\u0433\u0440\u0430\u0434","\u041a\u0430\u043b\u0443\u0433\u0430","\u041a\u0438\u0440\u043e\u0432","\u041a\u043e\u043b\u044c\u0447\u0443\u0433\u0438\u043d\u043e","\u043a\u0440\u0430\u0441\u043d\u043e\u0434\u0430\u0440","\u041a\u0440\u0430\u0441\u043d\u043e\u044f\u0440\u0441\u043a","\u041a\u0443\u0440\u0441\u043a","\u041b\u044b\u0441\u044c\u0432\u0430","\u041b\u044e\u0431\u0435\u0440\u0446\u044b","\u041c\u043e\u0441\u043a\u0432\u0430","\u041c\u043e\u0441\u043a\u043e\u0432\u0441\u043a\u0430\u044f \u043e\u0431\u043b., \u0433. \u0425\u0438\u043c\u043a\u0438","\u041c\u043e\u0441\u043a\u043e\u0432\u0441\u043a\u0430\u044f \u043e\u0431\u043b\u0430\u0441\u0442\u044c, \u0433.\u0425\u0438\u043c\u043a\u0438","\u041d\u0430\u0445\u0430\u0431\u0438\u043d\u043e","\u041d\u0438\u0436\u043d\u0438\u0439 \u041d\u043e\u0432\u0433\u043e\u0440\u043e\u0434","\u041d\u043e\u0432\u043e\u043c\u043e\u0441\u043a\u043e\u0432\u0441\u043a","\u041d\u043e\u0432\u043e\u0441\u0438\u0431\u0438\u0440\u0441\u043a","\u041d\u043e\u0433\u0438\u043d\u0441\u043a","\u041e\u0431\u043d\u0438\u043d\u0441\u043a","\u041e\u0441\u043a\u043e\u043b","\u041f\u0430\u0432\u043b\u043e\u0434\u0430\u0440","\u041f\u0435\u0440\u043c\u044c","\u041f\u043e\u0434\u043e\u043b\u044c\u0441\u043a","\u0420\u0435\u0443\u0442\u043e\u0432","\u0420\u043e\u0441\u0442\u043e\u0432","\u0420\u043e\u0441\u0442\u043e\u0432-\u043d\u0430-\u0414\u043e\u043d\u0443","\u0421\u0430\u043c\u0430\u0440\u0430","\u0421\u0430\u043d\u043a\u0442-\u041f\u0435\u0442\u0435\u0440\u0431\u0443\u0440\u0433","\u0421\u0430\u0440\u0430\u043d\u0441\u043a","\u0421\u043e\u0447\u0438","\u0422\u043e\u043c\u0441\u043a","\u0423\u0444\u0430","\u0425\u0430\u0431\u0430\u0440\u043e\u0432\u0441\u043a","\u0425\u0438\u043c\u043a\u0438","\u0427\u0435\u0431\u043e\u043a\u0441\u0430\u0440\u044b","\u0427\u0435\u043b\u044f\u0431\u0438\u043d\u0441\u043a","\u042f\u0440\u043e\u0441\u043b\u0430\u0432\u043b\u044c"],"performedDatetime":"2014-09-23T07:59:28Z","authStatus":"10"}
=====

select distinct city from sklad_tovar where city != '' order by city
q2: 
 auth: 0 
=====
Query:
performedDatetime: 2014-09-23 08:00:03  0000
action: check_user_rights
sklad_user: Gerasimova 
appleId: E81CF63A-C76B-48BB-B9F4-69C5EADC5062
sklad_hash: f90507cd34fbbeae16632af9afb9da99

=====
Response:
{"action":"check_user_rights","code":0,"performedDatetime":"2014-09-23T08:00:04Z","authStatus":"0","accessDateEnd":"30.06.2015"}
=====


q2: 
 auth: 100 
=====
Query:
performedDatetime: 2014-09-23 08:00:05  0000
action: get_text

=====
Response:
{"action":"get_text","code":0,"data":"","performedDatetime":"2014-09-23T08:00:05Z","authStatus":"10"}
=====


q2: 
 auth: 0 
=====
Query:
performedDatetime: 2014-09-23 08:00:12  0000
action: get_goods_data
sklad_user: Gerasimova 
appleId: E81CF63A-C76B-48BB-B9F4-69C5EADC5062
sklad_hash: f90507cd34fbbeae16632af9afb9da99
searchTerm: Ввг
resultsFrom: 0
sort: 0
cityFilter: 

=====
Response:
{"action":"get_goods_data","searchTerm":"\u0412\u0432\u0433","resultsFrom":0,"sort":0,"cityFilter":"","code":0,"resultsCount":"9079","lastPage":0,"data":[{"name":"1\u04454 \u0412\u0412\u0413\u043d\u0433-LS 1\u04454","amount":"5,146","amount_parts":"","unit":"\u043a\u043c","city":"\u041a\u0438\u0440\u043e\u0432","company_id":"8163","company_name":"\u0417\u0410\u041e \u041a\u0440\u0438\u0441\u0442\u0430\u043b\u043b"},{"name":"2\u04451,5 \u0412\u0412\u0413-\u041f 2\u04451,5 \u0431\u0435\u043b","amount":"36,382","amount_parts":"","unit":"\u043a\u043c","city":"\u041a\u0438\u0440\u043e\u0432","company_id":"8163","company_name":"\u0417\u0410\u041e \u041a\u0440\u0438\u0441\u0442\u0430\u043b\u043b"},{"name":"2\u04451,5 \u0412\u0412\u0413\u043d\u0433(\u0410)-FRLS 2\u04451,5 (\u041a\u0412\u043d\u0433(\u0430)-FR LS)","amount":"1,018","amount_parts":"","unit":"\u043a\u043c","city":"\u041a\u0438\u0440\u043e\u0432","company_id":"8163","company_name":"\u0417\u0410\u041e \u041a\u0440\u0438\u0441\u0442\u0430\u043b\u043b"},{"name":"2\u04451,5 \u0412\u0412\u0413\u043d\u0433\u043f 2\u04451,5","amount":"75,704","amount_parts":"","unit":"\u043a\u043c","city":"\u041a\u0438\u0440\u043e\u0432","company_id":"8163","company_name":"\u0417\u0410\u041e \u041a\u0440\u0438\u0441\u0442\u0430\u043b\u043b"},{"name":"2\u04451,5 \u0412\u0412\u0413\u043d\u0433\u043f(\u0410) 2\u04451,5","amount":"16,248","amount_parts":"","unit":"\u043a\u043c","city":"\u041a\u0438\u0440\u043e\u0432","company_id":"8163","company_name":"\u0417\u0410\u041e \u041a\u0440\u0438\u0441\u0442\u0430\u043b\u043b"},{"name":"2\u04451,5 \u0412\u0412\u0413\u043d\u0433\u043f-LS 2\u04451,5","amount":"9,44","amount_parts":"","unit":"\u043a\u043c","city":"\u041a\u0438\u0440\u043e\u0432","company_id":"8163","company_name":"\u0417\u0410\u041e \u041a\u0440\u0438\u0441\u0442\u0430\u043b\u043b"},{"name":"2\u04452,5 \u0412\u0412\u0413-\u041f 2\u04452,5 \u0431\u0435\u043b","amount":"8,087","amount_parts":"","unit":"\u043a\u043c","city":"\u041a\u0438\u0440\u043e\u0432","company_id":"8163","company_name":"\u0417\u0410\u041e \u041a\u0440\u0438\u0441\u0442\u0430\u043b\u043b"},{"name":"2\u04452,5 \u0412\u0412\u0413\u043d\u0433(\u0410)-FRLS 2\u04452,5 (\u041a\u0412\u043d\u0433(\u0430)-FR LS)","amount":"0,076","amount_parts":"","unit":"\u043a\u043c","city":"\u041a\u0438\u0440\u043e\u0432","company_id":"8163","company_name":"\u0417\u0410\u041e \u041a\u0440\u0438\u0441\u0442\u0430\u043b\u043b"},{"name":"2\u04452,5 \u0412\u0412\u0413\u043d\u0433-LS 2\u04452,5","amount":"14,041","amount_parts":"","unit":"\u043a\u043c","city":"\u041a\u0438\u0440\u043e\u0432","company_id":"8163","company_name":"\u0417\u0410\u041e \u041a\u0440\u0438\u0441\u0442\u0430\u043b\u043b"},{"name":"2\u04452,5 \u0412\u0412\u0413\u043d\u0433\u043f 2\u04452,5","amount":"29,908","amount_parts":"","unit":"\u043a\u043c","city":"\u041a\u0438\u0440\u043e\u0432","company_id":"8163","company_name":"\u0417\u0410\u041e \u041a\u0440\u0438\u0441\u0442\u0430\u043b\u043b"},{"name":"2\u04452,5 \u0412\u0412\u0413\u043d\u0433\u043f(\u0410) 2\u04452,5","amount":"8,693","amount_parts":"","unit":"\u043a\u043c","city":"\u041a\u0438\u0440\u043e\u0432","company_id":"8163","company_name":"\u0417\u0410\u041e \u041a\u0440\u0438\u0441\u0442\u0430\u043b\u043b"},{"name":"2\u04454,0 \u0412\u0412\u0413-\u041f 2\u04454,0","amount":"1","amount_parts":"","unit":"\u043a\u043c","city":"\u041a\u0438\u0440\u043e\u0432","company_id":"8163","company_name":"\u0417\u0410\u041e \u041a\u0440\u0438\u0441\u0442\u0430\u043b\u043b"},{"name":"2\u04454,0 \u0412\u0412\u0413\u043d\u0433\u043f 2\u04454,0","amount":"5,87","amount_parts":"","unit":"\u043a\u043c","city":"\u041a\u0438\u0440\u043e\u0432","company_id":"8163","company_name":"\u0417\u0410\u041e \u041a\u0440\u0438\u0441\u0442\u0430\u043b\u043b"},{"name":"2\u04456,0 \u0412\u0412\u0413-\u041f 2\u04456,0","amount":"3,33","amount_parts":"","unit":"\u043a\u043c","city":"\u041a\u0438\u0440\u043e\u0432","company_id":"8163","company_name":"\u0417\u0410\u041e \u041a\u0440\u0438\u0441\u0442\u0430\u043b\u043b"},{"name":"3\u04451,5 \u0412\u0412\u0413-\u041f 3\u04451,5 \u0431\u0435\u043b","amount":"39,975","amount_parts":"","unit":"\u043a\u043c","city":"\u041a\u0438\u0440\u043e\u0432","company_id":"8163","company_name":"\u0417\u0410\u041e \u041a\u0440\u0438\u0441\u0442\u0430\u043b\u043b"},{"name":"3\u04451,5 \u0412\u0412\u0413-\u041f\u043d\u0433(\u0410)-LS 3\u04451,5 (1\u043a\u0412)","amount":"2,365","amount_parts":"","unit":"\u043a\u043c","city":"\u041a\u0438\u0440\u043e\u0432","company_id":"8163","company_name":"\u0417\u0410\u041e \u041a\u0440\u0438\u0441\u0442\u0430\u043b\u043b"},{"name":"3\u04451,5 \u0412\u0412\u0413\u043d\u0433(\u0410)-FRLS 3\u04451,5 (\u041a\u0412\u043d\u0433(\u0410)-FR LS)","amount":"0,193","amount_parts":"","unit":"\u043a\u043c","city":"\u041a\u0438\u0440\u043e\u0432","company_id":"8163","company_name":"\u0417\u0410\u041e \u041a\u0440\u0438\u0441\u0442\u0430\u043b\u043b"},{"name":"3\u04451,5 \u0412\u0412\u0413\u043d\u0433(\u0410)-LSLTx 3\u04451,5","amount":"0,2485","amount_parts":"","unit":"\u043a\u043c","city":"\u041a\u0438\u0440\u043e\u0432","company_id":"8163","company_name":"\u0417\u0410\u041e \u041a\u0440\u0438\u0441\u0442\u0430\u043b\u043b"},{"name":"3\u04451,5 \u0412\u0412\u0413\u043d\u0433\u043f (\u0410) LS 3\u04451,5\u0445200 \u043c","amount":"58,8","amount_parts":"","unit":"\u043a\u043c","city":"\u041a\u0438\u0440\u043e\u0432","company_id":"8163","company_name":"\u0417\u0410\u041e \u041a\u0440\u0438\u0441\u0442\u0430\u043b\u043b"},{"name":"3\u04451,5 \u0412\u0412\u0413\u043d\u0433\u043f 3\u04451,5","amount":"66,045","amount_parts":"","unit":"\u043a\u043c","city":"\u041a\u0438\u0440\u043e\u0432","company_id":"8163","company_name":"\u0417\u0410\u041e \u041a\u0440\u0438\u0441\u0442\u0430\u043b\u043b"}],"performedDatetime":"2014-09-23T08:00:12Z","authStatus":"0","accessDateEnd":"30.06.2015"}
=====

select s.id, s.comp_id, s.title, s.quant, s.unit_id, s.comments, s.city from
		sklad_tovar s where visible=1 and (title like 'Ввг%' or title like '% Ввг%') order by  s.title LIMIT 0, 20
q2: select count(id) from sklad_tovar s where visible=1 and (title like 'Ввг%' or title like '% Ввг%')
 auth: 100 
=====
Query:
performedDatetime: 2014-09-23 08:00:15  0000
action: get_company_data
sklad_user: Gerasimova 
appleId: E81CF63A-C76B-48BB-B9F4-69C5EADC5062
sklad_hash: f90507cd34fbbeae16632af9afb9da99
company_id: 8163

=====
Response:
{"action":"get_company_data","code":0,"data":{"company_id":8163,"title":"\u0417\u0410\u041e \u041a\u0440\u0438\u0441\u0442\u0430\u043b\u043b","city":"\u041a\u0438\u0440\u043e\u0432","address":"\u0420\u043e\u0441\u0441\u0438\u044f, 610047, \u0433.\u041a\u0438\u0440\u043e\u0432, \u0443\u043b.\u0412\u0435\u0441\u0435\u043d\u043d\u044f\u044f, 60","phone":"8 (8332) 246-500","email":"blav@kkirov.ru","url":"http:\/\/kkirov.ru\/","contact":"\u0411\u043b\u0438\u043d\u043e\u0432 \u0410\u043d\u0434\u0440\u0435\u0439 \u0412\u0430\u043b\u0435\u0440\u044c\u0435\u0432\u0438\u0447","goods_count":"450","last_update":"23.09.2014"},"performedDatetime":"2014-09-23T08:00:15Z","authStatus":"0","accessDateEnd":"30.06.2015"}
=====

select distinct city from sklad_tovar where comp_id= and city!='' order by city
q2: 
 auth: 100 
=====
Query:
performedDatetime: 2014-09-23 08:00:22  0000
action: get_city_list

=====
Response:
{"action":"get_city_list","code":0,"data":["\u0410\u0440\u0445\u0430\u043d\u0433\u0435\u043b\u044c\u0441\u043a","\u0410\u0441\u0442\u0430\u043d\u0430","\u0412\u043e\u043b\u0433\u043e\u0433\u0440\u0430\u0434","\u0412\u043e\u043b\u043e\u0433\u0434\u0430","\u0412\u043e\u0440\u043e\u043d\u0435\u0436","\u0412\u043e\u0441\u043a\u0440\u0435\u0441\u0435\u043d\u0441\u043a","\u0433. \u041a\u0438\u0440\u043e\u0432","\u0415\u043a\u0430\u0442\u0435\u0440\u0438\u043d\u0431\u0443\u0440\u0433","\u0418\u0432\u0430\u043d\u043e\u0432\u043e","\u0418\u0436\u0435\u0432\u0441\u043a","\u041a\u0430\u0437\u0430\u043d\u044c","\u041a\u0430\u043b\u0438\u043d\u0438\u043d\u0433\u0440\u0430\u0434","\u041a\u0430\u043b\u0443\u0433\u0430","\u041a\u0438\u0440\u043e\u0432","\u041a\u043e\u043b\u044c\u0447\u0443\u0433\u0438\u043d\u043e","\u043a\u0440\u0430\u0441\u043d\u043e\u0434\u0430\u0440","\u041a\u0440\u0430\u0441\u043d\u043e\u044f\u0440\u0441\u043a","\u041a\u0443\u0440\u0441\u043a","\u041b\u044b\u0441\u044c\u0432\u0430","\u041b\u044e\u0431\u0435\u0440\u0446\u044b","\u041c\u043e\u0441\u043a\u0432\u0430","\u041c\u043e\u0441\u043a\u043e\u0432\u0441\u043a\u0430\u044f \u043e\u0431\u043b., \u0433. \u0425\u0438\u043c\u043a\u0438","\u041c\u043e\u0441\u043a\u043e\u0432\u0441\u043a\u0430\u044f \u043e\u0431\u043b\u0430\u0441\u0442\u044c, \u0433.\u0425\u0438\u043c\u043a\u0438","\u041d\u0430\u0445\u0430\u0431\u0438\u043d\u043e","\u041d\u0438\u0436\u043d\u0438\u0439 \u041d\u043e\u0432\u0433\u043e\u0440\u043e\u0434","\u041d\u043e\u0432\u043e\u043c\u043e\u0441\u043a\u043e\u0432\u0441\u043a","\u041d\u043e\u0432\u043e\u0441\u0438\u0431\u0438\u0440\u0441\u043a","\u041d\u043e\u0433\u0438\u043d\u0441\u043a","\u041e\u0431\u043d\u0438\u043d\u0441\u043a","\u041e\u0441\u043a\u043e\u043b","\u041f\u0430\u0432\u043b\u043e\u0434\u0430\u0440","\u041f\u0435\u0440\u043c\u044c","\u041f\u043e\u0434\u043e\u043b\u044c\u0441\u043a","\u0420\u0435\u0443\u0442\u043e\u0432","\u0420\u043e\u0441\u0442\u043e\u0432","\u0420\u043e\u0441\u0442\u043e\u0432-\u043d\u0430-\u0414\u043e\u043d\u0443","\u0421\u0430\u043c\u0430\u0440\u0430","\u0421\u0430\u043d\u043a\u0442-\u041f\u0435\u0442\u0435\u0440\u0431\u0443\u0440\u0433","\u0421\u0430\u0440\u0430\u043d\u0441\u043a","\u0421\u043e\u0447\u0438","\u0422\u043e\u043c\u0441\u043a","\u0423\u0444\u0430","\u0425\u0430\u0431\u0430\u0440\u043e\u0432\u0441\u043a","\u0425\u0438\u043c\u043a\u0438","\u0427\u0435\u0431\u043e\u043a\u0441\u0430\u0440\u044b","\u0427\u0435\u043b\u044f\u0431\u0438\u043d\u0441\u043a","\u042f\u0440\u043e\u0441\u043b\u0430\u0432\u043b\u044c"],"performedDatetime":"2014-09-23T08:00:22Z","authStatus":"10"}
=====

select distinct city from sklad_tovar where city != '' order by city
q2: 
 auth: 0 
=====
Query:
performedDatetime: 2014-09-23 10:29:42  0000
action: check_user_rights
sklad_user: Gerasimova 
appleId: E81CF63A-C76B-48BB-B9F4-69C5EADC5062
sklad_hash: f90507cd34fbbeae16632af9afb9da99

=====
Response:
{"action":"check_user_rights","code":0,"performedDatetime":"2014-09-23T10:29:42Z","authStatus":"0","accessDateEnd":"30.06.2015"}
=====


q2: 
 auth: 100 
=====
Query:
performedDatetime: 2014-09-23 10:29:42  0000
action: get_text

=====
Response:
{"action":"get_text","code":0,"data":"","performedDatetime":"2014-09-23T10:29:42Z","authStatus":"10"}
=====


q2: 
 auth: 0 
=====
Query:
performedDatetime: 2014-09-23 10:29:49  0000
action: get_goods_data
sklad_user: Gerasimova 
appleId: E81CF63A-C76B-48BB-B9F4-69C5EADC5062
sklad_hash: f90507cd34fbbeae16632af9afb9da99
searchTerm: Ввг
resultsFrom: 0
sort: 0
cityFilter: 

=====
Response:
{"action":"get_goods_data","searchTerm":"\u0412\u0432\u0433","resultsFrom":0,"sort":0,"cityFilter":"","code":0,"resultsCount":"9079","lastPage":0,"data":[{"name":"1\u04454 \u0412\u0412\u0413\u043d\u0433-LS 1\u04454","amount":"5,146","amount_parts":"","unit":"\u043a\u043c","city":"\u041a\u0438\u0440\u043e\u0432","company_id":"8163","company_name":"\u0417\u0410\u041e \u041a\u0440\u0438\u0441\u0442\u0430\u043b\u043b"},{"name":"2\u04451,5 \u0412\u0412\u0413-\u041f 2\u04451,5 \u0431\u0435\u043b","amount":"36,382","amount_parts":"","unit":"\u043a\u043c","city":"\u041a\u0438\u0440\u043e\u0432","company_id":"8163","company_name":"\u0417\u0410\u041e \u041a\u0440\u0438\u0441\u0442\u0430\u043b\u043b"},{"name":"2\u04451,5 \u0412\u0412\u0413\u043d\u0433(\u0410)-FRLS 2\u04451,5 (\u041a\u0412\u043d\u0433(\u0430)-FR LS)","amount":"1,018","amount_parts":"","unit":"\u043a\u043c","city":"\u041a\u0438\u0440\u043e\u0432","company_id":"8163","company_name":"\u0417\u0410\u041e \u041a\u0440\u0438\u0441\u0442\u0430\u043b\u043b"},{"name":"2\u04451,5 \u0412\u0412\u0413\u043d\u0433\u043f 2\u04451,5","amount":"75,704","amount_parts":"","unit":"\u043a\u043c","city":"\u041a\u0438\u0440\u043e\u0432","company_id":"8163","company_name":"\u0417\u0410\u041e \u041a\u0440\u0438\u0441\u0442\u0430\u043b\u043b"},{"name":"2\u04451,5 \u0412\u0412\u0413\u043d\u0433\u043f(\u0410) 2\u04451,5","amount":"16,248","amount_parts":"","unit":"\u043a\u043c","city":"\u041a\u0438\u0440\u043e\u0432","company_id":"8163","company_name":"\u0417\u0410\u041e \u041a\u0440\u0438\u0441\u0442\u0430\u043b\u043b"},{"name":"2\u04451,5 \u0412\u0412\u0413\u043d\u0433\u043f-LS 2\u04451,5","amount":"9,44","amount_parts":"","unit":"\u043a\u043c","city":"\u041a\u0438\u0440\u043e\u0432","company_id":"8163","company_name":"\u0417\u0410\u041e \u041a\u0440\u0438\u0441\u0442\u0430\u043b\u043b"},{"name":"2\u04452,5 \u0412\u0412\u0413-\u041f 2\u04452,5 \u0431\u0435\u043b","amount":"8,087","amount_parts":"","unit":"\u043a\u043c","city":"\u041a\u0438\u0440\u043e\u0432","company_id":"8163","company_name":"\u0417\u0410\u041e \u041a\u0440\u0438\u0441\u0442\u0430\u043b\u043b"},{"name":"2\u04452,5 \u0412\u0412\u0413\u043d\u0433(\u0410)-FRLS 2\u04452,5 (\u041a\u0412\u043d\u0433(\u0430)-FR LS)","amount":"0,076","amount_parts":"","unit":"\u043a\u043c","city":"\u041a\u0438\u0440\u043e\u0432","company_id":"8163","company_name":"\u0417\u0410\u041e \u041a\u0440\u0438\u0441\u0442\u0430\u043b\u043b"},{"name":"2\u04452,5 \u0412\u0412\u0413\u043d\u0433-LS 2\u04452,5","amount":"14,041","amount_parts":"","unit":"\u043a\u043c","city":"\u041a\u0438\u0440\u043e\u0432","company_id":"8163","company_name":"\u0417\u0410\u041e \u041a\u0440\u0438\u0441\u0442\u0430\u043b\u043b"},{"name":"2\u04452,5 \u0412\u0412\u0413\u043d\u0433\u043f 2\u04452,5","amount":"29,908","amount_parts":"","unit":"\u043a\u043c","city":"\u041a\u0438\u0440\u043e\u0432","company_id":"8163","company_name":"\u0417\u0410\u041e \u041a\u0440\u0438\u0441\u0442\u0430\u043b\u043b"},{"name":"2\u04452,5 \u0412\u0412\u0413\u043d\u0433\u043f(\u0410) 2\u04452,5","amount":"8,693","amount_parts":"","unit":"\u043a\u043c","city":"\u041a\u0438\u0440\u043e\u0432","company_id":"8163","company_name":"\u0417\u0410\u041e \u041a\u0440\u0438\u0441\u0442\u0430\u043b\u043b"},{"name":"2\u04454,0 \u0412\u0412\u0413-\u041f 2\u04454,0","amount":"1","amount_parts":"","unit":"\u043a\u043c","city":"\u041a\u0438\u0440\u043e\u0432","company_id":"8163","company_name":"\u0417\u0410\u041e \u041a\u0440\u0438\u0441\u0442\u0430\u043b\u043b"},{"name":"2\u04454,0 \u0412\u0412\u0413\u043d\u0433\u043f 2\u04454,0","amount":"5,87","amount_parts":"","unit":"\u043a\u043c","city":"\u041a\u0438\u0440\u043e\u0432","company_id":"8163","company_name":"\u0417\u0410\u041e \u041a\u0440\u0438\u0441\u0442\u0430\u043b\u043b"},{"name":"2\u04456,0 \u0412\u0412\u0413-\u041f 2\u04456,0","amount":"3,33","amount_parts":"","unit":"\u043a\u043c","city":"\u041a\u0438\u0440\u043e\u0432","company_id":"8163","company_name":"\u0417\u0410\u041e \u041a\u0440\u0438\u0441\u0442\u0430\u043b\u043b"},{"name":"3\u04451,5 \u0412\u0412\u0413-\u041f 3\u04451,5 \u0431\u0435\u043b","amount":"39,975","amount_parts":"","unit":"\u043a\u043c","city":"\u041a\u0438\u0440\u043e\u0432","company_id":"8163","company_name":"\u0417\u0410\u041e \u041a\u0440\u0438\u0441\u0442\u0430\u043b\u043b"},{"name":"3\u04451,5 \u0412\u0412\u0413-\u041f\u043d\u0433(\u0410)-LS 3\u04451,5 (1\u043a\u0412)","amount":"2,365","amount_parts":"","unit":"\u043a\u043c","city":"\u041a\u0438\u0440\u043e\u0432","company_id":"8163","company_name":"\u0417\u0410\u041e \u041a\u0440\u0438\u0441\u0442\u0430\u043b\u043b"},{"name":"3\u04451,5 \u0412\u0412\u0413\u043d\u0433(\u0410)-FRLS 3\u04451,5 (\u041a\u0412\u043d\u0433(\u0410)-FR LS)","amount":"0,193","amount_parts":"","unit":"\u043a\u043c","city":"\u041a\u0438\u0440\u043e\u0432","company_id":"8163","company_name":"\u0417\u0410\u041e \u041a\u0440\u0438\u0441\u0442\u0430\u043b\u043b"},{"name":"3\u04451,5 \u0412\u0412\u0413\u043d\u0433(\u0410)-LSLTx 3\u04451,5","amount":"0,2485","amount_parts":"","unit":"\u043a\u043c","city":"\u041a\u0438\u0440\u043e\u0432","company_id":"8163","company_name":"\u0417\u0410\u041e \u041a\u0440\u0438\u0441\u0442\u0430\u043b\u043b"},{"name":"3\u04451,5 \u0412\u0412\u0413\u043d\u0433\u043f (\u0410) LS 3\u04451,5\u0445200 \u043c","amount":"58,8","amount_parts":"","unit":"\u043a\u043c","city":"\u041a\u0438\u0440\u043e\u0432","company_id":"8163","company_name":"\u0417\u0410\u041e \u041a\u0440\u0438\u0441\u0442\u0430\u043b\u043b"},{"name":"3\u04451,5 \u0412\u0412\u0413\u043d\u0433\u043f 3\u04451,5","amount":"66,045","amount_parts":"","unit":"\u043a\u043c","city":"\u041a\u0438\u0440\u043e\u0432","company_id":"8163","company_name":"\u0417\u0410\u041e \u041a\u0440\u0438\u0441\u0442\u0430\u043b\u043b"}],"performedDatetime":"2014-09-23T10:29:49Z","authStatus":"0","accessDateEnd":"30.06.2015"}
=====

select s.id, s.comp_id, s.title, s.quant, s.unit_id, s.comments, s.city from
		sklad_tovar s where visible=1 and (title like 'Ввг%' or title like '% Ввг%') order by  s.title LIMIT 0, 20
q2: select count(id) from sklad_tovar s where visible=1 and (title like 'Ввг%' or title like '% Ввг%')
 auth: 100 
=====
Query:
performedDatetime: 2014-09-23 10:29:51  0000
action: get_company_data
sklad_user: Gerasimova 
appleId: E81CF63A-C76B-48BB-B9F4-69C5EADC5062
sklad_hash: f90507cd34fbbeae16632af9afb9da99
company_id: 8163

=====
Response:
{"action":"get_company_data","code":0,"data":{"company_id":8163,"title":"\u0417\u0410\u041e \u041a\u0440\u0438\u0441\u0442\u0430\u043b\u043b","city":"\u041a\u0438\u0440\u043e\u0432","address":"\u0420\u043e\u0441\u0441\u0438\u044f, 610047, \u0433.\u041a\u0438\u0440\u043e\u0432, \u0443\u043b.\u0412\u0435\u0441\u0435\u043d\u043d\u044f\u044f, 60","phone":"8 (8332) 246-500","email":"blav@kkirov.ru","url":"http:\/\/kkirov.ru\/","contact":"\u0411\u043b\u0438\u043d\u043e\u0432 \u0410\u043d\u0434\u0440\u0435\u0439 \u0412\u0430\u043b\u0435\u0440\u044c\u0435\u0432\u0438\u0447","goods_count":"450","last_update":"23.09.2014"},"performedDatetime":"2014-09-23T10:29:51Z","authStatus":"0","accessDateEnd":"30.06.2015"}
=====

select distinct city from sklad_tovar where comp_id= and city!='' order by city
q2: 
 auth: 100 
=====
Query:
performedDatetime: 2014-09-23 10:30:06  0000
action: get_city_list

=====
Response:
{"action":"get_city_list","code":0,"data":["\u0410\u0440\u0445\u0430\u043d\u0433\u0435\u043b\u044c\u0441\u043a","\u0410\u0441\u0442\u0430\u043d\u0430","\u0412\u043e\u043b\u0433\u043e\u0433\u0440\u0430\u0434","\u0412\u043e\u043b\u043e\u0433\u0434\u0430","\u0412\u043e\u0440\u043e\u043d\u0435\u0436","\u0412\u043e\u0441\u043a\u0440\u0435\u0441\u0435\u043d\u0441\u043a","\u0433. \u041a\u0438\u0440\u043e\u0432","\u0415\u043a\u0430\u0442\u0435\u0440\u0438\u043d\u0431\u0443\u0440\u0433","\u0418\u0432\u0430\u043d\u043e\u0432\u043e","\u0418\u0436\u0435\u0432\u0441\u043a","\u041a\u0430\u0437\u0430\u043d\u044c","\u041a\u0430\u043b\u0438\u043d\u0438\u043d\u0433\u0440\u0430\u0434","\u041a\u0430\u043b\u0443\u0433\u0430","\u041a\u0438\u0440\u043e\u0432","\u041a\u043e\u043b\u044c\u0447\u0443\u0433\u0438\u043d\u043e","\u043a\u0440\u0430\u0441\u043d\u043e\u0434\u0430\u0440","\u041a\u0440\u0430\u0441\u043d\u043e\u044f\u0440\u0441\u043a","\u041a\u0443\u0440\u0441\u043a","\u041b\u044b\u0441\u044c\u0432\u0430","\u041b\u044e\u0431\u0435\u0440\u0446\u044b","\u041c\u043e\u0441\u043a\u0432\u0430","\u041c\u043e\u0441\u043a\u043e\u0432\u0441\u043a\u0430\u044f \u043e\u0431\u043b., \u0433. \u0425\u0438\u043c\u043a\u0438","\u041c\u043e\u0441\u043a\u043e\u0432\u0441\u043a\u0430\u044f \u043e\u0431\u043b\u0430\u0441\u0442\u044c, \u0433.\u0425\u0438\u043c\u043a\u0438","\u041d\u0430\u0445\u0430\u0431\u0438\u043d\u043e","\u041d\u0438\u0436\u043d\u0438\u0439 \u041d\u043e\u0432\u0433\u043e\u0440\u043e\u0434","\u041d\u043e\u0432\u043e\u043c\u043e\u0441\u043a\u043e\u0432\u0441\u043a","\u041d\u043e\u0432\u043e\u0441\u0438\u0431\u0438\u0440\u0441\u043a","\u041d\u043e\u0433\u0438\u043d\u0441\u043a","\u041e\u0431\u043d\u0438\u043d\u0441\u043a","\u041e\u0441\u043a\u043e\u043b","\u041f\u0430\u0432\u043b\u043e\u0434\u0430\u0440","\u041f\u0435\u0440\u043c\u044c","\u041f\u043e\u0434\u043e\u043b\u044c\u0441\u043a","\u0420\u0435\u0443\u0442\u043e\u0432","\u0420\u043e\u0441\u0442\u043e\u0432","\u0420\u043e\u0441\u0442\u043e\u0432-\u043d\u0430-\u0414\u043e\u043d\u0443","\u0421\u0430\u043c\u0430\u0440\u0430","\u0421\u0430\u043d\u043a\u0442-\u041f\u0435\u0442\u0435\u0440\u0431\u0443\u0440\u0433","\u0421\u0430\u0440\u0430\u043d\u0441\u043a","\u0421\u043e\u0447\u0438","\u0422\u043e\u043c\u0441\u043a","\u0423\u0444\u0430","\u0425\u0430\u0431\u0430\u0440\u043e\u0432\u0441\u043a","\u0425\u0438\u043c\u043a\u0438","\u0427\u0435\u0431\u043e\u043a\u0441\u0430\u0440\u044b","\u0427\u0435\u043b\u044f\u0431\u0438\u043d\u0441\u043a","\u042f\u0440\u043e\u0441\u043b\u0430\u0432\u043b\u044c"],"performedDatetime":"2014-09-23T10:30:06Z","authStatus":"10"}
=====

select distinct city from sklad_tovar where city != '' order by city
q2: 
 auth: 0 
=====
Query:
performedDatetime: 2014-09-23 10:30:45  0000
action: check_user_rights
sklad_user: Gerasimova 
appleId: E81CF63A-C76B-48BB-B9F4-69C5EADC5062
sklad_hash: 29e608e7598e55a9dbb8c9b3b1a79791

=====
Response:
{"action":"check_user_rights","code":0,"performedDatetime":"2014-09-23T10:30:45Z","authStatus":"10"}
=====


q2: 
 auth: 0 
=====
Query:
performedDatetime: 2014-09-23 10:30:50  0000
action: check_user_rights
sklad_user: Gerasimova 
appleId: E81CF63A-C76B-48BB-B9F4-69C5EADC5062
sklad_hash: 29e608e7598e55a9dbb8c9b3b1a79791

=====
Response:
{"action":"check_user_rights","code":0,"performedDatetime":"2014-09-23T10:30:50Z","authStatus":"10"}
=====


q2: 
 auth: 0 
=====
Query:
performedDatetime: 2014-09-23 10:30:57  0000
action: check_user_rights
sklad_user: Gerasimova 
appleId: E81CF63A-C76B-48BB-B9F4-69C5EADC5062
sklad_hash: f90507cd34fbbeae16632af9afb9da99

=====
Response:
{"action":"check_user_rights","code":0,"performedDatetime":"2014-09-23T10:30:57Z","authStatus":"0","accessDateEnd":"30.06.2015"}
=====


q2: 
 auth: 100 
=====
Query:
performedDatetime: 2014-09-23 10:30:57  0000
action: get_text

=====
Response:
{"action":"get_text","code":0,"data":"","performedDatetime":"2014-09-23T10:30:57Z","authStatus":"10"}
=====


q2: 
 auth: 0 
=====
Query:
performedDatetime: 2014-09-23 10:31:07  0000
action: get_goods_data
sklad_user: Gerasimova 
appleId: E81CF63A-C76B-48BB-B9F4-69C5EADC5062
sklad_hash: f90507cd34fbbeae16632af9afb9da99
searchTerm: Ввгнг
resultsFrom: 0
sort: 0
cityFilter: 

=====
Response:
{"action":"get_goods_data","searchTerm":"\u0412\u0432\u0433\u043d\u0433","resultsFrom":0,"sort":0,"cityFilter":"","code":0,"resultsCount":"6340","lastPage":0,"data":[{"name":"1\u04454 \u0412\u0412\u0413\u043d\u0433-LS 1\u04454","amount":"5,146","amount_parts":"","unit":"\u043a\u043c","city":"\u041a\u0438\u0440\u043e\u0432","company_id":"8163","company_name":"\u0417\u0410\u041e \u041a\u0440\u0438\u0441\u0442\u0430\u043b\u043b"},{"name":"2\u04451,5 \u0412\u0412\u0413\u043d\u0433(\u0410)-FRLS 2\u04451,5 (\u041a\u0412\u043d\u0433(\u0430)-FR LS)","amount":"1,018","amount_parts":"","unit":"\u043a\u043c","city":"\u041a\u0438\u0440\u043e\u0432","company_id":"8163","company_name":"\u0417\u0410\u041e \u041a\u0440\u0438\u0441\u0442\u0430\u043b\u043b"},{"name":"2\u04451,5 \u0412\u0412\u0413\u043d\u0433\u043f 2\u04451,5","amount":"75,704","amount_parts":"","unit":"\u043a\u043c","city":"\u041a\u0438\u0440\u043e\u0432","company_id":"8163","company_name":"\u0417\u0410\u041e \u041a\u0440\u0438\u0441\u0442\u0430\u043b\u043b"},{"name":"2\u04451,5 \u0412\u0412\u0413\u043d\u0433\u043f(\u0410) 2\u04451,5","amount":"16,248","amount_parts":"","unit":"\u043a\u043c","city":"\u041a\u0438\u0440\u043e\u0432","company_id":"8163","company_name":"\u0417\u0410\u041e \u041a\u0440\u0438\u0441\u0442\u0430\u043b\u043b"},{"name":"2\u04451,5 \u0412\u0412\u0413\u043d\u0433\u043f-LS 2\u04451,5","amount":"9,44","amount_parts":"","unit":"\u043a\u043c","city":"\u041a\u0438\u0440\u043e\u0432","company_id":"8163","company_name":"\u0417\u0410\u041e \u041a\u0440\u0438\u0441\u0442\u0430\u043b\u043b"},{"name":"2\u04452,5 \u0412\u0412\u0413\u043d\u0433(\u0410)-FRLS 2\u04452,5 (\u041a\u0412\u043d\u0433(\u0430)-FR LS)","amount":"0,076","amount_parts":"","unit":"\u043a\u043c","city":"\u041a\u0438\u0440\u043e\u0432","company_id":"8163","company_name":"\u0417\u0410\u041e \u041a\u0440\u0438\u0441\u0442\u0430\u043b\u043b"},{"name":"2\u04452,5 \u0412\u0412\u0413\u043d\u0433-LS 2\u04452,5","amount":"14,041","amount_parts":"","unit":"\u043a\u043c","city":"\u041a\u0438\u0440\u043e\u0432","company_id":"8163","company_name":"\u0417\u0410\u041e \u041a\u0440\u0438\u0441\u0442\u0430\u043b\u043b"},{"name":"2\u04452,5 \u0412\u0412\u0413\u043d\u0433\u043f 2\u04452,5","amount":"29,908","amount_parts":"","unit":"\u043a\u043c","city":"\u041a\u0438\u0440\u043e\u0432","company_id":"8163","company_name":"\u0417\u0410\u041e \u041a\u0440\u0438\u0441\u0442\u0430\u043b\u043b"},{"name":"2\u04452,5 \u0412\u0412\u0413\u043d\u0433\u043f(\u0410) 2\u04452,5","amount":"8,693","amount_parts":"","unit":"\u043a\u043c","city":"\u041a\u0438\u0440\u043e\u0432","company_id":"8163","company_name":"\u0417\u0410\u041e \u041a\u0440\u0438\u0441\u0442\u0430\u043b\u043b"},{"name":"2\u04454,0 \u0412\u0412\u0413\u043d\u0433\u043f 2\u04454,0","amount":"5,87","amount_parts":"","unit":"\u043a\u043c","city":"\u041a\u0438\u0440\u043e\u0432","company_id":"8163","company_name":"\u0417\u0410\u041e \u041a\u0440\u0438\u0441\u0442\u0430\u043b\u043b"},{"name":"3\u04451,5 \u0412\u0412\u0413\u043d\u0433(\u0410)-FRLS 3\u04451,5 (\u041a\u0412\u043d\u0433(\u0410)-FR LS)","amount":"0,193","amount_parts":"","unit":"\u043a\u043c","city":"\u041a\u0438\u0440\u043e\u0432","company_id":"8163","company_name":"\u0417\u0410\u041e \u041a\u0440\u0438\u0441\u0442\u0430\u043b\u043b"},{"name":"3\u04451,5 \u0412\u0412\u0413\u043d\u0433(\u0410)-LSLTx 3\u04451,5","amount":"0,2485","amount_parts":"","unit":"\u043a\u043c","city":"\u041a\u0438\u0440\u043e\u0432","company_id":"8163","company_name":"\u0417\u0410\u041e \u041a\u0440\u0438\u0441\u0442\u0430\u043b\u043b"},{"name":"3\u04451,5 \u0412\u0412\u0413\u043d\u0433\u043f (\u0410) LS 3\u04451,5\u0445200 \u043c","amount":"58,8","amount_parts":"","unit":"\u043a\u043c","city":"\u041a\u0438\u0440\u043e\u0432","company_id":"8163","company_name":"\u0417\u0410\u041e \u041a\u0440\u0438\u0441\u0442\u0430\u043b\u043b"},{"name":"3\u04451,5 \u0412\u0412\u0413\u043d\u0433\u043f 3\u04451,5","amount":"66,045","amount_parts":"","unit":"\u043a\u043c","city":"\u041a\u0438\u0440\u043e\u0432","company_id":"8163","company_name":"\u0417\u0410\u041e \u041a\u0440\u0438\u0441\u0442\u0430\u043b\u043b"},{"name":"3\u04451,5 \u0412\u0412\u0413\u043d\u0433\u043f(\u0410) 3\u04451,5","amount":"5,087","amount_parts":"","unit":"\u043a\u043c","city":"\u041a\u0438\u0440\u043e\u0432","company_id":"8163","company_name":"\u0417\u0410\u041e \u041a\u0440\u0438\u0441\u0442\u0430\u043b\u043b"},{"name":"3\u04451,5 \u0412\u0412\u0413\u043d\u0433\u043f-LS 3\u04451,5","amount":"29,9728","amount_parts":"","unit":"\u043a\u043c","city":"\u041a\u0438\u0440\u043e\u0432","company_id":"8163","company_name":"\u0417\u0410\u041e \u041a\u0440\u0438\u0441\u0442\u0430\u043b\u043b"},{"name":"3\u044510 \u0412\u0412\u0413\u043d\u0433\u043f 3\u044510","amount":"0,479","amount_parts":"","unit":"\u043a\u043c","city":"\u041a\u0438\u0440\u043e\u0432","company_id":"8163","company_name":"\u0417\u0410\u041e \u041a\u0440\u0438\u0441\u0442\u0430\u043b\u043b"},{"name":"3\u044510,0 \u0412\u0412\u0413\u043d\u0433\u043f-LS 3\u044510,0","amount":"2,274","amount_parts":"","unit":"\u043a\u043c","city":"\u041a\u0438\u0440\u043e\u0432","company_id":"8163","company_name":"\u0417\u0410\u041e \u041a\u0440\u0438\u0441\u0442\u0430\u043b\u043b"},{"name":"3\u044516 \u0412\u0412\u0413\u043d\u0433(\u0410)-FRLS 3\u044516","amount":"0,024","amount_parts":"","unit":"\u043a\u043c","city":"\u041a\u0438\u0440\u043e\u0432","company_id":"8163","company_name":"\u0417\u0410\u041e \u041a\u0440\u0438\u0441\u0442\u0430\u043b\u043b"},{"name":"3\u04452,5 \u0412\u0412\u0413\u043d\u0433(\u0410)-FRLS 3\u04452,5 (\u041a\u0412\u043d\u0433(\u0430)-FR LS)","amount":"1,287","amount_parts":"","unit":"\u043a\u043c","city":"\u041a\u0438\u0440\u043e\u0432","company_id":"8163","company_name":"\u0417\u0410\u041e \u041a\u0440\u0438\u0441\u0442\u0430\u043b\u043b"}],"performedDatetime":"2014-09-23T10:31:07Z","authStatus":"0","accessDateEnd":"30.06.2015"}
=====

select s.id, s.comp_id, s.title, s.quant, s.unit_id, s.comments, s.city from
		sklad_tovar s where visible=1 and (title like 'Ввгнг%' or title like '% Ввгнг%') order by  s.title LIMIT 0, 20
q2: select count(id) from sklad_tovar s where visible=1 and (title like 'Ввгнг%' or title like '% Ввгнг%')
 auth: 100 
=====
Query:
performedDatetime: 2014-09-23 10:31:09  0000
action: get_goods_data
sklad_user: Gerasimova 
appleId: E81CF63A-C76B-48BB-B9F4-69C5EADC5062
sklad_hash: f90507cd34fbbeae16632af9afb9da99
searchTerm: Ввгнг
resultsFrom: 1
sort: 0
cityFilter: 

=====
Response:
{"action":"get_goods_data","searchTerm":"\u0412\u0432\u0433\u043d\u0433","resultsFrom":1,"sort":0,"cityFilter":"","code":0,"resultsCount":"6340","lastPage":0,"data":[{"name":"3\u04452,5 \u0412\u0412\u0413\u043d\u0433(\u0410)-LSLT\u04453\u04452,5.","amount":"0,455","amount_parts":"","unit":"\u043a\u043c","city":"\u041a\u0438\u0440\u043e\u0432","company_id":"8163","company_name":"\u0417\u0410\u041e \u041a\u0440\u0438\u0441\u0442\u0430\u043b\u043b"},{"name":"3\u04452,5 \u0412\u0412\u0413\u043d\u0433\u043f (\u0410) LS 3\u04452,5\u0445200 \u043c","amount":"22,2","amount_parts":"","unit":"\u043a\u043c","city":"\u041a\u0438\u0440\u043e\u0432","company_id":"8163","company_name":"\u0417\u0410\u041e \u041a\u0440\u0438\u0441\u0442\u0430\u043b\u043b"},{"name":"3\u04452,5 \u0412\u0412\u0413\u043d\u0433\u043f 3\u04452,5","amount":"47,474","amount_parts":"","unit":"\u043a\u043c","city":"\u041a\u0438\u0440\u043e\u0432","company_id":"8163","company_name":"\u0417\u0410\u041e \u041a\u0440\u0438\u0441\u0442\u0430\u043b\u043b"},{"name":"3\u04452,5 \u0412\u0412\u0413\u043d\u0433\u043f(\u0410) 3\u04452,5","amount":"14,746","amount_parts":"","unit":"\u043a\u043c","city":"\u041a\u0438\u0440\u043e\u0432","company_id":"8163","company_name":"\u0417\u0410\u041e \u041a\u0440\u0438\u0441\u0442\u0430\u043b\u043b"},{"name":"3\u04452,5 \u0412\u0412\u0413\u043d\u0433\u043f-LS 3\u04452,5","amount":"7","amount_parts":"","unit":"\u043a\u043c","city":"\u041a\u0438\u0440\u043e\u0432","company_id":"8163","company_name":"\u0417\u0410\u041e \u041a\u0440\u0438\u0441\u0442\u0430\u043b\u043b"},{"name":"3\u044525 \u0412\u0412\u0413\u043d\u0433(\u0410)-LS 3\u044525","amount":"0,081","amount_parts":"","unit":"\u043a\u043c","city":"\u041a\u0438\u0440\u043e\u0432","company_id":"8163","company_name":"\u0417\u0410\u041e \u041a\u0440\u0438\u0441\u0442\u0430\u043b\u043b"},{"name":"3\u04454 \u0412\u0412\u0413\u043d\u0433\u043f(\u0410) 3\u04454","amount":"4,27","amount_parts":"","unit":"\u043a\u043c","city":"\u041a\u0438\u0440\u043e\u0432","company_id":"8163","company_name":"\u0417\u0410\u041e \u041a\u0440\u0438\u0441\u0442\u0430\u043b\u043b"},{"name":"3\u04454,0 \u0412\u0412\u0413\u043d\u0433\u043f 3\u04454,0","amount":"11,426","amount_parts":"","unit":"\u043a\u043c","city":"\u041a\u0438\u0440\u043e\u0432","company_id":"8163","company_name":"\u0417\u0410\u041e \u041a\u0440\u0438\u0441\u0442\u0430\u043b\u043b"},{"name":"3\u04454,0 \u0412\u0412\u0413\u043d\u0433\u043f-LS 3\u04454,0","amount":"0,374","amount_parts":"","unit":"\u043a\u043c","city":"\u041a\u0438\u0440\u043e\u0432","company_id":"8163","company_name":"\u0417\u0410\u041e \u041a\u0440\u0438\u0441\u0442\u0430\u043b\u043b"},{"name":"3\u04456 \u0412\u0412\u0413\u043d\u0433(\u0410)-FRLS 3\u04456","amount":"1,071","amount_parts":"","unit":"\u043a\u043c","city":"\u041a\u0438\u0440\u043e\u0432","company_id":"8163","company_name":"\u0417\u0410\u041e \u041a\u0440\u0438\u0441\u0442\u0430\u043b\u043b"},{"name":"3\u04456 \u0412\u0412\u0413\u043d\u0433\u043f (\u0410) LS 3\u04456\u0445100 \u043c","amount":"5,7","amount_parts":"","unit":"\u043a\u043c","city":"\u041a\u0438\u0440\u043e\u0432","company_id":"8163","company_name":"\u0417\u0410\u041e \u041a\u0440\u0438\u0441\u0442\u0430\u043b\u043b"},{"name":"3\u04456,0 \u0412\u0412\u0413\u043d\u0433\u043f 3\u04456,0","amount":"5,599","amount_parts":"","unit":"\u043a\u043c","city":"\u041a\u0438\u0440\u043e\u0432","company_id":"8163","company_name":"\u0417\u0410\u041e \u041a\u0440\u0438\u0441\u0442\u0430\u043b\u043b"},{"name":"3\u04456,0 \u0412\u0412\u0413\u043d\u0433\u043f-LS 3\u04456,0","amount":"7,32","amount_parts":"","unit":"\u043a\u043c","city":"\u041a\u0438\u0440\u043e\u0432","company_id":"8163","company_name":"\u0417\u0410\u041e \u041a\u0440\u0438\u0441\u0442\u0430\u043b\u043b"},{"name":"4\u04451,5 \u0412\u0412\u0413\u043d\u0433 4\u04451,5","amount":"15,136","amount_parts":"","unit":"\u043a\u043c","city":"\u041a\u0438\u0440\u043e\u0432","company_id":"8163","company_name":"\u0417\u0410\u041e \u041a\u0440\u0438\u0441\u0442\u0430\u043b\u043b"},{"name":"4\u04451,5 \u0412\u0412\u0413\u043d\u0433-LS 4\u04451,5","amount":"3,379","amount_parts":"","unit":"\u043a\u043c","city":"\u041a\u0438\u0440\u043e\u0432","company_id":"8163","company_name":"\u0417\u0410\u041e \u041a\u0440\u0438\u0441\u0442\u0430\u043b\u043b"},{"name":"4\u044510 \u0412\u0412\u0413\u043d\u0433 4\u044510","amount":"1,9261","amount_parts":"","unit":"\u043a\u043c","city":"\u041a\u0438\u0440\u043e\u0432","company_id":"8163","company_name":"\u0417\u0410\u041e \u041a\u0440\u0438\u0441\u0442\u0430\u043b\u043b"},{"name":"4\u044516 \u0412\u0412\u0413\u043d\u0433 4\u044516","amount":"1,008","amount_parts":"","unit":"\u043a\u043c","city":"\u041a\u0438\u0440\u043e\u0432","company_id":"8163","company_name":"\u0417\u0410\u041e \u041a\u0440\u0438\u0441\u0442\u0430\u043b\u043b"},{"name":"4\u0445185 \u0412\u0412\u0413\u043d\u0433-LS 4\u0445185","amount":"0,09","amount_parts":"","unit":"\u043a\u043c","city":"\u041a\u0438\u0440\u043e\u0432","company_id":"8163","company_name":"\u0417\u0410\u041e \u041a\u0440\u0438\u0441\u0442\u0430\u043b\u043b"},{"name":"4\u04452,5 \u0412\u0412\u0413\u043d\u0433 4\u04452,5","amount":"5,079","amount_parts":"","unit":"\u043a\u043c","city":"\u041a\u0438\u0440\u043e\u0432","company_id":"8163","company_name":"\u0417\u0410\u041e \u041a\u0440\u0438\u0441\u0442\u0430\u043b\u043b"},{"name":"4\u04452,5 \u0412\u0412\u0413\u043d\u0433-LS 4\u04452,5","amount":"1,279","amount_parts":"","unit":"\u043a\u043c","city":"\u041a\u0438\u0440\u043e\u0432","company_id":"8163","company_name":"\u0417\u0410\u041e \u041a\u0440\u0438\u0441\u0442\u0430\u043b\u043b"}],"performedDatetime":"2014-09-23T10:31:09Z","authStatus":"0","accessDateEnd":"30.06.2015"}
=====

select s.id, s.comp_id, s.title, s.quant, s.unit_id, s.comments, s.city from
		sklad_tovar s where visible=1 and (title like 'Ввгнг%' or title like '% Ввгнг%') order by  s.title LIMIT 20, 20
q2: select count(id) from sklad_tovar s where visible=1 and (title like 'Ввгнг%' or title like '% Ввгнг%')
 auth: 100 
=====
Query:
performedDatetime: 2014-09-23 10:31:10  0000
action: get_goods_data
sklad_user: Gerasimova 
appleId: E81CF63A-C76B-48BB-B9F4-69C5EADC5062
sklad_hash: f90507cd34fbbeae16632af9afb9da99
searchTerm: Ввгнг
resultsFrom: 2
sort: 0
cityFilter: 

=====
Response:
{"action":"get_goods_data","searchTerm":"\u0412\u0432\u0433\u043d\u0433","resultsFrom":2,"sort":0,"cityFilter":"","code":0,"resultsCount":"6340","lastPage":0,"data":[{"name":"4\u044525 \u0412\u0412\u0413\u043d\u0433 4\u044525","amount":"0,571","amount_parts":"","unit":"\u043a\u043c","city":"\u041a\u0438\u0440\u043e\u0432","company_id":"8163","company_name":"\u0417\u0410\u041e \u041a\u0440\u0438\u0441\u0442\u0430\u043b\u043b"},{"name":"4\u044535 \u0412\u0412\u0413\u043d\u0433 4\u044535","amount":"0,03","amount_parts":"","unit":"\u043a\u043c","city":"\u041a\u0438\u0440\u043e\u0432","company_id":"8163","company_name":"\u0417\u0410\u041e \u041a\u0440\u0438\u0441\u0442\u0430\u043b\u043b"},{"name":"4\u04454 \u0412\u0412\u0413\u043d\u0433 4\u04454","amount":"3,2495","amount_parts":"","unit":"\u043a\u043c","city":"\u041a\u0438\u0440\u043e\u0432","company_id":"8163","company_name":"\u0417\u0410\u041e \u041a\u0440\u0438\u0441\u0442\u0430\u043b\u043b"},{"name":"4\u04456,0 \u0412\u0412\u0413\u043d\u0433 4\u04456,0","amount":"0,1456","amount_parts":"","unit":"\u043a\u043c","city":"\u041a\u0438\u0440\u043e\u0432","company_id":"8163","company_name":"\u0417\u0410\u041e \u041a\u0440\u0438\u0441\u0442\u0430\u043b\u043b"},{"name":"4\u04456,0 \u0412\u0412\u0413\u043d\u0433-LS 4\u04456,0","amount":"0,299","amount_parts":"","unit":"\u043a\u043c","city":"\u041a\u0438\u0440\u043e\u0432","company_id":"8163","company_name":"\u0417\u0410\u041e \u041a\u0440\u0438\u0441\u0442\u0430\u043b\u043b"},{"name":"4\u044595 \u0412\u0412\u0413\u043d\u0433 4\u044595","amount":"0,2","amount_parts":"","unit":"\u043a\u043c","city":"\u041a\u0438\u0440\u043e\u0432","company_id":"8163","company_name":"\u0417\u0410\u041e \u041a\u0440\u0438\u0441\u0442\u0430\u043b\u043b"},{"name":"5\u04451,5 \u0412\u0412\u0413\u043d\u0433 5\u04451,5","amount":"2,788","amount_parts":"","unit":"\u043a\u043c","city":"\u041a\u0438\u0440\u043e\u0432","company_id":"8163","company_name":"\u0417\u0410\u041e \u041a\u0440\u0438\u0441\u0442\u0430\u043b\u043b"},{"name":"5\u04451,5 \u0412\u0412\u0413\u043d\u0433-LS 5\u04451,5","amount":"0,674","amount_parts":"","unit":"\u043a\u043c","city":"\u041a\u0438\u0440\u043e\u0432","company_id":"8163","company_name":"\u0417\u0410\u041e \u041a\u0440\u0438\u0441\u0442\u0430\u043b\u043b"},{"name":"5\u044510 \u0412\u0412\u0413\u043d\u0433 5\u044510","amount":"2,185","amount_parts":"","unit":"\u043a\u043c","city":"\u041a\u0438\u0440\u043e\u0432","company_id":"8163","company_name":"\u0417\u0410\u041e \u041a\u0440\u0438\u0441\u0442\u0430\u043b\u043b"},{"name":"5\u044510 \u0412\u0412\u0413\u043d\u0433(\u0410)-FRLS 5\u044510","amount":"0,099","amount_parts":"","unit":"\u043a\u043c","city":"\u041a\u0438\u0440\u043e\u0432","company_id":"8163","company_name":"\u0417\u0410\u041e \u041a\u0440\u0438\u0441\u0442\u0430\u043b\u043b"},{"name":"5\u044510 \u0412\u0412\u0413\u043d\u0433-LS 5\u044510","amount":"1,5675","amount_parts":"","unit":"\u043a\u043c","city":"\u041a\u0438\u0440\u043e\u0432","company_id":"8163","company_name":"\u0417\u0410\u041e \u041a\u0440\u0438\u0441\u0442\u0430\u043b\u043b"},{"name":"5\u044516 \u0412\u0412\u0413\u043d\u0433 5\u044516","amount":"0,2235","amount_parts":"","unit":"\u043a\u043c","city":"\u041a\u0438\u0440\u043e\u0432","company_id":"8163","company_name":"\u0417\u0410\u041e \u041a\u0440\u0438\u0441\u0442\u0430\u043b\u043b"},{"name":"5\u044516 \u0412\u0412\u0413\u043d\u0433(\u0410)-FRLS 5\u044516","amount":"0,294","amount_parts":"","unit":"\u043a\u043c","city":"\u041a\u0438\u0440\u043e\u0432","company_id":"8163","company_name":"\u0417\u0410\u041e \u041a\u0440\u0438\u0441\u0442\u0430\u043b\u043b"},{"name":"5\u044516 \u0412\u0412\u0413\u043d\u0433-LS 5\u044516","amount":"0,59","amount_parts":"","unit":"\u043a\u043c","city":"\u041a\u0438\u0440\u043e\u0432","company_id":"8163","company_name":"\u0417\u0410\u041e \u041a\u0440\u0438\u0441\u0442\u0430\u043b\u043b"},{"name":"5\u04452,5 \u0412\u0412\u0413\u043d\u0433 5\u04452,5","amount":"6,87","amount_parts":"","unit":"\u043a\u043c","city":"\u041a\u0438\u0440\u043e\u0432","company_id":"8163","company_name":"\u0417\u0410\u041e \u041a\u0440\u0438\u0441\u0442\u0430\u043b\u043b"},{"name":"5\u04452,5 \u0412\u0412\u0413\u043d\u0433(\u0410)-FRLS 5\u04452,5 (\u041a\u0412\u043d\u0433(\u0430)-FR LS)","amount":"1,077","amount_parts":"","unit":"\u043a\u043c","city":"\u041a\u0438\u0440\u043e\u0432","company_id":"8163","company_name":"\u0417\u0410\u041e \u041a\u0440\u0438\u0441\u0442\u0430\u043b\u043b"},{"name":"5\u04452,5 \u0412\u0412\u0413\u043d\u0433-LS 5\u04452,5","amount":"3,836","amount_parts":"","unit":"\u043a\u043c","city":"\u041a\u0438\u0440\u043e\u0432","company_id":"8163","company_name":"\u0417\u0410\u041e \u041a\u0440\u0438\u0441\u0442\u0430\u043b\u043b"},{"name":"5\u044525 \u0412\u0412\u0413\u043d\u0433 5\u044525","amount":"0,105","amount_parts":"","unit":"\u043a\u043c","city":"\u041a\u0438\u0440\u043e\u0432","company_id":"8163","company_name":"\u0417\u0410\u041e \u041a\u0440\u0438\u0441\u0442\u0430\u043b\u043b"},{"name":"5\u044525 \u0412\u0412\u0413\u043d\u0433-LS 5\u044525","amount":"1,18","amount_parts":"","unit":"\u043a\u043c","city":"\u041a\u0438\u0440\u043e\u0432","company_id":"8163","company_name":"\u0417\u0410\u041e \u041a\u0440\u0438\u0441\u0442\u0430\u043b\u043b"},{"name":"5\u044535 \u0412\u0412\u0413\u043d\u0433-LS 5\u044535","amount":"1,517","amount_parts":"","unit":"\u043a\u043c","city":"\u041a\u0438\u0440\u043e\u0432","company_id":"8163","company_name":"\u0417\u0410\u041e \u041a\u0440\u0438\u0441\u0442\u0430\u043b\u043b"}],"performedDatetime":"2014-09-23T10:31:11Z","authStatus":"0","accessDateEnd":"30.06.2015"}
=====

select s.id, s.comp_id, s.title, s.quant, s.unit_id, s.comments, s.city from
		sklad_tovar s where visible=1 and (title like 'Ввгнг%' or title like '% Ввгнг%') order by  s.title LIMIT 40, 20
q2: select count(id) from sklad_tovar s where visible=1 and (title like 'Ввгнг%' or title like '% Ввгнг%')
 auth: 100 
=====
Query:
performedDatetime: 2014-09-23 10:31:12  0000
action: get_goods_data
sklad_user: Gerasimova 
appleId: E81CF63A-C76B-48BB-B9F4-69C5EADC5062
sklad_hash: f90507cd34fbbeae16632af9afb9da99
searchTerm: Ввгнг
resultsFrom: 3
sort: 0
cityFilter: 

=====
Response:
{"action":"get_goods_data","searchTerm":"\u0412\u0432\u0433\u043d\u0433","resultsFrom":3,"sort":0,"cityFilter":"","code":0,"resultsCount":"6340","lastPage":0,"data":[{"name":"5\u04454 \u0412\u0412\u0413\u043d\u0433(\u0410)-FRLS 5\u04454 (\u041a\u0412\u043d\u0433(\u0430)-FR LS)","amount":"0,705","amount_parts":"","unit":"\u043a\u043c","city":"\u041a\u0438\u0440\u043e\u0432","company_id":"8163","company_name":"\u0417\u0410\u041e \u041a\u0440\u0438\u0441\u0442\u0430\u043b\u043b"},{"name":"5\u04454,0 \u0412\u0412\u0413\u043d\u0433 5\u04454,0","amount":"4,353","amount_parts":"","unit":"\u043a\u043c","city":"\u041a\u0438\u0440\u043e\u0432","company_id":"8163","company_name":"\u0417\u0410\u041e \u041a\u0440\u0438\u0441\u0442\u0430\u043b\u043b"},{"name":"5\u04454,0 \u0412\u0412\u0413\u043d\u0433-LS 5\u04454,0","amount":"3,42","amount_parts":"","unit":"\u043a\u043c","city":"\u041a\u0438\u0440\u043e\u0432","company_id":"8163","company_name":"\u0417\u0410\u041e \u041a\u0440\u0438\u0441\u0442\u0430\u043b\u043b"},{"name":"5\u04456 \u0412\u0412\u0413\u043d\u0433(\u0410)-FRLS 5\u04456 (\u041a\u0412\u043d\u0433(\u0430)-FR LS)","amount":"0,141","amount_parts":"","unit":"\u043a\u043c","city":"\u041a\u0438\u0440\u043e\u0432","company_id":"8163","company_name":"\u0417\u0410\u041e \u041a\u0440\u0438\u0441\u0442\u0430\u043b\u043b"},{"name":"5\u04456,0 \u0412\u0412\u0413\u043d\u0433 5\u04456,0","amount":"2,773","amount_parts":"","unit":"\u043a\u043c","city":"\u041a\u0438\u0440\u043e\u0432","company_id":"8163","company_name":"\u0417\u0410\u041e \u041a\u0440\u0438\u0441\u0442\u0430\u043b\u043b"},{"name":"5\u04456,0 \u0412\u0412\u0413\u043d\u0433-LS 5\u04456,0","amount":"1,1087","amount_parts":"","unit":"\u043a\u043c","city":"\u041a\u0438\u0440\u043e\u0432","company_id":"8163","company_name":"\u0417\u0410\u041e \u041a\u0440\u0438\u0441\u0442\u0430\u043b\u043b"},{"name":"\u0412\u0412\u0413\u043d\u0433 (\u0410) 1\u044510","amount":"0,298","amount_parts":"","unit":"\u043a\u043c","city":"\u041b\u044e\u0431\u0435\u0440\u0446\u044b","company_id":"15356","company_name":"\u041e\u041e\u041e \u042d\u043d\u0435\u0440\u0433\u043e\u0444\u043e\u0440\u0441\u0430\u0436"},{"name":"\u0412\u0412\u0413\u043d\u0433 (\u0410) 2\u044510","amount":"0,245","amount_parts":"","unit":"\u043a\u043c","city":"\u041b\u044e\u0431\u0435\u0440\u0446\u044b","company_id":"15356","company_name":"\u041e\u041e\u041e \u042d\u043d\u0435\u0440\u0433\u043e\u0444\u043e\u0440\u0441\u0430\u0436"},{"name":"\u0412\u0412\u0413\u043d\u0433 (\u0410) 3\u04452,5","amount":"0,23","amount_parts":"","unit":"\u043a\u043c","city":"\u041b\u044e\u0431\u0435\u0440\u0446\u044b","company_id":"15356","company_name":"\u041e\u041e\u041e \u042d\u043d\u0435\u0440\u0433\u043e\u0444\u043e\u0440\u0441\u0430\u0436"},{"name":"\u0412\u0412\u0413\u043d\u0433 (\u0410) 4\u044516 \u041e\u0416","amount":"1,643","amount_parts":"","unit":"\u043a\u043c","city":"\u0415\u043a\u0430\u0442\u0435\u0440\u0438\u043d\u0431\u0443\u0440\u0433","company_id":"8456","company_name":"\u041e\u041e\u041e \"\u041f\u0440\u043e\u043c\u042d\u043b\u0435\u043a\u0442\u0440\u043e\u041a\u0430\u0431\u0435\u043b\u044c\""},{"name":"\u0412\u0412\u0413\u043d\u0433 (\u0410) 4\u04454","amount":"0,192","amount_parts":"","unit":"\u043a\u043c","city":"\u041b\u044e\u0431\u0435\u0440\u0446\u044b","company_id":"15356","company_name":"\u041e\u041e\u041e \u042d\u043d\u0435\u0440\u0433\u043e\u0444\u043e\u0440\u0441\u0430\u0436"},{"name":"\u0412\u0412\u0413\u043d\u0433 (\u0410) FRLS 2\u04451,5","amount":"0,774","amount_parts":"","unit":"\u043a\u043c","city":"\u041a\u0440\u0430\u0441\u043d\u043e\u0434\u0430\u0440","company_id":"20781","company_name":"\u041e\u041e\u041e  OptimLAN"},{"name":"\u0412\u0412\u0413\u043d\u0433 (\u0410) FRLS 2\u04452,5","amount":"0,643","amount_parts":"","unit":"\u043a\u043c","city":"\u041a\u0440\u0430\u0441\u043d\u043e\u0434\u0430\u0440","company_id":"20781","company_name":"\u041e\u041e\u041e  OptimLAN"},{"name":"\u0412\u0412\u0413\u043d\u0433 (\u0410) FRLS 3\u04451,5","amount":"0,162","amount_parts":"0,143; 0,019; ","unit":"\u043a\u043c","city":"\u041a\u0440\u0430\u0441\u043d\u043e\u0434\u0430\u0440","company_id":"20781","company_name":"\u041e\u041e\u041e  OptimLAN"},{"name":"\u0412\u0412\u0413\u043d\u0433 (\u0410) FRLS 3\u04454","amount":"0,584","amount_parts":"","unit":"\u043a\u043c","city":"\u041a\u0440\u0430\u0441\u043d\u043e\u0434\u0430\u0440","company_id":"20781","company_name":"\u041e\u041e\u041e  OptimLAN"},{"name":"\u0412\u0412\u0413\u043d\u0433 (\u0410) FRLS 3\u04456","amount":"0,377","amount_parts":"","unit":"\u043a\u043c","city":"\u041a\u0440\u0430\u0441\u043d\u043e\u0434\u0430\u0440","company_id":"20781","company_name":"\u041e\u041e\u041e  OptimLAN"},{"name":"\u0412\u0412\u0413\u043d\u0433 (\u0410) FRLS 4\u04451,5","amount":"0,374","amount_parts":"","unit":"\u043a\u043c","city":"\u041a\u0440\u0430\u0441\u043d\u043e\u0434\u0430\u0440","company_id":"20781","company_name":"\u041e\u041e\u041e  OptimLAN"},{"name":"\u0412\u0412\u0413\u043d\u0433 (\u0410) FRLS 4\u04452,5","amount":"0,757","amount_parts":"0,654; 0,103; ","unit":"\u043a\u043c","city":"\u041a\u0440\u0430\u0441\u043d\u043e\u0434\u0430\u0440","company_id":"20781","company_name":"\u041e\u041e\u041e  OptimLAN"},{"name":"\u0412\u0412\u0413\u043d\u0433 (\u0410) FRLS 4\u04456","amount":"0,258","amount_parts":"","unit":"\u043a\u043c","city":"\u041a\u0440\u0430\u0441\u043d\u043e\u0434\u0430\u0440","company_id":"20781","company_name":"\u041e\u041e\u041e  OptimLAN"},{"name":"\u0412\u0412\u0413\u043d\u0433 (\u0410) FRLS 5\u04451,5","amount":"0,75","amount_parts":"","unit":"\u043a\u043c","city":"\u041a\u0440\u0430\u0441\u043d\u043e\u0434\u0430\u0440","company_id":"20781","company_name":"\u041e\u041e\u041e  OptimLAN"}],"performedDatetime":"2014-09-23T10:31:12Z","authStatus":"0","accessDateEnd":"30.06.2015"}
=====

select s.id, s.comp_id, s.title, s.quant, s.unit_id, s.comments, s.city from
		sklad_tovar s where visible=1 and (title like 'Ввгнг%' or title like '% Ввгнг%') order by  s.title LIMIT 60, 20
q2: select count(id) from sklad_tovar s where visible=1 and (title like 'Ввгнг%' or title like '% Ввгнг%')
 auth: 100 
=====
Query:
performedDatetime: 2014-09-23 10:31:14  0000
action: get_goods_data
sklad_user: Gerasimova 
appleId: E81CF63A-C76B-48BB-B9F4-69C5EADC5062
sklad_hash: f90507cd34fbbeae16632af9afb9da99
searchTerm: Ввгнг
resultsFrom: 4
sort: 0
cityFilter: 

=====
Response:
{"action":"get_goods_data","searchTerm":"\u0412\u0432\u0433\u043d\u0433","resultsFrom":4,"sort":0,"cityFilter":"","code":0,"resultsCount":"6340","lastPage":0,"data":[{"name":"\u0412\u0412\u0413\u043d\u0433 (\u0410) FRLS 5\u04454","amount":"0,525","amount_parts":"0,1; 0,425; ","unit":"\u043a\u043c","city":"\u041a\u0440\u0430\u0441\u043d\u043e\u0434\u0430\u0440","company_id":"20781","company_name":"\u041e\u041e\u041e  OptimLAN"},{"name":"\u0412\u0412\u0413\u043d\u0433 (\u0410) FRLS 5\u044550","amount":"0,113","amount_parts":"","unit":"\u043a\u043c","city":"\u041a\u0440\u0430\u0441\u043d\u043e\u0434\u0430\u0440","company_id":"20781","company_name":"\u041e\u041e\u041e  OptimLAN"},{"name":"\u0412\u0412\u0413\u043d\u0433 (\u0410) FRLS 5\u04456","amount":"0,144","amount_parts":"0,111; 0,033; ","unit":"\u043a\u043c","city":"\u041a\u0440\u0430\u0441\u043d\u043e\u0434\u0430\u0440","company_id":"20781","company_name":"\u041e\u041e\u041e  OptimLAN"},{"name":"\u0412\u0412\u0413\u043d\u0433 (\u0410)-FRLS 2\u04452,5 \u043e\u043a(N)-0,66","amount":"1,5","amount_parts":"","unit":"\u043a\u043c","city":"\u0415\u043a\u0430\u0442\u0435\u0440\u0438\u043d\u0431\u0443\u0440\u0433","company_id":"22323","company_name":"\u041e\u041e\u041e \u041f\u0420\u041e\u043a\u0430\u0431\u0435\u043b\u044c"},{"name":"\u0412\u0412\u0413\u043d\u0433 (\u0410)-FRLS 3\u04451,5 \u043e\u043a(N)-0,66","amount":"0,974","amount_parts":"","unit":"\u043a\u043c","city":"\u0415\u043a\u0430\u0442\u0435\u0440\u0438\u043d\u0431\u0443\u0440\u0433","company_id":"22323","company_name":"\u041e\u041e\u041e \u041f\u0420\u041e\u043a\u0430\u0431\u0435\u043b\u044c"},{"name":"\u0412\u0412\u0413\u043d\u0433 (\u0410)-FRLS 3\u04452,5 \u043e\u043a(N)-0,66","amount":"2,138","amount_parts":"","unit":"\u043a\u043c","city":"\u0415\u043a\u0430\u0442\u0435\u0440\u0438\u043d\u0431\u0443\u0440\u0433","company_id":"22323","company_name":"\u041e\u041e\u041e \u041f\u0420\u041e\u043a\u0430\u0431\u0435\u043b\u044c"},{"name":"\u0412\u0412\u0413\u043d\u0433 (\u0425\u041b) 5\u044516 115 (12\u0411)","amount":"0,062","amount_parts":"","unit":"\u043a\u043c","city":"\u041d\u043e\u0432\u043e\u0441\u0438\u0431\u0438\u0440\u0441\u043a","company_id":"14419","company_name":"\u041e\u041e\u041e \u041a\u041e\u041c\u041f\u0410\u041d\u0418\u042f \u0417\u0410\u041f\u0421\u0418\u0411\u041a\u0410\u0411\u0415\u041b\u042c"},{"name":"\u0412\u0412\u0413\u043d\u0433 (\u0425\u041b) 5\u044516 115 (12\u0411)","amount":"0,062","amount_parts":"","unit":"\u043a\u043c","city":"\u041d\u043e\u0432\u043e\u0441\u0438\u0431\u0438\u0440\u0441\u043a","company_id":"8749","company_name":"\u0417\u0430\u043f\u0441\u0438\u0431\u043a\u0430\u0431\u0435\u043b\u044c"},{"name":"\u0412\u0412\u0413\u043d\u0433 (\u0425\u041b) 5\u044516 430 (14\u0411)","amount":"0,43","amount_parts":"","unit":"\u043a\u043c","city":"\u041d\u043e\u0432\u043e\u0441\u0438\u0431\u0438\u0440\u0441\u043a","company_id":"14419","company_name":"\u041e\u041e\u041e \u041a\u041e\u041c\u041f\u0410\u041d\u0418\u042f \u0417\u0410\u041f\u0421\u0418\u0411\u041a\u0410\u0411\u0415\u041b\u042c"},{"name":"\u0412\u0412\u0413\u043d\u0433 (\u0425\u041b) 5\u044516 430 (14\u0411)","amount":"0,43","amount_parts":"","unit":"\u043a\u043c","city":"\u041d\u043e\u0432\u043e\u0441\u0438\u0431\u0438\u0440\u0441\u043a","company_id":"8749","company_name":"\u0417\u0430\u043f\u0441\u0438\u0431\u043a\u0430\u0431\u0435\u043b\u044c"},{"name":"\u0412\u0412\u0413\u043d\u0413 -LS 4\u0445185","amount":"0,18","amount_parts":"","unit":"\u043a\u043c","city":"\u0412\u043e\u043b\u0433\u043e\u0433\u0440\u0430\u0434","company_id":"18138","company_name":"\u041e\u041e\u041e \u0413\u041a \u0420\u0435\u043c\u043e\u043d\u0442\u043d\u044b\u0435 \u0442\u0435\u0445\u043d\u043e\u043b\u043e\u0433\u0438\u0438"},{"name":"\u0412\u0412\u0413\u043d\u0433 0,66\u043a\u0412 2\u04451,5","amount":"0,02","amount_parts":"","unit":"\u043a\u043c","city":"\u0427\u0435\u0431\u043e\u043a\u0441\u0430\u0440\u044b","company_id":"18400","company_name":"\u041e\u041e\u041e \u0414\u0438\u0430\u0434\u0430"},{"name":"\u0412\u0412\u0413\u043d\u0433 0,66\u043a\u0412 4\u044510","amount":"0,01","amount_parts":"","unit":"\u043a\u043c","city":"\u041c\u043e\u0441\u043a\u0432\u0430","company_id":"18400","company_name":"\u041e\u041e\u041e \u0414\u0438\u0430\u0434\u0430"},{"name":"\u0412\u0412\u0413\u043d\u0433 0,66\u043a\u0412 5\u044525","amount":"0,068","amount_parts":"","unit":"\u043a\u043c","city":"\u041c\u043e\u0441\u043a\u0432\u0430","company_id":"18400","company_name":"\u041e\u041e\u041e \u0414\u0438\u0430\u0434\u0430"},{"name":"\u0412\u0412\u0413\u043d\u0433 1 \u044595 -1","amount":"0,06","amount_parts":"","unit":"\u043a\u043c","city":"\u0420\u043e\u0441\u0442\u043e\u0432-\u043d\u0430-\u0414\u043e\u043d\u0443","company_id":"18741","company_name":"\u041f\u0440\u043e\u043c\u0438\u043d\u0436\u0435\u043d\u0438\u0440\u0438\u043d\u0433"},{"name":"\u0412\u0412\u0413\u043d\u0433 1x 4 \u043b\u043e\u0442","amount":"1,668","amount_parts":"","unit":"\u043a\u043c","city":"\u041a\u0430\u0437\u0430\u043d\u044c","company_id":"17376","company_name":"\u041e\u041e\u041e \"\u0420\u0438\u0441\u0430\u0440\""},{"name":"\u0412\u0412\u0413\u043d\u0433 1x10 (\u043e\u0436)","amount":"0,072","amount_parts":"","unit":"\u043a\u043c","city":"\u041a\u0430\u0437\u0430\u043d\u044c","company_id":"17376","company_name":"\u041e\u041e\u041e \"\u0420\u0438\u0441\u0430\u0440\""},{"name":"\u0412\u0412\u0413\u043d\u0433 1x10-0,66 \u043a\u0412","amount":"0,172","amount_parts":"","unit":"\u043a\u043c","city":"\u041a\u0440\u0430\u0441\u043d\u043e\u0434\u0430\u0440","company_id":"4151","company_name":"\u041e\u041e\u041e \u042d\u043b\u0435\u043a\u0442\u0440\u043e\u0442\u0435\u0445\u043d\u0438\u0447\u0435\u0441\u043a\u0430\u044f \u043a\u043e\u043c\u043f\u0430\u043d\u0438\u044f"},{"name":"\u0412\u0412\u0413\u043d\u0433 1x16 (\u043e\u0436)","amount":"0,125","amount_parts":"","unit":"\u043a\u043c","city":"\u041a\u0430\u0437\u0430\u043d\u044c","company_id":"17376","company_name":"\u041e\u041e\u041e \"\u0420\u0438\u0441\u0430\u0440\""},{"name":"\u0412\u0412\u0413\u043d\u0433 1x25 (\u043e\u0436)","amount":"0,03","amount_parts":"","unit":"\u043a\u043c","city":"\u041a\u0430\u0437\u0430\u043d\u044c","company_id":"17376","company_name":"\u041e\u041e\u041e \"\u0420\u0438\u0441\u0430\u0440\""}],"performedDatetime":"2014-09-23T10:31:14Z","authStatus":"0","accessDateEnd":"30.06.2015"}
=====

select s.id, s.comp_id, s.title, s.quant, s.unit_id, s.comments, s.city from
		sklad_tovar s where visible=1 and (title like 'Ввгнг%' or title like '% Ввгнг%') order by  s.title LIMIT 80, 20
q2: select count(id) from sklad_tovar s where visible=1 and (title like 'Ввгнг%' or title like '% Ввгнг%')
 auth: 100 
=====
Query:
performedDatetime: 2014-09-23 10:31:16  0000
action: get_company_data
sklad_user: Gerasimova 
appleId: E81CF63A-C76B-48BB-B9F4-69C5EADC5062
sklad_hash: f90507cd34fbbeae16632af9afb9da99
company_id: 20781

=====
Response:
{"action":"get_company_data","code":0,"data":{"company_id":20781,"title":"\u041e\u041e\u041e  OptimLAN","city":"\u041a\u0440\u0430\u0441\u043d\u043e\u0434\u0430\u0440","address":"350000,\u0433. \u041a\u0440\u0430\u0441\u043d\u043e\u0434\u0430\u0440, \u0443\u043b. \u041a\u0440\u0430\u0441\u043d\u044b\u0445 \u043f\u0430\u0440\u0442\u0438\u0437\u0430\u043d, \u0434. 421","phone":"+7(495) 649-66-46","email":"lan@optimlan.ru","contact":"\u0410\u0434\u0430\u043c\u0430\u0441\u043e\u0432\u0430 \u0415\u043b\u0435\u043d\u0430 \u0410\u043d\u0430\u0442\u043e\u043b\u044c\u0435\u0432\u043d\u0430","goods_count":"365","last_update":"15.09.2014"},"performedDatetime":"2014-09-23T10:31:16Z","authStatus":"0","accessDateEnd":"30.06.2015"}
=====

select distinct city from sklad_tovar where comp_id= and city!='' order by city
q2: 
 auth: 100 
=====
Query:
performedDatetime: 2014-09-23 10:31:17  0000
action: get_company_data
sklad_user: Gerasimova 
appleId: E81CF63A-C76B-48BB-B9F4-69C5EADC5062
sklad_hash: f90507cd34fbbeae16632af9afb9da99
company_id: 20781

=====
Response:
{"action":"get_company_data","code":0,"data":{"company_id":20781,"title":"\u041e\u041e\u041e  OptimLAN","city":"\u041a\u0440\u0430\u0441\u043d\u043e\u0434\u0430\u0440","address":"350000,\u0433. \u041a\u0440\u0430\u0441\u043d\u043e\u0434\u0430\u0440, \u0443\u043b. \u041a\u0440\u0430\u0441\u043d\u044b\u0445 \u043f\u0430\u0440\u0442\u0438\u0437\u0430\u043d, \u0434. 421","phone":"+7(495) 649-66-46","email":"lan@optimlan.ru","contact":"\u0410\u0434\u0430\u043c\u0430\u0441\u043e\u0432\u0430 \u0415\u043b\u0435\u043d\u0430 \u0410\u043d\u0430\u0442\u043e\u043b\u044c\u0435\u0432\u043d\u0430","goods_count":"365","last_update":"15.09.2014"},"performedDatetime":"2014-09-23T10:31:17Z","authStatus":"0","accessDateEnd":"30.06.2015"}
=====

select distinct city from sklad_tovar where comp_id= and city!='' order by city
q2: 
 auth: 100 
=====
Query:
performedDatetime: 2014-09-23 10:31:18  0000
action: get_company_data
sklad_user: Gerasimova 
appleId: E81CF63A-C76B-48BB-B9F4-69C5EADC5062
sklad_hash: f90507cd34fbbeae16632af9afb9da99
company_id: 20781

=====
Response:
{"action":"get_company_data","code":0,"data":{"company_id":20781,"title":"\u041e\u041e\u041e  OptimLAN","city":"\u041a\u0440\u0430\u0441\u043d\u043e\u0434\u0430\u0440","address":"350000,\u0433. \u041a\u0440\u0430\u0441\u043d\u043e\u0434\u0430\u0440, \u0443\u043b. \u041a\u0440\u0430\u0441\u043d\u044b\u0445 \u043f\u0430\u0440\u0442\u0438\u0437\u0430\u043d, \u0434. 421","phone":"+7(495) 649-66-46","email":"lan@optimlan.ru","contact":"\u0410\u0434\u0430\u043c\u0430\u0441\u043e\u0432\u0430 \u0415\u043b\u0435\u043d\u0430 \u0410\u043d\u0430\u0442\u043e\u043b\u044c\u0435\u0432\u043d\u0430","goods_count":"365","last_update":"15.09.2014"},"performedDatetime":"2014-09-23T10:31:19Z","authStatus":"0","accessDateEnd":"30.06.2015"}
=====

select distinct city from sklad_tovar where comp_id= and city!='' order by city
q2: 
 auth: 100 
=====
Query:
performedDatetime: 2014-09-23 10:31:22  0000
action: get_company_data
sklad_user: Gerasimova 
appleId: E81CF63A-C76B-48BB-B9F4-69C5EADC5062
sklad_hash: f90507cd34fbbeae16632af9afb9da99
company_id: 20781

=====
Response:
{"action":"get_company_data","code":0,"data":{"company_id":20781,"title":"\u041e\u041e\u041e  OptimLAN","city":"\u041a\u0440\u0430\u0441\u043d\u043e\u0434\u0430\u0440","address":"350000,\u0433. \u041a\u0440\u0430\u0441\u043d\u043e\u0434\u0430\u0440, \u0443\u043b. \u041a\u0440\u0430\u0441\u043d\u044b\u0445 \u043f\u0430\u0440\u0442\u0438\u0437\u0430\u043d, \u0434. 421","phone":"+7(495) 649-66-46","email":"lan@optimlan.ru","contact":"\u0410\u0434\u0430\u043c\u0430\u0441\u043e\u0432\u0430 \u0415\u043b\u0435\u043d\u0430 \u0410\u043d\u0430\u0442\u043e\u043b\u044c\u0435\u0432\u043d\u0430","goods_count":"365","last_update":"15.09.2014"},"performedDatetime":"2014-09-23T10:31:22Z","authStatus":"0","accessDateEnd":"30.06.2015"}
=====

select distinct city from sklad_tovar where comp_id= and city!='' order by city
q2: 
 auth: 100 
=====
Query:
performedDatetime: 2014-09-23 10:31:23  0000
action: get_company_data
sklad_user: Gerasimova 
appleId: E81CF63A-C76B-48BB-B9F4-69C5EADC5062
sklad_hash: f90507cd34fbbeae16632af9afb9da99
company_id: 20781

=====
Response:
{"action":"get_company_data","code":0,"data":{"company_id":20781,"title":"\u041e\u041e\u041e  OptimLAN","city":"\u041a\u0440\u0430\u0441\u043d\u043e\u0434\u0430\u0440","address":"350000,\u0433. \u041a\u0440\u0430\u0441\u043d\u043e\u0434\u0430\u0440, \u0443\u043b. \u041a\u0440\u0430\u0441\u043d\u044b\u0445 \u043f\u0430\u0440\u0442\u0438\u0437\u0430\u043d, \u0434. 421","phone":"+7(495) 649-66-46","email":"lan@optimlan.ru","contact":"\u0410\u0434\u0430\u043c\u0430\u0441\u043e\u0432\u0430 \u0415\u043b\u0435\u043d\u0430 \u0410\u043d\u0430\u0442\u043e\u043b\u044c\u0435\u0432\u043d\u0430","goods_count":"365","last_update":"15.09.2014"},"performedDatetime":"2014-09-23T10:31:23Z","authStatus":"0","accessDateEnd":"30.06.2015"}
=====

select distinct city from sklad_tovar where comp_id= and city!='' order by city
q2: 
 auth: 100 
=====
Query:
performedDatetime: 2014-09-23 10:31:25  0000
action: get_company_data
sklad_user: Gerasimova 
appleId: E81CF63A-C76B-48BB-B9F4-69C5EADC5062
sklad_hash: f90507cd34fbbeae16632af9afb9da99
company_id: 8456

=====
Response:
{"action":"get_company_data","code":0,"data":{"company_id":8456,"title":"\u041e\u041e\u041e \"\u041f\u0440\u043e\u043c\u042d\u043b\u0435\u043a\u0442\u0440\u043e\u041a\u0430\u0431\u0435\u043b\u044c\"","city":"\u0415\u043a\u0430\u0442\u0435\u0440\u0438\u043d\u0431\u0443\u0440\u0433","address":"620010 \u0415\u043a\u0430\u0442\u0435\u0440\u0438\u043d\u0431\u0443\u0440\u0433,\u0443\u043b.\u041a\u043e\u0441\u0430\u0440\u0435\u0432\u0430-91","phone":"8-922-2275-659","email":"demenshin@mail.ru","url":"http:\/\/promelkab.ru","contact":"\u0414\u0435\u043c\u0435\u043d\u044c\u0448\u0438\u043d \u0410\u043d\u0434\u0440\u0435\u0439","goods_count":"907","last_update":"08.09.2014"},"performedDatetime":"2014-09-23T10:31:25Z","authStatus":"0","accessDateEnd":"30.06.2015"}
=====

select distinct city from sklad_tovar where comp_id= and city!='' order by city
q2: 
 auth: 100 
=====
Query:
performedDatetime: 2014-09-23 10:31:28  0000
action: get_city_list

=====
Response:
{"action":"get_city_list","code":0,"data":["\u0410\u0440\u0445\u0430\u043d\u0433\u0435\u043b\u044c\u0441\u043a","\u0410\u0441\u0442\u0430\u043d\u0430","\u0412\u043e\u043b\u0433\u043e\u0433\u0440\u0430\u0434","\u0412\u043e\u043b\u043e\u0433\u0434\u0430","\u0412\u043e\u0440\u043e\u043d\u0435\u0436","\u0412\u043e\u0441\u043a\u0440\u0435\u0441\u0435\u043d\u0441\u043a","\u0433. \u041a\u0438\u0440\u043e\u0432","\u0415\u043a\u0430\u0442\u0435\u0440\u0438\u043d\u0431\u0443\u0440\u0433","\u0418\u0432\u0430\u043d\u043e\u0432\u043e","\u0418\u0436\u0435\u0432\u0441\u043a","\u041a\u0430\u0437\u0430\u043d\u044c","\u041a\u0430\u043b\u0438\u043d\u0438\u043d\u0433\u0440\u0430\u0434","\u041a\u0430\u043b\u0443\u0433\u0430","\u041a\u0438\u0440\u043e\u0432","\u041a\u043e\u043b\u044c\u0447\u0443\u0433\u0438\u043d\u043e","\u043a\u0440\u0430\u0441\u043d\u043e\u0434\u0430\u0440","\u041a\u0440\u0430\u0441\u043d\u043e\u044f\u0440\u0441\u043a","\u041a\u0443\u0440\u0441\u043a","\u041b\u044b\u0441\u044c\u0432\u0430","\u041b\u044e\u0431\u0435\u0440\u0446\u044b","\u041c\u043e\u0441\u043a\u0432\u0430","\u041c\u043e\u0441\u043a\u043e\u0432\u0441\u043a\u0430\u044f \u043e\u0431\u043b., \u0433. \u0425\u0438\u043c\u043a\u0438","\u041c\u043e\u0441\u043a\u043e\u0432\u0441\u043a\u0430\u044f \u043e\u0431\u043b\u0430\u0441\u0442\u044c, \u0433.\u0425\u0438\u043c\u043a\u0438","\u041d\u0430\u0445\u0430\u0431\u0438\u043d\u043e","\u041d\u0438\u0436\u043d\u0438\u0439 \u041d\u043e\u0432\u0433\u043e\u0440\u043e\u0434","\u041d\u043e\u0432\u043e\u043c\u043e\u0441\u043a\u043e\u0432\u0441\u043a","\u041d\u043e\u0432\u043e\u0441\u0438\u0431\u0438\u0440\u0441\u043a","\u041d\u043e\u0433\u0438\u043d\u0441\u043a","\u041e\u0431\u043d\u0438\u043d\u0441\u043a","\u041e\u0441\u043a\u043e\u043b","\u041f\u0430\u0432\u043b\u043e\u0434\u0430\u0440","\u041f\u0435\u0440\u043c\u044c","\u041f\u043e\u0434\u043e\u043b\u044c\u0441\u043a","\u0420\u0435\u0443\u0442\u043e\u0432","\u0420\u043e\u0441\u0442\u043e\u0432","\u0420\u043e\u0441\u0442\u043e\u0432-\u043d\u0430-\u0414\u043e\u043d\u0443","\u0421\u0430\u043c\u0430\u0440\u0430","\u0421\u0430\u043d\u043a\u0442-\u041f\u0435\u0442\u0435\u0440\u0431\u0443\u0440\u0433","\u0421\u0430\u0440\u0430\u043d\u0441\u043a","\u0421\u043e\u0447\u0438","\u0422\u043e\u043c\u0441\u043a","\u0423\u0444\u0430","\u0425\u0430\u0431\u0430\u0440\u043e\u0432\u0441\u043a","\u0425\u0438\u043c\u043a\u0438","\u0427\u0435\u0431\u043e\u043a\u0441\u0430\u0440\u044b","\u0427\u0435\u043b\u044f\u0431\u0438\u043d\u0441\u043a","\u042f\u0440\u043e\u0441\u043b\u0430\u0432\u043b\u044c"],"performedDatetime":"2014-09-23T10:31:28Z","authStatus":"10"}
=====

select distinct city from sklad_tovar where city != '' order by city
q2: 
 auth: 0 
=====
Query:
performedDatetime: 2014-09-23 10:55:41  0000
action: check_user_rights
sklad_user: Gerasimova 
appleId: E81CF63A-C76B-48BB-B9F4-69C5EADC5062
sklad_hash: f90507cd34fbbeae16632af9afb9da99

=====
Response:
{"action":"check_user_rights","code":0,"performedDatetime":"2014-09-23T10:55:41Z","authStatus":"0","accessDateEnd":"30.06.2015"}
=====


q2: 
 auth: 100 
=====
Query:
performedDatetime: 2014-09-23 10:55:42  0000
action: get_text

=====
Response:
{"action":"get_text","code":0,"data":"","performedDatetime":"2014-09-23T10:55:42Z","authStatus":"10"}
=====


q2: 
 auth: 0 
=====
