Query:
performedDatetime: 2014-05-07 09:55:03  0000
action: check_user_rights
sklad_user: scand
appleId: 9AD73621-D61A-415E-956C-8F3715F44377
sklad_hash: 4af9991ec88dc5f3b44b6bf244126d8d

=====
Response:
{"action":"check_user_rights","code":0,"performedDatetime":"2014-05-07T09:55:03Z","authStatus":"0","accessDateEnd":"2014-10-10"}
=====
Query:
performedDatetime: 2014-05-07 09:55:08  0000
action: get_goods_data
sklad_user: scand
appleId: 9AD73621-D61A-415E-956C-8F3715F44377
sklad_hash: 4af9991ec88dc5f3b44b6bf244126d8d
searchTerm: Сип
resultsFrom: 0
sort: 0
cityFilter: 

=====
Response:
{"action":"get_goods_data","searchTerm":"\u0421\u0438\u043f","resultsFrom":0,"sort":0,"cityFilter":"","code":0,"resultsCount":"1670","data":[{"name":"\u0421\u0418\u041f 2\u0410 3\u044535+1\u044554.6+1\u044516","amount":"0,14","amount_parts":"","unit":"\u043a\u043c","city":"\u041c\u043e\u0441\u043a\u0432\u0430","company_id":"8256","company_name":"\u041e\u041e\u041e \u0410\u0432\u0430\u043b\u043e\u043d-\u041a\u0430\u0431\u0435\u043b\u044c"},{"name":"\u0421\u0418\u041f 2\u0410 3\u044550+1\u044550","amount":"0,075","amount_parts":"","unit":"\u043a\u043c","city":"\u0412\u043e\u043b\u043e\u0433\u0434\u0430","company_id":"8168","company_name":"\u041e\u041e\u041e \u00ab\u0422\u0435\u0445\u043d\u043e\u043a\u0430\u0431\u0435\u043b\u044c \u041c\u00bb \u041c\u043e\u0441\u043a\u0432\u0430"},{"name":"\u0421\u0418\u041f 2\u0410 3\u044550+1\u044554, 6-1","amount":"0,01","amount_parts":"","unit":"\u043a\u043c","city":"\u041c\u043e\u0441\u043a\u0432\u0430","company_id":"19425","company_name":"\u041e\u0410\u041e \"\u041f\u0441\u043a\u043e\u0432\u0441\u043a\u0438\u0439 \u043a\u0430\u0431\u0435\u043b\u044c\u043d\u044b\u0439 \u0437\u0430\u0432\u043e\u0434\""},{"name":"\u0421\u0418\u041f 2\u0410 3\u044550+1\u044554, 6-1","amount":"0,01","amount_parts":"","unit":"\u043a\u043c","city":"\u041c\u043e\u0441\u043a\u0432\u0430","company_id":"8168","company_name":"\u041e\u041e\u041e \u00ab\u0422\u0435\u0445\u043d\u043e\u043a\u0430\u0431\u0435\u043b\u044c \u041c\u00bb \u041c\u043e\u0441\u043a\u0432\u0430"},{"name":"\u0421\u0418\u041f 2\u0410 4\u044516","amount":"0,228","amount_parts":"","unit":"\u043a\u043c","city":"\u041f\u0435\u0440\u043c\u044c","company_id":"17640","company_name":"\u041e\u041e\u041e \"\u0415\u0432\u0440\u043e\u0441\u0442\u0440\u043e\u0439\""},{"name":"\u0421\u0418\u041f 2\u0410 4\u044516","amount":"0,093","amount_parts":"","unit":"\u043a\u043c","city":"\u041f\u0435\u0440\u043c\u044c","company_id":"10969","company_name":"\u041e\u041e\u041e \u0410\u0428\u0422\u0420\u0415\u0412\u0415\u041b"},{"name":"\u0421\u0418\u041f 2\u0410 4\u044516","amount":"0,228","amount_parts":"","unit":"\u043a\u043c","city":"\u041f\u0435\u0440\u043c\u044c","company_id":"3601","company_name":"\u041e\u041e\u041e \"\u0422\u041c\u041a-\u042d\u041d\u0415\u0420\u0413\u041e\""},{"name":"\u0421\u0418\u041f 2\u044516 \u0441\u0430\u043c\u043e\u043d\u0435\u0441\u0443\u0449\u0438\u0439 \u0438\u0437\u043e\u043b\u0438\u0440\u043e\u0432\u0430\u043d\u043d\u044b\u0439","amount":"40","amount_parts":"","unit":"\u043a\u043c","city":"\u0421\u0430\u043d\u043a\u0442-\u041f\u0435\u0442\u0435\u0440\u0431\u0443\u0440\u0433","company_id":"16031","company_name":"\u041e\u041e\u041e \u0412\u0435\u0440\u043a\u043e\u043d"},{"name":"\u0421\u0418\u041f 3\u044525+1\u044554,6","amount":"0,4","amount_parts":"","unit":"\u043a\u043c","city":"\u041c\u043e\u0441\u043a\u0432\u0430","company_id":"15976","company_name":"\u041e\u041e\u041e \u041a\u0430\u0431\u0435\u043b\u044c\u043d\u0430\u044f \u043a\u043e\u043c\u043f\u0430\u043d\u0438\u044f \u042d\u0420\u041c\u0410\u041d\u041e"},{"name":"\u0421\u0418\u041f 3\u044550+54,6","amount":"0,016","amount_parts":"","unit":"\u043a\u043c","city":"\u041a\u0440\u0430\u0441\u043d\u043e\u0434\u0430\u0440","company_id":"13148","company_name":"\u041e\u041e\u041e \u0418\u043d\u0442\u0435\u0440\u043a\u043e\u043c"},{"name":"\u0421\u0418\u041f 3\u044570+70","amount":"0,048","amount_parts":"","unit":"\u043a\u043c","city":"\u041a\u0440\u0430\u0441\u043d\u043e\u0434\u0430\u0440","company_id":"13148","company_name":"\u041e\u041e\u041e \u0418\u043d\u0442\u0435\u0440\u043a\u043e\u043c"},{"name":"\u0421\u0418\u041f 4\u044516 \u0441\u0430\u043c\u043e\u043d\u0435\u0441\u0443\u0449\u0438\u0439 \u0438\u0437\u043e\u043b\u0438\u0440\u043e\u0432\u0430\u043d\u043d\u044b\u0439","amount":"40","amount_parts":"","unit":"\u043a\u043c","city":"\u0421\u0430\u043d\u043a\u0442-\u041f\u0435\u0442\u0435\u0440\u0431\u0443\u0440\u0433","company_id":"16031","company_name":"\u041e\u041e\u041e \u0412\u0435\u0440\u043a\u043e\u043d"},{"name":"\u0421\u0418\u041f 4\u044570","amount":"0,257","amount_parts":"","unit":"\u043a\u043c","city":"\u041f\u0435\u0440\u043c\u044c","company_id":"11082","company_name":"\u041e\u041e\u041e \u0421\u0442\u0440\u043e\u0439\u043a\u0430\u0431\u0435\u043b\u044c"},{"name":"\u0421\u0418\u041f \u0421 4 4\u044595","amount":"0,38","amount_parts":"","unit":"\u043a\u043c","city":"\u0421\u0430\u043d\u043a\u0442-\u041f\u0435\u0442\u0435\u0440\u0431\u0443\u0440\u0433","company_id":"8391","company_name":"\u041e\u041e\u041e \u0421\u041a\u041a"},{"name":"\u0421\u0418\u041f-1 3\u044516+1\u044525","amount":"0,114","amount_parts":"","unit":"\u043a\u043c","city":"\u041f\u0430\u0432\u043b\u043e\u0434\u0430\u0440","company_id":"7464","company_name":"\u0410\u041e \"\u041a\u0430\u0437\u044d\u043d\u0435\u0440\u0433\u043e\u043a\u0430\u0431\u0435\u043b\u044c\""},{"name":"\u0421\u0418\u041f-1 3\u044535+ 1\u044550-0,6\/1","amount":"0,25","amount_parts":"","unit":"\u043a\u043c","city":"\u0425\u0430\u0431\u0430\u0440\u043e\u0432\u0441\u043a","company_id":"4556","company_name":"\u041e\u0410\u041e \u0410\u043c\u0443\u0440\u0441\u043a\u0438\u0439 \u043a\u0430\u0431\u0435\u043b\u044c\u043d\u044b\u0439 \u0437\u0430\u0432\u043e\u0434"},{"name":"\u0421\u0418\u041f-1 3\u044550+1\u044550","amount":"0,002","amount_parts":"","unit":"\u043a\u043c","city":"\u041f\u0430\u0432\u043b\u043e\u0434\u0430\u0440","company_id":"7464","company_name":"\u0410\u041e \"\u041a\u0430\u0437\u044d\u043d\u0435\u0440\u0433\u043e\u043a\u0430\u0431\u0435\u043b\u044c\""},{"name":"\u0421\u0418\u041f-1 3\u044550+1\u044570","amount":"0,876","amount_parts":"","unit":"\u043a\u043c","city":"\u0410\u0440\u0445\u0430\u043d\u0433\u0435\u043b\u044c\u0441\u043a","company_id":"20371","company_name":"\u041e\u041e\u041e \u042d\u043d\u0435\u0440\u0433\u043e\u0440\u0435\u0441\u0443\u0440\u0441"},{"name":"\u0421\u0418\u041f-1 3\u044570+1\u044570","amount":"2,127","amount_parts":"0,1; 0,374; 0,063; 0,86; 0,73; ","unit":"\u043a\u043c","city":"\u041f\u0435\u0440\u043c\u044c","company_id":"17640","company_name":"\u041e\u041e\u041e \"\u0415\u0432\u0440\u043e\u0441\u0442\u0440\u043e\u0439\""},{"name":"\u0421\u0418\u041f-1 3\u044570+1\u044570","amount":"2,455","amount_parts":"0,12; 0,723; 0,853; 0,703; 0,056; ","unit":"\u043a\u043c","city":"\u041f\u0435\u0440\u043c\u044c","company_id":"10969","company_name":"\u041e\u041e\u041e \u0410\u0428\u0422\u0420\u0415\u0412\u0415\u041b"}],"performedDatetime":"2014-05-07T09:55:09Z","authStatus":"0","accessDateEnd":"2014-10-10"}
=====
Query:
performedDatetime: 2014-05-07 09:55:13  0000
action: get_company_data
sklad_user: scand
appleId: 9AD73621-D61A-415E-956C-8F3715F44377
sklad_hash: 4af9991ec88dc5f3b44b6bf244126d8d
company_id: 8168

=====
Response:
{"action":"get_company_data","code":0,"data":{"company_id":8168,"title":"\u041e\u041e\u041e \u00ab\u0422\u0435\u0445\u043d\u043e\u043a\u0430\u0431\u0435\u043b\u044c \u041c\u00bb \u041c\u043e\u0441\u043a\u0432\u0430","city":"\u041c\u043e\u0441\u043a\u0432\u0430","address":"117513, \u0433. \u041c\u043e\u0441\u043a\u0432\u0430, \u041b\u0435\u043d\u0438\u043d\u0441\u043a\u0438\u0439 \u043f\u0440\u043e\u0441\u043f\u0435\u043a\u0442, \u0434. 121\/1, \u043a\u043e\u0440\u043f.2","phone":"(495) 781-06-11","email":"amosova@tmet.ru","url":"http:\/\/www.cabletm.ru ","contact":"\u0410\u043c\u043e\u0441\u043e\u0432\u0430 \u041d\u0430\u0442\u0430\u043b\u044c\u044f \u042e\u0440\u044c\u0435\u0432\u043d\u0430","goods_count":"1459","last_update":"28.04.2014"},"performedDatetime":"2014-05-07T09:55:14Z","authStatus":"0","accessDateEnd":"2014-10-10"}
=====
Query:
performedDatetime: 2014-05-07 09:55:16  0000
action: get_company_data
sklad_user: scand
appleId: 9AD73621-D61A-415E-956C-8F3715F44377
sklad_hash: 4af9991ec88dc5f3b44b6bf244126d8d
company_id: 16031

=====
Response:
{"action":"get_company_data","code":0,"data":{"company_id":16031,"title":"\u041e\u041e\u041e \u0412\u0435\u0440\u043a\u043e\u043d","city":"\u0421\u0430\u043d\u043a\u0442-\u041f\u0435\u0442\u0435\u0440\u0431\u0443\u0440\u0433","address":"198152, \u0433. \u0421\u0430\u043d\u043a\u0442-\u041f\u0435\u0442\u0435\u0440\u0431\u0443\u0440\u0433, \u041a\u0440\u0430\u0441\u043d\u043e\u043f\u0443\u0442\u0438\u043b\u043e\u0432\u0441\u043a\u0430\u044f \u0443\u043b. 67","phone":"+7-812-716-3338","email":"BEPKOH@GMAIL.COM","url":"http:\/\/www.verkkon.net","contact":"\u041a\u043e\u043c\u043f\u0430\u043d\u0438\u044f \u0412\u0435\u0440\u043a\u043e\u043d","goods_count":"56","last_update":"05.05.2014"},"performedDatetime":"2014-05-07T09:55:17Z","authStatus":"0","accessDateEnd":"2014-10-10"}
=====
Query:
performedDatetime: 2014-05-07 09:55:18  0000
action: get_company_data
sklad_user: scand
appleId: 9AD73621-D61A-415E-956C-8F3715F44377
sklad_hash: 4af9991ec88dc5f3b44b6bf244126d8d
company_id: 10969

=====
Response:
{"action":"get_company_data","code":0,"data":{"company_id":10969,"title":"\u041e\u041e\u041e \u0410\u0428\u0422\u0420\u0415\u0412\u0415\u041b","city":"\u041f\u0435\u0440\u043c\u044c","address":"614038 ","phone":"79097307648","email":"info@ashtrevel.ru","url":"http:\/\/ashtrevel.ru\/","contact":"\u0410\u043d\u0434\u0440\u0435\u0439","goods_count":"973","last_update":"22.04.2014"},"performedDatetime":"2014-05-07T09:55:18Z","authStatus":"0","accessDateEnd":"2014-10-10"}
=====
Query:
performedDatetime: 2014-05-07 09:55:19  0000
action: get_company_data
sklad_user: scand
appleId: 9AD73621-D61A-415E-956C-8F3715F44377
sklad_hash: 4af9991ec88dc5f3b44b6bf244126d8d
company_id: 17640

=====
Response:
{"action":"get_company_data","code":0,"data":{"company_id":17640,"title":"\u041e\u041e\u041e \"\u0415\u0432\u0440\u043e\u0441\u0442\u0440\u043e\u0439\"","city":"\u041f\u0435\u0440\u043c\u044c","address":"614000, \u0433. \u041f\u0435\u0440\u043c\u044c, \u0443\u043b. \u041b\u0443\u043d\u0430\u0447\u0430\u0440\u0441\u043a\u043e\u0433\u043e, 3\/2, \u043e\u0444 403\u0411","phone":"(342) 207-10-20 \u0434\u043e\u0431 102, 8 922 641-75-50","email":"marat.t@evrostroy.pro, marat_chus@bk.ru","contact":"\u0422\u044e\u0442\u0438\u043d \u041c\u0430\u0440\u0430\u0442","goods_count":"1079","last_update":"29.04.2014"},"performedDatetime":"2014-05-07T09:55:19Z","authStatus":"0","accessDateEnd":"2014-10-10"}
=====
Query:
performedDatetime: 2014-05-07 09:55:20  0000
action: get_company_data
sklad_user: scand
appleId: 9AD73621-D61A-415E-956C-8F3715F44377
sklad_hash: 4af9991ec88dc5f3b44b6bf244126d8d
company_id: 8168

=====
Response:
{"action":"get_company_data","code":0,"data":{"company_id":8168,"title":"\u041e\u041e\u041e \u00ab\u0422\u0435\u0445\u043d\u043e\u043a\u0430\u0431\u0435\u043b\u044c \u041c\u00bb \u041c\u043e\u0441\u043a\u0432\u0430","city":"\u041c\u043e\u0441\u043a\u0432\u0430","address":"117513, \u0433. \u041c\u043e\u0441\u043a\u0432\u0430, \u041b\u0435\u043d\u0438\u043d\u0441\u043a\u0438\u0439 \u043f\u0440\u043e\u0441\u043f\u0435\u043a\u0442, \u0434. 121\/1, \u043a\u043e\u0440\u043f.2","phone":"(495) 781-06-11","email":"amosova@tmet.ru","url":"http:\/\/www.cabletm.ru ","contact":"\u0410\u043c\u043e\u0441\u043e\u0432\u0430 \u041d\u0430\u0442\u0430\u043b\u044c\u044f \u042e\u0440\u044c\u0435\u0432\u043d\u0430","goods_count":"1459","last_update":"28.04.2014"},"performedDatetime":"2014-05-07T09:55:20Z","authStatus":"0","accessDateEnd":"2014-10-10"}
=====
Query:
performedDatetime: 2014-05-07 09:55:20  0000
action: get_company_data
sklad_user: scand
appleId: 9AD73621-D61A-415E-956C-8F3715F44377
sklad_hash: 4af9991ec88dc5f3b44b6bf244126d8d
company_id: 19425

=====
Response:
{"action":"get_company_data","code":0,"data":{"company_id":19425,"title":"\u041e\u0410\u041e \"\u041f\u0441\u043a\u043e\u0432\u0441\u043a\u0438\u0439 \u043a\u0430\u0431\u0435\u043b\u044c\u043d\u044b\u0439 \u0437\u0430\u0432\u043e\u0434\"","city":"\u0412\u043e\u043b\u043e\u0433\u0434\u0430","address":"180006, \u0433. \u041f\u0441\u043a\u043e\u0432, \u0443\u043b. \u0410\u043b\u043c\u0430\u0437\u043d\u0430\u044f, \u0434. 3","phone":"89532388017","email":"kuvshinov@tmet.ru","url":"http:\/\/www.pskovkabel.ru\/","contact":"\u0415\u0432\u0433\u0435\u043d\u0438\u0439","goods_count":"1068","last_update":"28.04.2014"},"performedDatetime":"2014-05-07T09:55:21Z","authStatus":"0","accessDateEnd":"2014-10-10"}
=====
Query:
performedDatetime: 2014-05-07 09:55:21  0000
action: get_company_data
sklad_user: scand
appleId: 9AD73621-D61A-415E-956C-8F3715F44377
sklad_hash: 4af9991ec88dc5f3b44b6bf244126d8d
company_id: 8168

=====
Response:
{"action":"get_company_data","code":0,"data":{"company_id":8168,"title":"\u041e\u041e\u041e \u00ab\u0422\u0435\u0445\u043d\u043e\u043a\u0430\u0431\u0435\u043b\u044c \u041c\u00bb \u041c\u043e\u0441\u043a\u0432\u0430","city":"\u041c\u043e\u0441\u043a\u0432\u0430","address":"117513, \u0433. \u041c\u043e\u0441\u043a\u0432\u0430, \u041b\u0435\u043d\u0438\u043d\u0441\u043a\u0438\u0439 \u043f\u0440\u043e\u0441\u043f\u0435\u043a\u0442, \u0434. 121\/1, \u043a\u043e\u0440\u043f.2","phone":"(495) 781-06-11","email":"amosova@tmet.ru","url":"http:\/\/www.cabletm.ru ","contact":"\u0410\u043c\u043e\u0441\u043e\u0432\u0430 \u041d\u0430\u0442\u0430\u043b\u044c\u044f \u042e\u0440\u044c\u0435\u0432\u043d\u0430","goods_count":"1459","last_update":"28.04.2014"},"performedDatetime":"2014-05-07T09:55:22Z","authStatus":"0","accessDateEnd":"2014-10-10"}
=====
Query:
performedDatetime: 2014-05-07 09:55:30  0000
action: get_company_data
sklad_user: scand
appleId: 9AD73621-D61A-415E-956C-8F3715F44377
sklad_hash: 4af9991ec88dc5f3b44b6bf244126d8d
company_id: 8168

=====
Response:
{"action":"get_company_data","code":0,"data":{"company_id":8168,"title":"\u041e\u041e\u041e \u00ab\u0422\u0435\u0445\u043d\u043e\u043a\u0430\u0431\u0435\u043b\u044c \u041c\u00bb \u041c\u043e\u0441\u043a\u0432\u0430","city":"\u041c\u043e\u0441\u043a\u0432\u0430","address":"117513, \u0433. \u041c\u043e\u0441\u043a\u0432\u0430, \u041b\u0435\u043d\u0438\u043d\u0441\u043a\u0438\u0439 \u043f\u0440\u043e\u0441\u043f\u0435\u043a\u0442, \u0434. 121\/1, \u043a\u043e\u0440\u043f.2","phone":"(495) 781-06-11","email":"amosova@tmet.ru","url":"http:\/\/www.cabletm.ru ","contact":"\u0410\u043c\u043e\u0441\u043e\u0432\u0430 \u041d\u0430\u0442\u0430\u043b\u044c\u044f \u042e\u0440\u044c\u0435\u0432\u043d\u0430","goods_count":"1459","last_update":"28.04.2014"},"performedDatetime":"2014-05-07T09:55:30Z","authStatus":"0","accessDateEnd":"2014-10-10"}
=====
Query:
performedDatetime: 2014-05-07 09:55:32  0000
action: get_company_data
sklad_user: scand
appleId: 9AD73621-D61A-415E-956C-8F3715F44377
sklad_hash: 4af9991ec88dc5f3b44b6bf244126d8d
company_id: 8168

=====
Response:
{"action":"get_company_data","code":0,"data":{"company_id":8168,"title":"\u041e\u041e\u041e \u00ab\u0422\u0435\u0445\u043d\u043e\u043a\u0430\u0431\u0435\u043b\u044c \u041c\u00bb \u041c\u043e\u0441\u043a\u0432\u0430","city":"\u041c\u043e\u0441\u043a\u0432\u0430","address":"117513, \u0433. \u041c\u043e\u0441\u043a\u0432\u0430, \u041b\u0435\u043d\u0438\u043d\u0441\u043a\u0438\u0439 \u043f\u0440\u043e\u0441\u043f\u0435\u043a\u0442, \u0434. 121\/1, \u043a\u043e\u0440\u043f.2","phone":"(495) 781-06-11","email":"amosova@tmet.ru","url":"http:\/\/www.cabletm.ru ","contact":"\u0410\u043c\u043e\u0441\u043e\u0432\u0430 \u041d\u0430\u0442\u0430\u043b\u044c\u044f \u042e\u0440\u044c\u0435\u0432\u043d\u0430","goods_count":"1459","last_update":"28.04.2014"},"performedDatetime":"2014-05-07T09:55:32Z","authStatus":"0","accessDateEnd":"2014-10-10"}
=====
Query:
performedDatetime: 2014-05-07 09:56:34  0000
action: get_company_data
sklad_user: scand
appleId: 9AD73621-D61A-415E-956C-8F3715F44377
sklad_hash: 4af9991ec88dc5f3b44b6bf244126d8d
company_id: 8168

=====
Response:
{"action":"get_company_data","code":0,"data":{"company_id":8168,"title":"\u041e\u041e\u041e \u00ab\u0422\u0435\u0445\u043d\u043e\u043a\u0430\u0431\u0435\u043b\u044c \u041c\u00bb \u041c\u043e\u0441\u043a\u0432\u0430","city":"\u041c\u043e\u0441\u043a\u0432\u0430","address":"117513, \u0433. \u041c\u043e\u0441\u043a\u0432\u0430, \u041b\u0435\u043d\u0438\u043d\u0441\u043a\u0438\u0439 \u043f\u0440\u043e\u0441\u043f\u0435\u043a\u0442, \u0434. 121\/1, \u043a\u043e\u0440\u043f.2","phone":"(495) 781-06-11","email":"amosova@tmet.ru","url":"http:\/\/www.cabletm.ru ","contact":"\u0410\u043c\u043e\u0441\u043e\u0432\u0430 \u041d\u0430\u0442\u0430\u043b\u044c\u044f \u042e\u0440\u044c\u0435\u0432\u043d\u0430","goods_count":"1459","last_update":"28.04.2014"},"performedDatetime":"2014-05-07T09:56:34Z","authStatus":"0","accessDateEnd":"2014-10-10"}
=====
Query:
performedDatetime: 2014-05-07 09:56:38  0000
action: get_company_data
sklad_user: scand
appleId: 9AD73621-D61A-415E-956C-8F3715F44377
sklad_hash: 4af9991ec88dc5f3b44b6bf244126d8d
company_id: 8168

=====
Response:
{"action":"get_company_data","code":0,"data":{"company_id":8168,"title":"\u041e\u041e\u041e \u00ab\u0422\u0435\u0445\u043d\u043e\u043a\u0430\u0431\u0435\u043b\u044c \u041c\u00bb \u041c\u043e\u0441\u043a\u0432\u0430","city":"\u041c\u043e\u0441\u043a\u0432\u0430","address":"117513, \u0433. \u041c\u043e\u0441\u043a\u0432\u0430, \u041b\u0435\u043d\u0438\u043d\u0441\u043a\u0438\u0439 \u043f\u0440\u043e\u0441\u043f\u0435\u043a\u0442, \u0434. 121\/1, \u043a\u043e\u0440\u043f.2","phone":"(495) 781-06-11","email":"amosova@tmet.ru","url":"http:\/\/www.cabletm.ru ","contact":"\u0410\u043c\u043e\u0441\u043e\u0432\u0430 \u041d\u0430\u0442\u0430\u043b\u044c\u044f \u042e\u0440\u044c\u0435\u0432\u043d\u0430","goods_count":"1459","last_update":"28.04.2014"},"performedDatetime":"2014-05-07T09:56:38Z","authStatus":"0","accessDateEnd":"2014-10-10"}
=====
Query:
performedDatetime: 2014-05-07 10:00:24  0000
action: check_user_rights
sklad_user: scand
appleId: 9AD73621-D61A-415E-956C-8F3715F44377
sklad_hash: 4af9991ec88dc5f3b44b6bf244126d8d

=====
Response:
{"action":"check_user_rights","code":0,"performedDatetime":"2014-05-07T10:00:25Z","authStatus":"0","accessDateEnd":"2014-10-10"}
=====
Query:
performedDatetime: 2014-05-07 10:14:43  0000
action: get_goods_data
sklad_user: scand
appleId: 9AD73621-D61A-415E-956C-8F3715F44377
sklad_hash: 4af9991ec88dc5f3b44b6bf244126d8d
searchTerm: Ввг
resultsFrom: 0
sort: 0
cityFilter: 

=====
Response:
{"action":"get_goods_data","searchTerm":"\u0412\u0432\u0433","resultsFrom":0,"sort":0,"cityFilter":"","code":0,"resultsCount":"12078","data":[{"name":"NYCWY 0,6\/1\u043a\u0412 3\u044510RE10 - \u0412\u0412\u0413\u042d 3\u044510\/10","amount":"0,246","amount_parts":"","unit":"\u043a\u043c","city":"\u0415\u043a\u0430\u0442\u0435\u0440\u0438\u043d\u0431\u0443\u0440\u0433","company_id":"8500","company_name":"\u041e\u041e\u041e \u041c\u0435\u0436\u0440\u0435\u0433\u0438\u043e\u043d\u0430\u043b\u044c\u043d\u0430\u044f \u043a\u0430\u0431\u0435\u043b\u044c\u043d\u0430\u044f \u043a\u043e\u043c\u043f\u0430\u043d\u0438\u044f"},{"name":"\u0412\u0412\u0413 (\u0431\u0435\u043b) 1\u044510","amount":"0,045","amount_parts":"","unit":"\u043a\u043c","city":"\u041c\u043e\u0441\u043a\u0432\u0430","company_id":"22444","company_name":"\u041e\u041e\u041e \u0422-\u0422\u041e\u0420\u0413 \u0441\u043d\u0430\u0431\u0436\u0435\u043d\u0438\u0435"},{"name":"\u0412\u0412\u0413 (\u0431\u0435\u043b) 1\u0445185","amount":"0,115","amount_parts":"","unit":"\u043a\u043c","city":"\u041c\u043e\u0441\u043a\u0432\u0430","company_id":"22444","company_name":"\u041e\u041e\u041e \u0422-\u0422\u041e\u0420\u0413 \u0441\u043d\u0430\u0431\u0436\u0435\u043d\u0438\u0435"},{"name":"\u0412\u0412\u0413 (\u043c\u043d) 1\u044595","amount":"0,055","amount_parts":"","unit":"\u043a\u043c","city":"\u041c\u043e\u0441\u043a\u0432\u0430","company_id":"22444","company_name":"\u041e\u041e\u041e \u0422-\u0422\u041e\u0420\u0413 \u0441\u043d\u0430\u0431\u0436\u0435\u043d\u0438\u0435"},{"name":"\u0412\u0412\u0413 (\u043c\u043d) 3\u044550+1\u044525","amount":"0,038","amount_parts":"","unit":"\u043a\u043c","city":"\u041c\u043e\u0441\u043a\u0432\u0430","company_id":"22444","company_name":"\u041e\u041e\u041e \u0422-\u0422\u041e\u0420\u0413 \u0441\u043d\u0430\u0431\u0436\u0435\u043d\u0438\u0435"},{"name":"\u0412\u0412\u0413 (\u043c\u043d) 3\u044595","amount":"0,088","amount_parts":"","unit":"\u043a\u043c","city":"\u041c\u043e\u0441\u043a\u0432\u0430","company_id":"22444","company_name":"\u041e\u041e\u041e \u0422-\u0422\u041e\u0420\u0413 \u0441\u043d\u0430\u0431\u0436\u0435\u043d\u0438\u0435"},{"name":"\u0412\u0412\u0413 (\u043c\u043d) 4\u044525","amount":"0,292","amount_parts":"0,183; 0,109; ","unit":"\u043a\u043c","city":"\u041c\u043e\u0441\u043a\u0432\u0430","company_id":"22444","company_name":"\u041e\u041e\u041e \u0422-\u0422\u041e\u0420\u0413 \u0441\u043d\u0430\u0431\u0436\u0435\u043d\u0438\u0435"},{"name":"\u0412\u0412\u0413 (\u043c\u043d) 5\u0445150","amount":"0,091","amount_parts":"","unit":"\u043a\u043c","city":"\u041c\u043e\u0441\u043a\u0432\u0430","company_id":"22444","company_name":"\u041e\u041e\u041e \u0422-\u0422\u041e\u0420\u0413 \u0441\u043d\u0430\u0431\u0436\u0435\u043d\u0438\u0435"},{"name":"\u0412\u0412\u0413 (\u043c\u043d) 5\u044525","amount":"0,014","amount_parts":"","unit":"\u043a\u043c","city":"\u041c\u043e\u0441\u043a\u0432\u0430","company_id":"22444","company_name":"\u041e\u041e\u041e \u0422-\u0422\u041e\u0420\u0413 \u0441\u043d\u0430\u0431\u0436\u0435\u043d\u0438\u0435"},{"name":"\u0412\u0412\u0413 (\u043c\u043d) 5\u044595","amount":"0,105","amount_parts":"0,075; 0,03; ","unit":"\u043a\u043c","city":"\u041c\u043e\u0441\u043a\u0432\u0430","company_id":"22444","company_name":"\u041e\u041e\u041e \u0422-\u0422\u041e\u0420\u0413 \u0441\u043d\u0430\u0431\u0436\u0435\u043d\u0438\u0435"},{"name":"\u0412\u0412\u0413 (\u043e\u0436) 1\u044510","amount":"0,96","amount_parts":"","unit":"\u043a\u043c","city":"\u041c\u043e\u0441\u043a\u0432\u0430","company_id":"22444","company_name":"\u041e\u041e\u041e \u0422-\u0422\u041e\u0420\u0413 \u0441\u043d\u0430\u0431\u0436\u0435\u043d\u0438\u0435"},{"name":"\u0412\u0412\u0413 (\u043e\u0436) 1\u044525","amount":"0,109","amount_parts":"","unit":"\u043a\u043c","city":"\u041c\u043e\u0441\u043a\u0432\u0430","company_id":"22444","company_name":"\u041e\u041e\u041e \u0422-\u0422\u041e\u0420\u0413 \u0441\u043d\u0430\u0431\u0436\u0435\u043d\u0438\u0435"},{"name":"\u0412\u0412\u0413 (\u043e\u0436) 1\u044535","amount":"0,206","amount_parts":"","unit":"\u043a\u043c","city":"\u041c\u043e\u0441\u043a\u0432\u0430","company_id":"22444","company_name":"\u041e\u041e\u041e \u0422-\u0422\u041e\u0420\u0413 \u0441\u043d\u0430\u0431\u0436\u0435\u043d\u0438\u0435"},{"name":"\u0412\u0412\u0413 (\u043e\u0436) 3\u044510","amount":"1,539","amount_parts":"1,515; 0,024; ","unit":"\u043a\u043c","city":"\u041c\u043e\u0441\u043a\u0432\u0430","company_id":"22444","company_name":"\u041e\u041e\u041e \u0422-\u0422\u041e\u0420\u0413 \u0441\u043d\u0430\u0431\u0436\u0435\u043d\u0438\u0435"},{"name":"\u0412\u0412\u0413 (\u043e\u0436) 3\u044516","amount":"0,032","amount_parts":"","unit":"\u043a\u043c","city":"\u041c\u043e\u0441\u043a\u0432\u0430","company_id":"22444","company_name":"\u041e\u041e\u041e \u0422-\u0422\u041e\u0420\u0413 \u0441\u043d\u0430\u0431\u0436\u0435\u043d\u0438\u0435"},{"name":"\u0412\u0412\u0413 (\u043e\u0436) 3\u044525+1\u044510","amount":"0,019","amount_parts":"","unit":"\u043a\u043c","city":"\u041c\u043e\u0441\u043a\u0432\u0430","company_id":"22444","company_name":"\u041e\u041e\u041e \u0422-\u0422\u041e\u0420\u0413 \u0441\u043d\u0430\u0431\u0436\u0435\u043d\u0438\u0435"},{"name":"\u0412\u0412\u0413 (\u043e\u0436) 3\u044535+1\u044516","amount":"1,194","amount_parts":"0,991; 0,123; 0,08; ","unit":"\u043a\u043c","city":"\u041c\u043e\u0441\u043a\u0432\u0430","company_id":"22444","company_name":"\u041e\u041e\u041e \u0422-\u0422\u041e\u0420\u0413 \u0441\u043d\u0430\u0431\u0436\u0435\u043d\u0438\u0435"},{"name":"\u0412\u0412\u0413 (\u043e\u0436) 4\u04451,5","amount":"0,096","amount_parts":"0,046; 0,033; 0,017; ","unit":"\u043a\u043c","city":"\u041c\u043e\u0441\u043a\u0432\u0430","company_id":"22444","company_name":"\u041e\u041e\u041e \u0422-\u0422\u041e\u0420\u0413 \u0441\u043d\u0430\u0431\u0436\u0435\u043d\u0438\u0435"},{"name":"\u0412\u0412\u0413 (\u043e\u0436) 4\u044516","amount":"0,155","amount_parts":"","unit":"\u043a\u043c","city":"\u041c\u043e\u0441\u043a\u0432\u0430","company_id":"22444","company_name":"\u041e\u041e\u041e \u0422-\u0422\u041e\u0420\u0413 \u0441\u043d\u0430\u0431\u0436\u0435\u043d\u0438\u0435"},{"name":"\u0412\u0412\u0413 (\u043e\u0436) 4\u044525","amount":"2,008","amount_parts":"","unit":"\u043a\u043c","city":"\u041c\u043e\u0441\u043a\u0432\u0430","company_id":"22444","company_name":"\u041e\u041e\u041e \u0422-\u0422\u041e\u0420\u0413 \u0441\u043d\u0430\u0431\u0436\u0435\u043d\u0438\u0435"}],"performedDatetime":"2014-05-07T10:14:43Z","authStatus":"0","accessDateEnd":"2014-10-10"}
=====
Query:
performedDatetime: 2014-05-07 10:14:49  0000
action: get_goods_data
sklad_user: scand
appleId: 9AD73621-D61A-415E-956C-8F3715F44377
sklad_hash: 4af9991ec88dc5f3b44b6bf244126d8d
searchTerm: Ввг
resultsFrom: 1
sort: 0
cityFilter: 

=====
Response:
{"action":"get_goods_data","searchTerm":"\u0412\u0432\u0433","resultsFrom":1,"sort":0,"cityFilter":"","code":0,"resultsCount":"12078","data":[{"name":"\u0412\u0412\u0413 (\u0431\u0435\u043b) 1\u044510","amount":"0,045","amount_parts":"","unit":"\u043a\u043c","city":"\u041c\u043e\u0441\u043a\u0432\u0430","company_id":"22444","company_name":"\u041e\u041e\u041e \u0422-\u0422\u041e\u0420\u0413 \u0441\u043d\u0430\u0431\u0436\u0435\u043d\u0438\u0435"},{"name":"\u0412\u0412\u0413 (\u0431\u0435\u043b) 1\u0445185","amount":"0,115","amount_parts":"","unit":"\u043a\u043c","city":"\u041c\u043e\u0441\u043a\u0432\u0430","company_id":"22444","company_name":"\u041e\u041e\u041e \u0422-\u0422\u041e\u0420\u0413 \u0441\u043d\u0430\u0431\u0436\u0435\u043d\u0438\u0435"},{"name":"\u0412\u0412\u0413 (\u043c\u043d) 1\u044595","amount":"0,055","amount_parts":"","unit":"\u043a\u043c","city":"\u041c\u043e\u0441\u043a\u0432\u0430","company_id":"22444","company_name":"\u041e\u041e\u041e \u0422-\u0422\u041e\u0420\u0413 \u0441\u043d\u0430\u0431\u0436\u0435\u043d\u0438\u0435"},{"name":"\u0412\u0412\u0413 (\u043c\u043d) 3\u044550+1\u044525","amount":"0,038","amount_parts":"","unit":"\u043a\u043c","city":"\u041c\u043e\u0441\u043a\u0432\u0430","company_id":"22444","company_name":"\u041e\u041e\u041e \u0422-\u0422\u041e\u0420\u0413 \u0441\u043d\u0430\u0431\u0436\u0435\u043d\u0438\u0435"},{"name":"\u0412\u0412\u0413 (\u043c\u043d) 3\u044595","amount":"0,088","amount_parts":"","unit":"\u043a\u043c","city":"\u041c\u043e\u0441\u043a\u0432\u0430","company_id":"22444","company_name":"\u041e\u041e\u041e \u0422-\u0422\u041e\u0420\u0413 \u0441\u043d\u0430\u0431\u0436\u0435\u043d\u0438\u0435"},{"name":"\u0412\u0412\u0413 (\u043c\u043d) 4\u044525","amount":"0,292","amount_parts":"0,183; 0,109; ","unit":"\u043a\u043c","city":"\u041c\u043e\u0441\u043a\u0432\u0430","company_id":"22444","company_name":"\u041e\u041e\u041e \u0422-\u0422\u041e\u0420\u0413 \u0441\u043d\u0430\u0431\u0436\u0435\u043d\u0438\u0435"},{"name":"\u0412\u0412\u0413 (\u043c\u043d) 5\u0445150","amount":"0,091","amount_parts":"","unit":"\u043a\u043c","city":"\u041c\u043e\u0441\u043a\u0432\u0430","company_id":"22444","company_name":"\u041e\u041e\u041e \u0422-\u0422\u041e\u0420\u0413 \u0441\u043d\u0430\u0431\u0436\u0435\u043d\u0438\u0435"},{"name":"\u0412\u0412\u0413 (\u043c\u043d) 5\u044525","amount":"0,014","amount_parts":"","unit":"\u043a\u043c","city":"\u041c\u043e\u0441\u043a\u0432\u0430","company_id":"22444","company_name":"\u041e\u041e\u041e \u0422-\u0422\u041e\u0420\u0413 \u0441\u043d\u0430\u0431\u0436\u0435\u043d\u0438\u0435"},{"name":"\u0412\u0412\u0413 (\u043c\u043d) 5\u044595","amount":"0,105","amount_parts":"0,075; 0,03; ","unit":"\u043a\u043c","city":"\u041c\u043e\u0441\u043a\u0432\u0430","company_id":"22444","company_name":"\u041e\u041e\u041e \u0422-\u0422\u041e\u0420\u0413 \u0441\u043d\u0430\u0431\u0436\u0435\u043d\u0438\u0435"},{"name":"\u0412\u0412\u0413 (\u043e\u0436) 1\u044510","amount":"0,96","amount_parts":"","unit":"\u043a\u043c","city":"\u041c\u043e\u0441\u043a\u0432\u0430","company_id":"22444","company_name":"\u041e\u041e\u041e \u0422-\u0422\u041e\u0420\u0413 \u0441\u043d\u0430\u0431\u0436\u0435\u043d\u0438\u0435"},{"name":"\u0412\u0412\u0413 (\u043e\u0436) 1\u044525","amount":"0,109","amount_parts":"","unit":"\u043a\u043c","city":"\u041c\u043e\u0441\u043a\u0432\u0430","company_id":"22444","company_name":"\u041e\u041e\u041e \u0422-\u0422\u041e\u0420\u0413 \u0441\u043d\u0430\u0431\u0436\u0435\u043d\u0438\u0435"},{"name":"\u0412\u0412\u0413 (\u043e\u0436) 1\u044535","amount":"0,206","amount_parts":"","unit":"\u043a\u043c","city":"\u041c\u043e\u0441\u043a\u0432\u0430","company_id":"22444","company_name":"\u041e\u041e\u041e \u0422-\u0422\u041e\u0420\u0413 \u0441\u043d\u0430\u0431\u0436\u0435\u043d\u0438\u0435"},{"name":"\u0412\u0412\u0413 (\u043e\u0436) 3\u044510","amount":"1,539","amount_parts":"1,515; 0,024; ","unit":"\u043a\u043c","city":"\u041c\u043e\u0441\u043a\u0432\u0430","company_id":"22444","company_name":"\u041e\u041e\u041e \u0422-\u0422\u041e\u0420\u0413 \u0441\u043d\u0430\u0431\u0436\u0435\u043d\u0438\u0435"},{"name":"\u0412\u0412\u0413 (\u043e\u0436) 3\u044516","amount":"0,032","amount_parts":"","unit":"\u043a\u043c","city":"\u041c\u043e\u0441\u043a\u0432\u0430","company_id":"22444","company_name":"\u041e\u041e\u041e \u0422-\u0422\u041e\u0420\u0413 \u0441\u043d\u0430\u0431\u0436\u0435\u043d\u0438\u0435"},{"name":"\u0412\u0412\u0413 (\u043e\u0436) 3\u044525+1\u044510","amount":"0,019","amount_parts":"","unit":"\u043a\u043c","city":"\u041c\u043e\u0441\u043a\u0432\u0430","company_id":"22444","company_name":"\u041e\u041e\u041e \u0422-\u0422\u041e\u0420\u0413 \u0441\u043d\u0430\u0431\u0436\u0435\u043d\u0438\u0435"},{"name":"\u0412\u0412\u0413 (\u043e\u0436) 3\u044535+1\u044516","amount":"1,194","amount_parts":"0,991; 0,123; 0,08; ","unit":"\u043a\u043c","city":"\u041c\u043e\u0441\u043a\u0432\u0430","company_id":"22444","company_name":"\u041e\u041e\u041e \u0422-\u0422\u041e\u0420\u0413 \u0441\u043d\u0430\u0431\u0436\u0435\u043d\u0438\u0435"},{"name":"\u0412\u0412\u0413 (\u043e\u0436) 4\u04451,5","amount":"0,096","amount_parts":"0,046; 0,033; 0,017; ","unit":"\u043a\u043c","city":"\u041c\u043e\u0441\u043a\u0432\u0430","company_id":"22444","company_name":"\u041e\u041e\u041e \u0422-\u0422\u041e\u0420\u0413 \u0441\u043d\u0430\u0431\u0436\u0435\u043d\u0438\u0435"},{"name":"\u0412\u0412\u0413 (\u043e\u0436) 4\u044516","amount":"0,155","amount_parts":"","unit":"\u043a\u043c","city":"\u041c\u043e\u0441\u043a\u0432\u0430","company_id":"22444","company_name":"\u041e\u041e\u041e \u0422-\u0422\u041e\u0420\u0413 \u0441\u043d\u0430\u0431\u0436\u0435\u043d\u0438\u0435"},{"name":"\u0412\u0412\u0413 (\u043e\u0436) 4\u044525","amount":"2,008","amount_parts":"","unit":"\u043a\u043c","city":"\u041c\u043e\u0441\u043a\u0432\u0430","company_id":"22444","company_name":"\u041e\u041e\u041e \u0422-\u0422\u041e\u0420\u0413 \u0441\u043d\u0430\u0431\u0436\u0435\u043d\u0438\u0435"},{"name":"\u0412\u0412\u0413 (\u043e\u0436) 4\u044535","amount":"0,036","amount_parts":"","unit":"\u043a\u043c","city":"\u041c\u043e\u0441\u043a\u0432\u0430","company_id":"22444","company_name":"\u041e\u041e\u041e \u0422-\u0422\u041e\u0420\u0413 \u0441\u043d\u0430\u0431\u0436\u0435\u043d\u0438\u0435"}],"performedDatetime":"2014-05-07T10:14:50Z","authStatus":"0","accessDateEnd":"2014-10-10"}
=====
Query:
performedDatetime: 2014-05-07 10:14:52  0000
action: get_company_data
sklad_user: scand
appleId: 9AD73621-D61A-415E-956C-8F3715F44377
sklad_hash: 4af9991ec88dc5f3b44b6bf244126d8d
company_id: 22444

=====
Response:
{"action":"get_company_data","code":0,"data":{"company_id":22444,"title":"\u041e\u041e\u041e \u0422-\u0422\u041e\u0420\u0413 \u0441\u043d\u0430\u0431\u0436\u0435\u043d\u0438\u0435","city":"\u041c\u043e\u0441\u043a\u0432\u0430","address":"\u0433. \u041c\u043e\u0441\u043a\u0432\u0430, \u0443\u043b. \u041b\u044e\u0431\u043b\u0438\u043d\u0441\u043a\u0430\u044f, \u0434\u043e\u043c 4, \u043a\u043e\u0440\u043f\u0443\u0441 2","phone":"8(968)985-95-06","email":"pavel-84@russia.ru","contact":"\u0420\u0435\u0448\u0435\u0442\u043d\u0438\u043a\u043e\u0432 \u041f\u0430\u0432\u0435\u043b ","goods_count":"1366","last_update":"05.05.2014"},"performedDatetime":"2014-05-07T10:14:52Z","authStatus":"0","accessDateEnd":"2014-10-10"}
=====
