Query:
performedDatetime: 2014-09-12 05:12:05  0000
action: get_text

=====
Response:
{"action":"get_text","code":0,"data":"","performedDatetime":"2014-09-12T05:12:06Z","authStatus":"10"}
=====


q2: 
 auth: 0 
=====
Query:
performedDatetime: 2014-09-12 05:12:23  0000
action: get_goods_data
sklad_user: Гость
appleId: 6BCEC083-87BD-44FB-9F45-68D53E09BABF
sklad_hash: 4840db4e6d5a5ca1198e6f724a8e9515
searchTerm: Кмтвэвнг
resultsFrom: 0
sort: 0
cityFilter: 

=====
Response:
{"action":"get_goods_data","searchTerm":"\u041a\u043c\u0442\u0432\u044d\u0432\u043d\u0433","resultsFrom":0,"sort":0,"cityFilter":"","code":0,"resultsCount":"4","lastPage":1,"data":[{"name":"\u041a\u041c\u0422\u0412\u042d\u0412\u043d\u0433-\u0425\u0410 14\u04451.5","amount":"0,049","amount_parts":"","unit":"\u043a\u043c","city":"\u041f\u043e\u0434\u043e\u043b\u044c\u0441\u043a","company_id":"19603","company_name":"\u042d\u043a\u0441\u043f\u043e\u043a\u0430\u0431\u0435\u043b\u044c"},{"name":"\u041a\u041c\u0422\u0412\u042d\u0412\u043d\u0433-\u0425\u0410 24\u04451","amount":"0,111","amount_parts":"","unit":"\u043a\u043c","city":"\u041f\u043e\u0434\u043e\u043b\u044c\u0441\u043a","company_id":"19603","company_name":"\u042d\u043a\u0441\u043f\u043e\u043a\u0430\u0431\u0435\u043b\u044c"},{"name":"\u041a\u041c\u0422\u0412\u042d\u0412\u043d\u0433-\u0425\u0410 8\u04451.5","amount":"0,1","amount_parts":"","unit":"\u043a\u043c","city":"\u041f\u043e\u0434\u043e\u043b\u044c\u0441\u043a","company_id":"19603","company_name":"\u042d\u043a\u0441\u043f\u043e\u043a\u0430\u0431\u0435\u043b\u044c"},{"name":"\u041a\u041c\u0422\u0412\u042d\u0412\u043d\u0433-\u0425\u041a 14\u04452,5","amount":"0,02","amount_parts":"","unit":"\u043a\u043c","city":"\u041c\u043e\u0441\u043a\u0432\u0430","company_id":"310","company_name":"\u0411\u043e\u043b\u044c\u0448\u043e\u0439 \u0423\u0440\u0430\u043b"}],"performedDatetime":"2014-09-12T05:12:23Z","authStatus":"0","accessDateEnd":""}
=====

select s.id, s.comp_id, s.title, s.quant, s.unit_id, s.comments, s.city from
		sklad_tovar s where visible=1 and (title like 'Кмтвэвнг%' or title like '% Кмтвэвнг%') order by  s.title LIMIT 0, 20
q2: select count(id) from sklad_tovar s where visible=1 and (title like 'Кмтвэвнг%' or title like '% Кмтвэвнг%')
 auth: 100 
=====
Query:
performedDatetime: 2014-09-12 05:12:36  0000
action: get_goods_data
sklad_user: Гость
appleId: 6BCEC083-87BD-44FB-9F45-68D53E09BABF
sklad_hash: 4840db4e6d5a5ca1198e6f724a8e9515
searchTerm: Кмтвэв
resultsFrom: 0
sort: 0
cityFilter: 

=====
Response:
{"action":"get_goods_data","searchTerm":"\u041a\u043c\u0442\u0432\u044d\u0432","resultsFrom":0,"sort":0,"cityFilter":"","code":0,"resultsCount":"26","lastPage":0,"data":[{"name":"\u041a\u041c\u0422\u0412\u042d\u0412-\u041c 26\u04451,0","amount":"0,041","amount_parts":"","unit":"\u043a\u043c","city":"\u041f\u043e\u0434\u043e\u043b\u044c\u0441\u043a","company_id":"19603","company_name":"\u042d\u043a\u0441\u043f\u043e\u043a\u0430\u0431\u0435\u043b\u044c"},{"name":"\u041a\u041c\u0422\u0412\u042d\u0412-\u041c 26\u04251,5","amount":"0,147","amount_parts":"","unit":"\u043a\u043c","city":"\u041f\u0435\u0440\u043c\u044c","company_id":"13338","company_name":"\u041e\u041e\u041e \u042d\u0422\u041a \u042d\u043d\u0435\u0440\u0433\u043e\u043a\u043e\u043c\u043f\u043b\u0435\u043a\u0441"},{"name":"\u041a\u041c\u0422\u0412\u042d\u0412-\u041c 4\u04451+4\u04452,5","amount":"0,4","amount_parts":"","unit":"\u043a\u043c","city":"\u0421\u0430\u043c\u0430\u0440\u0430","company_id":"1126","company_name":"\u041e\u041e\u041e \u0413\u0430\u0440\u0430\u043d\u0442"},{"name":"\u041a\u041c\u0422\u0412\u042d\u0412-\u041c 8\u04451,5","amount":"0,085","amount_parts":"","unit":"\u043a\u043c","city":"\u041c\u043e\u0441\u043a\u0432\u0430","company_id":"310","company_name":"\u0411\u043e\u043b\u044c\u0448\u043e\u0439 \u0423\u0440\u0430\u043b"},{"name":"\u041a\u041c\u0422\u0412\u042d\u0412-\u0425\u0410 16\u04451.5","amount":"0,078","amount_parts":"","unit":"\u043a\u043c","city":"\u041f\u043e\u0434\u043e\u043b\u044c\u0441\u043a","company_id":"19603","company_name":"\u042d\u043a\u0441\u043f\u043e\u043a\u0430\u0431\u0435\u043b\u044c"},{"name":"\u041a\u041c\u0422\u0412\u042d\u0412-\u0425\u0410 26\u04452,5","amount":"0,2","amount_parts":"","unit":"\u043a\u043c","city":"\u0421\u0430\u043d\u043a\u0442-\u041f\u0435\u0442\u0435\u0440\u0431\u0443\u0440\u0433","company_id":"3660","company_name":"\u041e\u041e\u041e \u041a\u0430\u0431\u0435\u043b\u044c\u0413\u0440\u0443\u043f\u043f"},{"name":"\u041a\u041c\u0422\u0412\u042d\u0412-\u0425\u0410 26\u04452,5","amount":"0,2","amount_parts":"","unit":"\u043a\u043c","city":"\u041c\u043e\u0441\u043a\u0432\u0430","company_id":"22412","company_name":"\u041e\u041e\u041e \u041a\u041e\u0420\u041f\u041e\u0420\u0410\u0426\u0418\u042f \u0411\u0430\u043b\u0442\u041f\u0440\u043e\u043c\u041a\u043e\u043c\u043f\u043b\u0435\u043a\u0442"},{"name":"\u041a\u041c\u0422\u0412\u042d\u0412-\u0425\u0410 26\u04452,5","amount":"0,2","amount_parts":"","unit":"\u043a\u043c","city":"\u0421\u0430\u043d\u043a\u0442-\u041f\u0435\u0442\u0435\u0440\u0431\u0443\u0440\u0433","company_id":"16940","company_name":"\u041e\u041e\u041e \"\u041e\u043f\u0442\u0413\u0440\u0443\u043f\u043f\""},{"name":"\u041a\u041c\u0422\u0412\u042d\u0412-\u0425\u041a 14\u04451,5","amount":"0,385","amount_parts":"","unit":"\u043a\u043c","city":"\u0421\u0430\u043d\u043a\u0442-\u041f\u0435\u0442\u0435\u0440\u0431\u0443\u0440\u0433","company_id":"3660","company_name":"\u041e\u041e\u041e \u041a\u0430\u0431\u0435\u043b\u044c\u0413\u0440\u0443\u043f\u043f"},{"name":"\u041a\u041c\u0422\u0412\u042d\u0412-\u0425\u041a 14\u04451,5","amount":"0,385","amount_parts":"","unit":"\u043a\u043c","city":"\u041c\u043e\u0441\u043a\u0432\u0430","company_id":"22412","company_name":"\u041e\u041e\u041e \u041a\u041e\u0420\u041f\u041e\u0420\u0410\u0426\u0418\u042f \u0411\u0430\u043b\u0442\u041f\u0440\u043e\u043c\u041a\u043e\u043c\u043f\u043b\u0435\u043a\u0442"},{"name":"\u041a\u041c\u0422\u0412\u042d\u0412-\u0425\u041a 14\u04451,5","amount":"0,385","amount_parts":"","unit":"\u043a\u043c","city":"\u0421\u0430\u043d\u043a\u0442-\u041f\u0435\u0442\u0435\u0440\u0431\u0443\u0440\u0433","company_id":"16940","company_name":"\u041e\u041e\u041e \"\u041e\u043f\u0442\u0413\u0440\u0443\u043f\u043f\""},{"name":"\u041a\u041c\u0422\u0412\u042d\u0412-\u0425\u041a 14\u04452,5","amount":"0,887","amount_parts":"","unit":"\u043a\u043c","city":"\u0421\u0430\u043d\u043a\u0442-\u041f\u0435\u0442\u0435\u0440\u0431\u0443\u0440\u0433","company_id":"3660","company_name":"\u041e\u041e\u041e \u041a\u0430\u0431\u0435\u043b\u044c\u0413\u0440\u0443\u043f\u043f"},{"name":"\u041a\u041c\u0422\u0412\u042d\u0412-\u0425\u041a 14\u04452,5","amount":"0,887","amount_parts":"","unit":"\u043a\u043c","city":"\u041c\u043e\u0441\u043a\u0432\u0430","company_id":"22412","company_name":"\u041e\u041e\u041e \u041a\u041e\u0420\u041f\u041e\u0420\u0410\u0426\u0418\u042f \u0411\u0430\u043b\u0442\u041f\u0440\u043e\u043c\u041a\u043e\u043c\u043f\u043b\u0435\u043a\u0442"},{"name":"\u041a\u041c\u0422\u0412\u042d\u0412-\u0425\u041a 14\u04452,5","amount":"0,887","amount_parts":"","unit":"\u043a\u043c","city":"\u0421\u0430\u043d\u043a\u0442-\u041f\u0435\u0442\u0435\u0440\u0431\u0443\u0440\u0433","company_id":"16940","company_name":"\u041e\u041e\u041e \"\u041e\u043f\u0442\u0413\u0440\u0443\u043f\u043f\""},{"name":"\u041a\u041c\u0422\u0412\u042d\u0412-\u0425\u041a 26\u04451,5","amount":"0,577","amount_parts":"","unit":"\u043a\u043c","city":"\u0421\u0430\u043d\u043a\u0442-\u041f\u0435\u0442\u0435\u0440\u0431\u0443\u0440\u0433","company_id":"3660","company_name":"\u041e\u041e\u041e \u041a\u0430\u0431\u0435\u043b\u044c\u0413\u0440\u0443\u043f\u043f"},{"name":"\u041a\u041c\u0422\u0412\u042d\u0412-\u0425\u041a 26\u04451,5","amount":"0,577","amount_parts":"","unit":"\u043a\u043c","city":"\u041c\u043e\u0441\u043a\u0432\u0430","company_id":"22412","company_name":"\u041e\u041e\u041e \u041a\u041e\u0420\u041f\u041e\u0420\u0410\u0426\u0418\u042f \u0411\u0430\u043b\u0442\u041f\u0440\u043e\u043c\u041a\u043e\u043c\u043f\u043b\u0435\u043a\u0442"},{"name":"\u041a\u041c\u0422\u0412\u042d\u0412-\u0425\u041a 26\u04451,5","amount":"0,577","amount_parts":"","unit":"\u043a\u043c","city":"\u0421\u0430\u043d\u043a\u0442-\u041f\u0435\u0442\u0435\u0440\u0431\u0443\u0440\u0433","company_id":"16940","company_name":"\u041e\u041e\u041e \"\u041e\u043f\u0442\u0413\u0440\u0443\u043f\u043f\""},{"name":"\u041a\u041c\u0422\u0412\u042d\u0412-\u0425\u041a 8\u04452,5","amount":"0,07","amount_parts":"","unit":"\u043a\u043c","city":"\u0421\u0430\u043d\u043a\u0442-\u041f\u0435\u0442\u0435\u0440\u0431\u0443\u0440\u0433","company_id":"3660","company_name":"\u041e\u041e\u041e \u041a\u0430\u0431\u0435\u043b\u044c\u0413\u0440\u0443\u043f\u043f"},{"name":"\u041a\u041c\u0422\u0412\u042d\u0412-\u0425\u041a 8\u04452,5","amount":"0,07","amount_parts":"","unit":"\u043a\u043c","city":"\u041c\u043e\u0441\u043a\u0432\u0430","company_id":"22412","company_name":"\u041e\u041e\u041e \u041a\u041e\u0420\u041f\u041e\u0420\u0410\u0426\u0418\u042f \u0411\u0430\u043b\u0442\u041f\u0440\u043e\u043c\u041a\u043e\u043c\u043f\u043b\u0435\u043a\u0442"},{"name":"\u041a\u041c\u0422\u0412\u042d\u0412-\u0425\u041a 8\u04452,5","amount":"0,07","amount_parts":"","unit":"\u043a\u043c","city":"\u0421\u0430\u043d\u043a\u0442-\u041f\u0435\u0442\u0435\u0440\u0431\u0443\u0440\u0433","company_id":"16940","company_name":"\u041e\u041e\u041e \"\u041e\u043f\u0442\u0413\u0440\u0443\u043f\u043f\""}],"performedDatetime":"2014-09-12T05:12:36Z","authStatus":"0","accessDateEnd":""}
=====

select s.id, s.comp_id, s.title, s.quant, s.unit_id, s.comments, s.city from
		sklad_tovar s where visible=1 and (title like 'Кмтвэв%' or title like '% Кмтвэв%') order by  s.title LIMIT 0, 20
q2: select count(id) from sklad_tovar s where visible=1 and (title like 'Кмтвэв%' or title like '% Кмтвэв%')
 auth: 100 
=====
Query:
performedDatetime: 2014-09-12 05:12:57  0000
action: get_company_data
sklad_user: Гость
appleId: 6BCEC083-87BD-44FB-9F45-68D53E09BABF
sklad_hash: 4840db4e6d5a5ca1198e6f724a8e9515
company_id: 3660

=====
Response:
{"action":"get_company_data","code":0,"data":{"company_id":3660,"title":"\u041e\u041e\u041e \u041a\u0430\u0431\u0435\u043b\u044c\u0413\u0440\u0443\u043f\u043f","city":"\u0421\u0430\u043d\u043a\u0442-\u041f\u0435\u0442\u0435\u0440\u0431\u0443\u0440\u0433","address":"\u0433.\u0421\u0430\u043d\u043a\u0442-\u041f\u0435\u0442\u0435\u0440\u0431\u0443\u0440\u0433  \u0443\u043b. \u041a\u043e\u0440\u043e\u043b\u0435\u043d\u043a\u043e 7\u0430","phone":"(812)5790087","email":"magazin@bpks.ru","url":"http:\/\/www.bpks.ru","contact":"\u0422\u0440\u0438\u0448\u043a\u0438\u043d \u0410\u043b\u0435\u043a\u0441\u0435\u0439 \u0413\u0435\u043d\u043d\u0430\u0434\u044c\u0435\u0432\u0438\u0447","goods_count":"1192","last_update":"09.09.2014"},"performedDatetime":"2014-09-12T05:12:57Z","authStatus":"0","accessDateEnd":""}
=====

select distinct city from sklad_tovar where comp_id= and city!='' order by city
q2: 
 auth: 100 
=====
Query:
performedDatetime: 2014-09-12 13:43:18  0000
action: get_text

=====
Response:
{"action":"get_text","code":0,"data":"","performedDatetime":"2014-09-12T13:43:08Z","authStatus":"10"}
=====


q2: 
 auth: 0 
=====
Query:
performedDatetime: 2014-09-12 13:43:28  0000
action: get_goods_data
sklad_user: Гость
appleId: EB3D8DC9-ACAE-4E33-B5EF-51EEE4D41BA6
sklad_hash: 8983be0d1de79459e751af4bacddd0e8
searchTerm: ввг
resultsFrom: 0
sort: 0
cityFilter: 

=====
Response:
{"action":"get_goods_data","searchTerm":"\u0432\u0432\u0433","resultsFrom":0,"sort":0,"cityFilter":"","code":0,"resultsCount":"9402","lastPage":0,"data":[{"name":"NYCWY 0,6\/1\u043a\u0412 3\u044510RE10 - \u0412\u0412\u0413\u042d 3\u044510\/10","amount":"0,246","amount_parts":"","unit":"\u043a\u043c","city":"\u0415\u043a\u0430\u0442\u0435\u0440\u0438\u043d\u0431\u0443\u0440\u0433","company_id":"8500","company_name":"\u041e\u041e\u041e \u041c\u0435\u0436\u0440\u0435\u0433\u0438\u043e\u043d\u0430\u043b\u044c\u043d\u0430\u044f \u043a\u0430\u0431\u0435\u043b\u044c\u043d\u0430\u044f \u043a\u043e\u043c\u043f\u0430\u043d\u0438\u044f"},{"name":"\u0412\u0412\u0413 0,66\u043a\u0412 3\u04452,5","amount":"0,01","amount_parts":"","unit":"\u043a\u043c","city":"\u0447\u0435\u0431\u043e\u043a\u0441\u0430\u0440\u044b","company_id":"18400","company_name":"\u041e\u041e\u041e \u0414\u0438\u0430\u0434\u0430"},{"name":"\u0412\u0412\u0413 0,66\u043a\u0412 3\u04454","amount":"0,08","amount_parts":"","unit":"\u043a\u043c","city":"\u041c\u043e\u0441\u043a\u0432\u0430","company_id":"18400","company_name":"\u041e\u041e\u041e \u0414\u0438\u0430\u0434\u0430"},{"name":"\u0412\u0412\u0413 0,66\u043a\u0412 4\u04451,5","amount":"0,029","amount_parts":"","unit":"\u043a\u043c","city":"\u041c\u043e\u0441\u043a\u0432\u0430","company_id":"18400","company_name":"\u041e\u041e\u041e \u0414\u0438\u0430\u0434\u0430"},{"name":"\u0412\u0412\u0413 0,66\u043a\u0412 4\u04454","amount":"0,01","amount_parts":"","unit":"\u043a\u043c","city":"\u041d\u0438\u0436\u043d\u0438\u0439 \u041d\u043e\u0432\u0433\u043e\u0440\u043e\u0434","company_id":"18400","company_name":"\u041e\u041e\u041e \u0414\u0438\u0430\u0434\u0430"},{"name":"\u0412\u0412\u0413 0,66\u043a\u0412 5\u044510","amount":"0,088","amount_parts":"","unit":"\u043a\u043c","city":"\u041c\u043e\u0441\u043a\u0432\u0430","company_id":"18400","company_name":"\u041e\u041e\u041e \u0414\u0438\u0430\u0434\u0430"},{"name":"\u0412\u0412\u0413 0,66\u043a\u0412 5\u04452,5","amount":"0,2","amount_parts":"","unit":"\u043a\u043c","city":"\u0447\u0435\u0431\u043e\u043a\u0441\u0430\u0440\u044b","company_id":"18400","company_name":"\u041e\u041e\u041e \u0414\u0438\u0430\u0434\u0430"},{"name":"\u0412\u0412\u0413 1x 1.5 1\u043a\u0412","amount":"0,05","amount_parts":"","unit":"\u043a\u043c","city":"\u041a\u0430\u0437\u0430\u043d\u044c","company_id":"17376","company_name":"\u041e\u041e\u041e \"\u0420\u0438\u0441\u0430\u0440\""},{"name":"\u0412\u0412\u0413 1x 6","amount":"0,01","amount_parts":"","unit":"\u043a\u043c","city":"\u041a\u0430\u0437\u0430\u043d\u044c","company_id":"17376","company_name":"\u041e\u041e\u041e \"\u0420\u0438\u0441\u0430\u0440\""},{"name":"\u0412\u0412\u0413 1x150-1 \u043a\u0412","amount":"0,56","amount_parts":"","unit":"\u043a\u043c","city":"\u041a\u0440\u0430\u0441\u043d\u043e\u0434\u0430\u0440","company_id":"4151","company_name":"\u041e\u041e\u041e \u042d\u043b\u0435\u043a\u0442\u0440\u043e\u0442\u0435\u0445\u043d\u0438\u0447\u0435\u0441\u043a\u0430\u044f \u043a\u043e\u043c\u043f\u0430\u043d\u0438\u044f"},{"name":"\u0412\u0412\u0413 1x16 (\u043e\u0436)","amount":"0,08","amount_parts":"","unit":"\u043a\u043c","city":"\u041a\u0430\u0437\u0430\u043d\u044c","company_id":"17376","company_name":"\u041e\u041e\u041e \"\u0420\u0438\u0441\u0430\u0440\""},{"name":"\u0412\u0412\u0413 1\u0445 16","amount":"0,1","amount_parts":"","unit":"\u043a\u043c","city":"\u0433. \u041a\u0438\u0440\u043e\u0432","company_id":"19098","company_name":"\u041e\u041e\u041e \u0413\u0440\u043e\u0441\u0441-\u042d\u043b\u0435\u043a\u0442\u0440\u043e"},{"name":"\u0412\u0412\u0413 1\u04450,5","amount":"0,5","amount_parts":"","unit":"\u043a\u043c","city":"\u041c\u043e\u0441\u043a\u0432\u0430","company_id":"22412","company_name":"\u041e\u041e\u041e \u041a\u041e\u0420\u041f\u041e\u0420\u0410\u0426\u0418\u042f \u0411\u0430\u043b\u0442\u041f\u0440\u043e\u043c\u041a\u043e\u043c\u043f\u043b\u0435\u043a\u0442"},{"name":"\u0412\u0412\u0413 1\u04451,5","amount":"0,005","amount_parts":"","unit":"\u043a\u043c","city":"\u041c\u043e\u0441\u043a\u0432\u0430","company_id":"22412","company_name":"\u041e\u041e\u041e \u041a\u041e\u0420\u041f\u041e\u0420\u0410\u0426\u0418\u042f \u0411\u0430\u043b\u0442\u041f\u0440\u043e\u043c\u041a\u043e\u043c\u043f\u043b\u0435\u043a\u0442"},{"name":"\u0412\u0412\u0413 1\u04451,5","amount":"0,4","amount_parts":"","unit":"\u043a\u043c","city":"\u0415\u043a\u0430\u0442\u0435\u0440\u0438\u043d\u0431\u0443\u0440\u0433","company_id":"22345","company_name":"\u041e\u041e\u041e \u042d\u043d\u0435\u0440\u0433\u043e\u0446\u0435\u043d\u0442\u0440-\u0415\u041a"},{"name":"\u0412\u0412\u0413 1\u04451,5","amount":"0,746","amount_parts":"","unit":"\u043a\u043c","city":"\u041f\u0435\u0440\u043c\u044c","company_id":"10969","company_name":"\u041e\u041e\u041e \u0410\u0428\u0422\u0420\u0415\u0412\u0415\u041b"},{"name":"\u0412\u0412\u0413 1\u04451,5","amount":"0,005","amount_parts":"","unit":"\u043a\u043c","city":"\u0421\u0430\u043d\u043a\u0442-\u041f\u0435\u0442\u0435\u0440\u0431\u0443\u0440\u0433","company_id":"16940","company_name":"\u041e\u041e\u041e \"\u041e\u043f\u0442\u0413\u0440\u0443\u043f\u043f\""},{"name":"\u0412\u0412\u0413 1\u04451,5 (\u043e\u0436)--0,66","amount":"0,1","amount_parts":"","unit":"\u043a\u043c","city":"\u041f\u0430\u0432\u043b\u043e\u0434\u0430\u0440","company_id":"7464","company_name":"\u0410\u041e \"\u041a\u0430\u0437\u044d\u043d\u0435\u0440\u0433\u043e\u043a\u0430\u0431\u0435\u043b\u044c\""},{"name":"\u0412\u0412\u0413 1\u04451,5 \u0431\u0435\u043b 200","amount":"0,2","amount_parts":"","unit":"\u043a\u043c","city":"\u041d\u043e\u0432\u043e\u0441\u0438\u0431\u0438\u0440\u0441\u043a","company_id":"14419","company_name":"\u041e\u041e\u041e \u041a\u041e\u041c\u041f\u0410\u041d\u0418\u042f \u0417\u0410\u041f\u0421\u0418\u0411\u041a\u0410\u0411\u0415\u041b\u042c"},{"name":"\u0412\u0412\u0413 1\u04451,5 \u0431\u0435\u043b 200 \u0413\u041e\u0421\u0422","amount":"0,2","amount_parts":"","unit":"\u043a\u043c","city":"\u041d\u043e\u0432\u043e\u0441\u0438\u0431\u0438\u0440\u0441\u043a","company_id":"8749","company_name":"\u0417\u0430\u043f\u0441\u0438\u0431\u043a\u0430\u0431\u0435\u043b\u044c"}],"performedDatetime":"2014-09-12T13:43:19Z","authStatus":"0","accessDateEnd":""}
=====

select s.id, s.comp_id, s.title, s.quant, s.unit_id, s.comments, s.city from
		sklad_tovar s where visible=1 and (title like 'ввг%' or title like '% ввг%') order by  s.title LIMIT 0, 20
q2: select count(id) from sklad_tovar s where visible=1 and (title like 'ввг%' or title like '% ввг%')
 auth: 100 
=====
Query:
performedDatetime: 2014-09-12 13:43:31  0000
action: get_company_data
sklad_user: Гость
appleId: EB3D8DC9-ACAE-4E33-B5EF-51EEE4D41BA6
sklad_hash: 8983be0d1de79459e751af4bacddd0e8
company_id: 18400

=====
Response:
{"action":"get_company_data","code":0,"data":{"company_id":18400,"title":"\u041e\u041e\u041e \u0414\u0438\u0430\u0434\u0430","city":"\u041c\u043e\u0441\u043a\u0432\u0430","address":"109428","phone":"+7 (985) 1943294","email":"buliga@diada.su","url":"http:\/\/diada-elektro.ru\/","contact":"\u0411\u0443\u043b\u0438\u0433\u0430 \u0410\u043b\u0435\u043a\u0441\u0435\u0439","goods_count":"947","last_update":"11.09.2014"},"performedDatetime":"2014-09-12T13:43:21Z","authStatus":"0","accessDateEnd":""}
=====

select distinct city from sklad_tovar where comp_id= and city!='' order by city
q2: 
 auth: 100 
=====
Query:
performedDatetime: 2014-09-12 13:45:09  0000
action: get_text

=====
Response:
{"action":"get_text","code":0,"data":"","performedDatetime":"2014-09-12T13:45:00Z","authStatus":"10"}
=====


q2: 
 auth: 0 
=====
Query:
performedDatetime: 2014-09-12 13:45:20  0000
action: get_goods_data
sklad_user: Гость
appleId: B1E42DB4-48B1-4449-98A4-7DD7C7FF23D5
sklad_hash: c442f861d59872ed010f3fd0cb2a0014
searchTerm: ввг
resultsFrom: 0
sort: 0
cityFilter: 

=====
Response:
{"action":"get_goods_data","searchTerm":"\u0432\u0432\u0433","resultsFrom":0,"sort":0,"cityFilter":"","code":0,"resultsCount":"9402","lastPage":0,"data":[{"name":"NYCWY 0,6\/1\u043a\u0412 3\u044510RE10 - \u0412\u0412\u0413\u042d 3\u044510\/10","amount":"0,246","amount_parts":"","unit":"\u043a\u043c","city":"\u0415\u043a\u0430\u0442\u0435\u0440\u0438\u043d\u0431\u0443\u0440\u0433","company_id":"8500","company_name":"\u041e\u041e\u041e \u041c\u0435\u0436\u0440\u0435\u0433\u0438\u043e\u043d\u0430\u043b\u044c\u043d\u0430\u044f \u043a\u0430\u0431\u0435\u043b\u044c\u043d\u0430\u044f \u043a\u043e\u043c\u043f\u0430\u043d\u0438\u044f"},{"name":"\u0412\u0412\u0413 0,66\u043a\u0412 3\u04452,5","amount":"0,01","amount_parts":"","unit":"\u043a\u043c","city":"\u0447\u0435\u0431\u043e\u043a\u0441\u0430\u0440\u044b","company_id":"18400","company_name":"\u041e\u041e\u041e \u0414\u0438\u0430\u0434\u0430"},{"name":"\u0412\u0412\u0413 0,66\u043a\u0412 3\u04454","amount":"0,08","amount_parts":"","unit":"\u043a\u043c","city":"\u041c\u043e\u0441\u043a\u0432\u0430","company_id":"18400","company_name":"\u041e\u041e\u041e \u0414\u0438\u0430\u0434\u0430"},{"name":"\u0412\u0412\u0413 0,66\u043a\u0412 4\u04451,5","amount":"0,029","amount_parts":"","unit":"\u043a\u043c","city":"\u041c\u043e\u0441\u043a\u0432\u0430","company_id":"18400","company_name":"\u041e\u041e\u041e \u0414\u0438\u0430\u0434\u0430"},{"name":"\u0412\u0412\u0413 0,66\u043a\u0412 4\u04454","amount":"0,01","amount_parts":"","unit":"\u043a\u043c","city":"\u041d\u0438\u0436\u043d\u0438\u0439 \u041d\u043e\u0432\u0433\u043e\u0440\u043e\u0434","company_id":"18400","company_name":"\u041e\u041e\u041e \u0414\u0438\u0430\u0434\u0430"},{"name":"\u0412\u0412\u0413 0,66\u043a\u0412 5\u044510","amount":"0,088","amount_parts":"","unit":"\u043a\u043c","city":"\u041c\u043e\u0441\u043a\u0432\u0430","company_id":"18400","company_name":"\u041e\u041e\u041e \u0414\u0438\u0430\u0434\u0430"},{"name":"\u0412\u0412\u0413 0,66\u043a\u0412 5\u04452,5","amount":"0,2","amount_parts":"","unit":"\u043a\u043c","city":"\u0447\u0435\u0431\u043e\u043a\u0441\u0430\u0440\u044b","company_id":"18400","company_name":"\u041e\u041e\u041e \u0414\u0438\u0430\u0434\u0430"},{"name":"\u0412\u0412\u0413 1x 1.5 1\u043a\u0412","amount":"0,05","amount_parts":"","unit":"\u043a\u043c","city":"\u041a\u0430\u0437\u0430\u043d\u044c","company_id":"17376","company_name":"\u041e\u041e\u041e \"\u0420\u0438\u0441\u0430\u0440\""},{"name":"\u0412\u0412\u0413 1x 6","amount":"0,01","amount_parts":"","unit":"\u043a\u043c","city":"\u041a\u0430\u0437\u0430\u043d\u044c","company_id":"17376","company_name":"\u041e\u041e\u041e \"\u0420\u0438\u0441\u0430\u0440\""},{"name":"\u0412\u0412\u0413 1x150-1 \u043a\u0412","amount":"0,56","amount_parts":"","unit":"\u043a\u043c","city":"\u041a\u0440\u0430\u0441\u043d\u043e\u0434\u0430\u0440","company_id":"4151","company_name":"\u041e\u041e\u041e \u042d\u043b\u0435\u043a\u0442\u0440\u043e\u0442\u0435\u0445\u043d\u0438\u0447\u0435\u0441\u043a\u0430\u044f \u043a\u043e\u043c\u043f\u0430\u043d\u0438\u044f"},{"name":"\u0412\u0412\u0413 1x16 (\u043e\u0436)","amount":"0,08","amount_parts":"","unit":"\u043a\u043c","city":"\u041a\u0430\u0437\u0430\u043d\u044c","company_id":"17376","company_name":"\u041e\u041e\u041e \"\u0420\u0438\u0441\u0430\u0440\""},{"name":"\u0412\u0412\u0413 1\u0445 16","amount":"0,1","amount_parts":"","unit":"\u043a\u043c","city":"\u0433. \u041a\u0438\u0440\u043e\u0432","company_id":"19098","company_name":"\u041e\u041e\u041e \u0413\u0440\u043e\u0441\u0441-\u042d\u043b\u0435\u043a\u0442\u0440\u043e"},{"name":"\u0412\u0412\u0413 1\u04450,5","amount":"0,5","amount_parts":"","unit":"\u043a\u043c","city":"\u041c\u043e\u0441\u043a\u0432\u0430","company_id":"22412","company_name":"\u041e\u041e\u041e \u041a\u041e\u0420\u041f\u041e\u0420\u0410\u0426\u0418\u042f \u0411\u0430\u043b\u0442\u041f\u0440\u043e\u043c\u041a\u043e\u043c\u043f\u043b\u0435\u043a\u0442"},{"name":"\u0412\u0412\u0413 1\u04451,5","amount":"0,005","amount_parts":"","unit":"\u043a\u043c","city":"\u041c\u043e\u0441\u043a\u0432\u0430","company_id":"22412","company_name":"\u041e\u041e\u041e \u041a\u041e\u0420\u041f\u041e\u0420\u0410\u0426\u0418\u042f \u0411\u0430\u043b\u0442\u041f\u0440\u043e\u043c\u041a\u043e\u043c\u043f\u043b\u0435\u043a\u0442"},{"name":"\u0412\u0412\u0413 1\u04451,5","amount":"0,4","amount_parts":"","unit":"\u043a\u043c","city":"\u0415\u043a\u0430\u0442\u0435\u0440\u0438\u043d\u0431\u0443\u0440\u0433","company_id":"22345","company_name":"\u041e\u041e\u041e \u042d\u043d\u0435\u0440\u0433\u043e\u0446\u0435\u043d\u0442\u0440-\u0415\u041a"},{"name":"\u0412\u0412\u0413 1\u04451,5","amount":"0,746","amount_parts":"","unit":"\u043a\u043c","city":"\u041f\u0435\u0440\u043c\u044c","company_id":"10969","company_name":"\u041e\u041e\u041e \u0410\u0428\u0422\u0420\u0415\u0412\u0415\u041b"},{"name":"\u0412\u0412\u0413 1\u04451,5","amount":"0,005","amount_parts":"","unit":"\u043a\u043c","city":"\u0421\u0430\u043d\u043a\u0442-\u041f\u0435\u0442\u0435\u0440\u0431\u0443\u0440\u0433","company_id":"16940","company_name":"\u041e\u041e\u041e \"\u041e\u043f\u0442\u0413\u0440\u0443\u043f\u043f\""},{"name":"\u0412\u0412\u0413 1\u04451,5 (\u043e\u0436)--0,66","amount":"0,1","amount_parts":"","unit":"\u043a\u043c","city":"\u041f\u0430\u0432\u043b\u043e\u0434\u0430\u0440","company_id":"7464","company_name":"\u0410\u041e \"\u041a\u0430\u0437\u044d\u043d\u0435\u0440\u0433\u043e\u043a\u0430\u0431\u0435\u043b\u044c\""},{"name":"\u0412\u0412\u0413 1\u04451,5 \u0431\u0435\u043b 200","amount":"0,2","amount_parts":"","unit":"\u043a\u043c","city":"\u041d\u043e\u0432\u043e\u0441\u0438\u0431\u0438\u0440\u0441\u043a","company_id":"14419","company_name":"\u041e\u041e\u041e \u041a\u041e\u041c\u041f\u0410\u041d\u0418\u042f \u0417\u0410\u041f\u0421\u0418\u0411\u041a\u0410\u0411\u0415\u041b\u042c"},{"name":"\u0412\u0412\u0413 1\u04451,5 \u0431\u0435\u043b 200 \u0413\u041e\u0421\u0422","amount":"0,2","amount_parts":"","unit":"\u043a\u043c","city":"\u041d\u043e\u0432\u043e\u0441\u0438\u0431\u0438\u0440\u0441\u043a","company_id":"8749","company_name":"\u0417\u0430\u043f\u0441\u0438\u0431\u043a\u0430\u0431\u0435\u043b\u044c"}],"performedDatetime":"2014-09-12T13:45:11Z","authStatus":"0","accessDateEnd":""}
=====

select s.id, s.comp_id, s.title, s.quant, s.unit_id, s.comments, s.city from
		sklad_tovar s where visible=1 and (title like 'ввг%' or title like '% ввг%') order by  s.title LIMIT 0, 20
q2: select count(id) from sklad_tovar s where visible=1 and (title like 'ввг%' or title like '% ввг%')
 auth: 100 
=====
Query:
performedDatetime: 2014-09-12 13:45:40  0000
action: get_text

=====
Response:
{"action":"get_text","code":0,"data":"","performedDatetime":"2014-09-12T13:45:31Z","authStatus":"10"}
=====


q2: 
 auth: 0 
=====
Query:
performedDatetime: 2014-09-12 13:58:14  0000
action: get_text

=====
Response:
{"action":"get_text","code":0,"data":"","performedDatetime":"2014-09-12T13:58:15Z","authStatus":"10"}
=====


q2: 
 auth: 0 
=====
Query:
performedDatetime: 2014-09-12 13:58:30  0000
action: get_goods_data
sklad_user: Гость
appleId: 70F9D521-9D78-4BEE-9D76-5F3CA6277883
sklad_hash: f77f18af2227e50932515b481f5764f7
searchTerm: Ввг
resultsFrom: 0
sort: 0
cityFilter: 

=====
Response:
{"action":"get_goods_data","searchTerm":"\u0412\u0432\u0433","resultsFrom":0,"sort":0,"cityFilter":"","code":0,"resultsCount":"9402","lastPage":0,"data":[{"name":"NYCWY 0,6\/1\u043a\u0412 3\u044510RE10 - \u0412\u0412\u0413\u042d 3\u044510\/10","amount":"0,246","amount_parts":"","unit":"\u043a\u043c","city":"\u0415\u043a\u0430\u0442\u0435\u0440\u0438\u043d\u0431\u0443\u0440\u0433","company_id":"8500","company_name":"\u041e\u041e\u041e \u041c\u0435\u0436\u0440\u0435\u0433\u0438\u043e\u043d\u0430\u043b\u044c\u043d\u0430\u044f \u043a\u0430\u0431\u0435\u043b\u044c\u043d\u0430\u044f \u043a\u043e\u043c\u043f\u0430\u043d\u0438\u044f"},{"name":"\u0412\u0412\u0413 0,66\u043a\u0412 3\u04452,5","amount":"0,01","amount_parts":"","unit":"\u043a\u043c","city":"\u0447\u0435\u0431\u043e\u043a\u0441\u0430\u0440\u044b","company_id":"18400","company_name":"\u041e\u041e\u041e \u0414\u0438\u0430\u0434\u0430"},{"name":"\u0412\u0412\u0413 0,66\u043a\u0412 3\u04454","amount":"0,08","amount_parts":"","unit":"\u043a\u043c","city":"\u041c\u043e\u0441\u043a\u0432\u0430","company_id":"18400","company_name":"\u041e\u041e\u041e \u0414\u0438\u0430\u0434\u0430"},{"name":"\u0412\u0412\u0413 0,66\u043a\u0412 4\u04451,5","amount":"0,029","amount_parts":"","unit":"\u043a\u043c","city":"\u041c\u043e\u0441\u043a\u0432\u0430","company_id":"18400","company_name":"\u041e\u041e\u041e \u0414\u0438\u0430\u0434\u0430"},{"name":"\u0412\u0412\u0413 0,66\u043a\u0412 4\u04454","amount":"0,01","amount_parts":"","unit":"\u043a\u043c","city":"\u041d\u0438\u0436\u043d\u0438\u0439 \u041d\u043e\u0432\u0433\u043e\u0440\u043e\u0434","company_id":"18400","company_name":"\u041e\u041e\u041e \u0414\u0438\u0430\u0434\u0430"},{"name":"\u0412\u0412\u0413 0,66\u043a\u0412 5\u044510","amount":"0,088","amount_parts":"","unit":"\u043a\u043c","city":"\u041c\u043e\u0441\u043a\u0432\u0430","company_id":"18400","company_name":"\u041e\u041e\u041e \u0414\u0438\u0430\u0434\u0430"},{"name":"\u0412\u0412\u0413 0,66\u043a\u0412 5\u04452,5","amount":"0,2","amount_parts":"","unit":"\u043a\u043c","city":"\u0447\u0435\u0431\u043e\u043a\u0441\u0430\u0440\u044b","company_id":"18400","company_name":"\u041e\u041e\u041e \u0414\u0438\u0430\u0434\u0430"},{"name":"\u0412\u0412\u0413 1x 1.5 1\u043a\u0412","amount":"0,05","amount_parts":"","unit":"\u043a\u043c","city":"\u041a\u0430\u0437\u0430\u043d\u044c","company_id":"17376","company_name":"\u041e\u041e\u041e \"\u0420\u0438\u0441\u0430\u0440\""},{"name":"\u0412\u0412\u0413 1x 6","amount":"0,01","amount_parts":"","unit":"\u043a\u043c","city":"\u041a\u0430\u0437\u0430\u043d\u044c","company_id":"17376","company_name":"\u041e\u041e\u041e \"\u0420\u0438\u0441\u0430\u0440\""},{"name":"\u0412\u0412\u0413 1x150-1 \u043a\u0412","amount":"0,56","amount_parts":"","unit":"\u043a\u043c","city":"\u041a\u0440\u0430\u0441\u043d\u043e\u0434\u0430\u0440","company_id":"4151","company_name":"\u041e\u041e\u041e \u042d\u043b\u0435\u043a\u0442\u0440\u043e\u0442\u0435\u0445\u043d\u0438\u0447\u0435\u0441\u043a\u0430\u044f \u043a\u043e\u043c\u043f\u0430\u043d\u0438\u044f"},{"name":"\u0412\u0412\u0413 1x16 (\u043e\u0436)","amount":"0,08","amount_parts":"","unit":"\u043a\u043c","city":"\u041a\u0430\u0437\u0430\u043d\u044c","company_id":"17376","company_name":"\u041e\u041e\u041e \"\u0420\u0438\u0441\u0430\u0440\""},{"name":"\u0412\u0412\u0413 1\u0445 16","amount":"0,1","amount_parts":"","unit":"\u043a\u043c","city":"\u0433. \u041a\u0438\u0440\u043e\u0432","company_id":"19098","company_name":"\u041e\u041e\u041e \u0413\u0440\u043e\u0441\u0441-\u042d\u043b\u0435\u043a\u0442\u0440\u043e"},{"name":"\u0412\u0412\u0413 1\u04450,5","amount":"0,5","amount_parts":"","unit":"\u043a\u043c","city":"\u041c\u043e\u0441\u043a\u0432\u0430","company_id":"22412","company_name":"\u041e\u041e\u041e \u041a\u041e\u0420\u041f\u041e\u0420\u0410\u0426\u0418\u042f \u0411\u0430\u043b\u0442\u041f\u0440\u043e\u043c\u041a\u043e\u043c\u043f\u043b\u0435\u043a\u0442"},{"name":"\u0412\u0412\u0413 1\u04451,5","amount":"0,005","amount_parts":"","unit":"\u043a\u043c","city":"\u041c\u043e\u0441\u043a\u0432\u0430","company_id":"22412","company_name":"\u041e\u041e\u041e \u041a\u041e\u0420\u041f\u041e\u0420\u0410\u0426\u0418\u042f \u0411\u0430\u043b\u0442\u041f\u0440\u043e\u043c\u041a\u043e\u043c\u043f\u043b\u0435\u043a\u0442"},{"name":"\u0412\u0412\u0413 1\u04451,5","amount":"0,4","amount_parts":"","unit":"\u043a\u043c","city":"\u0415\u043a\u0430\u0442\u0435\u0440\u0438\u043d\u0431\u0443\u0440\u0433","company_id":"22345","company_name":"\u041e\u041e\u041e \u042d\u043d\u0435\u0440\u0433\u043e\u0446\u0435\u043d\u0442\u0440-\u0415\u041a"},{"name":"\u0412\u0412\u0413 1\u04451,5","amount":"0,746","amount_parts":"","unit":"\u043a\u043c","city":"\u041f\u0435\u0440\u043c\u044c","company_id":"10969","company_name":"\u041e\u041e\u041e \u0410\u0428\u0422\u0420\u0415\u0412\u0415\u041b"},{"name":"\u0412\u0412\u0413 1\u04451,5","amount":"0,005","amount_parts":"","unit":"\u043a\u043c","city":"\u0421\u0430\u043d\u043a\u0442-\u041f\u0435\u0442\u0435\u0440\u0431\u0443\u0440\u0433","company_id":"16940","company_name":"\u041e\u041e\u041e \"\u041e\u043f\u0442\u0413\u0440\u0443\u043f\u043f\""},{"name":"\u0412\u0412\u0413 1\u04451,5 (\u043e\u0436)--0,66","amount":"0,1","amount_parts":"","unit":"\u043a\u043c","city":"\u041f\u0430\u0432\u043b\u043e\u0434\u0430\u0440","company_id":"7464","company_name":"\u0410\u041e \"\u041a\u0430\u0437\u044d\u043d\u0435\u0440\u0433\u043e\u043a\u0430\u0431\u0435\u043b\u044c\""},{"name":"\u0412\u0412\u0413 1\u04451,5 \u0431\u0435\u043b 200","amount":"0,2","amount_parts":"","unit":"\u043a\u043c","city":"\u041d\u043e\u0432\u043e\u0441\u0438\u0431\u0438\u0440\u0441\u043a","company_id":"14419","company_name":"\u041e\u041e\u041e \u041a\u041e\u041c\u041f\u0410\u041d\u0418\u042f \u0417\u0410\u041f\u0421\u0418\u0411\u041a\u0410\u0411\u0415\u041b\u042c"},{"name":"\u0412\u0412\u0413 1\u04451,5 \u0431\u0435\u043b 200 \u0413\u041e\u0421\u0422","amount":"0,2","amount_parts":"","unit":"\u043a\u043c","city":"\u041d\u043e\u0432\u043e\u0441\u0438\u0431\u0438\u0440\u0441\u043a","company_id":"8749","company_name":"\u0417\u0430\u043f\u0441\u0438\u0431\u043a\u0430\u0431\u0435\u043b\u044c"}],"performedDatetime":"2014-09-12T13:58:30Z","authStatus":"0","accessDateEnd":""}
=====

select s.id, s.comp_id, s.title, s.quant, s.unit_id, s.comments, s.city from
		sklad_tovar s where visible=1 and (title like 'Ввг%' or title like '% Ввг%') order by  s.title LIMIT 0, 20
q2: select count(id) from sklad_tovar s where visible=1 and (title like 'Ввг%' or title like '% Ввг%')
 auth: 100 
=====
Query:
performedDatetime: 2014-09-12 13:58:33  0000
action: get_company_data
sklad_user: Гость
appleId: 70F9D521-9D78-4BEE-9D76-5F3CA6277883
sklad_hash: f77f18af2227e50932515b481f5764f7
company_id: 18400

=====
Response:
{"action":"get_company_data","code":0,"data":{"company_id":18400,"title":"\u041e\u041e\u041e \u0414\u0438\u0430\u0434\u0430","city":"\u041c\u043e\u0441\u043a\u0432\u0430","address":"109428","phone":"+7 (985) 1943294","email":"buliga@diada.su","url":"http:\/\/diada-elektro.ru\/","contact":"\u0411\u0443\u043b\u0438\u0433\u0430 \u0410\u043b\u0435\u043a\u0441\u0435\u0439","goods_count":"947","last_update":"11.09.2014"},"performedDatetime":"2014-09-12T13:58:33Z","authStatus":"0","accessDateEnd":""}
=====

select distinct city from sklad_tovar where comp_id= and city!='' order by city
q2: 
 auth: 100 
=====
Query:
performedDatetime: 2014-09-12 13:58:37  0000
action: get_city_list

=====
Response:
{"action":"get_city_list","code":0,"data":["\u0410\u0440\u0445\u0430\u043d\u0433\u0435\u043b\u044c\u0441\u043a","\u0410\u0441\u0442\u0430\u043d\u0430","\u0412\u043e\u043b\u0433\u043e\u0433\u0440\u0430\u0434","\u0412\u043e\u043b\u043e\u0433\u0434\u0430","\u0412\u043e\u0440\u043e\u043d\u0435\u0436","\u0412\u043e\u0441\u043a\u0440\u0435\u0441\u0435\u043d\u0441\u043a","\u0433. \u041a\u0438\u0440\u043e\u0432","\u0415\u043a\u0430\u0442\u0435\u0440\u0438\u043d\u0431\u0443\u0440\u0433","\u0418\u0432\u0430\u043d\u043e\u0432\u043e","\u0418\u0436\u0435\u0432\u0441\u043a","\u041a\u0430\u0437\u0430\u043d\u044c","\u041a\u0430\u043b\u0438\u043d\u0438\u043d\u0433\u0440\u0430\u0434","\u041a\u0430\u043b\u0443\u0433\u0430","\u041a\u0438\u0440\u043e\u0432","\u041a\u043e\u043b\u044c\u0447\u0443\u0433\u0438\u043d\u043e","\u041a\u0440\u0430\u0441\u043d\u043e\u0434\u0430\u0440","\u041a\u0440\u0430\u0441\u043d\u043e\u044f\u0440\u0441\u043a","\u041b\u044e\u0431\u0435\u0440\u0446\u044b","\u041b\u044e\u0434\u0438\u043d\u043e\u0432\u043e","\u041c\u043e\u0441\u043a\u0432\u0430","\u041c\u043e\u0441\u043a\u043e\u0432\u0441\u043a\u0430\u044f \u043e\u0431\u043b., \u0433. \u0425\u0438\u043c\u043a\u0438","\u041d\u0430\u0445\u0430\u0431\u0438\u043d\u043e","\u041d\u0438\u0436\u043d\u0438\u0439 \u041d\u043e\u0432\u0433\u043e\u0440\u043e\u0434","\u041d\u043e\u0432\u043e\u043c\u043e\u0441\u043a\u043e\u0432\u0441\u043a","\u041d\u043e\u0432\u043e\u0441\u0438\u0431\u0438\u0440\u0441\u043a","\u041d\u043e\u0433\u0438\u043d\u0441\u043a","\u041e\u0431\u043d\u0438\u043d\u0441\u043a","\u041e\u0441\u043a\u043e\u043b","\u041f\u0430\u0432\u043b\u043e\u0434\u0430\u0440","\u041f\u0435\u0440\u043c\u044c","\u041f\u043e\u0434\u043e\u043b\u044c\u0441\u043a","\u0420\u043e\u0441\u0442\u043e\u0432","\u0420\u043e\u0441\u0442\u043e\u0432-\u043d\u0430-\u0414\u043e\u043d\u0443","\u0421\u0430\u043c\u0430\u0440\u0430","\u0421\u0430\u043d\u043a\u0442-\u041f\u0435\u0442\u0435\u0440\u0431\u0443\u0440\u0433","\u0421\u0430\u0440\u0430\u043d\u0441\u043a","\u0421\u043e\u0447\u0438","\u0422\u043e\u043c\u0441\u043a","\u0423\u0433\u043b\u0438\u0447","\u0423\u0444\u0430","\u0425\u0430\u0431\u0430\u0440\u043e\u0432\u0441\u043a","\u0447\u0435\u0431\u043e\u043a\u0441\u0430\u0440\u044b","\u0427\u0435\u043b\u044f\u0431\u0438\u043d\u0441\u043a","\u042f\u0440\u043e\u0441\u043b\u0430\u0432\u043b\u044c"],"performedDatetime":"2014-09-12T13:58:37Z","authStatus":"10"}
=====

select distinct city from sklad_tovar where city != '' order by city
q2: 
 auth: 0 
=====
Query:
performedDatetime: 2014-09-12 13:58:42  0000
action: get_goods_data
sklad_user: Гость
appleId: 70F9D521-9D78-4BEE-9D76-5F3CA6277883
sklad_hash: f77f18af2227e50932515b481f5764f7
searchTerm: Ввг
resultsFrom: 0
sort: 0
cityFilter: Санкт-Петербург

=====
Response:
{"action":"get_goods_data","searchTerm":"\u0412\u0432\u0433","resultsFrom":0,"sort":0,"cityFilter":"\u0421\u0430\u043d\u043a\u0442-\u041f\u0435\u0442\u0435\u0440\u0431\u0443\u0440\u0433","code":0,"resultsCount":"1028","lastPage":0,"data":[{"name":"\u0412\u0412\u0413 1\u04451,5","amount":"0,005","amount_parts":"","unit":"\u043a\u043c","city":"\u0421\u0430\u043d\u043a\u0442-\u041f\u0435\u0442\u0435\u0440\u0431\u0443\u0440\u0433","company_id":"16940","company_name":"\u041e\u041e\u041e \"\u041e\u043f\u0442\u0413\u0440\u0443\u043f\u043f\""},{"name":"\u0412\u0412\u0413 1\u044510","amount":"0,07","amount_parts":"","unit":"\u043a\u043c","city":"\u0421\u0430\u043d\u043a\u0442-\u041f\u0435\u0442\u0435\u0440\u0431\u0443\u0440\u0433","company_id":"3660","company_name":"\u041e\u041e\u041e \u041a\u0430\u0431\u0435\u043b\u044c\u0413\u0440\u0443\u043f\u043f"},{"name":"\u0412\u0412\u0413 1\u044516","amount":"0,198","amount_parts":"","unit":"\u043a\u043c","city":"\u0421\u0430\u043d\u043a\u0442-\u041f\u0435\u0442\u0435\u0440\u0431\u0443\u0440\u0433","company_id":"3660","company_name":"\u041e\u041e\u041e \u041a\u0430\u0431\u0435\u043b\u044c\u0413\u0440\u0443\u043f\u043f"},{"name":"\u0412\u0412\u0413 1\u04452,5","amount":"0,025","amount_parts":"","unit":"\u043a\u043c","city":"\u0421\u0430\u043d\u043a\u0442-\u041f\u0435\u0442\u0435\u0440\u0431\u0443\u0440\u0433","company_id":"16940","company_name":"\u041e\u041e\u041e \"\u041e\u043f\u0442\u0413\u0440\u0443\u043f\u043f\""},{"name":"\u0412\u0412\u0413 1\u04456","amount":"0,025","amount_parts":"","unit":"\u043a\u043c","city":"\u0421\u0430\u043d\u043a\u0442-\u041f\u0435\u0442\u0435\u0440\u0431\u0443\u0440\u0433","company_id":"3660","company_name":"\u041e\u041e\u041e \u041a\u0430\u0431\u0435\u043b\u044c\u0413\u0440\u0443\u043f\u043f"},{"name":"\u0412\u0412\u0413 1\u04456","amount":"0,03","amount_parts":"","unit":"\u043a\u043c","city":"\u0421\u0430\u043d\u043a\u0442-\u041f\u0435\u0442\u0435\u0440\u0431\u0443\u0440\u0433","company_id":"16940","company_name":"\u041e\u041e\u041e \"\u041e\u043f\u0442\u0413\u0440\u0443\u043f\u043f\""},{"name":"\u0412\u0412\u0413 1\u044595","amount":"0,002","amount_parts":"","unit":"\u043a\u043c","city":"\u0421\u0430\u043d\u043a\u0442-\u041f\u0435\u0442\u0435\u0440\u0431\u0443\u0440\u0433","company_id":"3660","company_name":"\u041e\u041e\u041e \u041a\u0430\u0431\u0435\u043b\u044c\u0413\u0440\u0443\u043f\u043f"},{"name":"\u0412\u0412\u0413 1\u044595","amount":"0,002","amount_parts":"","unit":"\u043a\u043c","city":"\u0421\u0430\u043d\u043a\u0442-\u041f\u0435\u0442\u0435\u0440\u0431\u0443\u0440\u0433","company_id":"16940","company_name":"\u041e\u041e\u041e \"\u041e\u043f\u0442\u0413\u0440\u0443\u043f\u043f\""},{"name":"\u0412\u0412\u0413 2\u04451,5(\u043e\u0436)-0.66","amount":"0,033","amount_parts":"","unit":"\u043a\u043c","city":"\u0421\u0430\u043d\u043a\u0442-\u041f\u0435\u0442\u0435\u0440\u0431\u0443\u0440\u0433","company_id":"9328","company_name":"\u041e\u041e\u041e \u041a\u0430\u0431\u0435\u043b\u044c-\u0418\u041c\u041f\u042d\u041a\u0421"},{"name":"\u0412\u0412\u0413 2\u04451,5-\u041f \u043e\u0436-0,66 \u044d\u043a","amount":"6,4","amount_parts":"","unit":"\u043a\u043c","city":"\u0421\u0430\u043d\u043a\u0442-\u041f\u0435\u0442\u0435\u0440\u0431\u0443\u0440\u0433","company_id":"12442","company_name":"\u041e\u041e\u041e \u041c\u0438\u0446\u0430\u0440"},{"name":"\u0412\u0412\u0413 2\u044510","amount":"0,044","amount_parts":"","unit":"\u043a\u043c","city":"\u0421\u0430\u043d\u043a\u0442-\u041f\u0435\u0442\u0435\u0440\u0431\u0443\u0440\u0433","company_id":"3660","company_name":"\u041e\u041e\u041e \u041a\u0430\u0431\u0435\u043b\u044c\u0413\u0440\u0443\u043f\u043f"},{"name":"\u0412\u0412\u0413 2\u044510","amount":"0,006","amount_parts":"","unit":"\u043a\u043c","city":"\u0421\u0430\u043d\u043a\u0442-\u041f\u0435\u0442\u0435\u0440\u0431\u0443\u0440\u0433","company_id":"16940","company_name":"\u041e\u041e\u041e \"\u041e\u043f\u0442\u0413\u0440\u0443\u043f\u043f\""},{"name":"\u0412\u0412\u0413 2\u04452,5","amount":"0,02","amount_parts":"","unit":"\u043a\u043c","city":"\u0421\u0430\u043d\u043a\u0442-\u041f\u0435\u0442\u0435\u0440\u0431\u0443\u0440\u0433","company_id":"6111","company_name":"\u041e\u041e\u041e \"\u041c\u0435\u0433\u0430\u0421\u043d\u0430\u0431 \u0421\u041f\u0431\""},{"name":"\u0412\u0412\u0413 2\u04452,5","amount":"0,64","amount_parts":"","unit":"\u043a\u043c","city":"\u0421\u0430\u043d\u043a\u0442-\u041f\u0435\u0442\u0435\u0440\u0431\u0443\u0440\u0433","company_id":"16940","company_name":"\u041e\u041e\u041e \"\u041e\u043f\u0442\u0413\u0440\u0443\u043f\u043f\""},{"name":"\u0412\u0412\u0413 2\u04452,5-\u041f \u043e\u0436-0,66 \u044d\u043a","amount":"2,73","amount_parts":"","unit":"\u043a\u043c","city":"\u0421\u0430\u043d\u043a\u0442-\u041f\u0435\u0442\u0435\u0440\u0431\u0443\u0440\u0433","company_id":"12442","company_name":"\u041e\u041e\u041e \u041c\u0438\u0446\u0430\u0440"},{"name":"\u0412\u0412\u0413 2\u044525","amount":"0,006","amount_parts":"","unit":"\u043a\u043c","city":"\u0421\u0430\u043d\u043a\u0442-\u041f\u0435\u0442\u0435\u0440\u0431\u0443\u0440\u0433","company_id":"16940","company_name":"\u041e\u041e\u041e \"\u041e\u043f\u0442\u0413\u0440\u0443\u043f\u043f\""},{"name":"\u0412\u0412\u0413 2\u04454","amount":"0,049","amount_parts":"","unit":"\u043a\u043c","city":"\u0421\u0430\u043d\u043a\u0442-\u041f\u0435\u0442\u0435\u0440\u0431\u0443\u0440\u0433","company_id":"16940","company_name":"\u041e\u041e\u041e \"\u041e\u043f\u0442\u0413\u0440\u0443\u043f\u043f\""},{"name":"\u0412\u0412\u0413 2\u04454-\u041f \u043e\u0436-0,66 \u044d\u043a","amount":"0,03","amount_parts":"","unit":"\u043a\u043c","city":"\u0421\u0430\u043d\u043a\u0442-\u041f\u0435\u0442\u0435\u0440\u0431\u0443\u0440\u0433","company_id":"12442","company_name":"\u041e\u041e\u041e \u041c\u0438\u0446\u0430\u0440"},{"name":"\u0412\u0412\u0413 2\u04456","amount":"0,025","amount_parts":"","unit":"\u043a\u043c","city":"\u0421\u0430\u043d\u043a\u0442-\u041f\u0435\u0442\u0435\u0440\u0431\u0443\u0440\u0433","company_id":"3660","company_name":"\u041e\u041e\u041e \u041a\u0430\u0431\u0435\u043b\u044c\u0413\u0440\u0443\u043f\u043f"},{"name":"\u0412\u0412\u0413 2\u04456","amount":"0,022","amount_parts":"","unit":"\u043a\u043c","city":"\u0421\u0430\u043d\u043a\u0442-\u041f\u0435\u0442\u0435\u0440\u0431\u0443\u0440\u0433","company_id":"16940","company_name":"\u041e\u041e\u041e \"\u041e\u043f\u0442\u0413\u0440\u0443\u043f\u043f\""}],"performedDatetime":"2014-09-12T13:58:42Z","authStatus":"0","accessDateEnd":""}
=====

select s.id, s.comp_id, s.title, s.quant, s.unit_id, s.comments, s.city from
		sklad_tovar s where city='Санкт-Петербург' and s.visible=1 and (title like 'Ввг%' or title like '% Ввг%') order by  s.title LIMIT 0, 20
q2: select count(s.id) from sklad_tovar s where city='Санкт-Петербург' and s.visible=1 and (title like 'Ввг%' or title like '% Ввг%')
 auth: 100 
=====
Query:
performedDatetime: 2014-09-12 13:58:44  0000
action: get_company_data
sklad_user: Гость
appleId: 70F9D521-9D78-4BEE-9D76-5F3CA6277883
sklad_hash: f77f18af2227e50932515b481f5764f7
company_id: 3660

=====
Response:
{"action":"get_company_data","code":0,"data":{"company_id":3660,"title":"\u041e\u041e\u041e \u041a\u0430\u0431\u0435\u043b\u044c\u0413\u0440\u0443\u043f\u043f","city":"\u0421\u0430\u043d\u043a\u0442-\u041f\u0435\u0442\u0435\u0440\u0431\u0443\u0440\u0433","address":"\u0433.\u0421\u0430\u043d\u043a\u0442-\u041f\u0435\u0442\u0435\u0440\u0431\u0443\u0440\u0433  \u0443\u043b. \u041a\u043e\u0440\u043e\u043b\u0435\u043d\u043a\u043e 7\u0430","phone":"(812)5790087","email":"magazin@bpks.ru","url":"http:\/\/www.bpks.ru","contact":"\u0422\u0440\u0438\u0448\u043a\u0438\u043d \u0410\u043b\u0435\u043a\u0441\u0435\u0439 \u0413\u0435\u043d\u043d\u0430\u0434\u044c\u0435\u0432\u0438\u0447","goods_count":"1192","last_update":"09.09.2014"},"performedDatetime":"2014-09-12T13:58:45Z","authStatus":"0","accessDateEnd":""}
=====

select distinct city from sklad_tovar where comp_id= and city!='' order by city
q2: 
 auth: 100 
=====
Query:
performedDatetime: 2014-09-12 13:58:48  0000
action: get_goods_data
sklad_user: Гость
appleId: 70F9D521-9D78-4BEE-9D76-5F3CA6277883
sklad_hash: f77f18af2227e50932515b481f5764f7
searchTerm: Ввг
resultsFrom: 1
sort: 0
cityFilter: Санкт-Петербург

=====
Response:
{"action":"get_goods_data","searchTerm":"\u0412\u0432\u0433","resultsFrom":1,"sort":0,"cityFilter":"\u0421\u0430\u043d\u043a\u0442-\u041f\u0435\u0442\u0435\u0440\u0431\u0443\u0440\u0433","code":0,"resultsCount":"1028","lastPage":0,"data":[{"name":"\u0412\u0412\u0413 3\u04451,5","amount":"0,045","amount_parts":"","unit":"\u043a\u043c","city":"\u0421\u0430\u043d\u043a\u0442-\u041f\u0435\u0442\u0435\u0440\u0431\u0443\u0440\u0433","company_id":"3660","company_name":"\u041e\u041e\u041e \u041a\u0430\u0431\u0435\u043b\u044c\u0413\u0440\u0443\u043f\u043f"},{"name":"\u0412\u0412\u0413 3\u04451,5","amount":"0,288","amount_parts":"","unit":"\u043a\u043c","city":"\u0421\u0430\u043d\u043a\u0442-\u041f\u0435\u0442\u0435\u0440\u0431\u0443\u0440\u0433","company_id":"16940","company_name":"\u041e\u041e\u041e \"\u041e\u043f\u0442\u0413\u0440\u0443\u043f\u043f\""},{"name":"\u0412\u0412\u0413 3\u04451,5-\u041f \u043e\u0436-0,66 \u044d\u043a","amount":"4,15","amount_parts":"","unit":"\u043a\u043c","city":"\u0421\u0430\u043d\u043a\u0442-\u041f\u0435\u0442\u0435\u0440\u0431\u0443\u0440\u0433","company_id":"12442","company_name":"\u041e\u041e\u041e \u041c\u0438\u0446\u0430\u0440"},{"name":"\u0412\u0412\u0413 3\u044510","amount":"0,0145","amount_parts":"","unit":"\u043a\u043c","city":"\u0421\u0430\u043d\u043a\u0442-\u041f\u0435\u0442\u0435\u0440\u0431\u0443\u0440\u0433","company_id":"16940","company_name":"\u041e\u041e\u041e \"\u041e\u043f\u0442\u0413\u0440\u0443\u043f\u043f\""},{"name":"\u0412\u0412\u0413 3\u044510(\u043e\u0436)-0.66","amount":"0,124","amount_parts":"","unit":"\u043a\u043c","city":"\u0421\u0430\u043d\u043a\u0442-\u041f\u0435\u0442\u0435\u0440\u0431\u0443\u0440\u0433","company_id":"9328","company_name":"\u041e\u041e\u041e \u041a\u0430\u0431\u0435\u043b\u044c-\u0418\u041c\u041f\u042d\u041a\u0421"},{"name":"\u0412\u0412\u0413 3\u0445150+1\u044570","amount":"0,006","amount_parts":"","unit":"\u043a\u043c","city":"\u0421\u0430\u043d\u043a\u0442-\u041f\u0435\u0442\u0435\u0440\u0431\u0443\u0440\u0433","company_id":"3660","company_name":"\u041e\u041e\u041e \u041a\u0430\u0431\u0435\u043b\u044c\u0413\u0440\u0443\u043f\u043f"},{"name":"\u0412\u0412\u0413 3\u0445150+1\u044570","amount":"0,006","amount_parts":"","unit":"\u043a\u043c","city":"\u0421\u0430\u043d\u043a\u0442-\u041f\u0435\u0442\u0435\u0440\u0431\u0443\u0440\u0433","company_id":"16940","company_name":"\u041e\u041e\u041e \"\u041e\u043f\u0442\u0413\u0440\u0443\u043f\u043f\""},{"name":"\u0412\u0412\u0413 3\u044516","amount":"0,149","amount_parts":"","unit":"\u043a\u043c","city":"\u0421\u0430\u043d\u043a\u0442-\u041f\u0435\u0442\u0435\u0440\u0431\u0443\u0440\u0433","company_id":"3660","company_name":"\u041e\u041e\u041e \u041a\u0430\u0431\u0435\u043b\u044c\u0413\u0440\u0443\u043f\u043f"},{"name":"\u0412\u0412\u0413 3\u044516","amount":"0,149","amount_parts":"","unit":"\u043a\u043c","city":"\u0421\u0430\u043d\u043a\u0442-\u041f\u0435\u0442\u0435\u0440\u0431\u0443\u0440\u0433","company_id":"16940","company_name":"\u041e\u041e\u041e \"\u041e\u043f\u0442\u0413\u0440\u0443\u043f\u043f\""},{"name":"\u0412\u0412\u0413 3\u044516 + 1\u044510(\u043e\u0436) - 0,66","amount":"0,043","amount_parts":"","unit":"\u043a\u043c","city":"\u0421\u0430\u043d\u043a\u0442-\u041f\u0435\u0442\u0435\u0440\u0431\u0443\u0440\u0433","company_id":"8391","company_name":"\u041e\u041e\u041e \u0421\u041a\u041a"},{"name":"\u0412\u0412\u0413 3\u044516+1\u044510","amount":"0,1","amount_parts":"","unit":"\u043a\u043c","city":"\u0421\u0430\u043d\u043a\u0442-\u041f\u0435\u0442\u0435\u0440\u0431\u0443\u0440\u0433","company_id":"16940","company_name":"\u041e\u041e\u041e \"\u041e\u043f\u0442\u0413\u0440\u0443\u043f\u043f\""},{"name":"\u0412\u0412\u0413 3\u044516+1\u044510(\u043e\u0436)-0.66","amount":"0,065","amount_parts":"","unit":"\u043a\u043c","city":"\u0421\u0430\u043d\u043a\u0442-\u041f\u0435\u0442\u0435\u0440\u0431\u0443\u0440\u0433","company_id":"9328","company_name":"\u041e\u041e\u041e \u041a\u0430\u0431\u0435\u043b\u044c-\u0418\u041c\u041f\u042d\u041a\u0421"},{"name":"\u0412\u0412\u0413 3\u04452,5","amount":"0,02","amount_parts":"","unit":"\u043a\u043c","city":"\u0421\u0430\u043d\u043a\u0442-\u041f\u0435\u0442\u0435\u0440\u0431\u0443\u0440\u0433","company_id":"3660","company_name":"\u041e\u041e\u041e \u041a\u0430\u0431\u0435\u043b\u044c\u0413\u0440\u0443\u043f\u043f"},{"name":"\u0412\u0412\u0413 3\u04452,5","amount":"0,02","amount_parts":"","unit":"\u043a\u043c","city":"\u0421\u0430\u043d\u043a\u0442-\u041f\u0435\u0442\u0435\u0440\u0431\u0443\u0440\u0433","company_id":"6111","company_name":"\u041e\u041e\u041e \"\u041c\u0435\u0433\u0430\u0421\u043d\u0430\u0431 \u0421\u041f\u0431\""},{"name":"\u0412\u0412\u0413 3\u04452,5","amount":"0,163","amount_parts":"","unit":"\u043a\u043c","city":"\u0421\u0430\u043d\u043a\u0442-\u041f\u0435\u0442\u0435\u0440\u0431\u0443\u0440\u0433","company_id":"16940","company_name":"\u041e\u041e\u041e \"\u041e\u043f\u0442\u0413\u0440\u0443\u043f\u043f\""},{"name":"\u0412\u0412\u0413 3\u04452,5 (\u043e\u0436)-0,66 \u041f\u041b.","amount":"0,2","amount_parts":"2*100","unit":"\u043a\u043c","city":"\u0421\u0430\u043d\u043a\u0442-\u041f\u0435\u0442\u0435\u0440\u0431\u0443\u0440\u0433","company_id":"8391","company_name":"\u041e\u041e\u041e \u0421\u041a\u041a"},{"name":"\u0412\u0412\u0413 3\u04452,5+0","amount":"0,15","amount_parts":"","unit":"\u043a\u043c","city":"\u0421\u0430\u043d\u043a\u0442-\u041f\u0435\u0442\u0435\u0440\u0431\u0443\u0440\u0433","company_id":"3660","company_name":"\u041e\u041e\u041e \u041a\u0430\u0431\u0435\u043b\u044c\u0413\u0440\u0443\u043f\u043f"},{"name":"\u0412\u0412\u0413 3\u04452,5- 0,66\u043a\u0412","amount":"1,468","amount_parts":"","unit":"\u043a\u043c","city":"\u0421\u0430\u043d\u043a\u0442-\u041f\u0435\u0442\u0435\u0440\u0431\u0443\u0440\u0433","company_id":"23722","company_name":"\u041e\u041e\u041e \u0411\u0430\u0443\u0438\u043d\u0436\u0438\u043d\u0438\u0440\u0438\u043d\u0433"},{"name":"\u0412\u0412\u0413 3\u04452,5-\u041f \u043e\u0436-0,66 \u044d\u043a","amount":"3,292","amount_parts":"","unit":"\u043a\u043c","city":"\u0421\u0430\u043d\u043a\u0442-\u041f\u0435\u0442\u0435\u0440\u0431\u0443\u0440\u0433","company_id":"12442","company_name":"\u041e\u041e\u041e \u041c\u0438\u0446\u0430\u0440"},{"name":"\u0412\u0412\u0413 3\u04452.5 \u0447\u0451\u0440\u043d\u044b\u0439","amount":"0,006","amount_parts":"","unit":"\u043a\u043c","city":"\u0421\u0430\u043d\u043a\u0442-\u041f\u0435\u0442\u0435\u0440\u0431\u0443\u0440\u0433","company_id":"21499","company_name":"\u042d\u043b\u0435\u043a\u0442\u0440\u043e\u043e\u0431\u043e\u0440\u0443\u0434\u043e\u0432\u0430\u043d\u0438\u0435"}],"performedDatetime":"2014-09-12T13:58:48Z","authStatus":"0","accessDateEnd":""}
=====

select s.id, s.comp_id, s.title, s.quant, s.unit_id, s.comments, s.city from
		sklad_tovar s where city='Санкт-Петербург' and s.visible=1 and (title like 'Ввг%' or title like '% Ввг%') order by  s.title LIMIT 20, 20
q2: select count(s.id) from sklad_tovar s where city='Санкт-Петербург' and s.visible=1 and (title like 'Ввг%' or title like '% Ввг%')
 auth: 100 
=====
Query:
performedDatetime: 2014-09-12 14:01:09  0000
action: get_text

=====
Response:
{"action":"get_text","code":0,"data":"","performedDatetime":"2014-09-12T14:01:09Z","authStatus":"10"}
=====


q2: 
 auth: 0 
=====
Query:
performedDatetime: 2014-09-12 14:11:55  0000
action: get_text

=====
Response:
{"action":"get_text","code":0,"data":"","performedDatetime":"2014-09-12T14:11:55Z","authStatus":"10"}
=====


q2: 
 auth: 0 
=====
Query:
performedDatetime: 2014-09-12 14:14:34  0000
action: get_text

=====
Response:
{"action":"get_text","code":0,"data":"","performedDatetime":"2014-09-12T14:14:34Z","authStatus":"10"}
=====


q2: 
 auth: 0 
=====
Query:
performedDatetime: 2014-09-12 14:29:21  0000
action: get_text

=====
Response:
{"action":"get_text","code":0,"data":"","performedDatetime":"2014-09-12T14:29:20Z","authStatus":"10"}
=====


q2: 
 auth: 0 
=====
Query:
performedDatetime: 2014-09-12 14:32:40  0000
action: get_text

=====
Response:
{"action":"get_text","code":0,"data":"","performedDatetime":"2014-09-12T14:32:39Z","authStatus":"10"}
=====


q2: 
 auth: 0 
=====
