Query:
performedDatetime: 2014-07-31 07:14:51  0000
action: get_text

=====
Response:
{"action":"get_text","code":0,"data":"","performedDatetime":"2014-07-31T07:14:54Z","authStatus":"10"}
=====


q2: 
 auth: 0 
=====
Query:
performedDatetime: 2014-07-31 07:15:29  0000
action: get_goods_data
sklad_user: Гость
appleId: BE2E3EDF-1E9E-4A75-99BA-406713D3D90E
sklad_hash: 9fddebf872d2d0411775bdf6c449afc3
searchTerm: Ввг нг ls 4*6
resultsFrom: 0
sort: 0
cityFilter: 

=====
Response:
{"action":"get_goods_data","searchTerm":"\u0412\u0432\u0433 \u043d\u0433 ls 4*6","resultsFrom":0,"sort":0,"cityFilter":"","code":0,"resultsCount":"1","lastPage":1,"data":[{"name":"\u0412\u0412\u0413 4\u04456 LS \u043d\u0433","amount":"0,1","amount_parts":"","unit":"\u043a\u043c","city":"\u0415\u043a\u0430\u0442\u0435\u0440\u0438\u043d\u0431\u0443\u0440\u0433","company_id":"22345","company_name":"\u041e\u041e\u041e \u042d\u043d\u0435\u0440\u0433\u043e\u0446\u0435\u043d\u0442\u0440-\u0415\u041a"}],"performedDatetime":"2014-07-31T07:15:32Z","authStatus":"0","accessDateEnd":""}
=====

select s.id, s.comp_id, s.title, s.quant, s.unit_id, s.comments, s.city from
		sklad_tovar s where visible=1 and (title like 'Ввг%' or title like '% Ввг%') and (title like 'нг%' or title like '% нг%') and (title like 'ls%' or title like '% ls%') and (title like '4х6%' or title like '% 4х6%' or title like '%4x6%') order by  s.title LIMIT 0, 20
q2: select count(id) from sklad_tovar s where visible=1 and (title like 'Ввг%' or title like '% Ввг%') and (title like 'нг%' or title like '% нг%') and (title like 'ls%' or title like '% ls%') and (title like '4х6%' or title like '% 4х6%' or title like '%4x6%')
 auth: 100 
=====
Query:
performedDatetime: 2014-07-31 07:15:38  0000
action: get_company_data
sklad_user: Гость
appleId: BE2E3EDF-1E9E-4A75-99BA-406713D3D90E
sklad_hash: 9fddebf872d2d0411775bdf6c449afc3
company_id: 22345

=====
Response:
{"action":"get_company_data","code":0,"data":{"company_id":22345,"title":"\u041e\u041e\u041e \u042d\u043d\u0435\u0440\u0433\u043e\u0446\u0435\u043d\u0442\u0440-\u0415\u041a","city":"\u0415\u043a\u0430\u0442\u0435\u0440\u0438\u043d\u0431\u0443\u0440\u0433","address":"620017,\u0421\u0432\u0435\u0440\u0434\u043b\u043e\u0432\u0441\u043a\u0430\u044f \u043e\u0431\u043b\u0430\u0441\u0442\u044c, \u0433. \u0415\u043a\u0430\u0442\u0435\u0440\u0438\u043d\u0431\u0443\u0440\u0433, \u0443\u043b. \u0424\u0440\u043e\u043d\u0442\u043e\u0432\u044b\u0445 \u0431\u0440\u0438\u0433\u0430\u0434 14","phone":"(343)378-79-39","email":"managerenergo1@mail.ru","contact":"\u0411\u0435\u0440\u0434\u043d\u0438\u043a\u043e\u0432\u0430 \u0415\u0432\u0433\u0435\u043d\u0438\u044f \u0412\u0430\u043b\u0435\u043d\u0442\u0438\u043d\u043e\u0432\u043d\u0430","goods_count":"61","last_update":"24.07.2014"},"performedDatetime":"2014-07-31T07:15:40Z","authStatus":"0","accessDateEnd":""}
=====

select distinct city from sklad_tovar where comp_id= and city!='' order by city
q2: 
 auth: 100 
=====
Query:
performedDatetime: 2014-07-31 07:15:54  0000
action: get_goods_data
sklad_user: Гость
appleId: BE2E3EDF-1E9E-4A75-99BA-406713D3D90E
sklad_hash: 9fddebf872d2d0411775bdf6c449afc3
searchTerm: Аввг нг 
resultsFrom: 0
sort: 0
cityFilter: 

=====
Response:
{"action":"get_goods_data","searchTerm":"\u0410\u0432\u0432\u0433 \u043d\u0433","resultsFrom":0,"sort":0,"cityFilter":"","code":0,"resultsCount":"3","lastPage":1,"data":[{"name":"\u0410\u0412\u0412\u0413 4\u0445150 \u043d\u0433","amount":"0,02","amount_parts":"","unit":"\u043a\u043c","city":"\u0427\u0435\u043b\u044f\u0431\u0438\u043d\u0441\u043a","company_id":"12455","company_name":"\u041e\u041e\u041e \u042e\u0436\u0443\u0440\u0430\u043b\u043a\u0430\u0431\u0435\u043b\u044c"},{"name":"\u0410\u0412\u0412\u0413 4\u0445185 \u043d\u0433","amount":"0,084","amount_parts":"","unit":"\u043a\u043c","city":"\u0427\u0435\u043b\u044f\u0431\u0438\u043d\u0441\u043a","company_id":"12455","company_name":"\u041e\u041e\u041e \u042e\u0436\u0443\u0440\u0430\u043b\u043a\u0430\u0431\u0435\u043b\u044c"},{"name":"\u0410\u0412\u0412\u0413 5\u0445120 \u043d\u0433","amount":"0,225","amount_parts":"","unit":"\u043a\u043c","city":"\u0427\u0435\u043b\u044f\u0431\u0438\u043d\u0441\u043a","company_id":"12455","company_name":"\u041e\u041e\u041e \u042e\u0436\u0443\u0440\u0430\u043b\u043a\u0430\u0431\u0435\u043b\u044c"}],"performedDatetime":"2014-07-31T07:15:57Z","authStatus":"0","accessDateEnd":""}
=====

select s.id, s.comp_id, s.title, s.quant, s.unit_id, s.comments, s.city from
		sklad_tovar s where visible=1 and (title like 'Аввг%' or title like '% Аввг%' or title like '%Аввг%' or title like '%Аввг%') and (title like 'нг%' or title like '% нг%') order by  s.title LIMIT 0, 20
q2: select count(id) from sklad_tovar s where visible=1 and (title like 'Аввг%' or title like '% Аввг%' or title like '%Аввг%' or title like '%Аввг%') and (title like 'нг%' or title like '% нг%')
 auth: 100 
=====
Query:
performedDatetime: 2014-07-31 07:15:59  0000
action: get_company_data
sklad_user: Гость
appleId: BE2E3EDF-1E9E-4A75-99BA-406713D3D90E
sklad_hash: 9fddebf872d2d0411775bdf6c449afc3
company_id: 12455

=====
Response:
{"action":"get_company_data","code":0,"data":{"company_id":12455,"title":"\u041e\u041e\u041e \u042e\u0436\u0443\u0440\u0430\u043b\u043a\u0430\u0431\u0435\u043b\u044c","city":"\u0427\u0435\u043b\u044f\u0431\u0438\u043d\u0441\u043a","address":"454004, \u0433. \u0427\u0435\u043b\u044f\u0431\u0438\u043d\u0441\u043a, \u0443\u043b. \u0410\u043a. \u041c\u0430\u043a\u0435\u0435\u0432\u0430 15-81","phone":"8(905)830-79-60","email":"uuk_kononov@mail.ru","url":"http:\/\/www.kabel74.ru","contact":"\u0414\u043c\u0438\u0442\u0440\u0438\u0439","goods_count":"219","last_update":"21.07.2014"},"performedDatetime":"2014-07-31T07:16:00Z","authStatus":"0","accessDateEnd":""}
=====

select distinct city from sklad_tovar where comp_id= and city!='' order by city
q2: 
 auth: 100 
=====
Query:
performedDatetime: 2014-07-31 10:36:40  0000
action: get_text

=====
Response:
{"action":"get_text","code":0,"data":"","performedDatetime":"2014-07-31T10:36:40Z","authStatus":"10"}
=====


q2: 
 auth: 0 
=====
Query:
performedDatetime: 2014-07-31 10:37:01  0000
action: get_text

=====
Response:
{"action":"get_text","code":0,"data":"","performedDatetime":"2014-07-31T10:37:01Z","authStatus":"10"}
=====


q2: 
 auth: 0 
=====
Query:
performedDatetime: 2014-07-31 19:11:14  0000
action: get_text

=====
Response:
{"action":"get_text","code":0,"data":"","performedDatetime":"2014-07-31T19:11:14Z","authStatus":"10"}
=====


q2: 
 auth: 0 
=====
Query:
performedDatetime: 2014-07-31 19:11:27  0000
action: get_goods_data
sklad_user: Гость
appleId: DC8D9240-9835-4E83-8B18-52FB0966E464
sklad_hash: d3d6e55c51f999448d678b3002afa4d8
searchTerm: 660645002
resultsFrom: 0
sort: 0
cityFilter: 

=====
Response:
{"action":"get_goods_data","searchTerm":"660645002","resultsFrom":0,"code":0,"resultsCount":"0","data":[],"performedDatetime":"2014-07-31T19:11:26Z","authStatus":"0","accessDateEnd":""}
=====

select s.id, s.comp_id, s.title, s.quant, s.unit_id, s.comments, s.city from
		sklad_tovar s where visible=1 and (title like '660645002%' or title like '% 660645002%') order by  s.title LIMIT 0, 20
q2: select count(id) from sklad_tovar s where visible=1 and (title like '660645002%' or title like '% 660645002%')
 auth: 100 
=====
