Query:
performedDatetime: 2014-08-23 10:38:44  0000
action: check_user_rights
sklad_user: ptv
appleId: 30A4956C-C695-4CDC-B88E-908142699FBC
sklad_hash: d39d8d8e33fc143961d16d2110c8cd08

=====
Response:
{"action":"check_user_rights","code":0,"performedDatetime":"2014-08-23T10:38:46Z","authStatus":"10"}
=====


q2: 
 auth: 0 
=====
Query:
performedDatetime: 2014-08-23 10:39:02  0000
action: get_text

=====
Response:
{"action":"get_text","code":0,"data":"","performedDatetime":"2014-08-23T10:39:05Z","authStatus":"10"}
=====


q2: 
 auth: 0 
=====
