Query:
performedDatetime: 2014-08-20 07:43:50  0000
action: get_text

=====
Response:
{"action":"get_text","code":0,"data":"","performedDatetime":"2014-08-20T07:43:53Z","authStatus":"10"}
=====


q2: 
 auth: 0 
=====
Query:
performedDatetime: 2014-08-20 07:43:58  0000
action: get_goods_data
sklad_user: Гость
appleId: EBDA00CA-E63F-4CBC-AB63-84F8166EA9C4
sklad_hash: 2d066756ae707262e17a309ac4c98bce
searchTerm: Асб2л
resultsFrom: 0
sort: 0
cityFilter: 

=====
Response:
{"action":"get_goods_data","searchTerm":"\u0410\u0441\u04312\u043b","resultsFrom":0,"sort":0,"cityFilter":"","code":0,"resultsCount":"84","lastPage":0,"data":[{"name":"\u0410\u0421\u04112\u043b 23\u0445150 \u043e\u0436 -10","amount":"0,135","amount_parts":"","unit":"\u043a\u043c","city":"\u041f\u0435\u0440\u043c\u044c","company_id":"","company_name":""},{"name":"\u0410\u0421\u04112\u043b 23\u0445185 \u043e\u0436 - 6","amount":"0,045","amount_parts":"","unit":"\u043a\u043c","city":"\u041f\u0435\u0440\u043c\u044c","company_id":"","company_name":""},{"name":"\u0410\u0421\u04112\u043b 3x240-10 \u043a\u0412","amount":"2,37","amount_parts":"0.475; 0.475; 0.47; 0.475; 0.475; ","unit":"\u043a\u043c","city":"\u041a\u0440\u0430\u0441\u043d\u043e\u0434\u0430\u0440","company_id":"","company_name":""},{"name":"\u0410\u0421\u04112\u043b 3x70-10 \u043a\u0412","amount":"0,4","amount_parts":"","unit":"\u043a\u043c","city":"\u041a\u0440\u0430\u0441\u043d\u043e\u0434\u0430\u0440","company_id":"","company_name":""},{"name":"\u0410\u0421\u04112\u043b 3\u0445120","amount":"0,2895","amount_parts":"","unit":"\u043a\u043c","city":"\u0423\u0444\u0430","company_id":"","company_name":""},{"name":"\u0410\u0421\u04112\u043b 3\u0445120 - 10 (\u041e\u0416)","amount":"0,995","amount_parts":"0,495; 0,5; ","unit":"\u043a\u043c","city":"\u041a\u0440\u0430\u0441\u043d\u043e\u0434\u0430\u0440","company_id":"","company_name":""},{"name":"\u0410\u0421\u04112\u043b 3\u0445120 10\u043a\u0412","amount":"0,21","amount_parts":"","unit":"\u043a\u043c","city":"\u0421\u0430\u043d\u043a\u0442-\u041f\u0435\u0442\u0435\u0440\u0431\u0443\u0440\u0433","company_id":"","company_name":""},{"name":"\u0410\u0421\u04112\u043b 3\u0445120 \u043c\u043f-10","amount":"1,921","amount_parts":"","unit":"\u043a\u043c","city":"\u0421\u0430\u043d\u043a\u0442-\u041f\u0435\u0442\u0435\u0440\u0431\u0443\u0440\u0433","company_id":"","company_name":""},{"name":"\u0410\u0421\u04112\u043b 3\u0445120-10","amount":"0,046","amount_parts":"","unit":"\u043a\u043c","city":"\u0421\u0430\u043d\u043a\u0442-\u041f\u0435\u0442\u0435\u0440\u0431\u0443\u0440\u0433","company_id":"","company_name":""},{"name":"\u0410\u0421\u04112\u043b 3\u0445150","amount":"0,05","amount_parts":"","unit":"\u043a\u043c","city":"\u0423\u0444\u0430","company_id":"","company_name":""},{"name":"\u0410\u0421\u04112\u043b 3\u0445150 (\u043e\u0436)-10","amount":"0,1","amount_parts":"","unit":"\u043a\u043c","city":"\u0421\u0430\u043d\u043a\u0442-\u041f\u0435\u0442\u0435\u0440\u0431\u0443\u0440\u0433","company_id":"","company_name":""},{"name":"\u0410\u0421\u04112\u043b 3\u0445150 - 10 (\u041e\u0416)","amount":"0,23","amount_parts":"","unit":"\u043a\u043c","city":"\u041a\u0440\u0430\u0441\u043d\u043e\u0434\u0430\u0440","company_id":"","company_name":""},{"name":"\u0410\u0421\u04112\u043b 3\u0445150 \u043e\u0436 -10","amount":"0,135","amount_parts":"","unit":"\u043a\u043c","city":"\u041f\u0435\u0440\u043c\u044c","company_id":"","company_name":""},{"name":"\u0410\u0421\u04112\u043b 3\u0445185 (\u043e\u0436)-10","amount":"0,285","amount_parts":"0,145; 0,140","unit":"\u043a\u043c","city":"\u0421\u0430\u043d\u043a\u0442-\u041f\u0435\u0442\u0435\u0440\u0431\u0443\u0440\u0433","company_id":"","company_name":""},{"name":"\u0410\u0421\u04112\u043b 3\u0445185 10\u043a\u0412","amount":"0,262","amount_parts":"","unit":"\u043a\u043c","city":"\u0421\u0430\u043d\u043a\u0442-\u041f\u0435\u0442\u0435\u0440\u0431\u0443\u0440\u0433","company_id":"","company_name":""},{"name":"\u0410\u0421\u04112\u043b 3\u0445185(\u043e\u0436)-10","amount":"0,261","amount_parts":"","unit":"\u043a\u043c","city":"\u041a\u0440\u0430\u0441\u043d\u043e\u0434\u0430\u0440","company_id":"","company_name":""},{"name":"\u0410\u0421\u04112\u043b 3\u0445240 (\u043e\u0436)-10","amount":"0,315","amount_parts":"0,045; 0,125; 0,145","unit":"\u043a\u043c","city":"\u0421\u0430\u043d\u043a\u0442-\u041f\u0435\u0442\u0435\u0440\u0431\u0443\u0440\u0433","company_id":"","company_name":""},{"name":"\u0410\u0421\u04112\u043b 3\u0445240 - 10 (\u043c\u043d)","amount":"14,058","amount_parts":"0,49; 0,475; 0,44; 0,475; 0,49; 0,455; 0,475; 0,475; 0,475; 0,475; 0,333; 0,48; 0,475; 0,48; 0,475; 0,46; 0,47; 0,475; 0,475; 0,47; 0,475; 0,475; 0,48; 0,465; 0,47; 0,475; 0,475; 0,47; 0,465; 0,49; ","unit":"\u043a\u043c","city":"\u041a\u0440\u0430\u0441\u043d\u043e\u0434\u0430\u0440","company_id":"","company_name":""},{"name":"\u0410\u0421\u04112\u043b 3\u0445240 - 10 (\u041e\u0416)","amount":"5,332","amount_parts":"0,315; 0,315; 0,31; 0,31; 0,51; 0,515; 0,515; 0,51; 0,51; 0,507; 0,515; 0,5; ","unit":"\u043a\u043c","city":"\u041a\u0440\u0430\u0441\u043d\u043e\u0434\u0430\u0440","company_id":"","company_name":""},{"name":"\u0410\u0421\u04112\u043b 3\u0445240 10\u043a\u0412","amount":"0,304","amount_parts":"","unit":"\u043a\u043c","city":"\u0421\u0430\u043d\u043a\u0442-\u041f\u0435\u0442\u0435\u0440\u0431\u0443\u0440\u0433","company_id":"","company_name":""}],"performedDatetime":"2014-08-20T07:44:01Z","authStatus":"10"}
=====

select s.id, s.comp_id, s.title, s.quant, s.unit_id, s.comments, s.city from
		sklad_tovar s where visible=1 and (title like 'Асб2л%' or title like '% Асб2л%' or title like '%Асб2л%' or title like '%Асб2л%') order by  s.title LIMIT 0, 20
q2: select count(id) from sklad_tovar s where visible=1 and (title like 'Асб2л%' or title like '% Асб2л%' or title like '%Асб2л%' or title like '%Асб2л%')
 auth: 0 
=====
Query:
performedDatetime: 2014-08-20 07:44:12  0000
action: get_goods_data
sklad_user: Гость
appleId: EBDA00CA-E63F-4CBC-AB63-84F8166EA9C4
sklad_hash: 2d066756ae707262e17a309ac4c98bce
searchTerm: Асб2л 4х120
resultsFrom: 0
sort: 0
cityFilter: 

=====
Response:
{"action":"get_goods_data","searchTerm":"\u0410\u0441\u04312\u043b 4\u0445120","resultsFrom":0,"sort":0,"cityFilter":"","code":0,"resultsCount":"1","lastPage":1,"data":[{"name":"\u0410\u0421\u04112\u043b-1 4\u0445120 \u043e\u0436","amount":"0,1","amount_parts":"","unit":"\u043a\u043c","city":"\u041d\u043e\u0432\u043e\u043c\u043e\u0441\u043a\u043e\u0432\u0441\u043a","company_id":"","company_name":""}],"performedDatetime":"2014-08-20T07:44:14Z","authStatus":"10"}
=====

select s.id, s.comp_id, s.title, s.quant, s.unit_id, s.comments, s.city from
		sklad_tovar s where visible=1 and (title like 'Асб2л%' or title like '% Асб2л%' or title like '%Асб2л%' or title like '%Асб2л%') and (title like '4х120%' or title like '% 4х120%' or title like '%4x120%') order by  s.title LIMIT 0, 20
q2: select count(id) from sklad_tovar s where visible=1 and (title like 'Асб2л%' or title like '% Асб2л%' or title like '%Асб2л%' or title like '%Асб2л%') and (title like '4х120%' or title like '% 4х120%' or title like '%4x120%')
 auth: 0 
=====
Query:
performedDatetime: 2014-08-20 07:44:14  0000
action: get_company_data
sklad_user: Гость
appleId: EBDA00CA-E63F-4CBC-AB63-84F8166EA9C4
sklad_hash: 2d066756ae707262e17a309ac4c98bce
company_id: 

=====
Response:
{"action":"get_company_data","company_id":0,"code":30,"techMessage":"\u041a\u0430\u043a \u0433\u043e\u0441\u0442\u044c, \u0432\u044b \u043d\u0435 \u043c\u043e\u0436\u0435\u0442\u0435 \u043f\u0440\u043e\u0441\u043c\u0430\u0442\u0440\u0438\u0432\u0430\u0442\u044c \u043d\u0430\u0437\u0432\u0430\u043d\u0438\u044f \u0438 \u043a\u043e\u043d\u0442\u0430\u043a\u0442\u043d\u044b\u0435 \u0434\u0430\u043d\u043d\u044b\u0435 \u043f\u043e\u0441\u0442\u0430\u0432\u0449\u0438\u043a\u043e\u0432","performedDatetime":"2014-08-20T07:44:16Z","authStatus":"10"}
=====


q2: 
 auth: 0 
=====
Query:
performedDatetime: 2014-08-20 07:44:25  0000
action: check_user_rights
sklad_user: 
appleId: EBDA00CA-E63F-4CBC-AB63-84F8166EA9C4
sklad_hash: 2d066756ae707262e17a309ac4c98bce

=====
Response:
{"action":"check_user_rights","code":0,"performedDatetime":"2014-08-20T07:44:27Z","authStatus":"10"}
=====


q2: 
 auth: 0 
=====
Query:
performedDatetime: 2014-08-20 07:44:27  0000
action: get_text

=====
Response:
{"action":"get_text","code":0,"data":"","performedDatetime":"2014-08-20T07:44:29Z","authStatus":"10"}
=====


q2: 
 auth: 0 
=====
Query:
performedDatetime: 2014-08-20 07:47:05  0000
action: check_user_rights
sklad_user: Artmyev
appleId: EBDA00CA-E63F-4CBC-AB63-84F8166EA9C4
sklad_hash: 12582bddee7c67f833320a9aaaa69299

=====
Response:
{"action":"check_user_rights","code":0,"performedDatetime":"2014-08-20T07:47:07Z","authStatus":"10"}
=====


q2: 
 auth: 0 
=====
Query:
performedDatetime: 2014-08-20 07:47:10  0000
action: check_user_rights
sklad_user: Artmyev
appleId: EBDA00CA-E63F-4CBC-AB63-84F8166EA9C4
sklad_hash: 12582bddee7c67f833320a9aaaa69299

=====
Response:
{"action":"check_user_rights","code":0,"performedDatetime":"2014-08-20T07:47:13Z","authStatus":"10"}
=====


q2: 
 auth: 0 
=====
Query:
performedDatetime: 2014-08-20 18:19:04  0000
action: get_text

=====
Response:
{"action":"get_text","code":0,"data":"","performedDatetime":"2014-08-20T18:19:04Z","authStatus":"10"}
=====


q2: 
 auth: 0 
=====
Query:
performedDatetime: 2014-08-20 18:19:15  0000
action: get_goods_data
sklad_user: Гость
appleId: 95FDDF29-AD71-480C-AEBB-6E5709BE6A63
sklad_hash: 8c4f30c4ca2d41e831d063018d8efff1
searchTerm: Ttt
resultsFrom: 0
sort: 0
cityFilter: 

=====
Response:
{"action":"get_goods_data","searchTerm":"Ttt","resultsFrom":0,"code":0,"resultsCount":"0","data":[],"performedDatetime":"2014-08-20T18:19:15Z","authStatus":"0","accessDateEnd":""}
=====

select s.id, s.comp_id, s.title, s.quant, s.unit_id, s.comments, s.city from
		sklad_tovar s where visible=1 and (title like 'Ttt%' or title like '% Ttt%') order by  s.title LIMIT 0, 20
q2: select count(id) from sklad_tovar s where visible=1 and (title like 'Ttt%' or title like '% Ttt%')
 auth: 100 
=====
