Query:
performedDatetime: 2014-08-05 20:48:34  0000
action: get_text

=====
Response:
{"action":"get_text","code":0,"data":"","performedDatetime":"2014-08-05T20:48:35Z","authStatus":"10"}
=====


q2: 
 auth: 0 
=====
Query:
performedDatetime: 2014-08-05 23:01:14  0000
action: get_text

=====
Response:
{"action":"get_text","code":0,"data":"","performedDatetime":"2014-08-05T23:01:12Z","authStatus":"10"}
=====


q2: 
 auth: 0 
=====
Query:
performedDatetime: 2014-08-05 23:01:31  0000
action: get_goods_data
sklad_user: Гость
appleId: 717697E8-DE1D-4807-9A79-D2D9DD3A049B
sklad_hash: 96c9f8f075513bc14984e0badbb9c0a2
searchTerm: Лужанська
resultsFrom: 0
sort: 0
cityFilter: 

=====
Response:
{"action":"get_goods_data","searchTerm":"\u041b\u0443\u0436\u0430\u043d\u0441\u044c\u043a\u0430","resultsFrom":0,"code":0,"resultsCount":"0","data":[],"performedDatetime":"2014-08-05T23:01:28Z","authStatus":"0","accessDateEnd":""}
=====

select s.id, s.comp_id, s.title, s.quant, s.unit_id, s.comments, s.city from
		sklad_tovar s where visible=1 and (title like 'Лужанська%' or title like '% Лужанська%') order by  s.title LIMIT 0, 20
q2: select count(id) from sklad_tovar s where visible=1 and (title like 'Лужанська%' or title like '% Лужанська%')
 auth: 100 
=====
Query:
performedDatetime: 2014-08-06 00:34:37  0000
action: check_user_rights
sklad_user: zylsr
appleId: D59C4133-A654-49A0-A5A6-FFB1CCC66A2F
sklad_hash: 285898be4fad509b895134ae8e972817

=====
Response:
{"action":"check_user_rights","code":0,"performedDatetime":"2014-08-06T00:34:34Z","authStatus":"10"}
=====


q2: 
 auth: 0 
=====
Query:
performedDatetime: 2014-08-06 00:34:52  0000
action: get_text

=====
Response:
{"action":"get_text","code":0,"data":"","performedDatetime":"2014-08-06T00:34:47Z","authStatus":"10"}
=====


q2: 
 auth: 0 
=====
Query:
performedDatetime: 2014-08-06 00:35:25  0000
action: get_goods_data
sklad_user: Гость
appleId: D59C4133-A654-49A0-A5A6-FFB1CCC66A2F
sklad_hash: 8665118496654ba8b200c3c1ec569185
searchTerm: ААБл 3х95
resultsFrom: 0
sort: 0
cityFilter: 

=====
Response:
{"action":"get_goods_data","searchTerm":"\u0410\u0410\u0411\u043b 3\u044595","resultsFrom":0,"sort":0,"cityFilter":"","code":0,"resultsCount":"44","lastPage":0,"data":[{"name":"\u0410\u0410\u0411\u043b 10 \u043a\u0412 3\u044595","amount":"0,195","amount_parts":"","unit":"\u043a\u043c","city":"\u041c\u043e\u0441\u043a\u0432\u0430","company_id":"17087","company_name":"\u043e\u043e\u043e \u041b\u042d\u041f \u041f\u043e\u0441\u0442\u0430\u0432\u043a\u0430"},{"name":"\u0410\u0410\u0411\u043b 3x95-10 \u043a\u0412","amount":"5,721","amount_parts":"0.15; 0.16; 0.085; 0.285; 0.135; 0.116; 0.26; 0.13; 0.18; 0.11; 0.21; 0.16; 0.11; 0.162; 0.11; 0.11; 0.12; 0.245; 0.12; 0.215; 0.365; 0.115; 0.19; 0.315; 0.21; 0.12; 0.115; 0.258; 0.57; 0.29; ","unit":"\u043a\u043c","city":"\u041a\u0440\u0430\u0441\u043d\u043e\u0434\u0430\u0440","company_id":"4151","company_name":"\u041e\u041e\u041e \u042d\u043b\u0435\u043a\u0442\u0440\u043e\u0442\u0435\u0445\u043d\u0438\u0447\u0435\u0441\u043a\u0430\u044f \u043a\u043e\u043c\u043f\u0430\u043d\u0438\u044f"},{"name":"\u0410\u0410\u0411\u043b 3x95-6 \u043a\u0412","amount":"0,78","amount_parts":"0.145; 0.12; 0.145; 0.37; ","unit":"\u043a\u043c","city":"\u041a\u0440\u0430\u0441\u043d\u043e\u0434\u0430\u0440","company_id":"4151","company_name":"\u041e\u041e\u041e \u042d\u043b\u0435\u043a\u0442\u0440\u043e\u0442\u0435\u0445\u043d\u0438\u0447\u0435\u0441\u043a\u0430\u044f \u043a\u043e\u043c\u043f\u0430\u043d\u0438\u044f"},{"name":"\u0410\u0410\u0411\u043b 3\u044595","amount":"0,042","amount_parts":"","unit":"\u043a\u043c","city":"\u0423\u0444\u0430","company_id":"8479","company_name":"\u0427\u0430\u0441\u0442\u043d\u0430\u044f \u0421\u041a-\u0423\u0420\u0410\u041b"},{"name":"\u0410\u0410\u0411\u043b 3\u044595 (\u043e\u0436)-6","amount":"0,67","amount_parts":"0,170; 0,500","unit":"\u043a\u043c","city":"\u0425\u0430\u0431\u0430\u0440\u043e\u0432\u0441\u043a","company_id":"18682","company_name":"\u041e\u041e\u041e \"\u041a\u0430\u043c\u0441\u043a\u0438\u0439 \u043a\u0430\u0431\u0435\u043b\u044c\""},{"name":"\u0410\u0410\u0411\u041b 3\u044595 - 10 (\u043c\u043d)","amount":"3,429","amount_parts":"0.69; 0.86; 0.535; 0.21; 0.1; 0.585; 0.449; ","unit":"\u043a\u043c","city":"\u041d\u0438\u0436\u043d\u0438\u0439 \u041d\u043e\u0432\u0433\u043e\u0440\u043e\u0434","company_id":"5022","company_name":"\u041e\u041e\u041e \u0422\u0414 \u0423\u043d\u043a\u043e\u043c\u0442\u0435\u0445"},{"name":"\u0410\u0410\u0411\u041b 3\u044595 - 10 (\u043c\u043d)","amount":"16,335","amount_parts":"0,5; 0,565; 0,51; 0,525; 0,525; 0,53; 0,495; 0,525; 0,53; 0,525; 0; 0,505; 0,485; 0,38; 0,49; 0,49; 0,535; 0,5; 0,528; 0,527; 0; 0,485; 0,635; 0,525; 0,84; 0,86; 0; 0,535; 0,58; 0,585; 0,69; 0,21; 0,27; 0; 0; 0,135; 0; 0,315; ","unit":"\u043a\u043c","city":"\u041a\u0440\u0430\u0441\u043d\u043e\u0434\u0430\u0440","company_id":"19805","company_name":"\u041e\u041e\u041e \u0422\u0414 \"\u042e\u0436\u043d\u0430\u044f \u043a\u0430\u0431\u0435\u043b\u044c\u043d\u0430\u044f \u043a\u043e\u043c\u043f\u0430\u043d\u0438\u044f\""},{"name":"\u0410\u0410\u0411\u041b 3\u044595 - 10 (\u041e\u0416)","amount":"2,263","amount_parts":"0.76; 0.768; 0.525; 0.21; ","unit":"\u043a\u043c","city":"\u041d\u0438\u0436\u043d\u0438\u0439 \u041d\u043e\u0432\u0433\u043e\u0440\u043e\u0434","company_id":"5022","company_name":"\u041e\u041e\u041e \u0422\u0414 \u0423\u043d\u043a\u043e\u043c\u0442\u0435\u0445"},{"name":"\u0410\u0410\u0411\u041b 3\u044595 - 10 (\u041e\u0416)","amount":"8,727","amount_parts":"0; 0,77; 0,75; 0; 0,75; 0,436; 0,465; 0,498; 0,425; 0,76; 0,768; 0,525; 0,265; 0,21; 0,61; 0,61; 0,885; 0; ","unit":"\u043a\u043c","city":"\u041a\u0440\u0430\u0441\u043d\u043e\u0434\u0430\u0440","company_id":"19805","company_name":"\u041e\u041e\u041e \u0422\u0414 \"\u042e\u0436\u043d\u0430\u044f \u043a\u0430\u0431\u0435\u043b\u044c\u043d\u0430\u044f \u043a\u043e\u043c\u043f\u0430\u043d\u0438\u044f\""},{"name":"\u0410\u0410\u0411\u043b 3\u044595(\u043e\u0436)-10","amount":"0,745","amount_parts":"0,15; 0,12; 0,035; 0,115; 0,22; 0,105; ","unit":"\u043a\u043c","city":"\u041a\u0440\u0430\u0441\u043d\u043e\u0434\u0430\u0440","company_id":"19805","company_name":"\u041e\u041e\u041e \u0422\u0414 \"\u042e\u0436\u043d\u0430\u044f \u043a\u0430\u0431\u0435\u043b\u044c\u043d\u0430\u044f \u043a\u043e\u043c\u043f\u0430\u043d\u0438\u044f\""},{"name":"\u0410\u0410\u0411\u043b 3\u044595(\u043e\u0436)-6","amount":"0,98","amount_parts":"0,24; 0,13; 0,5; 0,11; ","unit":"\u043a\u043c","city":"\u041a\u0440\u0430\u0441\u043d\u043e\u0434\u0430\u0440","company_id":"19805","company_name":"\u041e\u041e\u041e \u0422\u0414 \"\u042e\u0436\u043d\u0430\u044f \u043a\u0430\u0431\u0435\u043b\u044c\u043d\u0430\u044f \u043a\u043e\u043c\u043f\u0430\u043d\u0438\u044f\""},{"name":"\u0410\u0410\u0411\u043b 3\u044595-10","amount":"0,87","amount_parts":"0,05; 0,19; 0,48; 0,15; ","unit":"\u043a\u043c","city":"\u041a\u0440\u0430\u0441\u043d\u043e\u0434\u0430\u0440","company_id":"19805","company_name":"\u041e\u041e\u041e \u0422\u0414 \"\u042e\u0436\u043d\u0430\u044f \u043a\u0430\u0431\u0435\u043b\u044c\u043d\u0430\u044f \u043a\u043e\u043c\u043f\u0430\u043d\u0438\u044f\""},{"name":"\u0410\u0410\u0411\u043b 3\u044595-10 (\u043e\u0436)","amount":"1,573","amount_parts":"","unit":"\u043a\u043c","city":"\u041a\u0440\u0430\u0441\u043d\u043e\u044f\u0440\u0441\u043a","company_id":"12240","company_name":"\u041e\u041e\u041e \u042d\u043d\u0435\u0440\u0433\u043e\u0441\u0438\u0441\u0442\u0435\u043c\u0441"},{"name":"\u0410\u0410\u0411\u043b 3\u044595-6","amount":"1,325","amount_parts":"0,26; 0,26; 0,325; 0,48; ","unit":"\u043a\u043c","city":"\u041a\u0440\u0430\u0441\u043d\u043e\u0434\u0430\u0440","company_id":"19805","company_name":"\u041e\u041e\u041e \u0422\u0414 \"\u042e\u0436\u043d\u0430\u044f \u043a\u0430\u0431\u0435\u043b\u044c\u043d\u0430\u044f \u043a\u043e\u043c\u043f\u0430\u043d\u0438\u044f\""},{"name":"\u0410\u0410\u0411\u041b 3\u044595\u043e\u0436 10 \u043a\u0412","amount":"0,952","amount_parts":"","unit":"\u043a\u043c","city":"\u041d\u043e\u0432\u043e\u0441\u0438\u0431\u0438\u0440\u0441\u043a","company_id":"15992","company_name":"\u041e\u041e\u041e \u042d\u0422\u0421-\u042d\u043b\u0441\u0438\u0441"},{"name":"\u0410\u0410\u0411\u043b- 6 3\u044595","amount":"0,096","amount_parts":"","unit":"\u043a\u043c","city":"\u0427\u0435\u043b\u044f\u0431\u0438\u043d\u0441\u043a","company_id":"12455","company_name":"\u041e\u041e\u041e \u042e\u0436\u0443\u0440\u0430\u043b\u043a\u0430\u0431\u0435\u043b\u044c"},{"name":"\u0410\u0410\u0411\u041b-1 3\u044595","amount":"0,265","amount_parts":"","unit":"\u043a\u043c","city":"\u041f\u0435\u0440\u043c\u044c","company_id":"11082","company_name":"\u041e\u041e\u041e \u0421\u0442\u0440\u043e\u0439\u043a\u0430\u0431\u0435\u043b\u044c"},{"name":"\u0410\u0410\u0411\u043b-10 3\u044595","amount":"4","amount_parts":"","unit":"\u043a\u043c","city":"\u041a\u0440\u0430\u0441\u043d\u043e\u044f\u0440\u0441\u043a","company_id":"8363","company_name":"\u041e\u041e\u041e \u0421\u0438\u0431\u0421\u0442\u0440\u043e\u0439\u0420\u0435\u0441\u0443\u0440\u0441 2000"},{"name":"\u0410\u0410\u0411\u041b-10 3\u044595","amount":"0,118","amount_parts":"","unit":"\u043a\u043c","city":"\u041f\u0435\u0440\u043c\u044c","company_id":"17570","company_name":"\u041e\u041e\u041e \u042d\u043b\u0435\u043a\u0442\u0440\u043e\u0422\u0435\u0445\u041a\u0430\u0431\u0435\u043b\u044c"},{"name":"\u0410\u0410\u0411\u041b-10 3\u044595","amount":"0,455","amount_parts":"","unit":"\u043a\u043c","city":"\u041f\u0435\u0440\u043c\u044c","company_id":"18149","company_name":"\u041e\u041e\u041e \u041f\u0440\u043e\u043c\u0422\u042d\u041a"}],"performedDatetime":"2014-08-06T00:35:21Z","authStatus":"0","accessDateEnd":""}
=====

select s.id, s.comp_id, s.title, s.quant, s.unit_id, s.comments, s.city from
		sklad_tovar s where visible=1 and (title like 'ААБл%' or title like '% ААБл%' or title like '%ААБл%' or title like '%ААБл%') and (title like '3х95%' or title like '% 3х95%' or title like '%3x95%') order by  s.title LIMIT 0, 20
q2: select count(id) from sklad_tovar s where visible=1 and (title like 'ААБл%' or title like '% ААБл%' or title like '%ААБл%' or title like '%ААБл%') and (title like '3х95%' or title like '% 3х95%' or title like '%3x95%')
 auth: 100 
=====
Query:
performedDatetime: 2014-08-06 00:35:34  0000
action: get_company_data
sklad_user: Гость
appleId: D59C4133-A654-49A0-A5A6-FFB1CCC66A2F
sklad_hash: 8665118496654ba8b200c3c1ec569185
company_id: 4151

=====
Response:
{"action":"get_company_data","code":0,"data":{"company_id":4151,"title":"\u041e\u041e\u041e \u042d\u043b\u0435\u043a\u0442\u0440\u043e\u0442\u0435\u0445\u043d\u0438\u0447\u0435\u0441\u043a\u0430\u044f \u043a\u043e\u043c\u043f\u0430\u043d\u0438\u044f","city":"\u041a\u0440\u0430\u0441\u043d\u043e\u0434\u0430\u0440","address":"\u041a\u0440\u0430\u0441\u043d\u043e\u0434\u0430\u0440 \u0443\u043b.\u041d\u043e\u0432\u043e\u0440\u043e\u0441\u0441\u0438\u0439\u0441\u043a\u0430\u044f \u0434.232","phone":"+7 (861)  203-40-78 \u043c\u043d\u043e\u0433\u043e\u043a\u0430\u043d\u0430\u043b\u044c\u043d\u044b\u0439","email":"krd@enprofi.ru","url":"http:\/\/energoprofi23.ru","contact":"\u041e\u0442\u0434\u0435\u043b \u043f\u0440\u043e\u0434\u0430\u0436","goods_count":"619","last_update":"14.07.2014"},"performedDatetime":"2014-08-06T00:35:30Z","authStatus":"0","accessDateEnd":""}
=====

select distinct city from sklad_tovar where comp_id= and city!='' order by city
q2: 
 auth: 100 
=====
Query:
performedDatetime: 2014-08-06 00:38:21  0000
action: check_user_rights
sklad_user: kabelinvest@mail.ru
appleId: D59C4133-A654-49A0-A5A6-FFB1CCC66A2F
sklad_hash: 285898be4fad509b895134ae8e972817

=====
Response:
{"action":"check_user_rights","code":0,"performedDatetime":"2014-08-06T00:38:17Z","authStatus":"10"}
=====


q2: 
 auth: 0 
=====
Query:
performedDatetime: 2014-08-06 00:39:07  0000
action: check_user_rights
sklad_user: zylsr
appleId: D59C4133-A654-49A0-A5A6-FFB1CCC66A2F
sklad_hash: 285898be4fad509b895134ae8e972817

=====
Response:
{"action":"check_user_rights","code":0,"performedDatetime":"2014-08-06T00:39:03Z","authStatus":"10"}
=====


q2: 
 auth: 0 
=====
Query:
performedDatetime: 2014-08-06 00:39:30  0000
action: check_user_rights
sklad_user: zylsr
appleId: D59C4133-A654-49A0-A5A6-FFB1CCC66A2F
sklad_hash: 285898be4fad509b895134ae8e972817

=====
Response:
{"action":"check_user_rights","code":0,"performedDatetime":"2014-08-06T00:39:26Z","authStatus":"10"}
=====


q2: 
 auth: 0 
=====
Query:
performedDatetime: 2014-08-06 00:39:56  0000
action: check_user_rights
sklad_user: zylsr
appleId: D59C4133-A654-49A0-A5A6-FFB1CCC66A2F
sklad_hash: 18a579993fd787d7e53e3a8e838fdee9

=====
Response:
{"action":"check_user_rights","code":0,"performedDatetime":"2014-08-06T00:39:52Z","authStatus":"10"}
=====


q2: 
 auth: 0 
=====
Query:
performedDatetime: 2014-08-06 00:40:24  0000
action: check_user_rights
sklad_user: zylsr
appleId: D59C4133-A654-49A0-A5A6-FFB1CCC66A2F
sklad_hash: 285898be4fad509b895134ae8e972817

=====
Response:
{"action":"check_user_rights","code":0,"performedDatetime":"2014-08-06T00:40:19Z","authStatus":"10"}
=====


q2: 
 auth: 0 
=====
Query:
performedDatetime: 2014-08-06 00:50:57  0000
action: check_user_rights
sklad_user: zylsr
appleId: D59C4133-A654-49A0-A5A6-FFB1CCC66A2F
sklad_hash: 20386a91fbc05a932d5e05579b8f65c7

=====
Response:
{"action":"check_user_rights","code":0,"performedDatetime":"2014-08-06T00:50:53Z","authStatus":"10"}
=====


q2: 
 auth: 0 
=====
Query:
performedDatetime: 2014-08-06 00:52:57  0000
action: check_user_rights
sklad_user: kabelinvest@icloud.com
appleId: D59C4133-A654-49A0-A5A6-FFB1CCC66A2F
sklad_hash: 20386a91fbc05a932d5e05579b8f65c7

=====
Response:
{"action":"check_user_rights","code":0,"performedDatetime":"2014-08-06T00:52:53Z","authStatus":"10"}
=====


q2: 
 auth: 0 
=====
Query:
performedDatetime: 2014-08-06 00:53:26  0000
action: check_user_rights
sklad_user: kabelinvest@icloud.com
appleId: D59C4133-A654-49A0-A5A6-FFB1CCC66A2F
sklad_hash: 285898be4fad509b895134ae8e972817

=====
Response:
{"action":"check_user_rights","code":0,"performedDatetime":"2014-08-06T00:53:22Z","authStatus":"10"}
=====


q2: 
 auth: 0 
=====
Query:
performedDatetime: 2014-08-06 01:02:48  0000
action: check_user_rights
sklad_user: kabelinvest@icloud.com
appleId: D59C4133-A654-49A0-A5A6-FFB1CCC66A2F
sklad_hash: 285898be4fad509b895134ae8e972817

=====
Response:
{"action":"check_user_rights","code":0,"performedDatetime":"2014-08-06T01:02:43Z","authStatus":"10"}
=====


q2: 
 auth: 0 
=====
Query:
performedDatetime: 2014-08-06 01:05:07  0000
action: check_user_rights
sklad_user: kabelinvest@icloud.com
appleId: D59C4133-A654-49A0-A5A6-FFB1CCC66A2F
sklad_hash: 285898be4fad509b895134ae8e972817

=====
Response:
{"action":"check_user_rights","code":0,"performedDatetime":"2014-08-06T01:05:02Z","authStatus":"10"}
=====


q2: 
 auth: 0 
=====
Query:
performedDatetime: 2014-08-06 01:07:04  0000
action: check_user_rights
sklad_user: kabelinvest@icloud.com
appleId: D59C4133-A654-49A0-A5A6-FFB1CCC66A2F
sklad_hash: 20386a91fbc05a932d5e05579b8f65c7

=====
Response:
{"action":"check_user_rights","code":0,"performedDatetime":"2014-08-06T01:07:00Z","authStatus":"10"}
=====


q2: 
 auth: 0 
=====
Query:
performedDatetime: 2014-08-06 06:15:56  0000
action: get_text

=====
Response:
{"action":"get_text","code":0,"data":"","performedDatetime":"2014-08-06T06:15:57Z","authStatus":"10"}
=====


q2: 
 auth: 0 
=====
Query:
performedDatetime: 2014-08-06 06:16:19  0000
action: get_goods_data
sklad_user: Гость
appleId: 083599AA-EA37-4EE9-AD32-FD3D0B22B31B
sklad_hash: 05e643e1d204b3a6fa0f87350a9756d3
searchTerm: Сип 2а
resultsFrom: 0
sort: 0
cityFilter: 

=====
Response:
{"action":"get_goods_data","searchTerm":"\u0421\u0438\u043f 2\u0430","resultsFrom":0,"sort":0,"cityFilter":"","code":0,"resultsCount":"4","lastPage":1,"data":[{"name":"\u0421\u0418\u041f 2\u0410 3\u044535+1\u044554.6+1\u044516","amount":"0,14","amount_parts":"","unit":"\u043a\u043c","city":"\u041c\u043e\u0441\u043a\u0432\u0430","company_id":"8256","company_name":"\u041e\u041e\u041e \u0410\u0432\u0430\u043b\u043e\u043d-\u041a\u0430\u0431\u0435\u043b\u044c"},{"name":"\u0421\u0418\u041f 2\u0410 3\u044550+1\u044550","amount":"0,075","amount_parts":"","unit":"\u043a\u043c","city":"\u0412\u043e\u043b\u043e\u0433\u0434\u0430","company_id":"8168","company_name":"\u041e\u041e\u041e \u00ab\u0422\u0435\u0445\u043d\u043e\u043a\u0430\u0431\u0435\u043b\u044c \u041c\u00bb \u041c\u043e\u0441\u043a\u0432\u0430"},{"name":"\u0421\u0418\u041f 2\u0410 3\u044550+1\u044554, 6-1","amount":"0,01","amount_parts":"","unit":"\u043a\u043c","city":"\u041c\u043e\u0441\u043a\u0432\u0430","company_id":"8168","company_name":"\u041e\u041e\u041e \u00ab\u0422\u0435\u0445\u043d\u043e\u043a\u0430\u0431\u0435\u043b\u044c \u041c\u00bb \u041c\u043e\u0441\u043a\u0432\u0430"},{"name":"\u0421\u0418\u041f 2\u0410 4\u044516","amount":"0,22","amount_parts":"","unit":"\u043a\u043c","city":"\u041f\u0435\u0440\u043c\u044c","company_id":"10969","company_name":"\u041e\u041e\u041e \u0410\u0428\u0422\u0420\u0415\u0412\u0415\u041b"}],"performedDatetime":"2014-08-06T06:16:21Z","authStatus":"0","accessDateEnd":""}
=====

select s.id, s.comp_id, s.title, s.quant, s.unit_id, s.comments, s.city from
		sklad_tovar s where visible=1 and (title like 'Сип%' or title like '% Сип%') and (title like '2а%' or title like '% 2а%') order by  s.title LIMIT 0, 20
q2: select count(id) from sklad_tovar s where visible=1 and (title like 'Сип%' or title like '% Сип%') and (title like '2а%' or title like '% 2а%')
 auth: 100 
=====
Query:
performedDatetime: 2014-08-06 06:16:29  0000
action: get_company_data
sklad_user: Гость
appleId: 083599AA-EA37-4EE9-AD32-FD3D0B22B31B
sklad_hash: 05e643e1d204b3a6fa0f87350a9756d3
company_id: 8168

=====
Response:
{"action":"get_company_data","code":0,"data":{"company_id":8168,"title":"\u041e\u041e\u041e \u00ab\u0422\u0435\u0445\u043d\u043e\u043a\u0430\u0431\u0435\u043b\u044c \u041c\u00bb \u041c\u043e\u0441\u043a\u0432\u0430","city":"\u041c\u043e\u0441\u043a\u0432\u0430","address":"117513, \u0433. \u041c\u043e\u0441\u043a\u0432\u0430, \u041b\u0435\u043d\u0438\u043d\u0441\u043a\u0438\u0439 \u043f\u0440\u043e\u0441\u043f\u0435\u043a\u0442, \u0434. 121\/1, \u043a\u043e\u0440\u043f.2","phone":"(495) 781-06-11","email":"amosova@tmet.ru","url":"http:\/\/www.cabletm.ru ","contact":"\u0410\u043c\u043e\u0441\u043e\u0432\u0430 \u041d\u0430\u0442\u0430\u043b\u044c\u044f \u042e\u0440\u044c\u0435\u0432\u043d\u0430","goods_count":"1243","last_update":"24.07.2014"},"performedDatetime":"2014-08-06T06:16:28Z","authStatus":"0","accessDateEnd":""}
=====

select distinct city from sklad_tovar where comp_id= and city!='' order by city
q2: 
 auth: 100 
=====
Query:
performedDatetime: 2014-08-06 12:52:13  0000
action: get_text

=====
Response:
{"action":"get_text","code":0,"data":"","performedDatetime":"2014-08-06T12:52:15Z","authStatus":"10"}
=====


q2: 
 auth: 0 
=====
Query:
performedDatetime: 2014-08-06 12:52:23  0000
action: get_goods_data
sklad_user: Гость
appleId: 06089A97-F0E6-4457-A770-2F1454B7D4B3
sklad_hash: c4ae43f6e41e84b9c187aec54f6c492c
searchTerm: 1
resultsFrom: 0
sort: 0
cityFilter: 

=====
Response:
{"action":"get_goods_data","searchTerm":"1","resultsFrom":0,"sort":0,"cityFilter":"","code":0,"resultsCount":"22222","lastPage":0,"data":[{"name":"\"\u0422\u0415\u041b\u0421\u0418\u041b\" 1\u044550-20+\u0414\u041f\u041e-\u041f-08\u0415","amount":"0,992","amount_parts":"","unit":"\u043a\u043c","city":"\u041b\u044e\u0434\u0438\u043d\u043e\u0432\u043e","company_id":"18613","company_name":"\u041b\u044e\u0434\u0438\u043d\u043e\u0432\u043e\u043a\u0430\u0431\u0435\u043b\u044c, \u0417\u0410\u041e \u00ab\u0410\u0442\u043e\u043b\u043b\u00bb"},{"name":"10663\u0421\u041f","amount":"9","amount_parts":"","unit":"\u0448\u0442","city":"\u041b\u044e\u0434\u0438\u043d\u043e\u0432\u043e","company_id":"18613","company_name":"\u041b\u044e\u0434\u0438\u043d\u043e\u0432\u043e\u043a\u0430\u0431\u0435\u043b\u044c, \u0417\u0410\u041e \u00ab\u0410\u0442\u043e\u043b\u043b\u00bb"},{"name":"10BTV2-CT","amount":"1,38","amount_parts":"","unit":"\u043a\u043c","city":"\u0412\u043e\u043b\u0433\u043e\u0433\u0440\u0430\u0434","company_id":"4350","company_name":"\u041e\u041e\u041e \u042d\u0421\u041f \"\u042d\u043d\u0435\u0440\u0433\u043e\u0442\u0435\u0445\u043c\u043e\u043d\u0442\u0430\u0436\""},{"name":"10QTVR2-CT","amount":"1,188","amount_parts":"","unit":"\u043a\u043c","city":"\u0412\u043e\u043b\u0433\u043e\u0433\u0440\u0430\u0434","company_id":"4350","company_name":"\u041e\u041e\u041e \u042d\u0421\u041f \"\u042d\u043d\u0435\u0440\u0433\u043e\u0442\u0435\u0445\u043c\u043e\u043d\u0442\u0430\u0436\""},{"name":"12XTV2-CT","amount":"2,619","amount_parts":"","unit":"\u043a\u043c","city":"\u0412\u043e\u043b\u0433\u043e\u0433\u0440\u0430\u0434","company_id":"4350","company_name":"\u041e\u041e\u041e \u042d\u0421\u041f \"\u042d\u043d\u0435\u0440\u0433\u043e\u0442\u0435\u0445\u043c\u043e\u043d\u0442\u0430\u0436\""},{"name":"13\u0421-FB(-Z)","amount":"17","amount_parts":"","unit":"\u043a\u043c","city":"\u041c\u043e\u0441\u043a\u0432\u0430","company_id":"18820","company_name":"\u041e\u041e\u041e \u041a\u0430\u0431\u0435\u043b\u044c\u043d\u044b\u0439 \u0410\u0443\u043a\u0446\u0438\u043e\u043d"},{"name":"15QTVR2-CT","amount":"1,965","amount_parts":"","unit":"\u043a\u043c","city":"\u0412\u043e\u043b\u0433\u043e\u0433\u0440\u0430\u0434","company_id":"4350","company_name":"\u041e\u041e\u041e \u042d\u0421\u041f \"\u042d\u043d\u0435\u0440\u0433\u043e\u0442\u0435\u0445\u043c\u043e\u043d\u0442\u0430\u0436\""},{"name":"15VPL2-CT","amount":"0,613","amount_parts":"","unit":"\u043a\u043c","city":"\u0412\u043e\u043b\u0433\u043e\u0433\u0440\u0430\u0434","company_id":"4350","company_name":"\u041e\u041e\u041e \u042d\u0421\u041f \"\u042d\u043d\u0435\u0440\u0433\u043e\u0442\u0435\u0445\u043c\u043e\u043d\u0442\u0430\u0436\""},{"name":"15XTV2-CT","amount":"2,86","amount_parts":"","unit":"\u043a\u043c","city":"\u0412\u043e\u043b\u0433\u043e\u0433\u0440\u0430\u0434","company_id":"4350","company_name":"\u041e\u041e\u041e \u042d\u0421\u041f \"\u042d\u043d\u0435\u0440\u0433\u043e\u0442\u0435\u0445\u043c\u043e\u043d\u0442\u0430\u0436\""},{"name":"15XTV2-CT","amount":"0,144","amount_parts":"","unit":"\u043a\u043c","city":"\u0421\u0430\u043d\u043a\u0442-\u041f\u0435\u0442\u0435\u0440\u0431\u0443\u0440\u0433","company_id":"3660","company_name":"\u041e\u041e\u041e \u041a\u0430\u0431\u0435\u043b\u044c\u0413\u0440\u0443\u043f\u043f"},{"name":"19C-U6-02WT-B305 \u043a\u0430\u0442. 6 UTP 4\u043f\u0430\u0440\u044b","amount":"0,024","amount_parts":"","unit":"\u043a\u043c","city":"\u041a\u0430\u043b\u0438\u043d\u0438\u043d\u0433\u0440\u0430\u0434","company_id":"21469","company_name":"\u041e\u041e\u041e \u0421\u043f\u043b\u0430\u0432\u042d\u043a\u0441\u043f\u0435\u0440\u0442"},{"name":"2\u0425S\u041d 1\u0445120RM\/25 20,3\/35kV","amount":"0,291","amount_parts":"","unit":"\u043a\u043c","city":"\u041f\u0435\u0440\u043c\u044c","company_id":"5509","company_name":"\u041e\u041e\u041e \"\u041b\u0438\u0434\u0435\u0440\"-Nexans"},{"name":"3\u041a\u0412\u0422\u041f\u041d-10 150...240","amount":"1","amount_parts":"","unit":"\u043a\u043c","city":"\u041a\u0430\u0437\u0430\u043d\u044c","company_id":"12337","company_name":"\u041e\u041e\u041e \"\u041a\u043e\u043d\u0442\u0440\u0430\u043a\u0442\""},{"name":"3\u041a\u041d\u0422\u041f-1 150\/240","amount":"2","amount_parts":"","unit":"\u0448\u0442","city":"\u041c\u043e\u0441\u043a\u0432\u0430","company_id":"6306","company_name":"\u0417\u0410\u041e \"\u041a\u0430\u0431\u0435\u043b\u044c\u0441\u043d\u0430\u0431\""},{"name":"4\u041a\u0412\u0422\u041f 150\/240","amount":"1","amount_parts":"","unit":"\u0448\u0442","city":"\u041c\u043e\u0441\u043a\u0432\u0430","company_id":"6306","company_name":"\u0417\u0410\u041e \"\u041a\u0430\u0431\u0435\u043b\u044c\u0441\u043d\u0430\u0431\""},{"name":"4\u041a\u0412\u0422\u041f-1 120","amount":"1","amount_parts":"","unit":"\u0448\u0442","city":"\u041c\u043e\u0441\u043a\u0432\u0430","company_id":"6306","company_name":"\u0417\u0410\u041e \"\u041a\u0430\u0431\u0435\u043b\u044c\u0441\u043d\u0430\u0431\""},{"name":"4\u041a\u041d\u0422\u041f 150\/240","amount":"1","amount_parts":"","unit":"\u0448\u0442","city":"\u041c\u043e\u0441\u043a\u0432\u0430","company_id":"6306","company_name":"\u0417\u0410\u041e \"\u041a\u0430\u0431\u0435\u043b\u044c\u0441\u043d\u0430\u0431\""},{"name":"500 FT 15 MTR 1\u04452,5 (\u0430\u043d\u0430\u043b\u043e\u0433 \u0420\u041a)","amount":"0,616","amount_parts":"","unit":"\u043a\u043c","city":"\u0427\u0435\u043b\u044f\u0431\u0438\u043d\u0441\u043a","company_id":"12417","company_name":"\u041e\u041e\u041e \u042e\u0436\u0423\u0440\u0430\u043b\u042d\u043b\u0435\u043a\u0442\u0440\u043e\u041a\u0430\u0431\u0435\u043b\u044c"},{"name":"8GA 10","amount":"0,2","amount_parts":"","unit":"\u043a\u043c","city":"\u041c\u043e\u0441\u043a\u0432\u0430","company_id":"18820","company_name":"\u041e\u041e\u041e \u041a\u0430\u0431\u0435\u043b\u044c\u043d\u044b\u0439 \u0410\u0443\u043a\u0446\u0438\u043e\u043d"},{"name":"A-MEDIAstrip BH 3\u044550RM\/16 - 10 \u043a\u0432 Nexans (\u0430\u043d\u0430\u043b\u043e\u0433)","amount":"0,213","amount_parts":"","unit":"\u043a\u043c","city":"\u041c\u043e\u0441\u043a\u0432\u0430","company_id":"7923","company_name":"\u0417\u0410\u041e \u041e\u0412\u041b-\u042d\u043d\u0435\u0440\u0433\u043e"}],"performedDatetime":"2014-08-06T12:52:22Z","authStatus":"0","accessDateEnd":""}
=====

select s.id, s.comp_id, s.title, s.quant, s.unit_id, s.comments, s.city from
		sklad_tovar s where visible=1 and (title like '1%' or title like '% 1%') order by  s.title LIMIT 0, 20
q2: select count(id) from sklad_tovar s where visible=1 and (title like '1%' or title like '% 1%')
 auth: 100 
=====
Query:
performedDatetime: 2014-08-06 12:52:38  0000
action: get_company_data
sklad_user: Гость
appleId: 06089A97-F0E6-4457-A770-2F1454B7D4B3
sklad_hash: c4ae43f6e41e84b9c187aec54f6c492c
company_id: 18820

=====
Response:
{"action":"get_company_data","code":0,"data":{"company_id":18820,"title":"\u041e\u041e\u041e \u041a\u0430\u0431\u0435\u043b\u044c\u043d\u044b\u0439 \u0410\u0443\u043a\u0446\u0438\u043e\u043d","city":"\u041c\u043e\u0441\u043a\u0432\u0430","address":"\u041c\u043e\u0441\u043a\u0432\u0430","phone":"+79629994522","email":"9629994522@mail.ru","url":"http:\/\/-","contact":"\u0425\u0440\u043e\u043c\u043e\u0432 \u0415\u0432\u0433\u0435\u043d\u0438\u0439 \u0415\u0432\u0433\u0435\u043d\u044c\u0435\u0432\u0438\u0447","goods_count":"648","last_update":"15.07.2014"},"performedDatetime":"2014-08-06T12:52:36Z","authStatus":"0","accessDateEnd":""}
=====

select distinct city from sklad_tovar where comp_id= and city!='' order by city
q2: 
 auth: 100 
=====
Query:
performedDatetime: 2014-08-06 12:52:45  0000
action: get_company_data
sklad_user: Гость
appleId: 06089A97-F0E6-4457-A770-2F1454B7D4B3
sklad_hash: c4ae43f6e41e84b9c187aec54f6c492c
company_id: 18613

=====
Response:
{"action":"get_company_data","code":0,"data":{"company_id":18613,"title":"\u041b\u044e\u0434\u0438\u043d\u043e\u0432\u043e\u043a\u0430\u0431\u0435\u043b\u044c, \u0417\u0410\u041e \u00ab\u0410\u0442\u043e\u043b\u043b\u00bb","city":"\u041b\u044e\u0434\u0438\u043d\u043e\u0432\u043e","address":"\u041a\u0430\u043b\u0443\u0436\u0441\u043a\u0430\u044f \u043e\u0431\u043b., \u0433. \u041b\u044e\u0434\u0438\u043d\u043e\u0432\u043e, \u043f\u0440. \u041c\u0430\u0448\u0438\u043d\u043e\u0441\u0442\u0440\u043e\u0438\u0442\u0435\u043b\u0435\u0439, 1","phone":"+7 (495) 926-11-14","email":"vitrishkov@atoll.ru","url":"http:\/\/www.ludinovocable.ru","contact":"\u0412\u044b\u0442\u0440\u0438\u0448\u043a\u043e\u0432 \u0412\u044f\u0447\u0435\u0441\u043b\u0430\u0432 \u0412\u043b\u0430\u0434\u0438\u043c\u0438\u0440\u043e\u0432\u0438\u0447","goods_count":"258","last_update":"28.07.2014"},"performedDatetime":"2014-08-06T12:52:44Z","authStatus":"0","accessDateEnd":""}
=====

select distinct city from sklad_tovar where comp_id= and city!='' order by city
q2: 
 auth: 100 
=====
Query:
performedDatetime: 2014-08-06 12:52:53  0000
action: get_city_list

=====
Response:
{"action":"get_city_list","code":0,"data":["\u0410\u0440\u0445\u0430\u043d\u0433\u0435\u043b\u044c\u0441\u043a","\u0410\u0441\u0442\u0430\u043d\u0430","\u0412\u043e\u043b\u0433\u043e\u0433\u0440\u0430\u0434","\u0412\u043e\u043b\u043e\u0433\u0434\u0430","\u0412\u043e\u0440\u043e\u043d\u0435\u0436","\u0412\u043e\u0441\u043a\u0440\u0435\u0441\u0435\u043d\u0441\u043a","\u0433. \u041a\u0438\u0440\u043e\u0432","\u0415\u043a\u0430\u0442\u0435\u0440\u0438\u043d\u0431\u0443\u0440\u0433","\u0418\u0432\u0430\u043d\u043e\u0432\u043e","\u041a\u0430\u0437\u0430\u043d\u044c","\u041a\u0430\u043b\u0438\u043d\u0438\u043d\u0433\u0440\u0430\u0434","\u041a\u0438\u0440\u043e\u0432","\u041a\u043e\u043b\u044c\u0447\u0443\u0433\u0438\u043d\u043e","\u041a\u0440\u0430\u0441\u043d\u043e\u0434\u0430\u0440","\u041a\u0440\u0430\u0441\u043d\u043e\u044f\u0440\u0441\u043a","\u041a\u0443\u0440\u0441\u043a","\u041b\u0438\u043f\u0435\u0446\u043a","\u041b\u044b\u0441\u044c\u0432\u0430","\u041b\u044e\u0431\u0435\u0440\u0446\u044b","\u041b\u044e\u0434\u0438\u043d\u043e\u0432\u043e","\u041c\u0430\u0440\u0438\u0438\u043d\u0441\u043a\u0438\u0439 \u041f\u043e\u0441\u0430\u0434","\u041c\u043e\u0441\u043a\u0432\u0430","\u041c\u043e\u0441\u043a\u043e\u0432\u0441\u043a\u0430\u044f \u043e\u0431\u043b., \u0433. \u0425\u0438\u043c\u043a\u0438","\u041d\u0430\u0445\u0430\u0431\u0438\u043d\u043e","\u041d\u0438\u0436\u043d\u0438\u0439 \u041d\u043e\u0432\u0433\u043e\u0440\u043e\u0434","\u041d\u043e\u0432\u043e\u043c\u043e\u0441\u043a\u043e\u0432\u0441\u043a","\u041d\u043e\u0432\u043e\u0441\u0438\u0431\u0438\u0440\u0441\u043a","\u041d\u043e\u0433\u0438\u043d\u0441\u043a","\u041e\u043c\u0441\u043a","\u041f\u0430\u0432\u043b\u043e\u0434\u0430\u0440","\u041f\u0435\u0440\u043c\u044c","\u0420\u0435\u0443\u0442\u043e\u0432","\u0420\u043e\u0441\u0442\u043e\u0432","\u0420\u043e\u0441\u0442\u043e\u0432-\u043d\u0430-\u0414\u043e\u043d\u0443","\u0421\u0430\u043c\u0430\u0440\u0430","\u0421\u0430\u043d\u043a\u0442-\u041f\u0435\u0442\u0435\u0440\u0431\u0443\u0440\u0433","\u0421\u0430\u0440\u0430\u043d\u0441\u043a","\u0422\u0432\u0435\u0440\u044c","\u0422\u043e\u043c\u0441\u043a","\u0423\u0444\u0430","\u0425\u0430\u0431\u0430\u0440\u043e\u0432\u0441\u043a","\u0427\u0435\u0431\u043e\u043a\u0441\u0430\u0440\u044b","\u0427\u0435\u043b\u044f\u0431\u0438\u043d\u0441\u043a","\u042f\u0440\u043e\u0441\u043b\u0430\u0432\u043b\u044c"],"performedDatetime":"2014-08-06T12:52:52Z","authStatus":"10"}
=====

select distinct city from sklad_tovar where city != '' order by city
q2: 
 auth: 0 
=====
Query:
performedDatetime: 2014-08-06 12:53:07  0000
action: get_goods_data
sklad_user: Гость
appleId: 06089A97-F0E6-4457-A770-2F1454B7D4B3
sklad_hash: c4ae43f6e41e84b9c187aec54f6c492c
searchTerm: 1
resultsFrom: 0
sort: 0
cityFilter: Калининград

=====
Response:
{"action":"get_goods_data","searchTerm":"1","resultsFrom":0,"sort":0,"cityFilter":"\u041a\u0430\u043b\u0438\u043d\u0438\u043d\u0433\u0440\u0430\u0434","code":0,"resultsCount":"52","lastPage":0,"data":[{"name":"19C-U6-02WT-B305 \u043a\u0430\u0442. 6 UTP 4\u043f\u0430\u0440\u044b","amount":"0,024","amount_parts":"","unit":"\u043a\u043c","city":"\u041a\u0430\u043b\u0438\u043d\u0438\u043d\u0433\u0440\u0430\u0434","company_id":"21469","company_name":"\u041e\u041e\u041e \u0421\u043f\u043b\u0430\u0432\u042d\u043a\u0441\u043f\u0435\u0440\u0442"},{"name":"Belden 9841 RS-485 1\u0445(2\u044524 AWG)","amount":"0,31","amount_parts":"","unit":"\u043a\u043c","city":"\u041a\u0430\u043b\u0438\u043d\u0438\u043d\u0433\u0440\u0430\u0434","company_id":"21469","company_name":"\u041e\u041e\u041e \u0421\u043f\u043b\u0430\u0432\u042d\u043a\u0441\u043f\u0435\u0440\u0442"},{"name":"DevicNet 1485\u0421-\u04201-\u0410150","amount":"1,4","amount_parts":"0,2; 1,2; ","unit":"\u043a\u043c","city":"\u041a\u0430\u043b\u0438\u043d\u0438\u043d\u0433\u0440\u0430\u0434","company_id":"21469","company_name":"\u041e\u041e\u041e \u0421\u043f\u043b\u0430\u0432\u042d\u043a\u0441\u043f\u0435\u0440\u0442"},{"name":"EUROLAN 19\u0421- U5-03WT-B305","amount":"3,34","amount_parts":"0,3; 0,04; 3; ","unit":"\u043a\u043c","city":"\u041a\u0430\u043b\u0438\u043d\u0438\u043d\u0433\u0440\u0430\u0434","company_id":"21469","company_name":"\u041e\u041e\u041e \u0421\u043f\u043b\u0430\u0432\u042d\u043a\u0441\u043f\u0435\u0440\u0442"},{"name":"EUROLAN 19\u0421- U6-02WT-B305","amount":"0,033","amount_parts":"","unit":"\u043a\u043c","city":"\u041a\u0430\u043b\u0438\u043d\u0438\u043d\u0433\u0440\u0430\u0434","company_id":"21469","company_name":"\u041e\u041e\u041e \u0421\u043f\u043b\u0430\u0432\u042d\u043a\u0441\u043f\u0435\u0440\u0442"},{"name":"FTP 1633\u0415 \u044d\u043a\u0440\u0430\u043d\u0438\u0440.","amount":"0,264","amount_parts":"","unit":"\u043a\u043c","city":"\u041a\u0430\u043b\u0438\u043d\u0438\u043d\u0433\u0440\u0430\u0434","company_id":"21469","company_name":"\u041e\u041e\u041e \u0421\u043f\u043b\u0430\u0432\u042d\u043a\u0441\u043f\u0435\u0440\u0442"},{"name":"ISTP Cat 7 Belden 1885 4\u04452\u04450,57","amount":"0,505","amount_parts":"","unit":"\u043a\u043c","city":"\u041a\u0430\u043b\u0438\u043d\u0438\u043d\u0433\u0440\u0430\u0434","company_id":"21469","company_name":"\u041e\u041e\u041e \u0421\u043f\u043b\u0430\u0432\u042d\u043a\u0441\u043f\u0435\u0440\u0442"},{"name":"NNV-\u0423 10\u04451,5","amount":"1","amount_parts":"","unit":"\u043a\u043c","city":"\u041a\u0430\u043b\u0438\u043d\u0438\u043d\u0433\u0440\u0430\u0434","company_id":"21469","company_name":"\u041e\u041e\u041e \u0421\u043f\u043b\u0430\u0432\u042d\u043a\u0441\u043f\u0435\u0440\u0442"},{"name":"NNV-\u0423 19\u04451,5","amount":"0,42","amount_parts":"0,3; 0,12; ","unit":"\u043a\u043c","city":"\u041a\u0430\u043b\u0438\u043d\u0438\u043d\u0433\u0440\u0430\u0434","company_id":"21469","company_name":"\u041e\u041e\u041e \u0421\u043f\u043b\u0430\u0432\u042d\u043a\u0441\u043f\u0435\u0440\u0442"},{"name":"OKCHM 10-01-0.22-8(6.0)","amount":"2,25","amount_parts":"0,5; 1,75; ","unit":"\u043a\u043c","city":"\u041a\u0430\u043b\u0438\u043d\u0438\u043d\u0433\u0440\u0430\u0434","company_id":"21469","company_name":"\u041e\u041e\u041e \u0421\u043f\u043b\u0430\u0432\u042d\u043a\u0441\u043f\u0435\u0440\u0442"},{"name":"OLFLEX 12\u04451","amount":"0,63","amount_parts":"","unit":"\u043a\u043c","city":"\u041a\u0430\u043b\u0438\u043d\u0438\u043d\u0433\u0440\u0430\u0434","company_id":"21469","company_name":"\u041e\u041e\u041e \u0421\u043f\u043b\u0430\u0432\u042d\u043a\u0441\u043f\u0435\u0440\u0442"},{"name":"OLFLEX 12\u04451.5","amount":"0,15","amount_parts":"","unit":"\u043a\u043c","city":"\u041a\u0430\u043b\u0438\u043d\u0438\u043d\u0433\u0440\u0430\u0434","company_id":"21469","company_name":"\u041e\u041e\u041e \u0421\u043f\u043b\u0430\u0432\u042d\u043a\u0441\u043f\u0435\u0440\u0442"},{"name":"OLFLEX 19\u04451.5","amount":"0,5","amount_parts":"","unit":"\u043a\u043c","city":"\u041a\u0430\u043b\u0438\u043d\u0438\u043d\u0433\u0440\u0430\u0434","company_id":"21469","company_name":"\u041e\u041e\u041e \u0421\u043f\u043b\u0430\u0432\u042d\u043a\u0441\u043f\u0435\u0440\u0442"},{"name":"RE-2G(ST) 12\u04452x1,0 \u043e\u0440\u0430\u043d\u0436.(450f71)","amount":"0,2","amount_parts":"","unit":"\u043a\u043c","city":"\u041a\u0430\u043b\u0438\u043d\u0438\u043d\u0433\u0440\u0430\u0434","company_id":"21469","company_name":"\u041e\u041e\u041e \u0421\u043f\u043b\u0430\u0432\u042d\u043a\u0441\u043f\u0435\u0440\u0442"},{"name":"RE-2G(ST) 18\u04452x1,0 \u043e\u0440\u0430\u043d\u0436.(51\u043e71)","amount":"0,23","amount_parts":"","unit":"\u043a\u043c","city":"\u041a\u0430\u043b\u0438\u043d\u0438\u043d\u0433\u0440\u0430\u0434","company_id":"21469","company_name":"\u041e\u041e\u041e \u0421\u043f\u043b\u0430\u0432\u042d\u043a\u0441\u043f\u0435\u0440\u0442"},{"name":"RE-2G(ST)H 1\u04452\u04451MM2\/7 \u043e\u0440\u0430\u043d.","amount":"0,667","amount_parts":"","unit":"\u043a\u043c","city":"\u041a\u0430\u043b\u0438\u043d\u0438\u043d\u0433\u0440\u0430\u0434","company_id":"21469","company_name":"\u041e\u041e\u041e \u0421\u043f\u043b\u0430\u0432\u042d\u043a\u0441\u043f\u0435\u0440\u0442"},{"name":"RE-2G(ST)HSWAH 10\u04451,0 MM2\/7 \u043e\u0440\u0430\u043d\u0436","amount":"0,2","amount_parts":"","unit":"\u043a\u043c","city":"\u041a\u0430\u043b\u0438\u043d\u0438\u043d\u0433\u0440\u0430\u0434","company_id":"21469","company_name":"\u041e\u041e\u041e \u0421\u043f\u043b\u0430\u0432\u042d\u043a\u0441\u043f\u0435\u0440\u0442"},{"name":"RE-2G(ST)HSWAH 14\u04451,0 MM2\/7 \u043e\u0440\u0430\u043d\u0436","amount":"0,57","amount_parts":"","unit":"\u043a\u043c","city":"\u041a\u0430\u043b\u0438\u043d\u0438\u043d\u0433\u0440\u0430\u0434","company_id":"21469","company_name":"\u041e\u041e\u041e \u0421\u043f\u043b\u0430\u0432\u042d\u043a\u0441\u043f\u0435\u0440\u0442"},{"name":"RE-2G(ST)HSWAH 19\u04451,5 MM2\/7 \u043e\u0440\u0430\u043d\u0436","amount":"0,37","amount_parts":"","unit":"\u043a\u043c","city":"\u041a\u0430\u043b\u0438\u043d\u0438\u043d\u0433\u0440\u0430\u0434","company_id":"21469","company_name":"\u041e\u041e\u041e \u0421\u043f\u043b\u0430\u0432\u042d\u043a\u0441\u043f\u0435\u0440\u0442"},{"name":"RE-2G(ST)HSWAH CI 14\u04452\u04451,0 \u043e\u0440\u0430\u043d\u0436","amount":"0,618","amount_parts":"","unit":"\u043a\u043c","city":"\u041a\u0430\u043b\u0438\u043d\u0438\u043d\u0433\u0440\u0430\u0434","company_id":"21469","company_name":"\u041e\u041e\u041e \u0421\u043f\u043b\u0430\u0432\u042d\u043a\u0441\u043f\u0435\u0440\u0442"}],"performedDatetime":"2014-08-06T12:53:05Z","authStatus":"0","accessDateEnd":""}
=====

select s.id, s.comp_id, s.title, s.quant, s.unit_id, s.comments, s.city from
		sklad_tovar s where city='Калининград' and s.visible=1 and (title like '1%' or title like '% 1%') order by  s.title LIMIT 0, 20
q2: select count(s.id) from sklad_tovar s where city='Калининград' and s.visible=1 and (title like '1%' or title like '% 1%')
 auth: 100 
=====
Query:
performedDatetime: 2014-08-06 12:53:11  0000
action: get_company_data
sklad_user: Гость
appleId: 06089A97-F0E6-4457-A770-2F1454B7D4B3
sklad_hash: c4ae43f6e41e84b9c187aec54f6c492c
company_id: 21469

=====
Response:
{"action":"get_company_data","code":0,"data":{"company_id":21469,"title":"\u041e\u041e\u041e \u0421\u043f\u043b\u0430\u0432\u042d\u043a\u0441\u043f\u0435\u0440\u0442","city":"\u041a\u0430\u043b\u0438\u043d\u043d\u0433\u0440\u0430\u0434","address":"236000, \u0433. \u041a\u0430\u043b\u0438\u043d\u043d\u0433\u0440\u0430\u0434, \u0443\u043b.\u0417\u043e\u043e\u043b\u043e\u0433\u0438\u0447\u0435\u0441\u043a\u0430\u044f,13-9","phone":"+79052489631","email":"info@elcab.su","url":"http:\/\/elcab.su, splavexpert.ru","contact":"\u041f\u0440\u0438\u0449\u0435\u043f \u0412\u0430\u0434\u0438\u043c \u041d\u0438\u043a\u043e\u043b\u0430\u0435\u0432\u0438\u0447","goods_count":"201","last_update":"24.07.2014"},"performedDatetime":"2014-08-06T12:53:09Z","authStatus":"0","accessDateEnd":""}
=====

select distinct city from sklad_tovar where comp_id= and city!='' order by city
q2: 
 auth: 100 
=====
Query:
performedDatetime: 2014-08-06 12:53:19  0000
action: get_company_data
sklad_user: Гость
appleId: 06089A97-F0E6-4457-A770-2F1454B7D4B3
sklad_hash: c4ae43f6e41e84b9c187aec54f6c492c
company_id: 21469

=====
Response:
{"action":"get_company_data","code":0,"data":{"company_id":21469,"title":"\u041e\u041e\u041e \u0421\u043f\u043b\u0430\u0432\u042d\u043a\u0441\u043f\u0435\u0440\u0442","city":"\u041a\u0430\u043b\u0438\u043d\u043d\u0433\u0440\u0430\u0434","address":"236000, \u0433. \u041a\u0430\u043b\u0438\u043d\u043d\u0433\u0440\u0430\u0434, \u0443\u043b.\u0417\u043e\u043e\u043b\u043e\u0433\u0438\u0447\u0435\u0441\u043a\u0430\u044f,13-9","phone":"+79052489631","email":"info@elcab.su","url":"http:\/\/elcab.su, splavexpert.ru","contact":"\u041f\u0440\u0438\u0449\u0435\u043f \u0412\u0430\u0434\u0438\u043c \u041d\u0438\u043a\u043e\u043b\u0430\u0435\u0432\u0438\u0447","goods_count":"201","last_update":"24.07.2014"},"performedDatetime":"2014-08-06T12:53:19Z","authStatus":"0","accessDateEnd":""}
=====

select distinct city from sklad_tovar where comp_id= and city!='' order by city
q2: 
 auth: 100 
=====
Query:
performedDatetime: 2014-08-06 16:27:21  0000
action: get_text

=====
Response:
{"action":"get_text","code":0,"data":"","performedDatetime":"2014-08-06T16:27:21Z","authStatus":"10"}
=====


q2: 
 auth: 0 
=====
Query:
performedDatetime: 2014-08-06 16:27:38  0000
action: get_goods_data
sklad_user: Гость
appleId: 43F2F7DE-A0A1-43DB-AEF5-F14E9D5DD063
sklad_hash: 3f83c1a974d1c9f3932b9fcf3853ee1a
searchTerm: Асб 3х120
resultsFrom: 0
sort: 0
cityFilter: 

=====
Response:
{"action":"get_goods_data","searchTerm":"\u0410\u0441\u0431 3\u0445120","resultsFrom":0,"sort":0,"cityFilter":"","code":0,"resultsCount":"62","lastPage":0,"data":[{"name":"\u0410\u0421\u0411 -10 3x120","amount":"0,815","amount_parts":"","unit":"\u043a\u043c","city":"\u041c\u043e\u0441\u043a\u0432\u0430","company_id":"7574","company_name":"\u041e\u041e\u041e \u042d\u043d\u0435\u0440\u0433\u043e\u043a\u0430\u0431\u0435\u043b\u044c\u043c\u043e\u043d\u0442\u0430\u0436"},{"name":"\u0410\u0421\u0411 3\u0445120-10\u043a\u0412","amount":"790","amount_parts":"","unit":"\u043a\u043c","city":"\u041d\u043e\u0432\u043e\u0441\u0438\u0431\u0438\u0440\u0441\u043a","company_id":"11170","company_name":"\u041e\u041e\u041e \u0422\u0421\u041b"},{"name":"\u0410\u0421\u0411-10 3\u0445120","amount":"0,447","amount_parts":"","unit":"\u043a\u043c","city":"\u0421\u0430\u043c\u0430\u0440\u0430","company_id":"20842","company_name":"\u041e\u041e\u041e \u0422\u0410\u041d\u0422\u0410\u041b"},{"name":"\u0410\u0421\u0411-10 3\u0445120","amount":"0,18","amount_parts":"","unit":"\u043a\u043c","city":"\u041f\u0435\u0440\u043c\u044c","company_id":"18149","company_name":"\u041e\u041e\u041e \u041f\u0440\u043e\u043c\u0422\u042d\u041a"},{"name":"\u0410\u0421\u0411-10 3\u0445120 \u043e\u0436","amount":"1,65","amount_parts":"0,77; 0,77; 0,11; ","unit":"\u043a\u043c","city":"\u041d\u043e\u0432\u043e\u043c\u043e\u0441\u043a\u043e\u0432\u0441\u043a","company_id":"16985","company_name":"\u041e\u041e\u041e \"\u041d\u043e\u0432\u0440\u0435\u043c\u0434\u043e\u0440\u043c\u0430\u0448\""},{"name":"\u0410\u0421\u0411-10 3\u0445120 \u043e\u0436","amount":"12,662","amount_parts":"0.13; 0.14; 0.73; 0.155; 0.715; 0.72; 0.72; 0.71; 0.72; 0.715; 0.72; 0.715; 0.715; 0.725; 0.725; 0.72; 0.72; 0.726; 0.715; 0.726; ","unit":"\u043a\u043c","city":"\u041f\u0435\u0440\u043c\u044c","company_id":"16985","company_name":"\u041e\u041e\u041e \"\u041d\u043e\u0432\u0440\u0435\u043c\u0434\u043e\u0440\u043c\u0430\u0448\""},{"name":"\u0410\u0421\u0411-6 3\u0445120","amount":"0,013","amount_parts":"","unit":"\u043a\u043c","city":"\u041f\u0435\u0440\u043c\u044c","company_id":"17570","company_name":"\u041e\u041e\u041e \u042d\u043b\u0435\u043a\u0442\u0440\u043e\u0422\u0435\u0445\u041a\u0430\u0431\u0435\u043b\u044c"},{"name":"\u0410\u0421\u0411-6 3\u0445120","amount":"0,23","amount_parts":"","unit":"\u043a\u043c","city":"\u041f\u0435\u0440\u043c\u044c","company_id":"3141","company_name":"\u041e\u041e\u041e \u041a\u0430\u043c\u0430-\u041a\u0430\u0431\u0421\u043d\u0430\u0431"},{"name":"\u0410\u0421\u0411-6 3\u0445120","amount":"0,4","amount_parts":"","unit":"\u043a\u043c","city":"\u041f\u0435\u0440\u043c\u044c","company_id":"11082","company_name":"\u041e\u041e\u041e \u0421\u0442\u0440\u043e\u0439\u043a\u0430\u0431\u0435\u043b\u044c"},{"name":"\u0410\u0421\u0411-6 3\u0445120 \u043e\u0436","amount":"0,116","amount_parts":"","unit":"\u043a\u043c","city":"\u041f\u0435\u0440\u043c\u044c","company_id":"16985","company_name":"\u041e\u041e\u041e \"\u041d\u043e\u0432\u0440\u0435\u043c\u0434\u043e\u0440\u043c\u0430\u0448\""},{"name":"\u0410\u0421\u0411-6 3\u0445120(\u043e\u0436)","amount":"0,075","amount_parts":"","unit":"\u043a\u043c","city":"\u0420\u043e\u0441\u0442\u043e\u0432-\u043d\u0430-\u0414\u043e\u043d\u0443","company_id":"16095","company_name":"\u043e\u043e\u043e \u0421\u0435\u0432\u043a\u0430\u0432\u043a\u0430\u0431\u0435\u043b\u044c"},{"name":"\u0410\u0421\u04112\u043b 3\u0445120","amount":"0,2895","amount_parts":"","unit":"\u043a\u043c","city":"\u0423\u0444\u0430","company_id":"8479","company_name":"\u0427\u0430\u0441\u0442\u043d\u0430\u044f \u0421\u041a-\u0423\u0420\u0410\u041b"},{"name":"\u0410\u0421\u04112\u043b 3\u0445120 - 10 (\u041e\u0416)","amount":"0,995","amount_parts":"0,495; 0,5; ","unit":"\u043a\u043c","city":"\u041a\u0440\u0430\u0441\u043d\u043e\u0434\u0430\u0440","company_id":"19805","company_name":"\u041e\u041e\u041e \u0422\u0414 \"\u042e\u0436\u043d\u0430\u044f \u043a\u0430\u0431\u0435\u043b\u044c\u043d\u0430\u044f \u043a\u043e\u043c\u043f\u0430\u043d\u0438\u044f\""},{"name":"\u0410\u0421\u04112\u043b 3\u0445120 10\u043a\u0412","amount":"0,21","amount_parts":"","unit":"\u043a\u043c","city":"\u0421\u0430\u043d\u043a\u0442-\u041f\u0435\u0442\u0435\u0440\u0431\u0443\u0440\u0433","company_id":"23722","company_name":"\u041e\u041e\u041e \u0411\u0430\u0443\u0438\u043d\u0436\u0438\u043d\u0438\u0440\u0438\u043d\u0433"},{"name":"\u0410\u0421\u04112\u043b 3\u0445120 \u043c\u043f-10","amount":"1,921","amount_parts":"","unit":"\u043a\u043c","city":"\u0421\u0430\u043d\u043a\u0442-\u041f\u0435\u0442\u0435\u0440\u0431\u0443\u0440\u0433","company_id":"12442","company_name":"\u041e\u041e\u041e \u041c\u0438\u0446\u0430\u0440"},{"name":"\u0410\u0421\u04112\u043b 3\u0445120-10","amount":"0,046","amount_parts":"","unit":"\u043a\u043c","city":"\u0421\u0430\u043d\u043a\u0442-\u041f\u0435\u0442\u0435\u0440\u0431\u0443\u0440\u0433","company_id":"9328","company_name":"\u041e\u041e\u041e \u041a\u0430\u0431\u0435\u043b\u044c-\u0418\u041c\u041f\u042d\u041a\u0421"},{"name":"\u0410\u0421\u04112\u043b 6 3\u0445120 \u043e\u0436","amount":"0,11","amount_parts":"","unit":"\u043a\u043c","city":"\u041d\u043e\u0432\u043e\u043c\u043e\u0441\u043a\u043e\u0432\u0441\u043a","company_id":"16985","company_name":"\u041e\u041e\u041e \"\u041d\u043e\u0432\u0440\u0435\u043c\u0434\u043e\u0440\u043c\u0430\u0448\""},{"name":"\u0410\u0421\u04112\u043b 6 3\u0445120 \u043e\u0436","amount":"0,463","amount_parts":"0.1; 0.112; 0.251; ","unit":"\u043a\u043c","city":"\u041f\u0435\u0440\u043c\u044c","company_id":"16985","company_name":"\u041e\u041e\u041e \"\u041d\u043e\u0432\u0440\u0435\u043c\u0434\u043e\u0440\u043c\u0430\u0448\""},{"name":"\u0410\u0421\u04112\u043b-1 3\u0445120+1\u044570","amount":"0,67","amount_parts":"","unit":"\u043a\u043c","city":"\u041f\u0435\u0440\u043c\u044c","company_id":"11082","company_name":"\u041e\u041e\u041e \u0421\u0442\u0440\u043e\u0439\u043a\u0430\u0431\u0435\u043b\u044c"},{"name":"\u0410\u0421\u04112\u043b-10 3\u0445120","amount":"0,3","amount_parts":"","unit":"\u043a\u043c","city":"\u0412\u043e\u0440\u043e\u043d\u0435\u0436","company_id":"2972","company_name":"\u041e\u041e\u041e \u0422\u043e\u0440\u0433\u043e\u0432\u044b\u0439 \u0414\u043e\u043c \"\u0421\u0442\u0440\u043e\u0439-\u042d\u043d\u0435\u0440\u0433\u043e-\u0420\u0435\u0441\u0443\u0440\u0441\""}],"performedDatetime":"2014-08-06T16:27:37Z","authStatus":"0","accessDateEnd":""}
=====

select s.id, s.comp_id, s.title, s.quant, s.unit_id, s.comments, s.city from
		sklad_tovar s where visible=1 and (title like 'Асб%' or title like '% Асб%' or title like '%Асб%' or title like '%Асб%') and (title like '3х120%' or title like '% 3х120%' or title like '%3x120%') order by  s.title LIMIT 0, 20
q2: select count(id) from sklad_tovar s where visible=1 and (title like 'Асб%' or title like '% Асб%' or title like '%Асб%' or title like '%Асб%') and (title like '3х120%' or title like '% 3х120%' or title like '%3x120%')
 auth: 100 
=====
Query:
performedDatetime: 2014-08-06 16:27:54  0000
action: get_company_data
sklad_user: Гость
appleId: 43F2F7DE-A0A1-43DB-AEF5-F14E9D5DD063
sklad_hash: 3f83c1a974d1c9f3932b9fcf3853ee1a
company_id: 7574

=====
Response:
{"action":"get_company_data","code":0,"data":{"company_id":7574,"title":"\u041e\u041e\u041e \u042d\u043d\u0435\u0440\u0433\u043e\u043a\u0430\u0431\u0435\u043b\u044c\u043c\u043e\u043d\u0442\u0430\u0436","city":"\u041c\u043e\u0441\u043a\u0432\u0430","address":"124575 \u0433.\u041c\u043e\u0441\u043a\u0432\u0430, \u0433.\u0417\u0435\u043b\u0435\u043d\u043e\u0433\u0440\u0430\u0434, \u0443\u043b.\u0413\u043e\u0433\u043e\u043b\u044f, \u0434\u043e\u043c 11\u0430 \u043e\u0444.3","phone":"499 731-82-82","email":"kob5001n@yandex.ru","url":"http:\/\/enkm.ru","contact":"\u041a\u0430\u043c\u044b\u0448\u0430\u043d\u0441\u043a\u0438\u0439 \u0410\u043d\u0434\u0440\u0435\u0439 \u0412\u043b\u0430\u0434\u0438\u043c\u0438\u0440\u043e\u0432\u0438\u0447","goods_count":"49","last_update":"22.07.2014"},"performedDatetime":"2014-08-06T16:27:53Z","authStatus":"0","accessDateEnd":""}
=====

select distinct city from sklad_tovar where comp_id= and city!='' order by city
q2: 
 auth: 100 
=====
Query:
performedDatetime: 2014-08-06 16:27:59  0000
action: get_company_data
sklad_user: Гость
appleId: 43F2F7DE-A0A1-43DB-AEF5-F14E9D5DD063
sklad_hash: 3f83c1a974d1c9f3932b9fcf3853ee1a
company_id: 16985

=====
Response:
{"action":"get_company_data","code":0,"data":{"company_id":16985,"title":"\u041e\u041e\u041e \"\u041d\u043e\u0432\u0440\u0435\u043c\u0434\u043e\u0440\u043c\u0430\u0448\"","city":"\u041d\u043e\u0432\u043e\u043c\u043e\u0441\u043a\u043e\u0432\u0441\u043a","address":"301650, \u0422\u0443\u043b\u044c\u0441\u043a\u0430\u044f \u043e\u0431\u043b., \u0433. \u041d\u043e\u0432\u043e\u043c\u043e\u0441\u043a\u043e\u0432\u0441\u043a, \u0443\u043b.\u0422\u0435\u0445\u043d\u0438\u0447\u0435\u0441\u043a\u0430\u044f, 8","phone":"8-953-427-1067, 8-48762-3-72-93","email":"yuliya.cabsnab@mail.ru","url":"http:\/\/cabsnab.ru","contact":"\u041f\u0440\u0438\u0441\u044f\u0436\u043d\u0435\u043d\u043a\u043e \u042e\u043b\u0438\u044f \u0413\u0435\u043d\u043d\u0430\u0434\u044c\u0435\u0432\u043d\u0430","goods_count":"2299","last_update":"22.07.2014"},"performedDatetime":"2014-08-06T16:27:59Z","authStatus":"0","accessDateEnd":""}
=====

select distinct city from sklad_tovar where comp_id= and city!='' order by city
q2: 
 auth: 100 
=====
Query:
performedDatetime: 2014-08-06 16:28:11  0000
action: get_goods_data
sklad_user: Гость
appleId: 43F2F7DE-A0A1-43DB-AEF5-F14E9D5DD063
sklad_hash: 3f83c1a974d1c9f3932b9fcf3853ee1a
searchTerm: Асб 3х120 спб
resultsFrom: 0
sort: 0
cityFilter: 

=====
Response:
{"action":"get_goods_data","searchTerm":"\u0410\u0441\u0431 3\u0445120 \u0441\u043f\u0431","resultsFrom":0,"code":0,"resultsCount":"0","data":[],"performedDatetime":"2014-08-06T16:28:11Z","authStatus":"0","accessDateEnd":""}
=====

select s.id, s.comp_id, s.title, s.quant, s.unit_id, s.comments, s.city from
		sklad_tovar s where visible=1 and (title like 'Асб%' or title like '% Асб%' or title like '%Асб%' or title like '%Асб%') and (title like '3х120%' or title like '% 3х120%' or title like '%3x120%') and (title like 'спб%' or title like '% спб%') order by  s.title LIMIT 0, 20
q2: select count(id) from sklad_tovar s where visible=1 and (title like 'Асб%' or title like '% Асб%' or title like '%Асб%' or title like '%Асб%') and (title like '3х120%' or title like '% 3х120%' or title like '%3x120%') and (title like 'спб%' or title like '% спб%')
 auth: 100 
=====
Query:
performedDatetime: 2014-08-06 16:28:18  0000
action: get_goods_data
sklad_user: Гость
appleId: 43F2F7DE-A0A1-43DB-AEF5-F14E9D5DD063
sklad_hash: 3f83c1a974d1c9f3932b9fcf3853ee1a
searchTerm: Асб 3х120
resultsFrom: 0
sort: 0
cityFilter: 

=====
Response:
{"action":"get_goods_data","searchTerm":"\u0410\u0441\u0431 3\u0445120","resultsFrom":0,"sort":0,"cityFilter":"","code":0,"resultsCount":"62","lastPage":0,"data":[{"name":"\u0410\u0421\u0411 -10 3x120","amount":"0,815","amount_parts":"","unit":"\u043a\u043c","city":"\u041c\u043e\u0441\u043a\u0432\u0430","company_id":"7574","company_name":"\u041e\u041e\u041e \u042d\u043d\u0435\u0440\u0433\u043e\u043a\u0430\u0431\u0435\u043b\u044c\u043c\u043e\u043d\u0442\u0430\u0436"},{"name":"\u0410\u0421\u0411 3\u0445120-10\u043a\u0412","amount":"790","amount_parts":"","unit":"\u043a\u043c","city":"\u041d\u043e\u0432\u043e\u0441\u0438\u0431\u0438\u0440\u0441\u043a","company_id":"11170","company_name":"\u041e\u041e\u041e \u0422\u0421\u041b"},{"name":"\u0410\u0421\u0411-10 3\u0445120","amount":"0,447","amount_parts":"","unit":"\u043a\u043c","city":"\u0421\u0430\u043c\u0430\u0440\u0430","company_id":"20842","company_name":"\u041e\u041e\u041e \u0422\u0410\u041d\u0422\u0410\u041b"},{"name":"\u0410\u0421\u0411-10 3\u0445120","amount":"0,18","amount_parts":"","unit":"\u043a\u043c","city":"\u041f\u0435\u0440\u043c\u044c","company_id":"18149","company_name":"\u041e\u041e\u041e \u041f\u0440\u043e\u043c\u0422\u042d\u041a"},{"name":"\u0410\u0421\u0411-10 3\u0445120 \u043e\u0436","amount":"1,65","amount_parts":"0,77; 0,77; 0,11; ","unit":"\u043a\u043c","city":"\u041d\u043e\u0432\u043e\u043c\u043e\u0441\u043a\u043e\u0432\u0441\u043a","company_id":"16985","company_name":"\u041e\u041e\u041e \"\u041d\u043e\u0432\u0440\u0435\u043c\u0434\u043e\u0440\u043c\u0430\u0448\""},{"name":"\u0410\u0421\u0411-10 3\u0445120 \u043e\u0436","amount":"12,662","amount_parts":"0.13; 0.14; 0.73; 0.155; 0.715; 0.72; 0.72; 0.71; 0.72; 0.715; 0.72; 0.715; 0.715; 0.725; 0.725; 0.72; 0.72; 0.726; 0.715; 0.726; ","unit":"\u043a\u043c","city":"\u041f\u0435\u0440\u043c\u044c","company_id":"16985","company_name":"\u041e\u041e\u041e \"\u041d\u043e\u0432\u0440\u0435\u043c\u0434\u043e\u0440\u043c\u0430\u0448\""},{"name":"\u0410\u0421\u0411-6 3\u0445120","amount":"0,013","amount_parts":"","unit":"\u043a\u043c","city":"\u041f\u0435\u0440\u043c\u044c","company_id":"17570","company_name":"\u041e\u041e\u041e \u042d\u043b\u0435\u043a\u0442\u0440\u043e\u0422\u0435\u0445\u041a\u0430\u0431\u0435\u043b\u044c"},{"name":"\u0410\u0421\u0411-6 3\u0445120","amount":"0,23","amount_parts":"","unit":"\u043a\u043c","city":"\u041f\u0435\u0440\u043c\u044c","company_id":"3141","company_name":"\u041e\u041e\u041e \u041a\u0430\u043c\u0430-\u041a\u0430\u0431\u0421\u043d\u0430\u0431"},{"name":"\u0410\u0421\u0411-6 3\u0445120","amount":"0,4","amount_parts":"","unit":"\u043a\u043c","city":"\u041f\u0435\u0440\u043c\u044c","company_id":"11082","company_name":"\u041e\u041e\u041e \u0421\u0442\u0440\u043e\u0439\u043a\u0430\u0431\u0435\u043b\u044c"},{"name":"\u0410\u0421\u0411-6 3\u0445120 \u043e\u0436","amount":"0,116","amount_parts":"","unit":"\u043a\u043c","city":"\u041f\u0435\u0440\u043c\u044c","company_id":"16985","company_name":"\u041e\u041e\u041e \"\u041d\u043e\u0432\u0440\u0435\u043c\u0434\u043e\u0440\u043c\u0430\u0448\""},{"name":"\u0410\u0421\u0411-6 3\u0445120(\u043e\u0436)","amount":"0,075","amount_parts":"","unit":"\u043a\u043c","city":"\u0420\u043e\u0441\u0442\u043e\u0432-\u043d\u0430-\u0414\u043e\u043d\u0443","company_id":"16095","company_name":"\u043e\u043e\u043e \u0421\u0435\u0432\u043a\u0430\u0432\u043a\u0430\u0431\u0435\u043b\u044c"},{"name":"\u0410\u0421\u04112\u043b 3\u0445120","amount":"0,2895","amount_parts":"","unit":"\u043a\u043c","city":"\u0423\u0444\u0430","company_id":"8479","company_name":"\u0427\u0430\u0441\u0442\u043d\u0430\u044f \u0421\u041a-\u0423\u0420\u0410\u041b"},{"name":"\u0410\u0421\u04112\u043b 3\u0445120 - 10 (\u041e\u0416)","amount":"0,995","amount_parts":"0,495; 0,5; ","unit":"\u043a\u043c","city":"\u041a\u0440\u0430\u0441\u043d\u043e\u0434\u0430\u0440","company_id":"19805","company_name":"\u041e\u041e\u041e \u0422\u0414 \"\u042e\u0436\u043d\u0430\u044f \u043a\u0430\u0431\u0435\u043b\u044c\u043d\u0430\u044f \u043a\u043e\u043c\u043f\u0430\u043d\u0438\u044f\""},{"name":"\u0410\u0421\u04112\u043b 3\u0445120 10\u043a\u0412","amount":"0,21","amount_parts":"","unit":"\u043a\u043c","city":"\u0421\u0430\u043d\u043a\u0442-\u041f\u0435\u0442\u0435\u0440\u0431\u0443\u0440\u0433","company_id":"23722","company_name":"\u041e\u041e\u041e \u0411\u0430\u0443\u0438\u043d\u0436\u0438\u043d\u0438\u0440\u0438\u043d\u0433"},{"name":"\u0410\u0421\u04112\u043b 3\u0445120 \u043c\u043f-10","amount":"1,921","amount_parts":"","unit":"\u043a\u043c","city":"\u0421\u0430\u043d\u043a\u0442-\u041f\u0435\u0442\u0435\u0440\u0431\u0443\u0440\u0433","company_id":"12442","company_name":"\u041e\u041e\u041e \u041c\u0438\u0446\u0430\u0440"},{"name":"\u0410\u0421\u04112\u043b 3\u0445120-10","amount":"0,046","amount_parts":"","unit":"\u043a\u043c","city":"\u0421\u0430\u043d\u043a\u0442-\u041f\u0435\u0442\u0435\u0440\u0431\u0443\u0440\u0433","company_id":"9328","company_name":"\u041e\u041e\u041e \u041a\u0430\u0431\u0435\u043b\u044c-\u0418\u041c\u041f\u042d\u041a\u0421"},{"name":"\u0410\u0421\u04112\u043b 6 3\u0445120 \u043e\u0436","amount":"0,11","amount_parts":"","unit":"\u043a\u043c","city":"\u041d\u043e\u0432\u043e\u043c\u043e\u0441\u043a\u043e\u0432\u0441\u043a","company_id":"16985","company_name":"\u041e\u041e\u041e \"\u041d\u043e\u0432\u0440\u0435\u043c\u0434\u043e\u0440\u043c\u0430\u0448\""},{"name":"\u0410\u0421\u04112\u043b 6 3\u0445120 \u043e\u0436","amount":"0,463","amount_parts":"0.1; 0.112; 0.251; ","unit":"\u043a\u043c","city":"\u041f\u0435\u0440\u043c\u044c","company_id":"16985","company_name":"\u041e\u041e\u041e \"\u041d\u043e\u0432\u0440\u0435\u043c\u0434\u043e\u0440\u043c\u0430\u0448\""},{"name":"\u0410\u0421\u04112\u043b-1 3\u0445120+1\u044570","amount":"0,67","amount_parts":"","unit":"\u043a\u043c","city":"\u041f\u0435\u0440\u043c\u044c","company_id":"11082","company_name":"\u041e\u041e\u041e \u0421\u0442\u0440\u043e\u0439\u043a\u0430\u0431\u0435\u043b\u044c"},{"name":"\u0410\u0421\u04112\u043b-10 3\u0445120","amount":"0,3","amount_parts":"","unit":"\u043a\u043c","city":"\u0412\u043e\u0440\u043e\u043d\u0435\u0436","company_id":"2972","company_name":"\u041e\u041e\u041e \u0422\u043e\u0440\u0433\u043e\u0432\u044b\u0439 \u0414\u043e\u043c \"\u0421\u0442\u0440\u043e\u0439-\u042d\u043d\u0435\u0440\u0433\u043e-\u0420\u0435\u0441\u0443\u0440\u0441\""}],"performedDatetime":"2014-08-06T16:28:17Z","authStatus":"0","accessDateEnd":""}
=====

select s.id, s.comp_id, s.title, s.quant, s.unit_id, s.comments, s.city from
		sklad_tovar s where visible=1 and (title like 'Асб%' or title like '% Асб%' or title like '%Асб%' or title like '%Асб%') and (title like '3х120%' or title like '% 3х120%' or title like '%3x120%') order by  s.title LIMIT 0, 20
q2: select count(id) from sklad_tovar s where visible=1 and (title like 'Асб%' or title like '% Асб%' or title like '%Асб%' or title like '%Асб%') and (title like '3х120%' or title like '% 3х120%' or title like '%3x120%')
 auth: 100 
=====
Query:
performedDatetime: 2014-08-06 16:28:20  0000
action: get_goods_data
sklad_user: Гость
appleId: 43F2F7DE-A0A1-43DB-AEF5-F14E9D5DD063
sklad_hash: 3f83c1a974d1c9f3932b9fcf3853ee1a
searchTerm: Асб 3х120
resultsFrom: 1
sort: 0
cityFilter: 

=====
Response:
{"action":"get_goods_data","searchTerm":"\u0410\u0441\u0431 3\u0445120","resultsFrom":1,"sort":0,"cityFilter":"","code":0,"resultsCount":"62","lastPage":0,"data":[{"name":"\u0410\u0421\u04112\u043b-10 3\u0445120","amount":"0,11","amount_parts":"","unit":"\u043a\u043c","city":"\u0415\u043a\u0430\u0442\u0435\u0440\u0438\u043d\u0431\u0443\u0440\u0433","company_id":"6765","company_name":"\u0410\u043d\u0434\u0440\u0435\u0439 \u0415\u043a\u0430\u0442\u0435\u0440\u0438\u043d\u0431\u0443\u0440\u0433"},{"name":"\u0410\u0421\u04112\u043b-10 3\u0425120","amount":"0,06","amount_parts":"","unit":"\u043a\u043c","city":"\u041f\u0435\u0440\u043c\u044c","company_id":"13338","company_name":"\u041e\u041e\u041e \u042d\u0422\u041a \u042d\u043d\u0435\u0440\u0433\u043e\u043a\u043e\u043c\u043f\u043b\u0435\u043a\u0441"},{"name":"\u0410\u0421\u04112\u043b-10 3\u0445120","amount":"0,11","amount_parts":"","unit":"\u043a\u043c","city":"\u0415\u043a\u0430\u0442\u0435\u0440\u0438\u043d\u0431\u0443\u0440\u0433","company_id":"8500","company_name":"\u041e\u041e\u041e \u041c\u0435\u0436\u0440\u0435\u0433\u0438\u043e\u043d\u0430\u043b\u044c\u043d\u0430\u044f \u043a\u0430\u0431\u0435\u043b\u044c\u043d\u0430\u044f \u043a\u043e\u043c\u043f\u0430\u043d\u0438\u044f"},{"name":"\u0410\u0421\u04112\u043b-10 3\u0445120 \u043e\u0436","amount":"1,28","amount_parts":"0.124; 0.71; 0.321; 0.125; ","unit":"\u043a\u043c","city":"\u041f\u0435\u0440\u043c\u044c","company_id":"16985","company_name":"\u041e\u041e\u041e \"\u041d\u043e\u0432\u0440\u0435\u043c\u0434\u043e\u0440\u043c\u0430\u0448\""},{"name":"\u0410\u0421\u0411\u0412\u043d\u0433-LS 3x120-10 \u043a\u0412","amount":"0,189","amount_parts":"","unit":"\u043a\u043c","city":"\u041a\u0440\u0430\u0441\u043d\u043e\u0434\u0430\u0440","company_id":"4151","company_name":"\u041e\u041e\u041e \u042d\u043b\u0435\u043a\u0442\u0440\u043e\u0442\u0435\u0445\u043d\u0438\u0447\u0435\u0441\u043a\u0430\u044f \u043a\u043e\u043c\u043f\u0430\u043d\u0438\u044f"},{"name":"\u0410\u0421\u0411\u0412\u043d\u0433-LS 3\u0445120-10","amount":"0,189","amount_parts":"","unit":"\u043a\u043c","city":"\u041a\u0440\u0430\u0441\u043d\u043e\u0434\u0430\u0440","company_id":"19805","company_name":"\u041e\u041e\u041e \u0422\u0414 \"\u042e\u0436\u043d\u0430\u044f \u043a\u0430\u0431\u0435\u043b\u044c\u043d\u0430\u044f \u043a\u043e\u043c\u043f\u0430\u043d\u0438\u044f\""},{"name":"\u0410\u0421\u0411\u043b 10 \u043a\u0412 3\u0445120,0(\u043c\u043d)","amount":"0,125","amount_parts":"","unit":"\u043a\u043c","city":"\u0418\u0432\u0430\u043d\u043e\u0432\u043e","company_id":"15173","company_name":"\u041e\u041e\u041e \u0414\u0435\u0439\u0442\u0435\u0440\u0438\u0439 \u043f\u043b\u044e\u0441 \u042d\u043d\u0435\u0440\u0433\u043e\u0441\u043d\u0430\u0431"},{"name":"\u0410\u0421\u0411\u043b 3x120-6 \u043a\u0412","amount":"1,2","amount_parts":"0.46; 0.515; 0.225; ","unit":"\u043a\u043c","city":"\u041a\u0440\u0430\u0441\u043d\u043e\u0434\u0430\u0440","company_id":"4151","company_name":"\u041e\u041e\u041e \u042d\u043b\u0435\u043a\u0442\u0440\u043e\u0442\u0435\u0445\u043d\u0438\u0447\u0435\u0441\u043a\u0430\u044f \u043a\u043e\u043c\u043f\u0430\u043d\u0438\u044f"},{"name":"\u0410\u0421\u0411\u043b 3\u0445120 (\u043e\u0436)-10","amount":"0,792","amount_parts":"0,335; 0,457","unit":"\u043a\u043c","city":"\u041a\u0440\u0430\u0441\u043d\u043e\u0434\u0430\u0440","company_id":"18682","company_name":"\u041e\u041e\u041e \"\u041a\u0430\u043c\u0441\u043a\u0438\u0439 \u043a\u0430\u0431\u0435\u043b\u044c\""},{"name":"\u0410\u0421\u0411\u043b 3\u0445120 (\u043e\u0436)-10","amount":"3,045","amount_parts":"0,525; 0,580; 0,720; 0,460; 0,760","unit":"\u043a\u043c","city":"\u041f\u0435\u0440\u043c\u044c","company_id":"18682","company_name":"\u041e\u041e\u041e \"\u041a\u0430\u043c\u0441\u043a\u0438\u0439 \u043a\u0430\u0431\u0435\u043b\u044c\""},{"name":"\u0410\u0421\u0411\u043b 3\u0445120 - 10 (\u043c\u043d)","amount":"0,246","amount_parts":"","unit":"\u043a\u043c","city":"\u041d\u0438\u0436\u043d\u0438\u0439 \u041d\u043e\u0432\u0433\u043e\u0440\u043e\u0434","company_id":"5022","company_name":"\u041e\u041e\u041e \u0422\u0414 \u0423\u043d\u043a\u043e\u043c\u0442\u0435\u0445"},{"name":"\u0410\u0421\u0411\u043b 3\u0445120 - 10 (\u043c\u043d)","amount":"28,27","amount_parts":"0,487; 0,49; 0,49; 0,49; 0,49; 0,49; 0,49; 0,49; 0,49; 0,49; 0,49; 0,49; 0,49; 0,49; 0,49; 0,49; 0,49; 0,49; 0; 0; 0; 0,495; 0; 0,49; 0,485; 0,488; 0,495; 0,49; 0,245; 0; 0,736; 0,735; 0; 0; 0; 0; 0; 0; 0; 0; 0; 0,49; 0,49; 0,49; 0; 0,49; 0,49; 0,49; 0,48; 0,49; 0,49; 0,49; 0,5; 0,5; 0,49; 0,49; 0,485; 0,75; 0,495; 0,49; 0; 0; 0; 0,309; 0,485; 0,49; 0,74; 0,485; 0,49; 0,49; 0,73; 0,495; 0,495; 0,495; 0; 0; ","unit":"\u043a\u043c","city":"\u041a\u0440\u0430\u0441\u043d\u043e\u0434\u0430\u0440","company_id":"19805","company_name":"\u041e\u041e\u041e \u0422\u0414 \"\u042e\u0436\u043d\u0430\u044f \u043a\u0430\u0431\u0435\u043b\u044c\u043d\u0430\u044f \u043a\u043e\u043c\u043f\u0430\u043d\u0438\u044f\""},{"name":"\u0410\u0421\u0411\u043b 3\u0445120 - 10 (\u041e\u0416)","amount":"1,01","amount_parts":"0.505; 0.505; ","unit":"\u043a\u043c","city":"\u041d\u0438\u0436\u043d\u0438\u0439 \u041d\u043e\u0432\u0433\u043e\u0440\u043e\u0434","company_id":"5022","company_name":"\u041e\u041e\u041e \u0422\u0414 \u0423\u043d\u043a\u043e\u043c\u0442\u0435\u0445"},{"name":"\u0410\u0421\u0411\u043b 3\u0445120 - 10 (\u041e\u0416)","amount":"0,215","amount_parts":"0,215; 0; 0; 0; 0; 0; ","unit":"\u043a\u043c","city":"\u041a\u0440\u0430\u0441\u043d\u043e\u0434\u0430\u0440","company_id":"19805","company_name":"\u041e\u041e\u041e \u0422\u0414 \"\u042e\u0436\u043d\u0430\u044f \u043a\u0430\u0431\u0435\u043b\u044c\u043d\u0430\u044f \u043a\u043e\u043c\u043f\u0430\u043d\u0438\u044f\""},{"name":"\u0410\u0421\u0411\u043b 3\u0445120(\u043e\u0436)-10","amount":"0,484","amount_parts":"0,165; 0,137; 0,121; 0,061; ","unit":"\u043a\u043c","city":"\u041a\u0440\u0430\u0441\u043d\u043e\u0434\u0430\u0440","company_id":"19805","company_name":"\u041e\u041e\u041e \u0422\u0414 \"\u042e\u0436\u043d\u0430\u044f \u043a\u0430\u0431\u0435\u043b\u044c\u043d\u0430\u044f \u043a\u043e\u043c\u043f\u0430\u043d\u0438\u044f\""},{"name":"\u0410\u0421\u0411\u043b 3\u0445120+0","amount":"0,047","amount_parts":"","unit":"\u043a\u043c","city":"\u0421\u0430\u043d\u043a\u0442-\u041f\u0435\u0442\u0435\u0440\u0431\u0443\u0440\u0433","company_id":"16940","company_name":"\u041e\u041e\u041e \"\u041e\u043f\u0442\u0413\u0440\u0443\u043f\u043f\""},{"name":"\u0410\u0421\u0411\u043b 3\u0445120+0","amount":"0,047","amount_parts":"","unit":"\u043a\u043c","city":"\u041c\u043e\u0441\u043a\u0432\u0430","company_id":"22412","company_name":"\u041e\u041e\u041e \u041a\u041e\u0420\u041f\u041e\u0420\u0410\u0426\u0418\u042f \u0411\u0430\u043b\u0442\u041f\u0440\u043e\u043c\u041a\u043e\u043c\u043f\u043b\u0435\u043a\u0442"},{"name":"\u0410\u0421\u0411\u043b 3\u0445120-10","amount":"0,883","amount_parts":"0,4; 0,06; 0,423; ","unit":"\u043a\u043c","city":"\u041a\u0440\u0430\u0441\u043d\u043e\u0434\u0430\u0440","company_id":"19805","company_name":"\u041e\u041e\u041e \u0422\u0414 \"\u042e\u0436\u043d\u0430\u044f \u043a\u0430\u0431\u0435\u043b\u044c\u043d\u0430\u044f \u043a\u043e\u043c\u043f\u0430\u043d\u0438\u044f\""},{"name":"\u0410\u0421\u0411\u043b 3\u0445120\u043c\u043d 10\u043a\u0412 \u0413\u041e\u0421\u0422","amount":"4,671","amount_parts":"","unit":"\u043a\u043c","city":"\u041c\u043e\u0441\u043a\u0432\u0430","company_id":"16301","company_name":"\u041e\u041e\u041e \u0418\u043d\u0442\u0435\u043b\u043b\u042d\u043b\u0435\u043a\u0442\u0440\u043e\u041a\u043e\u043c\u043f\u043b\u0435\u043a\u0442"},{"name":"\u0410\u0421\u0411\u043b- 10 3\u0445120","amount":"0,63","amount_parts":"","unit":"\u043a\u043c","city":"\u041c\u043e\u0441\u043a\u0432\u0430","company_id":"7234","company_name":"\u041e\u041e\u041e SV \u041a\u0430\u0431\u0435\u043b\u044c"}],"performedDatetime":"2014-08-06T16:28:19Z","authStatus":"0","accessDateEnd":""}
=====

select s.id, s.comp_id, s.title, s.quant, s.unit_id, s.comments, s.city from
		sklad_tovar s where visible=1 and (title like 'Асб%' or title like '% Асб%' or title like '%Асб%' or title like '%Асб%') and (title like '3х120%' or title like '% 3х120%' or title like '%3x120%') order by  s.title LIMIT 20, 20
q2: select count(id) from sklad_tovar s where visible=1 and (title like 'Асб%' or title like '% Асб%' or title like '%Асб%' or title like '%Асб%') and (title like '3х120%' or title like '% 3х120%' or title like '%3x120%')
 auth: 100 
=====
Query:
performedDatetime: 2014-08-06 16:28:34  0000
action: get_company_data
sklad_user: Гость
appleId: 43F2F7DE-A0A1-43DB-AEF5-F14E9D5DD063
sklad_hash: 3f83c1a974d1c9f3932b9fcf3853ee1a
company_id: 22412

=====
Response:
{"action":"get_company_data","code":0,"data":{"company_id":22412,"title":"\u041e\u041e\u041e \u041a\u041e\u0420\u041f\u041e\u0420\u0410\u0426\u0418\u042f \u0411\u0430\u043b\u0442\u041f\u0440\u043e\u043c\u041a\u043e\u043c\u043f\u043b\u0435\u043a\u0442","city":"\u041c\u043e\u0441\u043a\u0432\u0430","address":"\u041c\u043e\u0441\u043a\u0432\u0430 2-\u044f \u0443\u043b \u042d\u043d\u0442\u0443\u0437\u0438\u0430\u0441\u0442\u043e\u0432 \u0434\u043e\u043c 3","phone":"4957807792","email":"alexs@bpks.ru","url":"http:\/\/bpks.ru","contact":"\u0421\u0435\u0440\u0433\u0435\u0435\u0432 \u0410\u043b\u0435\u043a\u0441\u0435\u0439 \u0410\u043b\u0435\u043a\u0441\u0430\u043d\u0434\u0440\u043e\u0432\u0438\u0447","goods_count":"3363","last_update":"16.07.2014"},"performedDatetime":"2014-08-06T16:28:34Z","authStatus":"0","accessDateEnd":""}
=====

select distinct city from sklad_tovar where comp_id= and city!='' order by city
q2: 
 auth: 100 
=====
Query:
performedDatetime: 2014-08-06 16:28:40  0000
action: get_goods_data
sklad_user: Гость
appleId: 43F2F7DE-A0A1-43DB-AEF5-F14E9D5DD063
sklad_hash: 3f83c1a974d1c9f3932b9fcf3853ee1a
searchTerm: Асб 3х120
resultsFrom: 2
sort: 0
cityFilter: 

=====
Response:
{"action":"get_goods_data","searchTerm":"\u0410\u0441\u0431 3\u0445120","resultsFrom":2,"sort":0,"cityFilter":"","code":0,"resultsCount":"62","lastPage":0,"data":[{"name":"\u0410\u0421\u0411\u043b-10 3\u0445120","amount":"0,778","amount_parts":"","unit":"\u043a\u043c","city":"\u0421\u0430\u043d\u043a\u0442-\u041f\u0435\u0442\u0435\u0440\u0431\u0443\u0440\u0433","company_id":"16940","company_name":"\u041e\u041e\u041e \"\u041e\u043f\u0442\u0413\u0440\u0443\u043f\u043f\""},{"name":"\u0410\u0421\u0411\u043b-10 3\u0445120","amount":"0,052","amount_parts":"","unit":"\u043a\u043c","city":"\u0421\u0430\u043d\u043a\u0442-\u041f\u0435\u0442\u0435\u0440\u0431\u0443\u0440\u0433","company_id":"3660","company_name":"\u041e\u041e\u041e \u041a\u0430\u0431\u0435\u043b\u044c\u0413\u0440\u0443\u043f\u043f"},{"name":"\u0410\u0421\u0411\u043b-10 3\u0445120","amount":"0,115","amount_parts":"","unit":"\u043a\u043c","city":"\u0415\u043a\u0430\u0442\u0435\u0440\u0438\u043d\u0431\u0443\u0440\u0433","company_id":"6765","company_name":"\u0410\u043d\u0434\u0440\u0435\u0439 \u0415\u043a\u0430\u0442\u0435\u0440\u0438\u043d\u0431\u0443\u0440\u0433"},{"name":"\u0410\u0421\u0411\u043b-10 3\u0445120","amount":"0,778","amount_parts":"","unit":"\u043a\u043c","city":"\u041c\u043e\u0441\u043a\u0432\u0430","company_id":"22412","company_name":"\u041e\u041e\u041e \u041a\u041e\u0420\u041f\u041e\u0420\u0410\u0426\u0418\u042f \u0411\u0430\u043b\u0442\u041f\u0440\u043e\u043c\u041a\u043e\u043c\u043f\u043b\u0435\u043a\u0442"},{"name":"\u0410\u0421\u0411\u043b-10 3\u0445120","amount":"0,115","amount_parts":"","unit":"\u043a\u043c","city":"\u0415\u043a\u0430\u0442\u0435\u0440\u0438\u043d\u0431\u0443\u0440\u0433","company_id":"8500","company_name":"\u041e\u041e\u041e \u041c\u0435\u0436\u0440\u0435\u0433\u0438\u043e\u043d\u0430\u043b\u044c\u043d\u0430\u044f \u043a\u0430\u0431\u0435\u043b\u044c\u043d\u0430\u044f \u043a\u043e\u043c\u043f\u0430\u043d\u0438\u044f"},{"name":"\u0410\u0421\u0411\u043b-10 3\u0445120 \u043c\u043d","amount":"0,095","amount_parts":"","unit":"\u043a\u043c","city":"\u0421\u0430\u043d\u043a\u0442-\u041f\u0435\u0442\u0435\u0440\u0431\u0443\u0440\u0433","company_id":"16940","company_name":"\u041e\u041e\u041e \"\u041e\u043f\u0442\u0413\u0440\u0443\u043f\u043f\""},{"name":"\u0410\u0421\u0411\u043b-10 3\u0445120 \u043c\u043d","amount":"0,105","amount_parts":"","unit":"\u043a\u043c","city":"\u041d\u043e\u0432\u043e\u043c\u043e\u0441\u043a\u043e\u0432\u0441\u043a","company_id":"16985","company_name":"\u041e\u041e\u041e \"\u041d\u043e\u0432\u0440\u0435\u043c\u0434\u043e\u0440\u043c\u0430\u0448\""},{"name":"\u0410\u0421\u0411\u043b-10 3\u0445120 \u043c\u043d","amount":"0,756","amount_parts":"","unit":"\u043a\u043c","city":"\u041c\u043e\u0441\u043a\u0432\u0430","company_id":"7807","company_name":"\u0413\u0440\u0443\u043f\u043f\u0430 \u0421\u0435\u0440\u0432\u0430\u043b"},{"name":"\u0410\u0421\u0411\u043b-10 3\u0445120 \u043c\u043d","amount":"0,095","amount_parts":"","unit":"\u043a\u043c","city":"\u041c\u043e\u0441\u043a\u0432\u0430","company_id":"22412","company_name":"\u041e\u041e\u041e \u041a\u041e\u0420\u041f\u041e\u0420\u0410\u0426\u0418\u042f \u0411\u0430\u043b\u0442\u041f\u0440\u043e\u043c\u041a\u043e\u043c\u043f\u043b\u0435\u043a\u0442"},{"name":"\u0410\u0421\u0411\u043b-10 3\u0445120 \u043c\u043d","amount":"0,025","amount_parts":"25","unit":"\u043a\u043c","city":"\u041c\u043e\u0441\u043a\u0432\u0430","company_id":"4879","company_name":"\u041e\u041e\u041e \u0422\u0414 \u0414\u044d\u043b\u044c\u0442\u0430 \u0413\u0440\u0443\u043f\u043f \u041c"},{"name":"\u0410\u0421\u0411\u043b-10 3\u0445120 \u043c\u043d","amount":"0,3","amount_parts":"0.14; 0.16; ","unit":"\u043a\u043c","city":"\u041f\u0435\u0440\u043c\u044c","company_id":"16985","company_name":"\u041e\u041e\u041e \"\u041d\u043e\u0432\u0440\u0435\u043c\u0434\u043e\u0440\u043c\u0430\u0448\""},{"name":"\u0410\u0421\u0411\u043b-10 3\u0445120 \u043e\u0436","amount":"0,13","amount_parts":"","unit":"\u043a\u043c","city":"\u041d\u043e\u0432\u043e\u043c\u043e\u0441\u043a\u043e\u0432\u0441\u043a","company_id":"16985","company_name":"\u041e\u041e\u041e \"\u041d\u043e\u0432\u0440\u0435\u043c\u0434\u043e\u0440\u043c\u0430\u0448\""},{"name":"\u0410\u0421\u0411\u043b-10 3\u0445120 \u043e\u0436","amount":"5,985","amount_parts":"","unit":"\u043a\u043c","city":"\u041c\u043e\u0441\u043a\u0432\u0430","company_id":"17486","company_name":"\u041e\u041e\u041e \u042d\u043b\u043a\u043e\u043c-\u042d\u043b\u0435\u043a\u0442\u0440\u043e"},{"name":"\u0410\u0421\u0411\u043b-10 3\u0445120 \u043e\u0436","amount":"3,84","amount_parts":"0,573; 0,625; 0,575; 0,567; 0,500; 0,5; 0,5","unit":"\u043a\u043c","city":"\u041c\u043e\u0441\u043a\u0432\u0430","company_id":"19030","company_name":"\u041e\u041e\u041e \u0413\u0440\u0443\u043f\u043f \u043a\u043e\u043c\u043f\u0430\u043d\u0438\u0439 \u041a\u0420\u0410\u041c"},{"name":"\u0410\u0421\u0411\u043b-10 3\u0425120 \u041e\u0416","amount":"0,505","amount_parts":"","unit":"\u043a\u043c","city":"\u041f\u0435\u0440\u043c\u044c","company_id":"13338","company_name":"\u041e\u041e\u041e \u042d\u0422\u041a \u042d\u043d\u0435\u0440\u0433\u043e\u043a\u043e\u043c\u043f\u043b\u0435\u043a\u0441"},{"name":"\u0410\u0421\u0411\u043b-10 3\u0445120 \u043e\u0436","amount":"0,407","amount_parts":"","unit":"\u043a\u043c","city":"\u041f\u0435\u0440\u043c\u044c","company_id":"16985","company_name":"\u041e\u041e\u041e \"\u041d\u043e\u0432\u0440\u0435\u043c\u0434\u043e\u0440\u043c\u0430\u0448\""},{"name":"\u0410\u0421\u0411\u043b-10 3\u0445120(\u043e\u0436)","amount":"1,165","amount_parts":"0,305; 0,46; 0,4; ","unit":"\u043a\u043c","city":"\u041c\u043e\u0441\u043a\u0432\u0430","company_id":"6306","company_name":"\u0417\u0410\u041e \"\u041a\u0430\u0431\u0435\u043b\u044c\u0441\u043d\u0430\u0431\""},{"name":"\u0410\u0421\u0411\u043b-10 3\u0445120(\u043e\u0436)","amount":"0,017","amount_parts":"","unit":"\u043a\u043c","city":"\u0420\u043e\u0441\u0442\u043e\u0432-\u043d\u0430-\u0414\u043e\u043d\u0443","company_id":"16095","company_name":"\u043e\u043e\u043e \u0421\u0435\u0432\u043a\u0430\u0432\u043a\u0430\u0431\u0435\u043b\u044c"},{"name":"\u0410\u0421\u0411\u043b-6 3\u0445120 \u043e\u0436","amount":"0,294","amount_parts":"0.118; 0.176; ","unit":"\u043a\u043c","city":"\u041f\u0435\u0440\u043c\u044c","company_id":"16985","company_name":"\u041e\u041e\u041e \"\u041d\u043e\u0432\u0440\u0435\u043c\u0434\u043e\u0440\u043c\u0430\u0448\""},{"name":"\u0410\u0421\u0411\u0423-1 3\u0445120+1\u044535","amount":"0,069","amount_parts":"","unit":"\u043a\u043c","city":"\u041c\u043e\u0441\u043a\u0432\u0430","company_id":"4864","company_name":"\u041e\u041e\u041e \u0423\u043d\u0438\u0432\u0435\u0440\u0441\u0438\u0442\u0435\u0442  \u0441\u0435\u0440\u0432\u0438\u0441"}],"performedDatetime":"2014-08-06T16:28:40Z","authStatus":"0","accessDateEnd":""}
=====

select s.id, s.comp_id, s.title, s.quant, s.unit_id, s.comments, s.city from
		sklad_tovar s where visible=1 and (title like 'Асб%' or title like '% Асб%' or title like '%Асб%' or title like '%Асб%') and (title like '3х120%' or title like '% 3х120%' or title like '%3x120%') order by  s.title LIMIT 40, 20
q2: select count(id) from sklad_tovar s where visible=1 and (title like 'Асб%' or title like '% Асб%' or title like '%Асб%' or title like '%Асб%') and (title like '3х120%' or title like '% 3х120%' or title like '%3x120%')
 auth: 100 
=====
Query:
performedDatetime: 2014-08-06 16:28:51  0000
action: get_company_data
sklad_user: Гость
appleId: 43F2F7DE-A0A1-43DB-AEF5-F14E9D5DD063
sklad_hash: 3f83c1a974d1c9f3932b9fcf3853ee1a
company_id: 8500

=====
Response:
{"action":"get_company_data","code":0,"data":{"company_id":8500,"title":"\u041e\u041e\u041e \u041c\u0435\u0436\u0440\u0435\u0433\u0438\u043e\u043d\u0430\u043b\u044c\u043d\u0430\u044f \u043a\u0430\u0431\u0435\u043b\u044c\u043d\u0430\u044f \u043a\u043e\u043c\u043f\u0430\u043d\u0438\u044f","city":"\u0415\u043a\u0430\u0442\u0435\u0440\u0438\u043d\u0431\u0443\u0440\u0433","address":"620137, \u0443\u043b.\u0414\u0430\u043d\u0438\u043b\u044b \u0417\u0432\u0435\u0440\u0435\u0432\u0430, 31, \u043b\u0438\u0442\u0435\u0440 \u0420","phone":"8-800-7777-340","email":"vipcom@mail.ru","url":"http:\/\/www.1mkk.ru","contact":"\u041f\u0435\u0442\u0443\u0445\u043e\u0432 \u0410\u043d\u0434\u0440\u0435\u0439","goods_count":"694","last_update":"29.07.2014"},"performedDatetime":"2014-08-06T16:28:50Z","authStatus":"0","accessDateEnd":""}
=====

select distinct city from sklad_tovar where comp_id= and city!='' order by city
q2: 
 auth: 100 
=====
Query:
performedDatetime: 2014-08-06 16:29:00  0000
action: get_company_data
sklad_user: Гость
appleId: 43F2F7DE-A0A1-43DB-AEF5-F14E9D5DD063
sklad_hash: 3f83c1a974d1c9f3932b9fcf3853ee1a
company_id: 17486

=====
Response:
{"action":"get_company_data","code":0,"data":{"company_id":17486,"title":"\u041e\u041e\u041e \u042d\u043b\u043a\u043e\u043c-\u042d\u043b\u0435\u043a\u0442\u0440\u043e","city":"\u041c\u043e\u0441\u043a\u0432\u0430","address":"\u041c\u043e\u0441\u043a\u043e\u0432\u0441\u043a\u0430\u044f \u043e\u0431\u043b., \u0433. \u041c\u044b\u0442\u0438\u0449\u0438, \u042f\u0440\u043e\u0441\u043b\u0430\u0432\u0441\u043a\u043e\u0435 \u0448\u043e\u0441\u0441\u0435, \u0432\u043b. 2\u0413, (3-\u0439 \u043a\u043c \u043e\u0442 \u041c\u041a\u0410\u0414)","phone":"+7(495)933-40-39 \u0434\u043e\u0431.651","email":"egorov_ms@el-com.ru","url":"http:\/\/www.el-com.ru","contact":"\u041e\u0442\u0434\u0435\u043b \u0440\u0435\u043a\u043b\u0430\u043c\u044b","goods_count":"1439","last_update":"29.07.2014"},"performedDatetime":"2014-08-06T16:29:00Z","authStatus":"0","accessDateEnd":""}
=====

select distinct city from sklad_tovar where comp_id= and city!='' order by city
q2: 
 auth: 100 
=====
Query:
performedDatetime: 2014-08-06 16:29:04  0000
action: get_goods_data
sklad_user: Гость
appleId: 43F2F7DE-A0A1-43DB-AEF5-F14E9D5DD063
sklad_hash: 3f83c1a974d1c9f3932b9fcf3853ee1a
searchTerm: Асб 3х120
resultsFrom: 3
sort: 0
cityFilter: 

=====
Response:
{"action":"get_goods_data","searchTerm":"\u0410\u0441\u0431 3\u0445120","resultsFrom":3,"sort":0,"cityFilter":"","code":0,"resultsCount":"62","lastPage":1,"data":[{"name":"\u041e\u0410\u0421\u0411-25 3\u0445120","amount":"0,37","amount_parts":"","unit":"\u043a\u043c","city":"\u041f\u0435\u0440\u043c\u044c","company_id":"11082","company_name":"\u041e\u041e\u041e \u0421\u0442\u0440\u043e\u0439\u043a\u0430\u0431\u0435\u043b\u044c"},{"name":"\u0426\u0410\u0421\u0411\u043b 3\u0445120-10","amount":"0,225","amount_parts":"","unit":"\u043a\u043c","city":"\u041a\u0440\u0430\u0441\u043d\u043e\u0434\u0430\u0440","company_id":"19805","company_name":"\u041e\u041e\u041e \u0422\u0414 \"\u042e\u0436\u043d\u0430\u044f \u043a\u0430\u0431\u0435\u043b\u044c\u043d\u0430\u044f \u043a\u043e\u043c\u043f\u0430\u043d\u0438\u044f\""}],"performedDatetime":"2014-08-06T16:29:04Z","authStatus":"0","accessDateEnd":""}
=====

select s.id, s.comp_id, s.title, s.quant, s.unit_id, s.comments, s.city from
		sklad_tovar s where visible=1 and (title like 'Асб%' or title like '% Асб%' or title like '%Асб%' or title like '%Асб%') and (title like '3х120%' or title like '% 3х120%' or title like '%3x120%') order by  s.title LIMIT 60, 20
q2: select count(id) from sklad_tovar s where visible=1 and (title like 'Асб%' or title like '% Асб%' or title like '%Асб%' or title like '%Асб%') and (title like '3х120%' or title like '% 3х120%' or title like '%3x120%')
 auth: 100 
=====
Query:
performedDatetime: 2014-08-06 16:29:10  0000
action: get_company_data
sklad_user: Гость
appleId: 43F2F7DE-A0A1-43DB-AEF5-F14E9D5DD063
sklad_hash: 3f83c1a974d1c9f3932b9fcf3853ee1a
company_id: 19805

=====
Response:
{"action":"get_company_data","code":0,"data":{"company_id":19805,"title":"\u041e\u041e\u041e \u0422\u0414 \"\u042e\u0436\u043d\u0430\u044f \u043a\u0430\u0431\u0435\u043b\u044c\u043d\u0430\u044f \u043a\u043e\u043c\u043f\u0430\u043d\u0438\u044f\"","city":"\u041a\u0440\u0430\u0441\u043d\u043e\u0434\u0430\u0440","address":"350029 \u041a\u0440\u0430\u0441\u043d\u043e\u0434\u0430\u0440\u0441\u043a\u0438\u0439 \u041a\u0440\u0430\u0439, \u0433.\u041a\u0440\u0430\u0441\u043d\u043e\u0434\u0430\u0440 \u0443\u043b.\u0420\u043e\u0441\u0441\u0438\u0439\u0441\u043a\u0430\u044f 315\/1","phone":"8 918 912 00 46","email":"gen.ugkk@mail.ru","contact":"\u0421\u043e\u043a\u043e\u043b\u043e\u0432 \u041a\u043e\u043d\u0441\u0442\u0430\u043d\u0442\u0438\u043d","goods_count":"1173","last_update":"29.07.2014"},"performedDatetime":"2014-08-06T16:29:09Z","authStatus":"0","accessDateEnd":""}
=====

select distinct city from sklad_tovar where comp_id= and city!='' order by city
q2: 
 auth: 100 
=====
Query:
performedDatetime: 2014-08-06 16:29:13  0000
action: get_company_data
sklad_user: Гость
appleId: 43F2F7DE-A0A1-43DB-AEF5-F14E9D5DD063
sklad_hash: 3f83c1a974d1c9f3932b9fcf3853ee1a
company_id: 19805

=====
Response:
{"action":"get_company_data","code":0,"data":{"company_id":19805,"title":"\u041e\u041e\u041e \u0422\u0414 \"\u042e\u0436\u043d\u0430\u044f \u043a\u0430\u0431\u0435\u043b\u044c\u043d\u0430\u044f \u043a\u043e\u043c\u043f\u0430\u043d\u0438\u044f\"","city":"\u041a\u0440\u0430\u0441\u043d\u043e\u0434\u0430\u0440","address":"350029 \u041a\u0440\u0430\u0441\u043d\u043e\u0434\u0430\u0440\u0441\u043a\u0438\u0439 \u041a\u0440\u0430\u0439, \u0433.\u041a\u0440\u0430\u0441\u043d\u043e\u0434\u0430\u0440 \u0443\u043b.\u0420\u043e\u0441\u0441\u0438\u0439\u0441\u043a\u0430\u044f 315\/1","phone":"8 918 912 00 46","email":"gen.ugkk@mail.ru","contact":"\u0421\u043e\u043a\u043e\u043b\u043e\u0432 \u041a\u043e\u043d\u0441\u0442\u0430\u043d\u0442\u0438\u043d","goods_count":"1173","last_update":"29.07.2014"},"performedDatetime":"2014-08-06T16:29:13Z","authStatus":"0","accessDateEnd":""}
=====

select distinct city from sklad_tovar where comp_id= and city!='' order by city
q2: 
 auth: 100 
=====
Query:
performedDatetime: 2014-08-06 16:29:20  0000
action: get_company_data
sklad_user: Гость
appleId: 43F2F7DE-A0A1-43DB-AEF5-F14E9D5DD063
sklad_hash: 3f83c1a974d1c9f3932b9fcf3853ee1a
company_id: 4864

=====
Response:
{"action":"get_company_data","code":0,"data":{"company_id":4864,"title":"\u041e\u041e\u041e \u0423\u043d\u0438\u0432\u0435\u0440\u0441\u0438\u0442\u0435\u0442  \u0441\u0435\u0440\u0432\u0438\u0441","city":"\u041c\u043e\u0441\u043a\u0432\u0430","address":"117234,\u041c\u043e\u0441\u043a\u0432\u0430, \u0421\u043f\u0430\u0440\u0442\u0430\u043a\u043e\u0432\u0441\u043a\u0430\u044f \u043f\u043b\u043e\u0449\u0430\u0434\u044c \u0434.1","phone":"8-926-905-94-60,\u043c\u043e\u0431.","email":"imperial_60@mail.ru","url":"http:\/\/www.cable.3dn.ru","contact":"\u041d\u0430\u0442\u0430\u043b\u044c\u044f,\u0420\u043e\u043c\u0430\u043d","goods_count":"805","last_update":"15.07.2014"},"performedDatetime":"2014-08-06T16:29:20Z","authStatus":"0","accessDateEnd":""}
=====

select distinct city from sklad_tovar where comp_id= and city!='' order by city
q2: 
 auth: 100 
=====
Query:
performedDatetime: 2014-08-06 16:29:23  0000
action: get_company_data
sklad_user: Гость
appleId: 43F2F7DE-A0A1-43DB-AEF5-F14E9D5DD063
sklad_hash: 3f83c1a974d1c9f3932b9fcf3853ee1a
company_id: 16985

=====
Response:
{"action":"get_company_data","code":0,"data":{"company_id":16985,"title":"\u041e\u041e\u041e \"\u041d\u043e\u0432\u0440\u0435\u043c\u0434\u043e\u0440\u043c\u0430\u0448\"","city":"\u041d\u043e\u0432\u043e\u043c\u043e\u0441\u043a\u043e\u0432\u0441\u043a","address":"301650, \u0422\u0443\u043b\u044c\u0441\u043a\u0430\u044f \u043e\u0431\u043b., \u0433. \u041d\u043e\u0432\u043e\u043c\u043e\u0441\u043a\u043e\u0432\u0441\u043a, \u0443\u043b.\u0422\u0435\u0445\u043d\u0438\u0447\u0435\u0441\u043a\u0430\u044f, 8","phone":"8-953-427-1067, 8-48762-3-72-93","email":"yuliya.cabsnab@mail.ru","url":"http:\/\/cabsnab.ru","contact":"\u041f\u0440\u0438\u0441\u044f\u0436\u043d\u0435\u043d\u043a\u043e \u042e\u043b\u0438\u044f \u0413\u0435\u043d\u043d\u0430\u0434\u044c\u0435\u0432\u043d\u0430","goods_count":"2299","last_update":"22.07.2014"},"performedDatetime":"2014-08-06T16:29:23Z","authStatus":"0","accessDateEnd":""}
=====

select distinct city from sklad_tovar where comp_id= and city!='' order by city
q2: 
 auth: 100 
=====
