Query:
performedDatetime: 2014-09-04 05:58:44  0000
action: get_text

=====
Response:
{"action":"get_text","code":0,"data":"","performedDatetime":"2014-09-04T05:58:46Z","authStatus":"10"}
=====


q2: 
 auth: 0 
=====
Query:
performedDatetime: 2014-09-04 05:59:11  0000
action: get_goods_data
sklad_user: Гость
appleId: A9A2D996-6FC4-4340-BB82-0B7879218C50
sklad_hash: 4c258a7744df05ffde86fcabbe90f27a
searchTerm: Асбл -10 3*150 
resultsFrom: 0
sort: 0
cityFilter: 

=====
Response:
{"action":"get_goods_data","searchTerm":"\u0410\u0441\u0431\u043b -10 3*150","resultsFrom":0,"sort":0,"cityFilter":"","code":0,"resultsCount":"1","lastPage":1,"data":[{"name":"\u0410\u0421\u0411\u043b\u0430\u043b 3\u0445150 -10","amount":"0,7","amount_parts":"0,300; 0,400","unit":"\u043a\u043c","city":"\u041c\u043e\u0441\u043a\u0432\u0430","company_id":"18682","company_name":"\u041e\u041e\u041e \"\u041a\u0430\u043c\u0441\u043a\u0438\u0439 \u043a\u0430\u0431\u0435\u043b\u044c\""}],"performedDatetime":"2014-09-04T05:59:10Z","authStatus":"0","accessDateEnd":""}
=====

select s.id, s.comp_id, s.title, s.quant, s.unit_id, s.comments, s.city from
		sklad_tovar s where visible=1 and (title like 'Асбл%' or title like '% Асбл%' or title like '%Асбл%' or title like '%Асбл%') and (title like '-10%' or title like '% -10%' or title like '%(A)-10%' or title like '%(А)-10%') and (title like '3х150%' or title like '% 3х150%' or title like '%3x150%') order by  s.title LIMIT 0, 20
q2: select count(id) from sklad_tovar s where visible=1 and (title like 'Асбл%' or title like '% Асбл%' or title like '%Асбл%' or title like '%Асбл%') and (title like '-10%' or title like '% -10%' or title like '%(A)-10%' or title like '%(А)-10%') and (title like '3х150%' or title like '% 3х150%' or title like '%3x150%')
 auth: 100 
=====
Query:
performedDatetime: 2014-09-04 05:59:17  0000
action: get_company_data
sklad_user: Гость
appleId: A9A2D996-6FC4-4340-BB82-0B7879218C50
sklad_hash: 4c258a7744df05ffde86fcabbe90f27a
company_id: 18682

=====
Response:
{"action":"get_company_data","code":0,"data":{"company_id":18682,"title":"\u041e\u041e\u041e \"\u041a\u0430\u043c\u0441\u043a\u0438\u0439 \u043a\u0430\u0431\u0435\u043b\u044c\"","city":"\u041f\u0435\u0440\u043c\u044c","address":"614030, \u0420\u043e\u0441\u0441\u0438\u044f, \u0433. \u041f\u0435\u0440\u043c\u044c, \u0443\u043b. \u0413\u0430\u0439\u0432\u0438\u043d\u0441\u043a\u0430\u044f, \u0434. 105","phone":"8-800-220-5000","email":"zakaz@kamkabel.ru","url":"http:\/\/www.kamkabel.ru","contact":"\u041e\u0442\u0434\u0435\u043b \u043f\u0440\u043e\u0434\u0430\u0436","goods_count":"1011","last_update":"04.09.2014"},"performedDatetime":"2014-09-04T05:59:16Z","authStatus":"0","accessDateEnd":""}
=====

select distinct city from sklad_tovar where comp_id= and city!='' order by city
q2: 
 auth: 100 
=====
Query:
performedDatetime: 2014-09-04 18:38:10  0000
action: get_text

=====
Response:
{"action":"get_text","code":0,"data":"","performedDatetime":"2014-09-04T18:38:09Z","authStatus":"10"}
=====


q2: 
 auth: 0 
=====
Query:
performedDatetime: 2014-09-04 18:38:25  0000
action: get_goods_data
sklad_user: Гость
appleId: 20BCFD09-EA17-4C11-8450-C1F9EDDB317F
sklad_hash: 90904cd0613412d6922d85a596333d8a
searchTerm: ВВГнг 5х10
resultsFrom: 0
sort: 0
cityFilter: 

=====
Response:
{"action":"get_goods_data","searchTerm":"\u0412\u0412\u0413\u043d\u0433 5\u044510","resultsFrom":0,"sort":0,"cityFilter":"","code":0,"resultsCount":"218","lastPage":0,"data":[{"name":"5\u044510 \u0412\u0412\u0413\u043d\u0433 5\u044510","amount":"0,786","amount_parts":"","unit":"\u043a\u043c","city":"\u041a\u0438\u0440\u043e\u0432","company_id":"8163","company_name":"\u0417\u0410\u041e \u041a\u0440\u0438\u0441\u0442\u0430\u043b\u043b"},{"name":"5\u044510 \u0412\u0412\u0413\u043d\u0433(\u0410)-FRLS 5\u044510","amount":"0,409","amount_parts":"","unit":"\u043a\u043c","city":"\u041a\u0438\u0440\u043e\u0432","company_id":"8163","company_name":"\u0417\u0410\u041e \u041a\u0440\u0438\u0441\u0442\u0430\u043b\u043b"},{"name":"5\u044510 \u0412\u0412\u0413\u043d\u0433-LS 5\u044510","amount":"0,5155","amount_parts":"","unit":"\u043a\u043c","city":"\u041a\u0438\u0440\u043e\u0432","company_id":"8163","company_name":"\u0417\u0410\u041e \u041a\u0440\u0438\u0441\u0442\u0430\u043b\u043b"},{"name":"\u0412\u0412\u0413\u043d\u0433 (\u0410) LS 5\u044510 \u043c\u043a","amount":"3","amount_parts":"","unit":"\u043a\u043c","city":"\u041d\u0438\u0436\u043d\u0438\u0439 \u041d\u043e\u0432\u0433\u043e\u0440\u043e\u0434","company_id":"17218","company_name":"\u0417\u0410\u041e \u042d\u043d\u0435\u0440\u0433\u043e\u041c\u0430\u043a\u0441\u0438\u043c\u0443\u043c"},{"name":"\u0412\u0412\u0413\u043d\u0433 5\u044510","amount":"0,3","amount_parts":"","unit":"\u043a\u043c","city":"\u041c\u043e\u0441\u043a\u0432\u0430","company_id":"23649","company_name":"\u041e\u041e\u041e \"\u0421\u0410\u041d\u0412\u0418\""},{"name":"\u0412\u0412\u0413\u043d\u0433 5\u044510","amount":"1,5","amount_parts":"","unit":"\u043a\u043c","city":"\u041c\u043e\u0441\u043a\u0432\u0430","company_id":"4879","company_name":"\u041e\u041e\u041e \u0422\u0414 \u0414\u044d\u043b\u044c\u0442\u0430 \u0413\u0440\u0443\u043f\u043f \u041c"},{"name":"\u0412\u0412\u0413\u043d\u0433 5\u044510","amount":"0,008","amount_parts":"","unit":"\u043a\u043c","city":"\u042f\u0440\u043e\u0441\u043b\u0430\u0432\u043b\u044c","company_id":"9501","company_name":"\u041e\u041e\u041e \u0410\u043b\u044c\u0444\u0430\u0442\u0435\u0445"},{"name":"\u0412\u0412\u0413\u043d\u0433 5\u044510","amount":"0,155","amount_parts":"","unit":"\u043a\u043c","city":"\u041c\u043e\u0441\u043a\u0432\u0430","company_id":"1032","company_name":"\u041e\u041e\u041e \u0413\u041a \"\u041a\u0430\u0431\u0435\u043b\u044c\u0441\u0442\u0440\u043e\u0439\u0441\u0435\u0440\u0432\u0438\u0441\""},{"name":"\u0412\u0412\u0413\u043d\u0433 5\u044510","amount":"0,566","amount_parts":"","unit":"\u043a\u043c","city":"\u0410\u0440\u0445\u0430\u043d\u0433\u0435\u043b\u044c\u0441\u043a","company_id":"20371","company_name":"\u041e\u041e\u041e \u042d\u043d\u0435\u0440\u0433\u043e\u0440\u0435\u0441\u0443\u0440\u0441"},{"name":"\u0412\u0412\u0413\u043d\u0433 5\u044510","amount":"0,591","amount_parts":"0,033; 0,53; 0,017; 0,005; 0,006; ","unit":"\u043a\u043c","city":"\u041f\u0435\u0440\u043c\u044c","company_id":"17640","company_name":"\u041e\u041e\u041e \"\u0415\u0432\u0440\u043e\u0441\u0442\u0440\u043e\u0439\""},{"name":"\u0412\u0412\u0413\u043d\u0433 5\u044510","amount":"1,33","amount_parts":"","unit":"\u043a\u043c","city":"\u041c\u043e\u0441\u043a\u0432\u0430","company_id":"8783","company_name":"\u041e\u041e\u041e \u0424\u0430\u0432\u043e\u0440\u0438\u0442-\u042d\u043b\u0435\u043a\u0442\u0440\u043e"},{"name":"\u0412\u0412\u0413\u043d\u0433 5\u044510","amount":"3,542","amount_parts":"2,821; 0,709; 0,012; ","unit":"\u043a\u043c","city":"\u041f\u0435\u0440\u043c\u044c","company_id":"10969","company_name":"\u041e\u041e\u041e \u0410\u0428\u0422\u0420\u0415\u0412\u0415\u041b"},{"name":"\u0412\u0412\u0413\u043d\u0433 5\u044510","amount":"0,517","amount_parts":"0,033; 0,43; 0,017; 0,005; 0,006; 0,026; ","unit":"\u043a\u043c","city":"\u041f\u0435\u0440\u043c\u044c","company_id":"3601","company_name":"\u041e\u041e\u041e \"\u0422\u041c\u041a-\u042d\u041d\u0415\u0420\u0413\u041e\""},{"name":"\u0412\u0412\u0413\u043d\u0433 5\u044510","amount":"0,033","amount_parts":"0,013; 0,02; ","unit":"\u043a\u043c","city":"\u041c\u043e\u0441\u043a\u0432\u0430","company_id":"6579","company_name":"\u041e\u041e\u041e \u0421\u041a\u0410\u0419\u0421\u0418"},{"name":"\u0412\u0412\u0413\u043d\u0433 5\u044510","amount":"1,2","amount_parts":"","unit":"\u043a\u043c","city":"\u041b\u044e\u0431\u0435\u0440\u0446\u044b","company_id":"15356","company_name":"\u041e\u041e\u041e \u042d\u043d\u0435\u0440\u0433\u043e\u0444\u043e\u0440\u0441\u0430\u0436"},{"name":"\u0412\u0412\u0413\u043d\u0433 5\u044510","amount":"0,163","amount_parts":"0,129; 0,034; ","unit":"\u043a\u043c","city":"\u041c\u043e\u0441\u043a\u0432\u0430","company_id":"8256","company_name":"\u041e\u041e\u041e \u0410\u0432\u0430\u043b\u043e\u043d-\u041a\u0430\u0431\u0435\u043b\u044c"},{"name":"\u0412\u0412\u0413\u043d\u0433 5\u044510","amount":"1,5945","amount_parts":"","unit":"\u043a\u043c","city":"\u0427\u0435\u0431\u043e\u043a\u0441\u0430\u0440\u044b","company_id":"12137","company_name":"\u041e\u041e\u041e \u041e\u043c\u0435\u0433\u0430"},{"name":"\u0412\u0412\u0413\u043d\u0433 5\u044510","amount":"0,591","amount_parts":"0,033; 0,53; 0,017; 0,005; 0,006; ","unit":"\u043a\u043c","city":"\u041f\u0435\u0440\u043c\u044c","company_id":"11082","company_name":"\u041e\u041e\u041e \u0421\u0442\u0440\u043e\u0439\u043a\u0430\u0431\u0435\u043b\u044c"},{"name":"\u0412\u0412\u0413\u043d\u0433 5\u044510","amount":"0,1","amount_parts":"","unit":"\u043a\u043c","city":"\u041c\u043e\u0441\u043a\u0432\u0430","company_id":"22412","company_name":"\u041e\u041e\u041e \u041a\u041e\u0420\u041f\u041e\u0420\u0410\u0426\u0418\u042f \u0411\u0430\u043b\u0442\u041f\u0440\u043e\u043c\u041a\u043e\u043c\u043f\u043b\u0435\u043a\u0442"},{"name":"\u0412\u0412\u0413\u043d\u0433 5\u044510","amount":"0,8","amount_parts":"","unit":"\u043a\u043c","city":"\u041a\u0440\u0430\u0441\u043d\u043e\u044f\u0440\u0441\u043a","company_id":"8363","company_name":"\u041e\u041e\u041e \u0421\u0438\u0431\u0421\u0442\u0440\u043e\u0439\u0420\u0435\u0441\u0443\u0440\u0441 2000"}],"performedDatetime":"2014-09-04T18:38:24Z","authStatus":"0","accessDateEnd":""}
=====

select s.id, s.comp_id, s.title, s.quant, s.unit_id, s.comments, s.city from
		sklad_tovar s where visible=1 and (title like 'ВВГнг%' or title like '% ВВГнг%') and (title like '5х10%' or title like '% 5х10%' or title like '%5x10%') order by  s.title LIMIT 0, 20
q2: select count(id) from sklad_tovar s where visible=1 and (title like 'ВВГнг%' or title like '% ВВГнг%') and (title like '5х10%' or title like '% 5х10%' or title like '%5x10%')
 auth: 100 
=====
Query:
performedDatetime: 2014-09-04 18:38:34  0000
action: get_goods_data
sklad_user: Гость
appleId: 20BCFD09-EA17-4C11-8450-C1F9EDDB317F
sklad_hash: 90904cd0613412d6922d85a596333d8a
searchTerm: ВВГнг 5х10
resultsFrom: 1
sort: 0
cityFilter: 

=====
Response:
{"action":"get_goods_data","searchTerm":"\u0412\u0412\u0413\u043d\u0433 5\u044510","resultsFrom":1,"sort":0,"cityFilter":"","code":0,"resultsCount":"218","lastPage":0,"data":[{"name":"\u0412\u0412\u0413\u043d\u0433 5\u044510","amount":"3,21","amount_parts":"","unit":"\u043a\u043c","city":"\u041c\u043e\u0441\u043a\u0432\u0430","company_id":"9215","company_name":"\u041e\u041e\u041e \u041c\u0435\u043b\u0430\u043c\u0435\u0442"},{"name":"\u0412\u0412\u0413\u043d\u0433 5\u044510","amount":"1,135","amount_parts":"375; 30; 730;","unit":"\u043a\u043c","city":"\u0415\u043a\u0430\u0442\u0435\u0440\u0438\u043d\u0431\u0443\u0440\u0433","company_id":"6765","company_name":"\u0410\u043d\u0434\u0440\u0435\u0439 "},{"name":"\u0412\u0412\u0413\u043d\u0433 5\u044510","amount":"0,138","amount_parts":"0.038; 0.1; ","unit":"\u043a\u043c","city":"\u0420\u043e\u0441\u0442\u043e\u0432-\u043d\u0430-\u0414\u043e\u043d\u0443","company_id":"381","company_name":"\u041e\u041e\u041e \u0420\u041a\u0411"},{"name":"\u0412\u0412\u0413\u043d\u0433 5\u044510","amount":"0,1","amount_parts":"","unit":"\u043a\u043c","city":"\u0421\u0430\u043d\u043a\u0442-\u041f\u0435\u0442\u0435\u0440\u0431\u0443\u0440\u0433","company_id":"16940","company_name":"\u041e\u041e\u041e \"\u041e\u043f\u0442\u0413\u0440\u0443\u043f\u043f\""},{"name":"\u0412\u0412\u0413\u043d\u0433 5\u044510 (\u043e\u0436) - 0,66","amount":"1,045","amount_parts":"0,642; 0,251; 0,051; 0,096; 0,005; ","unit":"\u043a\u043c","city":"\u0421\u0430\u043d\u043a\u0442-\u041f\u0435\u0442\u0435\u0440\u0431\u0443\u0440\u0433","company_id":"8391","company_name":"\u041e\u041e\u041e \u0421\u041a\u041a"},{"name":"\u0412\u0412\u0413\u043d\u0433 5\u044510 (\u043e\u0436) 0,66\u043a\u0412","amount":"0,171","amount_parts":"","unit":"\u043a\u043c","city":"\u0420\u043e\u0441\u0442\u043e\u0432-\u043d\u0430-\u0414\u043e\u043d\u0443","company_id":"381","company_name":"\u041e\u041e\u041e \u0420\u041a\u0411"},{"name":"\u0412\u0412\u0413\u043d\u0433 5\u044510 (\u043e\u0436)-0.66","amount":"0,149","amount_parts":"","unit":"\u043a\u043c","city":"\u041a\u0430\u0437\u0430\u043d\u044c","company_id":"4993","company_name":"\u041e\u041e\u041e \"\u042d\u043b\u0435\u043a\u0442\u0440\u043e\u043a\u043e\u043c\u043f\u043b\u0435\u043a\u0442\""},{"name":"\u0412\u0412\u0413\u043d\u0433 5\u044510 - 0,66\u043a\u0412","amount":"0,984","amount_parts":"","unit":"\u043a\u043c","city":"\u0421\u0430\u043d\u043a\u0442-\u041f\u0435\u0442\u0435\u0440\u0431\u0443\u0440\u0433","company_id":"23722","company_name":"\u041e\u041e\u041e \u0411\u0430\u0443\u0438\u043d\u0436\u0438\u043d\u0438\u0440\u0438\u043d\u0433"},{"name":"\u0412\u0412\u0413\u043d\u0433 5\u044510 0,66 \u043a\u0412","amount":"1,18","amount_parts":"","unit":"\u043a\u043c","city":"\u0420\u043e\u0441\u0442\u043e\u0432","company_id":"8168","company_name":"\u041e\u041e\u041e \u00ab\u0422\u0435\u0445\u043d\u043e\u043a\u0430\u0431\u0435\u043b\u044c \u041c\u00bb \u041c\u043e\u0441\u043a\u0432\u0430"},{"name":"\u0412\u0412\u0413\u043d\u0433 5\u044510 0,66\u043a\u0412","amount":"0,175","amount_parts":"0.056; 0.119; ","unit":"\u043a\u043c","city":"\u0420\u043e\u0441\u0442\u043e\u0432-\u043d\u0430-\u0414\u043e\u043d\u0443","company_id":"381","company_name":"\u041e\u041e\u041e \u0420\u041a\u0411"},{"name":"\u0412\u0412\u0413\u043d\u0433 5\u044510 0.66 \u043a\u0412.\u043e\u0436","amount":"0,594","amount_parts":"","unit":"\u043a\u043c","city":"\u041d\u043e\u0432\u043e\u0441\u0438\u0431\u0438\u0440\u0441\u043a","company_id":"15992","company_name":"\u041e\u041e\u041e \u042d\u0422\u0421-\u042d\u043b\u0441\u0438\u0441"},{"name":"\u0412\u0412\u0413\u043d\u0433 5\u044510 \u041e\u0416","amount":"0,994","amount_parts":"","unit":"\u043a\u043c","city":"\u0415\u043a\u0430\u0442\u0435\u0440\u0438\u043d\u0431\u0443\u0440\u0433","company_id":"8456","company_name":"\u041e\u041e\u041e \"\u041f\u0440\u043e\u043c\u042d\u043b\u0435\u043a\u0442\u0440\u043e\u041a\u0430\u0431\u0435\u043b\u044c\""},{"name":"\u0412\u0412\u0413\u043d\u0433 5\u044510 \u043e\u0436-0,66","amount":"0,035","amount_parts":"","unit":"\u043a\u043c","city":"\u0421\u0430\u043d\u043a\u0442-\u041f\u0435\u0442\u0435\u0440\u0431\u0443\u0440\u0433","company_id":"12442","company_name":"\u041e\u041e\u041e \u041c\u0438\u0446\u0430\u0440"},{"name":"\u0412\u0412\u0413\u043d\u0433 5\u044510 \u0447\u0435\u0440\u043d\u044b\u0439","amount":"0,005","amount_parts":"","unit":"\u043a\u043c","city":"\u0421\u0430\u043d\u043a\u0442-\u041f\u0435\u0442\u0435\u0440\u0431\u0443\u0440\u0433","company_id":"21499","company_name":"\u042d\u043b\u0435\u043a\u0442\u0440\u043e\u043e\u0431\u043e\u0440\u0443\u0434\u043e\u0432\u0430\u043d\u0438\u0435"},{"name":"\u0412\u0412\u0413\u043d\u0433 5\u044510(\u043e\u0436)- 0.66","amount":"0,284","amount_parts":"","unit":"\u043a\u043c","city":"\u041d\u0438\u0436\u043d\u0438\u0439 \u041d\u043e\u0432\u0433\u043e\u0440\u043e\u0434","company_id":"5948","company_name":"\u041e\u041e\u041e \u041a\u0430\u0431\u0435\u043b\u044c \u041f\u041a"},{"name":"\u0412\u0412\u0413\u043d\u0433 5\u044510(\u043e\u0436)-0.66","amount":"0,3712","amount_parts":"","unit":"\u043a\u043c","city":"\u0421\u0430\u043d\u043a\u0442-\u041f\u0435\u0442\u0435\u0440\u0431\u0443\u0440\u0433","company_id":"9328","company_name":"\u041e\u041e\u041e \u041a\u0430\u0431\u0435\u043b\u044c-\u0418\u041c\u041f\u042d\u041a\u0421"},{"name":"\u0412\u0412\u0413\u043d\u0433 5\u042510,0","amount":"0,4","amount_parts":"","unit":"\u043a\u043c","city":"\u041c\u043e\u0441\u043a\u0432\u0430","company_id":"65","company_name":"\u041e\u041e\u041e \u0424\u041e\u0420\u0415\u0421 \u0422\u041f\u041a"},{"name":"\u0412\u0412\u0413\u043d\u0433 5\u044510-0,66 \u0422\u0423 16.\u041a73.062-2002","amount":"0,255","amount_parts":"","unit":"\u043a\u043c","city":"\u0422\u043e\u043c\u0441\u043a","company_id":"22088","company_name":"\u0425\u043e\u043b\u0434\u0438\u043d\u0433 \u041a\u0430\u0431\u0435\u043b\u044c\u043d\u044b\u0439 \u0410\u043b\u044c\u044f\u043d\u0441"},{"name":"\u0412\u0412\u0413\u043d\u0433 5\u044510.0","amount":"0,005","amount_parts":"","unit":"\u043a\u043c","city":"\u041a\u0430\u0437\u0430\u043d\u044c","company_id":"4993","company_name":"\u041e\u041e\u041e \"\u042d\u043b\u0435\u043a\u0442\u0440\u043e\u043a\u043e\u043c\u043f\u043b\u0435\u043a\u0442\""},{"name":"\u0412\u0412\u0413\u043d\u0433 frls 5\u044510","amount":"0,1","amount_parts":"","unit":"\u043a\u043c","city":"\u041d\u043e\u0432\u043e\u0441\u0438\u0431\u0438\u0440\u0441\u043a","company_id":"11170","company_name":"\u041e\u041e\u041e \u0422\u0421\u041b"}],"performedDatetime":"2014-09-04T18:38:33Z","authStatus":"0","accessDateEnd":""}
=====

select s.id, s.comp_id, s.title, s.quant, s.unit_id, s.comments, s.city from
		sklad_tovar s where visible=1 and (title like 'ВВГнг%' or title like '% ВВГнг%') and (title like '5х10%' or title like '% 5х10%' or title like '%5x10%') order by  s.title LIMIT 20, 20
q2: select count(id) from sklad_tovar s where visible=1 and (title like 'ВВГнг%' or title like '% ВВГнг%') and (title like '5х10%' or title like '% 5х10%' or title like '%5x10%')
 auth: 100 
=====
Query:
performedDatetime: 2014-09-04 18:38:42  0000
action: get_goods_data
sklad_user: Гость
appleId: 20BCFD09-EA17-4C11-8450-C1F9EDDB317F
sklad_hash: 90904cd0613412d6922d85a596333d8a
searchTerm: ВВГнг 5х10
resultsFrom: 2
sort: 0
cityFilter: 

=====
Response:
{"action":"get_goods_data","searchTerm":"\u0412\u0412\u0413\u043d\u0433 5\u044510","resultsFrom":2,"sort":0,"cityFilter":"","code":0,"resultsCount":"218","lastPage":0,"data":[{"name":"\u0412\u0412\u0413\u043d\u0433 FRLS 5\u044510","amount":"0,07","amount_parts":"","unit":"\u043a\u043c","city":"\u0415\u043a\u0430\u0442\u0435\u0440\u0438\u043d\u0431\u0443\u0440\u0433","company_id":"8456","company_name":"\u041e\u041e\u041e \"\u041f\u0440\u043e\u043c\u042d\u043b\u0435\u043a\u0442\u0440\u043e\u041a\u0430\u0431\u0435\u043b\u044c\""},{"name":"\u0412\u0412\u0413\u043d\u0433 FRLS 5\u044510 \u041e\u0416","amount":"0,21","amount_parts":"","unit":"\u043a\u043c","city":"\u0415\u043a\u0430\u0442\u0435\u0440\u0438\u043d\u0431\u0443\u0440\u0433","company_id":"8456","company_name":"\u041e\u041e\u041e \"\u041f\u0440\u043e\u043c\u042d\u043b\u0435\u043a\u0442\u0440\u043e\u041a\u0430\u0431\u0435\u043b\u044c\""},{"name":"\u0412\u0412\u0413\u043d\u0433 LS 5\u044510","amount":"0,028","amount_parts":"","unit":"\u043a\u043c","city":"\u041c\u043e\u0441\u043a\u0432\u0430","company_id":"6579","company_name":"\u041e\u041e\u041e \u0421\u041a\u0410\u0419\u0421\u0418"},{"name":"\u0412\u0412\u0413\u043d\u0433 LS 5\u044510","amount":"0,6","amount_parts":"","unit":"\u043a\u043c","city":"\u041a\u0440\u0430\u0441\u043d\u043e\u044f\u0440\u0441\u043a","company_id":"8363","company_name":"\u041e\u041e\u041e \u0421\u0438\u0431\u0421\u0442\u0440\u043e\u0439\u0420\u0435\u0441\u0443\u0440\u0441 2000"},{"name":"\u0412\u0412\u0413\u043d\u0433 LS 5\u044510","amount":"0,392","amount_parts":"268; 124;","unit":"\u043a\u043c","city":"\u0415\u043a\u0430\u0442\u0435\u0440\u0438\u043d\u0431\u0443\u0440\u0433","company_id":"6765","company_name":"\u0410\u043d\u0434\u0440\u0435\u0439 "},{"name":"\u0412\u0412\u0413\u043d\u0433 LS 5\u044510","amount":"0,745","amount_parts":"","unit":"\u043a\u043c","city":"\u0415\u043a\u0430\u0442\u0435\u0440\u0438\u043d\u0431\u0443\u0440\u0433","company_id":"8456","company_name":"\u041e\u041e\u041e \"\u041f\u0440\u043e\u043c\u042d\u043b\u0435\u043a\u0442\u0440\u043e\u041a\u0430\u0431\u0435\u043b\u044c\""},{"name":"\u0412\u0412\u0413\u043d\u0433 LS 5\u044510","amount":"0,776","amount_parts":"","unit":"\u043a\u043c","city":"\u041a\u0440\u0430\u0441\u043d\u043e\u044f\u0440\u0441\u043a","company_id":"12240","company_name":"\u041e\u041e\u041e \u042d\u043d\u0435\u0440\u0433\u043e\u0441\u0438\u0441\u0442\u0435\u043c\u0441"},{"name":"\u0412\u0412\u0413\u043d\u0433 LS 5\u044510 (\u0431\u0430\u0440)","amount":"0,158","amount_parts":"","unit":"\u043a\u043c","city":"\u0418\u0432\u0430\u043d\u043e\u0432\u043e","company_id":"15173","company_name":"\u041e\u041e\u041e \u0414\u0435\u0439\u0442\u0435\u0440\u0438\u0439 \u043f\u043b\u044e\u0441 \u042d\u043d\u0435\u0440\u0433\u043e\u0441\u043d\u0430\u0431"},{"name":"\u0412\u0412\u0413\u043d\u0433 LS 5\u044510 \u043e\u0436","amount":"0,043","amount_parts":"","unit":"\u043a\u043c","city":"\u0418\u0432\u0430\u043d\u043e\u0432\u043e","company_id":"15173","company_name":"\u041e\u041e\u041e \u0414\u0435\u0439\u0442\u0435\u0440\u0438\u0439 \u043f\u043b\u044e\u0441 \u042d\u043d\u0435\u0440\u0433\u043e\u0441\u043d\u0430\u0431"},{"name":"\u0412\u0412\u0413\u043d\u0433(A) 5\u044510 0,66\u043a\u0412","amount":"0,605","amount_parts":"","unit":"\u043a\u043c","city":"\u0420\u043e\u0441\u0442\u043e\u0432-\u043d\u0430-\u0414\u043e\u043d\u0443","company_id":"381","company_name":"\u041e\u041e\u041e \u0420\u041a\u0411"},{"name":"\u0412\u0412\u0413\u043d\u0433(A)-FRLS 5\u044510 1\u043a\u0412","amount":"0,079","amount_parts":"","unit":"\u043a\u043c","city":"\u0420\u043e\u0441\u0442\u043e\u0432-\u043d\u0430-\u0414\u043e\u043d\u0443","company_id":"381","company_name":"\u041e\u041e\u041e \u0420\u041a\u0411"},{"name":"\u0412\u0412\u0413\u043d\u0433(A)-FRLSLTx 5\u044510","amount":"2,3","amount_parts":"","unit":"\u043a\u043c","city":"\u041c\u043e\u0441\u043a\u0432\u0430","company_id":"20640","company_name":"\u041e\u041e\u041e \u041a\u0430\u0431\u0435\u043b\u044c\u0421\u0442\u0430\u0440"},{"name":"\u0412\u0412\u0413\u043d\u0433(A)-LS 5\u044510 0,66\u043a\u0412","amount":"0,086","amount_parts":"","unit":"\u043a\u043c","city":"\u0420\u043e\u0441\u0442\u043e\u0432-\u043d\u0430-\u0414\u043e\u043d\u0443","company_id":"381","company_name":"\u041e\u041e\u041e \u0420\u041a\u0411"},{"name":"\u0412\u0412\u0413\u043d\u0433(A)-LS 5\u044510-0.66","amount":"0,013","amount_parts":"","unit":"\u043a\u043c","city":"\u041c\u043e\u0441\u043a\u043e\u0432\u0441\u043a\u0430\u044f \u043e\u0431\u043b., \u0433. \u0425\u0438\u043c\u043a\u0438","company_id":"13849","company_name":"\u041e\u041e\u041e \u041f\u0440\u043e\u0432\u043e\u0434\u043d\u0438\u043a"},{"name":"\u0412\u0412\u0413\u043d\u0433(\u0410) 5\u044510","amount":"1,67","amount_parts":"","unit":"\u043a\u043c","city":"\u041c\u043e\u0441\u043a\u0432\u0430","company_id":"6945","company_name":"\u041e\u041e\u041e \u041f\u0440\u0438\u043c\u0430\u043a\u0430\u0431\u0435\u043b\u044c"},{"name":"\u0412\u0412\u0413\u043d\u0433(\u0410) 5\u044510","amount":"0,537","amount_parts":"0,5; 0,037; ","unit":"\u043a\u043c","city":"\u0420\u0435\u0443\u0442\u043e\u0432","company_id":"372","company_name":"\u041f\u0420\u0415\u0421\u0421\u041a\u041e"},{"name":"\u0412\u0412\u0413\u043d\u0433(\u0410) 5\u044510","amount":"2","amount_parts":"","unit":"\u043a\u043c","city":"\u041c\u043e\u0441\u043a\u0432\u0430","company_id":"24894","company_name":"\u041a\u0410\u0411\u0415\u041b\u042c\u0422\u0420\u0415\u0421\u0422"},{"name":"\u0412\u0412\u0413\u043d\u0433(\u0410) 5\u044510 (\u043e\u0436)","amount":"1,512","amount_parts":"","unit":"\u043a\u043c","city":"\u041c\u043e\u0441\u043a\u0432\u0430","company_id":"4290","company_name":"\u041e\u041e\u041e \u0413\u0430\u043b\u043b\u0430-\u041a\u0430\u0431\u0435\u043b\u044c"},{"name":"\u0412\u0412\u0413\u043d\u0433(\u0410) 5\u044510 (\u043e\u0436) - 0,66","amount":"0,125","amount_parts":"","unit":"\u043a\u043c","city":"\u0421\u0430\u043d\u043a\u0442-\u041f\u0435\u0442\u0435\u0440\u0431\u0443\u0440\u0433","company_id":"8391","company_name":"\u041e\u041e\u041e \u0421\u041a\u041a"},{"name":"\u0412\u0412\u0413\u043d\u0433(\u0410) 5\u044510 - 0,66","amount":"0,31","amount_parts":"","unit":"\u043a\u043c","city":"\u0422\u043e\u043c\u0441\u043a","company_id":"23632","company_name":"\u041e\u041e\u041e \u00ab\u0422\u043e\u043c\u0441\u043a\u043a\u0430\u0431\u0435\u043b\u044c\u00bb"}],"performedDatetime":"2014-09-04T18:38:41Z","authStatus":"0","accessDateEnd":""}
=====

select s.id, s.comp_id, s.title, s.quant, s.unit_id, s.comments, s.city from
		sklad_tovar s where visible=1 and (title like 'ВВГнг%' or title like '% ВВГнг%') and (title like '5х10%' or title like '% 5х10%' or title like '%5x10%') order by  s.title LIMIT 40, 20
q2: select count(id) from sklad_tovar s where visible=1 and (title like 'ВВГнг%' or title like '% ВВГнг%') and (title like '5х10%' or title like '% 5х10%' or title like '%5x10%')
 auth: 100 
=====
Query:
performedDatetime: 2014-09-04 18:38:44  0000
action: get_company_data
sklad_user: Гость
appleId: 20BCFD09-EA17-4C11-8450-C1F9EDDB317F
sklad_hash: 90904cd0613412d6922d85a596333d8a
company_id: 5948

=====
Response:
{"action":"get_company_data","code":0,"data":{"company_id":5948,"title":"\u041e\u041e\u041e \u041a\u0430\u0431\u0435\u043b\u044c \u041f\u041a","city":"\u041d\u0438\u0436\u043d\u0438\u0439 \u041d\u043e\u0432\u0433\u043e\u0440\u043e\u0434","address":"603094, \u0433. \u041d\u0438\u0436\u043d\u0438\u0439 \u041d\u043e\u0432\u0433\u043e\u0440\u043e\u0434, \u0443\u043b. \u042d\u043d\u0433\u0435\u043b\u044c\u0441\u0430, \u0434. 29, \u043f\u043e\u043c\u0435\u0449\u0435\u043d\u0438\u0435 1","phone":"8-920-252-00-85","email":"san@cablepk.ru","url":"http:\/\/www.cablepk.ru","contact":"\u0421\u043c\u0438\u0440\u043d\u043e\u0432 \u0410\u043d\u0442\u043e\u043d \u041d\u0438\u043a\u043e\u043b\u0430\u0435\u0432\u0438\u0447","goods_count":"482","last_update":"01.09.2014"},"performedDatetime":"2014-09-04T18:38:43Z","authStatus":"0","accessDateEnd":""}
=====

select distinct city from sklad_tovar where comp_id= and city!='' order by city
q2: 
 auth: 100 
=====
Query:
performedDatetime: 2014-09-04 18:39:03  0000
action: get_goods_data
sklad_user: Гость
appleId: 20BCFD09-EA17-4C11-8450-C1F9EDDB317F
sklad_hash: 90904cd0613412d6922d85a596333d8a
searchTerm: ВВГнг 5х10
resultsFrom: 3
sort: 0
cityFilter: 

=====
Response:
{"action":"get_goods_data","searchTerm":"\u0412\u0412\u0413\u043d\u0433 5\u044510","resultsFrom":3,"sort":0,"cityFilter":"","code":0,"resultsCount":"218","lastPage":0,"data":[{"name":"\u0412\u0412\u0413\u043d\u0433(\u0410) 5\u044510 - 0,66","amount":"1,27","amount_parts":"","unit":"\u043a\u043c","city":"\u0422\u043e\u043c\u0441\u043a","company_id":"23632","company_name":"\u041e\u041e\u041e \u00ab\u0422\u043e\u043c\u0441\u043a\u043a\u0430\u0431\u0435\u043b\u044c\u00bb"},{"name":"\u0412\u0412\u0413\u043d\u0433(\u0410) 5\u044510 -0.66\u043a\u0412","amount":"0,008","amount_parts":"","unit":"\u043a\u043c","city":"\u041a\u0430\u0437\u0430\u043d\u044c","company_id":"4993","company_name":"\u041e\u041e\u041e \"\u042d\u043b\u0435\u043a\u0442\u0440\u043e\u043a\u043e\u043c\u043f\u043b\u0435\u043a\u0442\""},{"name":"\u0412\u0412\u0413\u043d\u0433(\u0410) 5\u044510 \u043e\u043a-0,66","amount":"8,798","amount_parts":"","unit":"\u043a\u043c","city":"\u041c\u043e\u0441\u043a\u0432\u0430","company_id":"17486","company_name":"\u041e\u041e\u041e \u042d\u043b\u043a\u043e\u043c-\u042d\u043b\u0435\u043a\u0442\u0440\u043e"},{"name":"\u0412\u0412\u0413\u043d\u0433(\u0410) 5\u044510 \u043e\u043a-0,66","amount":"104","amount_parts":"","unit":"\u043a\u043c","city":"\u041c\u043e\u0441\u043a\u0432\u0430","company_id":"17265","company_name":"\u041e\u041e\u041e \"\u0421\u0420\u0421-\u042d\u043b\u0435\u043a\u0442\u0440\u043e\""},{"name":"\u0412\u0412\u0413\u043d\u0433(\u0410) 5\u044510,0\u043e\u043a(N,PE)-0,66","amount":"0,83","amount_parts":"","unit":"\u043a\u043c","city":"\u041c\u043e\u0441\u043a\u0432\u0430","company_id":"20640","company_name":"\u041e\u041e\u041e \u041a\u0430\u0431\u0435\u043b\u044c\u0421\u0442\u0430\u0440"},{"name":"\u0412\u0412\u0413\u043d\u0433(\u0410) 5\u044510-1","amount":"0,852","amount_parts":"","unit":"\u043a\u043c","city":"\u0421\u0430\u043d\u043a\u0442-\u041f\u0435\u0442\u0435\u0440\u0431\u0443\u0440\u0433","company_id":"9328","company_name":"\u041e\u041e\u041e \u041a\u0430\u0431\u0435\u043b\u044c-\u0418\u041c\u041f\u042d\u041a\u0421"},{"name":"\u0412\u0412\u0413\u043d\u0433(\u0410) 5\u044510\u043e\u043a(N,PE) 0,66\u043a\u0412","amount":"0,5","amount_parts":"","unit":"\u043a\u043c","city":"\u041c\u043e\u0441\u043a\u0432\u0430","company_id":"8168","company_name":"\u041e\u041e\u041e \u00ab\u0422\u0435\u0445\u043d\u043e\u043a\u0430\u0431\u0435\u043b\u044c \u041c\u00bb \u041c\u043e\u0441\u043a\u0432\u0430"},{"name":"\u0412\u0412\u0413\u043d\u0433(\u0410) 5\u044510\u043e\u043a(N,PE)-0,66","amount":"0,23","amount_parts":"","unit":"\u043a\u043c","city":"\u0421\u0430\u043d\u043a\u0442-\u041f\u0435\u0442\u0435\u0440\u0431\u0443\u0440\u0433","company_id":"12442","company_name":"\u041e\u041e\u041e \u041c\u0438\u0446\u0430\u0440"},{"name":"\u0412\u0412\u0413\u043d\u0433(\u0410) 5\u044510\u043e\u043a(N,PE)-0,66 \u041c\u041c\u0423 \u0422\u0423 3520-003-60698248-200","amount":"0,07","amount_parts":"","unit":"\u043a\u043c","city":"\u0421\u0430\u043d\u043a\u0442-\u041f\u0435\u0442\u0435\u0440\u0431\u0443\u0440\u0433","company_id":"19357","company_name":"\u041e\u041e\u041e \u0422\u0414 \"\u0423\u0440\u0430\u043b \u041f\u0430\u043a\""},{"name":"\u0412\u0412\u0413\u043d\u0433(\u0410) 5\u044510\u043e\u043a(N,PE)-0,66 \u0422\u0423 16-705.499-2010","amount":"1,27","amount_parts":"","unit":"\u043a\u043c","city":"\u0415\u043a\u0430\u0442\u0435\u0440\u0438\u043d\u0431\u0443\u0440\u0433","company_id":"22088","company_name":"\u0425\u043e\u043b\u0434\u0438\u043d\u0433 \u041a\u0430\u0431\u0435\u043b\u044c\u043d\u044b\u0439 \u0410\u043b\u044c\u044f\u043d\u0441"},{"name":"\u0412\u0412\u0413\u043d\u0433(\u0410) 5\u044510\u043e\u043a(N,PE)-0,66 \u0422\u0423 16.\u041a180-025-2010","amount":"0,065","amount_parts":"","unit":"\u043a\u043c","city":"\u041f\u0435\u0440\u043c\u044c","company_id":"19357","company_name":"\u041e\u041e\u041e \u0422\u0414 \"\u0423\u0440\u0430\u043b \u041f\u0430\u043a\""},{"name":"\u0412\u0412\u0413\u043d\u0433(\u0410) 5\u044510\u043e\u043a(N,PE)-0.66","amount":"1,887","amount_parts":"0,12; 0,37; 0,54; 0,857; ","unit":"\u043a\u043c","city":"\u041f\u0435\u0440\u043c\u044c","company_id":"258","company_name":"\u0417\u0410\u041e \"\u042d\u043b\u0435\u043a\u0442\u0440\u043e\u0442\u0435\u0445\u043f\u0440\u043e\u043c\""},{"name":"\u0412\u0412\u0413\u043d\u0433(\u0410) 5\u044510\u043e\u043a-0,66 \u0422\u0423 16-705.499-2010 (\u0413\u041e\u0421\u0422 \u0420 53769-2010)","amount":"0,188","amount_parts":"","unit":"\u043a\u043c","city":"\u0422\u043e\u043c\u0441\u043a","company_id":"22088","company_name":"\u0425\u043e\u043b\u0434\u0438\u043d\u0433 \u041a\u0430\u0431\u0435\u043b\u044c\u043d\u044b\u0439 \u0410\u043b\u044c\u044f\u043d\u0441"},{"name":"\u0412\u0412\u0413\u043d\u0433(\u0410) 5\u044510\u043e\u043a-0,66 \u044d\u043a","amount":"1,58","amount_parts":"","unit":"\u043a\u043c","city":"\u0421\u0430\u043d\u043a\u0442-\u041f\u0435\u0442\u0435\u0440\u0431\u0443\u0440\u0433","company_id":"12442","company_name":"\u041e\u041e\u041e \u041c\u0438\u0446\u0430\u0440"},{"name":"\u0412\u0412\u0413\u043d\u0433(\u0410) FRLS 5\u044510\u043e\u043a(N,PE)-1","amount":"0,89","amount_parts":"","unit":"\u043a\u043c","city":"\u041b\u044e\u0434\u0438\u043d\u043e\u0432\u043e","company_id":"18613","company_name":"\u041b\u044e\u0434\u0438\u043d\u043e\u0432\u043e\u043a\u0430\u0431\u0435\u043b\u044c, \u0417\u0410\u041e \u00ab\u0410\u0442\u043e\u043b\u043b\u00bb"},{"name":"\u0412\u0412\u0413\u043d\u0433(\u0410) LS 5\u044510","amount":"0,125","amount_parts":"","unit":"\u043a\u043c","city":"\u0410\u0440\u0445\u0430\u043d\u0433\u0435\u043b\u044c\u0441\u043a","company_id":"20371","company_name":"\u041e\u041e\u041e \u042d\u043d\u0435\u0440\u0433\u043e\u0440\u0435\u0441\u0443\u0440\u0441"},{"name":"\u0412\u0412\u0413\u043d\u0433(\u0410) LSLTx 5\u044510","amount":"0,1","amount_parts":"","unit":"\u043a\u043c","city":"\u0415\u043a\u0430\u0442\u0435\u0440\u0438\u043d\u0431\u0443\u0440\u0433","company_id":"8456","company_name":"\u041e\u041e\u041e \"\u041f\u0440\u043e\u043c\u042d\u043b\u0435\u043a\u0442\u0440\u043e\u041a\u0430\u0431\u0435\u043b\u044c\""},{"name":"\u0412\u0412\u0413\u043d\u0433(\u0410)-0,66 5\u044510 (\u043e\u0436)","amount":"2,441","amount_parts":"","unit":"\u043a\u043c","city":"\u041d\u0438\u0436\u043d\u0438\u0439 \u041d\u043e\u0432\u0433\u043e\u0440\u043e\u0434","company_id":"22212","company_name":"\u041e\u041e\u041e \"\u042d\u043b\u0435\u043a\u0442\u0440\u043e\u0442\u0435\u0445\u043d\u0438\u0447\u0435\u0441\u043a\u0430\u044f \u043a\u043e\u043c\u043f\u0430\u043d\u0438\u044f \"\u0422\u043e\u043b\u0435\u0434\u043e\""},{"name":"\u0412\u0412\u0413\u043d\u0433(\u0410)-0,66 5\u044510 (\u043e\u0436)(3,10)","amount":"2,324","amount_parts":"","unit":"\u043a\u043c","city":"\u041d\u0438\u0436\u043d\u0438\u0439 \u041d\u043e\u0432\u0433\u043e\u0440\u043e\u0434","company_id":"22212","company_name":"\u041e\u041e\u041e \"\u042d\u043b\u0435\u043a\u0442\u0440\u043e\u0442\u0435\u0445\u043d\u0438\u0447\u0435\u0441\u043a\u0430\u044f \u043a\u043e\u043c\u043f\u0430\u043d\u0438\u044f \"\u0422\u043e\u043b\u0435\u0434\u043e\""},{"name":"\u0412\u0412\u0413\u043d\u0433(\u0410)-FR LS 5\u044510","amount":"0,293","amount_parts":"","unit":"\u043a\u043c","city":"\u041d\u0438\u0436\u043d\u0438\u0439 \u041d\u043e\u0432\u0433\u043e\u0440\u043e\u0434","company_id":"22212","company_name":"\u041e\u041e\u041e \"\u042d\u043b\u0435\u043a\u0442\u0440\u043e\u0442\u0435\u0445\u043d\u0438\u0447\u0435\u0441\u043a\u0430\u044f \u043a\u043e\u043c\u043f\u0430\u043d\u0438\u044f \"\u0422\u043e\u043b\u0435\u0434\u043e\""}],"performedDatetime":"2014-09-04T18:39:02Z","authStatus":"0","accessDateEnd":""}
=====

select s.id, s.comp_id, s.title, s.quant, s.unit_id, s.comments, s.city from
		sklad_tovar s where visible=1 and (title like 'ВВГнг%' or title like '% ВВГнг%') and (title like '5х10%' or title like '% 5х10%' or title like '%5x10%') order by  s.title LIMIT 60, 20
q2: select count(id) from sklad_tovar s where visible=1 and (title like 'ВВГнг%' or title like '% ВВГнг%') and (title like '5х10%' or title like '% 5х10%' or title like '%5x10%')
 auth: 100 
=====
Query:
performedDatetime: 2014-09-04 18:39:08  0000
action: get_company_data
sklad_user: Гость
appleId: 20BCFD09-EA17-4C11-8450-C1F9EDDB317F
sklad_hash: 90904cd0613412d6922d85a596333d8a
company_id: 372

=====
Response:
{"action":"get_company_data","code":0,"data":{"company_id":372,"title":"\u041f\u0420\u0415\u0421\u0421\u041a\u041e","city":"\u0420\u0435\u0443\u0442\u043e\u0432","address":"143966,\u041c.\u041e., \u0433. \u0420\u0435\u0443\u0442\u043e\u0432, \u0443\u043b. \u041f\u043e\u0431\u0435\u0434\u044b, \u0434.1","phone":"5851084","email":"pressco2004@mail.ru","url":"http:\/\/www.pressco.ru\/","contact":"\u041f\u0420\u0415\u0421\u0421\u041a\u041e","goods_count":"353","last_update":"21.08.2014"},"performedDatetime":"2014-09-04T18:39:07Z","authStatus":"0","accessDateEnd":""}
=====

select distinct city from sklad_tovar where comp_id= and city!='' order by city
q2: 
 auth: 100 
=====
Query:
performedDatetime: 2014-09-04 18:39:13  0000
action: get_company_data
sklad_user: Гость
appleId: 20BCFD09-EA17-4C11-8450-C1F9EDDB317F
sklad_hash: 90904cd0613412d6922d85a596333d8a
company_id: 372

=====
Response:
{"action":"get_company_data","code":0,"data":{"company_id":372,"title":"\u041f\u0420\u0415\u0421\u0421\u041a\u041e","city":"\u0420\u0435\u0443\u0442\u043e\u0432","address":"143966,\u041c.\u041e., \u0433. \u0420\u0435\u0443\u0442\u043e\u0432, \u0443\u043b. \u041f\u043e\u0431\u0435\u0434\u044b, \u0434.1","phone":"5851084","email":"pressco2004@mail.ru","url":"http:\/\/www.pressco.ru\/","contact":"\u041f\u0420\u0415\u0421\u0421\u041a\u041e","goods_count":"353","last_update":"21.08.2014"},"performedDatetime":"2014-09-04T18:39:12Z","authStatus":"0","accessDateEnd":""}
=====

select distinct city from sklad_tovar where comp_id= and city!='' order by city
q2: 
 auth: 100 
=====
