Query:
performedDatetime: 2014-09-13 16:14:33  0000
action: get_text

=====
Response:
{"action":"get_text","code":0,"data":"","performedDatetime":"2014-09-13T16:14:38Z","authStatus":"10"}
=====


q2: 
 auth: 0 
=====
Query:
performedDatetime: 2014-09-13 16:14:43  0000
action: get_goods_data
sklad_user: Гость
appleId: 65E38304-57D3-4F7C-8F54-8AE051782E57
sklad_hash: a39867ad8448db7907ad43b8f34071db
searchTerm: Rd
resultsFrom: 0
sort: 0
cityFilter: 

=====
Response:
{"action":"get_goods_data","searchTerm":"Rd","resultsFrom":0,"code":0,"resultsCount":"0","data":[],"performedDatetime":"2014-09-13T16:14:44Z","authStatus":"0","accessDateEnd":""}
=====

select s.id, s.comp_id, s.title, s.quant, s.unit_id, s.comments, s.city from
		sklad_tovar s where visible=1 and (title like 'Rd%' or title like '% Rd%') order by  s.title LIMIT 0, 20
q2: select count(id) from sklad_tovar s where visible=1 and (title like 'Rd%' or title like '% Rd%')
 auth: 100 
=====
