Query:
performedDatetime: 2014-11-29 07:07:31  0000
action: get_goods_data
sklad_user: Гость
appleId: 2463C7B3-2D91-42C9-AAA9-1587186ADB6E
sklad_hash: fe8879324277c8ae4b6e8913e20593af
searchTerm: Сбл-10 3х35
resultsFrom: 0
sort: 0
cityFilter: 

=====
Response:
{"action":"get_goods_data","searchTerm":"\u0421\u0431\u043b-10 3\u044535","resultsFrom":0,"code":0,"resultsCount":"0","data":[],"performedDatetime":"2014-11-29T08:08:26Z","authStatus":"0","accessDateEnd":""}
=====

select s.id, s.comp_id, s.title, s.quant, s.unit_id, s.comments, s.city from
		sklad_tovar s where visible=1 and (title like 'Сбл-10%' or title like '% Сбл-10%' or title like '%Сбл(A)-10%' or title like '%Сбл(А)-10%') and (title like '3х35%' or title like '% 3х35%' or title like '%3x35%') order by  s.title LIMIT 0, 20
q2: select count(id) from sklad_tovar s where visible=1 and (title like 'Сбл-10%' or title like '% Сбл-10%' or title like '%Сбл(A)-10%' or title like '%Сбл(А)-10%') and (title like '3х35%' or title like '% 3х35%' or title like '%3x35%')
 auth: 100 
=====
Query:
performedDatetime: 2014-11-29 07:07:43  0000
action: get_goods_data
sklad_user: Гость
appleId: 2463C7B3-2D91-42C9-AAA9-1587186ADB6E
sklad_hash: fe8879324277c8ae4b6e8913e20593af
searchTerm: Сб-10 3х35
resultsFrom: 0
sort: 0
cityFilter: 

=====
Response:
{"action":"get_goods_data","searchTerm":"\u0421\u0431-10 3\u044535","resultsFrom":0,"code":0,"resultsCount":"0","data":[],"performedDatetime":"2014-11-29T08:08:37Z","authStatus":"0","accessDateEnd":""}
=====

select s.id, s.comp_id, s.title, s.quant, s.unit_id, s.comments, s.city from
		sklad_tovar s where visible=1 and (title like 'Сб-10%' or title like '% Сб-10%' or title like '%Сб(A)-10%' or title like '%Сб(А)-10%') and (title like '3х35%' or title like '% 3х35%' or title like '%3x35%') order by  s.title LIMIT 0, 20
q2: select count(id) from sklad_tovar s where visible=1 and (title like 'Сб-10%' or title like '% Сб-10%' or title like '%Сб(A)-10%' or title like '%Сб(А)-10%') and (title like '3х35%' or title like '% 3х35%' or title like '%3x35%')
 auth: 100 
=====
Query:
performedDatetime: 2014-11-29 07:07:56  0000
action: get_goods_data
sklad_user: Гость
appleId: 2463C7B3-2D91-42C9-AAA9-1587186ADB6E
sklad_hash: fe8879324277c8ae4b6e8913e20593af
searchTerm: Сбл
resultsFrom: 0
sort: 0
cityFilter: 

=====
Response:
{"action":"get_goods_data","searchTerm":"\u0421\u0431\u043b","resultsFrom":0,"sort":0,"cityFilter":"","code":0,"resultsCount":"25","lastPage":0,"data":[{"name":"\u0421\u0411\u041b 3 25 10\u043a\u0412","amount":"0,35","amount_parts":"","unit":"\u043a\u043c","city":"\u041a\u0440\u0430\u0441\u043d\u043e\u044f\u0440\u0441\u043a","company_id":"5372","company_name":" \u0410\u041a\u0411 \"\u0420\u0415\u0413\u0418\u041e\u041d\u0410\u041b\u042c\u041d\u042b\u0415 \u041a\u0410\u0411\u0415\u041b\u042c\u041d\u042b\u0415 \u0411\u0410\u0417\u042b\""},{"name":"\u0421\u0411\u041b 3 6 +1\u04454 1\u043a\u0412","amount":"0,04","amount_parts":"","unit":"\u043a\u043c","city":"\u041a\u0440\u0430\u0441\u043d\u043e\u044f\u0440\u0441\u043a","company_id":"5372","company_name":" \u0410\u041a\u0411 \"\u0420\u0415\u0413\u0418\u041e\u041d\u0410\u041b\u042c\u041d\u042b\u0415 \u041a\u0410\u0411\u0415\u041b\u042c\u041d\u042b\u0415 \u0411\u0410\u0417\u042b\""},{"name":"\u0421\u0411\u043b 3 70 10\u043a\u0412","amount":"0,075","amount_parts":"","unit":"\u043a\u043c","city":"\u041a\u0440\u0430\u0441\u043d\u043e\u044f\u0440\u0441\u043a","company_id":"5372","company_name":" \u0410\u041a\u0411 \"\u0420\u0415\u0413\u0418\u041e\u041d\u0410\u041b\u042c\u041d\u042b\u0415 \u041a\u0410\u0411\u0415\u041b\u042c\u041d\u042b\u0415 \u0411\u0410\u0417\u042b\""},{"name":"\u0421\u0411\u041b 3\u0445120 - 10 \u043a\u0412\u0442","amount":"0,5","amount_parts":"","unit":"\u043a\u043c","city":"\u041d\u043e\u0432\u043e\u0441\u0438\u0431\u0438\u0440\u0441\u043a","company_id":"11170","company_name":"\u041e\u041e\u041e \u0422\u0421\u041b"},{"name":"\u0421\u0411\u041b 3\u0445120-10\u041a\u0432\u0442","amount":"380","amount_parts":"","unit":"\u043a\u043c","city":"\u041d\u043e\u0432\u043e\u0441\u0438\u0431\u0438\u0440\u0441\u043a","company_id":"11170","company_name":"\u041e\u041e\u041e \u0422\u0421\u041b"},{"name":"\u0421\u0411\u041b 3\u0445150 - 10 \u043a\u0412\u0442","amount":"710","amount_parts":"","unit":"\u043a\u043c","city":"\u041d\u043e\u0432\u043e\u0441\u0438\u0431\u0438\u0440\u0441\u043a","company_id":"11170","company_name":"\u041e\u041e\u041e \u0422\u0421\u041b"},{"name":"\u0421\u0411\u041b 3\u0445150 - 6 \u043a\u0412\u0442","amount":"840","amount_parts":"","unit":"\u043a\u043c","city":"\u041d\u043e\u0432\u043e\u0441\u0438\u0431\u0438\u0440\u0441\u043a","company_id":"11170","company_name":"\u041e\u041e\u041e \u0422\u0421\u041b"},{"name":"\u0421\u0411\u041b 3\u0445150-10 \u043a\u0412\u0442","amount":"0,25","amount_parts":"","unit":"\u043a\u043c","city":"\u041d\u043e\u0432\u043e\u0441\u0438\u0431\u0438\u0440\u0441\u043a","company_id":"11170","company_name":"\u041e\u041e\u041e \u0422\u0421\u041b"},{"name":"\u0421\u0411\u041b 3\u0445185 - 10\u043a\u0412\u0442","amount":"0,487","amount_parts":"","unit":"\u043a\u043c","city":"\u041d\u043e\u0432\u043e\u0441\u0438\u0431\u0438\u0440\u0441\u043a","company_id":"11170","company_name":"\u041e\u041e\u041e \u0422\u0421\u041b"},{"name":"\u0421\u0411\u041b 3\u0445240-10 \u043a\u0412\u0442","amount":"0,274","amount_parts":"","unit":"\u043a\u043c","city":"\u041d\u043e\u0432\u043e\u0441\u0438\u0431\u0438\u0440\u0441\u043a","company_id":"11170","company_name":"\u041e\u041e\u041e \u0422\u0421\u041b"},{"name":"\u0421\u0411\u041b 3\u044535 - 1\u043a\u0412\u0442","amount":"0,3","amount_parts":"","unit":"\u043a\u043c","city":"\u041d\u043e\u0432\u043e\u0441\u0438\u0431\u0438\u0440\u0441\u043a","company_id":"11170","company_name":"\u041e\u041e\u041e \u0422\u0421\u041b"},{"name":"\u0421\u0411\u041b 3\u044535 - 6\u043a\u0412\u0442","amount":"0,24","amount_parts":"","unit":"\u043a\u043c","city":"\u041d\u043e\u0432\u043e\u0441\u0438\u0431\u0438\u0440\u0441\u043a","company_id":"11170","company_name":"\u041e\u041e\u041e \u0422\u0421\u041b"},{"name":"\u0421\u0411\u041b 3\u044550 - 1\u043a\u0412\u0442","amount":"0,22","amount_parts":"","unit":"\u043a\u043c","city":"\u041d\u043e\u0432\u043e\u0441\u0438\u0431\u0438\u0440\u0441\u043a","company_id":"11170","company_name":"\u041e\u041e\u041e \u0422\u0421\u041b"},{"name":"\u0421\u0411\u043b 3\u044550-10","amount":"260","amount_parts":"","unit":"\u043a\u043c","city":"\u041d\u043e\u0432\u043e\u0441\u0438\u0431\u0438\u0440\u0441\u043a","company_id":"11170","company_name":"\u041e\u041e\u041e \u0422\u0421\u041b"},{"name":"\u0421\u0411\u041b 3\u044550-6\u043a\u0412\u0442","amount":"0,07","amount_parts":"","unit":"\u043a\u043c","city":"\u041d\u043e\u0432\u043e\u0441\u0438\u0431\u0438\u0440\u0441\u043a","company_id":"11170","company_name":"\u041e\u041e\u041e \u0422\u0421\u041b"},{"name":"\u0421\u0411\u041b 3\u04456","amount":"0,135","amount_parts":"","unit":"\u043a\u043c","city":"\u041a\u0440\u0430\u0441\u043d\u043e\u0434\u0430\u0440","company_id":"13148","company_name":"\u041e\u041e\u041e \u0418\u043d\u0442\u0435\u0440\u043a\u043e\u043c"},{"name":"\u0441\u0431\u043b 3\u044570 -10\u043a\u0412\u0442","amount":"567,567","amount_parts":"0,567; 567; ","unit":"\u043a\u043c","city":"\u041d\u043e\u0432\u043e\u0441\u0438\u0431\u0438\u0440\u0441\u043a","company_id":"11170","company_name":"\u041e\u041e\u041e \u0422\u0421\u041b"},{"name":"\u0441\u0431\u043b 3\u044570 -6\u043a\u0412\u0442","amount":"700,5","amount_parts":"0,5; 700; ","unit":"\u043a\u043c","city":"\u041d\u043e\u0432\u043e\u0441\u0438\u0431\u0438\u0440\u0441\u043a","company_id":"11170","company_name":"\u041e\u041e\u041e \u0422\u0421\u041b"},{"name":"\u0421\u0411\u041b 3\u044595 - 10\u043a\u0412\u0442","amount":"330","amount_parts":"","unit":"\u043a\u043c","city":"\u041d\u043e\u0432\u043e\u0441\u0438\u0431\u0438\u0440\u0441\u043a","company_id":"11170","company_name":"\u041e\u041e\u041e \u0422\u0421\u041b"},{"name":"\u0421\u0411\u041b 3\u044595 - 6\u043a\u0412\u0442","amount":"1050","amount_parts":"","unit":"\u043a\u043c","city":"\u041d\u043e\u0432\u043e\u0441\u0438\u0431\u0438\u0440\u0441\u043a","company_id":"11170","company_name":"\u041e\u041e\u041e \u0422\u0421\u041b"}],"performedDatetime":"2014-11-29T08:08:50Z","authStatus":"0","accessDateEnd":""}
=====

select s.id, s.comp_id, s.title, s.quant, s.unit_id, s.comments, s.city from
		sklad_tovar s where visible=1 and (title like 'Сбл%' or title like '% Сбл%') order by  s.title LIMIT 0, 20
q2: select count(id) from sklad_tovar s where visible=1 and (title like 'Сбл%' or title like '% Сбл%')
 auth: 100 
=====
Query:
performedDatetime: 2014-11-29 07:08:16  0000
action: get_company_data
sklad_user: Гость
appleId: 2463C7B3-2D91-42C9-AAA9-1587186ADB6E
sklad_hash: fe8879324277c8ae4b6e8913e20593af
company_id: 11170

=====
Response:
{"action":"get_company_data","code":0,"data":{"company_id":11170,"title":"\u041e\u041e\u041e \u0422\u0421\u041b","city":"\u041d\u043e\u0432\u043e\u0441\u0438\u0431\u0438\u0440\u0441\u043a","address":"\u0433.\u041d\u043e\u0432\u043e\u0441\u0438\u0431\u0438\u0440\u0441\u043a, \u0443\u043b.\u0425\u043e\u043b\u043e\u0434\u0438\u043b\u044c\u043d\u0430\u044f 16 \u0430\/\u044f79","phone":"8-383-363-25-22","email":"tsl-nsk@bk.ru","contact":"\u0412\u043e\u043b\u043e\u043a\u0438\u0442\u0438\u043d \u0410\u043b\u0435\u043a\u0441\u0430\u043d\u0434\u0440 \u0421\u0435\u0440\u0433\u0435\u0435\u0432\u0438\u0447","goods_count":"941","last_update":"25.11.2014"},"performedDatetime":"2014-11-29T08:09:09Z","authStatus":"0","accessDateEnd":""}
=====

select distinct city from sklad_tovar where comp_id= and city!='' order by city
q2: 
 auth: 100 
=====
Query:
performedDatetime: 2014-11-29 07:08:23  0000
action: get_company_data
sklad_user: Гость
appleId: 2463C7B3-2D91-42C9-AAA9-1587186ADB6E
sklad_hash: fe8879324277c8ae4b6e8913e20593af
company_id: 11170

=====
Response:
{"action":"get_company_data","code":0,"data":{"company_id":11170,"title":"\u041e\u041e\u041e \u0422\u0421\u041b","city":"\u041d\u043e\u0432\u043e\u0441\u0438\u0431\u0438\u0440\u0441\u043a","address":"\u0433.\u041d\u043e\u0432\u043e\u0441\u0438\u0431\u0438\u0440\u0441\u043a, \u0443\u043b.\u0425\u043e\u043b\u043e\u0434\u0438\u043b\u044c\u043d\u0430\u044f 16 \u0430\/\u044f79","phone":"8-383-363-25-22","email":"tsl-nsk@bk.ru","contact":"\u0412\u043e\u043b\u043e\u043a\u0438\u0442\u0438\u043d \u0410\u043b\u0435\u043a\u0441\u0430\u043d\u0434\u0440 \u0421\u0435\u0440\u0433\u0435\u0435\u0432\u0438\u0447","goods_count":"941","last_update":"25.11.2014"},"performedDatetime":"2014-11-29T08:09:14Z","authStatus":"0","accessDateEnd":""}
=====

select distinct city from sklad_tovar where comp_id= and city!='' order by city
q2: 
 auth: 100 
=====
Query:
performedDatetime: 2014-11-29 07:08:26  0000
action: get_company_data
sklad_user: Гость
appleId: 2463C7B3-2D91-42C9-AAA9-1587186ADB6E
sklad_hash: fe8879324277c8ae4b6e8913e20593af
company_id: 11170

=====
Response:
{"action":"get_company_data","code":0,"data":{"company_id":11170,"title":"\u041e\u041e\u041e \u0422\u0421\u041b","city":"\u041d\u043e\u0432\u043e\u0441\u0438\u0431\u0438\u0440\u0441\u043a","address":"\u0433.\u041d\u043e\u0432\u043e\u0441\u0438\u0431\u0438\u0440\u0441\u043a, \u0443\u043b.\u0425\u043e\u043b\u043e\u0434\u0438\u043b\u044c\u043d\u0430\u044f 16 \u0430\/\u044f79","phone":"8-383-363-25-22","email":"tsl-nsk@bk.ru","contact":"\u0412\u043e\u043b\u043e\u043a\u0438\u0442\u0438\u043d \u0410\u043b\u0435\u043a\u0441\u0430\u043d\u0434\u0440 \u0421\u0435\u0440\u0433\u0435\u0435\u0432\u0438\u0447","goods_count":"941","last_update":"25.11.2014"},"performedDatetime":"2014-11-29T08:09:16Z","authStatus":"0","accessDateEnd":""}
=====

select distinct city from sklad_tovar where comp_id= and city!='' order by city
q2: 
 auth: 100 
=====
Query:
performedDatetime: 2014-11-29 07:08:42  0000
action: get_company_data
sklad_user: Гость
appleId: 2463C7B3-2D91-42C9-AAA9-1587186ADB6E
sklad_hash: fe8879324277c8ae4b6e8913e20593af
company_id: 5372

=====
Response:
{"action":"get_company_data","code":0,"data":{"company_id":5372,"title":" \u0410\u041a\u0411 \"\u0420\u0415\u0413\u0418\u041e\u041d\u0410\u041b\u042c\u041d\u042b\u0415 \u041a\u0410\u0411\u0415\u041b\u042c\u041d\u042b\u0415 \u0411\u0410\u0417\u042b\"","city":"\u0421\u0430\u043d\u043a\u0442-\u041f\u0435\u0442\u0435\u0440\u0431\u0443\u0440\u0433","address":"\u0420\u043e\u0441\u0441\u0438\u044f, \u0421\u0430\u043d\u043a\u0442-\u041f\u0435\u0442\u0435\u0440\u0431\u0443\u0440\u0433, \u0443\u043b \u041a\u0440\u0430\u0441\u043d\u043e\u043f\u0443\u0442\u0438\u043b\u043e\u0432\u0441\u043a\u0430\u044f 69 \u043e\u0444\u0438\u0441 647","phone":"+7 (812) 320-51-51","email":"market@rkb.ru","url":"http:\/\/www.cablerb.ru","contact":"\u0412\u043e\u0440\u043e\u043d\u0438\u043d \u0415\u0432\u0433\u0435\u043d\u0438\u0439","goods_count":"9698","last_update":"14.11.2014"},"performedDatetime":"2014-11-29T08:09:36Z","authStatus":"0","accessDateEnd":""}
=====

select distinct city from sklad_tovar where comp_id= and city!='' order by city
q2: 
 auth: 100 
=====
Query:
performedDatetime: 2014-11-29 07:09:04  0000
action: get_company_data
sklad_user: Гость
appleId: 2463C7B3-2D91-42C9-AAA9-1587186ADB6E
sklad_hash: fe8879324277c8ae4b6e8913e20593af
company_id: 5372

=====
Response:
{"action":"get_company_data","code":0,"data":{"company_id":5372,"title":" \u0410\u041a\u0411 \"\u0420\u0415\u0413\u0418\u041e\u041d\u0410\u041b\u042c\u041d\u042b\u0415 \u041a\u0410\u0411\u0415\u041b\u042c\u041d\u042b\u0415 \u0411\u0410\u0417\u042b\"","city":"\u0421\u0430\u043d\u043a\u0442-\u041f\u0435\u0442\u0435\u0440\u0431\u0443\u0440\u0433","address":"\u0420\u043e\u0441\u0441\u0438\u044f, \u0421\u0430\u043d\u043a\u0442-\u041f\u0435\u0442\u0435\u0440\u0431\u0443\u0440\u0433, \u0443\u043b \u041a\u0440\u0430\u0441\u043d\u043e\u043f\u0443\u0442\u0438\u043b\u043e\u0432\u0441\u043a\u0430\u044f 69 \u043e\u0444\u0438\u0441 647","phone":"+7 (812) 320-51-51","email":"market@rkb.ru","url":"http:\/\/www.cablerb.ru","contact":"\u0412\u043e\u0440\u043e\u043d\u0438\u043d \u0415\u0432\u0433\u0435\u043d\u0438\u0439","goods_count":"9698","last_update":"14.11.2014"},"performedDatetime":"2014-11-29T08:09:57Z","authStatus":"0","accessDateEnd":""}
=====

select distinct city from sklad_tovar where comp_id= and city!='' order by city
q2: 
 auth: 100 
=====
