Query:
performedDatetime: 2014-07-19 18:28:23  0000
action: check_user_rights
sklad_user: scand
appleId: EDBD83AD-78FB-4F22-BAF3-2D18FAAB6C90
sklad_hash: 892b1f0c425869bc414fd4342e6bd861

=====
Response:
{"action":"check_user_rights","code":0,"performedDatetime":"2014-07-19T18:28:24Z","authStatus":"0","accessDateEnd":"10.10.2014"}
=====


q2: 
 auth: 100 
=====
Query:
performedDatetime: 2014-07-19 18:28:24  0000
action: get_text

=====
Response:
{"action":"get_text","code":0,"data":"","performedDatetime":"2014-07-19T18:28:24Z","authStatus":"10"}
=====


q2: 
 auth: 0 
=====
Query:
performedDatetime: 2014-07-19 18:29:17  0000
action: get_goods_data
sklad_user: scand
appleId: EDBD83AD-78FB-4F22-BAF3-2D18FAAB6C90
sklad_hash: 892b1f0c425869bc414fd4342e6bd861
searchTerm: АВВ
resultsFrom: 0
sort: 2
cityFilter: 

=====
Response:
{"action":"get_goods_data","searchTerm":"\u0410\u0412\u0412","resultsFrom":0,"sort":"2","cityFilter":"","code":0,"resultsCount":"2273","lastPage":0,"data":[{"name":"\u0410\u0412\u0412\u0413 2\u04454 \u043e\u043a-0,66","amount":"100","amount_parts":"","unit":"\u043a\u043c","city":"\u041c\u043e\u0441\u043a\u0432\u0430","company_id":"17265","company_name":"\u041e\u041e\u041e \"\u0421\u0420\u0421-\u042d\u043b\u0435\u043a\u0442\u0440\u043e\""},{"name":"\u0410\u0412\u0412\u0413 3\u04452,5 \u043e\u043a-0,66","amount":"200","amount_parts":"","unit":"\u043a\u043c","city":"\u041c\u043e\u0441\u043a\u0432\u0430","company_id":"17265","company_name":"\u041e\u041e\u041e \"\u0421\u0420\u0421-\u042d\u043b\u0435\u043a\u0442\u0440\u043e\""},{"name":"\u0410\u0412\u0412\u0413 3\u04454 \u043e\u043a-0,66","amount":"900","amount_parts":"","unit":"\u043a\u043c","city":"\u041c\u043e\u0441\u043a\u0432\u0430","company_id":"17265","company_name":"\u041e\u041e\u041e \"\u0421\u0420\u0421-\u042d\u043b\u0435\u043a\u0442\u0440\u043e\""},{"name":"\u0410\u0412\u0412\u0413 3\u04456+1\u04454 \u043e\u043a-0,66","amount":"160","amount_parts":"","unit":"\u043a\u043c","city":"\u041c\u043e\u0441\u043a\u0432\u0430","company_id":"17265","company_name":"\u041e\u041e\u041e \"\u0421\u0420\u0421-\u042d\u043b\u0435\u043a\u0442\u0440\u043e\""},{"name":"\u0410\u0412\u0412\u0413\u043d\u0433 1\u044570 \u043c\u043a-1 (\u0441\u0438\u043d\u0438\u0439)","amount":"10","amount_parts":"","unit":"\u043a\u043c","city":"\u041c\u043e\u0441\u043a\u0432\u0430","company_id":"17265","company_name":"\u041e\u041e\u041e \"\u0421\u0420\u0421-\u042d\u043b\u0435\u043a\u0442\u0440\u043e\""},{"name":"\u0410\u0412\u0412\u0413\u043d\u0433(\u0410)-LS 4\u04454 \u043e\u043a-0,66","amount":"970","amount_parts":"","unit":"\u043a\u043c","city":"\u041c\u043e\u0441\u043a\u0432\u0430","company_id":"17265","company_name":"\u041e\u041e\u041e \"\u0421\u0420\u0421-\u042d\u043b\u0435\u043a\u0442\u0440\u043e\""},{"name":"\u0410\u0412\u0412\u0413 4\u0445150 - 1","amount":"0,002","amount_parts":"","unit":"\u043a\u043c","city":"\u041a\u0430\u0437\u0430\u043d\u044c","company_id":"4993","company_name":"\u041e\u041e\u041e \"\u042d\u043b\u0435\u043a\u0442\u0440\u043e\u043a\u043e\u043c\u043f\u043b\u0435\u043a\u0442\""},{"name":"\u0410\u0412\u0412\u0413\u043d\u0433-LS 4\u04452,5","amount":"0,002","amount_parts":"","unit":"\u043a\u043c","city":"\u041e\u0431\u043d\u0438\u043d\u0441\u043a","company_id":"18536","company_name":"\u041e\u041e\u041e \u041f\u041a\u0424 \"\u042d\u043b\u0435\u043a\u0442\u0440\u043e-\u041c\u0438\u0440\""},{"name":"\u0410\u0412\u0412\u0413 5\u0445 4","amount":"0,004","amount_parts":"","unit":"\u043a\u043c","city":"\u041a\u0440\u0430\u0441\u043d\u043e\u0434\u0430\u0440","company_id":"8257","company_name":"\u041e\u041e\u041e \u0418\u043d\u0442\u0435\u0440\u044d\u043b\u0435\u043a\u0442\u0440\u043e"},{"name":"\u0410\u0412\u0412\u0413\u043d\u0433\u0410-LS 4\u044516","amount":"0,004","amount_parts":"","unit":"\u043a\u043c","city":"\u041b\u044e\u0431\u0435\u0440\u0446\u044b","company_id":"6093","company_name":"\u041e\u041e\u041e \u0420\u044b\u0431\u0438\u043d\u0441\u043a\u043a\u0430\u0431\u0435\u043b\u044c"},{"name":"\u0410\u0412\u0412\u0413 2\u044510","amount":"0,005","amount_parts":"","unit":"\u043a\u043c","city":"\u041e\u0431\u043d\u0438\u043d\u0441\u043a","company_id":"18536","company_name":"\u041e\u041e\u041e \u041f\u041a\u0424 \"\u042d\u043b\u0435\u043a\u0442\u0440\u043e-\u041c\u0438\u0440\""},{"name":"\u0410\u0412\u0412\u0413 2\u04452,5","amount":"0,006","amount_parts":"","unit":"\u043a\u043c","city":"\u041b\u044e\u0431\u0435\u0440\u0446\u044b","company_id":"6093","company_name":"\u041e\u041e\u041e \u0420\u044b\u0431\u0438\u043d\u0441\u043a\u043a\u0430\u0431\u0435\u043b\u044c"},{"name":"\u0410\u0412\u0412\u0413 5\u044550","amount":"0,006","amount_parts":"","unit":"\u043a\u043c","city":"\u041c\u043e\u0441\u043a\u0432\u0430","company_id":"17486","company_name":"\u041e\u041e\u041e \u042d\u043b\u043a\u043e\u043c-\u042d\u043b\u0435\u043a\u0442\u0440\u043e"},{"name":"\u0410\u0412\u0412\u0413\u043d\u0433 4\u0445120","amount":"0,006","amount_parts":"","unit":"\u043a\u043c","city":"\u041a\u0440\u0430\u0441\u043d\u043e\u0434\u0430\u0440","company_id":"8257","company_name":"\u041e\u041e\u041e \u0418\u043d\u0442\u0435\u0440\u044d\u043b\u0435\u043a\u0442\u0440\u043e"},{"name":"\u0410\u0412\u0412\u0413 4\u04452.5 (\u043e\u0436)","amount":"0,007","amount_parts":"","unit":"\u043a\u043c","city":"\u041a\u0430\u0437\u0430\u043d\u044c","company_id":"4993","company_name":"\u041e\u041e\u041e \"\u042d\u043b\u0435\u043a\u0442\u0440\u043e\u043a\u043e\u043c\u043f\u043b\u0435\u043a\u0442\""},{"name":"\u0410\u0412\u0412\u0413 4\u04456 (\u043e\u0436)","amount":"0,007","amount_parts":"","unit":"\u043a\u043c","city":"\u041a\u0430\u0437\u0430\u043d\u044c","company_id":"4993","company_name":"\u041e\u041e\u041e \"\u042d\u043b\u0435\u043a\u0442\u0440\u043e\u043a\u043e\u043c\u043f\u043b\u0435\u043a\u0442\""},{"name":"\u0410\u0412\u0412\u0413 4\u044570","amount":"0,007","amount_parts":"","unit":"\u043a\u043c","city":"\u041e\u0431\u043d\u0438\u043d\u0441\u043a","company_id":"18536","company_name":"\u041e\u041e\u041e \u041f\u041a\u0424 \"\u042d\u043b\u0435\u043a\u0442\u0440\u043e-\u041c\u0438\u0440\""},{"name":"\u0410\u0412\u0412\u0413 5\u04452,5","amount":"0,008","amount_parts":"","unit":"\u043a\u043c","city":"\u041a\u0438\u0440\u043e\u0432","company_id":"4493","company_name":"\u041c\u0430\u0440\u0442\u044b\u043d\u043e\u0432\u0430 \u041b\u0438\u0430\u043d\u0430 \u0410\u043b\u0435\u043a\u0441\u0430\u043d\u0434\u0440\u043e\u0432\u043d\u0430"},{"name":"\u0410\u0412\u0412\u0413-660 4\u044550 \u043e\u0436","amount":"0,008","amount_parts":"","unit":"\u043a\u043c","city":"\u041f\u0435\u0440\u043c\u044c","company_id":"12822","company_name":"\u0417\u0410\u041e \u041f\u041a\u0424 \u041f\u0435\u0440\u043c\u0441\u043f\u0435\u0446\u043a\u0430\u0431\u0435\u043b\u044c"},{"name":"\u0410\u0412\u0412\u0413 3\u044510 \u0447\u0451\u0440\u043d\u044b\u0439","amount":"0,0085","amount_parts":"","unit":"\u043a\u043c","city":"\u0421\u0430\u043d\u043a\u0442-\u041f\u0435\u0442\u0435\u0440\u0431\u0443\u0440\u0433","company_id":"21499","company_name":"\u042d\u043b\u0435\u043a\u0442\u0440\u043e\u043e\u0431\u043e\u0440\u0443\u0434\u043e\u0432\u0430\u043d\u0438\u0435"}],"performedDatetime":"2014-07-19T18:29:19Z","authStatus":"0","accessDateEnd":"10.10.2014"}
=====

select s.id, s.comp_id, s.title, s.quant, s.unit_id, s.comments, s.city from
		sklad_tovar s where visible=1 and (title like 'АВВ%' or title like '% АВВ%' or title like '%АВВ%' or title like '%АВВ%') order by s.q2 asc, s.title LIMIT 0, 20
q2: select count(id) from sklad_tovar s where visible=1 and (title like 'АВВ%' or title like '% АВВ%' or title like '%АВВ%' or title like '%АВВ%')
 auth: 100 
=====
Query:
performedDatetime: 2014-07-19 18:29:21  0000
action: get_company_data
sklad_user: scand
appleId: EDBD83AD-78FB-4F22-BAF3-2D18FAAB6C90
sklad_hash: 892b1f0c425869bc414fd4342e6bd861
company_id: 18536

=====
Response:
{"action":"get_company_data","code":0,"data":{"company_id":18536,"title":"\u041e\u041e\u041e \u041f\u041a\u0424 \"\u042d\u043b\u0435\u043a\u0442\u0440\u043e-\u041c\u0438\u0440\"","city":"\u041e\u0431\u043d\u0438\u043d\u0441\u043a","address":"249034 \u0433. \u041e\u0431\u043d\u0438\u043d\u0441\u043a \u0430\/\u044f 409","phone":"89109170963","email":"iva4488@yandex.ru","url":"http:\/\/elekmir.ru\/","contact":"\u0410\u043b\u0435\u043a\u0441\u0435\u0435\u0432 \u0418\u0432\u0430\u043d \u0410\u043b\u0435\u043a\u0441\u0435\u0435\u0432\u0438\u0447","goods_count":"434","last_update":"11.07.2014"},"performedDatetime":"2014-07-19T18:29:21Z","authStatus":"0","accessDateEnd":"10.10.2014"}
=====

select distinct city from sklad_tovar where comp_id= and city!='' order by city
q2: 
 auth: 100 
=====
