Query:
performedDatetime: 2014-08-19 12:25:19  0000
action: get_text

=====
Response:
{"action":"get_text","code":0,"data":"","performedDatetime":"2014-08-19T12:25:18Z","authStatus":"10"}
=====


q2: 
 auth: 0 
=====
Query:
performedDatetime: 2014-08-19 12:25:42  0000
action: get_goods_data
sklad_user: Гость
appleId: 96C639E3-EF28-4B50-9DCD-A00AEDAC9532
sklad_hash: a6c847e6dba61cfadb9f87f759340f34
searchTerm: Авббшв 3х70
resultsFrom: 0
sort: 0
cityFilter: 

=====
Response:
{"action":"get_goods_data","searchTerm":"\u0410\u0432\u0431\u0431\u0448\u0432 3\u044570","resultsFrom":0,"sort":0,"cityFilter":"","code":0,"resultsCount":"10","lastPage":1,"data":[{"name":"\u0410\u0412\u0411\u0431\u0428\u0432 3x70-1 \u043a\u0412","amount":"1,346","amount_parts":"0.11; 1.236; ","unit":"\u043a\u043c","city":"\u041a\u0440\u0430\u0441\u043d\u043e\u0434\u0430\u0440","company_id":"4151","company_name":"\u041e\u041e\u041e \u042d\u043b\u0435\u043a\u0442\u0440\u043e\u0442\u0435\u0445\u043d\u0438\u0447\u0435\u0441\u043a\u0430\u044f \u043a\u043e\u043c\u043f\u0430\u043d\u0438\u044f"},{"name":"\u0410\u0412\u0411\u0431\u0428\u0432 3\u044570","amount":"0,05","amount_parts":"","unit":"\u043a\u043c","city":"\u041f\u0435\u0440\u043c\u044c","company_id":"17570","company_name":"\u041e\u041e\u041e \u042d\u043b\u0435\u043a\u0442\u0440\u043e\u0422\u0435\u0445\u041a\u0430\u0431\u0435\u043b\u044c"},{"name":"\u0410\u0412\u0411\u0431\u0428\u0432 3\u044570(\u043e\u0436)+1\u044535(\u043e\u0436)-1","amount":"4,834","amount_parts":"0,18; 0,314; 1,02; 1,755; 1,565; ","unit":"\u043a\u043c","city":"\u041a\u0440\u0430\u0441\u043d\u043e\u0434\u0430\u0440","company_id":"19805","company_name":"\u041e\u041e\u041e \u0422\u0414 \"\u042e\u0436\u043d\u0430\u044f \u043a\u0430\u0431\u0435\u043b\u044c\u043d\u0430\u044f \u043a\u043e\u043c\u043f\u0430\u043d\u0438\u044f\""},{"name":"\u0410\u0412\u0411\u0431\u0428\u0432 3\u044570+1\u044525 (\u043e\u0436)--1","amount":"0,081","amount_parts":"0,036; 0,045; ","unit":"\u043a\u043c","city":"\u041f\u0430\u0432\u043b\u043e\u0434\u0430\u0440","company_id":"7464","company_name":"\u0410\u041e \"\u041a\u0430\u0437\u044d\u043d\u0435\u0440\u0433\u043e\u043a\u0430\u0431\u0435\u043b\u044c\""},{"name":"\u0410\u0412\u0411\u0431\u0428\u0432 3\u044570+1\u044535","amount":"0,05","amount_parts":"","unit":"\u043a\u043c","city":"\u041c\u043e\u0441\u043a\u0432\u0430","company_id":"4864","company_name":"\u041e\u041e\u041e \u0423\u043d\u0438\u0432\u0435\u0440\u0441\u0438\u0442\u0435\u0442  \u0441\u0435\u0440\u0432\u0438\u0441"},{"name":"\u0410\u0412\u0411\u0431\u0428\u0432 3\u044570+1\u044535 (\u041e\u0416)","amount":"0,01","amount_parts":"","unit":"\u043a\u043c","city":"\u041a\u0440\u0430\u0441\u043d\u043e\u0434\u0430\u0440","company_id":"13148","company_name":"\u041e\u041e\u041e \u0418\u043d\u0442\u0435\u0440\u043a\u043e\u043c"},{"name":"\u0410\u0412\u0411\u0431\u0428\u0432 3\u044570+1\u044535 (\u043e\u0436)--1","amount":"0,091","amount_parts":"0,066; 0,025; ","unit":"\u043a\u043c","city":"\u041f\u0430\u0432\u043b\u043e\u0434\u0430\u0440","company_id":"7464","company_name":"\u0410\u041e \"\u041a\u0430\u0437\u044d\u043d\u0435\u0440\u0433\u043e\u043a\u0430\u0431\u0435\u043b\u044c\""},{"name":"\u0410\u0412\u0411\u0431\u0428\u0432 3\u044570+1\u044550 (\u043e\u0436)--1","amount":"0,121","amount_parts":"","unit":"\u043a\u043c","city":"\u041f\u0430\u0432\u043b\u043e\u0434\u0430\u0440","company_id":"7464","company_name":"\u0410\u041e \"\u041a\u0430\u0437\u044d\u043d\u0435\u0440\u0433\u043e\u043a\u0430\u0431\u0435\u043b\u044c\""},{"name":"\u0410\u0412\u0411\u0431\u0428\u0432-1 3\u044570+1\u044535","amount":"0,125","amount_parts":"","unit":"\u043a\u043c","city":"\u041f\u0435\u0440\u043c\u044c","company_id":"16985","company_name":"\u041e\u041e\u041e \"\u041d\u043e\u0432\u0440\u0435\u043c\u0434\u043e\u0440\u043c\u0430\u0448\""},{"name":"\u0410\u0412\u0411\u0431\u0428\u0432-6 3\u044570","amount":"0,41","amount_parts":"","unit":"\u043a\u043c","city":"\u041f\u0435\u0440\u043c\u044c","company_id":"3141","company_name":"\u041e\u041e\u041e \u041a\u0430\u043c\u0430-\u041a\u0430\u0431\u0421\u043d\u0430\u0431"}],"performedDatetime":"2014-08-19T12:25:42Z","authStatus":"0","accessDateEnd":""}
=====

select s.id, s.comp_id, s.title, s.quant, s.unit_id, s.comments, s.city from
		sklad_tovar s where visible=1 and (title like 'Авббшв%' or title like '% Авббшв%' or title like '%Авббшв%' or title like '%Авббшв%') and (title like '3х70%' or title like '% 3х70%' or title like '%3x70%') order by  s.title LIMIT 0, 20
q2: select count(id) from sklad_tovar s where visible=1 and (title like 'Авббшв%' or title like '% Авббшв%' or title like '%Авббшв%' or title like '%Авббшв%') and (title like '3х70%' or title like '% 3х70%' or title like '%3x70%')
 auth: 100 
=====
Query:
performedDatetime: 2014-08-19 12:26:12  0000
action: get_company_data
sklad_user: Гость
appleId: 96C639E3-EF28-4B50-9DCD-A00AEDAC9532
sklad_hash: a6c847e6dba61cfadb9f87f759340f34
company_id: 4151

=====
Response:
{"action":"get_company_data","code":0,"data":{"company_id":4151,"title":"\u041e\u041e\u041e \u042d\u043b\u0435\u043a\u0442\u0440\u043e\u0442\u0435\u0445\u043d\u0438\u0447\u0435\u0441\u043a\u0430\u044f \u043a\u043e\u043c\u043f\u0430\u043d\u0438\u044f","city":"\u041a\u0440\u0430\u0441\u043d\u043e\u0434\u0430\u0440","address":"\u041a\u0440\u0430\u0441\u043d\u043e\u0434\u0430\u0440 \u0443\u043b.\u041d\u043e\u0432\u043e\u0440\u043e\u0441\u0441\u0438\u0439\u0441\u043a\u0430\u044f \u0434.232","phone":"+7 (861)  203-40-78 \u043c\u043d\u043e\u0433\u043e\u043a\u0430\u043d\u0430\u043b\u044c\u043d\u044b\u0439","email":"krd@enprofi.ru","url":"http:\/\/energoprofi23.ru","contact":"\u041e\u0442\u0434\u0435\u043b \u043f\u0440\u043e\u0434\u0430\u0436","goods_count":"619","last_update":"14.07.2014"},"performedDatetime":"2014-08-19T12:26:12Z","authStatus":"0","accessDateEnd":""}
=====

select distinct city from sklad_tovar where comp_id= and city!='' order by city
q2: 
 auth: 100 
=====
Query:
performedDatetime: 2014-08-19 12:26:30  0000
action: get_goods_data
sklad_user: Гость
appleId: 96C639E3-EF28-4B50-9DCD-A00AEDAC9532
sklad_hash: a6c847e6dba61cfadb9f87f759340f34
searchTerm: Авббшв 3х35
resultsFrom: 0
sort: 0
cityFilter: 

=====
Response:
{"action":"get_goods_data","searchTerm":"\u0410\u0432\u0431\u0431\u0448\u0432 3\u044535","resultsFrom":0,"sort":0,"cityFilter":"","code":0,"resultsCount":"14","lastPage":1,"data":[{"name":"\u0410\u0412\u0411\u0431\u0428\u0432 3x35-0,66 \u043a\u0412","amount":"0,24","amount_parts":"","unit":"\u043a\u043c","city":"\u041a\u0440\u0430\u0441\u043d\u043e\u0434\u0430\u0440","company_id":"4151","company_name":"\u041e\u041e\u041e \u042d\u043b\u0435\u043a\u0442\u0440\u043e\u0442\u0435\u0445\u043d\u0438\u0447\u0435\u0441\u043a\u0430\u044f \u043a\u043e\u043c\u043f\u0430\u043d\u0438\u044f"},{"name":"\u0410\u0412\u0411\u0431\u0428\u0432 3\u044535","amount":"0,1","amount_parts":"0,04; 0,06; ","unit":"\u043a\u043c","city":"\u041f\u0435\u0440\u043c\u044c","company_id":"17640","company_name":"\u041e\u041e\u041e \"\u0415\u0432\u0440\u043e\u0441\u0442\u0440\u043e\u0439\""},{"name":"\u0410\u0412\u0411\u0431\u0428\u0432 3\u044535(\u043e\u0436)+1\u044516(\u043e\u0436) 0,66\u043a\u0412","amount":"0,115","amount_parts":"","unit":"\u043a\u043c","city":"\u041c\u043e\u0441\u043a\u0432\u0430","company_id":"8168","company_name":"\u041e\u041e\u041e \u00ab\u0422\u0435\u0445\u043d\u043e\u043a\u0430\u0431\u0435\u043b\u044c \u041c\u00bb \u041c\u043e\u0441\u043a\u0432\u0430"},{"name":"\u0410\u0412\u0411\u0431\u0428\u0432 3\u044535(\u043e\u0436)+1\u044516(\u043e\u0436)-0,66","amount":"0,24","amount_parts":"","unit":"\u043a\u043c","city":"\u041a\u0440\u0430\u0441\u043d\u043e\u0434\u0430\u0440","company_id":"19805","company_name":"\u041e\u041e\u041e \u0422\u0414 \"\u042e\u0436\u043d\u0430\u044f \u043a\u0430\u0431\u0435\u043b\u044c\u043d\u0430\u044f \u043a\u043e\u043c\u043f\u0430\u043d\u0438\u044f\""},{"name":"\u0410\u0412\u0411\u0431\u0428\u0432 3\u044535+","amount":"0,1","amount_parts":"0.06; 0.04; ","unit":"\u043a\u043c","city":"\u041f\u0435\u0440\u043c\u044c","company_id":"3601","company_name":"\u041e\u041e\u041e \"\u0422\u041c\u041a-\u042d\u041d\u0415\u0420\u0413\u041e\""},{"name":"\u0410\u0412\u0411\u0431\u0428\u0432 3\u044535+","amount":"0,1","amount_parts":"0.06; 0.04; ","unit":"\u043a\u043c","city":"\u041f\u0435\u0440\u043c\u044c","company_id":"11082","company_name":"\u041e\u041e\u041e \u0421\u0442\u0440\u043e\u0439\u043a\u0430\u0431\u0435\u043b\u044c"},{"name":"\u0410\u0412\u0411\u0431\u0428\u0432 3\u044535+1\u044510--1","amount":"0,102","amount_parts":"0,028; 0,074; ","unit":"\u043a\u043c","city":"\u041f\u0430\u0432\u043b\u043e\u0434\u0430\u0440","company_id":"7464","company_name":"\u0410\u041e \"\u041a\u0430\u0437\u044d\u043d\u0435\u0440\u0433\u043e\u043a\u0430\u0431\u0435\u043b\u044c\""},{"name":"\u0410\u0412\u0411\u0411\u0428\u0432 3\u044535+1\u044516","amount":"0,053","amount_parts":"","unit":"\u043a\u043c","city":"\u041f\u0435\u0440\u043c\u044c","company_id":"11082","company_name":"\u041e\u041e\u041e \u0421\u0442\u0440\u043e\u0439\u043a\u0430\u0431\u0435\u043b\u044c"},{"name":"\u0410\u0412\u0411\u0431\u0428\u0432 3\u044535+1\u044525 (\u043e\u0436)--0,66","amount":"0,365","amount_parts":"0,125; 0,24; ","unit":"\u043a\u043c","city":"\u041f\u0430\u0432\u043b\u043e\u0434\u0430\u0440","company_id":"7464","company_name":"\u0410\u041e \"\u041a\u0430\u0437\u044d\u043d\u0435\u0440\u0433\u043e\u043a\u0430\u0431\u0435\u043b\u044c\""},{"name":"\u0410\u0412\u0411\u0431\u0428\u0432 3\u044535\u043e\u043a-0,66","amount":"0,19","amount_parts":"","unit":"\u043a\u043c","city":"\u041f\u0435\u0440\u043c\u044c","company_id":"18682","company_name":"\u041e\u041e\u041e \"\u041a\u0430\u043c\u0441\u043a\u0438\u0439 \u043a\u0430\u0431\u0435\u043b\u044c\""},{"name":"\u0410\u0412\u0411\u0431\u0428\u0432-0,66 3\u044535+1\u044516\u043e\u0436","amount":"0,04","amount_parts":"","unit":"\u043a\u043c","city":"\u041d\u0438\u0436\u043d\u0438\u0439 \u041d\u043e\u0432\u0433\u043e\u0440\u043e\u0434","company_id":"17218","company_name":"\u0417\u0410\u041e \u042d\u043d\u0435\u0440\u0433\u043e\u041c\u0430\u043a\u0441\u0438\u043c\u0443\u043c"},{"name":"\u0410\u0412\u0411\u0431\u0428\u0432-0,66 3\u0445351\u044516 \u043e\u0436","amount":"0,04","amount_parts":"","unit":"\u043a\u043c","city":"\u041d\u0438\u0436\u043d\u0438\u0439 \u041d\u043e\u0432\u0433\u043e\u0440\u043e\u0434","company_id":"1816","company_name":"\u0417\u0410\u041e \u0420\u0443\u0441\u042d\u043b\u0435\u043a\u0442\u0440\u043e\u041a\u0430\u0431\u0435\u043b\u044c"},{"name":"\u0410\u0412\u0411\u0431\u0428\u0432-0,66 3\u0445351\u044516 \u043e\u0436","amount":"0,04","amount_parts":"","unit":"\u043a\u043c","city":"\u041d\u0438\u0436\u043d\u0438\u0439 \u041d\u043e\u0432\u0433\u043e\u0440\u043e\u0434","company_id":"2484","company_name":"\u0417\u0430\u043a\u0430\u0437\u043d\u043e\u0432 \u0414\u043c\u0438\u0442\u0440\u0438\u0439 \u0421\u0435\u0440\u0433\u0435\u0435\u0432\u0438\u0447"},{"name":"\u0410\u0412\u0411\u0431\u0428\u0432-1 3\u044535+1\u044516","amount":"0,629","amount_parts":"","unit":"\u043a\u043c","city":"\u041c\u043e\u0441\u043a\u0432\u0430","company_id":"4864","company_name":"\u041e\u041e\u041e \u0423\u043d\u0438\u0432\u0435\u0440\u0441\u0438\u0442\u0435\u0442  \u0441\u0435\u0440\u0432\u0438\u0441"}],"performedDatetime":"2014-08-19T12:26:29Z","authStatus":"0","accessDateEnd":""}
=====

select s.id, s.comp_id, s.title, s.quant, s.unit_id, s.comments, s.city from
		sklad_tovar s where visible=1 and (title like 'Авббшв%' or title like '% Авббшв%' or title like '%Авббшв%' or title like '%Авббшв%') and (title like '3х35%' or title like '% 3х35%' or title like '%3x35%') order by  s.title LIMIT 0, 20
q2: select count(id) from sklad_tovar s where visible=1 and (title like 'Авббшв%' or title like '% Авббшв%' or title like '%Авббшв%' or title like '%Авббшв%') and (title like '3х35%' or title like '% 3х35%' or title like '%3x35%')
 auth: 100 
=====
Query:
performedDatetime: 2014-08-19 12:26:48  0000
action: get_goods_data
sklad_user: Гость
appleId: 96C639E3-EF28-4B50-9DCD-A00AEDAC9532
sklad_hash: a6c847e6dba61cfadb9f87f759340f34
searchTerm: Авббшв 3х35 6 кВ
resultsFrom: 0
sort: 0
cityFilter: 

=====
Response:
{"action":"get_goods_data","searchTerm":"\u0410\u0432\u0431\u0431\u0448\u0432 3\u044535 6 \u043a\u0412","resultsFrom":0,"code":0,"resultsCount":"0","data":[],"performedDatetime":"2014-08-19T12:26:48Z","authStatus":"0","accessDateEnd":""}
=====

select s.id, s.comp_id, s.title, s.quant, s.unit_id, s.comments, s.city from
		sklad_tovar s where visible=1 and (title like 'Авббшв%' or title like '% Авббшв%' or title like '%Авббшв%' or title like '%Авббшв%') and (title like '3х35%' or title like '% 3х35%' or title like '%3x35%') and (title like '6%' or title like '% 6%') and (title like 'кВ%' or title like '% кВ%') order by  s.title LIMIT 0, 20
q2: select count(id) from sklad_tovar s where visible=1 and (title like 'Авббшв%' or title like '% Авббшв%' or title like '%Авббшв%' or title like '%Авббшв%') and (title like '3х35%' or title like '% 3х35%' or title like '%3x35%') and (title like '6%' or title like '% 6%') and (title like 'кВ%' or title like '% кВ%')
 auth: 100 
=====
Query:
performedDatetime: 2014-08-19 12:26:56  0000
action: get_goods_data
sklad_user: Гость
appleId: 96C639E3-EF28-4B50-9DCD-A00AEDAC9532
sklad_hash: a6c847e6dba61cfadb9f87f759340f34
searchTerm: Нршм
resultsFrom: 0
sort: 0
cityFilter: 

=====
Response:
{"action":"get_goods_data","searchTerm":"\u041d\u0440\u0448\u043c","resultsFrom":0,"sort":0,"cityFilter":"","code":0,"resultsCount":"525","lastPage":0,"data":[{"name":"\u041d\u0420\u0428\u041c 1 \u0445120","amount":"0,006","amount_parts":"","unit":"\u043a\u043c","city":"\u0415\u043a\u0430\u0442\u0435\u0440\u0438\u043d\u0431\u0443\u0440\u0433","company_id":"19522","company_name":"\u041e\u041e\u041e  \u0421\u043c-\u041a\u0430\u0431\u0435\u043b\u044c"},{"name":"\u041d\u0420\u0428\u041c 10\u04451,0","amount":"105,105","amount_parts":"105; 0.105; ","unit":"\u043a\u043c","city":"\u041d\u043e\u0432\u043e\u0441\u0438\u0431\u0438\u0440\u0441\u043a","company_id":"11170","company_name":"\u041e\u041e\u041e \u0422\u0421\u041b"},{"name":"\u041d\u0420\u0428\u041c 10\u04451,5","amount":"0,206","amount_parts":"","unit":"\u043a\u043c","city":"\u0421\u0430\u043d\u043a\u0442-\u041f\u0435\u0442\u0435\u0440\u0431\u0443\u0440\u0433","company_id":"16940","company_name":"\u041e\u041e\u041e \"\u041e\u043f\u0442\u0413\u0440\u0443\u043f\u043f\""},{"name":"\u041d\u0420\u0428\u041c 10\u04451,5","amount":"0,206","amount_parts":"","unit":"\u043a\u043c","city":"\u041c\u043e\u0441\u043a\u0432\u0430","company_id":"22412","company_name":"\u041e\u041e\u041e \u041a\u041e\u0420\u041f\u041e\u0420\u0410\u0426\u0418\u042f \u0411\u0430\u043b\u0442\u041f\u0440\u043e\u043c\u041a\u043e\u043c\u043f\u043b\u0435\u043a\u0442"},{"name":"\u041d\u0420\u0428\u041c 10\u04451,5","amount":"0,22","amount_parts":"","unit":"\u043a\u043c","city":"\u041a\u043e\u043b\u044c\u0447\u0443\u0433\u0438\u043d\u043e","company_id":"4826","company_name":"\u041e\u041e\u041e \u041c\u041a\u0421"},{"name":"\u041d\u0420\u0428\u041c 10\u04451,5","amount":"0,12","amount_parts":"","unit":"\u043a\u043c","city":"\u041d\u0438\u0436\u043d\u0438\u0439 \u041d\u043e\u0432\u0433\u043e\u0440\u043e\u0434","company_id":"5948","company_name":"\u041e\u041e\u041e \u041a\u0430\u0431\u0435\u043b\u044c \u041f\u041a"},{"name":"\u041d\u0420\u0428\u041c 10\u04451,5","amount":"0,058","amount_parts":"","unit":"\u043a\u043c","city":"\u041f\u0435\u0440\u043c\u044c","company_id":"17640","company_name":"\u041e\u041e\u041e \"\u0415\u0432\u0440\u043e\u0441\u0442\u0440\u043e\u0439\""},{"name":"\u041d\u0420\u0428\u041c 10\u04451,5","amount":"180,18","amount_parts":"180; 0.18; ","unit":"\u043a\u043c","city":"\u041d\u043e\u0432\u043e\u0441\u0438\u0431\u0438\u0440\u0441\u043a","company_id":"11170","company_name":"\u041e\u041e\u041e \u0422\u0421\u041b"},{"name":"\u041d\u0420\u0428\u041c 10\u04451,5","amount":"0,22","amount_parts":"","unit":"\u043a\u043c","city":"\u041a\u043e\u043b\u044c\u0447\u0443\u0433\u0438\u043d\u043e","company_id":"7162","company_name":"\u041e\u041e\u041e \"\u041a\u043e\u043c\u043f\u0430\u043d\u0438\u044f \u042d\u043b\u0435\u043a\u0442\u0440\u043e\u043c\u0435\u0442\""},{"name":"\u041d\u0420\u0428\u041c 10\u04451,5","amount":"0,046","amount_parts":"","unit":"\u043a\u043c","city":"\u041f\u0435\u0440\u043c\u044c","company_id":"10969","company_name":"\u041e\u041e\u041e \u0410\u0428\u0422\u0420\u0415\u0412\u0415\u041b"},{"name":"\u041d\u0420\u0428\u041c 10\u04451,5","amount":"0,02","amount_parts":"","unit":"\u043a\u043c","city":"\u041d\u0438\u0436\u043d\u0438\u0439 \u041d\u043e\u0432\u0433\u043e\u0440\u043e\u0434","company_id":"22212","company_name":"\u041e\u041e\u041e \"\u042d\u043b\u0435\u043a\u0442\u0440\u043e\u0442\u0435\u0445\u043d\u0438\u0447\u0435\u0441\u043a\u0430\u044f \u043a\u043e\u043c\u043f\u0430\u043d\u0438\u044f \"\u0422\u043e\u043b\u0435\u0434\u043e\""},{"name":"\u041d\u0420\u0428\u041c 10\u04451,5","amount":"0,058","amount_parts":"","unit":"\u043a\u043c","city":"\u041f\u0435\u0440\u043c\u044c","company_id":"3601","company_name":"\u041e\u041e\u041e \"\u0422\u041c\u041a-\u042d\u041d\u0415\u0420\u0413\u041e\""},{"name":"\u041d\u0420\u0428\u041c 10\u04451,5","amount":"0,058","amount_parts":"","unit":"\u043a\u043c","city":"\u041f\u0435\u0440\u043c\u044c","company_id":"11082","company_name":"\u041e\u041e\u041e \u0421\u0442\u0440\u043e\u0439\u043a\u0430\u0431\u0435\u043b\u044c"},{"name":"\u041d\u0420\u0428\u041c 10\u04451,5 \u0413\u041e\u0421\u0422 7866.1-76","amount":"0,22","amount_parts":"","unit":"\u043a\u043c","city":"\u041a\u043e\u043b\u044c\u0447\u0443\u0433\u0438\u043d\u043e","company_id":"22088","company_name":"\u0425\u043e\u043b\u0434\u0438\u043d\u0433 \u041a\u0430\u0431\u0435\u043b\u044c\u043d\u044b\u0439 \u0410\u043b\u044c\u044f\u043d\u0441"},{"name":"\u041d\u0420\u0428\u041c 10\u04451,5 \u0413\u041e\u0421\u0422 7866.1-76","amount":"0,333","amount_parts":"0.173; 0.16; ","unit":"\u043a\u043c","city":"\u0422\u043e\u043c\u0441\u043a","company_id":"22088","company_name":"\u0425\u043e\u043b\u0434\u0438\u043d\u0433 \u041a\u0430\u0431\u0435\u043b\u044c\u043d\u044b\u0439 \u0410\u043b\u044c\u044f\u043d\u0441"},{"name":"\u041d\u0420\u0428\u041c 10\u04451.5","amount":"0,849","amount_parts":"","unit":"\u043a\u043c","city":"\u0421\u0430\u043d\u043a\u0442-\u041f\u0435\u0442\u0435\u0440\u0431\u0443\u0440\u0433","company_id":"7260","company_name":"\u0418\u041f \u041a\u0438\u0440\u0438\u043b\u043b"},{"name":"\u041d\u0420\u0428\u041c 10\u04451.5","amount":"0,849","amount_parts":"","unit":"\u043a\u043c","city":"\u0421\u0430\u043d\u043a\u0442-\u041f\u0435\u0442\u0435\u0440\u0431\u0443\u0440\u0433","company_id":"5080","company_name":"\u041e\u041e\u041e \u042d\u043b\u0435\u043a\u0441\u043f\u0431"},{"name":"\u041d\u0420\u0428\u041c 10\u04451.5","amount":"0,1","amount_parts":"","unit":"\u043a\u043c","city":"\u0420\u0435\u0443\u0442\u043e\u0432","company_id":"372","company_name":"\u041f\u0420\u0415\u0421\u0421\u041a\u041e"},{"name":"\u041d\u0420\u0428\u041c 10\u04452,5","amount":"1,505","amount_parts":"","unit":"\u043a\u043c","city":"\u0421\u0430\u043d\u043a\u0442-\u041f\u0435\u0442\u0435\u0440\u0431\u0443\u0440\u0433","company_id":"7260","company_name":"\u0418\u041f \u041a\u0438\u0440\u0438\u043b\u043b"},{"name":"\u041d\u0420\u0428\u041c 10\u04452,5","amount":"1,505","amount_parts":"","unit":"\u043a\u043c","city":"\u0421\u0430\u043d\u043a\u0442-\u041f\u0435\u0442\u0435\u0440\u0431\u0443\u0440\u0433","company_id":"5080","company_name":"\u041e\u041e\u041e \u042d\u043b\u0435\u043a\u0441\u043f\u0431"}],"performedDatetime":"2014-08-19T12:26:56Z","authStatus":"0","accessDateEnd":""}
=====

select s.id, s.comp_id, s.title, s.quant, s.unit_id, s.comments, s.city from
		sklad_tovar s where visible=1 and (title like 'Нршм%' or title like '% Нршм%') order by  s.title LIMIT 0, 20
q2: select count(id) from sklad_tovar s where visible=1 and (title like 'Нршм%' or title like '% Нршм%')
 auth: 100 
=====
Query:
performedDatetime: 2014-08-19 12:27:13  0000
action: get_goods_data
sklad_user: Гость
appleId: 96C639E3-EF28-4B50-9DCD-A00AEDAC9532
sklad_hash: a6c847e6dba61cfadb9f87f759340f34
searchTerm: Нршм
resultsFrom: 1
sort: 0
cityFilter: 

=====
Response:
{"action":"get_goods_data","searchTerm":"\u041d\u0440\u0448\u043c","resultsFrom":1,"sort":0,"cityFilter":"","code":0,"resultsCount":"525","lastPage":0,"data":[{"name":"\u041d\u0420\u0428\u041c 10\u04452,5","amount":"0,423","amount_parts":"","unit":"\u043a\u043c","city":"\u0421\u0430\u043d\u043a\u0442-\u041f\u0435\u0442\u0435\u0440\u0431\u0443\u0440\u0433","company_id":"16940","company_name":"\u041e\u041e\u041e \"\u041e\u043f\u0442\u0413\u0440\u0443\u043f\u043f\""},{"name":"\u041d\u0420\u0428\u041c 10\u04452,5","amount":"0,079","amount_parts":"","unit":"\u043a\u043c","city":"\u041d\u043e\u0432\u043e\u0441\u0438\u0431\u0438\u0440\u0441\u043a","company_id":"14419","company_name":"\u041e\u041e\u041e \u041a\u041e\u041c\u041f\u0410\u041d\u0418\u042f \u0417\u0410\u041f\u0421\u0418\u0411\u041a\u0410\u0411\u0415\u041b\u042c"},{"name":"\u041d\u0420\u0428\u041c 10\u04452,5","amount":"0,423","amount_parts":"","unit":"\u043a\u043c","city":"\u041c\u043e\u0441\u043a\u0432\u0430","company_id":"22412","company_name":"\u041e\u041e\u041e \u041a\u041e\u0420\u041f\u041e\u0420\u0410\u0426\u0418\u042f \u0411\u0430\u043b\u0442\u041f\u0440\u043e\u043c\u041a\u043e\u043c\u043f\u043b\u0435\u043a\u0442"},{"name":"\u041d\u0420\u0428\u041c 10\u04452,5","amount":"0,222","amount_parts":"","unit":"\u043a\u043c","city":"\u041a\u043e\u043b\u044c\u0447\u0443\u0433\u0438\u043d\u043e","company_id":"4826","company_name":"\u041e\u041e\u041e \u041c\u041a\u0421"},{"name":"\u041d\u0420\u0428\u041c 10\u04452,5","amount":"0,044","amount_parts":"","unit":"\u043a\u043c","city":"\u041f\u0435\u0440\u043c\u044c","company_id":"17640","company_name":"\u041e\u041e\u041e \"\u0415\u0432\u0440\u043e\u0441\u0442\u0440\u043e\u0439\""},{"name":"\u041d\u0420\u0428\u041c 10\u04452,5","amount":"240,2","amount_parts":"240; 0.2; ","unit":"\u043a\u043c","city":"\u041d\u043e\u0432\u043e\u0441\u0438\u0431\u0438\u0440\u0441\u043a","company_id":"11170","company_name":"\u041e\u041e\u041e \u0422\u0421\u041b"},{"name":"\u041d\u0420\u0428\u041c 10\u04452,5","amount":"0,222","amount_parts":"","unit":"\u043a\u043c","city":"\u041a\u043e\u043b\u044c\u0447\u0443\u0433\u0438\u043d\u043e","company_id":"7162","company_name":"\u041e\u041e\u041e \"\u041a\u043e\u043c\u043f\u0430\u043d\u0438\u044f \u042d\u043b\u0435\u043a\u0442\u0440\u043e\u043c\u0435\u0442\""},{"name":"\u041d\u0420\u0428\u041c 10\u04452,5","amount":"0,032","amount_parts":"","unit":"\u043a\u043c","city":"\u041f\u0435\u0440\u043c\u044c","company_id":"10969","company_name":"\u041e\u041e\u041e \u0410\u0428\u0422\u0420\u0415\u0412\u0415\u041b"},{"name":"\u041d\u0420\u0428\u041c 10\u04452,5","amount":"0,044","amount_parts":"","unit":"\u043a\u043c","city":"\u041f\u0435\u0440\u043c\u044c","company_id":"3601","company_name":"\u041e\u041e\u041e \"\u0422\u041c\u041a-\u042d\u041d\u0415\u0420\u0413\u041e\""},{"name":"\u041d\u0420\u0428\u041c 10\u04452,5","amount":"0,044","amount_parts":"","unit":"\u043a\u043c","city":"\u041f\u0435\u0440\u043c\u044c","company_id":"11082","company_name":"\u041e\u041e\u041e \u0421\u0442\u0440\u043e\u0439\u043a\u0430\u0431\u0435\u043b\u044c"},{"name":"\u041d\u0420\u0428\u041c 12\u04451","amount":"0,14","amount_parts":"","unit":"\u043a\u043c","city":"\u041d\u0438\u0436\u043d\u0438\u0439 \u041d\u043e\u0432\u0433\u043e\u0440\u043e\u0434","company_id":"5948","company_name":"\u041e\u041e\u041e \u041a\u0430\u0431\u0435\u043b\u044c \u041f\u041a"},{"name":"\u041d\u0420\u0428\u041c 12\u04451,0","amount":"300,3","amount_parts":"300; 0.3; ","unit":"\u043a\u043c","city":"\u041d\u043e\u0432\u043e\u0441\u0438\u0431\u0438\u0440\u0441\u043a","company_id":"11170","company_name":"\u041e\u041e\u041e \u0422\u0421\u041b"},{"name":"\u041d\u0420\u0428\u041c 12\u04451,5","amount":"0,515","amount_parts":"","unit":"\u043a\u043c","city":"\u0421\u0430\u043d\u043a\u0442-\u041f\u0435\u0442\u0435\u0440\u0431\u0443\u0440\u0433","company_id":"7260","company_name":"\u0418\u041f \u041a\u0438\u0440\u0438\u043b\u043b"},{"name":"\u041d\u0420\u0428\u041c 12\u04451,5","amount":"0,515","amount_parts":"","unit":"\u043a\u043c","city":"\u0421\u0430\u043d\u043a\u0442-\u041f\u0435\u0442\u0435\u0440\u0431\u0443\u0440\u0433","company_id":"5080","company_name":"\u041e\u041e\u041e \u042d\u043b\u0435\u043a\u0441\u043f\u0431"},{"name":"\u041d\u0420\u0428\u041c 12\u04451,5","amount":"0,039","amount_parts":"","unit":"\u043a\u043c","city":"\u041c\u043e\u0441\u043a\u0432\u0430","company_id":"4864","company_name":"\u041e\u041e\u041e \u0423\u043d\u0438\u0432\u0435\u0440\u0441\u0438\u0442\u0435\u0442  \u0441\u0435\u0440\u0432\u0438\u0441"},{"name":"\u041d\u0420\u0428\u041c 12\u04451,5","amount":"1,02","amount_parts":"","unit":"\u043a\u043c","city":"\u041a\u043e\u043b\u044c\u0447\u0443\u0433\u0438\u043d\u043e","company_id":"4826","company_name":"\u041e\u041e\u041e \u041c\u041a\u0421"},{"name":"\u041d\u0420\u0428\u041c 12\u04451,5","amount":"0,115","amount_parts":"","unit":"\u043a\u043c","city":"\u041d\u0438\u0436\u043d\u0438\u0439 \u041d\u043e\u0432\u0433\u043e\u0440\u043e\u0434","company_id":"5948","company_name":"\u041e\u041e\u041e \u041a\u0430\u0431\u0435\u043b\u044c \u041f\u041a"},{"name":"\u041d\u0420\u0428\u041c 12\u04451,5","amount":"275,275","amount_parts":"275; 0.275; ","unit":"\u043a\u043c","city":"\u041d\u043e\u0432\u043e\u0441\u0438\u0431\u0438\u0440\u0441\u043a","company_id":"11170","company_name":"\u041e\u041e\u041e \u0422\u0421\u041b"},{"name":"\u041d\u0420\u0428\u041c 12\u04451,5","amount":"1,02","amount_parts":"","unit":"\u043a\u043c","city":"\u041a\u043e\u043b\u044c\u0447\u0443\u0433\u0438\u043d\u043e","company_id":"7162","company_name":"\u041e\u041e\u041e \"\u041a\u043e\u043c\u043f\u0430\u043d\u0438\u044f \u042d\u043b\u0435\u043a\u0442\u0440\u043e\u043c\u0435\u0442\""},{"name":"\u041d\u0420\u0428\u041c 12\u04451,5 \u0413\u041e\u0421\u0422 7866.1-76","amount":"0,745","amount_parts":"","unit":"\u043a\u043c","city":"\u041a\u043e\u043b\u044c\u0447\u0443\u0433\u0438\u043d\u043e","company_id":"22088","company_name":"\u0425\u043e\u043b\u0434\u0438\u043d\u0433 \u041a\u0430\u0431\u0435\u043b\u044c\u043d\u044b\u0439 \u0410\u043b\u044c\u044f\u043d\u0441"}],"performedDatetime":"2014-08-19T12:27:12Z","authStatus":"0","accessDateEnd":""}
=====

select s.id, s.comp_id, s.title, s.quant, s.unit_id, s.comments, s.city from
		sklad_tovar s where visible=1 and (title like 'Нршм%' or title like '% Нршм%') order by  s.title LIMIT 20, 20
q2: select count(id) from sklad_tovar s where visible=1 and (title like 'Нршм%' or title like '% Нршм%')
 auth: 100 
=====
Query:
performedDatetime: 2014-08-19 12:27:24  0000
action: get_goods_data
sklad_user: Гость
appleId: 96C639E3-EF28-4B50-9DCD-A00AEDAC9532
sklad_hash: a6c847e6dba61cfadb9f87f759340f34
searchTerm: Нршм
resultsFrom: 2
sort: 0
cityFilter: 

=====
Response:
{"action":"get_goods_data","searchTerm":"\u041d\u0440\u0448\u043c","resultsFrom":2,"sort":0,"cityFilter":"","code":0,"resultsCount":"525","lastPage":0,"data":[{"name":"\u041d\u0420\u0428\u041c 12\u04451.5","amount":"0,045","amount_parts":"","unit":"\u043a\u043c","city":"\u0420\u0435\u0443\u0442\u043e\u0432","company_id":"372","company_name":"\u041f\u0420\u0415\u0421\u0421\u041a\u041e"},{"name":"\u041d\u0420\u0428\u041c 12\u04452,5","amount":"140,14","amount_parts":"140; 0.14; ","unit":"\u043a\u043c","city":"\u041d\u043e\u0432\u043e\u0441\u0438\u0431\u0438\u0440\u0441\u043a","company_id":"11170","company_name":"\u041e\u041e\u041e \u0422\u0421\u041b"},{"name":"\u041d\u0420\u0428\u041c 14 \u0445 1","amount":"0,1","amount_parts":"","unit":"\u043a\u043c","city":"\u0415\u043a\u0430\u0442\u0435\u0440\u0438\u043d\u0431\u0443\u0440\u0433","company_id":"19522","company_name":"\u041e\u041e\u041e  \u0421\u043c-\u041a\u0430\u0431\u0435\u043b\u044c"},{"name":"\u041d\u0420\u0428\u041c 14\u04451,5","amount":"0,737","amount_parts":"","unit":"\u043a\u043c","city":"\u0421\u0430\u043d\u043a\u0442-\u041f\u0435\u0442\u0435\u0440\u0431\u0443\u0440\u0433","company_id":"7260","company_name":"\u0418\u041f \u041a\u0438\u0440\u0438\u043b\u043b"},{"name":"\u041d\u0420\u0428\u041c 14\u04451,5","amount":"0,737","amount_parts":"","unit":"\u043a\u043c","city":"\u0421\u0430\u043d\u043a\u0442-\u041f\u0435\u0442\u0435\u0440\u0431\u0443\u0440\u0433","company_id":"5080","company_name":"\u041e\u041e\u041e \u042d\u043b\u0435\u043a\u0441\u043f\u0431"},{"name":"\u041d\u0420\u0428\u041c 14\u04451,5","amount":"0,049","amount_parts":"","unit":"\u043a\u043c","city":"\u0421\u0430\u043d\u043a\u0442-\u041f\u0435\u0442\u0435\u0440\u0431\u0443\u0440\u0433","company_id":"16940","company_name":"\u041e\u041e\u041e \"\u041e\u043f\u0442\u0413\u0440\u0443\u043f\u043f\""},{"name":"\u041d\u0420\u0428\u041c 14\u04451,5","amount":"0,049","amount_parts":"","unit":"\u043a\u043c","city":"\u041c\u043e\u0441\u043a\u0432\u0430","company_id":"22412","company_name":"\u041e\u041e\u041e \u041a\u041e\u0420\u041f\u041e\u0420\u0410\u0426\u0418\u042f \u0411\u0430\u043b\u0442\u041f\u0440\u043e\u043c\u041a\u043e\u043c\u043f\u043b\u0435\u043a\u0442"},{"name":"\u041d\u0420\u0428\u041c 14\u04451,5","amount":"0,19","amount_parts":"","unit":"\u043a\u043c","city":"\u041d\u0438\u0436\u043d\u0438\u0439 \u041d\u043e\u0432\u0433\u043e\u0440\u043e\u0434","company_id":"5948","company_name":"\u041e\u041e\u041e \u041a\u0430\u0431\u0435\u043b\u044c \u041f\u041a"},{"name":"\u041d\u0420\u0428\u041c 14\u04451,5","amount":"240,24","amount_parts":"240; 0.24; ","unit":"\u043a\u043c","city":"\u041d\u043e\u0432\u043e\u0441\u0438\u0431\u0438\u0440\u0441\u043a","company_id":"11170","company_name":"\u041e\u041e\u041e \u0422\u0421\u041b"},{"name":"\u041d\u0420\u0428\u041c 14\u04451,5","amount":"0,235","amount_parts":"","unit":"\u043a\u043c","city":"\u041f\u0435\u0440\u043c\u044c","company_id":"17640","company_name":"\u041e\u041e\u041e \"\u0415\u0432\u0440\u043e\u0441\u0442\u0440\u043e\u0439\""},{"name":"\u041d\u0420\u0428\u041c 14\u04451,5","amount":"0,243","amount_parts":"","unit":"\u043a\u043c","city":"\u041f\u0435\u0440\u043c\u044c","company_id":"10969","company_name":"\u041e\u041e\u041e \u0410\u0428\u0422\u0420\u0415\u0412\u0415\u041b"},{"name":"\u041d\u0420\u0428\u041c 14\u04451,5","amount":"0,235","amount_parts":"","unit":"\u043a\u043c","city":"\u041f\u0435\u0440\u043c\u044c","company_id":"3601","company_name":"\u041e\u041e\u041e \"\u0422\u041c\u041a-\u042d\u041d\u0415\u0420\u0413\u041e\""},{"name":"\u041d\u0420\u0428\u041c 14\u04451,5","amount":"0,235","amount_parts":"","unit":"\u043a\u043c","city":"\u041f\u0435\u0440\u043c\u044c","company_id":"11082","company_name":"\u041e\u041e\u041e \u0421\u0442\u0440\u043e\u0439\u043a\u0430\u0431\u0435\u043b\u044c"},{"name":"\u041d\u0420\u0428\u041c 14\u04451,5 \u0413\u041e\u0421\u0422 7866.1-76","amount":"0,197","amount_parts":"","unit":"\u043a\u043c","city":"\u0415\u043a\u0430\u0442\u0435\u0440\u0438\u043d\u0431\u0443\u0440\u0433","company_id":"22088","company_name":"\u0425\u043e\u043b\u0434\u0438\u043d\u0433 \u041a\u0430\u0431\u0435\u043b\u044c\u043d\u044b\u0439 \u0410\u043b\u044c\u044f\u043d\u0441"},{"name":"\u041d\u0420\u0428\u041c 14\u04451,5 \u0413\u041e\u0421\u0422 7866.1-76","amount":"0,77","amount_parts":"","unit":"\u043a\u043c","city":"\u041a\u043e\u043b\u044c\u0447\u0443\u0433\u0438\u043d\u043e","company_id":"22088","company_name":"\u0425\u043e\u043b\u0434\u0438\u043d\u0433 \u041a\u0430\u0431\u0435\u043b\u044c\u043d\u044b\u0439 \u0410\u043b\u044c\u044f\u043d\u0441"},{"name":"\u041d\u0420\u0428\u041c 14\u04451,5-690","amount":"0,338","amount_parts":"","unit":"\u043a\u043c","city":"\u041f\u0435\u0440\u043c\u044c","company_id":"18682","company_name":"\u041e\u041e\u041e \"\u041a\u0430\u043c\u0441\u043a\u0438\u0439 \u043a\u0430\u0431\u0435\u043b\u044c\""},{"name":"\u041d\u0420\u0428\u041c 14\u04451.5","amount":"0,3","amount_parts":"","unit":"\u043a\u043c","city":"\u041a\u0440\u0430\u0441\u043d\u043e\u0434\u0430\u0440","company_id":"4151","company_name":"\u041e\u041e\u041e \u042d\u043b\u0435\u043a\u0442\u0440\u043e\u0442\u0435\u0445\u043d\u0438\u0447\u0435\u0441\u043a\u0430\u044f \u043a\u043e\u043c\u043f\u0430\u043d\u0438\u044f"},{"name":"\u041d\u0420\u0428\u041c 14\u04452,5","amount":"0,74","amount_parts":"","unit":"\u043a\u043c","city":"\u0421\u0430\u043d\u043a\u0442-\u041f\u0435\u0442\u0435\u0440\u0431\u0443\u0440\u0433","company_id":"7260","company_name":"\u0418\u041f \u041a\u0438\u0440\u0438\u043b\u043b"},{"name":"\u041d\u0420\u0428\u041c 14\u04452,5","amount":"0,74","amount_parts":"","unit":"\u043a\u043c","city":"\u0421\u0430\u043d\u043a\u0442-\u041f\u0435\u0442\u0435\u0440\u0431\u0443\u0440\u0433","company_id":"5080","company_name":"\u041e\u041e\u041e \u042d\u043b\u0435\u043a\u0441\u043f\u0431"},{"name":"\u041d\u0420\u0428\u041c 14\u04452,5","amount":"0,006","amount_parts":"","unit":"\u043a\u043c","city":"\u0421\u0430\u043d\u043a\u0442-\u041f\u0435\u0442\u0435\u0440\u0431\u0443\u0440\u0433","company_id":"16940","company_name":"\u041e\u041e\u041e \"\u041e\u043f\u0442\u0413\u0440\u0443\u043f\u043f\""}],"performedDatetime":"2014-08-19T12:27:24Z","authStatus":"0","accessDateEnd":""}
=====

select s.id, s.comp_id, s.title, s.quant, s.unit_id, s.comments, s.city from
		sklad_tovar s where visible=1 and (title like 'Нршм%' or title like '% Нршм%') order by  s.title LIMIT 40, 20
q2: select count(id) from sklad_tovar s where visible=1 and (title like 'Нршм%' or title like '% Нршм%')
 auth: 100 
=====
Query:
performedDatetime: 2014-08-19 12:29:38  0000
action: get_goods_data
sklad_user: Гость
appleId: 96C639E3-EF28-4B50-9DCD-A00AEDAC9532
sklad_hash: a6c847e6dba61cfadb9f87f759340f34
searchTerm: Сип3 1х120
resultsFrom: 0
sort: 0
cityFilter: 

=====
Response:
{"action":"get_goods_data","searchTerm":"\u0421\u0438\u043f3 1\u0445120","resultsFrom":0,"code":0,"resultsCount":"0","data":[],"performedDatetime":"2014-08-19T12:29:38Z","authStatus":"0","accessDateEnd":""}
=====

select s.id, s.comp_id, s.title, s.quant, s.unit_id, s.comments, s.city from
		sklad_tovar s where visible=1 and (title like 'Сип3%' or title like '% Сип3%') and (title like '1х120%' or title like '% 1х120%' or title like '%1x120%') order by  s.title LIMIT 0, 20
q2: select count(id) from sklad_tovar s where visible=1 and (title like 'Сип3%' or title like '% Сип3%') and (title like '1х120%' or title like '% 1х120%' or title like '%1x120%')
 auth: 100 
=====
Query:
performedDatetime: 2014-08-19 12:29:55  0000
action: get_goods_data
sklad_user: Гость
appleId: 96C639E3-EF28-4B50-9DCD-A00AEDAC9532
sklad_hash: a6c847e6dba61cfadb9f87f759340f34
searchTerm: Сип 3 1х120
resultsFrom: 0
sort: 0
cityFilter: 

=====
Response:
{"action":"get_goods_data","searchTerm":"\u0421\u0438\u043f 3 1\u0445120","resultsFrom":0,"code":0,"resultsCount":"0","data":[],"performedDatetime":"2014-08-19T12:29:54Z","authStatus":"0","accessDateEnd":""}
=====

select s.id, s.comp_id, s.title, s.quant, s.unit_id, s.comments, s.city from
		sklad_tovar s where visible=1 and (title like 'Сип%' or title like '% Сип%') and (title like '3%' or title like '% 3%') and (title like '1х120%' or title like '% 1х120%' or title like '%1x120%') order by  s.title LIMIT 0, 20
q2: select count(id) from sklad_tovar s where visible=1 and (title like 'Сип%' or title like '% Сип%') and (title like '3%' or title like '% 3%') and (title like '1х120%' or title like '% 1х120%' or title like '%1x120%')
 auth: 100 
=====
Query:
performedDatetime: 2014-08-19 12:38:27  0000
action: check_user_rights
sklad_user: Andrb
appleId: 96C639E3-EF28-4B50-9DCD-A00AEDAC9532
sklad_hash: 2b328ff31b312cb3a4c42b3bc2ad39a1

=====
Response:
{"action":"check_user_rights","code":0,"performedDatetime":"2014-08-19T12:38:27Z","authStatus":"10"}
=====


q2: 
 auth: 0 
=====
Query:
performedDatetime: 2014-08-19 12:38:36  0000
action: get_text

=====
Response:
{"action":"get_text","code":0,"data":"","performedDatetime":"2014-08-19T12:38:36Z","authStatus":"10"}
=====


q2: 
 auth: 0 
=====
Query:
performedDatetime: 2014-08-19 13:00:57  0000
action: check_user_rights
sklad_user: Nune
appleId: CF8B840D-8668-4618-AE45-6539773C45DA
sklad_hash: eaf96fb6d4b45e0f0b3f52d95c9b71bb

=====
Response:
{"action":"check_user_rights","code":0,"performedDatetime":"2014-08-19T13:01:02Z","authStatus":"10"}
=====


q2: 
 auth: 0 
=====
Query:
performedDatetime: 2014-08-19 13:01:15  0000
action: get_text

=====
Response:
{"action":"get_text","code":0,"data":"","performedDatetime":"2014-08-19T13:01:17Z","authStatus":"10"}
=====


q2: 
 auth: 0 
=====
Query:
performedDatetime: 2014-08-19 19:04:04  0000
action: check_user_rights
sklad_user: Hit
appleId: 932ED99F-8826-45BE-9807-995FF3D5C5A4
sklad_hash: 237d5a9519115983b48b35a73e9cc5dc

=====
Response:
{"action":"check_user_rights","code":0,"performedDatetime":"2014-08-19T19:04:03Z","authStatus":"10"}
=====


q2: 
 auth: 0 
=====
Query:
performedDatetime: 2014-08-19 19:04:10  0000
action: get_text

=====
Response:
{"action":"get_text","code":0,"data":"","performedDatetime":"2014-08-19T19:04:09Z","authStatus":"10"}
=====


q2: 
 auth: 0 
=====
Query:
performedDatetime: 2014-08-19 19:04:32  0000
action: get_goods_data
sklad_user: Гость
appleId: 932ED99F-8826-45BE-9807-995FF3D5C5A4
sklad_hash: faa915306113b06d90c6f1df403d1a5e
searchTerm: Ввг-нг-ls
resultsFrom: 0
sort: 0
cityFilter: 

=====
Response:
{"action":"get_goods_data","searchTerm":"\u0412\u0432\u0433-\u043d\u0433-ls","resultsFrom":0,"code":0,"resultsCount":"0","data":[],"performedDatetime":"2014-08-19T19:04:31Z","authStatus":"0","accessDateEnd":""}
=====

select s.id, s.comp_id, s.title, s.quant, s.unit_id, s.comments, s.city from
		sklad_tovar s where visible=1 and (title like 'Ввг-нг-ls%' or title like '% Ввг-нг-ls%' or title like '%Ввг(A)-нг(A)-ls%' or title like '%Ввг(А)-нг(А)-ls%') order by  s.title LIMIT 0, 20
q2: select count(id) from sklad_tovar s where visible=1 and (title like 'Ввг-нг-ls%' or title like '% Ввг-нг-ls%' or title like '%Ввг(A)-нг(A)-ls%' or title like '%Ввг(А)-нг(А)-ls%')
 auth: 100 
=====
Query:
performedDatetime: 2014-08-19 19:04:39  0000
action: get_goods_data
sklad_user: Гость
appleId: 932ED99F-8826-45BE-9807-995FF3D5C5A4
sklad_hash: faa915306113b06d90c6f1df403d1a5e
searchTerm: Ввг
resultsFrom: 0
sort: 0
cityFilter: 

=====
Response:
{"action":"get_goods_data","searchTerm":"\u0412\u0432\u0433","resultsFrom":0,"sort":0,"cityFilter":"","code":0,"resultsCount":"11042","lastPage":0,"data":[{"name":"NYCWY 0,6\/1\u043a\u0412 3\u044510RE10 - \u0412\u0412\u0413\u042d 3\u044510\/10","amount":"0,246","amount_parts":"","unit":"\u043a\u043c","city":"\u0415\u043a\u0430\u0442\u0435\u0440\u0438\u043d\u0431\u0443\u0440\u0433","company_id":"6765","company_name":"\u0410\u043d\u0434\u0440\u0435\u0439 \u0415\u043a\u0430\u0442\u0435\u0440\u0438\u043d\u0431\u0443\u0440\u0433"},{"name":"\u0412\u0412\u0413 (\u041a\u0430\u0431\u0435\u043b\u044c \u0441\u0438\u043b\u043e\u0432\u043e\u0439),","amount":"5,235","amount_parts":"","unit":"\u043a\u043c","city":"\u041c\u043e\u0441\u043a\u0432\u0430","company_id":"7655","company_name":"\u041e\u041e\u041e \u042d\u043b\u0442\u0435\u043a\u043e\u043c \u0422\u041a"},{"name":"\u0412\u0412\u0413 - 2\u04452,5 1\u043a\u0432","amount":"1,105","amount_parts":"","unit":"\u043a\u043c","city":"\u041c\u043e\u0441\u043a\u0432\u0430","company_id":"15976","company_name":"\u041e\u041e\u041e \u041a\u0430\u0431\u0435\u043b\u044c\u043d\u0430\u044f \u043a\u043e\u043c\u043f\u0430\u043d\u0438\u044f \u042d\u0420\u041c\u0410\u041d\u041e"},{"name":"\u0412\u0412\u0413 - \u041f 2\u04451,5","amount":"6,4","amount_parts":"","unit":"\u043a\u043c","city":"\u041a\u043e\u043b\u044c\u0447\u0443\u0433\u0438\u043d\u043e","company_id":"4131","company_name":"\u041e\u041e\u041e \"\u041c\u0435\u0442\u041a\u0430\u0431\u0421\u043e\u044e\u0437\""},{"name":"\u0412\u0412\u0413 - \u041f 3\u04451,5","amount":"0,6","amount_parts":"","unit":"\u043a\u043c","city":"\u041a\u043e\u043b\u044c\u0447\u0443\u0433\u0438\u043d\u043e","company_id":"4131","company_name":"\u041e\u041e\u041e \"\u041c\u0435\u0442\u041a\u0430\u0431\u0421\u043e\u044e\u0437\""},{"name":"\u0412\u0412\u0413 -0,66 2\u04451,5","amount":"19,45","amount_parts":"12,13; 7,32; ","unit":"\u043a\u043c","city":"\u041d\u0438\u0436\u043d\u0438\u0439 \u041d\u043e\u0432\u0433\u043e\u0440\u043e\u0434","company_id":"22212","company_name":"\u041e\u041e\u041e \"\u042d\u043b\u0435\u043a\u0442\u0440\u043e\u0442\u0435\u0445\u043d\u0438\u0447\u0435\u0441\u043a\u0430\u044f \u043a\u043e\u043c\u043f\u0430\u043d\u0438\u044f \"\u0422\u043e\u043b\u0435\u0434\u043e\""},{"name":"\u0412\u0412\u0413 -0,66 2\u04452,5","amount":"1,981","amount_parts":"1,441; 0,54; ","unit":"\u043a\u043c","city":"\u041d\u0438\u0436\u043d\u0438\u0439 \u041d\u043e\u0432\u0433\u043e\u0440\u043e\u0434","company_id":"22212","company_name":"\u041e\u041e\u041e \"\u042d\u043b\u0435\u043a\u0442\u0440\u043e\u0442\u0435\u0445\u043d\u0438\u0447\u0435\u0441\u043a\u0430\u044f \u043a\u043e\u043c\u043f\u0430\u043d\u0438\u044f \"\u0422\u043e\u043b\u0435\u0434\u043e\""},{"name":"\u0412\u0412\u0413 -0,66 2\u04454","amount":"1,16","amount_parts":"","unit":"\u043a\u043c","city":"\u041d\u0438\u0436\u043d\u0438\u0439 \u041d\u043e\u0432\u0433\u043e\u0440\u043e\u0434","company_id":"22212","company_name":"\u041e\u041e\u041e \"\u042d\u043b\u0435\u043a\u0442\u0440\u043e\u0442\u0435\u0445\u043d\u0438\u0447\u0435\u0441\u043a\u0430\u044f \u043a\u043e\u043c\u043f\u0430\u043d\u0438\u044f \"\u0422\u043e\u043b\u0435\u0434\u043e\""},{"name":"\u0412\u0412\u0413 -0,66 2\u04456","amount":"1,405","amount_parts":"","unit":"\u043a\u043c","city":"\u041d\u0438\u0436\u043d\u0438\u0439 \u041d\u043e\u0432\u0433\u043e\u0440\u043e\u0434","company_id":"22212","company_name":"\u041e\u041e\u041e \"\u042d\u043b\u0435\u043a\u0442\u0440\u043e\u0442\u0435\u0445\u043d\u0438\u0447\u0435\u0441\u043a\u0430\u044f \u043a\u043e\u043c\u043f\u0430\u043d\u0438\u044f \"\u0422\u043e\u043b\u0435\u0434\u043e\""},{"name":"\u0412\u0412\u0413 -0,66 3\u04451,5","amount":"28,131","amount_parts":"10,327; 17,804; ","unit":"\u043a\u043c","city":"\u041d\u0438\u0436\u043d\u0438\u0439 \u041d\u043e\u0432\u0433\u043e\u0440\u043e\u0434","company_id":"22212","company_name":"\u041e\u041e\u041e \"\u042d\u043b\u0435\u043a\u0442\u0440\u043e\u0442\u0435\u0445\u043d\u0438\u0447\u0435\u0441\u043a\u0430\u044f \u043a\u043e\u043c\u043f\u0430\u043d\u0438\u044f \"\u0422\u043e\u043b\u0435\u0434\u043e\""},{"name":"\u0412\u0412\u0413 -0,66 3\u04452,5","amount":"37,458","amount_parts":"20,58; 16,878; ","unit":"\u043a\u043c","city":"\u041d\u0438\u0436\u043d\u0438\u0439 \u041d\u043e\u0432\u0433\u043e\u0440\u043e\u0434","company_id":"22212","company_name":"\u041e\u041e\u041e \"\u042d\u043b\u0435\u043a\u0442\u0440\u043e\u0442\u0435\u0445\u043d\u0438\u0447\u0435\u0441\u043a\u0430\u044f \u043a\u043e\u043c\u043f\u0430\u043d\u0438\u044f \"\u0422\u043e\u043b\u0435\u0434\u043e\""},{"name":"\u0412\u0412\u0413 -0,66 3\u04454","amount":"2,256","amount_parts":"2,208; 0,048; ","unit":"\u043a\u043c","city":"\u041d\u0438\u0436\u043d\u0438\u0439 \u041d\u043e\u0432\u0433\u043e\u0440\u043e\u0434","company_id":"22212","company_name":"\u041e\u041e\u041e \"\u042d\u043b\u0435\u043a\u0442\u0440\u043e\u0442\u0435\u0445\u043d\u0438\u0447\u0435\u0441\u043a\u0430\u044f \u043a\u043e\u043c\u043f\u0430\u043d\u0438\u044f \"\u0422\u043e\u043b\u0435\u0434\u043e\""},{"name":"\u0412\u0412\u0413 -0,66 3\u04456","amount":"14,948","amount_parts":"8,237; 6,711; ","unit":"\u043a\u043c","city":"\u041d\u0438\u0436\u043d\u0438\u0439 \u041d\u043e\u0432\u0433\u043e\u0440\u043e\u0434","company_id":"22212","company_name":"\u041e\u041e\u041e \"\u042d\u043b\u0435\u043a\u0442\u0440\u043e\u0442\u0435\u0445\u043d\u0438\u0447\u0435\u0441\u043a\u0430\u044f \u043a\u043e\u043c\u043f\u0430\u043d\u0438\u044f \"\u0422\u043e\u043b\u0435\u0434\u043e\""},{"name":"\u0412\u0412\u0413 -0,66 4\u04451,5","amount":"6,988","amount_parts":"3,629; 3,359; ","unit":"\u043a\u043c","city":"\u041d\u0438\u0436\u043d\u0438\u0439 \u041d\u043e\u0432\u0433\u043e\u0440\u043e\u0434","company_id":"22212","company_name":"\u041e\u041e\u041e \"\u042d\u043b\u0435\u043a\u0442\u0440\u043e\u0442\u0435\u0445\u043d\u0438\u0447\u0435\u0441\u043a\u0430\u044f \u043a\u043e\u043c\u043f\u0430\u043d\u0438\u044f \"\u0422\u043e\u043b\u0435\u0434\u043e\""},{"name":"\u0412\u0412\u0413 -0,66 4\u04452,5","amount":"1,56","amount_parts":"1,213; 0,347; ","unit":"\u043a\u043c","city":"\u041d\u0438\u0436\u043d\u0438\u0439 \u041d\u043e\u0432\u0433\u043e\u0440\u043e\u0434","company_id":"22212","company_name":"\u041e\u041e\u041e \"\u042d\u043b\u0435\u043a\u0442\u0440\u043e\u0442\u0435\u0445\u043d\u0438\u0447\u0435\u0441\u043a\u0430\u044f \u043a\u043e\u043c\u043f\u0430\u043d\u0438\u044f \"\u0422\u043e\u043b\u0435\u0434\u043e\""},{"name":"\u0412\u0412\u0413 -0,66 4\u04454","amount":"5,541","amount_parts":"3,501; 2,04; ","unit":"\u043a\u043c","city":"\u041d\u0438\u0436\u043d\u0438\u0439 \u041d\u043e\u0432\u0433\u043e\u0440\u043e\u0434","company_id":"22212","company_name":"\u041e\u041e\u041e \"\u042d\u043b\u0435\u043a\u0442\u0440\u043e\u0442\u0435\u0445\u043d\u0438\u0447\u0435\u0441\u043a\u0430\u044f \u043a\u043e\u043c\u043f\u0430\u043d\u0438\u044f \"\u0422\u043e\u043b\u0435\u0434\u043e\""},{"name":"\u0412\u0412\u0413 -0,66 4\u04456","amount":"5,969","amount_parts":"4,701; 1,268; ","unit":"\u043a\u043c","city":"\u041d\u0438\u0436\u043d\u0438\u0439 \u041d\u043e\u0432\u0433\u043e\u0440\u043e\u0434","company_id":"22212","company_name":"\u041e\u041e\u041e \"\u042d\u043b\u0435\u043a\u0442\u0440\u043e\u0442\u0435\u0445\u043d\u0438\u0447\u0435\u0441\u043a\u0430\u044f \u043a\u043e\u043c\u043f\u0430\u043d\u0438\u044f \"\u0422\u043e\u043b\u0435\u0434\u043e\""},{"name":"\u0412\u0412\u0413 -0,66 5\u04451,5","amount":"8,263","amount_parts":"5,215; 3,048; ","unit":"\u043a\u043c","city":"\u041d\u0438\u0436\u043d\u0438\u0439 \u041d\u043e\u0432\u0433\u043e\u0440\u043e\u0434","company_id":"22212","company_name":"\u041e\u041e\u041e \"\u042d\u043b\u0435\u043a\u0442\u0440\u043e\u0442\u0435\u0445\u043d\u0438\u0447\u0435\u0441\u043a\u0430\u044f \u043a\u043e\u043c\u043f\u0430\u043d\u0438\u044f \"\u0422\u043e\u043b\u0435\u0434\u043e\""},{"name":"\u0412\u0412\u0413 -0,66 5\u04452,5","amount":"0,8","amount_parts":"0,057; 0,743; ","unit":"\u043a\u043c","city":"\u041d\u0438\u0436\u043d\u0438\u0439 \u041d\u043e\u0432\u0433\u043e\u0440\u043e\u0434","company_id":"22212","company_name":"\u041e\u041e\u041e \"\u042d\u043b\u0435\u043a\u0442\u0440\u043e\u0442\u0435\u0445\u043d\u0438\u0447\u0435\u0441\u043a\u0430\u044f \u043a\u043e\u043c\u043f\u0430\u043d\u0438\u044f \"\u0422\u043e\u043b\u0435\u0434\u043e\""},{"name":"\u0412\u0412\u0413 -0,66 5\u04454","amount":"4,781","amount_parts":"3,576; 1,205; ","unit":"\u043a\u043c","city":"\u041d\u0438\u0436\u043d\u0438\u0439 \u041d\u043e\u0432\u0433\u043e\u0440\u043e\u0434","company_id":"22212","company_name":"\u041e\u041e\u041e \"\u042d\u043b\u0435\u043a\u0442\u0440\u043e\u0442\u0435\u0445\u043d\u0438\u0447\u0435\u0441\u043a\u0430\u044f \u043a\u043e\u043c\u043f\u0430\u043d\u0438\u044f \"\u0422\u043e\u043b\u0435\u0434\u043e\""}],"performedDatetime":"2014-08-19T19:04:39Z","authStatus":"0","accessDateEnd":""}
=====

select s.id, s.comp_id, s.title, s.quant, s.unit_id, s.comments, s.city from
		sklad_tovar s where visible=1 and (title like 'Ввг%' or title like '% Ввг%') order by  s.title LIMIT 0, 20
q2: select count(id) from sklad_tovar s where visible=1 and (title like 'Ввг%' or title like '% Ввг%')
 auth: 100 
=====
Query:
performedDatetime: 2014-08-19 19:05:08  0000
action: get_company_data
sklad_user: Гость
appleId: 932ED99F-8826-45BE-9807-995FF3D5C5A4
sklad_hash: faa915306113b06d90c6f1df403d1a5e
company_id: 22212

=====
Response:
{"action":"get_company_data","code":0,"data":{"company_id":22212,"title":"\u041e\u041e\u041e \"\u042d\u043b\u0435\u043a\u0442\u0440\u043e\u0442\u0435\u0445\u043d\u0438\u0447\u0435\u0441\u043a\u0430\u044f \u043a\u043e\u043c\u043f\u0430\u043d\u0438\u044f \"\u0422\u043e\u043b\u0435\u0434\u043e\"","city":"\u041d\u0438\u0436\u043d\u0438\u0439 \u041d\u043e\u0432\u0433\u043e\u0440\u043e\u0434","address":"\u041d.\u041d\u043e\u0432\u0433\u043e\u0440\u043e\u0434, \u0443\u043b. \u041a\u043e\u043c\u0438\u043d\u0442\u0435\u0440\u043d\u0430 , 30\u0410","phone":"9050130037","email":"andrey367182@mail.ru","url":"http:\/\/www.toledonn.ru\/","contact":"\u041a\u0443\u0441\u043a\u043e\u0432 \u0410\u043d\u0434\u0440\u0435\u0439 \u041f\u0430\u0432\u043b\u043e\u0432\u0438\u0447","goods_count":"777","last_update":"29.07.2014"},"performedDatetime":"2014-08-19T19:05:07Z","authStatus":"0","accessDateEnd":""}
=====

select distinct city from sklad_tovar where comp_id= and city!='' order by city
q2: 
 auth: 100 
=====
Query:
performedDatetime: 2014-08-19 19:05:11  0000
action: get_company_data
sklad_user: Гость
appleId: 932ED99F-8826-45BE-9807-995FF3D5C5A4
sklad_hash: faa915306113b06d90c6f1df403d1a5e
company_id: 22212

=====
Response:
{"action":"get_company_data","code":0,"data":{"company_id":22212,"title":"\u041e\u041e\u041e \"\u042d\u043b\u0435\u043a\u0442\u0440\u043e\u0442\u0435\u0445\u043d\u0438\u0447\u0435\u0441\u043a\u0430\u044f \u043a\u043e\u043c\u043f\u0430\u043d\u0438\u044f \"\u0422\u043e\u043b\u0435\u0434\u043e\"","city":"\u041d\u0438\u0436\u043d\u0438\u0439 \u041d\u043e\u0432\u0433\u043e\u0440\u043e\u0434","address":"\u041d.\u041d\u043e\u0432\u0433\u043e\u0440\u043e\u0434, \u0443\u043b. \u041a\u043e\u043c\u0438\u043d\u0442\u0435\u0440\u043d\u0430 , 30\u0410","phone":"9050130037","email":"andrey367182@mail.ru","url":"http:\/\/www.toledonn.ru\/","contact":"\u041a\u0443\u0441\u043a\u043e\u0432 \u0410\u043d\u0434\u0440\u0435\u0439 \u041f\u0430\u0432\u043b\u043e\u0432\u0438\u0447","goods_count":"777","last_update":"29.07.2014"},"performedDatetime":"2014-08-19T19:05:10Z","authStatus":"0","accessDateEnd":""}
=====

select distinct city from sklad_tovar where comp_id= and city!='' order by city
q2: 
 auth: 100 
=====
Query:
performedDatetime: 2014-08-19 19:05:20  0000
action: get_goods_data
sklad_user: Гость
appleId: 932ED99F-8826-45BE-9807-995FF3D5C5A4
sklad_hash: faa915306113b06d90c6f1df403d1a5e
searchTerm: Ввг
resultsFrom: 1
sort: 0
cityFilter: 

=====
Response:
{"action":"get_goods_data","searchTerm":"\u0412\u0432\u0433","resultsFrom":1,"sort":0,"cityFilter":"","code":0,"resultsCount":"11042","lastPage":0,"data":[{"name":"\u0412\u0412\u0413 -0,66 5\u04456","amount":"3,689","amount_parts":"1,775; 1,914; ","unit":"\u043a\u043c","city":"\u041d\u0438\u0436\u043d\u0438\u0439 \u041d\u043e\u0432\u0433\u043e\u0440\u043e\u0434","company_id":"22212","company_name":"\u041e\u041e\u041e \"\u042d\u043b\u0435\u043a\u0442\u0440\u043e\u0442\u0435\u0445\u043d\u0438\u0447\u0435\u0441\u043a\u0430\u044f \u043a\u043e\u043c\u043f\u0430\u043d\u0438\u044f \"\u0422\u043e\u043b\u0435\u0434\u043e\""},{"name":"\u0412\u0412\u0413 1x150-1 \u043a\u0412","amount":"0,56","amount_parts":"","unit":"\u043a\u043c","city":"\u041a\u0440\u0430\u0441\u043d\u043e\u0434\u0430\u0440","company_id":"4151","company_name":"\u041e\u041e\u041e \u042d\u043b\u0435\u043a\u0442\u0440\u043e\u0442\u0435\u0445\u043d\u0438\u0447\u0435\u0441\u043a\u0430\u044f \u043a\u043e\u043c\u043f\u0430\u043d\u0438\u044f"},{"name":"\u0412\u0412\u0413 1\u0445 70,0 (\u043c\u043d)","amount":"0,092","amount_parts":"","unit":"\u043a\u043c","city":"\u041c\u043e\u0441\u043a\u0432\u0430","company_id":"8585","company_name":"\u0417\u0410\u041e \u0426\u0415\u041d\u0422\u0420\u041a\u0410\u0411\u0415\u041b\u042c"},{"name":"\u0412\u0412\u0413 1\u04451,5","amount":"0,005","amount_parts":"","unit":"\u043a\u043c","city":"\u0421\u0430\u043d\u043a\u0442-\u041f\u0435\u0442\u0435\u0440\u0431\u0443\u0440\u0433","company_id":"16940","company_name":"\u041e\u041e\u041e \"\u041e\u043f\u0442\u0413\u0440\u0443\u043f\u043f\""},{"name":"\u0412\u0412\u0413 1\u04451,5","amount":"0,005","amount_parts":"","unit":"\u043a\u043c","city":"\u041c\u043e\u0441\u043a\u0432\u0430","company_id":"22412","company_name":"\u041e\u041e\u041e \u041a\u041e\u0420\u041f\u041e\u0420\u0410\u0426\u0418\u042f \u0411\u0430\u043b\u0442\u041f\u0440\u043e\u043c\u041a\u043e\u043c\u043f\u043b\u0435\u043a\u0442"},{"name":"\u0412\u0412\u0413 1\u04451,5 (\u043e\u0436)--0,66","amount":"0,2","amount_parts":"","unit":"\u043a\u043c","city":"\u041f\u0430\u0432\u043b\u043e\u0434\u0430\u0440","company_id":"7464","company_name":"\u0410\u041e \"\u041a\u0430\u0437\u044d\u043d\u0435\u0440\u0433\u043e\u043a\u0430\u0431\u0435\u043b\u044c\""},{"name":"\u0412\u0412\u0413 1\u04451,5 \u0431\u0435\u043b","amount":"0,75","amount_parts":"0,2; 0,247; 0,303; ","unit":"\u043a\u043c","city":"\u041d\u043e\u0432\u043e\u0441\u0438\u0431\u0438\u0440\u0441\u043a","company_id":"14419","company_name":"\u041e\u041e\u041e \u041a\u041e\u041c\u041f\u0410\u041d\u0418\u042f \u0417\u0410\u041f\u0421\u0418\u0411\u041a\u0410\u0411\u0415\u041b\u042c"},{"name":"\u0412\u0412\u0413 1\u04451,5 \u0431\u0435\u043b","amount":"0,75","amount_parts":"0,2; 0,247; 0,303; ","unit":"\u043a\u043c","city":"\u041d\u043e\u0432\u043e\u0441\u0438\u0431\u0438\u0440\u0441\u043a","company_id":"8749","company_name":"\u0417\u0430\u043f\u0441\u0438\u0431\u043a\u0430\u0431\u0435\u043b\u044c"},{"name":"\u0412\u0412\u0413 1\u04451,5 \u043a\u0440\u0430\u0441\u043d","amount":"0,773","amount_parts":"0,27; 0,503; ","unit":"\u043a\u043c","city":"\u041d\u043e\u0432\u043e\u0441\u0438\u0431\u0438\u0440\u0441\u043a","company_id":"14419","company_name":"\u041e\u041e\u041e \u041a\u041e\u041c\u041f\u0410\u041d\u0418\u042f \u0417\u0410\u041f\u0421\u0418\u0411\u041a\u0410\u0411\u0415\u041b\u042c"},{"name":"\u0412\u0412\u0413 1\u04451,5 \u043a\u0440\u0430\u0441\u043d","amount":"0,773","amount_parts":"0,27; 0,503; ","unit":"\u043a\u043c","city":"\u041d\u043e\u0432\u043e\u0441\u0438\u0431\u0438\u0440\u0441\u043a","company_id":"8749","company_name":"\u0417\u0430\u043f\u0441\u0438\u0431\u043a\u0430\u0431\u0435\u043b\u044c"},{"name":"\u0412\u0412\u0413 1\u04451,5 \u043e\u043a-0,66","amount":"0,1","amount_parts":"","unit":"\u043a\u043c","city":"\u041c\u0430\u0440\u0438\u0438\u043d\u0441\u043a\u0438\u0439 \u041f\u043e\u0441\u0430\u0434","company_id":"13463","company_name":"\u0417\u0410\u041e \u041c\u0430\u0440\u043f\u043e\u0441\u0430\u0434\u043a\u0430\u0431\u0435\u043b\u044c"},{"name":"\u0412\u0412\u0413 1\u04451,5 \u043e\u043a-0,66 (\u0431\u0435\u043b\u044b\u0439)","amount":"740","amount_parts":"","unit":"\u043a\u043c","city":"\u041c\u043e\u0441\u043a\u0432\u0430","company_id":"17265","company_name":"\u041e\u041e\u041e \"\u0421\u0420\u0421-\u042d\u043b\u0435\u043a\u0442\u0440\u043e\""},{"name":"\u0412\u0412\u0413 1\u04451.5","amount":"0,2","amount_parts":"","unit":"\u043a\u043c","city":"\u041a\u0440\u0430\u0441\u043d\u043e\u0434\u0430\u0440","company_id":"13148","company_name":"\u041e\u041e\u041e \u0418\u043d\u0442\u0435\u0440\u043a\u043e\u043c"},{"name":"\u0412\u0412\u0413 1\u044510","amount":"0,34","amount_parts":"","unit":"\u043a\u043c","city":"\u041c\u043e\u0441\u043a\u0432\u0430","company_id":"4864","company_name":"\u041e\u041e\u041e \u0423\u043d\u0438\u0432\u0435\u0440\u0441\u0438\u0442\u0435\u0442  \u0441\u0435\u0440\u0432\u0438\u0441"},{"name":"\u0412\u0412\u0413 1\u044510","amount":"0,07","amount_parts":"","unit":"\u043a\u043c","city":"\u041c\u043e\u0441\u043a\u0432\u0430","company_id":"22412","company_name":"\u041e\u041e\u041e \u041a\u041e\u0420\u041f\u041e\u0420\u0410\u0426\u0418\u042f \u0411\u0430\u043b\u0442\u041f\u0440\u043e\u043c\u041a\u043e\u043c\u043f\u043b\u0435\u043a\u0442"},{"name":"\u0412\u0412\u0413 1\u044510","amount":"0,451","amount_parts":"","unit":"\u043a\u043c","city":"\u041a\u0440\u0430\u0441\u043d\u043e\u044f\u0440\u0441\u043a","company_id":"8363","company_name":"\u041e\u041e\u041e \u0421\u0438\u0431\u0421\u0442\u0440\u043e\u0439\u0420\u0435\u0441\u0443\u0440\u0441 2000"},{"name":"\u0412\u0412\u0413 1\u044510","amount":"0,022","amount_parts":"","unit":"\u043a\u043c","city":"\u041f\u0435\u0440\u043c\u044c","company_id":"17640","company_name":"\u041e\u041e\u041e \"\u0415\u0432\u0440\u043e\u0441\u0442\u0440\u043e\u0439\""},{"name":"\u0412\u0412\u0413 1\u044510","amount":"0,07","amount_parts":"","unit":"\u043a\u043c","city":"\u0421\u0430\u043d\u043a\u0442-\u041f\u0435\u0442\u0435\u0440\u0431\u0443\u0440\u0433","company_id":"3660","company_name":"\u041e\u041e\u041e \u041a\u0430\u0431\u0435\u043b\u044c\u0413\u0440\u0443\u043f\u043f"},{"name":"\u0412\u0412\u0413 1\u044510","amount":"0,022","amount_parts":"","unit":"\u043a\u043c","city":"\u041f\u0435\u0440\u043c\u044c","company_id":"3601","company_name":"\u041e\u041e\u041e \"\u0422\u041c\u041a-\u042d\u041d\u0415\u0420\u0413\u041e\""},{"name":"\u0412\u0412\u0413 1\u044510","amount":"0,031","amount_parts":"","unit":"\u043a\u043c","city":"\u041f\u0435\u0440\u043c\u044c","company_id":"10969","company_name":"\u041e\u041e\u041e \u0410\u0428\u0422\u0420\u0415\u0412\u0415\u041b"}],"performedDatetime":"2014-08-19T19:05:19Z","authStatus":"0","accessDateEnd":""}
=====

select s.id, s.comp_id, s.title, s.quant, s.unit_id, s.comments, s.city from
		sklad_tovar s where visible=1 and (title like 'Ввг%' or title like '% Ввг%') order by  s.title LIMIT 20, 20
q2: select count(id) from sklad_tovar s where visible=1 and (title like 'Ввг%' or title like '% Ввг%')
 auth: 100 
=====
Query:
performedDatetime: 2014-08-19 19:05:28  0000
action: get_goods_data
sklad_user: Гость
appleId: 932ED99F-8826-45BE-9807-995FF3D5C5A4
sklad_hash: faa915306113b06d90c6f1df403d1a5e
searchTerm: Ввг
resultsFrom: 2
sort: 0
cityFilter: 

=====
Response:
{"action":"get_goods_data","searchTerm":"\u0412\u0432\u0433","resultsFrom":2,"sort":0,"cityFilter":"","code":0,"resultsCount":"11042","lastPage":0,"data":[{"name":"\u0412\u0412\u0413 1\u044510","amount":"0,132","amount_parts":"","unit":"\u043a\u043c","city":"\u041c\u043e\u0441\u043a\u0432\u0430","company_id":"8256","company_name":"\u041e\u041e\u041e \u0410\u0432\u0430\u043b\u043e\u043d-\u041a\u0430\u0431\u0435\u043b\u044c"},{"name":"\u0412\u0412\u0413 1\u044510","amount":"0,022","amount_parts":"","unit":"\u043a\u043c","city":"\u041f\u0435\u0440\u043c\u044c","company_id":"11082","company_name":"\u041e\u041e\u041e \u0421\u0442\u0440\u043e\u0439\u043a\u0430\u0431\u0435\u043b\u044c"},{"name":"\u0412\u0412\u0413 1\u044510 \u0431\u0435\u043b","amount":"0,194","amount_parts":"","unit":"\u043a\u043c","city":"\u041d\u043e\u0432\u043e\u0441\u0438\u0431\u0438\u0440\u0441\u043a","company_id":"14419","company_name":"\u041e\u041e\u041e \u041a\u041e\u041c\u041f\u0410\u041d\u0418\u042f \u0417\u0410\u041f\u0421\u0418\u0411\u041a\u0410\u0411\u0415\u041b\u042c"},{"name":"\u0412\u0412\u0413 1\u044510 \u0431\u0435\u043b","amount":"0,194","amount_parts":"","unit":"\u043a\u043c","city":"\u041d\u043e\u0432\u043e\u0441\u0438\u0431\u0438\u0440\u0441\u043a","company_id":"8749","company_name":"\u0417\u0430\u043f\u0441\u0438\u0431\u043a\u0430\u0431\u0435\u043b\u044c"},{"name":"\u0412\u0412\u0413 1\u044510(\u0431\u0435\u043b)","amount":"0,045","amount_parts":"","unit":"\u043a\u043c","city":"\u041c\u043e\u0441\u043a\u0432\u0430","company_id":"6306","company_name":"\u0417\u0410\u041e \"\u041a\u0430\u0431\u0435\u043b\u044c\u0441\u043d\u0430\u0431\""},{"name":"\u0412\u0412\u0413 1\u044510,0 \u0427","amount":"0,2","amount_parts":"","unit":"\u043a\u043c","city":"\u041c\u0430\u0440\u0438\u0438\u043d\u0441\u043a\u0438\u0439 \u041f\u043e\u0441\u0430\u0434","company_id":"13463","company_name":"\u0417\u0410\u041e \u041c\u0430\u0440\u043f\u043e\u0441\u0430\u0434\u043a\u0430\u0431\u0435\u043b\u044c"},{"name":"\u0412\u0412\u0413 1\u0445120","amount":"0,025","amount_parts":"","unit":"\u043a\u043c","city":"\u0420\u0435\u0443\u0442\u043e\u0432","company_id":"372","company_name":"\u041f\u0420\u0415\u0421\u0421\u041a\u041e"},{"name":"\u0412\u0412\u0413 1\u0445150","amount":"0,096","amount_parts":"","unit":"\u043a\u043c","city":"\u0415\u043a\u0430\u0442\u0435\u0440\u0438\u043d\u0431\u0443\u0440\u0433","company_id":"6765","company_name":"\u0410\u043d\u0434\u0440\u0435\u0439 \u0415\u043a\u0430\u0442\u0435\u0440\u0438\u043d\u0431\u0443\u0440\u0433"},{"name":"\u0412\u0412\u0413 1\u0445150","amount":"0,241","amount_parts":"","unit":"\u043a\u043c","city":"\u041f\u0435\u0440\u043c\u044c","company_id":"17640","company_name":"\u041e\u041e\u041e \"\u0415\u0432\u0440\u043e\u0441\u0442\u0440\u043e\u0439\""},{"name":"\u0412\u0412\u0413 1\u0445150","amount":"0,241","amount_parts":"","unit":"\u043a\u043c","city":"\u041f\u0435\u0440\u043c\u044c","company_id":"3601","company_name":"\u041e\u041e\u041e \"\u0422\u041c\u041a-\u042d\u041d\u0415\u0420\u0413\u041e\""},{"name":"\u0412\u0412\u0413 1\u0445150","amount":"0,239","amount_parts":"","unit":"\u043a\u043c","city":"\u041f\u0435\u0440\u043c\u044c","company_id":"10969","company_name":"\u041e\u041e\u041e \u0410\u0428\u0422\u0420\u0415\u0412\u0415\u041b"},{"name":"\u0412\u0412\u0413 1\u0445150","amount":"0,096","amount_parts":"","unit":"\u043a\u043c","city":"\u0415\u043a\u0430\u0442\u0435\u0440\u0438\u043d\u0431\u0443\u0440\u0433","company_id":"8500","company_name":"\u041e\u041e\u041e \u041c\u0435\u0436\u0440\u0435\u0433\u0438\u043e\u043d\u0430\u043b\u044c\u043d\u0430\u044f \u043a\u0430\u0431\u0435\u043b\u044c\u043d\u0430\u044f \u043a\u043e\u043c\u043f\u0430\u043d\u0438\u044f"},{"name":"\u0412\u0412\u0413 1\u0445150","amount":"0,381","amount_parts":"0.14; 0.241; ","unit":"\u043a\u043c","city":"\u041f\u0435\u0440\u043c\u044c","company_id":"11082","company_name":"\u041e\u041e\u041e \u0421\u0442\u0440\u043e\u0439\u043a\u0430\u0431\u0435\u043b\u044c"},{"name":"\u0412\u0412\u0413 1\u044516","amount":"0,198","amount_parts":"","unit":"\u043a\u043c","city":"\u041c\u043e\u0441\u043a\u0432\u0430","company_id":"22412","company_name":"\u041e\u041e\u041e \u041a\u041e\u0420\u041f\u041e\u0420\u0410\u0426\u0418\u042f \u0411\u0430\u043b\u0442\u041f\u0440\u043e\u043c\u041a\u043e\u043c\u043f\u043b\u0435\u043a\u0442"},{"name":"\u0412\u0412\u0413 1\u044516","amount":"0,21","amount_parts":"","unit":"\u043a\u043c","city":"\u041c\u043e\u0441\u043a\u0432\u0430","company_id":"7574","company_name":"\u041e\u041e\u041e \u042d\u043d\u0435\u0440\u0433\u043e\u043a\u0430\u0431\u0435\u043b\u044c\u043c\u043e\u043d\u0442\u0430\u0436"},{"name":"\u0412\u0412\u0413 1\u044516","amount":"0,198","amount_parts":"","unit":"\u043a\u043c","city":"\u0421\u0430\u043d\u043a\u0442-\u041f\u0435\u0442\u0435\u0440\u0431\u0443\u0440\u0433","company_id":"3660","company_name":"\u041e\u041e\u041e \u041a\u0430\u0431\u0435\u043b\u044c\u0413\u0440\u0443\u043f\u043f"},{"name":"\u0412\u0412\u0413 1\u044516","amount":"0,092","amount_parts":"","unit":"\u043a\u043c","city":"\u0420\u0435\u0443\u0442\u043e\u0432","company_id":"372","company_name":"\u041f\u0420\u0415\u0421\u0421\u041a\u041e"},{"name":"\u0412\u0412\u0413 1\u044516","amount":"0,071","amount_parts":"","unit":"\u043a\u043c","city":"\u041c\u043e\u0441\u043a\u0432\u0430","company_id":"310","company_name":"\u0411\u043e\u043b\u044c\u0448\u043e\u0439 \u0423\u0440\u0430\u043b"},{"name":"\u0412\u0412\u0413 1\u044516 \u041e\u0416","amount":"0,067","amount_parts":"","unit":"\u043a\u043c","city":"\u041a\u0440\u0430\u0441\u043d\u043e\u0434\u0430\u0440","company_id":"13148","company_name":"\u041e\u041e\u041e \u0418\u043d\u0442\u0435\u0440\u043a\u043e\u043c"},{"name":"\u0412\u0412\u0413 1\u042516\u043e\u043a \u043a\u043e\u0440-0,66","amount":"0,275","amount_parts":"","unit":"\u043a\u043c","city":"\u041b\u044e\u0434\u0438\u043d\u043e\u0432\u043e","company_id":"18613","company_name":"\u041b\u044e\u0434\u0438\u043d\u043e\u0432\u043e\u043a\u0430\u0431\u0435\u043b\u044c, \u0417\u0410\u041e \u00ab\u0410\u0442\u043e\u043b\u043b\u00bb"}],"performedDatetime":"2014-08-19T19:05:27Z","authStatus":"0","accessDateEnd":""}
=====

select s.id, s.comp_id, s.title, s.quant, s.unit_id, s.comments, s.city from
		sklad_tovar s where visible=1 and (title like 'Ввг%' or title like '% Ввг%') order by  s.title LIMIT 40, 20
q2: select count(id) from sklad_tovar s where visible=1 and (title like 'Ввг%' or title like '% Ввг%')
 auth: 100 
=====
Query:
performedDatetime: 2014-08-19 19:05:31  0000
action: get_goods_data
sklad_user: Гость
appleId: 932ED99F-8826-45BE-9807-995FF3D5C5A4
sklad_hash: faa915306113b06d90c6f1df403d1a5e
searchTerm: Ввг
resultsFrom: 3
sort: 0
cityFilter: 

=====
Response:
{"action":"get_goods_data","searchTerm":"\u0412\u0432\u0433","resultsFrom":3,"sort":0,"cityFilter":"","code":0,"resultsCount":"11042","lastPage":0,"data":[{"name":"\u0412\u0412\u0413 1\u0445185(\u0431\u0435\u043b)","amount":"0,115","amount_parts":"","unit":"\u043a\u043c","city":"\u041c\u043e\u0441\u043a\u0432\u0430","company_id":"6306","company_name":"\u0417\u0410\u041e \"\u041a\u0430\u0431\u0435\u043b\u044c\u0441\u043d\u0430\u0431\""},{"name":"\u0412\u0412\u0413 1\u0425185\u043c\u043a \u0431\u0435\u043b-1","amount":"0,44","amount_parts":"","unit":"\u043a\u043c","city":"\u041b\u044e\u0434\u0438\u043d\u043e\u0432\u043e","company_id":"18613","company_name":"\u041b\u044e\u0434\u0438\u043d\u043e\u0432\u043e\u043a\u0430\u0431\u0435\u043b\u044c, \u0417\u0410\u041e \u00ab\u0410\u0442\u043e\u043b\u043b\u00bb"},{"name":"\u0412\u0412\u0413 1\u04452,5","amount":"0,025","amount_parts":"","unit":"\u043a\u043c","city":"\u0421\u0430\u043d\u043a\u0442-\u041f\u0435\u0442\u0435\u0440\u0431\u0443\u0440\u0433","company_id":"16940","company_name":"\u041e\u041e\u041e \"\u041e\u043f\u0442\u0413\u0440\u0443\u043f\u043f\""},{"name":"\u0412\u0412\u0413 1\u04452,5","amount":"0,025","amount_parts":"","unit":"\u043a\u043c","city":"\u041c\u043e\u0441\u043a\u0432\u0430","company_id":"22412","company_name":"\u041e\u041e\u041e \u041a\u041e\u0420\u041f\u041e\u0420\u0410\u0426\u0418\u042f \u0411\u0430\u043b\u0442\u041f\u0440\u043e\u043c\u041a\u043e\u043c\u043f\u043b\u0435\u043a\u0442"},{"name":"\u0412\u0412\u0413 1\u04452,5","amount":"0,187","amount_parts":"","unit":"\u043a\u043c","city":"\u041c\u043e\u0441\u043a\u0432\u0430","company_id":"7923","company_name":"\u0417\u0410\u041e \u041e\u0412\u041b-\u042d\u043d\u0435\u0440\u0433\u043e"},{"name":"\u0412\u0412\u0413 1\u04452,5 \u0431\u0435\u043b","amount":"0,32","amount_parts":"0,13; 0,19; ","unit":"\u043a\u043c","city":"\u041d\u043e\u0432\u043e\u0441\u0438\u0431\u0438\u0440\u0441\u043a","company_id":"14419","company_name":"\u041e\u041e\u041e \u041a\u041e\u041c\u041f\u0410\u041d\u0418\u042f \u0417\u0410\u041f\u0421\u0418\u0411\u041a\u0410\u0411\u0415\u041b\u042c"},{"name":"\u0412\u0412\u0413 1\u04452,5 \u0431\u0435\u043b","amount":"0,32","amount_parts":"0,13; 0,19; ","unit":"\u043a\u043c","city":"\u041d\u043e\u0432\u043e\u0441\u0438\u0431\u0438\u0440\u0441\u043a","company_id":"8749","company_name":"\u0417\u0430\u043f\u0441\u0438\u0431\u043a\u0430\u0431\u0435\u043b\u044c"},{"name":"\u0412\u0412\u0413 1\u04452,5(\u043e\u0436)-0,66 \u0413\u041e\u0421\u0422 16442-80","amount":"2,875","amount_parts":"","unit":"\u043a\u043c","city":"\u0422\u043e\u043c\u0441\u043a","company_id":"22088","company_name":"\u0425\u043e\u043b\u0434\u0438\u043d\u0433 \u041a\u0430\u0431\u0435\u043b\u044c\u043d\u044b\u0439 \u0410\u043b\u044c\u044f\u043d\u0441"},{"name":"\u0432\u0432\u0433 1\u044525","amount":"405","amount_parts":"","unit":"\u043a\u043c","city":"\u041d\u043e\u0432\u043e\u0441\u0438\u0431\u0438\u0440\u0441\u043a","company_id":"11170","company_name":"\u041e\u041e\u041e \u0422\u0421\u041b"},{"name":"\u0412\u0412\u0413 1\u044535","amount":"0,355","amount_parts":"","unit":"\u043a\u043c","city":"\u041f\u0435\u0440\u043c\u044c","company_id":"17570","company_name":"\u041e\u041e\u041e \u042d\u043b\u0435\u043a\u0442\u0440\u043e\u0422\u0435\u0445\u041a\u0430\u0431\u0435\u043b\u044c"},{"name":"\u0412\u0412\u0413 1\u044535","amount":"0,023","amount_parts":"0,016; 0,007; ","unit":"\u043a\u043c","city":"\u041a\u0440\u0430\u0441\u043d\u043e\u0434\u0430\u0440","company_id":"13148","company_name":"\u041e\u041e\u041e \u0418\u043d\u0442\u0435\u0440\u043a\u043e\u043c"},{"name":"\u0412\u0412\u0413 1\u044535","amount":"0,075","amount_parts":"","unit":"\u043a\u043c","city":"\u0420\u0435\u0443\u0442\u043e\u0432","company_id":"372","company_name":"\u041f\u0420\u0415\u0421\u0421\u041a\u041e"},{"name":"\u0412\u0412\u0413 1\u044535","amount":"0,245","amount_parts":"","unit":"\u043a\u043c","city":"\u041c\u043e\u0441\u043a\u0432\u0430","company_id":"8256","company_name":"\u041e\u041e\u041e \u0410\u0432\u0430\u043b\u043e\u043d-\u041a\u0430\u0431\u0435\u043b\u044c"},{"name":"\u0412\u0412\u0413 1\u044535(\u043e\u0436) 0,66 \u043a\u0412","amount":"0,14","amount_parts":"","unit":"\u043a\u043c","city":"\u041c\u043e\u0441\u043a\u0432\u0430","company_id":"8168","company_name":"\u041e\u041e\u041e \u00ab\u0422\u0435\u0445\u043d\u043e\u043a\u0430\u0431\u0435\u043b\u044c \u041c\u00bb \u041c\u043e\u0441\u043a\u0432\u0430"},{"name":"\u0412\u0412\u0413 1\u044535-1","amount":"0,14","amount_parts":"","unit":"\u043a\u043c","city":"\u0420\u043e\u0441\u0442\u043e\u0432-\u043d\u0430-\u0414\u043e\u043d\u0443","company_id":"16095","company_name":"\u043e\u043e\u043e \u0421\u0435\u0432\u043a\u0430\u0432\u043a\u0430\u0431\u0435\u043b\u044c"},{"name":"\u0412\u0412\u0413 1\u04454","amount":"0,2","amount_parts":"","unit":"\u043a\u043c","city":"\u041a\u0440\u0430\u0441\u043d\u043e\u044f\u0440\u0441\u043a","company_id":"8363","company_name":"\u041e\u041e\u041e \u0421\u0438\u0431\u0421\u0442\u0440\u043e\u0439\u0420\u0435\u0441\u0443\u0440\u0441 2000"},{"name":"\u0412\u0412\u0413 1\u04454","amount":"1,02","amount_parts":"","unit":"\u043a\u043c","city":"\u041f\u0435\u0440\u043c\u044c","company_id":"17640","company_name":"\u041e\u041e\u041e \"\u0415\u0432\u0440\u043e\u0441\u0442\u0440\u043e\u0439\""},{"name":"\u0412\u0412\u0413 1\u04454","amount":"0,94","amount_parts":"","unit":"\u043a\u043c","city":"\u041f\u0435\u0440\u043c\u044c","company_id":"3601","company_name":"\u041e\u041e\u041e \"\u0422\u041c\u041a-\u042d\u041d\u0415\u0420\u0413\u041e\""},{"name":"\u0412\u0412\u0413 1\u04454","amount":"1,008","amount_parts":"","unit":"\u043a\u043c","city":"\u041f\u0435\u0440\u043c\u044c","company_id":"10969","company_name":"\u041e\u041e\u041e \u0410\u0428\u0422\u0420\u0415\u0412\u0415\u041b"},{"name":"\u0412\u0412\u0413 1\u04454","amount":"0,94","amount_parts":"","unit":"\u043a\u043c","city":"\u041f\u0435\u0440\u043c\u044c","company_id":"11082","company_name":"\u041e\u041e\u041e \u0421\u0442\u0440\u043e\u0439\u043a\u0430\u0431\u0435\u043b\u044c"}],"performedDatetime":"2014-08-19T19:05:30Z","authStatus":"0","accessDateEnd":""}
=====

select s.id, s.comp_id, s.title, s.quant, s.unit_id, s.comments, s.city from
		sklad_tovar s where visible=1 and (title like 'Ввг%' or title like '% Ввг%') order by  s.title LIMIT 60, 20
q2: select count(id) from sklad_tovar s where visible=1 and (title like 'Ввг%' or title like '% Ввг%')
 auth: 100 
=====
Query:
performedDatetime: 2014-08-19 19:05:54  0000
action: get_company_data
sklad_user: Гость
appleId: 932ED99F-8826-45BE-9807-995FF3D5C5A4
sklad_hash: faa915306113b06d90c6f1df403d1a5e
company_id: 22212

=====
Response:
{"action":"get_company_data","code":0,"data":{"company_id":22212,"title":"\u041e\u041e\u041e \"\u042d\u043b\u0435\u043a\u0442\u0440\u043e\u0442\u0435\u0445\u043d\u0438\u0447\u0435\u0441\u043a\u0430\u044f \u043a\u043e\u043c\u043f\u0430\u043d\u0438\u044f \"\u0422\u043e\u043b\u0435\u0434\u043e\"","city":"\u041d\u0438\u0436\u043d\u0438\u0439 \u041d\u043e\u0432\u0433\u043e\u0440\u043e\u0434","address":"\u041d.\u041d\u043e\u0432\u0433\u043e\u0440\u043e\u0434, \u0443\u043b. \u041a\u043e\u043c\u0438\u043d\u0442\u0435\u0440\u043d\u0430 , 30\u0410","phone":"9050130037","email":"andrey367182@mail.ru","url":"http:\/\/www.toledonn.ru\/","contact":"\u041a\u0443\u0441\u043a\u043e\u0432 \u0410\u043d\u0434\u0440\u0435\u0439 \u041f\u0430\u0432\u043b\u043e\u0432\u0438\u0447","goods_count":"777","last_update":"29.07.2014"},"performedDatetime":"2014-08-19T19:05:53Z","authStatus":"0","accessDateEnd":""}
=====

select distinct city from sklad_tovar where comp_id= and city!='' order by city
q2: 
 auth: 100 
=====
Query:
performedDatetime: 2014-08-19 19:06:18  0000
action: get_city_list

=====
Response:
{"action":"get_city_list","code":0,"data":["\u0410\u0440\u0445\u0430\u043d\u0433\u0435\u043b\u044c\u0441\u043a","\u0410\u0441\u0442\u0430\u043d\u0430","\u0412\u043e\u043b\u0433\u043e\u0433\u0440\u0430\u0434","\u0412\u043e\u043b\u043e\u0433\u0434\u0430","\u0412\u043e\u0440\u043e\u043d\u0435\u0436","\u0412\u043e\u0441\u043a\u0440\u0435\u0441\u0435\u043d\u0441\u043a","\u0433. \u041a\u0438\u0440\u043e\u0432","\u0415\u043a\u0430\u0442\u0435\u0440\u0438\u043d\u0431\u0443\u0440\u0433","\u0418\u0432\u0430\u043d\u043e\u0432\u043e","\u041a\u0430\u0437\u0430\u043d\u044c","\u041a\u0430\u043b\u0438\u043d\u0438\u043d\u0433\u0440\u0430\u0434","\u041a\u0438\u0440\u043e\u0432","\u041a\u043e\u043b\u044c\u0447\u0443\u0433\u0438\u043d\u043e","\u041a\u0440\u0430\u0441\u043d\u043e\u0434\u0430\u0440","\u041a\u0440\u0430\u0441\u043d\u043e\u044f\u0440\u0441\u043a","\u041a\u0443\u0440\u0441\u043a","\u041b\u0438\u043f\u0435\u0446\u043a","\u041b\u044b\u0441\u044c\u0432\u0430","\u041b\u044e\u0431\u0435\u0440\u0446\u044b","\u041b\u044e\u0434\u0438\u043d\u043e\u0432\u043e","\u041c\u0430\u0440\u0438\u0438\u043d\u0441\u043a\u0438\u0439 \u041f\u043e\u0441\u0430\u0434","\u041c\u043e\u0441\u043a\u0432\u0430","\u041c\u043e\u0441\u043a\u043e\u0432\u0441\u043a\u0430\u044f \u043e\u0431\u043b., \u0433. \u0425\u0438\u043c\u043a\u0438","\u041d\u0430\u0445\u0430\u0431\u0438\u043d\u043e","\u041d\u0438\u0436\u043d\u0438\u0439 \u041d\u043e\u0432\u0433\u043e\u0440\u043e\u0434","\u041d\u043e\u0432\u043e\u043c\u043e\u0441\u043a\u043e\u0432\u0441\u043a","\u041d\u043e\u0432\u043e\u0441\u0438\u0431\u0438\u0440\u0441\u043a","\u041d\u043e\u0433\u0438\u043d\u0441\u043a","\u041e\u043c\u0441\u043a","\u041f\u0430\u0432\u043b\u043e\u0434\u0430\u0440","\u041f\u0435\u0440\u043c\u044c","\u0420\u0435\u0443\u0442\u043e\u0432","\u0420\u043e\u0441\u0442\u043e\u0432","\u0420\u043e\u0441\u0442\u043e\u0432-\u043d\u0430-\u0414\u043e\u043d\u0443","\u0421\u0430\u043c\u0430\u0440\u0430","\u0421\u0430\u043d\u043a\u0442-\u041f\u0435\u0442\u0435\u0440\u0431\u0443\u0440\u0433","\u0421\u0430\u0440\u0430\u043d\u0441\u043a","\u0422\u0432\u0435\u0440\u044c","\u0422\u043e\u043c\u0441\u043a","\u0423\u0444\u0430","\u0425\u0430\u0431\u0430\u0440\u043e\u0432\u0441\u043a","\u0427\u0435\u0431\u043e\u043a\u0441\u0430\u0440\u044b","\u0427\u0435\u043b\u044f\u0431\u0438\u043d\u0441\u043a","\u042f\u0440\u043e\u0441\u043b\u0430\u0432\u043b\u044c"],"performedDatetime":"2014-08-19T19:06:17Z","authStatus":"10"}
=====

select distinct city from sklad_tovar where city != '' order by city
q2: 
 auth: 0 
=====
Query:
performedDatetime: 2014-08-19 19:06:25  0000
action: get_goods_data
sklad_user: Гость
appleId: 932ED99F-8826-45BE-9807-995FF3D5C5A4
sklad_hash: faa915306113b06d90c6f1df403d1a5e
searchTerm: Ввг
resultsFrom: 0
sort: 0
cityFilter: Москва

=====
Response:
{"action":"get_goods_data","searchTerm":"\u0412\u0432\u0433","resultsFrom":0,"sort":0,"cityFilter":"\u041c\u043e\u0441\u043a\u0432\u0430","code":0,"resultsCount":"2600","lastPage":0,"data":[{"name":"\u0412\u0412\u0413 (\u041a\u0430\u0431\u0435\u043b\u044c \u0441\u0438\u043b\u043e\u0432\u043e\u0439),","amount":"5,235","amount_parts":"","unit":"\u043a\u043c","city":"\u041c\u043e\u0441\u043a\u0432\u0430","company_id":"7655","company_name":"\u041e\u041e\u041e \u042d\u043b\u0442\u0435\u043a\u043e\u043c \u0422\u041a"},{"name":"\u0412\u0412\u0413 - 2\u04452,5 1\u043a\u0432","amount":"1,105","amount_parts":"","unit":"\u043a\u043c","city":"\u041c\u043e\u0441\u043a\u0432\u0430","company_id":"15976","company_name":"\u041e\u041e\u041e \u041a\u0430\u0431\u0435\u043b\u044c\u043d\u0430\u044f \u043a\u043e\u043c\u043f\u0430\u043d\u0438\u044f \u042d\u0420\u041c\u0410\u041d\u041e"},{"name":"\u0412\u0412\u0413 1\u0445 70,0 (\u043c\u043d)","amount":"0,092","amount_parts":"","unit":"\u043a\u043c","city":"\u041c\u043e\u0441\u043a\u0432\u0430","company_id":"8585","company_name":"\u0417\u0410\u041e \u0426\u0415\u041d\u0422\u0420\u041a\u0410\u0411\u0415\u041b\u042c"},{"name":"\u0412\u0412\u0413 1\u04451,5","amount":"0,005","amount_parts":"","unit":"\u043a\u043c","city":"\u041c\u043e\u0441\u043a\u0432\u0430","company_id":"22412","company_name":"\u041e\u041e\u041e \u041a\u041e\u0420\u041f\u041e\u0420\u0410\u0426\u0418\u042f \u0411\u0430\u043b\u0442\u041f\u0440\u043e\u043c\u041a\u043e\u043c\u043f\u043b\u0435\u043a\u0442"},{"name":"\u0412\u0412\u0413 1\u04451,5 \u043e\u043a-0,66 (\u0431\u0435\u043b\u044b\u0439)","amount":"740","amount_parts":"","unit":"\u043a\u043c","city":"\u041c\u043e\u0441\u043a\u0432\u0430","company_id":"17265","company_name":"\u041e\u041e\u041e \"\u0421\u0420\u0421-\u042d\u043b\u0435\u043a\u0442\u0440\u043e\""},{"name":"\u0412\u0412\u0413 1\u044510","amount":"0,34","amount_parts":"","unit":"\u043a\u043c","city":"\u041c\u043e\u0441\u043a\u0432\u0430","company_id":"4864","company_name":"\u041e\u041e\u041e \u0423\u043d\u0438\u0432\u0435\u0440\u0441\u0438\u0442\u0435\u0442  \u0441\u0435\u0440\u0432\u0438\u0441"},{"name":"\u0412\u0412\u0413 1\u044510","amount":"0,07","amount_parts":"","unit":"\u043a\u043c","city":"\u041c\u043e\u0441\u043a\u0432\u0430","company_id":"22412","company_name":"\u041e\u041e\u041e \u041a\u041e\u0420\u041f\u041e\u0420\u0410\u0426\u0418\u042f \u0411\u0430\u043b\u0442\u041f\u0440\u043e\u043c\u041a\u043e\u043c\u043f\u043b\u0435\u043a\u0442"},{"name":"\u0412\u0412\u0413 1\u044510","amount":"0,132","amount_parts":"","unit":"\u043a\u043c","city":"\u041c\u043e\u0441\u043a\u0432\u0430","company_id":"8256","company_name":"\u041e\u041e\u041e \u0410\u0432\u0430\u043b\u043e\u043d-\u041a\u0430\u0431\u0435\u043b\u044c"},{"name":"\u0412\u0412\u0413 1\u044510(\u0431\u0435\u043b)","amount":"0,045","amount_parts":"","unit":"\u043a\u043c","city":"\u041c\u043e\u0441\u043a\u0432\u0430","company_id":"6306","company_name":"\u0417\u0410\u041e \"\u041a\u0430\u0431\u0435\u043b\u044c\u0441\u043d\u0430\u0431\""},{"name":"\u0412\u0412\u0413 1\u044516","amount":"0,198","amount_parts":"","unit":"\u043a\u043c","city":"\u041c\u043e\u0441\u043a\u0432\u0430","company_id":"22412","company_name":"\u041e\u041e\u041e \u041a\u041e\u0420\u041f\u041e\u0420\u0410\u0426\u0418\u042f \u0411\u0430\u043b\u0442\u041f\u0440\u043e\u043c\u041a\u043e\u043c\u043f\u043b\u0435\u043a\u0442"},{"name":"\u0412\u0412\u0413 1\u044516","amount":"0,21","amount_parts":"","unit":"\u043a\u043c","city":"\u041c\u043e\u0441\u043a\u0432\u0430","company_id":"7574","company_name":"\u041e\u041e\u041e \u042d\u043d\u0435\u0440\u0433\u043e\u043a\u0430\u0431\u0435\u043b\u044c\u043c\u043e\u043d\u0442\u0430\u0436"},{"name":"\u0412\u0412\u0413 1\u044516","amount":"0,071","amount_parts":"","unit":"\u043a\u043c","city":"\u041c\u043e\u0441\u043a\u0432\u0430","company_id":"310","company_name":"\u0411\u043e\u043b\u044c\u0448\u043e\u0439 \u0423\u0440\u0430\u043b"},{"name":"\u0412\u0412\u0413 1\u0445185(\u0431\u0435\u043b)","amount":"0,115","amount_parts":"","unit":"\u043a\u043c","city":"\u041c\u043e\u0441\u043a\u0432\u0430","company_id":"6306","company_name":"\u0417\u0410\u041e \"\u041a\u0430\u0431\u0435\u043b\u044c\u0441\u043d\u0430\u0431\""},{"name":"\u0412\u0412\u0413 1\u04452,5","amount":"0,025","amount_parts":"","unit":"\u043a\u043c","city":"\u041c\u043e\u0441\u043a\u0432\u0430","company_id":"22412","company_name":"\u041e\u041e\u041e \u041a\u041e\u0420\u041f\u041e\u0420\u0410\u0426\u0418\u042f \u0411\u0430\u043b\u0442\u041f\u0440\u043e\u043c\u041a\u043e\u043c\u043f\u043b\u0435\u043a\u0442"},{"name":"\u0412\u0412\u0413 1\u04452,5","amount":"0,187","amount_parts":"","unit":"\u043a\u043c","city":"\u041c\u043e\u0441\u043a\u0432\u0430","company_id":"7923","company_name":"\u0417\u0410\u041e \u041e\u0412\u041b-\u042d\u043d\u0435\u0440\u0433\u043e"},{"name":"\u0412\u0412\u0413 1\u044535","amount":"0,245","amount_parts":"","unit":"\u043a\u043c","city":"\u041c\u043e\u0441\u043a\u0432\u0430","company_id":"8256","company_name":"\u041e\u041e\u041e \u0410\u0432\u0430\u043b\u043e\u043d-\u041a\u0430\u0431\u0435\u043b\u044c"},{"name":"\u0412\u0412\u0413 1\u044535(\u043e\u0436) 0,66 \u043a\u0412","amount":"0,14","amount_parts":"","unit":"\u043a\u043c","city":"\u041c\u043e\u0441\u043a\u0432\u0430","company_id":"8168","company_name":"\u041e\u041e\u041e \u00ab\u0422\u0435\u0445\u043d\u043e\u043a\u0430\u0431\u0435\u043b\u044c \u041c\u00bb \u041c\u043e\u0441\u043a\u0432\u0430"},{"name":"\u0412\u0412\u0413 1\u044550","amount":"0,13","amount_parts":"","unit":"\u043a\u043c","city":"\u041c\u043e\u0441\u043a\u0432\u0430","company_id":"15976","company_name":"\u041e\u041e\u041e \u041a\u0430\u0431\u0435\u043b\u044c\u043d\u0430\u044f \u043a\u043e\u043c\u043f\u0430\u043d\u0438\u044f \u042d\u0420\u041c\u0410\u041d\u041e"},{"name":"\u0412\u0412\u0413 1\u044550","amount":"1,355","amount_parts":"","unit":"\u043a\u043c","city":"\u041c\u043e\u0441\u043a\u0432\u0430","company_id":"7923","company_name":"\u0417\u0410\u041e \u041e\u0412\u041b-\u042d\u043d\u0435\u0440\u0433\u043e"},{"name":"\u0412\u0412\u0413 1\u04456","amount":"0,067","amount_parts":"","unit":"\u043a\u043c","city":"\u041c\u043e\u0441\u043a\u0432\u0430","company_id":"22412","company_name":"\u041e\u041e\u041e \u041a\u041e\u0420\u041f\u041e\u0420\u0410\u0426\u0418\u042f \u0411\u0430\u043b\u0442\u041f\u0440\u043e\u043c\u041a\u043e\u043c\u043f\u043b\u0435\u043a\u0442"}],"performedDatetime":"2014-08-19T19:06:24Z","authStatus":"0","accessDateEnd":""}
=====

select s.id, s.comp_id, s.title, s.quant, s.unit_id, s.comments, s.city from
		sklad_tovar s where city='Москва' and s.visible=1 and (title like 'Ввг%' or title like '% Ввг%') order by  s.title LIMIT 0, 20
q2: select count(s.id) from sklad_tovar s where city='Москва' and s.visible=1 and (title like 'Ввг%' or title like '% Ввг%')
 auth: 100 
=====
Query:
performedDatetime: 2014-08-19 19:06:27  0000
action: get_goods_data
sklad_user: Гость
appleId: 932ED99F-8826-45BE-9807-995FF3D5C5A4
sklad_hash: faa915306113b06d90c6f1df403d1a5e
searchTerm: Ввг
resultsFrom: 1
sort: 0
cityFilter: Москва

=====
Response:
{"action":"get_goods_data","searchTerm":"\u0412\u0432\u0433","resultsFrom":1,"sort":0,"cityFilter":"\u041c\u043e\u0441\u043a\u0432\u0430","code":0,"resultsCount":"2600","lastPage":0,"data":[{"name":"\u0412\u0412\u0413 1\u04456 0,66 \u043a\u0412","amount":"0,151","amount_parts":"","unit":"\u043a\u043c","city":"\u041c\u043e\u0441\u043a\u0432\u0430","company_id":"8168","company_name":"\u041e\u041e\u041e \u00ab\u0422\u0435\u0445\u043d\u043e\u043a\u0430\u0431\u0435\u043b\u044c \u041c\u00bb \u041c\u043e\u0441\u043a\u0432\u0430"},{"name":"\u0412\u0412\u0413 1\u04456,0","amount":"2,26","amount_parts":"","unit":"\u043a\u043c","city":"\u041c\u043e\u0441\u043a\u0432\u0430","company_id":"7923","company_name":"\u0417\u0410\u041e \u041e\u0412\u041b-\u042d\u043d\u0435\u0440\u0433\u043e"},{"name":"\u0412\u0412\u0413 1\u04456,0 \u0411","amount":"0,662","amount_parts":"","unit":"\u043a\u043c","city":"\u041c\u043e\u0441\u043a\u0432\u0430","company_id":"4225","company_name":"\u041e\u041e\u041e \u0422\u043e\u0440\u0433\u043e\u0432\u044b\u0439 \u0414\u043e\u043c  \u0412\u041e\u041a\u0417"},{"name":"\u0412\u0412\u0413 1\u044570 1 \u043a\u0412","amount":"0,174","amount_parts":"","unit":"\u043a\u043c","city":"\u041c\u043e\u0441\u043a\u0432\u0430","company_id":"8168","company_name":"\u041e\u041e\u041e \u00ab\u0422\u0435\u0445\u043d\u043e\u043a\u0430\u0431\u0435\u043b\u044c \u041c\u00bb \u041c\u043e\u0441\u043a\u0432\u0430"},{"name":"\u0412\u0412\u0413 1\u044595","amount":"0,002","amount_parts":"","unit":"\u043a\u043c","city":"\u041c\u043e\u0441\u043a\u0432\u0430","company_id":"22412","company_name":"\u041e\u041e\u041e \u041a\u041e\u0420\u041f\u041e\u0420\u0410\u0426\u0418\u042f \u0411\u0430\u043b\u0442\u041f\u0440\u043e\u043c\u041a\u043e\u043c\u043f\u043b\u0435\u043a\u0442"},{"name":"\u0412\u0412\u0413 2\u04451,5","amount":"0,125","amount_parts":"","unit":"\u043a\u043c","city":"\u041c\u043e\u0441\u043a\u0432\u0430","company_id":"22412","company_name":"\u041e\u041e\u041e \u041a\u041e\u0420\u041f\u041e\u0420\u0410\u0426\u0418\u042f \u0411\u0430\u043b\u0442\u041f\u0440\u043e\u043c\u041a\u043e\u043c\u043f\u043b\u0435\u043a\u0442"},{"name":"\u0412\u0412\u0413 2\u04451,5","amount":"0,8","amount_parts":"","unit":"\u043a\u043c","city":"\u041c\u043e\u0441\u043a\u0432\u0430","company_id":"23649","company_name":"\u041e\u041e\u041e \"\u0421\u0410\u041d\u0412\u0418\""},{"name":"\u0412\u0412\u0413 2\u04451,5(\u043e\u0436)-0,66","amount":"2,5","amount_parts":"","unit":"\u043a\u043c","city":"\u041c\u043e\u0441\u043a\u0432\u0430","company_id":"18682","company_name":"\u041e\u041e\u041e \"\u041a\u0430\u043c\u0441\u043a\u0438\u0439 \u043a\u0430\u0431\u0435\u043b\u044c\""},{"name":"\u0412\u0412\u0413 2\u044510","amount":"0,068","amount_parts":"","unit":"\u043a\u043c","city":"\u041c\u043e\u0441\u043a\u0432\u0430","company_id":"23649","company_name":"\u041e\u041e\u041e \"\u0421\u0410\u041d\u0412\u0418\""},{"name":"\u0412\u0412\u0413 2\u044510","amount":"0,056","amount_parts":"","unit":"\u043a\u043c","city":"\u041c\u043e\u0441\u043a\u0432\u0430","company_id":"22412","company_name":"\u041e\u041e\u041e \u041a\u041e\u0420\u041f\u041e\u0420\u0410\u0426\u0418\u042f \u0411\u0430\u043b\u0442\u041f\u0440\u043e\u043c\u041a\u043e\u043c\u043f\u043b\u0435\u043a\u0442"},{"name":"\u0412\u0412\u0413 2\u04452,5","amount":"0,53","amount_parts":"","unit":"\u043a\u043c","city":"\u041c\u043e\u0441\u043a\u0432\u0430","company_id":"4864","company_name":"\u041e\u041e\u041e \u0423\u043d\u0438\u0432\u0435\u0440\u0441\u0438\u0442\u0435\u0442  \u0441\u0435\u0440\u0432\u0438\u0441"},{"name":"\u0412\u0412\u0413 2\u04452,5","amount":"0,692","amount_parts":"","unit":"\u043a\u043c","city":"\u041c\u043e\u0441\u043a\u0432\u0430","company_id":"22412","company_name":"\u041e\u041e\u041e \u041a\u041e\u0420\u041f\u041e\u0420\u0410\u0426\u0418\u042f \u0411\u0430\u043b\u0442\u041f\u0440\u043e\u043c\u041a\u043e\u043c\u043f\u043b\u0435\u043a\u0442"},{"name":"\u0412\u0412\u0413 2\u04452,5","amount":"1,5","amount_parts":"","unit":"\u043a\u043c","city":"\u041c\u043e\u0441\u043a\u0432\u0430","company_id":"23649","company_name":"\u041e\u041e\u041e \"\u0421\u0410\u041d\u0412\u0418\""},{"name":"\u0412\u0412\u0413 2\u044525","amount":"0,006","amount_parts":"","unit":"\u043a\u043c","city":"\u041c\u043e\u0441\u043a\u0432\u0430","company_id":"22412","company_name":"\u041e\u041e\u041e \u041a\u041e\u0420\u041f\u041e\u0420\u0410\u0426\u0418\u042f \u0411\u0430\u043b\u0442\u041f\u0440\u043e\u043c\u041a\u043e\u043c\u043f\u043b\u0435\u043a\u0442"},{"name":"\u0412\u0412\u0413 2\u04454","amount":"0,049","amount_parts":"","unit":"\u043a\u043c","city":"\u041c\u043e\u0441\u043a\u0432\u0430","company_id":"22412","company_name":"\u041e\u041e\u041e \u041a\u041e\u0420\u041f\u041e\u0420\u0410\u0426\u0418\u042f \u0411\u0430\u043b\u0442\u041f\u0440\u043e\u043c\u041a\u043e\u043c\u043f\u043b\u0435\u043a\u0442"},{"name":"\u0412\u0412\u0413 2\u04454 0,66 \u043a\u0412","amount":"0,2","amount_parts":"","unit":"\u043a\u043c","city":"\u041c\u043e\u0441\u043a\u0432\u0430","company_id":"8168","company_name":"\u041e\u041e\u041e \u00ab\u0422\u0435\u0445\u043d\u043e\u043a\u0430\u0431\u0435\u043b\u044c \u041c\u00bb \u041c\u043e\u0441\u043a\u0432\u0430"},{"name":"\u0412\u0412\u0413 2\u04454,0\u043e\u043a(N)-0,66","amount":"0,505","amount_parts":"","unit":"\u043a\u043c","city":"\u041c\u043e\u0441\u043a\u0432\u0430","company_id":"20640","company_name":"\u041e\u041e\u041e \u041a\u0430\u0431\u0435\u043b\u044c\u0421\u0442\u0430\u0440"},{"name":"\u0412\u0412\u0413 2\u04456","amount":"0,047","amount_parts":"","unit":"\u043a\u043c","city":"\u041c\u043e\u0441\u043a\u0432\u0430","company_id":"22412","company_name":"\u041e\u041e\u041e \u041a\u041e\u0420\u041f\u041e\u0420\u0410\u0426\u0418\u042f \u0411\u0430\u043b\u0442\u041f\u0440\u043e\u043c\u041a\u043e\u043c\u043f\u043b\u0435\u043a\u0442"},{"name":"\u0412\u0412\u0413 3\u0445 1,5 \u043a\u0440\u0443\u0433\u043b\u044b\u0439","amount":"0,4","amount_parts":"","unit":"\u043a\u043c","city":"\u041c\u043e\u0441\u043a\u0432\u0430","company_id":"7655","company_name":"\u041e\u041e\u041e \u042d\u043b\u0442\u0435\u043a\u043e\u043c \u0422\u041a"},{"name":"\u0412\u0412\u0413 3\u0445 2,5 \u043a\u0440\u0443\u0433\u043b\u044b\u0439","amount":"0,2","amount_parts":"","unit":"\u043a\u043c","city":"\u041c\u043e\u0441\u043a\u0432\u0430","company_id":"7655","company_name":"\u041e\u041e\u041e \u042d\u043b\u0442\u0435\u043a\u043e\u043c \u0422\u041a"}],"performedDatetime":"2014-08-19T19:06:27Z","authStatus":"0","accessDateEnd":""}
=====

select s.id, s.comp_id, s.title, s.quant, s.unit_id, s.comments, s.city from
		sklad_tovar s where city='Москва' and s.visible=1 and (title like 'Ввг%' or title like '% Ввг%') order by  s.title LIMIT 20, 20
q2: select count(s.id) from sklad_tovar s where city='Москва' and s.visible=1 and (title like 'Ввг%' or title like '% Ввг%')
 auth: 100 
=====
Query:
performedDatetime: 2014-08-19 19:06:32  0000
action: get_company_data
sklad_user: Гость
appleId: 932ED99F-8826-45BE-9807-995FF3D5C5A4
sklad_hash: faa915306113b06d90c6f1df403d1a5e
company_id: 4225

=====
Response:
{"action":"get_company_data","code":0,"data":{"company_id":4225,"title":"\u041e\u041e\u041e \u0422\u043e\u0440\u0433\u043e\u0432\u044b\u0439 \u0414\u043e\u043c  \u0412\u041e\u041a\u0417","city":"\u041c\u043e\u0441\u043a\u0432\u0430","address":"123060, \u041c\u043e\u0441\u043a\u0432\u0430, \u0443\u043b. \u0411\u0435\u0440\u0437\u0430\u0440\u0438\u043d\u0430, \u0434.36, \u0441\u0442\u0440.3","phone":"(499)750-89-70 ","email":"mosmsk@mail.ru, info@azovcable.ru","url":"http:\/\/www.vokz.ru   www.azovcable.ru","contact":"\u0422\u0414 \u0412\u041e\u041a\u0417","goods_count":"346","last_update":"22.07.2014"},"performedDatetime":"2014-08-19T19:06:31Z","authStatus":"0","accessDateEnd":""}
=====

select distinct city from sklad_tovar where comp_id= and city!='' order by city
q2: 
 auth: 100 
=====
