Query:
performedDatetime: 2015-08-05 08:44:33  0000
action: get_goods_data
sklad_user: Гость
appleId: A4894D64-F461-4E2E-801E-CD6EB9677046
sklad_hash: 12564c0fe944a564721d2ae807ac0d73
searchTerm: Аабл 3х70
resultsFrom: 0
sort: 0
cityFilter: 

=====
Response:
{"action":"get_goods_data","searchTerm":"\u0410\u0430\u0431\u043b 3\u044570","resultsFrom":0,"sort":0,"cityFilter":"","code":0,"resultsCount":"23","lastPage":0,"data":[{"name":"\u0410\u0410\u0411\u041b 3\u044570 - 10 (\u041e\u0416)","amount":"0,375","amount_parts":"","unit":"\u043a\u043c","city":"\u041d\u0438\u0436\u043d\u0438\u0439 \u041d\u043e\u0432\u0433\u043e\u0440\u043e\u0434","company_id":"","company_name":""},{"name":"\u0410\u0410\u0411\u043b 3\u044570-10","amount":"0,12","amount_parts":"","unit":"\u043a\u043c","city":"\u041a\u0440\u0430\u0441\u043d\u043e\u044f\u0440\u0441\u043a","company_id":"","company_name":""},{"name":"\u0410\u0410\u0411\u043b 3\u044570-10\u043a\u0412","amount":"1,005","amount_parts":"","unit":"\u043a\u043c","city":"\u041f\u0435\u0440\u043c\u044c","company_id":"","company_name":""},{"name":"\u0410\u0410\u0411\u043b 3\u044570-10\u043a\u0412","amount":"0,995","amount_parts":"","unit":"\u043a\u043c","city":"\u0421\u0430\u043c\u0430\u0440\u0430","company_id":"","company_name":""},{"name":"\u0410\u0410\u0411\u043b-10 3\u044570","amount":"0,075","amount_parts":"","unit":"\u043a\u043c","city":"\u0422\u043e\u043c\u0441\u043a","company_id":"","company_name":""},{"name":"\u0410\u0410\u0411\u043b-10 3\u044570 \u043c\u043d","amount":"1,1","amount_parts":"0,425; 0,425; 0,25; ","unit":"\u043a\u043c","city":"\u041c\u043e\u0441\u043a\u0432\u0430","company_id":"","company_name":""},{"name":"\u0410\u0410\u0411\u043b-10 3\u044570 \u043e\u0436","amount":"0,28","amount_parts":"","unit":"\u043a\u043c","city":"\u0415\u0433\u043e\u0440\u044c\u0435\u0432\u0441\u043a","company_id":"","company_name":""},{"name":"\u0410\u0410\u0411\u043b-10 3\u044570 \u043e\u0436","amount":"1,184","amount_parts":"","unit":"\u043a\u043c","city":"\u0421\u0430\u0440\u0430\u043d\u0441\u043a","company_id":"","company_name":""},{"name":"\u0410\u0410\u0411\u043b-10 3\u044570 \u043e\u0436","amount":"1,896","amount_parts":"","unit":"\u043a\u043c","city":"\u041d\u043e\u0432\u043e\u043c\u043e\u0441\u043a\u043e\u0432\u0441\u043a (\u0422\u0443\u043b\u044c\u0441\u043a\u0430\u044f \u043e\u0431\u043b.)","company_id":"","company_name":""},{"name":"\u0410\u0410\u0411\u043b-10 3\u044570 \u043e\u0436","amount":"2,182","amount_parts":"1800;2740,108; ","unit":"\u043a\u043c","city":"\u0415\u043a\u0430\u0442\u0435\u0440\u0438\u043d\u0431\u0443\u0440\u0433","company_id":"","company_name":""},{"name":"\u0410\u0410\u0411\u043b-10 3\u044570 \u043e\u0436","amount":"1,006","amount_parts":"0,28; 0,23; 0,266; 0,23; ","unit":"\u043a\u043c","city":"\u0420\u043e\u0441\u0442\u043e\u0432-\u043d\u0430-\u0414\u043e\u043d\u0443","company_id":"","company_name":""},{"name":"\u0410\u0410\u0411\u043b-10 3\u044570 \u043e\u0436","amount":"1,074","amount_parts":"0,127; 0,217; 0,17; 0,56; ","unit":"\u043a\u043c","city":"\u041f\u0435\u0440\u043c\u044c","company_id":"","company_name":""},{"name":"\u0410\u0410\u0411\u043b-10 3\u044570 \u043e\u0436","amount":"1,896","amount_parts":"0,775; 0,772; 0,349; ","unit":"\u043a\u043c","city":"\u041d\u043e\u0432\u043e\u043c\u043e\u0441\u043a\u043e\u0432\u0441\u043a","company_id":"","company_name":""},{"name":"\u0410\u0410\u0411\u043b-10 3\u044570 \u043e\u0436","amount":"0,107","amount_parts":"","unit":"\u043a\u043c","city":"\u0415\u043a\u0430\u0442\u0435\u0440\u0438\u043d\u0431\u0443\u0440\u0433","company_id":"","company_name":""},{"name":"\u0410\u0410\u0411\u043b-10 3\u044570 \u043e\u0436","amount":"0,107","amount_parts":"","unit":"\u043a\u043c","city":"\u0415\u043a\u0430\u0442\u0435\u0440\u0438\u043d\u0431\u0443\u0440\u0433","company_id":"","company_name":""},{"name":"\u0410\u0410\u0411\u043b-6 3\u044570","amount":"0,072","amount_parts":"","unit":"\u043a\u043c","city":"\u041f\u0435\u0440\u043c\u044c","company_id":"","company_name":""},{"name":"\u0410\u0410\u0411\u041b-6 3\u044570 \u043e\u0436","amount":"0,43","amount_parts":"","unit":"\u043a\u043c","city":"\u0421\u0430\u0440\u0430\u043d\u0441\u043a","company_id":"","company_name":""},{"name":"\u0410\u0410\u0411\u041b-6 3\u044570 \u043e\u0436","amount":"0,43","amount_parts":"0,266; 0,164; ","unit":"\u043a\u043c","city":"\u041f\u0435\u0440\u043c\u044c","company_id":"","company_name":""},{"name":"\u0410\u0410\u0411\u043b\u0413- 6 3\u044570.","amount":"0,05","amount_parts":"","unit":"\u043a\u043c","city":"\u0427\u0435\u043b\u044f\u0431\u0438\u043d\u0441\u043a","company_id":"","company_name":""},{"name":"\u0410\u0410\u0411\u041b\u0413-1 3\u044570","amount":"0,36","amount_parts":"","unit":"\u043a\u043c","city":"\u041f\u0435\u0440\u043c\u044c","company_id":"","company_name":""}],"performedDatetime":"2015-08-05T08:44:34Z","authStatus":"10"}
=====

select s.id, s.comp_id, s.title, s.quant, s.unit_id, s.comments, s.city from
		sklad_tovar s where visible=1 and (title like 'Аабл%' or title like '% Аабл%' or title like '%Аабл%' or title like '%Аабл%') and (title like '3х70%' or title like '% 3х70%' or title like '%3x70%') order by  s.title LIMIT 0, 20
q2: select count(id) from sklad_tovar s where visible=1 and (title like 'Аабл%' or title like '% Аабл%' or title like '%Аабл%' or title like '%Аабл%') and (title like '3х70%' or title like '% 3х70%' or title like '%3x70%')
 auth: 0 
=====
Query:
performedDatetime: 2015-08-05 08:44:42  0000
action: get_goods_data
sklad_user: Гость
appleId: A4894D64-F461-4E2E-801E-CD6EB9677046
sklad_hash: 12564c0fe944a564721d2ae807ac0d73
searchTerm: Аабл 3х70
resultsFrom: 1
sort: 0
cityFilter: 

=====
Response:
{"action":"get_goods_data","searchTerm":"\u0410\u0430\u0431\u043b 3\u044570","resultsFrom":1,"sort":0,"cityFilter":"","code":0,"resultsCount":"23","lastPage":1,"data":[{"name":"\u0426 \u0410\u0410\u0411\u043b 10 3\u044570","amount":"0,25","amount_parts":"","unit":"\u043a\u043c","city":"\u041d\u043e\u0432\u043e\u0441\u0438\u0431\u0438\u0440\u0441\u043a","company_id":"","company_name":""},{"name":"\u0426\u0410\u0410\u0411\u043b-10 3\u044570 \u043c\u0436","amount":"0,049","amount_parts":"","unit":"\u043a\u043c","city":"\u0415\u043a\u0430\u0442\u0435\u0440\u0438\u043d\u0431\u0443\u0440\u0433","company_id":"","company_name":""},{"name":"\u0426\u0410\u0410\u0411\u043b-6 3\u044570","amount":"0,325","amount_parts":"","unit":"\u043a\u043c","city":"\u041c\u043e\u0441\u043a\u0432\u0430","company_id":"","company_name":""}],"performedDatetime":"2015-08-05T08:44:44Z","authStatus":"10"}
=====

select s.id, s.comp_id, s.title, s.quant, s.unit_id, s.comments, s.city from
		sklad_tovar s where visible=1 and (title like 'Аабл%' or title like '% Аабл%' or title like '%Аабл%' or title like '%Аабл%') and (title like '3х70%' or title like '% 3х70%' or title like '%3x70%') order by  s.title LIMIT 20, 20
q2: select count(id) from sklad_tovar s where visible=1 and (title like 'Аабл%' or title like '% Аабл%' or title like '%Аабл%' or title like '%Аабл%') and (title like '3х70%' or title like '% 3х70%' or title like '%3x70%')
 auth: 0 
=====
