Query:
performedDatetime: 2015-08-04 12:47:50  0000
action: get_goods_data
sklad_user: Гость
appleId: A4894D64-F461-4E2E-801E-CD6EB9677046
sklad_hash: 12564c0fe944a564721d2ae807ac0d73
searchTerm: Авббшв 3х2,5
resultsFrom: 0
sort: 0
cityFilter: 

=====
Response:
{"action":"get_goods_data","searchTerm":"\u0410\u0432\u0431\u0431\u0448\u0432 3\u04452,5","resultsFrom":0,"sort":0,"cityFilter":"","code":0,"resultsCount":"1","lastPage":1,"data":[{"name":"\u0410\u0412\u0411\u0431\u0428\u0432 3\u04452,5","amount":"0,175","amount_parts":"","unit":"\u043a\u043c","city":"\u0423\u0444\u0430","company_id":"","company_name":""}],"performedDatetime":"2015-08-04T12:47:51Z","authStatus":"10"}
=====

select s.id, s.comp_id, s.title, s.quant, s.unit_id, s.comments, s.city from
		sklad_tovar s where visible=1 and (title like 'Авббшв%' or title like '% Авббшв%' or title like '%Авббшв%' or title like '%Авббшв%') and (title like '%3х2,5%' or title like '%3х2.5%' or title like '%3x2,5%' or title like '%3x2,5%') order by  s.title LIMIT 0, 20
q2: select count(id) from sklad_tovar s where visible=1 and (title like 'Авббшв%' or title like '% Авббшв%' or title like '%Авббшв%' or title like '%Авббшв%') and (title like '%3х2,5%' or title like '%3х2.5%' or title like '%3x2,5%' or title like '%3x2,5%')
 auth: 0 
=====
Query:
performedDatetime: 2015-08-04 13:14:03  0000
action: get_goods_data
sklad_user: Гость
appleId: A4894D64-F461-4E2E-801E-CD6EB9677046
sklad_hash: 12564c0fe944a564721d2ae807ac0d73
searchTerm: Асбл 3х70
resultsFrom: 0
sort: 0
cityFilter: 

=====
Response:
{"action":"get_goods_data","searchTerm":"\u0410\u0441\u0431\u043b 3\u044570","resultsFrom":0,"sort":0,"cityFilter":"","code":0,"resultsCount":"10","lastPage":1,"data":[{"name":"\u0410\u0421\u0411\u043b-1 3\u044570","amount":"0,1","amount_parts":"","unit":"\u043a\u043c","city":"\u041f\u0435\u0440\u043c\u044c","company_id":"","company_name":""},{"name":"\u0410\u0421\u0411\u043b-10 3\u044570","amount":"0,38","amount_parts":"","unit":"\u043a\u043c","city":"\u041a\u0440\u0430\u0441\u043d\u043e\u0434\u0430\u0440","company_id":"","company_name":""},{"name":"\u0410\u0421\u0411\u043b-10 3\u044570 \u043e\u0436","amount":"2,615","amount_parts":"0,8; 0,8; 0,81; 0,205; ","unit":"\u043a\u043c","city":"\u0415\u0433\u043e\u0440\u044c\u0435\u0432\u0441\u043a","company_id":"","company_name":""},{"name":"\u0410\u0421\u0411\u043b-10 3\u044570 \u043e\u0436","amount":"3,099","amount_parts":"","unit":"\u043a\u043c","city":"\u041d\u0430\u0445\u0430\u0431\u0438\u043d\u043e","company_id":"","company_name":""},{"name":"\u0410\u0421\u0411\u043b-10 3\u044570 \u043e\u0436","amount":"4,132","amount_parts":"0,115; 0,201; 1,005; 1; 0,801; 1,01; ","unit":"\u043a\u043c","city":"\u041f\u0435\u0440\u043c\u044c","company_id":"","company_name":""},{"name":"\u0410\u0421\u0411\u043b-10 3\u044570 \u043e\u0436","amount":"2,07","amount_parts":"","unit":"\u043a\u043c","city":"\u041d\u043e\u0432\u043e\u043c\u043e\u0441\u043a\u043e\u0432\u0441\u043a (\u0422\u0443\u043b\u044c\u0441\u043a\u0430\u044f \u043e\u0431\u043b.)","company_id":"","company_name":""},{"name":"\u0410\u0421\u0411\u043b-10 3\u044570 \u043e\u0436","amount":"2,07","amount_parts":"0,53; 0,63; 0,15; 0,76; ","unit":"\u043a\u043c","city":"\u041d\u043e\u0432\u043e\u043c\u043e\u0441\u043a\u043e\u0432\u0441\u043a","company_id":"","company_name":""},{"name":"\u0410\u0421\u0411\u043b-10 3\u044570 \u043e\u0436","amount":"4,132","amount_parts":"","unit":"\u043a\u043c","city":"\u0421\u0430\u0440\u0430\u043d\u0441\u043a","company_id":"","company_name":""},{"name":"\u0410\u0421\u0411\u043b-6 3\u044570 \u043e\u0436","amount":"1,729","amount_parts":"0,732; 0,11; 0,512; 0,375; ","unit":"\u043a\u043c","city":"\u041f\u0435\u0440\u043c\u044c","company_id":"","company_name":""},{"name":"\u0410\u0421\u0411\u043b-6 3\u044570 \u043e\u0436","amount":"1,729","amount_parts":"","unit":"\u043a\u043c","city":"\u0421\u0430\u0440\u0430\u043d\u0441\u043a","company_id":"","company_name":""}],"performedDatetime":"2015-08-04T13:14:07Z","authStatus":"10"}
=====

select s.id, s.comp_id, s.title, s.quant, s.unit_id, s.comments, s.city from
		sklad_tovar s where visible=1 and (title like 'Асбл%' or title like '% Асбл%' or title like '%Асбл%' or title like '%Асбл%') and (title like '3х70%' or title like '% 3х70%' or title like '%3x70%') order by  s.title LIMIT 0, 20
q2: select count(id) from sklad_tovar s where visible=1 and (title like 'Асбл%' or title like '% Асбл%' or title like '%Асбл%' or title like '%Асбл%') and (title like '3х70%' or title like '% 3х70%' or title like '%3x70%')
 auth: 0 
=====
