Query:
performedDatetime: 2015-08-07 07:30:42  0000
action: get_goods_data
sklad_user: Гость
appleId: A4894D64-F461-4E2E-801E-CD6EB9677046
sklad_hash: 12564c0fe944a564721d2ae807ac0d73
searchTerm: Аабл 3х50
resultsFrom: 0
sort: 0
cityFilter: 

=====
Response:
{"action":"get_goods_data","searchTerm":"\u0410\u0430\u0431\u043b 3\u044550","resultsFrom":0,"sort":0,"cityFilter":"","code":0,"resultsCount":"21","lastPage":0,"data":[{"name":"\u0410\u0410\u0411\u043b 3x50-10 \u043a\u0412","amount":"1,59","amount_parts":"0,53; 0,53; 0,53; ","unit":"\u043a\u043c","city":"\u041a\u0440\u0430\u0441\u043d\u043e\u0434\u0430\u0440","company_id":"","company_name":""},{"name":"\u0410\u0410\u0411\u043b 3x50-6 \u043a\u0412","amount":"1,085","amount_parts":"0,16; 0,145; 0,165; 0,15; 0,125; 0,175; 0,165; ","unit":"\u043a\u043c","city":"\u041a\u0440\u0430\u0441\u043d\u043e\u0434\u0430\u0440","company_id":"","company_name":""},{"name":"\u0410\u0410\u0411\u043b 3\u044550","amount":"0,027","amount_parts":"","unit":"\u043a\u043c","city":"\u041a\u0440\u0430\u0441\u043d\u043e\u0434\u0430\u0440","company_id":"","company_name":""},{"name":"\u0410\u0410\u0411\u043b 3\u044550(\u043e\u0436)-10","amount":"0,745","amount_parts":"","unit":"\u043a\u043c","city":"\u0421\u0430\u0440\u0430\u043d\u0441\u043a","company_id":"","company_name":""},{"name":"\u0410\u0410\u0411\u043b 3\u044550(\u043e\u0436)-10","amount":"0,106","amount_parts":"","unit":"\u043a\u043c","city":"\u0415\u043a\u0430\u0442\u0435\u0440\u0438\u043d\u0431\u0443\u0440\u0433","company_id":"","company_name":""},{"name":"\u0410\u0410\u0411\u043b 3\u044550-10","amount":"0,013","amount_parts":"","unit":"\u043a\u043c","city":"\u041a\u0440\u0430\u0441\u043d\u043e\u044f\u0440\u0441\u043a","company_id":"","company_name":""},{"name":"\u0410\u0410\u0411\u041b-1 3\u044550+1\u044525","amount":"0,148","amount_parts":"","unit":"\u043a\u043c","city":"\u041f\u0435\u0440\u043c\u044c","company_id":"","company_name":""},{"name":"\u0410\u0410\u0411\u041b-1 3\u044550+1\u044525","amount":"0,07","amount_parts":"","unit":"\u043a\u043c","city":"\u041f\u0435\u0440\u043c\u044c","company_id":"","company_name":""},{"name":"\u0410\u0410\u0411\u043b-10 3\u044550","amount":"0,102","amount_parts":"","unit":"\u043a\u043c","city":"\u0422\u043e\u043c\u0441\u043a","company_id":"","company_name":""},{"name":"\u0410\u0410\u0411\u043b-10 3\u044550","amount":"0,35","amount_parts":"","unit":"\u043a\u043c","city":"\u041f\u0435\u0440\u043c\u044c","company_id":"","company_name":""},{"name":"\u0410\u0410\u0411\u043b-10 3\u044550","amount":"0,03","amount_parts":"","unit":"\u043a\u043c","city":"\u041f\u0435\u0440\u043c\u044c","company_id":"","company_name":""},{"name":"\u0410\u0410\u0411\u043b-10 3\u044550 \u043e\u0436","amount":"0,28","amount_parts":"0,101; 0,179; ","unit":"\u043a\u043c","city":"\u0415\u0433\u043e\u0440\u044c\u0435\u0432\u0441\u043a","company_id":"","company_name":""},{"name":"\u0410\u0410\u0411\u043b-10 3\u044550 \u043e\u0436","amount":"0,21","amount_parts":"","unit":"\u043a\u043c","city":"\u0421\u0430\u0440\u0430\u043d\u0441\u043a","company_id":"","company_name":""},{"name":"\u0410\u0410\u0411\u043b-10 3\u044550 \u043e\u0436","amount":"0,346","amount_parts":"","unit":"\u043a\u043c","city":"\u041d\u0438\u0436\u043d\u0438\u0439 \u041d\u043e\u0432\u0433\u043e\u0440\u043e\u0434","company_id":"","company_name":""},{"name":"\u0410\u0410\u0411\u043b-10 3\u044550 \u043e\u0436","amount":"3,3","amount_parts":"2400;7910,109; ","unit":"\u043a\u043c","city":"\u0415\u043a\u0430\u0442\u0435\u0440\u0438\u043d\u0431\u0443\u0440\u0433","company_id":"","company_name":""},{"name":"\u0410\u0410\u0411\u043b-10 3\u044550 \u043e\u0436","amount":"0,346","amount_parts":"","unit":"\u043a\u043c","city":"\u041d\u0438\u0436\u043d\u0438\u0439 \u041d\u043e\u0432\u0433\u043e\u0440\u043e\u0434","company_id":"","company_name":""},{"name":"\u0410\u0410\u0411\u043b-10 3\u044550 \u043e\u0436","amount":"0,399","amount_parts":"0,22; 0,179; ","unit":"\u043a\u043c","city":"\u0420\u043e\u0441\u0442\u043e\u0432-\u043d\u0430-\u0414\u043e\u043d\u0443","company_id":"","company_name":""},{"name":"\u0410\u0410\u0411\u043b-10 3\u044550 \u043e\u0436","amount":"0,21","amount_parts":"","unit":"\u043a\u043c","city":"\u041f\u0435\u0440\u043c\u044c","company_id":"","company_name":""},{"name":"\u0410\u0410\u0411\u043b-6 3\u044550 \u043e\u0436","amount":"0,123","amount_parts":"","unit":"\u043a\u043c","city":"\u0415\u0433\u043e\u0440\u044c\u0435\u0432\u0441\u043a","company_id":"","company_name":""},{"name":"\u0410\u0410\u0411\u043b-6 3\u044550 \u043e\u0436","amount":"0,123","amount_parts":"","unit":"\u043a\u043c","city":"\u0420\u043e\u0441\u0442\u043e\u0432-\u043d\u0430-\u0414\u043e\u043d\u0443","company_id":"","company_name":""}],"performedDatetime":"2015-08-07T07:30:43Z","authStatus":"10"}
=====

select s.id, s.comp_id, s.title, s.quant, s.unit_id, s.comments, s.city from
		sklad_tovar s where visible=1 and (title like 'Аабл%' or title like '% Аабл%' or title like '%Аабл%' or title like '%Аабл%') and (title like '3х50%' or title like '% 3х50%' or title like '%3x50%') order by  s.title LIMIT 0, 20
q2: select count(id) from sklad_tovar s where visible=1 and (title like 'Аабл%' or title like '% Аабл%' or title like '%Аабл%' or title like '%Аабл%') and (title like '3х50%' or title like '% 3х50%' or title like '%3x50%')
 auth: 0 
=====
Query:
performedDatetime: 2015-08-07 07:31:00  0000
action: get_company_data
sklad_user: Гость
appleId: A4894D64-F461-4E2E-801E-CD6EB9677046
sklad_hash: 12564c0fe944a564721d2ae807ac0d73
company_id: 

=====
Response:
{"action":"get_company_data","company_id":0,"code":30,"techMessage":"\u041a\u0430\u043a \u0433\u043e\u0441\u0442\u044c, \u0432\u044b \u043d\u0435 \u043c\u043e\u0436\u0435\u0442\u0435 \u043f\u0440\u043e\u0441\u043c\u0430\u0442\u0440\u0438\u0432\u0430\u0442\u044c \u043d\u0430\u0437\u0432\u0430\u043d\u0438\u044f \u0438 \u043a\u043e\u043d\u0442\u0430\u043a\u0442\u043d\u044b\u0435 \u0434\u0430\u043d\u043d\u044b\u0435 \u043f\u043e\u0441\u0442\u0430\u0432\u0449\u0438\u043a\u043e\u0432","performedDatetime":"2015-08-07T07:31:02Z","authStatus":"10"}
=====


q2: 
 auth: 0 
=====
Query:
performedDatetime: 2015-08-07 08:03:15  0000
action: get_goods_data
sklad_user: Гость
appleId: A4894D64-F461-4E2E-801E-CD6EB9677046
sklad_hash: 12564c0fe944a564721d2ae807ac0d73
searchTerm: Цаабл 3х95
resultsFrom: 0
sort: 0
cityFilter: 

=====
Response:
{"action":"get_goods_data","searchTerm":"\u0426\u0430\u0430\u0431\u043b 3\u044595","resultsFrom":0,"sort":0,"cityFilter":"","code":0,"resultsCount":"1","lastPage":1,"data":[{"name":"\u0426\u0410\u0410\u0411\u043b 3x95-10 \u043a\u0412","amount":"10,934","amount_parts":"0,265; 0,79; 0,235; 0,25; 0,144; 0,59; 0,59; 0,76; 0,4; 0,52; 0,4; 0,45; 0,45; 0,4; 0,52; 0,52; 0,52; 0,51; 0,52; 0,51; 0,52; 0,535; 0,535; ","unit":"\u043a\u043c","city":"\u041a\u0440\u0430\u0441\u043d\u043e\u0434\u0430\u0440","company_id":"","company_name":""}],"performedDatetime":"2015-08-07T08:03:17Z","authStatus":"10"}
=====

select s.id, s.comp_id, s.title, s.quant, s.unit_id, s.comments, s.city from
		sklad_tovar s where visible=1 and (title like 'Цаабл%' or title like '% Цаабл%') and (title like '3х95%' or title like '% 3х95%' or title like '%3x95%') order by  s.title LIMIT 0, 20
q2: select count(id) from sklad_tovar s where visible=1 and (title like 'Цаабл%' or title like '% Цаабл%') and (title like '3х95%' or title like '% 3х95%' or title like '%3x95%')
 auth: 0 
=====
Query:
performedDatetime: 2015-08-07 08:04:57  0000
action: get_goods_data
sklad_user: Гость
appleId: A4894D64-F461-4E2E-801E-CD6EB9677046
sklad_hash: 12564c0fe944a564721d2ae807ac0d73
searchTerm: Пвв 1х35
resultsFrom: 0
sort: 0
cityFilter: 

=====
Response:
{"action":"get_goods_data","searchTerm":"\u041f\u0432\u0432 1\u044535","resultsFrom":0,"sort":0,"cityFilter":"","code":0,"resultsCount":"10","lastPage":1,"data":[{"name":"\u041f\u0412\u0432\u0413 1\u044535","amount":"0,113","amount_parts":"","unit":"\u043a\u043c","city":"\u041f\u0435\u0440\u043c\u044c","company_id":"","company_name":""},{"name":"\u041f\u0412\u0432\u0413 1\u044535","amount":"2,215","amount_parts":"2,11; 0,105; ","unit":"\u043a\u043c","city":"\u041f\u0435\u0440\u043c\u044c","company_id":"","company_name":""},{"name":"\u041f\u0412\u0432\u0413 1\u044535","amount":"2,215","amount_parts":"2,11; 0,105; ","unit":"\u043a\u043c","city":"\u041f\u0435\u0440\u043c\u044c","company_id":"","company_name":""},{"name":"\u041f\u0412\u0432\u0413 1\u044535","amount":"2,215","amount_parts":"0,105; 2,11; ","unit":"\u043a\u043c","city":"\u041f\u0435\u0440\u043c\u044c","company_id":"","company_name":""},{"name":"\u041f\u0412\u0432\u0413 1\u044535","amount":"0,105","amount_parts":"","unit":"\u043a\u043c","city":"\u041f\u0435\u0440\u043c\u044c","company_id":"","company_name":""},{"name":"\u041f\u0412\u0412\u043d\u0433(\u0410)LS 1\u044535\/16-6","amount":"0,042","amount_parts":"","unit":"\u043a\u043c","city":"\u041f\u0435\u0440\u043c\u044c","company_id":"","company_name":""},{"name":"\u041f\u0412\u0412\u043d\u0433(\u0410)LS 1\u044535\/16-6","amount":"0,039","amount_parts":"","unit":"\u043a\u043c","city":"\u041f\u0435\u0440\u043c\u044c","company_id":"","company_name":""},{"name":"\u041f\u0412\u0412\u043d\u0433(\u0410)LS 1\u044535\/16-6","amount":"0,039","amount_parts":"","unit":"\u043a\u043c","city":"\u041f\u0435\u0440\u043c\u044c","company_id":"","company_name":""},{"name":"\u041f\u0412\u0412\u043d\u0433(\u0410)LS 1\u044535\/16-6","amount":"0,039","amount_parts":"","unit":"\u043a\u043c","city":"\u041f\u0435\u0440\u043c\u044c","company_id":"","company_name":""},{"name":"\u041f\u0412\u0412\u043d\u0433(\u0410)LS 1\u044535\/16-6","amount":"0,039","amount_parts":"","unit":"\u043a\u043c","city":"\u041f\u0435\u0440\u043c\u044c","company_id":"","company_name":""}],"performedDatetime":"2015-08-07T08:04:58Z","authStatus":"10"}
=====

select s.id, s.comp_id, s.title, s.quant, s.unit_id, s.comments, s.city from
		sklad_tovar s where visible=1 and (title like 'Пвв%' or title like '% Пвв%') and (title like '1х35%' or title like '% 1х35%' or title like '%1x35%') order by  s.title LIMIT 0, 20
q2: select count(id) from sklad_tovar s where visible=1 and (title like 'Пвв%' or title like '% Пвв%') and (title like '1х35%' or title like '% 1х35%' or title like '%1x35%')
 auth: 0 
=====
