Query:
sklad_user: Гость
sklad_hash: ffffffff-e737-17d9-ffff-ffff99d603a9
appleId: ffffffff-e737-17d9-ffff-ffff99d603a9
action: check_user_rights

=====
Response:
{"action":"check_user_rights","code":0,"performedDatetime":"2015-04-04T16:21:51Z","authStatus":"0","accessDateEnd":""}
=====


q2: 
 auth: 100 
=====
Query:
sklad_user: Гость
sklad_hash: ffffffff-e737-17d9-ffff-ffff99d603a9
appleId: ffffffff-e737-17d9-ffff-ffff99d603a9
sort: 0
resultsFrom: 0
action: get_goods_data
searchTerm: nym

=====
Response:
{"action":"get_goods_data","searchTerm":"nym","resultsFrom":0,"sort":0,"cityFilter":null,"code":0,"resultsCount":"558","lastPage":0,"data":[{"name":"NYM 2x1,5","amount":"2,42","amount_parts":"","unit":"\u043a\u043c","city":"\u0421\u0430\u043d\u043a\u0442-\u041f\u0435\u0442\u0435\u0440\u0431\u0443\u0440\u0433","company_id":"23900","company_name":"\u041e\u041e\u041e \u041e\u0442\u043a\u0440\u044b\u0442\u044b\u0439 \u041a\u0430\u0431\u0435\u043b\u044c\u043d\u044b\u0439 \u041f\u043e\u0440\u0442\u0430\u043b"},{"name":"NYM 2x1,5","amount":"1,85","amount_parts":"","unit":"\u043a\u043c","city":"\u0421\u0430\u043d\u043a\u0442-\u041f\u0435\u0442\u0435\u0440\u0431\u0443\u0440\u0433","company_id":"8853","company_name":"\u041e\u0410\u041e \"\u041c\u0435\u0442\u0440\u043e\u0441\u0442\u0440\u043e\u0439\" \u0444\u0438\u043b\u0438\u0430\u043b \u0423\u041f\u0422\u041a"},{"name":"NYM 2x2,5","amount":"2,87","amount_parts":"","unit":"\u043a\u043c","city":"\u0421\u0430\u043d\u043a\u0442-\u041f\u0435\u0442\u0435\u0440\u0431\u0443\u0440\u0433","company_id":"23900","company_name":"\u041e\u041e\u041e \u041e\u0442\u043a\u0440\u044b\u0442\u044b\u0439 \u041a\u0430\u0431\u0435\u043b\u044c\u043d\u044b\u0439 \u041f\u043e\u0440\u0442\u0430\u043b"},{"name":"NYM 2x2,5","amount":"1,725","amount_parts":"","unit":"\u043a\u043c","city":"\u0421\u0430\u043d\u043a\u0442-\u041f\u0435\u0442\u0435\u0440\u0431\u0443\u0440\u0433","company_id":"8853","company_name":"\u041e\u0410\u041e \"\u041c\u0435\u0442\u0440\u043e\u0441\u0442\u0440\u043e\u0439\" \u0444\u0438\u043b\u0438\u0430\u043b \u0423\u041f\u0422\u041a"},{"name":"NYM 2\u0445 1,5","amount":"0,2","amount_parts":"","unit":"\u043a\u043c","city":"\u041c\u043e\u0441\u043a\u0432\u0430","company_id":"22463","company_name":"\u042d\u043b\u0442\u0435\u043a\u043e\u043c \u0422\u041a"},{"name":"NYM 2\u0445 2,5","amount":"0,3","amount_parts":"","unit":"\u043a\u043c","city":"\u041c\u043e\u0441\u043a\u0432\u0430","company_id":"22463","company_name":"\u042d\u043b\u0442\u0435\u043a\u043e\u043c \u0422\u041a"},{"name":"NYM 2\u04451,5","amount":"0,28","amount_parts":"40;50;50;70;70","unit":"\u043a\u043c","city":"\u041c\u043e\u0441\u043a\u0432\u0430","company_id":"27474","company_name":"\u041e\u041e\u041e \u0410\u041c\u041a-\u041a\u0430\u0431\u0435\u043b\u044c"},{"name":"NYM 2\u04451,5","amount":"0,02","amount_parts":"","unit":"\u043a\u043c","city":"\u041c\u043e\u0441\u043a\u0432\u0430","company_id":"22412","company_name":"\u041e\u041e\u041e \u041a\u041e\u0420\u041f\u041e\u0420\u0410\u0426\u0418\u042f \u0411\u0430\u043b\u0442\u041f\u0440\u043e\u043c\u041a\u043e\u043c\u043f\u043b\u0435\u043a\u0442"},{"name":"NYM 2\u04451,5","amount":"9,6","amount_parts":"","unit":"\u043a\u043c","city":"\u0423\u0444\u0430","company_id":"15071","company_name":"\u0412\u0435\u043a\u0442\u043e\u0440"},{"name":"NYM 2\u04451,5","amount":"1,85","amount_parts":"","unit":"\u043a\u043c","city":"\u041e\u043c\u0441\u043a","company_id":"17122","company_name":"\u041e\u041e\u041e \u0426\u0435\u043d\u0442\u0440 \u042d\u043b\u0435\u043a\u0442\u0440\u043e\u0442\u0435\u0445\u043d\u0438\u0447\u0435\u0441\u043a\u043e\u0439 \u041a\u043e\u043c\u043f\u043b\u0435\u043a\u0442\u0430\u0446\u0438\u0438 \u041e\u0431\u044a\u0435\u043a\u0442\u043e\u0432"},{"name":"NYM 2\u04451,5","amount":"1,283","amount_parts":"","unit":"\u043a\u043c","city":"\u0421\u0430\u043d\u043a\u0442-\u041f\u0435\u0442\u0435\u0440\u0431\u0443\u0440\u0433","company_id":"8853","company_name":"\u041e\u0410\u041e \"\u041c\u0435\u0442\u0440\u043e\u0441\u0442\u0440\u043e\u0439\" \u0444\u0438\u043b\u0438\u0430\u043b \u0423\u041f\u0422\u041a"},{"name":"NYM 2\u04251,5","amount":"1,8","amount_parts":"0,8; 0,7; 0,3; ","unit":"\u043a\u043c","city":"\u041c\u043e\u0441\u043a\u0432\u0430","company_id":"65","company_name":"\u041e\u041e\u041e \u0424\u041e\u0420\u0415\u0421 \u0422\u041f\u041a"},{"name":"NYM 2\u04451,5","amount":"0,15","amount_parts":"","unit":"\u043a\u043c","city":"\u041f\u0430\u0432\u043b\u043e\u0434\u0430\u0440","company_id":"7464","company_name":"\u0410\u041e \"\u041a\u0430\u0437\u044d\u043d\u0435\u0440\u0433\u043e\u043a\u0430\u0431\u0435\u043b\u044c\""},{"name":"NYM 2\u04451,5","amount":"1,448","amount_parts":"0,968; 0,48; ","unit":"\u043a\u043c","city":"\u0421\u0430\u043d\u043a\u0442-\u041f\u0435\u0442\u0435\u0440\u0431\u0443\u0440\u0433","company_id":"12442","company_name":"\u041e\u041e\u041e \u041c\u0438\u0446\u0430\u0440"},{"name":"NYM 2\u04451,5","amount":"0,05","amount_parts":"","unit":"\u043a\u043c","city":"\u041c\u043e\u0441\u043a\u0432\u0430","company_id":"8168","company_name":"\u041e\u041e\u041e \u00ab\u0422\u0435\u0445\u043d\u043e\u043a\u0430\u0431\u0435\u043b\u044c \u041c\u00bb \u041c\u043e\u0441\u043a\u0432\u0430"},{"name":"NYM 2\u04451,5","amount":"0,2","amount_parts":"","unit":"\u043a\u043c","city":"\u0421\u0430\u043d\u043a\u0442-\u041f\u0435\u0442\u0435\u0440\u0431\u0443\u0440\u0433","company_id":"27475","company_name":"\u041e\u041e\u041e \u041e\u0445\u0442\u0430\u041a\u0430\u0431\u0435\u043b\u044c"},{"name":"NYM 2\u04451,5","amount":"0,02","amount_parts":"","unit":"\u043a\u043c","city":"\u0421\u0430\u043d\u043a\u0442-\u041f\u0435\u0442\u0435\u0440\u0431\u0443\u0440\u0433","company_id":"16940","company_name":"\u041e\u041e\u041e \"\u041e\u043f\u0442\u0413\u0440\u0443\u043f\u043f\""},{"name":"NYM 2\u04451,5","amount":"0,35","amount_parts":"","unit":"\u043a\u043c","city":"\u0415\u043a\u0430\u0442\u0435\u0440\u0438\u043d\u0431\u0443\u0440\u0433","company_id":"22345","company_name":"\u041e\u041e\u041e \u042d\u043d\u0435\u0440\u0433\u043e\u0446\u0435\u043d\u0442\u0440-\u0415\u041a"},{"name":"NYM 2\u04451,5","amount":"0,964","amount_parts":"","unit":"\u043a\u043c","city":"\u0415\u043a\u0430\u0442\u0435\u0440\u0438\u043d\u0431\u0443\u0440\u0433","company_id":"8456","company_name":"\u041e\u041e\u041e \"\u041f\u0440\u043e\u043c\u042d\u043b\u0435\u043a\u0442\u0440\u043e\u041a\u0430\u0431\u0435\u043b\u044c\""},{"name":"NYM 2\u04451,5","amount":"3,671","amount_parts":"0,714; 2,957; ","unit":"\u043a\u043c","city":"\u041d\u0438\u0436\u043d\u0438\u0439 \u041d\u043e\u0432\u0433\u043e\u0440\u043e\u0434","company_id":"22212","company_name":"\u041e\u041e\u041e \"\u042d\u043b\u0435\u043a\u0442\u0440\u043e\u0442\u0435\u0445\u043d\u0438\u0447\u0435\u0441\u043a\u0430\u044f \u043a\u043e\u043c\u043f\u0430\u043d\u0438\u044f \"\u0422\u043e\u043b\u0435\u0434\u043e\""}],"performedDatetime":"2015-04-04T16:21:56Z","authStatus":"0","accessDateEnd":""}
=====

select s.id, s.comp_id, s.title, s.quant, s.unit_id, s.comments, s.city from
		sklad_tovar s where visible=1 and (title like 'nym%' or title like '% nym%') order by  s.title LIMIT 0, 20
q2: select count(id) from sklad_tovar s where visible=1 and (title like 'nym%' or title like '% nym%')
 auth: 100 
=====
Query:
sklad_user: Гость
sklad_hash: ffffffff-e737-17d9-ffff-ffff99d603a9
appleId: ffffffff-e737-17d9-ffff-ffff99d603a9
action: check_user_rights

=====
Response:
{"action":"check_user_rights","code":0,"performedDatetime":"2015-04-04T16:41:55Z","authStatus":"0","accessDateEnd":""}
=====


q2: 
 auth: 100 
=====
Query:
sklad_user: Гость
sklad_hash: ffffffff-e737-17d9-ffff-ffff99d603a9
appleId: ffffffff-e737-17d9-ffff-ffff99d603a9
sort: 0
resultsFrom: 0
action: get_goods_data
searchTerm: nym

=====
Response:
{"action":"get_goods_data","searchTerm":"nym","resultsFrom":0,"sort":0,"cityFilter":null,"code":0,"resultsCount":"558","lastPage":0,"data":[{"name":"NYM 2x1,5","amount":"2,42","amount_parts":"","unit":"\u043a\u043c","city":"\u0421\u0430\u043d\u043a\u0442-\u041f\u0435\u0442\u0435\u0440\u0431\u0443\u0440\u0433","company_id":"23900","company_name":"\u041e\u041e\u041e \u041e\u0442\u043a\u0440\u044b\u0442\u044b\u0439 \u041a\u0430\u0431\u0435\u043b\u044c\u043d\u044b\u0439 \u041f\u043e\u0440\u0442\u0430\u043b"},{"name":"NYM 2x1,5","amount":"1,85","amount_parts":"","unit":"\u043a\u043c","city":"\u0421\u0430\u043d\u043a\u0442-\u041f\u0435\u0442\u0435\u0440\u0431\u0443\u0440\u0433","company_id":"8853","company_name":"\u041e\u0410\u041e \"\u041c\u0435\u0442\u0440\u043e\u0441\u0442\u0440\u043e\u0439\" \u0444\u0438\u043b\u0438\u0430\u043b \u0423\u041f\u0422\u041a"},{"name":"NYM 2x2,5","amount":"2,87","amount_parts":"","unit":"\u043a\u043c","city":"\u0421\u0430\u043d\u043a\u0442-\u041f\u0435\u0442\u0435\u0440\u0431\u0443\u0440\u0433","company_id":"23900","company_name":"\u041e\u041e\u041e \u041e\u0442\u043a\u0440\u044b\u0442\u044b\u0439 \u041a\u0430\u0431\u0435\u043b\u044c\u043d\u044b\u0439 \u041f\u043e\u0440\u0442\u0430\u043b"},{"name":"NYM 2x2,5","amount":"1,725","amount_parts":"","unit":"\u043a\u043c","city":"\u0421\u0430\u043d\u043a\u0442-\u041f\u0435\u0442\u0435\u0440\u0431\u0443\u0440\u0433","company_id":"8853","company_name":"\u041e\u0410\u041e \"\u041c\u0435\u0442\u0440\u043e\u0441\u0442\u0440\u043e\u0439\" \u0444\u0438\u043b\u0438\u0430\u043b \u0423\u041f\u0422\u041a"},{"name":"NYM 2\u0445 1,5","amount":"0,2","amount_parts":"","unit":"\u043a\u043c","city":"\u041c\u043e\u0441\u043a\u0432\u0430","company_id":"22463","company_name":"\u042d\u043b\u0442\u0435\u043a\u043e\u043c \u0422\u041a"},{"name":"NYM 2\u0445 2,5","amount":"0,3","amount_parts":"","unit":"\u043a\u043c","city":"\u041c\u043e\u0441\u043a\u0432\u0430","company_id":"22463","company_name":"\u042d\u043b\u0442\u0435\u043a\u043e\u043c \u0422\u041a"},{"name":"NYM 2\u04451,5","amount":"0,28","amount_parts":"40;50;50;70;70","unit":"\u043a\u043c","city":"\u041c\u043e\u0441\u043a\u0432\u0430","company_id":"27474","company_name":"\u041e\u041e\u041e \u0410\u041c\u041a-\u041a\u0430\u0431\u0435\u043b\u044c"},{"name":"NYM 2\u04451,5","amount":"0,02","amount_parts":"","unit":"\u043a\u043c","city":"\u041c\u043e\u0441\u043a\u0432\u0430","company_id":"22412","company_name":"\u041e\u041e\u041e \u041a\u041e\u0420\u041f\u041e\u0420\u0410\u0426\u0418\u042f \u0411\u0430\u043b\u0442\u041f\u0440\u043e\u043c\u041a\u043e\u043c\u043f\u043b\u0435\u043a\u0442"},{"name":"NYM 2\u04451,5","amount":"9,6","amount_parts":"","unit":"\u043a\u043c","city":"\u0423\u0444\u0430","company_id":"15071","company_name":"\u0412\u0435\u043a\u0442\u043e\u0440"},{"name":"NYM 2\u04451,5","amount":"1,85","amount_parts":"","unit":"\u043a\u043c","city":"\u041e\u043c\u0441\u043a","company_id":"17122","company_name":"\u041e\u041e\u041e \u0426\u0435\u043d\u0442\u0440 \u042d\u043b\u0435\u043a\u0442\u0440\u043e\u0442\u0435\u0445\u043d\u0438\u0447\u0435\u0441\u043a\u043e\u0439 \u041a\u043e\u043c\u043f\u043b\u0435\u043a\u0442\u0430\u0446\u0438\u0438 \u041e\u0431\u044a\u0435\u043a\u0442\u043e\u0432"},{"name":"NYM 2\u04451,5","amount":"1,283","amount_parts":"","unit":"\u043a\u043c","city":"\u0421\u0430\u043d\u043a\u0442-\u041f\u0435\u0442\u0435\u0440\u0431\u0443\u0440\u0433","company_id":"8853","company_name":"\u041e\u0410\u041e \"\u041c\u0435\u0442\u0440\u043e\u0441\u0442\u0440\u043e\u0439\" \u0444\u0438\u043b\u0438\u0430\u043b \u0423\u041f\u0422\u041a"},{"name":"NYM 2\u04251,5","amount":"1,8","amount_parts":"0,8; 0,7; 0,3; ","unit":"\u043a\u043c","city":"\u041c\u043e\u0441\u043a\u0432\u0430","company_id":"65","company_name":"\u041e\u041e\u041e \u0424\u041e\u0420\u0415\u0421 \u0422\u041f\u041a"},{"name":"NYM 2\u04451,5","amount":"0,15","amount_parts":"","unit":"\u043a\u043c","city":"\u041f\u0430\u0432\u043b\u043e\u0434\u0430\u0440","company_id":"7464","company_name":"\u0410\u041e \"\u041a\u0430\u0437\u044d\u043d\u0435\u0440\u0433\u043e\u043a\u0430\u0431\u0435\u043b\u044c\""},{"name":"NYM 2\u04451,5","amount":"1,448","amount_parts":"0,968; 0,48; ","unit":"\u043a\u043c","city":"\u0421\u0430\u043d\u043a\u0442-\u041f\u0435\u0442\u0435\u0440\u0431\u0443\u0440\u0433","company_id":"12442","company_name":"\u041e\u041e\u041e \u041c\u0438\u0446\u0430\u0440"},{"name":"NYM 2\u04451,5","amount":"0,05","amount_parts":"","unit":"\u043a\u043c","city":"\u041c\u043e\u0441\u043a\u0432\u0430","company_id":"8168","company_name":"\u041e\u041e\u041e \u00ab\u0422\u0435\u0445\u043d\u043e\u043a\u0430\u0431\u0435\u043b\u044c \u041c\u00bb \u041c\u043e\u0441\u043a\u0432\u0430"},{"name":"NYM 2\u04451,5","amount":"0,2","amount_parts":"","unit":"\u043a\u043c","city":"\u0421\u0430\u043d\u043a\u0442-\u041f\u0435\u0442\u0435\u0440\u0431\u0443\u0440\u0433","company_id":"27475","company_name":"\u041e\u041e\u041e \u041e\u0445\u0442\u0430\u041a\u0430\u0431\u0435\u043b\u044c"},{"name":"NYM 2\u04451,5","amount":"0,02","amount_parts":"","unit":"\u043a\u043c","city":"\u0421\u0430\u043d\u043a\u0442-\u041f\u0435\u0442\u0435\u0440\u0431\u0443\u0440\u0433","company_id":"16940","company_name":"\u041e\u041e\u041e \"\u041e\u043f\u0442\u0413\u0440\u0443\u043f\u043f\""},{"name":"NYM 2\u04451,5","amount":"0,35","amount_parts":"","unit":"\u043a\u043c","city":"\u0415\u043a\u0430\u0442\u0435\u0440\u0438\u043d\u0431\u0443\u0440\u0433","company_id":"22345","company_name":"\u041e\u041e\u041e \u042d\u043d\u0435\u0440\u0433\u043e\u0446\u0435\u043d\u0442\u0440-\u0415\u041a"},{"name":"NYM 2\u04451,5","amount":"0,964","amount_parts":"","unit":"\u043a\u043c","city":"\u0415\u043a\u0430\u0442\u0435\u0440\u0438\u043d\u0431\u0443\u0440\u0433","company_id":"8456","company_name":"\u041e\u041e\u041e \"\u041f\u0440\u043e\u043c\u042d\u043b\u0435\u043a\u0442\u0440\u043e\u041a\u0430\u0431\u0435\u043b\u044c\""},{"name":"NYM 2\u04451,5","amount":"3,671","amount_parts":"0,714; 2,957; ","unit":"\u043a\u043c","city":"\u041d\u0438\u0436\u043d\u0438\u0439 \u041d\u043e\u0432\u0433\u043e\u0440\u043e\u0434","company_id":"22212","company_name":"\u041e\u041e\u041e \"\u042d\u043b\u0435\u043a\u0442\u0440\u043e\u0442\u0435\u0445\u043d\u0438\u0447\u0435\u0441\u043a\u0430\u044f \u043a\u043e\u043c\u043f\u0430\u043d\u0438\u044f \"\u0422\u043e\u043b\u0435\u0434\u043e\""}],"performedDatetime":"2015-04-04T16:42:14Z","authStatus":"0","accessDateEnd":""}
=====

select s.id, s.comp_id, s.title, s.quant, s.unit_id, s.comments, s.city from
		sklad_tovar s where visible=1 and (title like 'nym%' or title like '% nym%') order by  s.title LIMIT 0, 20
q2: select count(id) from sklad_tovar s where visible=1 and (title like 'nym%' or title like '% nym%')
 auth: 100 
=====
Query:
sklad_user: Гость
sklad_hash: ffffffff-e737-17d9-ffff-ffff99d603a9
appleId: ffffffff-e737-17d9-ffff-ffff99d603a9
action: check_user_rights

=====
Response:
{"action":"check_user_rights","code":0,"performedDatetime":"2015-04-04T16:43:34Z","authStatus":"0","accessDateEnd":""}
=====


q2: 
 auth: 100 
=====
Query:
sklad_user: Гость
sklad_hash: ffffffff-e737-17d9-ffff-ffff99d603a9
appleId: ffffffff-e737-17d9-ffff-ffff99d603a9
sort: 0
resultsFrom: 0
action: get_goods_data
searchTerm: nym

=====
Response:
{"action":"get_goods_data","searchTerm":"nym","resultsFrom":0,"sort":0,"cityFilter":null,"code":0,"resultsCount":"558","lastPage":0,"data":[{"name":"NYM 2x1,5","amount":"2,42","amount_parts":"","unit":"\u043a\u043c","city":"\u0421\u0430\u043d\u043a\u0442-\u041f\u0435\u0442\u0435\u0440\u0431\u0443\u0440\u0433","company_id":"23900","company_name":"\u041e\u041e\u041e \u041e\u0442\u043a\u0440\u044b\u0442\u044b\u0439 \u041a\u0430\u0431\u0435\u043b\u044c\u043d\u044b\u0439 \u041f\u043e\u0440\u0442\u0430\u043b"},{"name":"NYM 2x1,5","amount":"1,85","amount_parts":"","unit":"\u043a\u043c","city":"\u0421\u0430\u043d\u043a\u0442-\u041f\u0435\u0442\u0435\u0440\u0431\u0443\u0440\u0433","company_id":"8853","company_name":"\u041e\u0410\u041e \"\u041c\u0435\u0442\u0440\u043e\u0441\u0442\u0440\u043e\u0439\" \u0444\u0438\u043b\u0438\u0430\u043b \u0423\u041f\u0422\u041a"},{"name":"NYM 2x2,5","amount":"2,87","amount_parts":"","unit":"\u043a\u043c","city":"\u0421\u0430\u043d\u043a\u0442-\u041f\u0435\u0442\u0435\u0440\u0431\u0443\u0440\u0433","company_id":"23900","company_name":"\u041e\u041e\u041e \u041e\u0442\u043a\u0440\u044b\u0442\u044b\u0439 \u041a\u0430\u0431\u0435\u043b\u044c\u043d\u044b\u0439 \u041f\u043e\u0440\u0442\u0430\u043b"},{"name":"NYM 2x2,5","amount":"1,725","amount_parts":"","unit":"\u043a\u043c","city":"\u0421\u0430\u043d\u043a\u0442-\u041f\u0435\u0442\u0435\u0440\u0431\u0443\u0440\u0433","company_id":"8853","company_name":"\u041e\u0410\u041e \"\u041c\u0435\u0442\u0440\u043e\u0441\u0442\u0440\u043e\u0439\" \u0444\u0438\u043b\u0438\u0430\u043b \u0423\u041f\u0422\u041a"},{"name":"NYM 2\u0445 1,5","amount":"0,2","amount_parts":"","unit":"\u043a\u043c","city":"\u041c\u043e\u0441\u043a\u0432\u0430","company_id":"22463","company_name":"\u042d\u043b\u0442\u0435\u043a\u043e\u043c \u0422\u041a"},{"name":"NYM 2\u0445 2,5","amount":"0,3","amount_parts":"","unit":"\u043a\u043c","city":"\u041c\u043e\u0441\u043a\u0432\u0430","company_id":"22463","company_name":"\u042d\u043b\u0442\u0435\u043a\u043e\u043c \u0422\u041a"},{"name":"NYM 2\u04451,5","amount":"0,28","amount_parts":"40;50;50;70;70","unit":"\u043a\u043c","city":"\u041c\u043e\u0441\u043a\u0432\u0430","company_id":"27474","company_name":"\u041e\u041e\u041e \u0410\u041c\u041a-\u041a\u0430\u0431\u0435\u043b\u044c"},{"name":"NYM 2\u04451,5","amount":"0,02","amount_parts":"","unit":"\u043a\u043c","city":"\u041c\u043e\u0441\u043a\u0432\u0430","company_id":"22412","company_name":"\u041e\u041e\u041e \u041a\u041e\u0420\u041f\u041e\u0420\u0410\u0426\u0418\u042f \u0411\u0430\u043b\u0442\u041f\u0440\u043e\u043c\u041a\u043e\u043c\u043f\u043b\u0435\u043a\u0442"},{"name":"NYM 2\u04451,5","amount":"9,6","amount_parts":"","unit":"\u043a\u043c","city":"\u0423\u0444\u0430","company_id":"15071","company_name":"\u0412\u0435\u043a\u0442\u043e\u0440"},{"name":"NYM 2\u04451,5","amount":"1,85","amount_parts":"","unit":"\u043a\u043c","city":"\u041e\u043c\u0441\u043a","company_id":"17122","company_name":"\u041e\u041e\u041e \u0426\u0435\u043d\u0442\u0440 \u042d\u043b\u0435\u043a\u0442\u0440\u043e\u0442\u0435\u0445\u043d\u0438\u0447\u0435\u0441\u043a\u043e\u0439 \u041a\u043e\u043c\u043f\u043b\u0435\u043a\u0442\u0430\u0446\u0438\u0438 \u041e\u0431\u044a\u0435\u043a\u0442\u043e\u0432"},{"name":"NYM 2\u04451,5","amount":"1,283","amount_parts":"","unit":"\u043a\u043c","city":"\u0421\u0430\u043d\u043a\u0442-\u041f\u0435\u0442\u0435\u0440\u0431\u0443\u0440\u0433","company_id":"8853","company_name":"\u041e\u0410\u041e \"\u041c\u0435\u0442\u0440\u043e\u0441\u0442\u0440\u043e\u0439\" \u0444\u0438\u043b\u0438\u0430\u043b \u0423\u041f\u0422\u041a"},{"name":"NYM 2\u04251,5","amount":"1,8","amount_parts":"0,8; 0,7; 0,3; ","unit":"\u043a\u043c","city":"\u041c\u043e\u0441\u043a\u0432\u0430","company_id":"65","company_name":"\u041e\u041e\u041e \u0424\u041e\u0420\u0415\u0421 \u0422\u041f\u041a"},{"name":"NYM 2\u04451,5","amount":"0,15","amount_parts":"","unit":"\u043a\u043c","city":"\u041f\u0430\u0432\u043b\u043e\u0434\u0430\u0440","company_id":"7464","company_name":"\u0410\u041e \"\u041a\u0430\u0437\u044d\u043d\u0435\u0440\u0433\u043e\u043a\u0430\u0431\u0435\u043b\u044c\""},{"name":"NYM 2\u04451,5","amount":"1,448","amount_parts":"0,968; 0,48; ","unit":"\u043a\u043c","city":"\u0421\u0430\u043d\u043a\u0442-\u041f\u0435\u0442\u0435\u0440\u0431\u0443\u0440\u0433","company_id":"12442","company_name":"\u041e\u041e\u041e \u041c\u0438\u0446\u0430\u0440"},{"name":"NYM 2\u04451,5","amount":"0,05","amount_parts":"","unit":"\u043a\u043c","city":"\u041c\u043e\u0441\u043a\u0432\u0430","company_id":"8168","company_name":"\u041e\u041e\u041e \u00ab\u0422\u0435\u0445\u043d\u043e\u043a\u0430\u0431\u0435\u043b\u044c \u041c\u00bb \u041c\u043e\u0441\u043a\u0432\u0430"},{"name":"NYM 2\u04451,5","amount":"0,2","amount_parts":"","unit":"\u043a\u043c","city":"\u0421\u0430\u043d\u043a\u0442-\u041f\u0435\u0442\u0435\u0440\u0431\u0443\u0440\u0433","company_id":"27475","company_name":"\u041e\u041e\u041e \u041e\u0445\u0442\u0430\u041a\u0430\u0431\u0435\u043b\u044c"},{"name":"NYM 2\u04451,5","amount":"0,02","amount_parts":"","unit":"\u043a\u043c","city":"\u0421\u0430\u043d\u043a\u0442-\u041f\u0435\u0442\u0435\u0440\u0431\u0443\u0440\u0433","company_id":"16940","company_name":"\u041e\u041e\u041e \"\u041e\u043f\u0442\u0413\u0440\u0443\u043f\u043f\""},{"name":"NYM 2\u04451,5","amount":"0,35","amount_parts":"","unit":"\u043a\u043c","city":"\u0415\u043a\u0430\u0442\u0435\u0440\u0438\u043d\u0431\u0443\u0440\u0433","company_id":"22345","company_name":"\u041e\u041e\u041e \u042d\u043d\u0435\u0440\u0433\u043e\u0446\u0435\u043d\u0442\u0440-\u0415\u041a"},{"name":"NYM 2\u04451,5","amount":"0,964","amount_parts":"","unit":"\u043a\u043c","city":"\u0415\u043a\u0430\u0442\u0435\u0440\u0438\u043d\u0431\u0443\u0440\u0433","company_id":"8456","company_name":"\u041e\u041e\u041e \"\u041f\u0440\u043e\u043c\u042d\u043b\u0435\u043a\u0442\u0440\u043e\u041a\u0430\u0431\u0435\u043b\u044c\""},{"name":"NYM 2\u04451,5","amount":"3,671","amount_parts":"0,714; 2,957; ","unit":"\u043a\u043c","city":"\u041d\u0438\u0436\u043d\u0438\u0439 \u041d\u043e\u0432\u0433\u043e\u0440\u043e\u0434","company_id":"22212","company_name":"\u041e\u041e\u041e \"\u042d\u043b\u0435\u043a\u0442\u0440\u043e\u0442\u0435\u0445\u043d\u0438\u0447\u0435\u0441\u043a\u0430\u044f \u043a\u043e\u043c\u043f\u0430\u043d\u0438\u044f \"\u0422\u043e\u043b\u0435\u0434\u043e\""}],"performedDatetime":"2015-04-04T16:43:38Z","authStatus":"0","accessDateEnd":""}
=====

select s.id, s.comp_id, s.title, s.quant, s.unit_id, s.comments, s.city from
		sklad_tovar s where visible=1 and (title like 'nym%' or title like '% nym%') order by  s.title LIMIT 0, 20
q2: select count(id) from sklad_tovar s where visible=1 and (title like 'nym%' or title like '% nym%')
 auth: 100 
=====
Query:
sklad_user: Гость
sklad_hash: ffffffff-e737-17d9-ffff-ffff99d603a9
appleId: ffffffff-e737-17d9-ffff-ffff99d603a9
action: check_user_rights

=====
Response:
{"action":"check_user_rights","code":0,"performedDatetime":"2015-04-04T16:45:23Z","authStatus":"0","accessDateEnd":""}
=====


q2: 
 auth: 100 
=====
Query:
sklad_user: Гость
sklad_hash: ffffffff-e737-17d9-ffff-ffff99d603a9
appleId: ffffffff-e737-17d9-ffff-ffff99d603a9
sort: 0
resultsFrom: 0
action: get_goods_data
searchTerm: nym

=====
Response:
{"action":"get_goods_data","searchTerm":"nym","resultsFrom":0,"sort":0,"cityFilter":null,"code":0,"resultsCount":"558","lastPage":0,"data":[{"name":"NYM 2x1,5","amount":"2,42","amount_parts":"","unit":"\u043a\u043c","city":"\u0421\u0430\u043d\u043a\u0442-\u041f\u0435\u0442\u0435\u0440\u0431\u0443\u0440\u0433","company_id":"23900","company_name":"\u041e\u041e\u041e \u041e\u0442\u043a\u0440\u044b\u0442\u044b\u0439 \u041a\u0430\u0431\u0435\u043b\u044c\u043d\u044b\u0439 \u041f\u043e\u0440\u0442\u0430\u043b"},{"name":"NYM 2x1,5","amount":"1,85","amount_parts":"","unit":"\u043a\u043c","city":"\u0421\u0430\u043d\u043a\u0442-\u041f\u0435\u0442\u0435\u0440\u0431\u0443\u0440\u0433","company_id":"8853","company_name":"\u041e\u0410\u041e \"\u041c\u0435\u0442\u0440\u043e\u0441\u0442\u0440\u043e\u0439\" \u0444\u0438\u043b\u0438\u0430\u043b \u0423\u041f\u0422\u041a"},{"name":"NYM 2x2,5","amount":"2,87","amount_parts":"","unit":"\u043a\u043c","city":"\u0421\u0430\u043d\u043a\u0442-\u041f\u0435\u0442\u0435\u0440\u0431\u0443\u0440\u0433","company_id":"23900","company_name":"\u041e\u041e\u041e \u041e\u0442\u043a\u0440\u044b\u0442\u044b\u0439 \u041a\u0430\u0431\u0435\u043b\u044c\u043d\u044b\u0439 \u041f\u043e\u0440\u0442\u0430\u043b"},{"name":"NYM 2x2,5","amount":"1,725","amount_parts":"","unit":"\u043a\u043c","city":"\u0421\u0430\u043d\u043a\u0442-\u041f\u0435\u0442\u0435\u0440\u0431\u0443\u0440\u0433","company_id":"8853","company_name":"\u041e\u0410\u041e \"\u041c\u0435\u0442\u0440\u043e\u0441\u0442\u0440\u043e\u0439\" \u0444\u0438\u043b\u0438\u0430\u043b \u0423\u041f\u0422\u041a"},{"name":"NYM 2\u0445 1,5","amount":"0,2","amount_parts":"","unit":"\u043a\u043c","city":"\u041c\u043e\u0441\u043a\u0432\u0430","company_id":"22463","company_name":"\u042d\u043b\u0442\u0435\u043a\u043e\u043c \u0422\u041a"},{"name":"NYM 2\u0445 2,5","amount":"0,3","amount_parts":"","unit":"\u043a\u043c","city":"\u041c\u043e\u0441\u043a\u0432\u0430","company_id":"22463","company_name":"\u042d\u043b\u0442\u0435\u043a\u043e\u043c \u0422\u041a"},{"name":"NYM 2\u04451,5","amount":"0,28","amount_parts":"40;50;50;70;70","unit":"\u043a\u043c","city":"\u041c\u043e\u0441\u043a\u0432\u0430","company_id":"27474","company_name":"\u041e\u041e\u041e \u0410\u041c\u041a-\u041a\u0430\u0431\u0435\u043b\u044c"},{"name":"NYM 2\u04451,5","amount":"0,02","amount_parts":"","unit":"\u043a\u043c","city":"\u041c\u043e\u0441\u043a\u0432\u0430","company_id":"22412","company_name":"\u041e\u041e\u041e \u041a\u041e\u0420\u041f\u041e\u0420\u0410\u0426\u0418\u042f \u0411\u0430\u043b\u0442\u041f\u0440\u043e\u043c\u041a\u043e\u043c\u043f\u043b\u0435\u043a\u0442"},{"name":"NYM 2\u04451,5","amount":"9,6","amount_parts":"","unit":"\u043a\u043c","city":"\u0423\u0444\u0430","company_id":"15071","company_name":"\u0412\u0435\u043a\u0442\u043e\u0440"},{"name":"NYM 2\u04451,5","amount":"1,85","amount_parts":"","unit":"\u043a\u043c","city":"\u041e\u043c\u0441\u043a","company_id":"17122","company_name":"\u041e\u041e\u041e \u0426\u0435\u043d\u0442\u0440 \u042d\u043b\u0435\u043a\u0442\u0440\u043e\u0442\u0435\u0445\u043d\u0438\u0447\u0435\u0441\u043a\u043e\u0439 \u041a\u043e\u043c\u043f\u043b\u0435\u043a\u0442\u0430\u0446\u0438\u0438 \u041e\u0431\u044a\u0435\u043a\u0442\u043e\u0432"},{"name":"NYM 2\u04451,5","amount":"1,283","amount_parts":"","unit":"\u043a\u043c","city":"\u0421\u0430\u043d\u043a\u0442-\u041f\u0435\u0442\u0435\u0440\u0431\u0443\u0440\u0433","company_id":"8853","company_name":"\u041e\u0410\u041e \"\u041c\u0435\u0442\u0440\u043e\u0441\u0442\u0440\u043e\u0439\" \u0444\u0438\u043b\u0438\u0430\u043b \u0423\u041f\u0422\u041a"},{"name":"NYM 2\u04251,5","amount":"1,8","amount_parts":"0,8; 0,7; 0,3; ","unit":"\u043a\u043c","city":"\u041c\u043e\u0441\u043a\u0432\u0430","company_id":"65","company_name":"\u041e\u041e\u041e \u0424\u041e\u0420\u0415\u0421 \u0422\u041f\u041a"},{"name":"NYM 2\u04451,5","amount":"0,15","amount_parts":"","unit":"\u043a\u043c","city":"\u041f\u0430\u0432\u043b\u043e\u0434\u0430\u0440","company_id":"7464","company_name":"\u0410\u041e \"\u041a\u0430\u0437\u044d\u043d\u0435\u0440\u0433\u043e\u043a\u0430\u0431\u0435\u043b\u044c\""},{"name":"NYM 2\u04451,5","amount":"1,448","amount_parts":"0,968; 0,48; ","unit":"\u043a\u043c","city":"\u0421\u0430\u043d\u043a\u0442-\u041f\u0435\u0442\u0435\u0440\u0431\u0443\u0440\u0433","company_id":"12442","company_name":"\u041e\u041e\u041e \u041c\u0438\u0446\u0430\u0440"},{"name":"NYM 2\u04451,5","amount":"0,05","amount_parts":"","unit":"\u043a\u043c","city":"\u041c\u043e\u0441\u043a\u0432\u0430","company_id":"8168","company_name":"\u041e\u041e\u041e \u00ab\u0422\u0435\u0445\u043d\u043e\u043a\u0430\u0431\u0435\u043b\u044c \u041c\u00bb \u041c\u043e\u0441\u043a\u0432\u0430"},{"name":"NYM 2\u04451,5","amount":"0,2","amount_parts":"","unit":"\u043a\u043c","city":"\u0421\u0430\u043d\u043a\u0442-\u041f\u0435\u0442\u0435\u0440\u0431\u0443\u0440\u0433","company_id":"27475","company_name":"\u041e\u041e\u041e \u041e\u0445\u0442\u0430\u041a\u0430\u0431\u0435\u043b\u044c"},{"name":"NYM 2\u04451,5","amount":"0,02","amount_parts":"","unit":"\u043a\u043c","city":"\u0421\u0430\u043d\u043a\u0442-\u041f\u0435\u0442\u0435\u0440\u0431\u0443\u0440\u0433","company_id":"16940","company_name":"\u041e\u041e\u041e \"\u041e\u043f\u0442\u0413\u0440\u0443\u043f\u043f\""},{"name":"NYM 2\u04451,5","amount":"0,35","amount_parts":"","unit":"\u043a\u043c","city":"\u0415\u043a\u0430\u0442\u0435\u0440\u0438\u043d\u0431\u0443\u0440\u0433","company_id":"22345","company_name":"\u041e\u041e\u041e \u042d\u043d\u0435\u0440\u0433\u043e\u0446\u0435\u043d\u0442\u0440-\u0415\u041a"},{"name":"NYM 2\u04451,5","amount":"0,964","amount_parts":"","unit":"\u043a\u043c","city":"\u0415\u043a\u0430\u0442\u0435\u0440\u0438\u043d\u0431\u0443\u0440\u0433","company_id":"8456","company_name":"\u041e\u041e\u041e \"\u041f\u0440\u043e\u043c\u042d\u043b\u0435\u043a\u0442\u0440\u043e\u041a\u0430\u0431\u0435\u043b\u044c\""},{"name":"NYM 2\u04451,5","amount":"3,671","amount_parts":"0,714; 2,957; ","unit":"\u043a\u043c","city":"\u041d\u0438\u0436\u043d\u0438\u0439 \u041d\u043e\u0432\u0433\u043e\u0440\u043e\u0434","company_id":"22212","company_name":"\u041e\u041e\u041e \"\u042d\u043b\u0435\u043a\u0442\u0440\u043e\u0442\u0435\u0445\u043d\u0438\u0447\u0435\u0441\u043a\u0430\u044f \u043a\u043e\u043c\u043f\u0430\u043d\u0438\u044f \"\u0422\u043e\u043b\u0435\u0434\u043e\""}],"performedDatetime":"2015-04-04T16:45:39Z","authStatus":"0","accessDateEnd":""}
=====

select s.id, s.comp_id, s.title, s.quant, s.unit_id, s.comments, s.city from
		sklad_tovar s where visible=1 and (title like 'nym%' or title like '% nym%') order by  s.title LIMIT 0, 20
q2: select count(id) from sklad_tovar s where visible=1 and (title like 'nym%' or title like '% nym%')
 auth: 100 
=====
Query:
sklad_user: Гость
sklad_hash: ffffffff-e737-17d9-ffff-ffff99d603a9
appleId: ffffffff-e737-17d9-ffff-ffff99d603a9
action: check_user_rights

=====
Response:
{"action":"check_user_rights","code":0,"performedDatetime":"2015-04-04T18:00:17Z","authStatus":"0","accessDateEnd":""}
=====


q2: 
 auth: 100 
=====
Query:
sklad_user: Гость
sklad_hash: ffffffff-e737-17d9-ffff-ffff99d603a9
appleId: ffffffff-e737-17d9-ffff-ffff99d603a9
sort: 0
resultsFrom: 0
action: get_goods_data
searchTerm: nym

=====
Response:
{"action":"get_goods_data","searchTerm":"nym","resultsFrom":0,"sort":0,"cityFilter":null,"code":0,"resultsCount":"558","lastPage":0,"data":[{"name":"NYM 2x1,5","amount":"2,42","amount_parts":"","unit":"\u043a\u043c","city":"\u0421\u0430\u043d\u043a\u0442-\u041f\u0435\u0442\u0435\u0440\u0431\u0443\u0440\u0433","company_id":"23900","company_name":"\u041e\u041e\u041e \u041e\u0442\u043a\u0440\u044b\u0442\u044b\u0439 \u041a\u0430\u0431\u0435\u043b\u044c\u043d\u044b\u0439 \u041f\u043e\u0440\u0442\u0430\u043b"},{"name":"NYM 2x1,5","amount":"1,85","amount_parts":"","unit":"\u043a\u043c","city":"\u0421\u0430\u043d\u043a\u0442-\u041f\u0435\u0442\u0435\u0440\u0431\u0443\u0440\u0433","company_id":"8853","company_name":"\u041e\u0410\u041e \"\u041c\u0435\u0442\u0440\u043e\u0441\u0442\u0440\u043e\u0439\" \u0444\u0438\u043b\u0438\u0430\u043b \u0423\u041f\u0422\u041a"},{"name":"NYM 2x2,5","amount":"2,87","amount_parts":"","unit":"\u043a\u043c","city":"\u0421\u0430\u043d\u043a\u0442-\u041f\u0435\u0442\u0435\u0440\u0431\u0443\u0440\u0433","company_id":"23900","company_name":"\u041e\u041e\u041e \u041e\u0442\u043a\u0440\u044b\u0442\u044b\u0439 \u041a\u0430\u0431\u0435\u043b\u044c\u043d\u044b\u0439 \u041f\u043e\u0440\u0442\u0430\u043b"},{"name":"NYM 2x2,5","amount":"1,725","amount_parts":"","unit":"\u043a\u043c","city":"\u0421\u0430\u043d\u043a\u0442-\u041f\u0435\u0442\u0435\u0440\u0431\u0443\u0440\u0433","company_id":"8853","company_name":"\u041e\u0410\u041e \"\u041c\u0435\u0442\u0440\u043e\u0441\u0442\u0440\u043e\u0439\" \u0444\u0438\u043b\u0438\u0430\u043b \u0423\u041f\u0422\u041a"},{"name":"NYM 2\u0445 1,5","amount":"0,2","amount_parts":"","unit":"\u043a\u043c","city":"\u041c\u043e\u0441\u043a\u0432\u0430","company_id":"22463","company_name":"\u042d\u043b\u0442\u0435\u043a\u043e\u043c \u0422\u041a"},{"name":"NYM 2\u0445 2,5","amount":"0,3","amount_parts":"","unit":"\u043a\u043c","city":"\u041c\u043e\u0441\u043a\u0432\u0430","company_id":"22463","company_name":"\u042d\u043b\u0442\u0435\u043a\u043e\u043c \u0422\u041a"},{"name":"NYM 2\u04451,5","amount":"0,28","amount_parts":"40;50;50;70;70","unit":"\u043a\u043c","city":"\u041c\u043e\u0441\u043a\u0432\u0430","company_id":"27474","company_name":"\u041e\u041e\u041e \u0410\u041c\u041a-\u041a\u0430\u0431\u0435\u043b\u044c"},{"name":"NYM 2\u04451,5","amount":"0,02","amount_parts":"","unit":"\u043a\u043c","city":"\u041c\u043e\u0441\u043a\u0432\u0430","company_id":"22412","company_name":"\u041e\u041e\u041e \u041a\u041e\u0420\u041f\u041e\u0420\u0410\u0426\u0418\u042f \u0411\u0430\u043b\u0442\u041f\u0440\u043e\u043c\u041a\u043e\u043c\u043f\u043b\u0435\u043a\u0442"},{"name":"NYM 2\u04451,5","amount":"9,6","amount_parts":"","unit":"\u043a\u043c","city":"\u0423\u0444\u0430","company_id":"15071","company_name":"\u0412\u0435\u043a\u0442\u043e\u0440"},{"name":"NYM 2\u04451,5","amount":"1,85","amount_parts":"","unit":"\u043a\u043c","city":"\u041e\u043c\u0441\u043a","company_id":"17122","company_name":"\u041e\u041e\u041e \u0426\u0435\u043d\u0442\u0440 \u042d\u043b\u0435\u043a\u0442\u0440\u043e\u0442\u0435\u0445\u043d\u0438\u0447\u0435\u0441\u043a\u043e\u0439 \u041a\u043e\u043c\u043f\u043b\u0435\u043a\u0442\u0430\u0446\u0438\u0438 \u041e\u0431\u044a\u0435\u043a\u0442\u043e\u0432"},{"name":"NYM 2\u04451,5","amount":"1,283","amount_parts":"","unit":"\u043a\u043c","city":"\u0421\u0430\u043d\u043a\u0442-\u041f\u0435\u0442\u0435\u0440\u0431\u0443\u0440\u0433","company_id":"8853","company_name":"\u041e\u0410\u041e \"\u041c\u0435\u0442\u0440\u043e\u0441\u0442\u0440\u043e\u0439\" \u0444\u0438\u043b\u0438\u0430\u043b \u0423\u041f\u0422\u041a"},{"name":"NYM 2\u04251,5","amount":"1,8","amount_parts":"0,8; 0,7; 0,3; ","unit":"\u043a\u043c","city":"\u041c\u043e\u0441\u043a\u0432\u0430","company_id":"65","company_name":"\u041e\u041e\u041e \u0424\u041e\u0420\u0415\u0421 \u0422\u041f\u041a"},{"name":"NYM 2\u04451,5","amount":"0,15","amount_parts":"","unit":"\u043a\u043c","city":"\u041f\u0430\u0432\u043b\u043e\u0434\u0430\u0440","company_id":"7464","company_name":"\u0410\u041e \"\u041a\u0430\u0437\u044d\u043d\u0435\u0440\u0433\u043e\u043a\u0430\u0431\u0435\u043b\u044c\""},{"name":"NYM 2\u04451,5","amount":"1,448","amount_parts":"0,968; 0,48; ","unit":"\u043a\u043c","city":"\u0421\u0430\u043d\u043a\u0442-\u041f\u0435\u0442\u0435\u0440\u0431\u0443\u0440\u0433","company_id":"12442","company_name":"\u041e\u041e\u041e \u041c\u0438\u0446\u0430\u0440"},{"name":"NYM 2\u04451,5","amount":"0,05","amount_parts":"","unit":"\u043a\u043c","city":"\u041c\u043e\u0441\u043a\u0432\u0430","company_id":"8168","company_name":"\u041e\u041e\u041e \u00ab\u0422\u0435\u0445\u043d\u043e\u043a\u0430\u0431\u0435\u043b\u044c \u041c\u00bb \u041c\u043e\u0441\u043a\u0432\u0430"},{"name":"NYM 2\u04451,5","amount":"0,2","amount_parts":"","unit":"\u043a\u043c","city":"\u0421\u0430\u043d\u043a\u0442-\u041f\u0435\u0442\u0435\u0440\u0431\u0443\u0440\u0433","company_id":"27475","company_name":"\u041e\u041e\u041e \u041e\u0445\u0442\u0430\u041a\u0430\u0431\u0435\u043b\u044c"},{"name":"NYM 2\u04451,5","amount":"0,02","amount_parts":"","unit":"\u043a\u043c","city":"\u0421\u0430\u043d\u043a\u0442-\u041f\u0435\u0442\u0435\u0440\u0431\u0443\u0440\u0433","company_id":"16940","company_name":"\u041e\u041e\u041e \"\u041e\u043f\u0442\u0413\u0440\u0443\u043f\u043f\""},{"name":"NYM 2\u04451,5","amount":"0,35","amount_parts":"","unit":"\u043a\u043c","city":"\u0415\u043a\u0430\u0442\u0435\u0440\u0438\u043d\u0431\u0443\u0440\u0433","company_id":"22345","company_name":"\u041e\u041e\u041e \u042d\u043d\u0435\u0440\u0433\u043e\u0446\u0435\u043d\u0442\u0440-\u0415\u041a"},{"name":"NYM 2\u04451,5","amount":"0,964","amount_parts":"","unit":"\u043a\u043c","city":"\u0415\u043a\u0430\u0442\u0435\u0440\u0438\u043d\u0431\u0443\u0440\u0433","company_id":"8456","company_name":"\u041e\u041e\u041e \"\u041f\u0440\u043e\u043c\u042d\u043b\u0435\u043a\u0442\u0440\u043e\u041a\u0430\u0431\u0435\u043b\u044c\""},{"name":"NYM 2\u04451,5","amount":"3,671","amount_parts":"0,714; 2,957; ","unit":"\u043a\u043c","city":"\u041d\u0438\u0436\u043d\u0438\u0439 \u041d\u043e\u0432\u0433\u043e\u0440\u043e\u0434","company_id":"22212","company_name":"\u041e\u041e\u041e \"\u042d\u043b\u0435\u043a\u0442\u0440\u043e\u0442\u0435\u0445\u043d\u0438\u0447\u0435\u0441\u043a\u0430\u044f \u043a\u043e\u043c\u043f\u0430\u043d\u0438\u044f \"\u0422\u043e\u043b\u0435\u0434\u043e\""}],"performedDatetime":"2015-04-04T18:00:26Z","authStatus":"0","accessDateEnd":""}
=====

select s.id, s.comp_id, s.title, s.quant, s.unit_id, s.comments, s.city from
		sklad_tovar s where visible=1 and (title like 'nym%' or title like '% nym%') order by  s.title LIMIT 0, 20
q2: select count(id) from sklad_tovar s where visible=1 and (title like 'nym%' or title like '% nym%')
 auth: 100 
=====
Query:
sklad_user: Гость
sklad_hash: ffffffff-e737-17d9-ffff-ffff99d603a9
appleId: ffffffff-e737-17d9-ffff-ffff99d603a9
action: check_user_rights

=====
Response:
{"action":"check_user_rights","code":0,"performedDatetime":"2015-04-04T18:04:22Z","authStatus":"0","accessDateEnd":""}
=====


q2: 
 auth: 100 
=====
Query:
sklad_user: Гость
sklad_hash: ffffffff-e737-17d9-ffff-ffff99d603a9
appleId: ffffffff-e737-17d9-ffff-ffff99d603a9
sort: 0
resultsFrom: 0
action: get_goods_data
searchTerm: nym

=====
Response:
{"action":"get_goods_data","searchTerm":"nym","resultsFrom":0,"sort":0,"cityFilter":null,"code":0,"resultsCount":"558","lastPage":0,"data":[{"name":"NYM 2x1,5","amount":"2,42","amount_parts":"","unit":"\u043a\u043c","city":"\u0421\u0430\u043d\u043a\u0442-\u041f\u0435\u0442\u0435\u0440\u0431\u0443\u0440\u0433","company_id":"23900","company_name":"\u041e\u041e\u041e \u041e\u0442\u043a\u0440\u044b\u0442\u044b\u0439 \u041a\u0430\u0431\u0435\u043b\u044c\u043d\u044b\u0439 \u041f\u043e\u0440\u0442\u0430\u043b"},{"name":"NYM 2x1,5","amount":"1,85","amount_parts":"","unit":"\u043a\u043c","city":"\u0421\u0430\u043d\u043a\u0442-\u041f\u0435\u0442\u0435\u0440\u0431\u0443\u0440\u0433","company_id":"8853","company_name":"\u041e\u0410\u041e \"\u041c\u0435\u0442\u0440\u043e\u0441\u0442\u0440\u043e\u0439\" \u0444\u0438\u043b\u0438\u0430\u043b \u0423\u041f\u0422\u041a"},{"name":"NYM 2x2,5","amount":"2,87","amount_parts":"","unit":"\u043a\u043c","city":"\u0421\u0430\u043d\u043a\u0442-\u041f\u0435\u0442\u0435\u0440\u0431\u0443\u0440\u0433","company_id":"23900","company_name":"\u041e\u041e\u041e \u041e\u0442\u043a\u0440\u044b\u0442\u044b\u0439 \u041a\u0430\u0431\u0435\u043b\u044c\u043d\u044b\u0439 \u041f\u043e\u0440\u0442\u0430\u043b"},{"name":"NYM 2x2,5","amount":"1,725","amount_parts":"","unit":"\u043a\u043c","city":"\u0421\u0430\u043d\u043a\u0442-\u041f\u0435\u0442\u0435\u0440\u0431\u0443\u0440\u0433","company_id":"8853","company_name":"\u041e\u0410\u041e \"\u041c\u0435\u0442\u0440\u043e\u0441\u0442\u0440\u043e\u0439\" \u0444\u0438\u043b\u0438\u0430\u043b \u0423\u041f\u0422\u041a"},{"name":"NYM 2\u0445 1,5","amount":"0,2","amount_parts":"","unit":"\u043a\u043c","city":"\u041c\u043e\u0441\u043a\u0432\u0430","company_id":"22463","company_name":"\u042d\u043b\u0442\u0435\u043a\u043e\u043c \u0422\u041a"},{"name":"NYM 2\u0445 2,5","amount":"0,3","amount_parts":"","unit":"\u043a\u043c","city":"\u041c\u043e\u0441\u043a\u0432\u0430","company_id":"22463","company_name":"\u042d\u043b\u0442\u0435\u043a\u043e\u043c \u0422\u041a"},{"name":"NYM 2\u04451,5","amount":"0,28","amount_parts":"40;50;50;70;70","unit":"\u043a\u043c","city":"\u041c\u043e\u0441\u043a\u0432\u0430","company_id":"27474","company_name":"\u041e\u041e\u041e \u0410\u041c\u041a-\u041a\u0430\u0431\u0435\u043b\u044c"},{"name":"NYM 2\u04451,5","amount":"0,02","amount_parts":"","unit":"\u043a\u043c","city":"\u041c\u043e\u0441\u043a\u0432\u0430","company_id":"22412","company_name":"\u041e\u041e\u041e \u041a\u041e\u0420\u041f\u041e\u0420\u0410\u0426\u0418\u042f \u0411\u0430\u043b\u0442\u041f\u0440\u043e\u043c\u041a\u043e\u043c\u043f\u043b\u0435\u043a\u0442"},{"name":"NYM 2\u04451,5","amount":"9,6","amount_parts":"","unit":"\u043a\u043c","city":"\u0423\u0444\u0430","company_id":"15071","company_name":"\u0412\u0435\u043a\u0442\u043e\u0440"},{"name":"NYM 2\u04451,5","amount":"1,85","amount_parts":"","unit":"\u043a\u043c","city":"\u041e\u043c\u0441\u043a","company_id":"17122","company_name":"\u041e\u041e\u041e \u0426\u0435\u043d\u0442\u0440 \u042d\u043b\u0435\u043a\u0442\u0440\u043e\u0442\u0435\u0445\u043d\u0438\u0447\u0435\u0441\u043a\u043e\u0439 \u041a\u043e\u043c\u043f\u043b\u0435\u043a\u0442\u0430\u0446\u0438\u0438 \u041e\u0431\u044a\u0435\u043a\u0442\u043e\u0432"},{"name":"NYM 2\u04451,5","amount":"1,283","amount_parts":"","unit":"\u043a\u043c","city":"\u0421\u0430\u043d\u043a\u0442-\u041f\u0435\u0442\u0435\u0440\u0431\u0443\u0440\u0433","company_id":"8853","company_name":"\u041e\u0410\u041e \"\u041c\u0435\u0442\u0440\u043e\u0441\u0442\u0440\u043e\u0439\" \u0444\u0438\u043b\u0438\u0430\u043b \u0423\u041f\u0422\u041a"},{"name":"NYM 2\u04251,5","amount":"1,8","amount_parts":"0,8; 0,7; 0,3; ","unit":"\u043a\u043c","city":"\u041c\u043e\u0441\u043a\u0432\u0430","company_id":"65","company_name":"\u041e\u041e\u041e \u0424\u041e\u0420\u0415\u0421 \u0422\u041f\u041a"},{"name":"NYM 2\u04451,5","amount":"0,15","amount_parts":"","unit":"\u043a\u043c","city":"\u041f\u0430\u0432\u043b\u043e\u0434\u0430\u0440","company_id":"7464","company_name":"\u0410\u041e \"\u041a\u0430\u0437\u044d\u043d\u0435\u0440\u0433\u043e\u043a\u0430\u0431\u0435\u043b\u044c\""},{"name":"NYM 2\u04451,5","amount":"1,448","amount_parts":"0,968; 0,48; ","unit":"\u043a\u043c","city":"\u0421\u0430\u043d\u043a\u0442-\u041f\u0435\u0442\u0435\u0440\u0431\u0443\u0440\u0433","company_id":"12442","company_name":"\u041e\u041e\u041e \u041c\u0438\u0446\u0430\u0440"},{"name":"NYM 2\u04451,5","amount":"0,05","amount_parts":"","unit":"\u043a\u043c","city":"\u041c\u043e\u0441\u043a\u0432\u0430","company_id":"8168","company_name":"\u041e\u041e\u041e \u00ab\u0422\u0435\u0445\u043d\u043e\u043a\u0430\u0431\u0435\u043b\u044c \u041c\u00bb \u041c\u043e\u0441\u043a\u0432\u0430"},{"name":"NYM 2\u04451,5","amount":"0,2","amount_parts":"","unit":"\u043a\u043c","city":"\u0421\u0430\u043d\u043a\u0442-\u041f\u0435\u0442\u0435\u0440\u0431\u0443\u0440\u0433","company_id":"27475","company_name":"\u041e\u041e\u041e \u041e\u0445\u0442\u0430\u041a\u0430\u0431\u0435\u043b\u044c"},{"name":"NYM 2\u04451,5","amount":"0,02","amount_parts":"","unit":"\u043a\u043c","city":"\u0421\u0430\u043d\u043a\u0442-\u041f\u0435\u0442\u0435\u0440\u0431\u0443\u0440\u0433","company_id":"16940","company_name":"\u041e\u041e\u041e \"\u041e\u043f\u0442\u0413\u0440\u0443\u043f\u043f\""},{"name":"NYM 2\u04451,5","amount":"0,35","amount_parts":"","unit":"\u043a\u043c","city":"\u0415\u043a\u0430\u0442\u0435\u0440\u0438\u043d\u0431\u0443\u0440\u0433","company_id":"22345","company_name":"\u041e\u041e\u041e \u042d\u043d\u0435\u0440\u0433\u043e\u0446\u0435\u043d\u0442\u0440-\u0415\u041a"},{"name":"NYM 2\u04451,5","amount":"0,964","amount_parts":"","unit":"\u043a\u043c","city":"\u0415\u043a\u0430\u0442\u0435\u0440\u0438\u043d\u0431\u0443\u0440\u0433","company_id":"8456","company_name":"\u041e\u041e\u041e \"\u041f\u0440\u043e\u043c\u042d\u043b\u0435\u043a\u0442\u0440\u043e\u041a\u0430\u0431\u0435\u043b\u044c\""},{"name":"NYM 2\u04451,5","amount":"3,671","amount_parts":"0,714; 2,957; ","unit":"\u043a\u043c","city":"\u041d\u0438\u0436\u043d\u0438\u0439 \u041d\u043e\u0432\u0433\u043e\u0440\u043e\u0434","company_id":"22212","company_name":"\u041e\u041e\u041e \"\u042d\u043b\u0435\u043a\u0442\u0440\u043e\u0442\u0435\u0445\u043d\u0438\u0447\u0435\u0441\u043a\u0430\u044f \u043a\u043e\u043c\u043f\u0430\u043d\u0438\u044f \"\u0422\u043e\u043b\u0435\u0434\u043e\""}],"performedDatetime":"2015-04-04T18:04:31Z","authStatus":"0","accessDateEnd":""}
=====

select s.id, s.comp_id, s.title, s.quant, s.unit_id, s.comments, s.city from
		sklad_tovar s where visible=1 and (title like 'nym%' or title like '% nym%') order by  s.title LIMIT 0, 20
q2: select count(id) from sklad_tovar s where visible=1 and (title like 'nym%' or title like '% nym%')
 auth: 100 
=====
Query:
sklad_user: Гость
sklad_hash: ffffffff-e737-17d9-ffff-ffff99d603a9
appleId: ffffffff-e737-17d9-ffff-ffff99d603a9
action: check_user_rights

=====
Response:
{"action":"check_user_rights","code":0,"performedDatetime":"2015-04-04T18:11:41Z","authStatus":"0","accessDateEnd":""}
=====


q2: 
 auth: 100 
=====
Query:
sklad_user: Гость
sklad_hash: ffffffff-e737-17d9-ffff-ffff99d603a9
appleId: ffffffff-e737-17d9-ffff-ffff99d603a9
sort: 0
resultsFrom: 0
action: get_goods_data
searchTerm: nym

=====
Response:
{"action":"get_goods_data","searchTerm":"nym","resultsFrom":0,"sort":0,"cityFilter":null,"code":0,"resultsCount":"558","lastPage":0,"data":[{"name":"NYM 2x1,5","amount":"2,42","amount_parts":"","unit":"\u043a\u043c","city":"\u0421\u0430\u043d\u043a\u0442-\u041f\u0435\u0442\u0435\u0440\u0431\u0443\u0440\u0433","company_id":"23900","company_name":"\u041e\u041e\u041e \u041e\u0442\u043a\u0440\u044b\u0442\u044b\u0439 \u041a\u0430\u0431\u0435\u043b\u044c\u043d\u044b\u0439 \u041f\u043e\u0440\u0442\u0430\u043b"},{"name":"NYM 2x1,5","amount":"1,85","amount_parts":"","unit":"\u043a\u043c","city":"\u0421\u0430\u043d\u043a\u0442-\u041f\u0435\u0442\u0435\u0440\u0431\u0443\u0440\u0433","company_id":"8853","company_name":"\u041e\u0410\u041e \"\u041c\u0435\u0442\u0440\u043e\u0441\u0442\u0440\u043e\u0439\" \u0444\u0438\u043b\u0438\u0430\u043b \u0423\u041f\u0422\u041a"},{"name":"NYM 2x2,5","amount":"2,87","amount_parts":"","unit":"\u043a\u043c","city":"\u0421\u0430\u043d\u043a\u0442-\u041f\u0435\u0442\u0435\u0440\u0431\u0443\u0440\u0433","company_id":"23900","company_name":"\u041e\u041e\u041e \u041e\u0442\u043a\u0440\u044b\u0442\u044b\u0439 \u041a\u0430\u0431\u0435\u043b\u044c\u043d\u044b\u0439 \u041f\u043e\u0440\u0442\u0430\u043b"},{"name":"NYM 2x2,5","amount":"1,725","amount_parts":"","unit":"\u043a\u043c","city":"\u0421\u0430\u043d\u043a\u0442-\u041f\u0435\u0442\u0435\u0440\u0431\u0443\u0440\u0433","company_id":"8853","company_name":"\u041e\u0410\u041e \"\u041c\u0435\u0442\u0440\u043e\u0441\u0442\u0440\u043e\u0439\" \u0444\u0438\u043b\u0438\u0430\u043b \u0423\u041f\u0422\u041a"},{"name":"NYM 2\u0445 1,5","amount":"0,2","amount_parts":"","unit":"\u043a\u043c","city":"\u041c\u043e\u0441\u043a\u0432\u0430","company_id":"22463","company_name":"\u042d\u043b\u0442\u0435\u043a\u043e\u043c \u0422\u041a"},{"name":"NYM 2\u0445 2,5","amount":"0,3","amount_parts":"","unit":"\u043a\u043c","city":"\u041c\u043e\u0441\u043a\u0432\u0430","company_id":"22463","company_name":"\u042d\u043b\u0442\u0435\u043a\u043e\u043c \u0422\u041a"},{"name":"NYM 2\u04451,5","amount":"0,28","amount_parts":"40;50;50;70;70","unit":"\u043a\u043c","city":"\u041c\u043e\u0441\u043a\u0432\u0430","company_id":"27474","company_name":"\u041e\u041e\u041e \u0410\u041c\u041a-\u041a\u0430\u0431\u0435\u043b\u044c"},{"name":"NYM 2\u04451,5","amount":"0,02","amount_parts":"","unit":"\u043a\u043c","city":"\u041c\u043e\u0441\u043a\u0432\u0430","company_id":"22412","company_name":"\u041e\u041e\u041e \u041a\u041e\u0420\u041f\u041e\u0420\u0410\u0426\u0418\u042f \u0411\u0430\u043b\u0442\u041f\u0440\u043e\u043c\u041a\u043e\u043c\u043f\u043b\u0435\u043a\u0442"},{"name":"NYM 2\u04451,5","amount":"9,6","amount_parts":"","unit":"\u043a\u043c","city":"\u0423\u0444\u0430","company_id":"15071","company_name":"\u0412\u0435\u043a\u0442\u043e\u0440"},{"name":"NYM 2\u04451,5","amount":"1,85","amount_parts":"","unit":"\u043a\u043c","city":"\u041e\u043c\u0441\u043a","company_id":"17122","company_name":"\u041e\u041e\u041e \u0426\u0435\u043d\u0442\u0440 \u042d\u043b\u0435\u043a\u0442\u0440\u043e\u0442\u0435\u0445\u043d\u0438\u0447\u0435\u0441\u043a\u043e\u0439 \u041a\u043e\u043c\u043f\u043b\u0435\u043a\u0442\u0430\u0446\u0438\u0438 \u041e\u0431\u044a\u0435\u043a\u0442\u043e\u0432"},{"name":"NYM 2\u04451,5","amount":"1,283","amount_parts":"","unit":"\u043a\u043c","city":"\u0421\u0430\u043d\u043a\u0442-\u041f\u0435\u0442\u0435\u0440\u0431\u0443\u0440\u0433","company_id":"8853","company_name":"\u041e\u0410\u041e \"\u041c\u0435\u0442\u0440\u043e\u0441\u0442\u0440\u043e\u0439\" \u0444\u0438\u043b\u0438\u0430\u043b \u0423\u041f\u0422\u041a"},{"name":"NYM 2\u04251,5","amount":"1,8","amount_parts":"0,8; 0,7; 0,3; ","unit":"\u043a\u043c","city":"\u041c\u043e\u0441\u043a\u0432\u0430","company_id":"65","company_name":"\u041e\u041e\u041e \u0424\u041e\u0420\u0415\u0421 \u0422\u041f\u041a"},{"name":"NYM 2\u04451,5","amount":"0,15","amount_parts":"","unit":"\u043a\u043c","city":"\u041f\u0430\u0432\u043b\u043e\u0434\u0430\u0440","company_id":"7464","company_name":"\u0410\u041e \"\u041a\u0430\u0437\u044d\u043d\u0435\u0440\u0433\u043e\u043a\u0430\u0431\u0435\u043b\u044c\""},{"name":"NYM 2\u04451,5","amount":"1,448","amount_parts":"0,968; 0,48; ","unit":"\u043a\u043c","city":"\u0421\u0430\u043d\u043a\u0442-\u041f\u0435\u0442\u0435\u0440\u0431\u0443\u0440\u0433","company_id":"12442","company_name":"\u041e\u041e\u041e \u041c\u0438\u0446\u0430\u0440"},{"name":"NYM 2\u04451,5","amount":"0,05","amount_parts":"","unit":"\u043a\u043c","city":"\u041c\u043e\u0441\u043a\u0432\u0430","company_id":"8168","company_name":"\u041e\u041e\u041e \u00ab\u0422\u0435\u0445\u043d\u043e\u043a\u0430\u0431\u0435\u043b\u044c \u041c\u00bb \u041c\u043e\u0441\u043a\u0432\u0430"},{"name":"NYM 2\u04451,5","amount":"0,2","amount_parts":"","unit":"\u043a\u043c","city":"\u0421\u0430\u043d\u043a\u0442-\u041f\u0435\u0442\u0435\u0440\u0431\u0443\u0440\u0433","company_id":"27475","company_name":"\u041e\u041e\u041e \u041e\u0445\u0442\u0430\u041a\u0430\u0431\u0435\u043b\u044c"},{"name":"NYM 2\u04451,5","amount":"0,02","amount_parts":"","unit":"\u043a\u043c","city":"\u0421\u0430\u043d\u043a\u0442-\u041f\u0435\u0442\u0435\u0440\u0431\u0443\u0440\u0433","company_id":"16940","company_name":"\u041e\u041e\u041e \"\u041e\u043f\u0442\u0413\u0440\u0443\u043f\u043f\""},{"name":"NYM 2\u04451,5","amount":"0,35","amount_parts":"","unit":"\u043a\u043c","city":"\u0415\u043a\u0430\u0442\u0435\u0440\u0438\u043d\u0431\u0443\u0440\u0433","company_id":"22345","company_name":"\u041e\u041e\u041e \u042d\u043d\u0435\u0440\u0433\u043e\u0446\u0435\u043d\u0442\u0440-\u0415\u041a"},{"name":"NYM 2\u04451,5","amount":"0,964","amount_parts":"","unit":"\u043a\u043c","city":"\u0415\u043a\u0430\u0442\u0435\u0440\u0438\u043d\u0431\u0443\u0440\u0433","company_id":"8456","company_name":"\u041e\u041e\u041e \"\u041f\u0440\u043e\u043c\u042d\u043b\u0435\u043a\u0442\u0440\u043e\u041a\u0430\u0431\u0435\u043b\u044c\""},{"name":"NYM 2\u04451,5","amount":"3,671","amount_parts":"0,714; 2,957; ","unit":"\u043a\u043c","city":"\u041d\u0438\u0436\u043d\u0438\u0439 \u041d\u043e\u0432\u0433\u043e\u0440\u043e\u0434","company_id":"22212","company_name":"\u041e\u041e\u041e \"\u042d\u043b\u0435\u043a\u0442\u0440\u043e\u0442\u0435\u0445\u043d\u0438\u0447\u0435\u0441\u043a\u0430\u044f \u043a\u043e\u043c\u043f\u0430\u043d\u0438\u044f \"\u0422\u043e\u043b\u0435\u0434\u043e\""}],"performedDatetime":"2015-04-04T18:45:28Z","authStatus":"0","accessDateEnd":""}
=====

select s.id, s.comp_id, s.title, s.quant, s.unit_id, s.comments, s.city from
		sklad_tovar s where visible=1 and (title like 'nym%' or title like '% nym%') order by  s.title LIMIT 0, 20
q2: select count(id) from sklad_tovar s where visible=1 and (title like 'nym%' or title like '% nym%')
 auth: 100 
=====
Query:
sklad_user: Гость
sklad_hash: ffffffff-e737-17d9-ffff-ffff99d603a9
appleId: ffffffff-e737-17d9-ffff-ffff99d603a9
action: check_user_rights

=====
Response:
{"action":"check_user_rights","code":0,"performedDatetime":"2015-04-04T19:46:46Z","authStatus":"0","accessDateEnd":""}
=====


q2: 
 auth: 100 
=====
Query:
sklad_user: Гость
sklad_hash: ffffffff-e737-17d9-ffff-ffff99d603a9
appleId: ffffffff-e737-17d9-ffff-ffff99d603a9
sort: 0
resultsFrom: 0
action: get_goods_data
searchTerm: nym

=====
Response:
{"action":"get_goods_data","searchTerm":"nym","resultsFrom":0,"sort":0,"cityFilter":null,"code":0,"resultsCount":"558","lastPage":0,"data":[{"name":"NYM 2x1,5","amount":"2,42","amount_parts":"","unit":"\u043a\u043c","city":"\u0421\u0430\u043d\u043a\u0442-\u041f\u0435\u0442\u0435\u0440\u0431\u0443\u0440\u0433","company_id":"23900","company_name":"\u041e\u041e\u041e \u041e\u0442\u043a\u0440\u044b\u0442\u044b\u0439 \u041a\u0430\u0431\u0435\u043b\u044c\u043d\u044b\u0439 \u041f\u043e\u0440\u0442\u0430\u043b"},{"name":"NYM 2x1,5","amount":"1,85","amount_parts":"","unit":"\u043a\u043c","city":"\u0421\u0430\u043d\u043a\u0442-\u041f\u0435\u0442\u0435\u0440\u0431\u0443\u0440\u0433","company_id":"8853","company_name":"\u041e\u0410\u041e \"\u041c\u0435\u0442\u0440\u043e\u0441\u0442\u0440\u043e\u0439\" \u0444\u0438\u043b\u0438\u0430\u043b \u0423\u041f\u0422\u041a"},{"name":"NYM 2x2,5","amount":"2,87","amount_parts":"","unit":"\u043a\u043c","city":"\u0421\u0430\u043d\u043a\u0442-\u041f\u0435\u0442\u0435\u0440\u0431\u0443\u0440\u0433","company_id":"23900","company_name":"\u041e\u041e\u041e \u041e\u0442\u043a\u0440\u044b\u0442\u044b\u0439 \u041a\u0430\u0431\u0435\u043b\u044c\u043d\u044b\u0439 \u041f\u043e\u0440\u0442\u0430\u043b"},{"name":"NYM 2x2,5","amount":"1,725","amount_parts":"","unit":"\u043a\u043c","city":"\u0421\u0430\u043d\u043a\u0442-\u041f\u0435\u0442\u0435\u0440\u0431\u0443\u0440\u0433","company_id":"8853","company_name":"\u041e\u0410\u041e \"\u041c\u0435\u0442\u0440\u043e\u0441\u0442\u0440\u043e\u0439\" \u0444\u0438\u043b\u0438\u0430\u043b \u0423\u041f\u0422\u041a"},{"name":"NYM 2\u0445 1,5","amount":"0,2","amount_parts":"","unit":"\u043a\u043c","city":"\u041c\u043e\u0441\u043a\u0432\u0430","company_id":"22463","company_name":"\u042d\u043b\u0442\u0435\u043a\u043e\u043c \u0422\u041a"},{"name":"NYM 2\u0445 2,5","amount":"0,3","amount_parts":"","unit":"\u043a\u043c","city":"\u041c\u043e\u0441\u043a\u0432\u0430","company_id":"22463","company_name":"\u042d\u043b\u0442\u0435\u043a\u043e\u043c \u0422\u041a"},{"name":"NYM 2\u04451,5","amount":"0,28","amount_parts":"40;50;50;70;70","unit":"\u043a\u043c","city":"\u041c\u043e\u0441\u043a\u0432\u0430","company_id":"27474","company_name":"\u041e\u041e\u041e \u0410\u041c\u041a-\u041a\u0430\u0431\u0435\u043b\u044c"},{"name":"NYM 2\u04451,5","amount":"0,02","amount_parts":"","unit":"\u043a\u043c","city":"\u041c\u043e\u0441\u043a\u0432\u0430","company_id":"22412","company_name":"\u041e\u041e\u041e \u041a\u041e\u0420\u041f\u041e\u0420\u0410\u0426\u0418\u042f \u0411\u0430\u043b\u0442\u041f\u0440\u043e\u043c\u041a\u043e\u043c\u043f\u043b\u0435\u043a\u0442"},{"name":"NYM 2\u04451,5","amount":"9,6","amount_parts":"","unit":"\u043a\u043c","city":"\u0423\u0444\u0430","company_id":"15071","company_name":"\u0412\u0435\u043a\u0442\u043e\u0440"},{"name":"NYM 2\u04451,5","amount":"1,85","amount_parts":"","unit":"\u043a\u043c","city":"\u041e\u043c\u0441\u043a","company_id":"17122","company_name":"\u041e\u041e\u041e \u0426\u0435\u043d\u0442\u0440 \u042d\u043b\u0435\u043a\u0442\u0440\u043e\u0442\u0435\u0445\u043d\u0438\u0447\u0435\u0441\u043a\u043e\u0439 \u041a\u043e\u043c\u043f\u043b\u0435\u043a\u0442\u0430\u0446\u0438\u0438 \u041e\u0431\u044a\u0435\u043a\u0442\u043e\u0432"},{"name":"NYM 2\u04451,5","amount":"1,283","amount_parts":"","unit":"\u043a\u043c","city":"\u0421\u0430\u043d\u043a\u0442-\u041f\u0435\u0442\u0435\u0440\u0431\u0443\u0440\u0433","company_id":"8853","company_name":"\u041e\u0410\u041e \"\u041c\u0435\u0442\u0440\u043e\u0441\u0442\u0440\u043e\u0439\" \u0444\u0438\u043b\u0438\u0430\u043b \u0423\u041f\u0422\u041a"},{"name":"NYM 2\u04251,5","amount":"1,8","amount_parts":"0,8; 0,7; 0,3; ","unit":"\u043a\u043c","city":"\u041c\u043e\u0441\u043a\u0432\u0430","company_id":"65","company_name":"\u041e\u041e\u041e \u0424\u041e\u0420\u0415\u0421 \u0422\u041f\u041a"},{"name":"NYM 2\u04451,5","amount":"0,15","amount_parts":"","unit":"\u043a\u043c","city":"\u041f\u0430\u0432\u043b\u043e\u0434\u0430\u0440","company_id":"7464","company_name":"\u0410\u041e \"\u041a\u0430\u0437\u044d\u043d\u0435\u0440\u0433\u043e\u043a\u0430\u0431\u0435\u043b\u044c\""},{"name":"NYM 2\u04451,5","amount":"1,448","amount_parts":"0,968; 0,48; ","unit":"\u043a\u043c","city":"\u0421\u0430\u043d\u043a\u0442-\u041f\u0435\u0442\u0435\u0440\u0431\u0443\u0440\u0433","company_id":"12442","company_name":"\u041e\u041e\u041e \u041c\u0438\u0446\u0430\u0440"},{"name":"NYM 2\u04451,5","amount":"0,05","amount_parts":"","unit":"\u043a\u043c","city":"\u041c\u043e\u0441\u043a\u0432\u0430","company_id":"8168","company_name":"\u041e\u041e\u041e \u00ab\u0422\u0435\u0445\u043d\u043e\u043a\u0430\u0431\u0435\u043b\u044c \u041c\u00bb \u041c\u043e\u0441\u043a\u0432\u0430"},{"name":"NYM 2\u04451,5","amount":"0,2","amount_parts":"","unit":"\u043a\u043c","city":"\u0421\u0430\u043d\u043a\u0442-\u041f\u0435\u0442\u0435\u0440\u0431\u0443\u0440\u0433","company_id":"27475","company_name":"\u041e\u041e\u041e \u041e\u0445\u0442\u0430\u041a\u0430\u0431\u0435\u043b\u044c"},{"name":"NYM 2\u04451,5","amount":"0,02","amount_parts":"","unit":"\u043a\u043c","city":"\u0421\u0430\u043d\u043a\u0442-\u041f\u0435\u0442\u0435\u0440\u0431\u0443\u0440\u0433","company_id":"16940","company_name":"\u041e\u041e\u041e \"\u041e\u043f\u0442\u0413\u0440\u0443\u043f\u043f\""},{"name":"NYM 2\u04451,5","amount":"0,35","amount_parts":"","unit":"\u043a\u043c","city":"\u0415\u043a\u0430\u0442\u0435\u0440\u0438\u043d\u0431\u0443\u0440\u0433","company_id":"22345","company_name":"\u041e\u041e\u041e \u042d\u043d\u0435\u0440\u0433\u043e\u0446\u0435\u043d\u0442\u0440-\u0415\u041a"},{"name":"NYM 2\u04451,5","amount":"0,964","amount_parts":"","unit":"\u043a\u043c","city":"\u0415\u043a\u0430\u0442\u0435\u0440\u0438\u043d\u0431\u0443\u0440\u0433","company_id":"8456","company_name":"\u041e\u041e\u041e \"\u041f\u0440\u043e\u043c\u042d\u043b\u0435\u043a\u0442\u0440\u043e\u041a\u0430\u0431\u0435\u043b\u044c\""},{"name":"NYM 2\u04451,5","amount":"3,671","amount_parts":"0,714; 2,957; ","unit":"\u043a\u043c","city":"\u041d\u0438\u0436\u043d\u0438\u0439 \u041d\u043e\u0432\u0433\u043e\u0440\u043e\u0434","company_id":"22212","company_name":"\u041e\u041e\u041e \"\u042d\u043b\u0435\u043a\u0442\u0440\u043e\u0442\u0435\u0445\u043d\u0438\u0447\u0435\u0441\u043a\u0430\u044f \u043a\u043e\u043c\u043f\u0430\u043d\u0438\u044f \"\u0422\u043e\u043b\u0435\u0434\u043e\""}],"performedDatetime":"2015-04-04T19:46:51Z","authStatus":"0","accessDateEnd":""}
=====

select s.id, s.comp_id, s.title, s.quant, s.unit_id, s.comments, s.city from
		sklad_tovar s where visible=1 and (title like 'nym%' or title like '% nym%') order by  s.title LIMIT 0, 20
q2: select count(id) from sklad_tovar s where visible=1 and (title like 'nym%' or title like '% nym%')
 auth: 100 
=====
Query:
sklad_user: pda
sklad_hash: 320cb4791c00f50b9384770426d38c64
appleId: ffffffff-e737-17d9-ffff-ffff99d603a9
action: check_user_rights

=====
Response:
{"action":"check_user_rights","code":0,"performedDatetime":"2015-04-04T19:53:59Z","authStatus":"0","accessDateEnd":"25.11.2015"}
=====


q2: 
 auth: 100 
=====
Query:
sklad_user: pda
sklad_hash: 320cb4791c00f50b9384770426d38c64
appleId: ffffffff-e737-17d9-ffff-ffff99d603a9
sort: 0
resultsFrom: 0
action: get_goods_data
searchTerm: nym

=====
Response:
{"action":"get_goods_data","searchTerm":"nym","resultsFrom":0,"sort":0,"cityFilter":null,"code":0,"resultsCount":"558","lastPage":0,"data":[{"name":"NYM 2x1,5","amount":"2,42","amount_parts":"","unit":"\u043a\u043c","city":"\u0421\u0430\u043d\u043a\u0442-\u041f\u0435\u0442\u0435\u0440\u0431\u0443\u0440\u0433","company_id":"23900","company_name":"\u041e\u041e\u041e \u041e\u0442\u043a\u0440\u044b\u0442\u044b\u0439 \u041a\u0430\u0431\u0435\u043b\u044c\u043d\u044b\u0439 \u041f\u043e\u0440\u0442\u0430\u043b"},{"name":"NYM 2x1,5","amount":"1,85","amount_parts":"","unit":"\u043a\u043c","city":"\u0421\u0430\u043d\u043a\u0442-\u041f\u0435\u0442\u0435\u0440\u0431\u0443\u0440\u0433","company_id":"8853","company_name":"\u041e\u0410\u041e \"\u041c\u0435\u0442\u0440\u043e\u0441\u0442\u0440\u043e\u0439\" \u0444\u0438\u043b\u0438\u0430\u043b \u0423\u041f\u0422\u041a"},{"name":"NYM 2x2,5","amount":"2,87","amount_parts":"","unit":"\u043a\u043c","city":"\u0421\u0430\u043d\u043a\u0442-\u041f\u0435\u0442\u0435\u0440\u0431\u0443\u0440\u0433","company_id":"23900","company_name":"\u041e\u041e\u041e \u041e\u0442\u043a\u0440\u044b\u0442\u044b\u0439 \u041a\u0430\u0431\u0435\u043b\u044c\u043d\u044b\u0439 \u041f\u043e\u0440\u0442\u0430\u043b"},{"name":"NYM 2x2,5","amount":"1,725","amount_parts":"","unit":"\u043a\u043c","city":"\u0421\u0430\u043d\u043a\u0442-\u041f\u0435\u0442\u0435\u0440\u0431\u0443\u0440\u0433","company_id":"8853","company_name":"\u041e\u0410\u041e \"\u041c\u0435\u0442\u0440\u043e\u0441\u0442\u0440\u043e\u0439\" \u0444\u0438\u043b\u0438\u0430\u043b \u0423\u041f\u0422\u041a"},{"name":"NYM 2\u0445 1,5","amount":"0,2","amount_parts":"","unit":"\u043a\u043c","city":"\u041c\u043e\u0441\u043a\u0432\u0430","company_id":"22463","company_name":"\u042d\u043b\u0442\u0435\u043a\u043e\u043c \u0422\u041a"},{"name":"NYM 2\u0445 2,5","amount":"0,3","amount_parts":"","unit":"\u043a\u043c","city":"\u041c\u043e\u0441\u043a\u0432\u0430","company_id":"22463","company_name":"\u042d\u043b\u0442\u0435\u043a\u043e\u043c \u0422\u041a"},{"name":"NYM 2\u04451,5","amount":"0,28","amount_parts":"40;50;50;70;70","unit":"\u043a\u043c","city":"\u041c\u043e\u0441\u043a\u0432\u0430","company_id":"27474","company_name":"\u041e\u041e\u041e \u0410\u041c\u041a-\u041a\u0430\u0431\u0435\u043b\u044c"},{"name":"NYM 2\u04451,5","amount":"0,02","amount_parts":"","unit":"\u043a\u043c","city":"\u041c\u043e\u0441\u043a\u0432\u0430","company_id":"22412","company_name":"\u041e\u041e\u041e \u041a\u041e\u0420\u041f\u041e\u0420\u0410\u0426\u0418\u042f \u0411\u0430\u043b\u0442\u041f\u0440\u043e\u043c\u041a\u043e\u043c\u043f\u043b\u0435\u043a\u0442"},{"name":"NYM 2\u04451,5","amount":"9,6","amount_parts":"","unit":"\u043a\u043c","city":"\u0423\u0444\u0430","company_id":"15071","company_name":"\u0412\u0435\u043a\u0442\u043e\u0440"},{"name":"NYM 2\u04451,5","amount":"1,85","amount_parts":"","unit":"\u043a\u043c","city":"\u041e\u043c\u0441\u043a","company_id":"17122","company_name":"\u041e\u041e\u041e \u0426\u0435\u043d\u0442\u0440 \u042d\u043b\u0435\u043a\u0442\u0440\u043e\u0442\u0435\u0445\u043d\u0438\u0447\u0435\u0441\u043a\u043e\u0439 \u041a\u043e\u043c\u043f\u043b\u0435\u043a\u0442\u0430\u0446\u0438\u0438 \u041e\u0431\u044a\u0435\u043a\u0442\u043e\u0432"},{"name":"NYM 2\u04451,5","amount":"1,283","amount_parts":"","unit":"\u043a\u043c","city":"\u0421\u0430\u043d\u043a\u0442-\u041f\u0435\u0442\u0435\u0440\u0431\u0443\u0440\u0433","company_id":"8853","company_name":"\u041e\u0410\u041e \"\u041c\u0435\u0442\u0440\u043e\u0441\u0442\u0440\u043e\u0439\" \u0444\u0438\u043b\u0438\u0430\u043b \u0423\u041f\u0422\u041a"},{"name":"NYM 2\u04251,5","amount":"1,8","amount_parts":"0,8; 0,7; 0,3; ","unit":"\u043a\u043c","city":"\u041c\u043e\u0441\u043a\u0432\u0430","company_id":"65","company_name":"\u041e\u041e\u041e \u0424\u041e\u0420\u0415\u0421 \u0422\u041f\u041a"},{"name":"NYM 2\u04451,5","amount":"0,15","amount_parts":"","unit":"\u043a\u043c","city":"\u041f\u0430\u0432\u043b\u043e\u0434\u0430\u0440","company_id":"7464","company_name":"\u0410\u041e \"\u041a\u0430\u0437\u044d\u043d\u0435\u0440\u0433\u043e\u043a\u0430\u0431\u0435\u043b\u044c\""},{"name":"NYM 2\u04451,5","amount":"1,448","amount_parts":"0,968; 0,48; ","unit":"\u043a\u043c","city":"\u0421\u0430\u043d\u043a\u0442-\u041f\u0435\u0442\u0435\u0440\u0431\u0443\u0440\u0433","company_id":"12442","company_name":"\u041e\u041e\u041e \u041c\u0438\u0446\u0430\u0440"},{"name":"NYM 2\u04451,5","amount":"0,05","amount_parts":"","unit":"\u043a\u043c","city":"\u041c\u043e\u0441\u043a\u0432\u0430","company_id":"8168","company_name":"\u041e\u041e\u041e \u00ab\u0422\u0435\u0445\u043d\u043e\u043a\u0430\u0431\u0435\u043b\u044c \u041c\u00bb \u041c\u043e\u0441\u043a\u0432\u0430"},{"name":"NYM 2\u04451,5","amount":"0,2","amount_parts":"","unit":"\u043a\u043c","city":"\u0421\u0430\u043d\u043a\u0442-\u041f\u0435\u0442\u0435\u0440\u0431\u0443\u0440\u0433","company_id":"27475","company_name":"\u041e\u041e\u041e \u041e\u0445\u0442\u0430\u041a\u0430\u0431\u0435\u043b\u044c"},{"name":"NYM 2\u04451,5","amount":"0,02","amount_parts":"","unit":"\u043a\u043c","city":"\u0421\u0430\u043d\u043a\u0442-\u041f\u0435\u0442\u0435\u0440\u0431\u0443\u0440\u0433","company_id":"16940","company_name":"\u041e\u041e\u041e \"\u041e\u043f\u0442\u0413\u0440\u0443\u043f\u043f\""},{"name":"NYM 2\u04451,5","amount":"0,35","amount_parts":"","unit":"\u043a\u043c","city":"\u0415\u043a\u0430\u0442\u0435\u0440\u0438\u043d\u0431\u0443\u0440\u0433","company_id":"22345","company_name":"\u041e\u041e\u041e \u042d\u043d\u0435\u0440\u0433\u043e\u0446\u0435\u043d\u0442\u0440-\u0415\u041a"},{"name":"NYM 2\u04451,5","amount":"0,964","amount_parts":"","unit":"\u043a\u043c","city":"\u0415\u043a\u0430\u0442\u0435\u0440\u0438\u043d\u0431\u0443\u0440\u0433","company_id":"8456","company_name":"\u041e\u041e\u041e \"\u041f\u0440\u043e\u043c\u042d\u043b\u0435\u043a\u0442\u0440\u043e\u041a\u0430\u0431\u0435\u043b\u044c\""},{"name":"NYM 2\u04451,5","amount":"3,671","amount_parts":"0,714; 2,957; ","unit":"\u043a\u043c","city":"\u041d\u0438\u0436\u043d\u0438\u0439 \u041d\u043e\u0432\u0433\u043e\u0440\u043e\u0434","company_id":"22212","company_name":"\u041e\u041e\u041e \"\u042d\u043b\u0435\u043a\u0442\u0440\u043e\u0442\u0435\u0445\u043d\u0438\u0447\u0435\u0441\u043a\u0430\u044f \u043a\u043e\u043c\u043f\u0430\u043d\u0438\u044f \"\u0422\u043e\u043b\u0435\u0434\u043e\""}],"performedDatetime":"2015-04-04T19:54:04Z","authStatus":"0","accessDateEnd":"25.11.2015"}
=====

select s.id, s.comp_id, s.title, s.quant, s.unit_id, s.comments, s.city from
		sklad_tovar s where visible=1 and (title like 'nym%' or title like '% nym%') order by  s.title LIMIT 0, 20
q2: select count(id) from sklad_tovar s where visible=1 and (title like 'nym%' or title like '% nym%')
 auth: 100 
=====
Query:
sklad_user: pda
sklad_hash: 320cb4791c00f50b9384770426d38c64
appleId: ffffffff-e737-17d9-ffff-ffff99d603a9
action: get_company_data
company_id: 23900

=====
Response:
{"action":"get_company_data","code":0,"data":{"company_id":23900,"title":"\u041e\u041e\u041e \u041e\u0442\u043a\u0440\u044b\u0442\u044b\u0439 \u041a\u0430\u0431\u0435\u043b\u044c\u043d\u044b\u0439 \u041f\u043e\u0440\u0442\u0430\u043b","city":"\u0421\u0430\u043d\u043a\u0442-\u041f\u0435\u0442\u0435\u0440\u0431\u0443\u0440\u0433","address":"\u041d\u0430\u0431. \u0440\u0435\u043a\u0438 \u0412\u043e\u043b\u043a\u043e\u0432\u043a\u0438 9 \u043e\u0444 41","phone":"8123098560","email":"info@cable-operator.ru","url":"http:\/\/www.cable-operator.ru\/","contact":"\u0410\u043d\u0434\u0440\u0435\u0439 \u0420\u0430\u0434\u044c\u043a\u043e","goods_count":"91","last_update":"30.03.2015"},"performedDatetime":"2015-04-04T19:54:07Z","authStatus":"0","accessDateEnd":"25.11.2015"}
=====

select distinct city from sklad_tovar where comp_id= and city!='' order by city
q2: 
 auth: 100 
=====
Query:
sklad_user: Гость
sklad_hash: ffffffff-e737-17d9-ffff-ffff99d603a9
appleId: ffffffff-e737-17d9-ffff-ffff99d603a9
action: check_user_rights

=====
Response:
{"action":"check_user_rights","code":0,"performedDatetime":"2015-04-04T20:01:37Z","authStatus":"0","accessDateEnd":""}
=====


q2: 
 auth: 100 
=====
Query:
sklad_user: Гость
sklad_hash: ffffffff-e737-17d9-ffff-ffff99d603a9
appleId: ffffffff-e737-17d9-ffff-ffff99d603a9
sort: 0
resultsFrom: 0
action: get_goods_data
searchTerm: nym

=====
Response:
{"action":"get_goods_data","searchTerm":"nym","resultsFrom":0,"sort":0,"cityFilter":null,"code":0,"resultsCount":"558","lastPage":0,"data":[{"name":"NYM 2x1,5","amount":"2,42","amount_parts":"","unit":"\u043a\u043c","city":"\u0421\u0430\u043d\u043a\u0442-\u041f\u0435\u0442\u0435\u0440\u0431\u0443\u0440\u0433","company_id":"23900","company_name":"\u041e\u041e\u041e \u041e\u0442\u043a\u0440\u044b\u0442\u044b\u0439 \u041a\u0430\u0431\u0435\u043b\u044c\u043d\u044b\u0439 \u041f\u043e\u0440\u0442\u0430\u043b"},{"name":"NYM 2x1,5","amount":"1,85","amount_parts":"","unit":"\u043a\u043c","city":"\u0421\u0430\u043d\u043a\u0442-\u041f\u0435\u0442\u0435\u0440\u0431\u0443\u0440\u0433","company_id":"8853","company_name":"\u041e\u0410\u041e \"\u041c\u0435\u0442\u0440\u043e\u0441\u0442\u0440\u043e\u0439\" \u0444\u0438\u043b\u0438\u0430\u043b \u0423\u041f\u0422\u041a"},{"name":"NYM 2x2,5","amount":"2,87","amount_parts":"","unit":"\u043a\u043c","city":"\u0421\u0430\u043d\u043a\u0442-\u041f\u0435\u0442\u0435\u0440\u0431\u0443\u0440\u0433","company_id":"23900","company_name":"\u041e\u041e\u041e \u041e\u0442\u043a\u0440\u044b\u0442\u044b\u0439 \u041a\u0430\u0431\u0435\u043b\u044c\u043d\u044b\u0439 \u041f\u043e\u0440\u0442\u0430\u043b"},{"name":"NYM 2x2,5","amount":"1,725","amount_parts":"","unit":"\u043a\u043c","city":"\u0421\u0430\u043d\u043a\u0442-\u041f\u0435\u0442\u0435\u0440\u0431\u0443\u0440\u0433","company_id":"8853","company_name":"\u041e\u0410\u041e \"\u041c\u0435\u0442\u0440\u043e\u0441\u0442\u0440\u043e\u0439\" \u0444\u0438\u043b\u0438\u0430\u043b \u0423\u041f\u0422\u041a"},{"name":"NYM 2\u0445 1,5","amount":"0,2","amount_parts":"","unit":"\u043a\u043c","city":"\u041c\u043e\u0441\u043a\u0432\u0430","company_id":"22463","company_name":"\u042d\u043b\u0442\u0435\u043a\u043e\u043c \u0422\u041a"},{"name":"NYM 2\u0445 2,5","amount":"0,3","amount_parts":"","unit":"\u043a\u043c","city":"\u041c\u043e\u0441\u043a\u0432\u0430","company_id":"22463","company_name":"\u042d\u043b\u0442\u0435\u043a\u043e\u043c \u0422\u041a"},{"name":"NYM 2\u04451,5","amount":"0,28","amount_parts":"40;50;50;70;70","unit":"\u043a\u043c","city":"\u041c\u043e\u0441\u043a\u0432\u0430","company_id":"27474","company_name":"\u041e\u041e\u041e \u0410\u041c\u041a-\u041a\u0430\u0431\u0435\u043b\u044c"},{"name":"NYM 2\u04451,5","amount":"0,02","amount_parts":"","unit":"\u043a\u043c","city":"\u041c\u043e\u0441\u043a\u0432\u0430","company_id":"22412","company_name":"\u041e\u041e\u041e \u041a\u041e\u0420\u041f\u041e\u0420\u0410\u0426\u0418\u042f \u0411\u0430\u043b\u0442\u041f\u0440\u043e\u043c\u041a\u043e\u043c\u043f\u043b\u0435\u043a\u0442"},{"name":"NYM 2\u04451,5","amount":"9,6","amount_parts":"","unit":"\u043a\u043c","city":"\u0423\u0444\u0430","company_id":"15071","company_name":"\u0412\u0435\u043a\u0442\u043e\u0440"},{"name":"NYM 2\u04451,5","amount":"1,85","amount_parts":"","unit":"\u043a\u043c","city":"\u041e\u043c\u0441\u043a","company_id":"17122","company_name":"\u041e\u041e\u041e \u0426\u0435\u043d\u0442\u0440 \u042d\u043b\u0435\u043a\u0442\u0440\u043e\u0442\u0435\u0445\u043d\u0438\u0447\u0435\u0441\u043a\u043e\u0439 \u041a\u043e\u043c\u043f\u043b\u0435\u043a\u0442\u0430\u0446\u0438\u0438 \u041e\u0431\u044a\u0435\u043a\u0442\u043e\u0432"},{"name":"NYM 2\u04451,5","amount":"1,283","amount_parts":"","unit":"\u043a\u043c","city":"\u0421\u0430\u043d\u043a\u0442-\u041f\u0435\u0442\u0435\u0440\u0431\u0443\u0440\u0433","company_id":"8853","company_name":"\u041e\u0410\u041e \"\u041c\u0435\u0442\u0440\u043e\u0441\u0442\u0440\u043e\u0439\" \u0444\u0438\u043b\u0438\u0430\u043b \u0423\u041f\u0422\u041a"},{"name":"NYM 2\u04251,5","amount":"1,8","amount_parts":"0,8; 0,7; 0,3; ","unit":"\u043a\u043c","city":"\u041c\u043e\u0441\u043a\u0432\u0430","company_id":"65","company_name":"\u041e\u041e\u041e \u0424\u041e\u0420\u0415\u0421 \u0422\u041f\u041a"},{"name":"NYM 2\u04451,5","amount":"0,15","amount_parts":"","unit":"\u043a\u043c","city":"\u041f\u0430\u0432\u043b\u043e\u0434\u0430\u0440","company_id":"7464","company_name":"\u0410\u041e \"\u041a\u0430\u0437\u044d\u043d\u0435\u0440\u0433\u043e\u043a\u0430\u0431\u0435\u043b\u044c\""},{"name":"NYM 2\u04451,5","amount":"1,448","amount_parts":"0,968; 0,48; ","unit":"\u043a\u043c","city":"\u0421\u0430\u043d\u043a\u0442-\u041f\u0435\u0442\u0435\u0440\u0431\u0443\u0440\u0433","company_id":"12442","company_name":"\u041e\u041e\u041e \u041c\u0438\u0446\u0430\u0440"},{"name":"NYM 2\u04451,5","amount":"0,05","amount_parts":"","unit":"\u043a\u043c","city":"\u041c\u043e\u0441\u043a\u0432\u0430","company_id":"8168","company_name":"\u041e\u041e\u041e \u00ab\u0422\u0435\u0445\u043d\u043e\u043a\u0430\u0431\u0435\u043b\u044c \u041c\u00bb \u041c\u043e\u0441\u043a\u0432\u0430"},{"name":"NYM 2\u04451,5","amount":"0,2","amount_parts":"","unit":"\u043a\u043c","city":"\u0421\u0430\u043d\u043a\u0442-\u041f\u0435\u0442\u0435\u0440\u0431\u0443\u0440\u0433","company_id":"27475","company_name":"\u041e\u041e\u041e \u041e\u0445\u0442\u0430\u041a\u0430\u0431\u0435\u043b\u044c"},{"name":"NYM 2\u04451,5","amount":"0,02","amount_parts":"","unit":"\u043a\u043c","city":"\u0421\u0430\u043d\u043a\u0442-\u041f\u0435\u0442\u0435\u0440\u0431\u0443\u0440\u0433","company_id":"16940","company_name":"\u041e\u041e\u041e \"\u041e\u043f\u0442\u0413\u0440\u0443\u043f\u043f\""},{"name":"NYM 2\u04451,5","amount":"0,35","amount_parts":"","unit":"\u043a\u043c","city":"\u0415\u043a\u0430\u0442\u0435\u0440\u0438\u043d\u0431\u0443\u0440\u0433","company_id":"22345","company_name":"\u041e\u041e\u041e \u042d\u043d\u0435\u0440\u0433\u043e\u0446\u0435\u043d\u0442\u0440-\u0415\u041a"},{"name":"NYM 2\u04451,5","amount":"0,964","amount_parts":"","unit":"\u043a\u043c","city":"\u0415\u043a\u0430\u0442\u0435\u0440\u0438\u043d\u0431\u0443\u0440\u0433","company_id":"8456","company_name":"\u041e\u041e\u041e \"\u041f\u0440\u043e\u043c\u042d\u043b\u0435\u043a\u0442\u0440\u043e\u041a\u0430\u0431\u0435\u043b\u044c\""},{"name":"NYM 2\u04451,5","amount":"3,671","amount_parts":"0,714; 2,957; ","unit":"\u043a\u043c","city":"\u041d\u0438\u0436\u043d\u0438\u0439 \u041d\u043e\u0432\u0433\u043e\u0440\u043e\u0434","company_id":"22212","company_name":"\u041e\u041e\u041e \"\u042d\u043b\u0435\u043a\u0442\u0440\u043e\u0442\u0435\u0445\u043d\u0438\u0447\u0435\u0441\u043a\u0430\u044f \u043a\u043e\u043c\u043f\u0430\u043d\u0438\u044f \"\u0422\u043e\u043b\u0435\u0434\u043e\""}],"performedDatetime":"2015-04-04T20:01:45Z","authStatus":"0","accessDateEnd":""}
=====

select s.id, s.comp_id, s.title, s.quant, s.unit_id, s.comments, s.city from
		sklad_tovar s where visible=1 and (title like 'nym%' or title like '% nym%') order by  s.title LIMIT 0, 20
q2: select count(id) from sklad_tovar s where visible=1 and (title like 'nym%' or title like '% nym%')
 auth: 100 
=====
Query:
sklad_user: Гость
sklad_hash: ffffffff-e737-17d9-ffff-ffff99d603a9
appleId: ffffffff-e737-17d9-ffff-ffff99d603a9
action: get_company_data
company_id: 23900

=====
Response:
{"action":"get_company_data","code":0,"data":{"company_id":23900,"title":"\u041e\u041e\u041e \u041e\u0442\u043a\u0440\u044b\u0442\u044b\u0439 \u041a\u0430\u0431\u0435\u043b\u044c\u043d\u044b\u0439 \u041f\u043e\u0440\u0442\u0430\u043b","city":"\u0421\u0430\u043d\u043a\u0442-\u041f\u0435\u0442\u0435\u0440\u0431\u0443\u0440\u0433","address":"\u041d\u0430\u0431. \u0440\u0435\u043a\u0438 \u0412\u043e\u043b\u043a\u043e\u0432\u043a\u0438 9 \u043e\u0444 41","phone":"8123098560","email":"info@cable-operator.ru","url":"http:\/\/www.cable-operator.ru\/","contact":"\u0410\u043d\u0434\u0440\u0435\u0439 \u0420\u0430\u0434\u044c\u043a\u043e","goods_count":"91","last_update":"30.03.2015"},"performedDatetime":"2015-04-04T20:01:48Z","authStatus":"0","accessDateEnd":""}
=====

select distinct city from sklad_tovar where comp_id= and city!='' order by city
q2: 
 auth: 100 
=====
Query:
sklad_user: Гость
sklad_hash: ffffffff-e737-17d9-ffff-ffff99d603a9
appleId: ffffffff-e737-17d9-ffff-ffff99d603a9
action: check_user_rights

=====
Response:
{"action":"check_user_rights","code":0,"performedDatetime":"2015-04-04T20:04:18Z","authStatus":"0","accessDateEnd":""}
=====


q2: 
 auth: 100 
=====
Query:
sklad_user: Гость
sklad_hash: ffffffff-e737-17d9-ffff-ffff99d603a9
appleId: ffffffff-e737-17d9-ffff-ffff99d603a9
sort: 0
resultsFrom: 0
action: get_goods_data
searchTerm: nym

=====
Response:
{"action":"get_goods_data","searchTerm":"nym","resultsFrom":0,"sort":0,"cityFilter":null,"code":0,"resultsCount":"558","lastPage":0,"data":[{"name":"NYM 2x1,5","amount":"2,42","amount_parts":"","unit":"\u043a\u043c","city":"\u0421\u0430\u043d\u043a\u0442-\u041f\u0435\u0442\u0435\u0440\u0431\u0443\u0440\u0433","company_id":"23900","company_name":"\u041e\u041e\u041e \u041e\u0442\u043a\u0440\u044b\u0442\u044b\u0439 \u041a\u0430\u0431\u0435\u043b\u044c\u043d\u044b\u0439 \u041f\u043e\u0440\u0442\u0430\u043b"},{"name":"NYM 2x1,5","amount":"1,85","amount_parts":"","unit":"\u043a\u043c","city":"\u0421\u0430\u043d\u043a\u0442-\u041f\u0435\u0442\u0435\u0440\u0431\u0443\u0440\u0433","company_id":"8853","company_name":"\u041e\u0410\u041e \"\u041c\u0435\u0442\u0440\u043e\u0441\u0442\u0440\u043e\u0439\" \u0444\u0438\u043b\u0438\u0430\u043b \u0423\u041f\u0422\u041a"},{"name":"NYM 2x2,5","amount":"2,87","amount_parts":"","unit":"\u043a\u043c","city":"\u0421\u0430\u043d\u043a\u0442-\u041f\u0435\u0442\u0435\u0440\u0431\u0443\u0440\u0433","company_id":"23900","company_name":"\u041e\u041e\u041e \u041e\u0442\u043a\u0440\u044b\u0442\u044b\u0439 \u041a\u0430\u0431\u0435\u043b\u044c\u043d\u044b\u0439 \u041f\u043e\u0440\u0442\u0430\u043b"},{"name":"NYM 2x2,5","amount":"1,725","amount_parts":"","unit":"\u043a\u043c","city":"\u0421\u0430\u043d\u043a\u0442-\u041f\u0435\u0442\u0435\u0440\u0431\u0443\u0440\u0433","company_id":"8853","company_name":"\u041e\u0410\u041e \"\u041c\u0435\u0442\u0440\u043e\u0441\u0442\u0440\u043e\u0439\" \u0444\u0438\u043b\u0438\u0430\u043b \u0423\u041f\u0422\u041a"},{"name":"NYM 2\u0445 1,5","amount":"0,2","amount_parts":"","unit":"\u043a\u043c","city":"\u041c\u043e\u0441\u043a\u0432\u0430","company_id":"22463","company_name":"\u042d\u043b\u0442\u0435\u043a\u043e\u043c \u0422\u041a"},{"name":"NYM 2\u0445 2,5","amount":"0,3","amount_parts":"","unit":"\u043a\u043c","city":"\u041c\u043e\u0441\u043a\u0432\u0430","company_id":"22463","company_name":"\u042d\u043b\u0442\u0435\u043a\u043e\u043c \u0422\u041a"},{"name":"NYM 2\u04451,5","amount":"0,28","amount_parts":"40;50;50;70;70","unit":"\u043a\u043c","city":"\u041c\u043e\u0441\u043a\u0432\u0430","company_id":"27474","company_name":"\u041e\u041e\u041e \u0410\u041c\u041a-\u041a\u0430\u0431\u0435\u043b\u044c"},{"name":"NYM 2\u04451,5","amount":"0,02","amount_parts":"","unit":"\u043a\u043c","city":"\u041c\u043e\u0441\u043a\u0432\u0430","company_id":"22412","company_name":"\u041e\u041e\u041e \u041a\u041e\u0420\u041f\u041e\u0420\u0410\u0426\u0418\u042f \u0411\u0430\u043b\u0442\u041f\u0440\u043e\u043c\u041a\u043e\u043c\u043f\u043b\u0435\u043a\u0442"},{"name":"NYM 2\u04451,5","amount":"9,6","amount_parts":"","unit":"\u043a\u043c","city":"\u0423\u0444\u0430","company_id":"15071","company_name":"\u0412\u0435\u043a\u0442\u043e\u0440"},{"name":"NYM 2\u04451,5","amount":"1,85","amount_parts":"","unit":"\u043a\u043c","city":"\u041e\u043c\u0441\u043a","company_id":"17122","company_name":"\u041e\u041e\u041e \u0426\u0435\u043d\u0442\u0440 \u042d\u043b\u0435\u043a\u0442\u0440\u043e\u0442\u0435\u0445\u043d\u0438\u0447\u0435\u0441\u043a\u043e\u0439 \u041a\u043e\u043c\u043f\u043b\u0435\u043a\u0442\u0430\u0446\u0438\u0438 \u041e\u0431\u044a\u0435\u043a\u0442\u043e\u0432"},{"name":"NYM 2\u04451,5","amount":"1,283","amount_parts":"","unit":"\u043a\u043c","city":"\u0421\u0430\u043d\u043a\u0442-\u041f\u0435\u0442\u0435\u0440\u0431\u0443\u0440\u0433","company_id":"8853","company_name":"\u041e\u0410\u041e \"\u041c\u0435\u0442\u0440\u043e\u0441\u0442\u0440\u043e\u0439\" \u0444\u0438\u043b\u0438\u0430\u043b \u0423\u041f\u0422\u041a"},{"name":"NYM 2\u04251,5","amount":"1,8","amount_parts":"0,8; 0,7; 0,3; ","unit":"\u043a\u043c","city":"\u041c\u043e\u0441\u043a\u0432\u0430","company_id":"65","company_name":"\u041e\u041e\u041e \u0424\u041e\u0420\u0415\u0421 \u0422\u041f\u041a"},{"name":"NYM 2\u04451,5","amount":"0,15","amount_parts":"","unit":"\u043a\u043c","city":"\u041f\u0430\u0432\u043b\u043e\u0434\u0430\u0440","company_id":"7464","company_name":"\u0410\u041e \"\u041a\u0430\u0437\u044d\u043d\u0435\u0440\u0433\u043e\u043a\u0430\u0431\u0435\u043b\u044c\""},{"name":"NYM 2\u04451,5","amount":"1,448","amount_parts":"0,968; 0,48; ","unit":"\u043a\u043c","city":"\u0421\u0430\u043d\u043a\u0442-\u041f\u0435\u0442\u0435\u0440\u0431\u0443\u0440\u0433","company_id":"12442","company_name":"\u041e\u041e\u041e \u041c\u0438\u0446\u0430\u0440"},{"name":"NYM 2\u04451,5","amount":"0,05","amount_parts":"","unit":"\u043a\u043c","city":"\u041c\u043e\u0441\u043a\u0432\u0430","company_id":"8168","company_name":"\u041e\u041e\u041e \u00ab\u0422\u0435\u0445\u043d\u043e\u043a\u0430\u0431\u0435\u043b\u044c \u041c\u00bb \u041c\u043e\u0441\u043a\u0432\u0430"},{"name":"NYM 2\u04451,5","amount":"0,2","amount_parts":"","unit":"\u043a\u043c","city":"\u0421\u0430\u043d\u043a\u0442-\u041f\u0435\u0442\u0435\u0440\u0431\u0443\u0440\u0433","company_id":"27475","company_name":"\u041e\u041e\u041e \u041e\u0445\u0442\u0430\u041a\u0430\u0431\u0435\u043b\u044c"},{"name":"NYM 2\u04451,5","amount":"0,02","amount_parts":"","unit":"\u043a\u043c","city":"\u0421\u0430\u043d\u043a\u0442-\u041f\u0435\u0442\u0435\u0440\u0431\u0443\u0440\u0433","company_id":"16940","company_name":"\u041e\u041e\u041e \"\u041e\u043f\u0442\u0413\u0440\u0443\u043f\u043f\""},{"name":"NYM 2\u04451,5","amount":"0,35","amount_parts":"","unit":"\u043a\u043c","city":"\u0415\u043a\u0430\u0442\u0435\u0440\u0438\u043d\u0431\u0443\u0440\u0433","company_id":"22345","company_name":"\u041e\u041e\u041e \u042d\u043d\u0435\u0440\u0433\u043e\u0446\u0435\u043d\u0442\u0440-\u0415\u041a"},{"name":"NYM 2\u04451,5","amount":"0,964","amount_parts":"","unit":"\u043a\u043c","city":"\u0415\u043a\u0430\u0442\u0435\u0440\u0438\u043d\u0431\u0443\u0440\u0433","company_id":"8456","company_name":"\u041e\u041e\u041e \"\u041f\u0440\u043e\u043c\u042d\u043b\u0435\u043a\u0442\u0440\u043e\u041a\u0430\u0431\u0435\u043b\u044c\""},{"name":"NYM 2\u04451,5","amount":"3,671","amount_parts":"0,714; 2,957; ","unit":"\u043a\u043c","city":"\u041d\u0438\u0436\u043d\u0438\u0439 \u041d\u043e\u0432\u0433\u043e\u0440\u043e\u0434","company_id":"22212","company_name":"\u041e\u041e\u041e \"\u042d\u043b\u0435\u043a\u0442\u0440\u043e\u0442\u0435\u0445\u043d\u0438\u0447\u0435\u0441\u043a\u0430\u044f \u043a\u043e\u043c\u043f\u0430\u043d\u0438\u044f \"\u0422\u043e\u043b\u0435\u0434\u043e\""}],"performedDatetime":"2015-04-04T20:04:22Z","authStatus":"0","accessDateEnd":""}
=====

select s.id, s.comp_id, s.title, s.quant, s.unit_id, s.comments, s.city from
		sklad_tovar s where visible=1 and (title like 'nym%' or title like '% nym%') order by  s.title LIMIT 0, 20
q2: select count(id) from sklad_tovar s where visible=1 and (title like 'nym%' or title like '% nym%')
 auth: 100 
=====
