Query:
performedDatetime: 2015-11-25 10:51:17  0000
action: get_goods_data
sklad_user: Гость
appleId: 2E492F75-30DA-4D16-8A12-C3B89F59905B
sklad_hash: c4dca80387737b1f730cc2969cc43bb6
searchTerm: Аабл 3х70
resultsFrom: 0
sort: 0
cityFilter: 

=====
Response:
{"action":"get_goods_data","searchTerm":"\u0410\u0430\u0431\u043b 3\u044570","resultsFrom":0,"sort":0,"cityFilter":"","code":0,"resultsCount":"31","lastPage":0,"data":[{"name":"\u0410\u0410\u0411\u043b 3x70-10 \u043a\u0412","amount":"1,846","amount_parts":"0,12; 0,125; 0,12; 0,93; 0,27; 0,016; 0,265; ","unit":"\u043a\u043c","city":"\u041a\u0440\u0430\u0441\u043d\u043e\u0434\u0430\u0440","company_id":"4151","company_name":"\u041e\u041e\u041e \u042d\u043d\u0435\u0440\u0433\u043e\u043f\u0440\u043e\u0444\u0438"},{"name":"\u0410\u0410\u0411\u043b 3x70-6 \u043a\u0412","amount":"1,065","amount_parts":"0,2; 0,145; 0,1; 0,145; 0,26; 0,1; 0,115; ","unit":"\u043a\u043c","city":"\u041a\u0440\u0430\u0441\u043d\u043e\u0434\u0430\u0440","company_id":"4151","company_name":"\u041e\u041e\u041e \u042d\u043d\u0435\u0440\u0433\u043e\u043f\u0440\u043e\u0444\u0438"},{"name":"\u0410\u0410\u0411\u043b 3\u044570(\u043e\u0436)-10","amount":"1","amount_parts":"","unit":"\u043a\u043c","city":"\u0421\u0430\u0440\u0430\u043d\u0441\u043a","company_id":"28050","company_name":"\u041e\u041e\u041e \u041d\u041a-\u041a\u0430\u0431\u0435\u043b\u044c"},{"name":"\u0410\u0410\u0411\u043b 3\u044570-10","amount":"0,075","amount_parts":"","unit":"\u043a\u043c","city":"\u0421\u0430\u0440\u0430\u043d\u0441\u043a","company_id":"29057","company_name":"\u0421\u0430\u0440\u0430\u043d\u0441\u043a\u043a\u0430\u0431\u0435\u043b\u044c"},{"name":"\u0410\u0410\u0411\u043b 3\u044570-10\u043a\u0412","amount":"1,005","amount_parts":"","unit":"\u043a\u043c","city":"\u041f\u0435\u0440\u043c\u044c","company_id":"29600","company_name":"\u041e\u041e\u041e \u0422\u0440\u0430\u043d\u0441\u043a\u0430\u0431\u0435\u043b\u044c"},{"name":"\u0410\u0410\u0411\u041b-10 3\u042570","amount":"2,345","amount_parts":"","unit":"\u043a\u043c","city":"\u0411\u0440\u044f\u043d\u0441\u043a","company_id":"29663","company_name":"\u041e\u041e\u041e \u041f\u0440\u043e\u043c\u043a\u043e\u043c\u043f\u043b\u0435\u043a\u0442"},{"name":"\u0410\u0410\u0411\u043b-10 3\u044570","amount":"0,333","amount_parts":"","unit":"\u043a\u043c","city":"\u041f\u0435\u0440\u043c\u044c","company_id":"8615","company_name":"\u041e\u041e\u041e \u0410\u0432\u0433\u0443\u0441\u0442"},{"name":"\u0410\u0410\u0411\u043b-10 3\u044570","amount":"0,075","amount_parts":"","unit":"\u043a\u043c","city":"\u0422\u043e\u043c\u0441\u043a","company_id":"6396","company_name":"\u041c\u043e\u043d\u0442\u0430\u0436\u0441\u0442\u0440\u043e\u0439\u044d\u043b\u0435\u043a\u0442\u0440\u043e"},{"name":"\u0410\u0410\u0411\u043b-10 3\u044570","amount":"0,439","amount_parts":"","unit":"\u043a\u043c","city":"\u0415\u043a\u0430\u0442\u0435\u0440\u0438\u043d\u0431\u0443\u0440\u0433","company_id":"8456","company_name":"\u041e\u041e\u041e \"\u041f\u0440\u043e\u043c\u042d\u043b\u0435\u043a\u0442\u0440\u043e\u041a\u0430\u0431\u0435\u043b\u044c\""},{"name":"\u0410\u0410\u0411\u043b-10 3\u044570 \u043c\u043d","amount":"0,087","amount_parts":"","unit":"\u043a\u043c","city":"\u041c\u043e\u0441\u043a\u0432\u0430","company_id":"140","company_name":"\u041e\u041e\u041e \u042d\u0422\u041c\u0421"},{"name":"\u0410\u0410\u0411\u043b-10 3\u044570 \u043e\u0436","amount":"0,593","amount_parts":"0,117; 0,173; 0,125; 0,178; ","unit":"\u043a\u043c","city":"\u041f\u0435\u0440\u043c\u044c","company_id":"28866","company_name":"\u041e\u041e\u041e \u0424\u041f\u0413-\u041d\u0415\u0424\u0422\u0415\u0425\u0418\u041c\u041f\u0420\u041e\u041c"},{"name":"\u0410\u0410\u0411\u043b-10 3\u044570 \u043e\u0436","amount":"0,195","amount_parts":"","unit":"\u043a\u043c","city":"\u041a\u0440\u0430\u0441\u043d\u043e\u044f\u0440\u0441\u043a","company_id":"28866","company_name":"\u041e\u041e\u041e \u0424\u041f\u0413-\u041d\u0415\u0424\u0422\u0415\u0425\u0418\u041c\u041f\u0420\u041e\u041c"},{"name":"\u0410\u0410\u0411\u043b-10 3\u044570 \u043e\u0436","amount":"2,147","amount_parts":"0,107; 1; 1,04; ","unit":"\u043a\u043c","city":"\u0415\u043a\u0430\u0442\u0435\u0440\u0438\u043d\u0431\u0443\u0440\u0433","company_id":"28866","company_name":"\u041e\u041e\u041e \u0424\u041f\u0413-\u041d\u0415\u0424\u0422\u0415\u0425\u0418\u041c\u041f\u0420\u041e\u041c"},{"name":"\u0410\u0410\u0411\u043b-10 3\u044570 \u043e\u0436","amount":"0,179","amount_parts":"0,109; 0,07; ","unit":"\u043a\u043c","city":"\u0415\u043a\u0430\u0442\u0435\u0440\u0438\u043d\u0431\u0443\u0440\u0433","company_id":"8500","company_name":"\u041e\u041e\u041e \u041c\u0435\u0436\u0440\u0435\u0433\u0438\u043e\u043d\u0430\u043b\u044c\u043d\u0430\u044f \u043a\u0430\u0431\u0435\u043b\u044c\u043d\u0430\u044f \u043a\u043e\u043c\u043f\u0430\u043d\u0438\u044f"},{"name":"\u0410\u0410\u0411\u043b-10 3\u044570 \u043e\u0436","amount":"0,563","amount_parts":"","unit":"\u043a\u043c","city":"\u041d\u043e\u0432\u043e\u043c\u043e\u0441\u043a\u043e\u0432\u0441\u043a (\u0422\u0443\u043b\u044c\u0441\u043a\u0430\u044f \u043e\u0431\u043b.)","company_id":"28420","company_name":"\u041e\u041e\u041e \"\u041d\u043e\u0432\u0440\u0435\u043c\u0434\u043e\u0440\u043c\u0430\u0448\""},{"name":"\u0410\u0410\u0411\u043b-10 3\u044570 \u043e\u0436","amount":"0,155","amount_parts":"","unit":"\u043a\u043c","city":"\u0420\u043e\u0441\u0442\u043e\u0432-\u043d\u0430-\u0414\u043e\u043d\u0443","company_id":"28067","company_name":"\u041e\u041e\u041e \u0413\u0435\u043d\u041a\u0430\u0431\u0435\u043b\u044c\u0421\u0442\u0430\u043d\u0434\u0430\u0440\u0442"},{"name":"\u0410\u0410\u0411\u043b-10 3\u044570 \u043e\u0436","amount":"0,593","amount_parts":"0,117; 0,173; 0,125; 0,178; ","unit":"\u043a\u043c","city":"\u041f\u0435\u0440\u043c\u044c","company_id":"16985","company_name":"\u041e\u041e\u041e \"\u041d\u043e\u0432\u0440\u0435\u043c\u0434\u043e\u0440\u043c\u0430\u0448\""},{"name":"\u0410\u0410\u0411\u043b-10 3\u044570 \u043e\u0436","amount":"2,147","amount_parts":"0,107; 1; 1,04; ","unit":"\u043a\u043c","city":"\u0415\u043a\u0430\u0442\u0435\u0440\u0438\u043d\u0431\u0443\u0440\u0433","company_id":"16985","company_name":"\u041e\u041e\u041e \"\u041d\u043e\u0432\u0440\u0435\u043c\u0434\u043e\u0440\u043c\u0430\u0448\""},{"name":"\u0410\u0410\u0411\u043b-6 3\u044570","amount":"2,5","amount_parts":"","unit":"\u043a\u043c","city":"\u0411\u0440\u044f\u043d\u0441\u043a","company_id":"29663","company_name":"\u041e\u041e\u041e \u041f\u0440\u043e\u043c\u043a\u043e\u043c\u043f\u043b\u0435\u043a\u0442"},{"name":"\u0410\u0410\u0411\u041b-6 3\u044570","amount":"0,127","amount_parts":"","unit":"\u043a\u043c","city":"\u0427\u0435\u043b\u044f\u0431\u0438\u043d\u0441\u043a","company_id":"28761","company_name":"\u041e\u041e\u041e \u042e\u0436\u0443\u0440\u0430\u043b\u044d\u043b\u0435\u043a\u0442\u0440\u043e\u0442\u0435\u0445\u043d\u0438\u043a\u0430"}],"performedDatetime":"2015-11-25T10:51:18Z","authStatus":"0","accessDateEnd":""}
=====

select s.id, s.comp_id, s.title, s.quant, s.unit_id, s.comments, s.city from
		sklad_tovar s where visible=1 and (title like 'Аабл%' or title like '% Аабл%' or title like '%Аабл%' or title like '%Аабл%') and (title like '3х70%' or title like '% 3х70%' or title like '%3x70%') order by  s.title LIMIT 0, 20
q2: select count(id) from sklad_tovar s where visible=1 and (title like 'Аабл%' or title like '% Аабл%' or title like '%Аабл%' or title like '%Аабл%') and (title like '3х70%' or title like '% 3х70%' or title like '%3x70%')
 auth: 100 
=====
Query:
performedDatetime: 2015-11-25 10:51:50  0000
action: get_goods_data
sklad_user: Гость
appleId: 2E492F75-30DA-4D16-8A12-C3B89F59905B
sklad_hash: c4dca80387737b1f730cc2969cc43bb6
searchTerm: Аабл 3х70
resultsFrom: 1
sort: 0
cityFilter: 

=====
Response:
{"action":"get_goods_data","searchTerm":"\u0410\u0430\u0431\u043b 3\u044570","resultsFrom":1,"sort":0,"cityFilter":"","code":0,"resultsCount":"31","lastPage":1,"data":[{"name":"\u0410\u0410\u0411\u043b-6 3\u044570","amount":"0,072","amount_parts":"","unit":"\u043a\u043c","city":"\u041f\u0435\u0440\u043c\u044c","company_id":"7368","company_name":"\u041e\u041e\u041e \u0422\u0414 \u0418\u041b\u041b\u0418\u041e\u041d"},{"name":"\u0410\u0410\u0411\u041b-6 3\u044570 \u043e\u0436","amount":"0,143","amount_parts":"","unit":"\u043a\u043c","city":"\u0415\u043a\u0430\u0442\u0435\u0440\u0438\u043d\u0431\u0443\u0440\u0433","company_id":"28866","company_name":"\u041e\u041e\u041e \u0424\u041f\u0413-\u041d\u0415\u0424\u0422\u0415\u0425\u0418\u041c\u041f\u0420\u041e\u041c"},{"name":"\u0410\u0410\u0411\u041b-6 3\u044570 \u043e\u0436","amount":"1,002","amount_parts":"","unit":"\u043a\u043c","city":"\u041d\u043e\u0432\u043e\u043c\u043e\u0441\u043a\u043e\u0432\u0441\u043a (\u0422\u0443\u043b\u044c\u0441\u043a\u0430\u044f \u043e\u0431\u043b.)","company_id":"28420","company_name":"\u041e\u041e\u041e \"\u041d\u043e\u0432\u0440\u0435\u043c\u0434\u043e\u0440\u043c\u0430\u0448\""},{"name":"\u0410\u0410\u0411\u041b-6 3\u044570 \u043e\u0436","amount":"2,637","amount_parts":"0,164; 1,028; 0,425; 1,02; ","unit":"\u043a\u043c","city":"\u041f\u0435\u0440\u043c\u044c","company_id":"28866","company_name":"\u041e\u041e\u041e \u0424\u041f\u0413-\u041d\u0415\u0424\u0422\u0415\u0425\u0418\u041c\u041f\u0420\u041e\u041c"},{"name":"\u0410\u0410\u0411\u041b-6 3\u044570 \u043e\u0436","amount":"2,637","amount_parts":"0,164; 1,028; 0,425; 1,02; ","unit":"\u043a\u043c","city":"\u041f\u0435\u0440\u043c\u044c","company_id":"16985","company_name":"\u041e\u041e\u041e \"\u041d\u043e\u0432\u0440\u0435\u043c\u0434\u043e\u0440\u043c\u0430\u0448\""},{"name":"\u0410\u0410\u0411\u041b-6 3\u044570 \u043e\u0436","amount":"0,143","amount_parts":"","unit":"\u043a\u043c","city":"\u0415\u043a\u0430\u0442\u0435\u0440\u0438\u043d\u0431\u0443\u0440\u0433","company_id":"16985","company_name":"\u041e\u041e\u041e \"\u041d\u043e\u0432\u0440\u0435\u043c\u0434\u043e\u0440\u043c\u0430\u0448\""},{"name":"\u0410\u0410\u0411\u043b\u0413- 6 3\u044570.","amount":"0,05","amount_parts":"","unit":"\u043a\u043c","city":"\u0427\u0435\u043b\u044f\u0431\u0438\u043d\u0441\u043a","company_id":"12455","company_name":"\u041e\u041e\u041e \u0421\u043f\u0435\u0446\u043a\u0430\u0431\u0435\u043b\u044c"},{"name":"\u0410\u0410\u0411\u041b\u0413-1 3\u044570","amount":"0,36","amount_parts":"","unit":"\u043a\u043c","city":"\u041f\u0435\u0440\u043c\u044c","company_id":"17570","company_name":"\u041e\u041e\u041e \u042d\u043b\u0435\u043a\u0442\u0440\u043e\u0422\u0435\u0445\u041a\u0430\u0431\u0435\u043b\u044c"},{"name":"\u0410\u0410\u0411\u043b\u0433-10 3\u044570","amount":"0,17","amount_parts":"","unit":"\u043a\u043c","city":"\u041c\u043e\u0441\u043a\u0432\u0430","company_id":"27474","company_name":"\u041e\u041e\u041e \u0410\u041c\u041a-\u041a\u0430\u0431\u0435\u043b\u044c"},{"name":"\u0426\u0410\u0410\u0411\u043b 3x70-10 \u043a\u0412","amount":"0,76","amount_parts":"","unit":"\u043a\u043c","city":"\u041a\u0440\u0430\u0441\u043d\u043e\u0434\u0430\u0440","company_id":"4151","company_name":"\u041e\u041e\u041e \u042d\u043d\u0435\u0440\u0433\u043e\u043f\u0440\u043e\u0444\u0438"},{"name":"\u0426\u0410\u0410\u0411\u043b-10 3\u044570 \u043c\u0436","amount":"0,049","amount_parts":"","unit":"\u043a\u043c","city":"\u0415\u043a\u0430\u0442\u0435\u0440\u0438\u043d\u0431\u0443\u0440\u0433","company_id":"8500","company_name":"\u041e\u041e\u041e \u041c\u0435\u0436\u0440\u0435\u0433\u0438\u043e\u043d\u0430\u043b\u044c\u043d\u0430\u044f \u043a\u0430\u0431\u0435\u043b\u044c\u043d\u0430\u044f \u043a\u043e\u043c\u043f\u0430\u043d\u0438\u044f"}],"performedDatetime":"2015-11-25T10:51:50Z","authStatus":"0","accessDateEnd":""}
=====

select s.id, s.comp_id, s.title, s.quant, s.unit_id, s.comments, s.city from
		sklad_tovar s where visible=1 and (title like 'Аабл%' or title like '% Аабл%' or title like '%Аабл%' or title like '%Аабл%') and (title like '3х70%' or title like '% 3х70%' or title like '%3x70%') order by  s.title LIMIT 20, 20
q2: select count(id) from sklad_tovar s where visible=1 and (title like 'Аабл%' or title like '% Аабл%' or title like '%Аабл%' or title like '%Аабл%') and (title like '3х70%' or title like '% 3х70%' or title like '%3x70%')
 auth: 100 
=====
Query:
performedDatetime: 2015-11-25 10:52:12  0000
action: get_company_data
sklad_user: Гость
appleId: 2E492F75-30DA-4D16-8A12-C3B89F59905B
sklad_hash: c4dca80387737b1f730cc2969cc43bb6
company_id: 29663

=====
Response:
{"action":"get_company_data","code":0,"data":{"company_id":29663,"title":"\u041e\u041e\u041e \u041f\u0440\u043e\u043c\u043a\u043e\u043c\u043f\u043b\u0435\u043a\u0442","city":"\u0411\u0440\u044f\u043d\u0441\u043a","address":"241021, \u0433. \u0411\u0440\u044f\u043d\u0441\u043a, \u0443\u043b. \u041f\u0443\u0448\u043a\u0438\u043d\u0430, \u0430\/\u044f 5","phone":"9103331320","email":"info331320@mail.ru","url":"http:\/\/prom-komplekt.biz\/","contact":"\u041e\u043b\u0435\u0439\u043d\u0438\u043a\u043e\u0432\u0430 \u0418\u0440\u0438\u043d\u0430 \u041e\u043b\u0435\u0433\u043e\u0432\u043d\u0430","goods_count":"181","last_update":"19.11.2015"},"performedDatetime":"2015-11-25T10:52:12Z","authStatus":"0","accessDateEnd":""}
=====

select distinct city from sklad_tovar where comp_id= and city!='' order by city
q2: 
 auth: 100 
=====
Query:
performedDatetime: 2015-11-25 10:52:18  0000
action: get_company_data
sklad_user: Гость
appleId: 2E492F75-30DA-4D16-8A12-C3B89F59905B
sklad_hash: c4dca80387737b1f730cc2969cc43bb6
company_id: 29663

=====
Response:
{"action":"get_company_data","code":0,"data":{"company_id":29663,"title":"\u041e\u041e\u041e \u041f\u0440\u043e\u043c\u043a\u043e\u043c\u043f\u043b\u0435\u043a\u0442","city":"\u0411\u0440\u044f\u043d\u0441\u043a","address":"241021, \u0433. \u0411\u0440\u044f\u043d\u0441\u043a, \u0443\u043b. \u041f\u0443\u0448\u043a\u0438\u043d\u0430, \u0430\/\u044f 5","phone":"9103331320","email":"info331320@mail.ru","url":"http:\/\/prom-komplekt.biz\/","contact":"\u041e\u043b\u0435\u0439\u043d\u0438\u043a\u043e\u0432\u0430 \u0418\u0440\u0438\u043d\u0430 \u041e\u043b\u0435\u0433\u043e\u0432\u043d\u0430","goods_count":"181","last_update":"19.11.2015"},"performedDatetime":"2015-11-25T10:52:18Z","authStatus":"0","accessDateEnd":""}
=====

select distinct city from sklad_tovar where comp_id= and city!='' order by city
q2: 
 auth: 100 
=====
Query:
performedDatetime: 2015-11-25 10:52:31  0000
action: get_company_data
sklad_user: Гость
appleId: 2E492F75-30DA-4D16-8A12-C3B89F59905B
sklad_hash: c4dca80387737b1f730cc2969cc43bb6
company_id: 29600

=====
Response:
{"action":"get_company_data","code":0,"data":{"company_id":29600,"title":"\u041e\u041e\u041e \u0422\u0440\u0430\u043d\u0441\u043a\u0430\u0431\u0435\u043b\u044c","city":"\u0421\u0430\u043c\u0430\u0440\u0430","address":"443010,\u0433. \u0421\u0430\u043c\u0430\u0440\u0430, \u0443\u043b. \u041c\u043e\u043b\u043e\u0434\u043e\u0433\u0432\u0430\u0440\u0434\u0435\u0439\u0441\u043a\u0430\u044f  \u0434.180","phone":"89379962277","email":"transkabel63@yandex.ru","contact":"\u041f\u043b\u0430\u043a\u0430\u0441 \u0412\u0430\u0441\u0438\u043b\u0438\u0439 \u0421\u0435\u0440\u0433\u0435\u0435\u0432\u0438\u0447","goods_count":"11","last_update":"12.11.2015"},"performedDatetime":"2015-11-25T10:52:30Z","authStatus":"0","accessDateEnd":""}
=====

select distinct city from sklad_tovar where comp_id= and city!='' order by city
q2: 
 auth: 100 
=====
Query:
performedDatetime: 2015-11-25 10:52:38  0000
action: get_company_data
sklad_user: Гость
appleId: 2E492F75-30DA-4D16-8A12-C3B89F59905B
sklad_hash: c4dca80387737b1f730cc2969cc43bb6
company_id: 28050

=====
Response:
{"action":"get_company_data","code":0,"data":{"company_id":28050,"title":"\u041e\u041e\u041e \u041d\u041a-\u041a\u0430\u0431\u0435\u043b\u044c","city":"\u0421\u0430\u0440\u0430\u043d\u0441\u043a","address":"430034,  \u0433. \u0421\u0430\u0440\u0430\u043d\u0441\u043a,  \u0443\u043b. \u041b\u043e\u0434\u044b\u0433\u0438\u043d\u0430,  7\u0412","phone":"9271847242","email":"jn@kabsar.ru","contact":"\u0415\u0444\u0438\u043c \u0421\u0442\u0451\u043f\u0443\u0448\u043a\u0438\u043d","goods_count":"539","last_update":"25.11.2015"},"performedDatetime":"2015-11-25T10:52:37Z","authStatus":"0","accessDateEnd":""}
=====

select distinct city from sklad_tovar where comp_id= and city!='' order by city
q2: 
 auth: 100 
=====
