Query:
performedDatetime: 2016-08-05 06:35:38  0000
action: check_user_rights
sklad_user: Voltron
appleId: 1B7A6766-D72F-48AB-8143-465E89A6E962
sklad_hash: 09e49edfae0106a9f9dbe0ccf08e883d

=====
Response:
{"action":"check_user_rights","code":0,"performedDatetime":"2016-08-05T06:35:39Z","authStatus":"10"}
=====


q2: 
 auth: 0 
=====
Query:
performedDatetime: 2016-08-05 06:35:45  0000
action: get_text

=====
Response:
{"action":"get_text","code":0,"data":false,"data_url":false,"performedDatetime":"2016-08-05T06:35:45Z","authStatus":"10"}
=====


q2: 
 auth: 0 
=====
Query:
performedDatetime: 2016-08-05 06:35:50  0000
action: get_text

=====
Response:
{"action":"get_text","code":0,"data":false,"data_url":false,"performedDatetime":"2016-08-05T06:35:50Z","authStatus":"10"}
=====


q2: 
 auth: 0 
=====
Query:
performedDatetime: 2016-08-05 11:38:50  0000
action: get_text

=====
Response:
{"action":"get_text","code":0,"data":false,"data_url":false,"performedDatetime":"2016-08-05T11:38:51Z","authStatus":"10"}
=====


q2: 
 auth: 0 
=====
Query:
performedDatetime: 2016-08-05 11:38:55  0000
action: get_text

=====
Response:
{"action":"get_text","code":0,"data":false,"data_url":false,"performedDatetime":"2016-08-05T11:38:55Z","authStatus":"10"}
=====


q2: 
 auth: 0 
=====
Query:
performedDatetime: 2016-08-05 16:13:36  0000
action: check_user_rights
sklad_user: mashelectro
appleId: 271B2EC6-AD39-463B-A8E6-B4419530F794
sklad_hash: 5714c3c613012c7185e5a70780c798b5

=====
Response:
{"action":"check_user_rights","code":0,"performedDatetime":"2016-08-05T16:13:37Z","authStatus":"10"}
=====


q2: 
 auth: 0 
=====
Query:
performedDatetime: 2016-08-05 16:13:42  0000
action: check_user_rights
sklad_user: mashelectro
appleId: 271B2EC6-AD39-463B-A8E6-B4419530F794
sklad_hash: 5714c3c613012c7185e5a70780c798b5

=====
Response:
{"action":"check_user_rights","code":0,"performedDatetime":"2016-08-05T16:13:42Z","authStatus":"10"}
=====


q2: 
 auth: 0 
=====
Query:
performedDatetime: 2016-08-05 16:13:44  0000
action: get_text

=====
Response:
{"action":"get_text","code":0,"data":false,"data_url":false,"performedDatetime":"2016-08-05T16:13:44Z","authStatus":"10"}
=====


q2: 
 auth: 0 
=====
Query:
performedDatetime: 2016-08-05 16:13:55  0000
action: check_user_rights
sklad_user: mashelectro
appleId: 271B2EC6-AD39-463B-A8E6-B4419530F794
sklad_hash: 5714c3c613012c7185e5a70780c798b5

=====
Response:
{"action":"check_user_rights","code":0,"performedDatetime":"2016-08-05T16:13:55Z","authStatus":"10"}
=====


q2: 
 auth: 0 
=====
Query:
performedDatetime: 2016-08-05 16:13:58  0000
action: get_text

=====
Response:
{"action":"get_text","code":0,"data":false,"data_url":false,"performedDatetime":"2016-08-05T16:13:58Z","authStatus":"10"}
=====


q2: 
 auth: 0 
=====
Query:
performedDatetime: 2016-08-05 16:14:01  0000
action: get_text

=====
Response:
{"action":"get_text","code":0,"data":false,"data_url":false,"performedDatetime":"2016-08-05T16:14:01Z","authStatus":"10"}
=====


q2: 
 auth: 0 
=====
Query:
performedDatetime: 2016-08-05 16:14:04  0000
action: get_text

=====
Response:
{"action":"get_text","code":0,"data":false,"data_url":false,"performedDatetime":"2016-08-05T16:14:04Z","authStatus":"10"}
=====


q2: 
 auth: 0 
=====
Query:
sklad_user: Гость
sklad_hash: 00000000-2332-a30a-3759-1809404379d9
appleId: 00000000-2332-a30a-3759-1809404379d9
action: check_user_rights

=====
Response:
{"action":"check_user_rights","code":0,"performedDatetime":"2016-08-05T17:52:32Z","authStatus":"10"}
=====


q2: 
 auth: 0 
=====
Query:
sklad_user:  
sklad_hash:  
appleId: 00000000-2332-a30a-3759-1809404379d9
action: get_text

=====
Response:
{"action":"get_text","code":0,"data":false,"data_url":false,"performedDatetime":"2016-08-05T17:52:32Z","authStatus":"10"}
=====


q2: 
 auth: 0 
=====
Query:
sklad_user: Гость
sklad_hash: 00000000-2332-a30a-3759-1809404379d9
appleId: 00000000-2332-a30a-3759-1809404379d9
action: check_user_rights

=====
Response:
{"action":"check_user_rights","code":0,"performedDatetime":"2016-08-05T17:52:33Z","authStatus":"10"}
=====


q2: 
 auth: 0 
=====
Query:
sklad_user:  
sklad_hash:  
appleId: 00000000-2332-a30a-3759-1809404379d9
action: get_text

=====
Response:
{"action":"get_text","code":0,"data":false,"data_url":false,"performedDatetime":"2016-08-05T17:52:34Z","authStatus":"10"}
=====


q2: 
 auth: 0 
=====
Query:
action: get_text

=====
Response:
{"action":"get_text","code":0,"data":false,"data_url":false,"performedDatetime":"2016-08-05T19:42:30Z","authStatus":"10"}
=====


q2: 
 auth: 0 
=====
Query:
sklad_user: Гость
sklad_hash: ffffffff-da32-678d-ffff-ffffa81d2e7f
appleId: ffffffff-da32-678d-ffff-ffffa81d2e7f
action: check_user_rights

=====
Response:
{"action":"check_user_rights","code":0,"performedDatetime":"2016-08-05T20:43:15Z","authStatus":"0","accessDateEnd":""}
=====


q2: 
 auth: 100 
=====
Query:
sklad_user:  
sklad_hash:  
appleId: ffffffff-da32-678d-ffff-ffffa81d2e7f
action: get_text

=====
Response:
{"action":"get_text","code":0,"data":false,"data_url":false,"performedDatetime":"2016-08-05T20:43:15Z","authStatus":"10"}
=====


q2: 
 auth: 0 
=====
Query:
sklad_user: Гость
sklad_hash: ffffffff-da32-678d-ffff-ffffa81d2e7f
appleId: ffffffff-da32-678d-ffff-ffffa81d2e7f
action: check_user_rights

=====
Response:
{"action":"check_user_rights","code":0,"performedDatetime":"2016-08-05T20:43:31Z","authStatus":"0","accessDateEnd":""}
=====


q2: 
 auth: 100 
=====
Query:
sklad_user:  
sklad_hash:  
appleId: ffffffff-da32-678d-ffff-ffffa81d2e7f
action: get_text

=====
Response:
{"action":"get_text","code":0,"data":false,"data_url":false,"performedDatetime":"2016-08-05T20:43:31Z","authStatus":"10"}
=====


q2: 
 auth: 0 
=====
