Query:
sklad_user: 7333000
sklad_hash: f1a76712fbf9ba88cac84123ee4d6e82
appleId: ffffffff-969e-c3d5-ffff-ffff9a4bd73f
action: check_user_rights

=====
Response:
{"action":"check_user_rights","code":0,"performedDatetime":"2017-07-31T08:17:58Z","authStatus":"10"}
=====


q2: 
 auth: 0 
=====
Query:
sklad_user: 7333000
sklad_hash: f1a76712fbf9ba88cac84123ee4d6e82
appleId: ffffffff-969e-c3d5-ffff-ffff9a4bd73f
action: check_user_rights

=====
Response:
{"action":"check_user_rights","code":0,"performedDatetime":"2017-07-31T08:18:06Z","authStatus":"10"}
=====


q2: 
 auth: 0 
=====
Query:
sklad_user: 7333000
sklad_hash: f1a76712fbf9ba88cac84123ee4d6e82
appleId: ffffffff-969e-c3d5-ffff-ffff9a4bd73f
action: check_user_rights

=====
Response:
{"action":"check_user_rights","code":0,"performedDatetime":"2017-07-31T08:18:28Z","authStatus":"10"}
=====


q2: 
 auth: 0 
=====
Query:
sklad_user: 7333000
sklad_hash: f1a76712fbf9ba88cac84123ee4d6e82
appleId: ffffffff-969e-c3d5-ffff-ffff9a4bd73f
action: check_user_rights

=====
Response:
{"action":"check_user_rights","code":0,"performedDatetime":"2017-07-31T08:18:31Z","authStatus":"10"}
=====


q2: 
 auth: 0 
=====
Query:
sklad_user: 7333000
sklad_hash: f1a76712fbf9ba88cac84123ee4d6e82
appleId: ffffffff-969e-c3d5-ffff-ffff9a4bd73f
action: check_user_rights

=====
Response:
{"action":"check_user_rights","code":0,"performedDatetime":"2017-07-31T08:20:18Z","authStatus":"10"}
=====


q2: 
 auth: 0 
=====
Query:
sklad_user: 7333000
sklad_hash: f1a76712fbf9ba88cac84123ee4d6e82
appleId: ffffffff-969e-c3d5-ffff-ffff9a4bd73f
action: check_user_rights

=====
Response:
{"action":"check_user_rights","code":0,"performedDatetime":"2017-07-31T08:23:31Z","authStatus":"10"}
=====


q2: 
 auth: 0 
=====
Query:
sklad_user: 7333000
sklad_hash: f1a76712fbf9ba88cac84123ee4d6e82
appleId: ffffffff-969e-c3d5-ffff-ffff9a4bd73f
action: check_user_rights

=====
Response:
{"action":"check_user_rights","code":0,"performedDatetime":"2017-07-31T08:23:37Z","authStatus":"10"}
=====


q2: 
 auth: 0 
=====
Query:
sklad_user: 7333000
sklad_hash: f1a76712fbf9ba88cac84123ee4d6e82
appleId: ffffffff-969e-c3d5-ffff-ffff9a4bd73f
action: check_user_rights

=====
Response:
{"action":"check_user_rights","code":0,"performedDatetime":"2017-07-31T11:28:56Z","authStatus":"10"}
=====


q2: 
 auth: 0 
=====
Query:
sklad_user: 7333000@gmail.com
sklad_hash: f1a76712fbf9ba88cac84123ee4d6e82
appleId: ffffffff-969e-c3d5-ffff-ffff9a4bd73f
action: check_user_rights

=====
Response:
{"action":"check_user_rights","code":0,"performedDatetime":"2017-07-31T11:29:20Z","authStatus":"10"}
=====


q2: 
 auth: 0 
=====
Query:
sklad_user: 7333000
sklad_hash: f1a76712fbf9ba88cac84123ee4d6e82
appleId: ffffffff-969e-c3d5-ffff-ffff9a4bd73f
action: check_user_rights

=====
Response:
{"action":"check_user_rights","code":0,"performedDatetime":"2017-07-31T13:57:21Z","authStatus":"10"}
=====


q2: 
 auth: 0 
=====
Query:
sklad_user: 7333000
sklad_hash: f1a76712fbf9ba88cac84123ee4d6e82
appleId: ffffffff-969e-c3d5-ffff-ffff9a4bd73f
action: check_user_rights

=====
Response:
{"action":"check_user_rights","code":0,"performedDatetime":"2017-07-31T13:57:22Z","authStatus":"10"}
=====


q2: 
 auth: 0 
=====
