Query:
performedDatetime: 2017-03-02 06:07:15  0000
action: get_goods_data
sklad_user: Гость
appleId: 4BF8EF39-462A-4564-ABB4-380FD8524707
sklad_hash: 82f9d552f04ae8616b7b1c0be5d19416
searchTerm: Ввгнг
resultsFrom: 0
sort: 0
cityFilter: 

=====
Response:
{"action":"get_goods_data","searchTerm":"\u0412\u0432\u0433\u043d\u0433","resultsFrom":0,"sort":0,"cityFilter":"","code":0,"resultsCount":"7718","lastPage":0,"data":[{"name":"\u0412\u0412\u0413\u043d\u0433 (\u0410) - LS 3\u04451,5","amount":"0,08","amount_parts":"","unit":"\u043a\u043c","city":"\u0421\u0430\u043d\u043a\u0442-\u041f\u0435\u0442\u0435\u0440\u0431\u0443\u0440\u0433","company_id":"","company_name":""},{"name":"\u0412\u0412\u0413\u043d\u0433 (\u0410) - LS 4\u04452,5","amount":"0,058","amount_parts":"","unit":"\u043a\u043c","city":"\u0421\u0430\u043d\u043a\u0442-\u041f\u0435\u0442\u0435\u0440\u0431\u0443\u0440\u0433","company_id":"","company_name":""},{"name":"\u0412\u0412\u0413\u043d\u0433 (\u0410) 4\u044510","amount":"0,3","amount_parts":"","unit":"\u043a\u043c","city":"\u041c\u043e\u0441\u043a\u0432\u0430","company_id":"","company_name":""},{"name":"\u0412\u0412\u0413\u043d\u0433 (\u0410) 4\u04256,0","amount":"0,6","amount_parts":"","unit":"\u043a\u043c","city":"\u041c\u043e\u0441\u043a\u0432\u0430","company_id":"","company_name":""},{"name":"\u0412\u0412\u0413\u043d\u0433 (\u0410) 5\u04251,5","amount":"0,9","amount_parts":"","unit":"\u043a\u043c","city":"\u041c\u043e\u0441\u043a\u0432\u0430","company_id":"","company_name":""},{"name":"\u0412\u0412\u0413\u043d\u0433 (\u0410)-LS 3\u04454 -0,66","amount":"0,258","amount_parts":"0,108; 0,05; 0,1; ","unit":"\u043a\u043c","city":"\u0421\u0430\u043d\u043a\u0442-\u041f\u0435\u0442\u0435\u0440\u0431\u0443\u0440\u0433","company_id":"","company_name":""},{"name":"\u0412\u0412\u0413\u043d\u0433 (\u0410)-LS 3\u04454-0,66","amount":"0,536","amount_parts":"0,1; 0,436; ","unit":"\u043a\u043c","city":"\u0421\u0430\u043d\u043a\u0442-\u041f\u0435\u0442\u0435\u0440\u0431\u0443\u0440\u0433","company_id":"","company_name":""},{"name":"\u0412\u0412\u0413\u043d\u0433 (\u0410)-LS 3\u04456-0,66","amount":"0,186","amount_parts":"0,086; 0,1; ","unit":"\u043a\u043c","city":"\u0421\u0430\u043d\u043a\u0442-\u041f\u0435\u0442\u0435\u0440\u0431\u0443\u0440\u0433","company_id":"","company_name":""},{"name":"\u0412\u0412\u0413\u043d\u0433 (\u0430)-LS 5\u04451,5","amount":"0,06","amount_parts":"","unit":"\u043a\u043c","city":"\u0421\u0430\u043d\u043a\u0442-\u041f\u0435\u0442\u0435\u0440\u0431\u0443\u0440\u0433","company_id":"","company_name":""},{"name":"\u0412\u0412\u0413\u043d\u0433 (\u0430)-LS 5\u044516 \u043e\u043a-0,66","amount":"0,069","amount_parts":"","unit":"\u043a\u043c","city":"\u0421\u0430\u043d\u043a\u0442-\u041f\u0435\u0442\u0435\u0440\u0431\u0443\u0440\u0433","company_id":"","company_name":""},{"name":"\u0412\u0412\u0413\u043d\u0433 0,66\u043a\u0412 3\u04451,5","amount":"0,2","amount_parts":"","unit":"\u043a\u043c","city":"\u041c\u043e\u0441\u043a\u0432\u0430","company_id":"","company_name":""},{"name":"\u0412\u0412\u0413\u043d\u0433 0,66\u043a\u0412 5\u044525","amount":"0,018","amount_parts":"","unit":"\u043a\u043c","city":"\u041c\u043e\u0441\u043a\u0432\u0430","company_id":"","company_name":""},{"name":"\u0412\u0412\u0413\u043d\u0433 1\u04451,5","amount":"0,2","amount_parts":"","unit":"\u043a\u043c","city":"\u041c\u043e\u0441\u043a\u0432\u0430","company_id":"","company_name":""},{"name":"\u0412\u0412\u0413\u043d\u0433 1\u04451,5","amount":"0,179","amount_parts":"","unit":"\u043a\u043c","city":"\u041a\u0438\u0440\u043e\u0432\u043e-\u0427\u0435\u043f\u0435\u0446\u043a","company_id":"","company_name":""},{"name":"\u0412\u0412\u0413\u043d\u0433 1\u04451,5","amount":"0,46","amount_parts":"","unit":"\u043a\u043c","city":"\u041c\u043e\u0441\u043a\u0432\u0430","company_id":"","company_name":""},{"name":"\u0412\u0412\u0413\u043d\u0433 1\u04451,5","amount":"0,3","amount_parts":"0,2;0,1","unit":"\u043a\u043c","city":"\u041c\u043e\u0441\u043a\u0432\u0430","company_id":"","company_name":""},{"name":"\u0412\u0412\u0413\u043d\u0433 1\u04451,5","amount":"1,06","amount_parts":"","unit":"\u043a\u043c","city":"\u041f\u0435\u0440\u043c\u044c","company_id":"","company_name":""},{"name":"\u0412\u0412\u0413\u043d\u0433 1\u04451,5 \u0431\u0435\u043b\u044b\u0439","amount":"3,02","amount_parts":"","unit":"\u043a\u043c","city":"\u041c\u043e\u0441\u043a\u0432\u0430","company_id":"","company_name":""},{"name":"\u0412\u0412\u0413\u043d\u0433 1\u04451,5 \u0436\u0435\u043b\/\u0437\u0435\u043b","amount":"6,6","amount_parts":"300*22","unit":"\u043a\u043c","city":"\u041c\u043e\u0441\u043a\u0432\u0430","company_id":"","company_name":""},{"name":"\u0412\u0412\u0413\u043d\u0433 1\u04451,5 \u0436\u0435\u043b\u0442\u044b\u0439","amount":"1","amount_parts":"","unit":"\u043a\u043c","city":"\u041c\u043e\u0441\u043a\u0432\u0430","company_id":"","company_name":""}],"performedDatetime":"2017-03-02T06:07:16Z","authStatus":"10"}
=====

select s.id, s.comp_id, s.title, s.quant, s.unit_id, s.comments, s.city from
		sklad_tovar s where visible=1 and (title like 'Ввгнг%' or title like '% Ввгнг%') order by  s.title LIMIT 0, 20
q2: select count(id) from sklad_tovar s where visible=1 and (title like 'Ввгнг%' or title like '% Ввгнг%')
 auth: 0 
=====
Query:
performedDatetime: 2017-03-02 06:07:24  0000
action: get_company_data
sklad_user: Гость
appleId: 4BF8EF39-462A-4564-ABB4-380FD8524707
sklad_hash: 82f9d552f04ae8616b7b1c0be5d19416
company_id: 

=====
Response:
{"action":"get_company_data","company_id":0,"code":30,"techMessage":"\u041a\u0430\u043a \u0433\u043e\u0441\u0442\u044c, \u0432\u044b \u043d\u0435 \u043c\u043e\u0436\u0435\u0442\u0435 \u043f\u0440\u043e\u0441\u043c\u0430\u0442\u0440\u0438\u0432\u0430\u0442\u044c \u043d\u0430\u0437\u0432\u0430\u043d\u0438\u044f \u0438 \u043a\u043e\u043d\u0442\u0430\u043a\u0442\u043d\u044b\u0435 \u0434\u0430\u043d\u043d\u044b\u0435 \u043f\u043e\u0441\u0442\u0430\u0432\u0449\u0438\u043a\u043e\u0432","performedDatetime":"2017-03-02T06:07:24Z","authStatus":"10"}
=====


q2: 
 auth: 0 
=====
Query:
performedDatetime: 2017-03-02 06:07:31  0000
action: get_company_data
sklad_user: Гость
appleId: 4BF8EF39-462A-4564-ABB4-380FD8524707
sklad_hash: 82f9d552f04ae8616b7b1c0be5d19416
company_id: 

=====
Response:
{"action":"get_company_data","company_id":0,"code":30,"techMessage":"\u041a\u0430\u043a \u0433\u043e\u0441\u0442\u044c, \u0432\u044b \u043d\u0435 \u043c\u043e\u0436\u0435\u0442\u0435 \u043f\u0440\u043e\u0441\u043c\u0430\u0442\u0440\u0438\u0432\u0430\u0442\u044c \u043d\u0430\u0437\u0432\u0430\u043d\u0438\u044f \u0438 \u043a\u043e\u043d\u0442\u0430\u043a\u0442\u043d\u044b\u0435 \u0434\u0430\u043d\u043d\u044b\u0435 \u043f\u043e\u0441\u0442\u0430\u0432\u0449\u0438\u043a\u043e\u0432","performedDatetime":"2017-03-02T06:07:32Z","authStatus":"10"}
=====


q2: 
 auth: 0 
=====
