Query:
performedDatetime: 2018-01-27 21:51:55  0000
action: get_text

=====
Response:
{"action":"get_text","code":0,"data":null,"data_url":null,"performedDatetime":"2018-01-27T21:51:55Z","authStatus":"10"}
=====


q2: 
 auth: 0 
=====
Query:
performedDatetime: 2018-01-27 21:52:00  0000
action: check_user_rights
sklad_user: 
appleId: F4DD3D7F-5BCF-4C45-B476-E6CEAF7DF6A8
sklad_hash: 67bea88b1c369f191d0a23392c3bad97

=====
Response:
{"action":"check_user_rights","code":0,"performedDatetime":"2018-01-27T21:52:00Z","authStatus":"10"}
=====


q2: 
 auth: 0 
=====
Query:
performedDatetime: 2018-01-27 21:52:06  0000
action: get_text

=====
Response:
{"action":"get_text","code":0,"data":null,"data_url":null,"performedDatetime":"2018-01-27T21:52:06Z","authStatus":"10"}
=====


q2: 
 auth: 0 
=====
Query:
performedDatetime: 2018-01-27 21:59:05  0000
action: get_text

=====
Response:
{"action":"get_text","code":0,"data":null,"data_url":null,"performedDatetime":"2018-01-27T21:59:06Z","authStatus":"10"}
=====


q2: 
 auth: 0 
=====
Query:
performedDatetime: 2018-01-27 21:59:47  0000
action: check_user_rights
sklad_user: ilyas-dakabel@yandex.ru
appleId: F4DD3D7F-5BCF-4C45-B476-E6CEAF7DF6A8
sklad_hash: a20eb34fc089e1fa9136d2faf2d6ce47

=====
Response:
{"action":"check_user_rights","code":0,"performedDatetime":"2018-01-27T21:59:47Z","authStatus":"10"}
=====


q2: 
 auth: 0 
=====
Query:
performedDatetime: 2018-01-27 21:59:51  0000
action: get_text

=====
Response:
{"action":"get_text","code":0,"data":null,"data_url":null,"performedDatetime":"2018-01-27T21:59:51Z","authStatus":"10"}
=====


q2: 
 auth: 0 
=====
Query:
performedDatetime: 2018-01-28 01:32:22  0000
action: check_user_rights
sklad_user: Rahumzhanova83@mail.ru
appleId: 7418CF83-260D-497A-B61B-79360566BDAD
sklad_hash: 1309d5f3b76252bd1ea97d9857301004

=====
Response:
{"action":"check_user_rights","code":0,"performedDatetime":"2018-01-28T01:32:24Z","authStatus":"10"}
=====


q2: 
 auth: 0 
=====
Query:
performedDatetime: 2018-01-28 01:32:37  0000
action: get_text

=====
Response:
{"action":"get_text","code":0,"data":null,"data_url":null,"performedDatetime":"2018-01-28T01:32:38Z","authStatus":"10"}
=====


q2: 
 auth: 0 
=====
Query:
performedDatetime: 2018-01-28 04:16:34  0000
action: check_user_rights
sklad_user: Aiko_kamosh@icloud.com
appleId: 7418CF83-260D-497A-B61B-79360566BDAD
sklad_hash: 6d92dd833d878e8b4f05ef99e34d9231

=====
Response:
{"action":"check_user_rights","code":0,"performedDatetime":"2018-01-28T04:16:36Z","authStatus":"10"}
=====


q2: 
 auth: 0 
=====
Query:
performedDatetime: 2018-01-28 04:17:01  0000
action: get_text

=====
Response:
{"action":"get_text","code":0,"data":null,"data_url":null,"performedDatetime":"2018-01-28T04:17:02Z","authStatus":"10"}
=====


q2: 
 auth: 0 
=====
Query:
performedDatetime: 2018-01-28 04:18:25  0000
action: check_user_rights
sklad_user: AinurOmar14@mail.ru
appleId: 7418CF83-260D-497A-B61B-79360566BDAD
sklad_hash: 0b89db52c40206403f1daddbb7d8adbb

=====
Response:
{"action":"check_user_rights","code":0,"performedDatetime":"2018-01-28T04:18:27Z","authStatus":"10"}
=====


q2: 
 auth: 0 
=====
Query:
performedDatetime: 2018-01-28 04:18:35  0000
action: get_text

=====
Response:
{"action":"get_text","code":0,"data":null,"data_url":null,"performedDatetime":"2018-01-28T04:18:35Z","authStatus":"10"}
=====


q2: 
 auth: 0 
=====
Query:
performedDatetime: 2018-01-28 04:19:21  0000
action: check_user_rights
sklad_user: Rahimzhanova83
appleId: 7418CF83-260D-497A-B61B-79360566BDAD
sklad_hash: d084da4fbc3d763c468cbc07f7ffa48b

=====
Response:
{"action":"check_user_rights","code":0,"performedDatetime":"2018-01-28T04:19:22Z","authStatus":"10"}
=====


q2: 
 auth: 0 
=====
Query:
performedDatetime: 2018-01-28 04:19:26  0000
action: get_text

=====
Response:
{"action":"get_text","code":0,"data":null,"data_url":null,"performedDatetime":"2018-01-28T04:19:26Z","authStatus":"10"}
=====


q2: 
 auth: 0 
=====
Query:
action: get_text

=====
Response:
{"action":"get_text","code":0,"data":null,"data_url":null,"performedDatetime":"2018-01-28T17:39:47Z","authStatus":"10"}
=====


q2: 
 auth: 0 
=====
