Query:
performedDatetime: 2018-02-12 13:23:15  0000
action: get_text

=====
Response:
{"action":"get_text","code":0,"data":null,"data_url":null,"performedDatetime":"2018-02-12T13:23:15Z","authStatus":"10"}
=====


q2: 
 auth: 0 
=====
Query:
performedDatetime: 2018-02-12 13:23:19  0000
action: get_text

=====
Response:
{"action":"get_text","code":0,"data":null,"data_url":null,"performedDatetime":"2018-02-12T13:23:19Z","authStatus":"10"}
=====


q2: 
 auth: 0 
=====
Query:
performedDatetime: 2018-02-12 13:23:23  0000
action: check_user_rights
sklad_user: 
appleId: 33326355-0E49-4449-AD92-A22CACD22768
sklad_hash: 2c35a2d2cb6e2c09c2185d3afbf333d5

=====
Response:
{"action":"check_user_rights","code":0,"performedDatetime":"2018-02-12T13:23:23Z","authStatus":"10"}
=====


q2: 
 auth: 0 
=====
Query:
performedDatetime: 2018-02-12 13:23:52  0000
action: check_user_rights
sklad_user: Marat_chus@bk.ru
appleId: 33326355-0E49-4449-AD92-A22CACD22768
sklad_hash: 2a54e012d8c04b6d46c9c088e5fda6b7

=====
Response:
{"action":"check_user_rights","code":0,"performedDatetime":"2018-02-12T13:23:52Z","authStatus":"10"}
=====


q2: 
 auth: 0 
=====
Query:
performedDatetime: 2018-02-12 13:23:56  0000
action: get_text

=====
Response:
{"action":"get_text","code":0,"data":null,"data_url":null,"performedDatetime":"2018-02-12T13:23:56Z","authStatus":"10"}
=====


q2: 
 auth: 0 
=====
Query:
performedDatetime: 2018-02-12 13:24:00  0000
action: get_text

=====
Response:
{"action":"get_text","code":0,"data":null,"data_url":null,"performedDatetime":"2018-02-12T13:24:01Z","authStatus":"10"}
=====


q2: 
 auth: 0 
=====
Query:
performedDatetime: 2018-02-12 14:53:10  0000
action: get_text

=====
Response:
{"action":"get_text","code":0,"data":null,"data_url":null,"performedDatetime":"2018-02-12T14:53:10Z","authStatus":"10"}
=====


q2: 
 auth: 0 
=====
Query:
performedDatetime: 2018-02-12 14:53:16  0000
action: get_text

=====
Response:
{"action":"get_text","code":0,"data":null,"data_url":null,"performedDatetime":"2018-02-12T14:53:18Z","authStatus":"10"}
=====


q2: 
 auth: 0 
=====
Query:
performedDatetime: 2018-02-12 14:53:23  0000
action: check_user_rights
sklad_user: 
appleId: 03B5E373-6285-4221-A7E1-AC354E0D103E
sklad_hash: 2fb8cbfc64a05165c1d4f9f09c8d8fac

=====
Response:
{"action":"check_user_rights","code":0,"performedDatetime":"2018-02-12T14:53:26Z","authStatus":"10"}
=====


q2: 
 auth: 0 
=====
Query:
performedDatetime: 2018-02-12 14:53:35  0000
action: get_text

=====
Response:
{"action":"get_text","code":0,"data":null,"data_url":null,"performedDatetime":"2018-02-12T14:53:37Z","authStatus":"10"}
=====


q2: 
 auth: 0 
=====
Query:
performedDatetime: 2018-02-12 14:53:47  0000
action: get_text

=====
Response:
{"action":"get_text","code":0,"data":null,"data_url":null,"performedDatetime":"2018-02-12T14:53:49Z","authStatus":"10"}
=====


q2: 
 auth: 0 
=====
Query:
action: get_text

=====
Response:
{"action":"get_text","code":0,"data":null,"data_url":null,"performedDatetime":"2018-02-12T14:53:59Z","authStatus":"10"}
=====


q2: 
 auth: 0 
=====
Query:
performedDatetime: 2018-02-12 14:54:30  0000
action: check_user_rights
sklad_user: 89658481617RU@.RE
appleId: 03B5E373-6285-4221-A7E1-AC354E0D103E
sklad_hash: 2fb8cbfc64a05165c1d4f9f09c8d8fac

=====
Response:
{"action":"check_user_rights","code":0,"performedDatetime":"2018-02-12T14:54:33Z","authStatus":"10"}
=====


q2: 
 auth: 0 
=====
Query:
performedDatetime: 2018-02-12 14:54:43  0000
action: get_text

=====
Response:
{"action":"get_text","code":0,"data":null,"data_url":null,"performedDatetime":"2018-02-12T14:54:46Z","authStatus":"10"}
=====


q2: 
 auth: 0 
=====
Query:
performedDatetime: 2018-02-12 15:02:47  0000
action: get_text

=====
Response:
{"action":"get_text","code":0,"data":null,"data_url":null,"performedDatetime":"2018-02-12T15:02:49Z","authStatus":"10"}
=====


q2: 
 auth: 0 
=====
Query:
performedDatetime: 2018-02-12 15:02:53  0000
action: get_text

=====
Response:
{"action":"get_text","code":0,"data":null,"data_url":null,"performedDatetime":"2018-02-12T15:02:54Z","authStatus":"10"}
=====


q2: 
 auth: 0 
=====
Query:
action: get_text

=====
Response:
{"action":"get_text","code":0,"data":null,"data_url":null,"performedDatetime":"2018-02-12T16:25:55Z","authStatus":"10"}
=====


q2: 
 auth: 0 
=====
Query:
action: get_text

=====
Response:
{"action":"get_text","code":0,"data":null,"data_url":null,"performedDatetime":"2018-02-12T16:28:11Z","authStatus":"10"}
=====


q2: 
 auth: 0 
=====
Query:
action: get_text

=====
Response:
{"action":"get_text","code":0,"data":null,"data_url":null,"performedDatetime":"2018-02-12T16:31:39Z","authStatus":"10"}
=====


q2: 
 auth: 0 
=====
Query:
action: get_text

=====
Response:
{"action":"get_text","code":0,"data":null,"data_url":null,"performedDatetime":"2018-02-12T16:32:17Z","authStatus":"10"}
=====


q2: 
 auth: 0 
=====
Query:
action: get_text

=====
Response:
{"action":"get_text","code":0,"data":null,"data_url":null,"performedDatetime":"2018-02-12T16:33:42Z","authStatus":"10"}
=====


q2: 
 auth: 0 
=====
Query:
action: get_text

=====
Response:
{"action":"get_text","code":0,"data":null,"data_url":null,"performedDatetime":"2018-02-12T16:34:58Z","authStatus":"10"}
=====


q2: 
 auth: 0 
=====
Query:
action: get_text

=====
Response:
{"action":"get_text","code":0,"data":null,"data_url":null,"performedDatetime":"2018-02-12T16:35:28Z","authStatus":"10"}
=====


q2: 
 auth: 0 
=====
