Query:
performedDatetime: 2018-01-31 08:27:35  0000
action: get_text

=====
Response:
{"action":"get_text","code":0,"data":null,"data_url":null,"performedDatetime":"2018-01-31T08:27:36Z","authStatus":"10"}
=====


q2: 
 auth: 0 
=====
Query:
performedDatetime: 2018-01-31 08:27:39  0000
action: get_text

=====
Response:
{"action":"get_text","code":0,"data":null,"data_url":null,"performedDatetime":"2018-01-31T08:27:39Z","authStatus":"10"}
=====


q2: 
 auth: 0 
=====
Query:
performedDatetime: 2018-01-31 12:53:56  0000
action: get_text

=====
Response:
{"action":"get_text","code":0,"data":null,"data_url":null,"performedDatetime":"2018-01-31T12:53:56Z","authStatus":"10"}
=====


q2: 
 auth: 0 
=====
Query:
performedDatetime: 2018-01-31 12:54:02  0000
action: get_text

=====
Response:
{"action":"get_text","code":0,"data":null,"data_url":null,"performedDatetime":"2018-01-31T12:54:02Z","authStatus":"10"}
=====


q2: 
 auth: 0 
=====
