Query:
performedDatetime: 2018-11-09 05:30:46  0000
action: get_goods_data
sklad_user: Гость
appleId: 33CB9993-3F99-4219-9145-D00AD8053D3A
sklad_hash: 598193b271700a8b883b57be3cbf7b36
searchTerm: МКЭШВнг(А)-Ls 37х2х0,5
resultsFrom: 0
sort: 0
cityFilter: 

=====
Response:
{"action":"get_goods_data","searchTerm":"\u041c\u041a\u042d\u0428\u0412\u043d\u0433(\u0410)-Ls 37\u04452\u04450,5","resultsFrom":0,"sort":0,"cityFilter":"","code":0,"resultsCount":"1","lastPage":1,"data":[{"name":"\u041c\u041a\u042d\u0428\u0432\u043d\u0433(\u0410)-LS 37\u04452\u04450,5","amount":"0,252","amount_parts":"","unit":"\u043a\u043c","city":"\u041f\u0435\u0440\u043c\u044c","company_id":"11082","company_name":"\u041e\u041e\u041e \u0421\u0442\u0440\u043e\u0439\u043a\u0430\u0431\u0435\u043b\u044c"}],"performedDatetime":"2018-11-09T05:30:47Z","authStatus":"0","accessDateEnd":""}
=====

select s.id, s.comp_id, s.title, s.quant, s.unit_id, s.comments, s.city from
		sklad_tovar s where visible=1 and (title like 'МКЭШВнг(А)-Ls%' or title like '% МКЭШВнг(А)-Ls%' or title like '%МКЭШВнг-Ls%' or title like '%МКЭШВнг(A)-Ls%') and (title like '%37х2х0,5%' or title like '%37х2х0.5%' or title like '%37x2x0,5%' or title like '%37x2x0,5%') order by  s.title LIMIT 0, 20
q2: select count(id) from sklad_tovar s where visible=1 and (title like 'МКЭШВнг(А)-Ls%' or title like '% МКЭШВнг(А)-Ls%' or title like '%МКЭШВнг-Ls%' or title like '%МКЭШВнг(A)-Ls%') and (title like '%37х2х0,5%' or title like '%37х2х0.5%' or title like '%37x2x0,5%' or title like '%37x2x0,5%')
 auth: 100 
=====
Query:
performedDatetime: 2018-11-09 06:47:45  0000
action: get_goods_data
sklad_user: Гость
appleId: 33CB9993-3F99-4219-9145-D00AD8053D3A
sklad_hash: 598193b271700a8b883b57be3cbf7b36
searchTerm: ВВГнг(А)-FRLS 1x70
resultsFrom: 0
sort: 0
cityFilter: 

=====
Response:
{"action":"get_goods_data","searchTerm":"\u0412\u0412\u0413\u043d\u0433(\u0410)-FRLS 1x70","resultsFrom":0,"sort":0,"cityFilter":"","code":0,"resultsCount":"4","lastPage":1,"data":[{"name":"\u0412\u0412\u0413\u043d\u0433(\u0410)-FRLS 1\u044570 \u043c\u043a-1 (\u0431\u0435\u043b\u044b\u0439)","amount":"1137","amount_parts":"","unit":"\u043a\u043c","city":"\u041c\u043e\u0441\u043a\u0432\u0430","company_id":"17265","company_name":"\u041e\u041e\u041e \"\u0421\u0420\u0421-\u042d\u043b\u0435\u043a\u0442\u0440\u043e\""},{"name":"\u0412\u0412\u0413\u043d\u0433(\u0410)-FRLS \u0431\u0435\u043b 1\u044570","amount":"0,285","amount_parts":"","unit":"\u043a\u043c","city":"\u0421\u0430\u043d\u043a\u0442-\u041f\u0435\u0442\u0435\u0440\u0431\u0443\u0440\u0433","company_id":"28626","company_name":"\u041e\u041e\u041e \u0422\u0414 \u042d\u043d\u0435\u0440\u0433\u043e\u0410\u043b\u044c\u044f\u043d\u0441"},{"name":"\u0412\u0412\u0413\u043d\u0433(\u0410)-FRLS \u0447\u0435\u0440\u043d 1\u044570","amount":"0,09","amount_parts":"","unit":"\u043a\u043c","city":"\u0421\u0430\u043d\u043a\u0442-\u041f\u0435\u0442\u0435\u0440\u0431\u0443\u0440\u0433","company_id":"28626","company_name":"\u041e\u041e\u041e \u0422\u0414 \u042d\u043d\u0435\u0440\u0433\u043e\u0410\u043b\u044c\u044f\u043d\u0441"},{"name":"\u0412\u0412\u0413\u043d\u0433(\u0410)-FRLS-1(\u0431\u0435\u043b) 1\u044570","amount":"0,095","amount_parts":"","unit":"\u043a\u043c","city":"\u041c\u043e\u0441\u043a\u0432\u0430","company_id":"28626","company_name":"\u041e\u041e\u041e \u0422\u0414 \u042d\u043d\u0435\u0440\u0433\u043e\u0410\u043b\u044c\u044f\u043d\u0441"}],"performedDatetime":"2018-11-09T06:47:49Z","authStatus":"0","accessDateEnd":""}
=====

select s.id, s.comp_id, s.title, s.quant, s.unit_id, s.comments, s.city from
		sklad_tovar s where visible=1 and (title like 'ВВГнг(А)-FRLS%' or title like '% ВВГнг(А)-FRLS%' or title like '%ВВГнг-FRLS%' or title like '%ВВГнг(A)-FRLS%') and (title like '1х70%' or title like '% 1х70%' or title like '%1x70%') order by  s.title LIMIT 0, 20
q2: select count(id) from sklad_tovar s where visible=1 and (title like 'ВВГнг(А)-FRLS%' or title like '% ВВГнг(А)-FRLS%' or title like '%ВВГнг-FRLS%' or title like '%ВВГнг(A)-FRLS%') and (title like '1х70%' or title like '% 1х70%' or title like '%1x70%')
 auth: 100 
=====
Query:
performedDatetime: 2018-11-09 06:48:19  0000
action: get_company_data
sklad_user: Гость
appleId: 33CB9993-3F99-4219-9145-D00AD8053D3A
sklad_hash: 598193b271700a8b883b57be3cbf7b36
company_id: 28626

=====
Response:
{"action":"get_company_data","code":0,"data":{"company_id":28626,"title":"\u041e\u041e\u041e \u0422\u0414 \u042d\u043d\u0435\u0440\u0433\u043e\u0410\u043b\u044c\u044f\u043d\u0441","city":"\u0421\u0430\u043d\u043a\u0442-\u041f\u0435\u0442\u0435\u0440\u0431\u0443\u0440\u0433","address":"196084, \u0433. \u0421\u0430\u043d\u043a\u0442-\u041f\u0435\u0442\u0435\u0440\u0431\u0443\u0440\u0433, \u0443\u043b. \u0417\u0430\u0441\u0442\u0430\u0432\u0441\u043a\u0430\u044f, \u0434. 31, \u043a\u043e\u0440\u043f.2","phone":"89817759000","email":"info@rosenergoaliance.ru","url":"http:\/\/rosenergoaliance.ru\/","contact":"\u0421\u043e\u043a\u043e\u043b\u043e\u0432 \u042e\u0440\u0438\u0439 \u0412\u0430\u0441\u0438\u043b\u044c\u0435\u0432\u0438\u0447","goods_count":"4041","last_update":"24.10.2018"},"performedDatetime":"2018-11-09T06:48:24Z","authStatus":"0","accessDateEnd":""}
=====

select distinct city from sklad_tovar where comp_id= and city!='' order by city
q2: 
 auth: 100 
=====
