Query:
sklad_user: Polaris
sklad_hash: 5d03f45fbb0de24c752a9935d700c006
appleId: ffffffff-f9eb-9ebd-ffff-ffffea255223
action: check_user_rights

=====
Response:
{"action":"check_user_rights","code":0,"performedDatetime":"2018-02-07T10:15:12Z","authStatus":"10"}
=====


q2: 
 auth: 0 
=====
Query:
sklad_user: Гость
sklad_hash: ffffffff-f9eb-9ebd-ffff-ffffea255223
appleId: ffffffff-f9eb-9ebd-ffff-ffffea255223
action: check_user_rights

=====
Response:
{"action":"check_user_rights","code":0,"performedDatetime":"2018-02-07T10:15:13Z","authStatus":"0","accessDateEnd":""}
=====


q2: 
 auth: 100 
=====
Query:
sklad_user:  
sklad_hash:  
appleId: ffffffff-f9eb-9ebd-ffff-ffffea255223
action: get_text

=====
Response:
{"action":"get_text","code":0,"data":null,"data_url":null,"performedDatetime":"2018-02-07T10:15:13Z","authStatus":"10"}
=====


q2: 
 auth: 0 
=====
Query:
sklad_user: Гость
sklad_hash: ffffffff-f9eb-9ebd-ffff-ffffea255223
appleId: ffffffff-f9eb-9ebd-ffff-ffffea255223
cityFilter: 
sort: 0
resultsFrom: 0
action: get_goods_data
searchTerm: асввг

=====
Response:
{"action":"get_goods_data","searchTerm":"\u0430\u0441\u0432\u0432\u0433","resultsFrom":0,"code":0,"resultsCount":null,"data":[],"performedDatetime":"2018-02-07T10:15:22Z","authStatus":"0","accessDateEnd":""}
=====

select s.id, s.comp_id, s.title, s.quant, s.unit_id, s.comments, s.city from
		sklad_tovar s where visible=1 and (title like 'асввг%' or title like '% асввг%') order by  s.title LIMIT 0, 20
q2: select count(id) from sklad_tovar s where visible=1 and (title like 'асввг%' or title like '% асввг%')
 auth: 100 
=====
Query:
sklad_user: Гость
sklad_hash: ffffffff-f9eb-9ebd-ffff-ffffea255223
appleId: ffffffff-f9eb-9ebd-ffff-ffffea255223
cityFilter: 
sort: 0
resultsFrom: 0
action: get_goods_data
searchTerm: асввгнг

=====
Response:
{"action":"get_goods_data","searchTerm":"\u0430\u0441\u0432\u0432\u0433\u043d\u0433","resultsFrom":0,"code":0,"resultsCount":null,"data":[],"performedDatetime":"2018-02-07T10:15:29Z","authStatus":"0","accessDateEnd":""}
=====

select s.id, s.comp_id, s.title, s.quant, s.unit_id, s.comments, s.city from
		sklad_tovar s where visible=1 and (title like 'асввгнг%' or title like '% асввгнг%') order by  s.title LIMIT 0, 20
q2: select count(id) from sklad_tovar s where visible=1 and (title like 'асввгнг%' or title like '% асввгнг%')
 auth: 100 
=====
Query:
sklad_user: Гость
sklad_hash: ffffffff-f9eb-9ebd-ffff-ffffea255223
appleId: ffffffff-f9eb-9ebd-ffff-ffffea255223
cityFilter: 
sort: 0
resultsFrom: 0
action: get_goods_data
searchTerm: ввгнг

=====
Response:
{"action":"get_goods_data","searchTerm":"\u0432\u0432\u0433\u043d\u0433","resultsFrom":0,"code":0,"resultsCount":null,"data":[],"performedDatetime":"2018-02-07T10:15:36Z","authStatus":"0","accessDateEnd":""}
=====

select s.id, s.comp_id, s.title, s.quant, s.unit_id, s.comments, s.city from
		sklad_tovar s where visible=1 and (title like 'ввгнг%' or title like '% ввгнг%') order by  s.title LIMIT 0, 20
q2: select count(id) from sklad_tovar s where visible=1 and (title like 'ввгнг%' or title like '% ввгнг%')
 auth: 100 
=====
Query:
sklad_user: Гость
sklad_hash: 00000000-2b56-1085-ffff-ffffe3cd63b0
appleId: 00000000-2b56-1085-ffff-ffffe3cd63b0
action: check_user_rights

=====
Response:
{"action":"check_user_rights","code":0,"performedDatetime":"2018-02-07T18:06:12Z","authStatus":"0","accessDateEnd":""}
=====


q2: 
 auth: 100 
=====
Query:
sklad_user:  
sklad_hash:  
appleId: 00000000-2b56-1085-ffff-ffffe3cd63b0
action: get_text

=====
Response:
{"action":"get_text","code":0,"data":null,"data_url":null,"performedDatetime":"2018-02-07T18:06:13Z","authStatus":"10"}
=====


q2: 
 auth: 0 
=====
Query:
action: get_text

=====
Response:
{"action":"get_text","code":0,"data":null,"data_url":null,"performedDatetime":"2018-02-07T18:39:51Z","authStatus":"10"}
=====


q2: 
 auth: 0 
=====
