Query:
action: get_text

=====
Response:
{"action":"get_text","code":0,"data":null,"data_url":null,"performedDatetime":"2018-01-30T13:49:52Z","authStatus":"10"}
=====


q2: 
 auth: 0 
=====
Query:
sklad_user: Гость
sklad_hash: ffffffff-f179-dec2-588f-c44e5415adb5
appleId: ffffffff-f179-dec2-588f-c44e5415adb5
action: check_user_rights

=====
Response:
{"action":"check_user_rights","code":0,"performedDatetime":"2018-01-30T18:44:31Z","authStatus":"0","accessDateEnd":""}
=====


q2: 
 auth: 100 
=====
Query:
sklad_user:  
sklad_hash:  
appleId: ffffffff-f179-dec2-588f-c44e5415adb5
action: get_text

=====
Response:
{"action":"get_text","code":0,"data":null,"data_url":null,"performedDatetime":"2018-01-30T18:44:32Z","authStatus":"10"}
=====


q2: 
 auth: 0 
=====
