Query:
performedDatetime: 2018-01-26 08:25:10  0000
action: get_text

=====
Response:
{"action":"get_text","code":0,"data":null,"data_url":null,"performedDatetime":"2018-01-26T08:25:11Z","authStatus":"10"}
=====


q2: 
 auth: 0 
=====
Query:
performedDatetime: 2018-01-26 08:25:18  0000
action: check_user_rights
sklad_user: 
appleId: E73BC48D-2C2D-4181-83BB-F180763D5EB0
sklad_hash: 0d83e89188b3d4e9c2f705cab740d557

=====
Response:
{"action":"check_user_rights","code":0,"performedDatetime":"2018-01-26T08:25:19Z","authStatus":"10"}
=====


q2: 
 auth: 0 
=====
Query:
performedDatetime: 2018-01-26 08:25:22  0000
action: get_text

=====
Response:
{"action":"get_text","code":0,"data":null,"data_url":null,"performedDatetime":"2018-01-26T08:25:22Z","authStatus":"10"}
=====


q2: 
 auth: 0 
=====
Query:
performedDatetime: 2018-01-26 17:23:21  0000
action: get_text

=====
Response:
{"action":"get_text","code":0,"data":null,"data_url":null,"performedDatetime":"2018-01-26T17:23:22Z","authStatus":"10"}
=====


q2: 
 auth: 0 
=====
Query:
performedDatetime: 2018-01-26 19:36:22  0000
action: get_text

=====
Response:
{"action":"get_text","code":0,"data":null,"data_url":null,"performedDatetime":"2018-01-26T19:36:23Z","authStatus":"10"}
=====


q2: 
 auth: 0 
=====
