Query:
action: get_text

=====
Response:
{"action":"get_text","code":0,"data":null,"data_url":null,"performedDatetime":"2018-02-05T14:40:40Z","authStatus":"10"}
=====


q2: 
 auth: 0 
=====
Query:
action: get_text

=====
Response:
{"action":"get_text","code":0,"data":null,"data_url":null,"performedDatetime":"2018-02-05T15:07:24Z","authStatus":"10"}
=====


q2: 
 auth: 0 
=====
Query:
action: get_text

=====
Response:
{"action":"get_text","code":0,"data":null,"data_url":null,"performedDatetime":"2018-02-05T15:11:49Z","authStatus":"10"}
=====


q2: 
 auth: 0 
=====
Query:
action: get_text

=====
Response:
{"action":"get_text","code":0,"data":null,"data_url":null,"performedDatetime":"2018-02-05T15:13:14Z","authStatus":"10"}
=====


q2: 
 auth: 0 
=====
Query:
action: get_text

=====
Response:
{"action":"get_text","code":0,"data":null,"data_url":null,"performedDatetime":"2018-02-05T15:13:59Z","authStatus":"10"}
=====


q2: 
 auth: 0 
=====
