Query:
performedDatetime: 2018-02-08 10:46:57  0000
action: get_text

=====
Response:
{"action":"get_text","code":0,"data":null,"data_url":null,"performedDatetime":"2018-02-08T10:46:58Z","authStatus":"10"}
=====


q2: 
 auth: 0 
=====
Query:
performedDatetime: 2018-02-08 10:47:02  0000
action: get_text

=====
Response:
{"action":"get_text","code":0,"data":null,"data_url":null,"performedDatetime":"2018-02-08T10:47:03Z","authStatus":"10"}
=====


q2: 
 auth: 0 
=====
Query:
performedDatetime: 2018-02-08 10:47:08  0000
action: get_text

=====
Response:
{"action":"get_text","code":0,"data":null,"data_url":null,"performedDatetime":"2018-02-08T10:47:09Z","authStatus":"10"}
=====


q2: 
 auth: 0 
=====
Query:
performedDatetime: 2018-02-08 10:47:11  0000
action: get_text

=====
Response:
{"action":"get_text","code":0,"data":null,"data_url":null,"performedDatetime":"2018-02-08T10:47:11Z","authStatus":"10"}
=====


q2: 
 auth: 0 
=====
Query:
performedDatetime: 2018-02-08 10:48:54  0000
action: get_text

=====
Response:
{"action":"get_text","code":0,"data":null,"data_url":null,"performedDatetime":"2018-02-08T10:48:54Z","authStatus":"10"}
=====


q2: 
 auth: 0 
=====
Query:
action: get_text

=====
Response:
{"action":"get_text","code":0,"data":null,"data_url":null,"performedDatetime":"2018-02-08T14:42:50Z","authStatus":"10"}
=====


q2: 
 auth: 0 
=====
