Query:
performedDatetime: 2018-01-24 05:38:19  0000
action: get_text

=====
Response:
{"action":"get_text","code":0,"data":null,"data_url":null,"performedDatetime":"2018-01-24T05:38:21Z","authStatus":"10"}
=====


q2: 
 auth: 0 
=====
Query:
performedDatetime: 2018-01-24 05:38:25  0000
action: get_text

=====
Response:
{"action":"get_text","code":0,"data":null,"data_url":null,"performedDatetime":"2018-01-24T05:38:25Z","authStatus":"10"}
=====


q2: 
 auth: 0 
=====
Query:
performedDatetime: 2018-01-24 06:04:57  0000
action: get_text

=====
Response:
{"action":"get_text","code":0,"data":null,"data_url":null,"performedDatetime":"2018-01-24T06:04:57Z","authStatus":"10"}
=====


q2: 
 auth: 0 
=====
Query:
performedDatetime: 2018-01-24 06:11:06  0000
action: get_text

=====
Response:
{"action":"get_text","code":0,"data":null,"data_url":null,"performedDatetime":"2018-01-24T06:11:08Z","authStatus":"10"}
=====


q2: 
 auth: 0 
=====
Query:
performedDatetime: 2018-01-24 06:11:12  0000
action: get_text

=====
Response:
{"action":"get_text","code":0,"data":null,"data_url":null,"performedDatetime":"2018-01-24T06:11:14Z","authStatus":"10"}
=====


q2: 
 auth: 0 
=====
Query:
performedDatetime: 2018-01-24 06:11:27  0000
action: get_text

=====
Response:
{"action":"get_text","code":0,"data":null,"data_url":null,"performedDatetime":"2018-01-24T06:11:28Z","authStatus":"10"}
=====


q2: 
 auth: 0 
=====
