Query:
performedDatetime: 2018-11-11 19:21:32  0000
action: check_user_rights
sklad_user: Dfdcegzfvccaxwgvaq
appleId: 8AC2FED5-6ABF-474B-8515-4776139CAF8E
sklad_hash: 84787833a6de9c24de69d04ffd223510

=====
Response:
{"action":"check_user_rights","code":0,"performedDatetime":"2018-11-11T19:21:33Z","authStatus":"10"}
=====


q2: 
 auth: 0 
=====
Query:
performedDatetime: 2018-11-11 19:21:52  0000
action: check_user_rights
sklad_user: D
appleId: 8AC2FED5-6ABF-474B-8515-4776139CAF8E
sklad_hash: 222698d86d4663ab7d8745357f3f77ab

=====
Response:
{"action":"check_user_rights","code":0,"performedDatetime":"2018-11-11T19:21:52Z","authStatus":"10"}
=====


q2: 
 auth: 0 
=====
