Query:
action: get_text

=====
Response:
{"action":"get_text","code":0,"data":null,"data_url":null,"performedDatetime":"2018-02-04T04:46:11Z","authStatus":"10"}
=====


q2: 
 auth: 0 
=====
Query:
performedDatetime: 2018-02-04 11:37:16  0000
action: get_text

=====
Response:
{"action":"get_text","code":0,"data":null,"data_url":null,"performedDatetime":"2018-02-04T11:37:18Z","authStatus":"10"}
=====


q2: 
 auth: 0 
=====
Query:
performedDatetime: 2018-02-04 11:37:22  0000
action: get_text

=====
Response:
{"action":"get_text","code":0,"data":null,"data_url":null,"performedDatetime":"2018-02-04T11:37:23Z","authStatus":"10"}
=====


q2: 
 auth: 0 
=====
Query:
action: get_text

=====
Response:
{"action":"get_text","code":0,"data":null,"data_url":null,"performedDatetime":"2018-02-04T11:39:53Z","authStatus":"10"}
=====


q2: 
 auth: 0 
=====
